TABLE 3.6.1 WBSS HERRING. CATCH IN NUMBER

Units  :  thousands 
   year
age   1991   1992   1993   1994    1995   1996   1997   1998   1999   2000
  0 118958 145090 206102 263202  541302 171144 376795 549774 569599 152581
  1 825969 456707 530707 249398 1660683 638877 668616 623072 616124 934545
  2 541246 602624 495950 364980  438136 400585 289336 430903 334339 496396
  3 564430 364864 415108 382650  226810 199681 276919 182860 246212 186615
  4 279767 333993 260950 267033  194870 144155  75283 146685  90259 128625
  5 177486 183200 210497 168142   84123 130086  43119  45322  55919  71727
  6  46487 139835 102768 118416   60096  65274  39916  23759  15481  38262
  7  13241  52660  63922  49504   32878  30705  21211  15400   9478  13777
  8   4933  22574  24535  33088   20459  25111  24134  14112   6084  10689
   year
age   2001   2002   2003   2004   2005   2006   2007   2008   2009   2010
  0 756285 150271  53489 243554 106906   7946  10721   9610  20734  12394
  1 523163 659130 126876 457754 305171 148909 172044 149436 181083  75083
  2 488816 281840 264855 197812 319225 187674 184735 136988 243007 136419
  3 257837 321311 161251 164766 177833 233214 143904 135753 101330  82970
  4 108097 172285 189432  93214 130394 150654 126861  92305  69937  46833
  5  68376  57160 103648  91242  60639  98751  64996  89436  48091  29979
  6  39092  38532  29117  48957  65695  42459  30199  45930  39750  18589
  7  18307  13842  17452  14876  31231  32418  21256  17216  20907  10996
  8   6687   8329   8819  11013  12620  17312  14759  17410  12529  11262


TABLE 3.6.2 WBSS HERRING. WEIGHTS AT AGE IN THE CATCH

Units  :  kg 
   year
age   1991   1992   1993   1994   1995   1996   1997   1998   1999   2000
  0 0.0296 0.0152 0.0154 0.0146 0.0101 0.0106 0.0296 0.0143 0.0111 0.0211
  1 0.0348 0.0345 0.0254 0.0370 0.0209 0.0246 0.0275 0.0333 0.0343 0.0255
  2 0.0669 0.0673 0.0680 0.0833 0.0684 0.0809 0.0684 0.0663 0.0658 0.0578
  3 0.0949 0.0944 0.1020 0.1032 0.0984 0.0970 0.1181 0.0942 0.0981 0.0950
  4 0.1234 0.1163 0.1143 0.1221 0.1235 0.1125 0.1342 0.1178 0.1164 0.1301
  5 0.1390 0.1417 0.1361 0.1411 0.1520 0.1328 0.1620 0.1367 0.1471 0.1428
  6 0.1556 0.1651 0.1679 0.1565 0.1704 0.1369 0.1817 0.1663 0.1566 0.1463
  7 0.1709 0.1758 0.1823 0.1705 0.2063 0.1542 0.1967 0.1652 0.1538 0.1583
  8 0.1826 0.1915 0.1989 0.1860 0.2170 0.1910 0.2087 0.1870 0.1576 0.1591
   year
age   2001   2002   2003    2004   2005   2006   2007   2008   2009    2010
  0 0.0123 0.0105 0.0132 0.00618 0.0140 0.0170 0.0139 0.0178 0.0126 0.00928
  1 0.0243 0.0213 0.0315 0.02754 0.0272 0.0360 0.0506 0.0647 0.0479 0.04619
  2 0.0593 0.0700 0.0671 0.06419 0.0721 0.0728 0.0709 0.0788 0.0711 0.07688
  3 0.0862 0.0968 0.0907 0.10017 0.0938 0.0982 0.0854 0.0960 0.1032 0.10873
  4 0.1089 0.1196 0.1079 0.10596 0.1106 0.1153 0.1141 0.1153 0.1390 0.13535
  5 0.1567 0.1400 0.1223 0.13139 0.1228 0.1535 0.1288 0.1404 0.1534 0.16464
  6 0.1560 0.1876 0.1319 0.15228 0.1493 0.1581 0.1564 0.1481 0.1709 0.18078
  7 0.1556 0.1814 0.1603 0.16768 0.1619 0.1865 0.1673 0.1667 0.1924 0.19751
  8 0.1713 0.1717 0.1625 0.15295 0.1736 0.1848 0.1903 0.1704 0.2146 0.20551


TABLE 3.6.3 WBSS HERRING. WEIGHTS AT AGE IN THE STOCK

Units  :  kg 
   year
age   1991   1992   1993   1994   1995   1996   1997   1998   1999   2000
  0 0.0001 0.0001 0.0001 0.0001 0.0001 0.0001 0.0001 0.0001 0.0001 0.0001
  1 0.0308 0.0203 0.0156 0.0186 0.0131 0.0181 0.0131 0.0221 0.0211 0.0140
  2 0.0528 0.0451 0.0402 0.0529 0.0459 0.0546 0.0515 0.0558 0.0567 0.0431
  3 0.0787 0.0818 0.0967 0.0836 0.0708 0.0905 0.1063 0.0829 0.0871 0.0837
  4 0.1041 0.1075 0.1079 0.1077 0.1327 0.1170 0.1333 0.1128 0.1081 0.1250
  5 0.1245 0.1313 0.1409 0.1392 0.1674 0.1197 0.1662 0.1338 0.1480 0.1436
  6 0.1449 0.1593 0.1671 0.1566 0.1892 0.1538 0.1943 0.1678 0.1601 0.1629
  7 0.1594 0.1710 0.1827 0.1768 0.2097 0.1467 0.2089 0.1683 0.1439 0.1650
  8 0.1640 0.1869 0.1891 0.2028 0.2338 0.1280 0.2263 0.1843 0.1504 0.1831
   year
age   2001   2002   2003   2004   2005   2006   2007   2008   2009   2010
  0 0.0001 0.0001 0.0001 0.0001 0.0001 0.0001 0.0001 0.0001 0.0001 0.0001
  1 0.0169 0.0164 0.0144 0.0131 0.0126 0.0185 0.0150 0.0180 0.0230 0.0140
  2 0.0509 0.0637 0.0445 0.0456 0.0514 0.0621 0.0550 0.0680 0.0520 0.0626
  3 0.0783 0.0905 0.0793 0.0811 0.0800 0.0953 0.0800 0.0860 0.0900 0.0974
  4 0.1159 0.1239 0.1051 0.1092 0.1066 0.1174 0.1140 0.1100 0.1300 0.1283
  5 0.1690 0.1736 0.1268 0.1440 0.1322 0.1659 0.1430 0.1390 0.1560 0.1618
  6 0.1763 0.1983 0.1506 0.1628 0.1573 0.1710 0.1710 0.1430 0.1740 0.1813
  7 0.1681 0.1980 0.1729 0.1932 0.1677 0.1858 0.1750 0.1410 0.1850 0.2023
  8 0.1805 0.2036 0.1847 0.2076 0.1820 0.1871 0.1880 0.1580 0.1990 0.2045


TABLE 3.6.4 WBSS HERRING. NATURAL MORTALITY

Units  :  NA 
   year
age 1991 1992 1993 1994 1995 1996 1997 1998 1999 2000 2001 2002 2003 2004 2005
  0  0.3  0.3  0.3  0.3  0.3  0.3  0.3  0.3  0.3  0.3  0.3  0.3  0.3  0.3  0.3
  1  0.5  0.5  0.5  0.5  0.5  0.5  0.5  0.5  0.5  0.5  0.5  0.5  0.5  0.5  0.5
  2  0.2  0.2  0.2  0.2  0.2  0.2  0.2  0.2  0.2  0.2  0.2  0.2  0.2  0.2  0.2
  3  0.2  0.2  0.2  0.2  0.2  0.2  0.2  0.2  0.2  0.2  0.2  0.2  0.2  0.2  0.2
  4  0.2  0.2  0.2  0.2  0.2  0.2  0.2  0.2  0.2  0.2  0.2  0.2  0.2  0.2  0.2
  5  0.2  0.2  0.2  0.2  0.2  0.2  0.2  0.2  0.2  0.2  0.2  0.2  0.2  0.2  0.2
  6  0.2  0.2  0.2  0.2  0.2  0.2  0.2  0.2  0.2  0.2  0.2  0.2  0.2  0.2  0.2
  7  0.2  0.2  0.2  0.2  0.2  0.2  0.2  0.2  0.2  0.2  0.2  0.2  0.2  0.2  0.2
  8  0.2  0.2  0.2  0.2  0.2  0.2  0.2  0.2  0.2  0.2  0.2  0.2  0.2  0.2  0.2
   year
age 2006 2007 2008 2009 2010
  0  0.3  0.3  0.3  0.3  0.3
  1  0.5  0.5  0.5  0.5  0.5
  2  0.2  0.2  0.2  0.2  0.2
  3  0.2  0.2  0.2  0.2  0.2
  4  0.2  0.2  0.2  0.2  0.2
  5  0.2  0.2  0.2  0.2  0.2
  6  0.2  0.2  0.2  0.2  0.2
  7  0.2  0.2  0.2  0.2  0.2
  8  0.2  0.2  0.2  0.2  0.2


TABLE 3.6.5 WBSS HERRING. PROPORTION MATURE

Units  :  NA 
   year
age 1991 1992 1993 1994 1995 1996 1997 1998 1999 2000 2001 2002 2003 2004 2005
  0 0.00 0.00 0.00 0.00 0.00 0.00 0.00 0.00 0.00 0.00 0.00 0.00 0.00 0.00 0.00
  1 0.00 0.00 0.00 0.00 0.00 0.00 0.00 0.00 0.00 0.00 0.00 0.00 0.00 0.00 0.00
  2 0.20 0.20 0.20 0.20 0.20 0.20 0.20 0.20 0.20 0.20 0.20 0.20 0.20 0.20 0.20
  3 0.75 0.75 0.75 0.75 0.75 0.75 0.75 0.75 0.75 0.75 0.75 0.75 0.75 0.75 0.75
  4 0.90 0.90 0.90 0.90 0.90 0.90 0.90 0.90 0.90 0.90 0.90 0.90 0.90 0.90 0.90
  5 1.00 1.00 1.00 1.00 1.00 1.00 1.00 1.00 1.00 1.00 1.00 1.00 1.00 1.00 1.00
  6 1.00 1.00 1.00 1.00 1.00 1.00 1.00 1.00 1.00 1.00 1.00 1.00 1.00 1.00 1.00
  7 1.00 1.00 1.00 1.00 1.00 1.00 1.00 1.00 1.00 1.00 1.00 1.00 1.00 1.00 1.00
  8 1.00 1.00 1.00 1.00 1.00 1.00 1.00 1.00 1.00 1.00 1.00 1.00 1.00 1.00 1.00
   year
age 2006 2007 2008 2009 2010
  0 0.00 0.00 0.00 0.00 0.00
  1 0.00 0.00 0.00 0.00 0.00
  2 0.20 0.20 0.20 0.20 0.20
  3 0.75 0.75 0.75 0.75 0.75
  4 0.90 0.90 0.90 0.90 0.90
  5 1.00 1.00 1.00 1.00 1.00
  6 1.00 1.00 1.00 1.00 1.00
  7 1.00 1.00 1.00 1.00 1.00
  8 1.00 1.00 1.00 1.00 1.00


TABLE 3.6.6 WBSS HERRING. FRACTION OF HARVEST BEFORE SPAWNING

Units  :  NA 
   year
age 1991 1992 1993 1994 1995 1996 1997 1998 1999 2000 2001 2002 2003 2004 2005
  0  0.1  0.1  0.1  0.1  0.1  0.1  0.1  0.1  0.1  0.1  0.1  0.1  0.1  0.1  0.1
  1  0.1  0.1  0.1  0.1  0.1  0.1  0.1  0.1  0.1  0.1  0.1  0.1  0.1  0.1  0.1
  2  0.1  0.1  0.1  0.1  0.1  0.1  0.1  0.1  0.1  0.1  0.1  0.1  0.1  0.1  0.1
  3  0.1  0.1  0.1  0.1  0.1  0.1  0.1  0.1  0.1  0.1  0.1  0.1  0.1  0.1  0.1
  4  0.1  0.1  0.1  0.1  0.1  0.1  0.1  0.1  0.1  0.1  0.1  0.1  0.1  0.1  0.1
  5  0.1  0.1  0.1  0.1  0.1  0.1  0.1  0.1  0.1  0.1  0.1  0.1  0.1  0.1  0.1
  6  0.1  0.1  0.1  0.1  0.1  0.1  0.1  0.1  0.1  0.1  0.1  0.1  0.1  0.1  0.1
  7  0.1  0.1  0.1  0.1  0.1  0.1  0.1  0.1  0.1  0.1  0.1  0.1  0.1  0.1  0.1
  8  0.1  0.1  0.1  0.1  0.1  0.1  0.1  0.1  0.1  0.1  0.1  0.1  0.1  0.1  0.1
   year
age 2006 2007 2008 2009 2010
  0  0.1  0.1  0.1  0.1  0.1
  1  0.1  0.1  0.1  0.1  0.1
  2  0.1  0.1  0.1  0.1  0.1
  3  0.1  0.1  0.1  0.1  0.1
  4  0.1  0.1  0.1  0.1  0.1
  5  0.1  0.1  0.1  0.1  0.1
  6  0.1  0.1  0.1  0.1  0.1
  7  0.1  0.1  0.1  0.1  0.1
  8  0.1  0.1  0.1  0.1  0.1


TABLE 3.6.7 WBSS HERRING. FRACTION OF NATURAL MORTALITY BEFORE SPAWNING

Units  :  NA 
   year
age 1991 1992 1993 1994 1995 1996 1997 1998 1999 2000 2001 2002 2003 2004 2005
  0 0.25 0.25 0.25 0.25 0.25 0.25 0.25 0.25 0.25 0.25 0.25 0.25 0.25 0.25 0.25
  1 0.25 0.25 0.25 0.25 0.25 0.25 0.25 0.25 0.25 0.25 0.25 0.25 0.25 0.25 0.25
  2 0.25 0.25 0.25 0.25 0.25 0.25 0.25 0.25 0.25 0.25 0.25 0.25 0.25 0.25 0.25
  3 0.25 0.25 0.25 0.25 0.25 0.25 0.25 0.25 0.25 0.25 0.25 0.25 0.25 0.25 0.25
  4 0.25 0.25 0.25 0.25 0.25 0.25 0.25 0.25 0.25 0.25 0.25 0.25 0.25 0.25 0.25
  5 0.25 0.25 0.25 0.25 0.25 0.25 0.25 0.25 0.25 0.25 0.25 0.25 0.25 0.25 0.25
  6 0.25 0.25 0.25 0.25 0.25 0.25 0.25 0.25 0.25 0.25 0.25 0.25 0.25 0.25 0.25
  7 0.25 0.25 0.25 0.25 0.25 0.25 0.25 0.25 0.25 0.25 0.25 0.25 0.25 0.25 0.25
  8 0.25 0.25 0.25 0.25 0.25 0.25 0.25 0.25 0.25 0.25 0.25 0.25 0.25 0.25 0.25
   year
age 2006 2007 2008 2009 2010
  0 0.25 0.25 0.25 0.25 0.25
  1 0.25 0.25 0.25 0.25 0.25
  2 0.25 0.25 0.25 0.25 0.25
  3 0.25 0.25 0.25 0.25 0.25
  4 0.25 0.25 0.25 0.25 0.25
  5 0.25 0.25 0.25 0.25 0.25
  6 0.25 0.25 0.25 0.25 0.25
  7 0.25 0.25 0.25 0.25 0.25
  8 0.25 0.25 0.25 0.25 0.25


TABLE 3.6.8 WBSS HERRING. SURVEY INDICES

HERAS 3-6 wr - Configuration

""
      min       max plusgroup   minyear   maxyear    startf      endf 
     3.00      6.00        NA   1993.00   2010.00      0.58      0.67 
Index type : number

HERAS 3-6 wr - Index Values

Units  :  NA 
   year
age       1993      1994       1995      1996      1997      1998 1999
  3 1274000000 935000000 1022000000 247000000 787000000 901000000   NA
  4  598000000 501000000 1270000000 141000000 166000000 282000000   NA
  5  434000000 239000000  255000000 119000000  67000000 111000000   NA
  6  154000000 186000000  174000000  37000000  69000000  51000000   NA
   year
age      2000      2001       2002      2003      2004      2005       2006
  3 673600000 452300000 1392800000 394600000 726000000 463500000 1780400000
  4 363900000 153100000  524300000 323400000 306900000 201300000  490000000
  5 185700000  96400000   87500000 103400000 183700000 102500000  180400000
  6  55600000  37600000   39500000  25200000  72100000  83600000   27000000
   year
age      2007      2008      2009      2010
  3 933000000 843000000 205000000 254000000
  4 499000000 333000000 161000000 115000000
  5 154000000 274000000  82000000  65000000
  6  34000000 176000000  86000000  24000000

HERAS 3-6 wr - Index Variance (Inverse Weights) 

Units  :  NA 
   year
age 1993 1994 1995 1996 1997 1998 1999 2000 2001 2002 2003 2004 2005 2006 2007
  3    1    1    1    1    1    1    1    1    1    1    1    1    1    1    1
  4    1    1    1    1    1    1    1    1    1    1    1    1    1    1    1
  5    1    1    1    1    1    1    1    1    1    1    1    1    1    1    1
  6    1    1    1    1    1    1    1    1    1    1    1    1    1    1    1
   year
age 2008 2009 2010
  3    1    1    1
  4    1    1    1
  5    1    1    1
  6    1    1    1

GerAS 1-3 wr - Configuration

""
      min       max plusgroup   minyear   maxyear    startf      endf 
     1.00      3.00        NA   1994.00   2010.00      0.77      0.83 
Index type : number

GerAS 1-3 wr - Index Values

Units  :  NA 
   year
age   1994    1995    1996    1997   1998    1999    2000 2001   2002    2003
  1 415730 1675340 1439460 1955400 801350 1338710 1429880   -1 837549 1238480
  2 883810  328610  590010  738180 678530  287240  453980   -1 421393  222530
  3 559720  357960  434090  394530 394070  232510  328960   -1 575356  217270
   year
age   2004   2005   2006   2007   2008   2009   2010
  1 968860 752980 940779 558511 392741 270949 534631
  2 592360 640060 226934 270649 190218 107693 328252
  3 346230 401070 279595 117403 166304  43550 214539

GerAS 1-3 wr - Index Variance (Inverse Weights) 

Units  :  NA 
   year
age 1994 1995 1996 1997 1998 1999 2000 2001 2002 2003 2004 2005 2006 2007 2008
  1    1    1    1    1    1    1    1    1    1    1    1    1    1    1    1
  2    1    1    1    1    1    1    1    1    1    1    1    1    1    1    1
  3    1    1    1    1    1    1    1    1    1    1    1    1    1    1    1
   year
age 2009 2010
  1    1    1
  2    1    1
  3    1    1

N20 - Configuration

""
      min       max plusgroup   minyear   maxyear    startf      endf 
      0.0       0.0        NA    1992.0    2010.0       0.3       0.5 
Index type : number

N20 - Index Values

Units  :  NA 
   year
age 1992 1993  1994 1995  1996 1997  1998  1999 2000 2001  2002 2003 2004 2005
  0 1060 3044 12515 7930 21012 4872 16743 20364 3026 4845 11324 5507 5640 3887
   year
age 2006 2007 2008 2009 2010
  0 3774 1829 1622 6464 7037

N20 - Index Variance (Inverse Weights) 

Units  :  NA 
   year
age 1992 1993 1994 1995 1996 1997 1998 1999 2000 2001 2002 2003 2004 2005 2006
  0    1    1    1    1    1    1    1    1    1    1    1    1    1    1    1
   year
age 2007 2008 2009 2010
  0    1    1    1    1


TABLE 3.6.9 WBSS HERRING. STOCK OBJECT CONFIGURATION

      min       max plusgroup   minyear   maxyear   minfbar   maxfbar 
        0         8         8      1991      2010         3         6 


TABLE 3.6.10 WBSS HERRING. FLICA CONFIGURATION SETTINGS

sep.2       : NA
sep.gradual : TRUE
sr          : FALSE
sr.age      : 0
lambda.age  : 0.1 1 1 1 1 1 1 1 0
lambda.yr   : 1 1 1 1 1
lambda.sr   : 0
index.model : linear linear linear
index.cor   : 1 1 1
sep.nyr     : 5
sep.age     : 4
sep.sel     : 1


TABLE 3.6.11 WBSS HERRING. FLR, R SOFTWARE VERSIONS

R version 2.8.1 (2008-12-22)

Package  : FLICA
Version  : 1.4-12
Packaged : 2009-10-08 15:16:26 UTC; mpa
Built    : R 2.9.1; ; 2009-10-08 15:16:27 UTC; windows

Package  : FLAssess
Version  : 1.99-102
Packaged : Mon Mar 23 08:18:19 2009; mpa
Built    : R 2.8.0; i386-pc-mingw32; 2009-03-23 08:18:21; windows

Package  : FLCore
Version  : 2.2
Packaged : Tue May 19 19:23:18 2009; Administrator
Built    : R 2.8.1; i386-pc-mingw32; 2009-05-19 19:23:22; windows


TABLE 3.6.12 WBSS HERRING. STOCK SUMMARY

Year Recruitment    TSB    SSB       Fbar Landings Landings
           Age 0               (Ages 3-6)               SOP
                                        f   tonnes         
1991     5005254 619279 312781      0.354   191573    1.000
1992     3657701 544806 324833      0.473   194411    1.000
1993     3111391 465688 296797      0.540   185010    1.000
1994     6182674 378759 232727      0.691   172438    1.000
1995     4049469 318713 183103      0.510   150831    1.000
1996     4495747 273998 134929      0.697   121266    1.000
1997     3991414 276391 151176      0.507   115588    1.000
1998     5616794 273528 121877      0.489   107032    1.000
1999     6456352 291077 129160      0.371    97240    1.000
2000     3413408 296613 142865      0.464   109914    1.000
2001     4447839 321408 164309      0.450   105803    1.000
2002     2928158 353306 204013      0.402   106191    1.000
2003     3829155 266821 163778      0.392    78309    1.000
2004     2585157 277894 167548      0.342    76815    1.000
2005     2005526 275963 164455      0.396    88406    1.000
2006     1507350 290630 182146      0.458    90549    1.000
2007     1491301 214473 138392      0.442    68997    0.988
2008     1407326 187923 113333      0.495    68484    1.015
2009     2044847 166722  98658      0.557    67262    1.000
2010     3868054 149070  85280      0.334    42214    1.000


TABLE 3.6.13 WBSS HERRING. ESTIMATED FISHING MORTALITY

Units  :  f 
   year
age   1991   1992   1993   1994  1995  1996  1997  1998  1999   2000  2001
  0 0.0279 0.0469 0.0796 0.0505 0.167 0.045 0.115 0.120 0.107 0.0531 0.218
  1 0.2589 0.1741 0.2979 0.1601 0.639 0.378 0.306 0.351 0.236 0.3186 0.320
  2 0.3192 0.3711 0.3510 0.4209 0.571 0.378 0.358 0.404 0.394 0.3679 0.333
  3 0.4216 0.3701 0.4739 0.5030 0.505 0.561 0.490 0.404 0.426 0.3997 0.332
  4 0.3938 0.4759 0.4951 0.6443 0.522 0.711 0.426 0.526 0.357 0.4137 0.427
  5 0.3686 0.4868 0.6310 0.6983 0.430 0.812 0.477 0.495 0.390 0.5358 0.405
  6 0.2318 0.5579 0.5607 0.9200 0.583 0.706 0.635 0.530 0.312 0.5079 0.637
  7 0.4038 0.4457 0.5399 0.5838 0.720 0.680 0.525 0.543 0.417 0.5047 0.489
  8 0.4038 0.4457 0.5399 0.5838 0.720 0.680 0.525 0.543 0.417 0.5047 0.489
   year
age   2002   2003  2004   2005    2006    2007    2008    2009    2010
  0 0.0611 0.0163 0.115 0.0636 0.00721 0.00696 0.00779 0.00877 0.00525
  1 0.3729 0.0820 0.231 0.2547 0.15885 0.15341 0.17161 0.19324 0.11578
  2 0.3462 0.3047 0.212 0.3023 0.37258 0.35983 0.40251 0.45324 0.27156
  3 0.3809 0.3412 0.316 0.2990 0.41940 0.40504 0.45309 0.51019 0.30568
  4 0.3867 0.4060 0.339 0.4429 0.43067 0.41593 0.46526 0.52391 0.31390
  5 0.4216 0.4258 0.349 0.3854 0.49738 0.48036 0.53733 0.60506 0.36252
  6 0.4204 0.3951 0.366 0.4576 0.48500 0.46840 0.52396 0.59000 0.35350
  7 0.4879 0.3417 0.360 0.4216 0.43067 0.41593 0.46526 0.52391 0.31390
  8 0.4879 0.3417 0.360 0.4216 0.43067 0.41593 0.46526 0.52391 0.31390


TABLE 3.6.14 WBSS HERRING. ESTIMATED POPULATION ABUNDANCE

Units  :  NA 
   year
age    1991    1992    1993    1994    1995    1996    1997    1998    1999
  0 5005254 3657701 3111391 6182674 4049469 4495747 3991414 5616794 6456352
  1 4552638 3606049 2585424 2128595 4354829 2537692 3183942 2634743 3691005
  2 2173642 2131475 1837701 1164098 1100105 1394377 1054391 1422289 1124726
  3 1797743 1293287 1204075 1059177  625677  508626  782022  603444  777819
  4  942050  965550  731278  613764  524386  309082  237713  392137  329977
  5  631294  520208  491187  364919  263837  254811  124349  127096  189697
  6  246991  357509  261748  213970  148619  140560   92665   63164   63451
  7   43683  160387  167545  122324   69812   67913   56798   40186   30439
  8   16275   68754   64308   81760   43442   55540   64625   36825   19539
   year
age    2000    2001    2002    2003    2004    2005    2006    2007    2008
  0 3413408 4447839 2928158 3829155 2585157 2005526 1507350 1491301 1407326
  1 4295865 2398052 2650043 2040574 2790860 1706886 1394205 1108652 1097119
  2 1768438 1894683 1056549 1107056 1140213 1343286  802531  721427  576796
  3  620797 1002193 1112105  611892  668336  755465  812868  452682  412157
  4  415977  340804  588893  622092  356135  399127  458676  437542  247188
  5  189109  225176  182067  327509  339354  207847  209850  244124  236333
  6  105124   90608  123006   97789  175172  195894  115743  104482  123633
  7   38037   51794   39239   66143   53933   99462  101488   58345   53550
  8   29511   18919   23611   33424   39927   40191   54197   47527   51237
   year
age    2009    2010
  0 2044847 3868054
  1 1034485 1501634
  2  560503  517195
  3  315759  291662
  4  214502  155211
  5  127089  104002
  6  113059   56816
  7   59941   51311
  8   33606   45883


TABLE 3.6.15 WBSS HERRING. SURVIVORS AFTER TERMINAL YEAR

Units  :  NA 
   year
age    2011
  0      NA
  1 2850509
  2  811212
  3  322745
  4  175899
  5   92841
  6   59257
  7   32666
  8   58137


TABLE 3.6.16 WBSS HERRING. FITTED SELECTION PATTERN

Units  :  NA 
   year
age   2006   2007   2008   2009   2010
  0 0.0167 0.0167 0.0167 0.0167 0.0167
  1 0.3688 0.3688 0.3688 0.3688 0.3688
  2 0.8651 0.8651 0.8651 0.8651 0.8651
  3 0.9738 0.9738 0.9738 0.9738 0.9738
  4 1.0000 1.0000 1.0000 1.0000 1.0000
  5 1.1549 1.1549 1.1549 1.1549 1.1549
  6 1.1261 1.1261 1.1261 1.1261 1.1261
  7 1.0000 1.0000 1.0000 1.0000 1.0000
  8 1.0000 1.0000 1.0000 1.0000 1.0000


TABLE 3.6.17 WBSS HERRING. PREDICTED CATCH IN NUMBERS

Units  :  NA 
   year
age   1991   1992   1993   1994    1995   1996   1997   1998   1999   2000
  0 118958 145090 206102 263202  541302 171144 376795 549774 569599 152581
  1 825969 456707 530707 249398 1660683 638877 668616 623072 616124 934545
  2 541246 602624 495950 364980  438136 400585 289336 430903 334339 496396
  3 564430 364864 415108 382650  226810 199681 276919 182860 246212 186615
  4 279767 333993 260950 267033  194870 144155  75283 146685  90259 128625
  5 177486 183200 210497 168142   84123 130086  43119  45322  55919  71727
  6  46487 139835 102768 118416   60096  65274  39916  23759  15481  38262
  7  13241  52660  63922  49504   32878  30705  21211  15400   9478  13777
  8   4933  22574  24535  33088   20459  25111  24134  14112   6084  10689
   year
age   2001   2002   2003   2004   2005   2006   2007   2008   2009   2010
  0 756285 150271  53489 243554 106906   9355   8940   9434  15427  17514
  1 523163 659130 126876 457754 305171 162207 124872 137116 144193 129813
  2 488816 281840 264855 197812 319225 227647 198782 174386 186531 111979
  3 257837 321311 161251 164766 177833 254135 137567 137125 115335  69978
  4 108097 172285 189432  93214 130394 146513 135874  83994  79971  38097
  5  68376  57160 103648  91242  60639  75150  85071  89836  52814  28836
  6  39092  38532  29117  48957  65695  40639  35692  46097  46115  15424
  7  18307  13842  17452  14876  31231  32418  18118  18196  22347  12595
  8   6687   8329   8819  11013  12620  17312  14759  17410  12529  11262


TABLE 3.6.18 WBSS HERRING. CATCH RESIDUALS

Units  :  thousands NA 
   year
age    2006    2007     2008    2009    2010
  0 -0.1633  0.1817  0.01853  0.2956 -0.3458
  1 -0.0855  0.3205  0.08604  0.2278 -0.5475
  2 -0.1931 -0.0733 -0.24138  0.2645  0.1974
  3 -0.0859  0.0450 -0.01006 -0.1295  0.1703
  4  0.0279 -0.0686  0.09436 -0.1341  0.2064
  5  0.2731 -0.2692 -0.00447 -0.0937  0.0389
  6  0.0438 -0.1671 -0.00362 -0.1485  0.1866
  7  0.0000  0.1597 -0.05536 -0.0666 -0.1357
  8  0.0000  0.0000  0.00000  0.0000  0.0000


TABLE 3.6.19 WBSS HERRING. PREDICTED INDEX VALUES

HERAS 3-6 wr

Units  :  NA NA 
   year
age       1993       1994      1995      1996      1997      1998 1999
  3 1191963785 1029585091 607357409 476925125 766254230 624177476   NA
  4  579573960  443139006 408752227 214108424 196701486 304812194   NA
  5  290936643  207243347 177224571 134823391  81076589  81975107   NA
  6  131447020   85839956  73594823  64454789  44411362  32335151   NA
   year
age      2000       2001       2002      2003      2004      2005      2006
  3 643707523 1084293121 1166758695 658081050 730440530 834236516 832552848
  4 346882852  281863757  499439734 521264802 311279239 326824069 378465216
  5 118879261  153641894  122921982 220538198 239672842 143531668 135121880
  6  54564625   43387342   67433328  54464833  99353617 104922492  60941323
   year
age      2007      2008      2009      2010
  3 467823306 413342364 305564704 320728194
  4 364367759 199598203 166971771 137764957
  5 158872354 148421736  76506206  72855986
  6  55585789  63529946  55747220  32477777

GerAS 1-3 wr

Units  :  NA NA 
   year
age   1994    1995   1996    1997   1998    1999    2000 2001   2002   2003
  1 903865 1260770 904954 1203153 960113 1475157 1606856   NA 949126 922310
  2 423089  354454 524330  402961 524148  417563  670552   NA 407635 441554
  3 442376  260859 202861  329967 272892  345548  281625   NA 512141 290873
   year
age    2004   2005   2006   2007   2008   2009   2010
  1 1119489 671967 592593 473276 461584 427766 660630
  2  489917 536788 303166 275323 212737 198505 211822
  3  324313 371471 362992 204483 179157 131126 142648

N20

Units  :  NA NA 
   year
age 1992 1993  1994 1995 1996 1997 1998  1999 2000 2001 2002 2003 2004 2005
  0 6322 5308 10671 6670 7776 6712 9429 10892 5885 7180 5032 6700 4348 3443
   year
age 2006 2007 2008 2009 2010
  0 2647 2619 2471 3589 6798


TABLE 3.6.20 WBSS HERRING. INDEX RESIDUALS

HERAS 3-6 wr

Units  :  NA 
   year
age   1993    1994  1995   1996    1997    1998 1999   2000   2001    2002
  3 0.0666 -0.0964 0.520 -0.658  0.0267  0.3671   NA 0.0454 -0.874  0.1771
  4 0.0313  0.1227 1.134 -0.418 -0.1697 -0.0778   NA 0.0479 -0.610  0.0486
  5 0.3999  0.1426 0.364 -0.125 -0.1907  0.3031   NA 0.4460 -0.466 -0.3399
  6 0.1583  0.7733 0.860 -0.555  0.4406  0.4557   NA 0.0188 -0.143 -0.5348
   year
age   2003    2004   2005   2006    2007  2008    2009   2010
  3 -0.511 -0.0061 -0.588  0.760  0.6903 0.713 -0.3992 -0.233
  4 -0.477 -0.0142 -0.485  0.258  0.3144 0.512 -0.0364 -0.181
  5 -0.757 -0.2660 -0.337  0.289 -0.0311 0.613  0.0693 -0.114
  6 -0.771 -0.3206 -0.227 -0.814 -0.4916 1.019  0.4335 -0.303

GerAS 1-3 wr

Units  :  NA 
   year
age   1994    1995  1996  1997   1998   1999   2000 2001    2002   2003    2004
  1 -0.777  0.2843 0.464 0.486 -0.181 -0.097 -0.117   NA -0.1251  0.295 -0.1445
  2  0.737 -0.0757 0.118 0.605  0.258 -0.374 -0.390   NA  0.0332 -0.685  0.1899
  3  0.235  0.3164 0.761 0.179  0.367 -0.396  0.155   NA  0.1164 -0.292  0.0654
   year
age   2005   2006    2007    2008   2009   2010
  1 0.1138  0.462  0.1656 -0.1615 -0.457 -0.212
  2 0.1760 -0.290 -0.0171 -0.1119 -0.612  0.438
  3 0.0767 -0.261 -0.5549 -0.0744 -1.102  0.408

N20

Units  :  NA 
   year
age  1992   1993  1994  1995  1996   1997  1998  1999   2000   2001  2002
  0 -1.79 -0.556 0.159 0.173 0.994 -0.320 0.574 0.626 -0.665 -0.393 0.811
   year
age   2003 2004  2005  2006   2007   2008  2009   2010
  0 -0.196 0.26 0.121 0.355 -0.359 -0.421 0.588 0.0346


TABLE 3.6.21 WBSS HERRING. FIT PARAMETERS

                                  Value Std.dev Lower.95.pct.CL Upper.95.pct.CL
F, 2006                         0.43067  0.1885         0.29763         0.62317
F, 2007                         0.41593  0.1867         0.28845         0.59975
F, 2008                         0.46526  0.1894         0.32099         0.67438
F, 2009                         0.52390  0.2060         0.34986         0.78452
F, 2010                         0.31390  0.2325         0.19901         0.49511
Selectivity at age 0            0.01674  0.4856         0.00646         0.04335
Selectivity at age 1            0.36884  0.2167         0.24120         0.56403
Selectivity at age 2            0.86511  0.2038         0.58018         1.28999
Selectivity at age 3            0.97382  0.1984         0.66007         1.43671
Selectivity at age 5            1.15490  0.1796         0.81226         1.64208
Selectivity at age 6            1.12615  0.1713         0.80497         1.57546
Terminal year pop, age 0  3868053.42698  0.3170   2078045.91746   7199955.10604
Terminal year pop, age 1  1501632.88556  0.2329    951370.77742   2370160.37965
Terminal year pop, age 2   517194.33540  0.1978    350969.44239    762146.06818
Terminal year pop, age 3   291660.73982  0.1843    203253.41266    418521.81490
Terminal year pop, age 4   155210.43256  0.1862    107747.48166    223580.89492
Terminal year pop, age 5   104001.21463  0.1976     70606.66801    153190.24320
Terminal year pop, age 6    56815.46121  0.2233     36679.60210     88005.22491
Terminal year pop, age 7    51310.41988  0.2626     30666.35127     85851.72605
Last true age pop, 2006    101487.39631  0.3538     50732.36738    203020.12585
Last true age pop, 2007     58343.86602  0.2669     34580.52451     98437.10440
Last true age pop, 2008     53548.81242  0.2362     33706.51196     85071.84949
Last true age pop, 2009     59940.06335  0.2432     37213.72575     96545.32356
Index 1, age 3 numbers, Q    1508.40260  0.1574      1107.93794      2053.61539
Index 1, age 4 numbers, Q    1223.78430  0.1581       897.72040      1668.27892
Index 1, age 5 numbers, Q     995.65838  0.1596       728.14525      1361.45312
Index 1, age 6 numbers, Q     807.88616  0.1629       587.06163      1111.77433
Index 2, age 1 numbers, Q       0.72001  0.1417         0.54539         0.95053
Index 2, age 2 numbers, Q       0.59725  0.1416         0.45249         0.78832
Index 2, age 3 numbers, Q       0.73295  0.1419         0.55503         0.96792
Index 3, age 0 numbers, Q       0.00199  0.0787         0.00170         0.00232


