TABLE 2.7.1.1 NEA Mackerel. CATCH IN NUMBER

Units  :  Thousands 
    year
age    1972   1973   1974   1975   1976   1977   1978   1979   1980   1981
  0   10707  16997  29277  36171  62510   6077  34623 114529  33101  56682
  1   34979  46267 108077  62908 282818 175220  34513 360698 411327 276229
  2   51652  74544  47410  92385 249293 328732 560738  62909 393025 502365
  3  194461 109015 155390  84509 374245 226560 449338 609522  64549 231814
  4  650980 415015 148543 265129 176793 236116 279236 385578 328206  32814
  5       0 814518 424462 164673 314261  67758 282158 250755 254172 184867
  6       0      0 673317 251420 133822 186619  78877 248099 142978 173349
  7       0      0      0 991632 379790 105004 172213  92655 145385 116328
  8       0      0      0      0 478925 229803  73933 169605  54778 125548
  9       0      0      0      0      0 236966 127975  73900 130771  41186
  10      0      0      0      0      0      0 243333 102363  39920 146186
  11      0      0      0      0      0      0      0 204291  56210  31639
  12      0      0      0      0      0      0      0      0 104927 199615
    year
age    1982   1983   1984   1985   1986   1987   1988   1989   1990   1991
  0   11180   7333 287287  81799  49983   7403  57644  65400  24246  10007
  1  213936  47914  31901 268960  58126  40126 152656  64263 140534  58459
  2  432867 668909  86064  20893 424563 156670 137635 312739 209848 212521
  3  472457 433744 682491  58346  38387 663378 190403 207689 410751 206421
  4  184581 373262 387582 445357  76545  56680 538394 167588 208146 375451
  5   26544 126533 251503 252217 364119  89003  72914 362469 156742 188623
  6  138970  20175  98063 165219 208021 244570  87323  48696 254015 129145
  7  112476  90151  22086  62363 126174 150588 201021  58116  42549 197888
  8   89672  72031  61813  19562  42569  85863 122496 111251  49698  51077
  9   88726  48668  47925  47560  13533  34795  55913  68240  85447  43415
  10  27552  49252  37482  37607  32786  19658  20710  32228  33041  70839
  11  91743  19745  30105  26965  22971  25747  13178  13904  16587  29743
  12 156121 132040  69183  97652  81153  63146  57494  35814  27905  52986
    year
age    1992   1993   1994   1995   1996   1997   1998   1999   2000   2001
  0   43447  19354  25368  14759  37956  36012  61127  67003  36345  26034
  1   83583 128144 147315  81529 119852 144390  99352  73597 102407  40315
  2  156292 210319 221489 340898 168882 186481 229767 132994 142898 158943
  3  356209 266677 306979 340215 333365 238426 264566 223639 275376 234186
  4  266591 398240 267420 275031 279182 378881 323186 261778 390858 297206
  5  306143 244285 301346 186855 177667 246781 361945 281041 295516 309937
  6  156070 255472 184925 197856  96303 135059 207619 244212 241550 231804
  7  113899 149932 189847 142342 119831  84378 118388 159019 175608 195250
  8  138458  97746 106108 113413  55812  66504  72745  86739 106291 120241
  9   51208 121400  80054  69191  59801  39450  47353  50613  52394  72205
  10  36612  38794  57622  42441  25803  26735  24386  30363  31280  42529
  11  40956  29067  20407  37960  18353  13950  16551  17048  18918  20546
  12  68205  68217  57551  39753  30648  24974  22932  32446  34202  40706
    year
age    2002   2003   2004   2005   2006   2007   2008   2009
  0   70409  14409   5168   5014  58294  15374  25738  16560
  1  222214 182121  24617  44235  69303  79398  42029  34803
  2   69728 265153 425834 131909 165134 189765 156841 108722
  3  366981  88950 499455 661629 156631 227859 386710 448286
  4  349853 290227 142792 289505 468403 204001 279310 615164
  5  262485 230568 244885 118453 194147 448612 257358 320584
  6  236927 180479 137998 119907  96817 200620 253961 223592
  7  151241 132355  83997  63297  73749  75312 123294 193310
  8  118814  93165  61426  38025  33234  58619  56833  73296
  9   79919  74779  37614  23744  18785  28301  32082  29550
  10  43776  45793  32816  18703  13951  16451  19186  14861
  11  21606  25691  15385   7863   8313  11796   6779   7429
  12  40260  30887  18151  10558  10071  13548   9580   4943


TABLE 2.7.1.2 NEA Mackerel. WEIGHTS AT AGE IN THE CATCH

Units  :  Kg 
    year
age   1972  1973  1974  1975  1976  1977  1978  1979  1980  1981  1982  1983
  0  0.052 0.050 0.051 0.050 0.059 0.056 0.036 0.016 0.057 0.060 0.053 0.050
  1  0.135 0.145 0.136 0.148 0.137 0.136 0.135 0.137 0.131 0.132 0.131 0.168
  2  0.277 0.194 0.229 0.177 0.207 0.169 0.161 0.161 0.249 0.248 0.249 0.219
  3  0.341 0.285 0.261 0.259 0.263 0.275 0.250 0.243 0.285 0.287 0.285 0.276
  4  0.423 0.368 0.334 0.323 0.320 0.333 0.325 0.318 0.345 0.344 0.345 0.310
  5    NaN 0.448 0.392 0.348 0.346 0.352 0.345 0.348 0.378 0.377 0.378 0.386
  6    NaN   NaN 0.481 0.430 0.406 0.407 0.403 0.401 0.454 0.454 0.454 0.425
  7    NaN   NaN   NaN 0.488 0.443 0.446 0.421 0.416 0.498 0.499 0.496 0.435
  8    NaN   NaN   NaN   NaN 0.518 0.546 0.518 0.506 0.520 0.513 0.513 0.498
  9    NaN   NaN   NaN   NaN   NaN 0.537 0.536 0.513 0.542 0.543 0.541 0.545
  10   NaN   NaN   NaN   NaN   NaN   NaN 0.529 0.537 0.574 0.573 0.574 0.606
  11   NaN   NaN   NaN   NaN   NaN   NaN   NaN 0.522 0.590 0.576 0.574 0.608
  12 0.000 0.000 0.000 0.000 0.000 0.000 0.000 0.000 0.580 0.584 0.582 0.614
    year
age   1984  1985  1986  1987  1988  1989  1990  1991  1992  1993  1994  1995
  0  0.031 0.055 0.039 0.076 0.055 0.049 0.085 0.068 0.051 0.061 0.046 0.072
  1  0.102 0.144 0.146 0.179 0.133 0.136 0.156 0.156 0.167 0.134 0.136 0.143
  2  0.184 0.262 0.245 0.223 0.259 0.237 0.233 0.253 0.239 0.240 0.255 0.234
  3  0.295 0.357 0.335 0.318 0.323 0.320 0.336 0.327 0.333 0.317 0.339 0.333
  4  0.326 0.418 0.423 0.399 0.388 0.377 0.379 0.394 0.397 0.376 0.390 0.390
  5  0.344 0.417 0.471 0.474 0.456 0.433 0.423 0.423 0.460 0.436 0.448 0.452
  6  0.431 0.436 0.444 0.512 0.524 0.456 0.467 0.469 0.495 0.483 0.512 0.501
  7  0.542 0.521 0.457 0.493 0.555 0.543 0.528 0.506 0.532 0.527 0.543 0.539
  8  0.480 0.555 0.543 0.498 0.555 0.592 0.552 0.554 0.555 0.548 0.590 0.577
  9  0.569 0.564 0.591 0.580 0.562 0.578 0.606 0.609 0.597 0.583 0.583 0.594
  10 0.628 0.629 0.552 0.634 0.613 0.581 0.606 0.630 0.651 0.595 0.627 0.606
  11 0.636 0.679 0.694 0.635 0.624 0.648 0.591 0.649 0.663 0.647 0.678 0.631
  12 0.663 0.710 0.688 0.718 0.697 0.739 0.713 0.708 0.669 0.679 0.713 0.672
    year
age   1996  1997  1998  1999  2000  2001  2002  2003  2004  2005  2006  2007
  0  0.058 0.076 0.065 0.062 0.063 0.069 0.052 0.081 0.086 0.067 0.042 0.093
  1  0.143 0.143 0.157 0.176 0.135 0.172 0.160 0.171 0.160 0.149 0.099 0.121
  2  0.226 0.230 0.227 0.235 0.227 0.224 0.256 0.271 0.267 0.270 0.196 0.218
  3  0.313 0.295 0.310 0.306 0.306 0.305 0.307 0.338 0.326 0.307 0.307 0.295
  4  0.377 0.359 0.354 0.361 0.363 0.376 0.367 0.387 0.402 0.366 0.357 0.369
  5  0.425 0.415 0.408 0.404 0.427 0.424 0.425 0.439 0.422 0.434 0.428 0.408
  6  0.484 0.453 0.452 0.452 0.463 0.474 0.460 0.477 0.488 0.440 0.480 0.453
  7  0.518 0.481 0.462 0.500 0.501 0.496 0.512 0.523 0.523 0.495 0.494 0.505
  8  0.551 0.524 0.518 0.536 0.534 0.540 0.537 0.572 0.557 0.539 0.543 0.529
  9  0.576 0.553 0.550 0.569 0.567 0.577 0.580 0.612 0.575 0.556 0.584 0.569
  10 0.596 0.577 0.573 0.586 0.586 0.603 0.601 0.631 0.598 0.582 0.625 0.575
  11 0.603 0.591 0.591 0.607 0.594 0.611 0.629 0.648 0.633 0.635 0.635 0.587
  12 0.670 0.636 0.631 0.687 0.644 0.666 0.665 0.715 0.686 0.657 0.690 0.668
    year
age   2008  2009
  0  0.051 0.106
  1  0.128 0.156
  2  0.227 0.215
  3  0.295 0.283
  4  0.371 0.331
  5  0.418 0.388
  6  0.444 0.424
  7  0.497 0.451
  8  0.550 0.496
  9  0.570 0.538
  10 0.620 0.586
  11 0.595 0.598
  12 0.662 0.630


TABLE 2.7.1.3 NEA Mackerel. WEIGHTS AT AGE IN THE STOCK

Units  :  Kg 
    year
age   1972  1973  1974  1975  1976  1977  1978  1979  1980  1981  1982  1983
  0  0.008 0.008 0.008 0.008 0.008 0.008 0.008 0.008 0.008 0.008 0.008 0.008
  1  0.132 0.132 0.130 0.129 0.128 0.127 0.111 0.110 0.109 0.087 0.086 0.086
  2  0.178 0.177 0.173 0.171 0.170 0.167 0.175 0.174 0.173 0.186 0.135 0.172
  3  0.243 0.242 0.238 0.236 0.236 0.233 0.238 0.237 0.236 0.252 0.221 0.235
  4  0.411 0.301 0.296 0.294 0.293 0.289 0.300 0.299 0.297 0.313 0.280 0.280
  5  0.000 0.438 0.322 0.318 0.318 0.313 0.346 0.345 0.343 0.323 0.385 0.339
  6  0.000 0.000 0.469 0.365 0.365 0.361 0.382 0.380 0.379 0.378 0.353 0.377
  7  0.000 0.000 0.000 0.497 0.419 0.416 0.410 0.408 0.407 0.419 0.408 0.404
  8  0.000 0.000 0.000 0.000 0.512 0.446 0.432 0.430 0.429 0.434 0.437 0.439
  9  0.000 0.000 0.000 0.000 0.000 0.530 0.451 0.449 0.448 0.449 0.446 0.503
  10 0.000 0.000 0.000 0.000 0.000 0.000 0.514 0.504 0.503 0.443 0.479 0.473
  11 0.000 0.000 0.000 0.000 0.000 0.000 0.000 0.516 0.508 0.523 0.526 0.555
  12 0.000 0.000 0.000 0.000 0.000 0.000 0.000 0.000 0.518 0.531 0.534 0.563
    year
age   1984  1985  1986  1987  1988  1989  1990  1991  1992  1993  1994  1995
  0  0.000 0.000 0.000 0.000 0.000 0.000 0.000 0.000 0.000 0.000 0.000 0.000
  1  0.081 0.085 0.077 0.078 0.072 0.076 0.074 0.075 0.078 0.078 0.079 0.081
  2  0.194 0.165 0.179 0.148 0.156 0.177 0.138 0.155 0.212 0.197 0.178 0.164
  3  0.253 0.293 0.267 0.240 0.237 0.244 0.222 0.230 0.259 0.268 0.237 0.267
  4  0.295 0.306 0.304 0.286 0.301 0.306 0.287 0.307 0.310 0.315 0.301 0.326
  5  0.324 0.341 0.356 0.374 0.329 0.352 0.339 0.357 0.362 0.360 0.361 0.398
  6  0.393 0.384 0.351 0.386 0.423 0.380 0.373 0.409 0.402 0.416 0.413 0.448
  7  0.436 0.430 0.416 0.411 0.445 0.429 0.414 0.432 0.424 0.454 0.466 0.491
  8  0.441 0.459 0.473 0.429 0.432 0.474 0.409 0.502 0.462 0.465 0.470 0.508
  9  0.479 0.468 0.443 0.482 0.455 0.457 0.437 0.541 0.487 0.484 0.483 0.546
  10 0.520 0.559 0.468 0.499 0.522 0.466 0.514 0.566 0.522 0.511 0.550 0.514
  11 0.510 0.579 0.497 0.470 0.589 0.510 0.523 0.566 0.552 0.585 0.608 0.619
  12 0.550 0.607 0.575 0.549 0.632 0.595 0.529 0.594 0.583 0.577 0.584 0.639
    year
age   1996  1997  1998  1999  2000  2001  2002  2003  2004  2005  2006  2007
  0  0.000 0.000 0.000 0.000 0.000 0.000 0.000 0.000 0.000 0.000 0.000 0.000
  1  0.076 0.076 0.077 0.081 0.074 0.078 0.078 0.074 0.059 0.074 0.076 0.064
  2  0.133 0.186 0.149 0.194 0.185 0.164 0.181 0.181 0.138 0.168 0.178 0.169
  3  0.251 0.228 0.223 0.242 0.235 0.241 0.239 0.273 0.246 0.238 0.228 0.224
  4  0.317 0.296 0.285 0.301 0.289 0.342 0.311 0.316 0.313 0.336 0.297 0.278
  5  0.366 0.361 0.342 0.353 0.350 0.390 0.364 0.371 0.355 0.381 0.345 0.309
  6  0.444 0.402 0.400 0.396 0.390 0.446 0.411 0.446 0.412 0.401 0.391 0.363
  7  0.462 0.445 0.426 0.423 0.426 0.459 0.436 0.446 0.463 0.481 0.436 0.439
  8  0.501 0.478 0.466 0.440 0.447 0.499 0.462 0.475 0.462 0.501 0.458 0.448
  9  0.565 0.519 0.502 0.485 0.485 0.529 0.500 0.584 0.508 0.550 0.517 0.498
  10 0.573 0.537 0.549 0.498 0.492 0.576 0.522 0.527 0.520 0.550 0.523 0.517
  11 0.611 0.532 0.524 0.465 0.532 0.603 0.533 0.599 0.538 0.576 0.578 0.542
  12 0.632 0.585 0.580 0.565 0.544 0.586 0.565 0.610 0.590 0.590 0.614 0.565
    year
age   2008  2009
  0  0.000 0.000
  1  0.071 0.070
  2  0.157 0.174
  3  0.198 0.221
  4  0.269 0.268
  5  0.308 0.316
  6  0.339 0.346
  7  0.396 0.380
  8  0.431 0.448
  9  0.457 0.442
  10 0.463 0.498
  11 0.506 0.532
  12 0.530 0.526


TABLE 2.7.1.4 NEA Mackerel. NATURAL MORTALITY

Units  :  NA 
    year
age  1972 1973 1974 1975 1976 1977 1978 1979 1980 1981 1982 1983 1984 1985 1986
  0  0.15 0.15 0.15 0.15 0.15 0.15 0.15 0.15 0.15 0.15 0.15 0.15 0.15 0.15 0.15
  1  0.15 0.15 0.15 0.15 0.15 0.15 0.15 0.15 0.15 0.15 0.15 0.15 0.15 0.15 0.15
  2  0.15 0.15 0.15 0.15 0.15 0.15 0.15 0.15 0.15 0.15 0.15 0.15 0.15 0.15 0.15
  3  0.15 0.15 0.15 0.15 0.15 0.15 0.15 0.15 0.15 0.15 0.15 0.15 0.15 0.15 0.15
  4  0.15 0.15 0.15 0.15 0.15 0.15 0.15 0.15 0.15 0.15 0.15 0.15 0.15 0.15 0.15
  5  0.15 0.15 0.15 0.15 0.15 0.15 0.15 0.15 0.15 0.15 0.15 0.15 0.15 0.15 0.15
  6  0.15 0.15 0.15 0.15 0.15 0.15 0.15 0.15 0.15 0.15 0.15 0.15 0.15 0.15 0.15
  7  0.15 0.15 0.15 0.15 0.15 0.15 0.15 0.15 0.15 0.15 0.15 0.15 0.15 0.15 0.15
  8  0.15 0.15 0.15 0.15 0.15 0.15 0.15 0.15 0.15 0.15 0.15 0.15 0.15 0.15 0.15
  9  0.15 0.15 0.15 0.15 0.15 0.15 0.15 0.15 0.15 0.15 0.15 0.15 0.15 0.15 0.15
  10 0.15 0.15 0.15 0.15 0.15 0.15 0.15 0.15 0.15 0.15 0.15 0.15 0.15 0.15 0.15
  11 0.15 0.15 0.15 0.15 0.15 0.15 0.15 0.15 0.15 0.15 0.15 0.15 0.15 0.15 0.15
  12 0.15 0.15 0.15 0.15 0.15 0.15 0.15 0.15 0.15 0.15 0.15 0.15 0.15 0.15 0.15
    year
age  1987 1988 1989 1990 1991 1992 1993 1994 1995 1996 1997 1998 1999 2000 2001
  0  0.15 0.15 0.15 0.15 0.15 0.15 0.15 0.15 0.15 0.15 0.15 0.15 0.15 0.15 0.15
  1  0.15 0.15 0.15 0.15 0.15 0.15 0.15 0.15 0.15 0.15 0.15 0.15 0.15 0.15 0.15
  2  0.15 0.15 0.15 0.15 0.15 0.15 0.15 0.15 0.15 0.15 0.15 0.15 0.15 0.15 0.15
  3  0.15 0.15 0.15 0.15 0.15 0.15 0.15 0.15 0.15 0.15 0.15 0.15 0.15 0.15 0.15
  4  0.15 0.15 0.15 0.15 0.15 0.15 0.15 0.15 0.15 0.15 0.15 0.15 0.15 0.15 0.15
  5  0.15 0.15 0.15 0.15 0.15 0.15 0.15 0.15 0.15 0.15 0.15 0.15 0.15 0.15 0.15
  6  0.15 0.15 0.15 0.15 0.15 0.15 0.15 0.15 0.15 0.15 0.15 0.15 0.15 0.15 0.15
  7  0.15 0.15 0.15 0.15 0.15 0.15 0.15 0.15 0.15 0.15 0.15 0.15 0.15 0.15 0.15
  8  0.15 0.15 0.15 0.15 0.15 0.15 0.15 0.15 0.15 0.15 0.15 0.15 0.15 0.15 0.15
  9  0.15 0.15 0.15 0.15 0.15 0.15 0.15 0.15 0.15 0.15 0.15 0.15 0.15 0.15 0.15
  10 0.15 0.15 0.15 0.15 0.15 0.15 0.15 0.15 0.15 0.15 0.15 0.15 0.15 0.15 0.15
  11 0.15 0.15 0.15 0.15 0.15 0.15 0.15 0.15 0.15 0.15 0.15 0.15 0.15 0.15 0.15
  12 0.15 0.15 0.15 0.15 0.15 0.15 0.15 0.15 0.15 0.15 0.15 0.15 0.15 0.15 0.15
    year
age  2002 2003 2004 2005 2006 2007 2008 2009
  0  0.15 0.15 0.15 0.15 0.15 0.15 0.15 0.15
  1  0.15 0.15 0.15 0.15 0.15 0.15 0.15 0.15
  2  0.15 0.15 0.15 0.15 0.15 0.15 0.15 0.15
  3  0.15 0.15 0.15 0.15 0.15 0.15 0.15 0.15
  4  0.15 0.15 0.15 0.15 0.15 0.15 0.15 0.15
  5  0.15 0.15 0.15 0.15 0.15 0.15 0.15 0.15
  6  0.15 0.15 0.15 0.15 0.15 0.15 0.15 0.15
  7  0.15 0.15 0.15 0.15 0.15 0.15 0.15 0.15
  8  0.15 0.15 0.15 0.15 0.15 0.15 0.15 0.15
  9  0.15 0.15 0.15 0.15 0.15 0.15 0.15 0.15
  10 0.15 0.15 0.15 0.15 0.15 0.15 0.15 0.15
  11 0.15 0.15 0.15 0.15 0.15 0.15 0.15 0.15
  12 0.15 0.15 0.15 0.15 0.15 0.15 0.15 0.15


TABLE 2.7.1.5 NEA Mackerel. PROPORTION MATURE

Units  :  NA 
    year
age  1972 1973 1974 1975 1976 1977 1978 1979 1980 1981 1982 1983 1984 1985 1986
  0  0.00 0.00 0.00 0.00 0.00 0.00 0.00 0.00 0.00 0.00 0.00 0.00 0.00 0.00 0.00
  1  0.05 0.05 0.05 0.06 0.06 0.06 0.06 0.06 0.06 0.07 0.07 0.07 0.07 0.07 0.07
  2  0.53 0.54 0.54 0.55 0.55 0.55 0.56 0.56 0.57 0.57 0.57 0.58 0.58 0.58 0.58
  3  0.90 0.90 0.90 0.89 0.89 0.89 0.89 0.89 0.89 0.88 0.88 0.88 0.88 0.88 0.88
  4  0.98 0.98 0.98 0.98 0.98 0.98 0.98 0.98 0.98 0.98 0.98 0.98 0.97 0.97 0.97
  5  0.98 0.98 0.98 0.98 0.98 0.98 0.98 0.98 0.98 0.98 0.98 0.98 0.97 0.97 0.97
  6  0.99 0.99 0.99 0.99 0.99 0.99 0.99 0.99 0.99 0.99 0.99 0.99 0.99 0.99 0.99
  7  1.00 1.00 1.00 1.00 1.00 1.00 1.00 1.00 1.00 1.00 1.00 1.00 1.00 1.00 1.00
  8  1.00 1.00 1.00 1.00 1.00 1.00 1.00 1.00 1.00 1.00 1.00 1.00 1.00 1.00 1.00
  9  1.00 1.00 1.00 1.00 1.00 1.00 1.00 1.00 1.00 1.00 1.00 1.00 1.00 1.00 1.00
  10 1.00 1.00 1.00 1.00 1.00 1.00 1.00 1.00 1.00 1.00 1.00 1.00 1.00 1.00 1.00
  11 1.00 1.00 1.00 1.00 1.00 1.00 1.00 1.00 1.00 1.00 1.00 1.00 1.00 1.00 1.00
  12 1.00 1.00 1.00 1.00 1.00 1.00 1.00 1.00 1.00 1.00 1.00 1.00 1.00 1.00 1.00
    year
age  1987 1988 1989 1990 1991 1992 1993 1994 1995 1996 1997 1998 1999 2000 2001
  0  0.00 0.00 0.00 0.00 0.00 0.00 0.00 0.00 0.00 0.00 0.00 0.00 0.00 0.00 0.00
  1  0.07 0.07 0.07 0.07 0.07 0.07 0.07 0.07 0.07 0.07 0.07 0.07 0.07 0.07 0.07
  2  0.58 0.58 0.58 0.58 0.58 0.58 0.58 0.58 0.58 0.58 0.58 0.58 0.58 0.58 0.59
  3  0.88 0.88 0.88 0.88 0.88 0.88 0.88 0.88 0.88 0.88 0.88 0.86 0.86 0.86 0.88
  4  0.97 0.97 0.97 0.97 0.97 0.97 0.97 0.97 0.97 0.97 0.97 0.98 0.98 0.98 0.97
  5  0.97 0.97 0.97 0.97 0.97 0.97 0.97 0.97 0.97 0.97 0.97 0.98 0.98 0.98 0.97
  6  0.99 0.99 0.99 0.99 0.99 0.99 0.99 0.99 0.99 0.99 0.99 0.99 0.99 0.99 0.99
  7  1.00 1.00 1.00 1.00 1.00 1.00 1.00 1.00 1.00 1.00 1.00 1.00 1.00 1.00 1.00
  8  1.00 1.00 1.00 1.00 1.00 1.00 1.00 1.00 1.00 1.00 1.00 1.00 1.00 1.00 1.00
  9  1.00 1.00 1.00 1.00 1.00 1.00 1.00 1.00 1.00 1.00 1.00 1.00 1.00 1.00 1.00
  10 1.00 1.00 1.00 1.00 1.00 1.00 1.00 1.00 1.00 1.00 1.00 1.00 1.00 1.00 1.00
  11 1.00 1.00 1.00 1.00 1.00 1.00 1.00 1.00 1.00 1.00 1.00 1.00 1.00 1.00 1.00
  12 1.00 1.00 1.00 1.00 1.00 1.00 1.00 1.00 1.00 1.00 1.00 1.00 1.00 1.00 1.00
    year
age  2002 2003 2004 2005 2006 2007 2008 2009
  0  0.00 0.00 0.00 0.00 0.00 0.00 0.00 0.00
  1  0.07 0.07 0.07 0.07 0.07 0.07 0.06 0.06
  2  0.59 0.59 0.59 0.58 0.57 0.58 0.58 0.58
  3  0.88 0.88 0.88 0.89 0.89 0.86 0.87 0.86
  4  0.97 0.97 0.97 0.98 0.98 0.98 0.98 0.98
  5  0.97 0.97 0.97 0.98 0.98 0.98 0.98 0.98
  6  0.99 0.99 0.99 0.99 0.99 0.99 0.99 0.99
  7  1.00 1.00 1.00 1.00 1.00 1.00 1.00 1.00
  8  1.00 1.00 1.00 1.00 1.00 1.00 1.00 1.00
  9  1.00 1.00 1.00 1.00 1.00 1.00 1.00 1.00
  10 1.00 1.00 1.00 1.00 1.00 1.00 1.00 1.00
  11 1.00 1.00 1.00 1.00 1.00 1.00 1.00 1.00
  12 1.00 1.00 1.00 1.00 1.00 1.00 1.00 1.00


TABLE 2.7.1.6 NEA Mackerel. FRACTION OF HARVEST BEFORE SPAWNING

Units  :  NA 
    year
age   1972  1973  1974  1975  1976  1977  1978  1979  1980  1981  1982  1983
  0  0.421 0.421 0.421 0.421 0.421 0.421 0.421 0.421 0.421 0.421 0.421 0.421
  1  0.421 0.421 0.421 0.421 0.421 0.421 0.421 0.421 0.421 0.421 0.421 0.421
  2  0.421 0.421 0.421 0.421 0.421 0.421 0.421 0.421 0.421 0.421 0.421 0.421
  3  0.421 0.421 0.421 0.421 0.421 0.421 0.421 0.421 0.421 0.421 0.421 0.421
  4  0.421 0.421 0.421 0.421 0.421 0.421 0.421 0.421 0.421 0.421 0.421 0.421
  5  0.421 0.421 0.421 0.421 0.421 0.421 0.421 0.421 0.421 0.421 0.421 0.421
  6  0.421 0.421 0.421 0.421 0.421 0.421 0.421 0.421 0.421 0.421 0.421 0.421
  7  0.421 0.421 0.421 0.421 0.421 0.421 0.421 0.421 0.421 0.421 0.421 0.421
  8  0.421 0.421 0.421 0.421 0.421 0.421 0.421 0.421 0.421 0.421 0.421 0.421
  9  0.421 0.421 0.421 0.421 0.421 0.421 0.421 0.421 0.421 0.421 0.421 0.421
  10 0.421 0.421 0.421 0.421 0.421 0.421 0.421 0.421 0.421 0.421 0.421 0.421
  11 0.421 0.421 0.421 0.421 0.421 0.421 0.421 0.421 0.421 0.421 0.421 0.421
  12 0.421 0.421 0.421 0.421 0.421 0.421 0.421 0.421 0.421 0.421 0.421 0.421
    year
age   1984  1985  1986  1987  1988  1989  1990  1991  1992  1993  1994  1995
  0  0.421 0.421 0.421 0.421 0.421 0.421 0.421 0.421 0.421 0.421 0.421 0.421
  1  0.421 0.421 0.421 0.421 0.421 0.421 0.421 0.421 0.421 0.421 0.421 0.421
  2  0.421 0.421 0.421 0.421 0.421 0.421 0.421 0.421 0.421 0.421 0.421 0.421
  3  0.421 0.421 0.421 0.421 0.421 0.421 0.421 0.421 0.421 0.421 0.421 0.421
  4  0.421 0.421 0.421 0.421 0.421 0.421 0.421 0.421 0.421 0.421 0.421 0.421
  5  0.421 0.421 0.421 0.421 0.421 0.421 0.421 0.421 0.421 0.421 0.421 0.421
  6  0.421 0.421 0.421 0.421 0.421 0.421 0.421 0.421 0.421 0.421 0.421 0.421
  7  0.421 0.421 0.421 0.421 0.421 0.421 0.421 0.421 0.421 0.421 0.421 0.421
  8  0.421 0.421 0.421 0.421 0.421 0.421 0.421 0.421 0.421 0.421 0.421 0.421
  9  0.421 0.421 0.421 0.421 0.421 0.421 0.421 0.421 0.421 0.421 0.421 0.421
  10 0.421 0.421 0.421 0.421 0.421 0.421 0.421 0.421 0.421 0.421 0.421 0.421
  11 0.421 0.421 0.421 0.421 0.421 0.421 0.421 0.421 0.421 0.421 0.421 0.421
  12 0.421 0.421 0.421 0.421 0.421 0.421 0.421 0.421 0.421 0.421 0.421 0.421
    year
age   1996  1997  1998  1999  2000  2001  2002  2003  2004  2005  2006  2007
  0  0.421 0.421 0.421 0.421 0.421 0.421 0.421 0.421 0.421 0.421 0.421 0.421
  1  0.421 0.421 0.421 0.421 0.421 0.421 0.421 0.421 0.421 0.421 0.421 0.421
  2  0.421 0.421 0.421 0.421 0.421 0.421 0.421 0.421 0.421 0.421 0.421 0.421
  3  0.421 0.421 0.421 0.421 0.421 0.421 0.421 0.421 0.421 0.421 0.421 0.421
  4  0.421 0.421 0.421 0.421 0.421 0.421 0.421 0.421 0.421 0.421 0.421 0.421
  5  0.421 0.421 0.421 0.421 0.421 0.421 0.421 0.421 0.421 0.421 0.421 0.421
  6  0.421 0.421 0.421 0.421 0.421 0.421 0.421 0.421 0.421 0.421 0.421 0.421
  7  0.421 0.421 0.421 0.421 0.421 0.421 0.421 0.421 0.421 0.421 0.421 0.421
  8  0.421 0.421 0.421 0.421 0.421 0.421 0.421 0.421 0.421 0.421 0.421 0.421
  9  0.421 0.421 0.421 0.421 0.421 0.421 0.421 0.421 0.421 0.421 0.421 0.421
  10 0.421 0.421 0.421 0.421 0.421 0.421 0.421 0.421 0.421 0.421 0.421 0.421
  11 0.421 0.421 0.421 0.421 0.421 0.421 0.421 0.421 0.421 0.421 0.421 0.421
  12 0.421 0.421 0.421 0.421 0.421 0.421 0.421 0.421 0.421 0.421 0.421 0.421
    year
age   2008  2009
  0  0.421 0.421
  1  0.421 0.421
  2  0.421 0.421
  3  0.421 0.421
  4  0.421 0.421
  5  0.421 0.421
  6  0.421 0.421
  7  0.421 0.421
  8  0.421 0.421
  9  0.421 0.421
  10 0.421 0.421
  11 0.421 0.421
  12 0.421 0.421


TABLE 2.7.1.7 NEA Mackerel. FRACTION OF NATURAL MORTALITY BEFORE SPAWNING

Units  :  NA 
    year
age  1972 1973 1974 1975 1976 1977 1978 1979 1980 1981 1982 1983 1984 1985 1986
  0  0.35 0.35 0.35 0.35 0.35 0.35 0.35 0.35 0.35 0.35 0.35 0.35 0.35 0.35 0.35
  1  0.35 0.35 0.35 0.35 0.35 0.35 0.35 0.35 0.35 0.35 0.35 0.35 0.35 0.35 0.35
  2  0.35 0.35 0.35 0.35 0.35 0.35 0.35 0.35 0.35 0.35 0.35 0.35 0.35 0.35 0.35
  3  0.35 0.35 0.35 0.35 0.35 0.35 0.35 0.35 0.35 0.35 0.35 0.35 0.35 0.35 0.35
  4  0.35 0.35 0.35 0.35 0.35 0.35 0.35 0.35 0.35 0.35 0.35 0.35 0.35 0.35 0.35
  5  0.35 0.35 0.35 0.35 0.35 0.35 0.35 0.35 0.35 0.35 0.35 0.35 0.35 0.35 0.35
  6  0.35 0.35 0.35 0.35 0.35 0.35 0.35 0.35 0.35 0.35 0.35 0.35 0.35 0.35 0.35
  7  0.35 0.35 0.35 0.35 0.35 0.35 0.35 0.35 0.35 0.35 0.35 0.35 0.35 0.35 0.35
  8  0.35 0.35 0.35 0.35 0.35 0.35 0.35 0.35 0.35 0.35 0.35 0.35 0.35 0.35 0.35
  9  0.35 0.35 0.35 0.35 0.35 0.35 0.35 0.35 0.35 0.35 0.35 0.35 0.35 0.35 0.35
  10 0.35 0.35 0.35 0.35 0.35 0.35 0.35 0.35 0.35 0.35 0.35 0.35 0.35 0.35 0.35
  11 0.35 0.35 0.35 0.35 0.35 0.35 0.35 0.35 0.35 0.35 0.35 0.35 0.35 0.35 0.35
  12 0.35 0.35 0.35 0.35 0.35 0.35 0.35 0.35 0.35 0.35 0.35 0.35 0.35 0.35 0.35
    year
age  1987 1988 1989 1990 1991 1992 1993 1994 1995 1996 1997 1998 1999 2000 2001
  0  0.35 0.35 0.35 0.35 0.35 0.35 0.35 0.35 0.35 0.35 0.35 0.35 0.35 0.35 0.35
  1  0.35 0.35 0.35 0.35 0.35 0.35 0.35 0.35 0.35 0.35 0.35 0.35 0.35 0.35 0.35
  2  0.35 0.35 0.35 0.35 0.35 0.35 0.35 0.35 0.35 0.35 0.35 0.35 0.35 0.35 0.35
  3  0.35 0.35 0.35 0.35 0.35 0.35 0.35 0.35 0.35 0.35 0.35 0.35 0.35 0.35 0.35
  4  0.35 0.35 0.35 0.35 0.35 0.35 0.35 0.35 0.35 0.35 0.35 0.35 0.35 0.35 0.35
  5  0.35 0.35 0.35 0.35 0.35 0.35 0.35 0.35 0.35 0.35 0.35 0.35 0.35 0.35 0.35
  6  0.35 0.35 0.35 0.35 0.35 0.35 0.35 0.35 0.35 0.35 0.35 0.35 0.35 0.35 0.35
  7  0.35 0.35 0.35 0.35 0.35 0.35 0.35 0.35 0.35 0.35 0.35 0.35 0.35 0.35 0.35
  8  0.35 0.35 0.35 0.35 0.35 0.35 0.35 0.35 0.35 0.35 0.35 0.35 0.35 0.35 0.35
  9  0.35 0.35 0.35 0.35 0.35 0.35 0.35 0.35 0.35 0.35 0.35 0.35 0.35 0.35 0.35
  10 0.35 0.35 0.35 0.35 0.35 0.35 0.35 0.35 0.35 0.35 0.35 0.35 0.35 0.35 0.35
  11 0.35 0.35 0.35 0.35 0.35 0.35 0.35 0.35 0.35 0.35 0.35 0.35 0.35 0.35 0.35
  12 0.35 0.35 0.35 0.35 0.35 0.35 0.35 0.35 0.35 0.35 0.35 0.35 0.35 0.35 0.35
    year
age  2002 2003 2004 2005 2006 2007 2008 2009
  0  0.35 0.35 0.35 0.35 0.35 0.35 0.35 0.35
  1  0.35 0.35 0.35 0.35 0.35 0.35 0.35 0.35
  2  0.35 0.35 0.35 0.35 0.35 0.35 0.35 0.35
  3  0.35 0.35 0.35 0.35 0.35 0.35 0.35 0.35
  4  0.35 0.35 0.35 0.35 0.35 0.35 0.35 0.35
  5  0.35 0.35 0.35 0.35 0.35 0.35 0.35 0.35
  6  0.35 0.35 0.35 0.35 0.35 0.35 0.35 0.35
  7  0.35 0.35 0.35 0.35 0.35 0.35 0.35 0.35
  8  0.35 0.35 0.35 0.35 0.35 0.35 0.35 0.35
  9  0.35 0.35 0.35 0.35 0.35 0.35 0.35 0.35
  10 0.35 0.35 0.35 0.35 0.35 0.35 0.35 0.35
  11 0.35 0.35 0.35 0.35 0.35 0.35 0.35 0.35
  12 0.35 0.35 0.35 0.35 0.35 0.35 0.35 0.35


TABLE 2.7.1.8 NEA Mackerel. SURVEY INDICES

 - Configuration

""
      min       max plusgroup   minyear   maxyear    startf      endf 
       NA        NA        NA      1972      2010        NA        NA 
Index type : biomass

 - Index Values

Units  :  NA 
     year
age   1972 1973 1974 1975 1976 1977 1978 1979 1980 1981 1982 1983 1984 1985
  all   NA   NA   NA   NA   NA   NA   NA   NA   NA   NA   NA   NA   NA   NA
     year
age   1986 1987 1988 1989 1990 1991    1992 1993 1994    1995 1996 1997    1998
  all   NA   NA   NA   NA   NA   NA 3370000   NA   NA 2840000   NA   NA 3750000
     year
age   1999 2000    2001 2002 2003    2004 2005 2006    2007 2008 2009    2010
  all   NA   NA 2900000   NA   NA 2750000   NA   NA 3260000   NA   NA 4133000

 - Index Variance (Inverse Weights) 

Units  :  NA 
     year
age   1972 1973 1974 1975 1976 1977 1978 1979 1980 1981 1982 1983 1984 1985
  all  0.1  0.1  0.1  0.1  0.1  0.1  0.1  0.1  0.1  0.1  0.1  0.1  0.1  0.1
     year
age   1986 1987 1988 1989 1990 1991 1992 1993 1994 1995 1996 1997 1998 1999
  all  0.1  0.1  0.1  0.1  0.1  0.1  0.1  0.1  0.1  0.1  0.1  0.1  0.1  0.1
     year
age   2000 2001 2002 2003 2004 2005 2006 2007 2008 2009 2010
  all  0.1  0.1  0.1  0.1  0.1  0.1  0.1  0.1  0.1  0.1  0.1


TABLE 2.7.1.9 NEA Mackerel. STOCK OBJECT CONFIGURATION

      min       max plusgroup   minyear   maxyear   minfbar   maxfbar 
        0        12        12      1972      2009         4         8 


TABLE 2.7.1.10 NEA Mackerel. FLICA CONFIGURATION SETTINGS

sep.2       : NA
sep.gradual : TRUE
sr          : FALSE
sr.age      : 0
lambda.age  : 0.0033333 0.033333 0.33333 0.33333 0.33333 0.33333 0.33333 0.33333 0.33333 0.33333 0.33333 0.33333 0
lambda.yr   : 1 1 1 1 1 1 1 1 1 1 1 1
lambda.sr   : 0.01
index.model : linear
index.cor   : -92559631349317830736220086604086468264682600488620284042662244
sep.nyr     : 12
sep.age     : 5
sep.sel     : 1.5


TABLE 2.7.1.11 NEA Mackerel. FLR, R SOFTWARE VERSIONS

R version 2.8.1 (2008-12-22)

Package  : FLICA
Version  : 1.4-12
Packaged : 2009-10-08 15:16:26 UTC; mpa
Built    : R 2.9.1; ; 2009-10-08 15:16:27 UTC; windows

Package  : FLAssess
Version  : 1.99-102
Packaged : Mon Mar 23 08:18:19 2009; mpa
Built    : R 2.8.0; i386-pc-mingw32; 2009-03-23 08:18:21; windows

Package  : FLCore
Version  : 3.0
Packaged : Tue Mar 10 04:42:26 2009; theussl
Built    : R 2.8.1; i386-pc-mingw32; 2009-03-10 04:42:28; windows


TABLE 2.7.1.12 NEA Mackerel. STOCK SUMMARY

Year Recruitment     TSB     SSB       Fbar Landings Landings
           Age 0                 (Ages 4-8)               SOP
                                          f   Tonnes         
1972     2085645 5199651 3857946     0.0192   361262   1.0000
1973     4709253 5092285 3914001     0.1854   570719   1.0000
1974     3930988 4967992 3734122     0.2098   607473   1.0000
1975     4866816 4779779 3460216     0.2230   784329   1.0000
1976     4894496 4495038 3129591     0.2590   828434   1.0000
1977      944038 4191431 2957332     0.2004   620016   1.0000
1978     3206806 3844752 2912654     0.1970   736519   1.0000
1979     5272224 3416418 2458755     0.2612   842739   1.0000
1980     5514151 3108732 2053704     0.2530   734950   1.0000
1981     7185936 3226151 2076110     0.2354   754045   1.0000
1982     2004846 3167472 2007181     0.2292   716987   1.0000
1983     1550114 3293793 2309138     0.2180   672283   1.0000
1984     7354594 3077408 2336643     0.2274   641928   1.0000
1985     3283142 3254049 2275007     0.2228   614371   1.0000
1986     3389599 3269024 2306482     0.2360   602201   1.0000
1987     5105993 3141445 2307153     0.2222   654992   1.0000
1988     3559961 3217653 2314265     0.2444   680491   1.0000
1989     4390675 3302379 2395977     0.1838   585920   1.0000
1990     3165130 3095034 2266356     0.1850   626107   1.0000
1991     3685614 3384281 2522688     0.2286   675665   1.0000
1992     4705800 3499069 2544660     0.2574   760690   1.0000
1993     5565462 3433293 2384252     0.3224   824568   1.0000
1994     4749535 3310100 2206047     0.3606   819087   1.0000
1995     4226987 3515308 2397397     0.3492   756277   1.0000
1996     4157612 3342525 2424668     0.2418   563472   1.0000
1997     3088117 3492673 2541173     0.2340   573029   1.0000
1998     2966216 3332124 2457824     0.2974   666316   1.0000
1999     3321609 3362217 2469329     0.3064   640309   1.0002
2000     2053829 3074018 2205950     0.3562   738606   1.0002
2001     4852982 2962676 2138374     0.4016   737463   1.0001
2002     7854289 2638442 1749298     0.4492   772905   1.0000
2003     3474797 2893282 1748701     0.4402   669600   1.0002
2004     4436814 2751195 1848672     0.3970   650221   1.0005
2005     6794043 3182784 2290881     0.2848   543486   1.0003
2006     6914980 3457794 2409602     0.2342   472652   1.0006
2007     3818138 3708540 2540759     0.2630   579379   1.0000
2008     4506953 3742153 2709395     0.2362   612856   1.0009
2009     3904766 3989039 2978321     0.2328   734889   1.0014


TABLE 2.7.1.13 NEA Mackerel. ESTIMATED FISHING MORTALITY

Units  :  f 
    year
age   1972  1973  1974  1975  1976  1977  1978  1979  1980  1981  1982  1983
  0  0.006 0.004 0.008 0.008 0.014 0.007 0.012 0.024 0.006 0.009 0.006 0.005
  1  0.007 0.028 0.029 0.020 0.076 0.046 0.047 0.153 0.105 0.065 0.038 0.031
  2  0.027 0.019 0.035 0.030 0.100 0.113 0.194 0.108 0.235 0.171 0.131 0.153
  3  0.052 0.070 0.047 0.076 0.154 0.117 0.210 0.315 0.146 0.201 0.228 0.177
  4  0.096 0.143 0.122 0.099 0.213 0.130 0.196 0.265 0.264 0.097 0.230 0.267
  5  0.000 0.158 0.202 0.183 0.155 0.112 0.214 0.255 0.264 0.220 0.101 0.230
  6  0.000 0.198 0.180 0.167 0.210 0.123 0.174 0.279 0.214 0.274 0.242 0.098
  7  0.000 0.206 0.262 0.409 0.383 0.240 0.151 0.300 0.248 0.255 0.271 0.231
  8  0.000 0.222 0.283 0.257 0.334 0.397 0.250 0.207 0.275 0.331 0.302 0.264
  9  0.000 0.229 0.292 0.265 0.225 0.259 0.379 0.400 0.230 0.323 0.389 0.251
  10 0.000 0.242 0.309 0.281 0.238 0.171 0.433 0.557 0.369 0.409 0.352 0.366
  11 0.000 0.237 0.302 0.274 0.233 0.168 0.321 0.748 0.645 0.528 0.460 0.432
  12 0.000 0.237 0.302 0.274 0.233 0.168 0.321 0.748 0.645 0.528 0.460 0.432
    year
age   1984  1985  1986  1987  1988  1989  1990  1991  1992  1993  1994  1995
  0  0.043 0.027 0.016 0.002 0.018 0.016 0.008 0.003 0.010 0.004 0.006 0.004
  1  0.026 0.049 0.023 0.015 0.038 0.023 0.042 0.024 0.029 0.035 0.034 0.022
  2  0.067 0.020 0.096 0.076 0.063 0.097 0.093 0.077 0.077 0.089 0.074 0.097
  3  0.217 0.056 0.045 0.203 0.118 0.120 0.169 0.119 0.170 0.172 0.173 0.148
  4  0.224 0.203 0.092 0.082 0.238 0.136 0.161 0.217 0.209 0.275 0.247 0.218
  5  0.274 0.211 0.241 0.139 0.137 0.236 0.173 0.204 0.261 0.284 0.326 0.258
  6  0.266 0.276 0.255 0.239 0.186 0.121 0.244 0.199 0.245 0.341 0.341 0.349
  7  0.141 0.255 0.331 0.280 0.298 0.173 0.140 0.288 0.256 0.369 0.432 0.451
  8  0.232 0.169 0.261 0.371 0.363 0.253 0.207 0.235 0.316 0.343 0.457 0.470
  9  0.266 0.266 0.160 0.333 0.415 0.334 0.296 0.266 0.367 0.474 0.492 0.578
  10 0.295 0.325 0.280 0.347 0.319 0.422 0.252 0.403 0.354 0.495 0.408 0.497
  11 0.377 0.338 0.319 0.348 0.390 0.347 0.376 0.356 0.405 0.495 0.496 0.486
  12 0.377 0.338 0.319 0.348 0.390 0.347 0.376 0.356 0.405 0.495 0.496 0.486
    year
age   1996  1997  1998  1999  2000  2001  2002  2003  2004  2005  2006  2007
  0  0.010 0.013 0.006 0.006 0.007 0.008 0.008 0.008 0.007 0.005 0.004 0.005
  1  0.036 0.045 0.020 0.020 0.023 0.026 0.030 0.029 0.026 0.019 0.015 0.017
  2  0.055 0.069 0.058 0.059 0.069 0.078 0.087 0.085 0.077 0.055 0.045 0.051
  3  0.123 0.096 0.128 0.132 0.153 0.172 0.193 0.189 0.170 0.122 0.101 0.113
  4  0.165 0.189 0.202 0.208 0.242 0.273 0.305 0.299 0.269 0.193 0.159 0.179
  5  0.202 0.203 0.259 0.267 0.310 0.350 0.391 0.383 0.346 0.248 0.204 0.229
  6  0.194 0.220 0.325 0.335 0.389 0.439 0.491 0.481 0.434 0.311 0.256 0.287
  7  0.347 0.246 0.337 0.347 0.404 0.455 0.509 0.499 0.450 0.323 0.265 0.298
  8  0.301 0.312 0.364 0.375 0.436 0.491 0.550 0.539 0.486 0.349 0.287 0.322
  9  0.458 0.340 0.375 0.386 0.449 0.506 0.566 0.555 0.500 0.359 0.295 0.332
  10 0.415 0.359 0.397 0.409 0.476 0.536 0.600 0.588 0.530 0.381 0.313 0.351
  11 0.391 0.390 0.388 0.400 0.465 0.524 0.586 0.575 0.518 0.372 0.306 0.343
  12 0.391 0.390 0.388 0.400 0.465 0.524 0.586 0.575 0.518 0.372 0.306 0.343
    year
age   2008  2009
  0  0.004 0.004
  1  0.016 0.015
  2  0.046 0.045
  3  0.101 0.100
  4  0.160 0.158
  5  0.206 0.203
  6  0.258 0.254
  7  0.268 0.264
  8  0.289 0.285
  9  0.298 0.293
  10 0.315 0.311
  11 0.308 0.304
  12 0.308 0.304


TABLE 2.7.1.14 NEA Mackerel. ESTIMATED POPULATION ABUNDANCE

Units  :  NA 
    year
age     1972    1973    1974    1975    1976    1977    1978    1979    1980
  0  2085645 4709253 3930988 4866816 4894496  944038 3206806 5272224 5514151
  1  5084959 1785208 4037538 3356300 4155385 4154803  806909 2728037 4431722
  2  2067250 4344246 1493674 3375004 2830501 3314685 3413759  662543 2014361
  3  4099274 1731440 3670051 1241693 2819296 2205459 2548712 2419774  512025
  4  7658534 3348155 1389309 3014899  990480 2080378 1688570 1778306 1519981
  5        0 5989107 2497803 1058319 2349511  689084 1572103 1195180 1174398
  6        0       0 4401404 1757444  758620 1731526  530384 1092295  797021
  7        0       0       0 3165640 1280097  529239 1317632  383556  710990
  8        0       0       0       0 1810238  751445  358485  974778  244570
  9        0       0       0       0       0 1116024  434826  240238  682202
  10       0       0       0       0       0       0  741640  256200  138619
  11       0       0       0       0       0       0       0  414008  126289
  12       0       0       0       0       0       0       0       0  235743
    year
age     1981    1982    1983    1984    1985    1986    1987    1988    1989
  0  7185936 2004846 1550114 7354594 3283142 3389599 5105993 3559961 4390675
  1  4715395 6132461 1715225 1327399 6064021 2750035 2871136 4387907 3010669
  2  3433671 3802757 5080061 1431915 1112945 4970212 2313117 2434025 3635281
  3  1370558 2490752 2872503 3753634 1152757  938560 3884858 1845842 1967515
  4   380984  965325 1707144 2071248 2599912  938145  772266 2730413 1412510
  5  1005053  297539  660269 1124537 1424503 1826021  736603  612214 1852543
  6   776004  694178  231522  451355  735583  992922 1235191  551649  459471
  7   553833  507788  469065  180596  297893  480510  662418  837127  394059
  8   477617  369210  333158  320410  135005  198780  297112  431058  534892
  9   159905  295200  234979  220208  218652   98107  131763  176509  257990
  10  466316   99611  172240  157281  145261  144259   71923   81293  100365
  11   82479  266554   60310  102806  100759   90311   93882   43763   50850
  12  520372  453601  403310  236254  364893  319056  230252  190932  130980
    year
age     1990    1991    1992    1993    1994    1995    1996    1997    1998
  0  3165130 3685614 4705800 5565462 4749535 4226987 4157612 3088117 2966216
  1  3718484 2701782 3162963 4010055 4772300 4064452 3624522 3543313 2624593
  2  2531761 3070339 2271277 2644944 3332765 3971071 3422759 3008618 2916002
  3  2839397 1984831 2445875 1810182 2081803 2663435 3102345 2789571 2416846
  4  1501243 2063979 1517316 1775724 1311393 1507905 1977684 2361699 2180281
  5  1060690 1099595 1429430 1059514 1160526  881624 1043639 1443973 1682386
  6  1259522  767977  772044  947488  686311  720698  586187  734008 1014682
  7   350404  849356  541600  520288  579725  420038  437717  415491  506927
  8   285419  262226  548287  360926  309486  323952  230334  266158  279648
  9   357594  199718  178497  344086  220440  168586  174320  146713  167683
  10  159066  228877  131791  106387  184296  115987   81429   94925   89867
  11   56670  106381  131666   79648   55831  105487   60735   46294   57034
  12   95338  189513  219267  186926  157453  110470  101423   82878   76369
    year
age     1999    2000    2001    2002    2003    2004    2005    2006    2007
  0  3321609 2053829 4852982 7854289 3474797 4436814 6794043 6914980 3818138
  1  2538784 2842486 1755924 4145516 6703300 2966085 3790357 5816377 5925586
  2  2215192 2141505 2389811 1471879 3464079 5604683 2487059 3201719 4929588
  3  2369530 1796941 1720472 1903171 1161450 2738165 4467504 2025813 2633719
  4  1830894 1788165 1327308 1246293 1350842  827518 1987556 3402395 1576893
  5  1533586 1280031 1208505  869817  790843  862349  544047 1409810 2498158
  6  1117770 1010999  807957  733246  506397  463980  525393  365375  989677
  7   631141  688499  589685  448456  386434  269473  258874  331243  243517
  8   311469  383874  395722  321926  232006  201935  147908  161304  218646
  9   167277  184281  213661  208352  159937  116519  106942   89823  104249
  10   99198   97847  101218  110825  101796   79018   60801   64259   57548
  11   51998   56715   52334   50952   52363   48668   40030   35766   40457
  12  105455   98441  106705   97005   75532   48018   36417   41013   49976
    year
age     2008    2009
  0  4506953 3904766
  1  3270061 3861954
  2  5012604 2771132
  3  4032470 4121762
  4  2024831 3136202
  5  1135339 1484701
  6  1710156  795624
  7   639126 1137325
  8   155564  420926
  9   136403  100296
  10   64402   87172
  11   34861   40439
  12   38732   20242


TABLE 2.7.1.15 NEA Mackerel. SURVIVORS AFTER TERMINAL YEAR

Units  :  NA 
    year
age     2010
  0  3904766
  1  3346168
  2  3273470
  3  2280184
  4  3210455
  5  2305065
  6  1043618
  7   531145
  8   752007
  9   272541
  10   64379
  11   54993
  12   38546


TABLE 2.7.1.16 NEA Mackerel. FITTED SELECTION PATTERN

Units  :  NA 
    year
age   1998  1999  2000  2001  2002  2003  2004  2005  2006  2007  2008  2009
  0  0.022 0.022 0.022 0.022 0.022 0.022 0.022 0.022 0.022 0.022 0.022 0.022
  1  0.076 0.076 0.076 0.076 0.076 0.076 0.076 0.076 0.076 0.076 0.076 0.076
  2  0.222 0.222 0.222 0.222 0.222 0.222 0.222 0.222 0.222 0.222 0.222 0.222
  3  0.493 0.493 0.493 0.493 0.493 0.493 0.493 0.493 0.493 0.493 0.493 0.493
  4  0.780 0.780 0.780 0.780 0.780 0.780 0.780 0.780 0.780 0.780 0.780 0.780
  5  1.000 1.000 1.000 1.000 1.000 1.000 1.000 1.000 1.000 1.000 1.000 1.000
  6  1.255 1.255 1.255 1.255 1.255 1.255 1.255 1.255 1.255 1.255 1.255 1.255
  7  1.302 1.302 1.302 1.302 1.302 1.302 1.302 1.302 1.302 1.302 1.302 1.302
  8  1.406 1.406 1.406 1.406 1.406 1.406 1.406 1.406 1.406 1.406 1.406 1.406
  9  1.448 1.448 1.448 1.448 1.448 1.448 1.448 1.448 1.448 1.448 1.448 1.448
  10 1.534 1.534 1.534 1.534 1.534 1.534 1.534 1.534 1.534 1.534 1.534 1.534
  11 1.500 1.500 1.500 1.500 1.500 1.500 1.500 1.500 1.500 1.500 1.500 1.500
  12 1.500 1.500 1.500 1.500 1.500 1.500 1.500 1.500 1.500 1.500 1.500 1.500


TABLE 2.7.1.17 NEA Mackerel. PREDICTED CATCH IN NUMBERS

Units  :  NA 
    year
age    1972   1973   1974   1975   1976   1977   1978   1979   1980   1981
  0   10707  16997  29277  36171  62510   6077  34623 114529  33101  56682
  1   34979  46267 108077  62908 282818 175220  34513 360698 411327 276229
  2   51652  74544  47410  92385 249293 328732 560738  62909 393025 502365
  3  194461 109015 155390  84509 374245 226560 449338 609522  64549 231814
  4  650980 415015 148543 265129 176793 236116 279236 385578 328206  32814
  5       0 814518 424462 164673 314261  67758 282158 250755 254172 184867
  6       0      0 673317 251420 133822 186619  78877 248099 142978 173349
  7       0      0      0 991632 379790 105004 172213  92655 145385 116328
  8       0      0      0      0 478925 229803  73933 169605  54778 125548
  9       0      0      0      0      0 236966 127975  73900 130771  41186
  10      0      0      0      0      0      0 243333 102363  39920 146186
  11      0      0      0      0      0      0      0 204291  56210  31639
  12      0      0      0      0      0      0      0      0 104927 199615
    year
age    1982   1983   1984   1985   1986   1987   1988   1989   1990   1991
  0   11180   7333 287287  81799  49983   7403  57644  65400  24246  10007
  1  213936  47914  31901 268960  58126  40126 152656  64263 140534  58459
  2  432867 668909  86064  20893 424563 156670 137635 312739 209848 212521
  3  472457 433744 682491  58346  38387 663378 190403 207689 410751 206421
  4  184581 373262 387582 445357  76545  56680 538394 167588 208146 375451
  5   26544 126533 251503 252217 364119  89003  72914 362469 156742 188623
  6  138970  20175  98063 165219 208021 244570  87323  48696 254015 129145
  7  112476  90151  22086  62363 126174 150588 201021  58116  42549 197888
  8   89672  72031  61813  19562  42569  85863 122496 111251  49698  51077
  9   88726  48668  47925  47560  13533  34795  55913  68240  85447  43415
  10  27552  49252  37482  37607  32786  19658  20710  32228  33041  70839
  11  91743  19745  30105  26965  22971  25747  13178  13904  16587  29743
  12 156121 132040  69183  97652  81153  63146  57494  35814  27905  52986
    year
age    1992   1993   1994   1995   1996   1997   1998   1999   2000   2001
  0   43447  19354  25368  14759  37956  36012  15388  17748  12757  33971
  1   83583 128144 147315  81529 119852 144390  47285  47102  61234  42586
  2  156292 210319 221489 340898 168882 186481 151474 118434 132536 166050
  3  356209 266677 306979 340215 333365 238426 269403 271581 237090 253579
  4  266591 398240 267420 275031 279182 378881 370993 320003 357742 295116
  5  306143 244285 301346 186855 177667 246781 357482 334457 318180 332583
  6  156070 255472 184925 197856  96303 135059 262372 296391 304088 267900
  7  113899 149932 189847 142342 119831  84378 135264 172671 213477 201402
  8  138458  97746 106108 113413  55812  66504  79571  90837 126638 143557
  9   51208 121400  80054  69191  59801  39450  48916  50008  62269  79337
  10  36612  38794  57622  42441  25803  26735  27487  31085  34603  39281
  11  40956  29067  20407  37960  18353  13950  17126  15998  19705  19965
  12  68205  68217  57551  39753  30648  24974  22932  32446  34202  40706
    year
age    2002   2003   2004   2005   2006   2007   2008   2009
  0   61448  26652  30691  33783  28261  17524  18575  21005
  1  112246 177976  71094  65473  82674  94526  46872  54543
  2  113848 262878 384985 123962 131728 227215 207942 113295
  3  310640 186172 399181 478488 180122 261495 361430 364234
  4  305246 325234 182085 325419 465182 239947 279006 426236
  5  262650 234919 234955 111352 242026 476103 196399 253400
  6  265595 180590 152380 131017  76808 230301 362182 166304
  7  167186 141858  91167  66631  71938  58512 139832 245606
  8  127255  90335  72577  40616  37449  56098  36381  97178
  9   84241  63705  42868  30113  21402  27437  32737  23764
  10  46766  42328  30388  17958  16086  15898  16238  21701
  11  21147  21412  18397  11605   8783  10967   8623   9875
  12  40260  30887  18151  10558  10071  13548   9580   4943


TABLE 2.7.1.18 NEA Mackerel. CATCH RESIDUALS

Units  :  Thousands NA 
    year
age    1998   1999   2000   2001   2002   2003   2004   2005   2006   2007
  0   1.379  1.328  1.047 -0.266  0.136 -0.615 -1.781 -1.908  0.724 -0.131
  1   0.742  0.446  0.514 -0.055  0.683  0.023 -1.061 -0.392 -0.176 -0.174
  2   0.417  0.116  0.075 -0.044 -0.490  0.009  0.101  0.062  0.226 -0.180
  3  -0.018 -0.194  0.150 -0.080  0.167 -0.739  0.224  0.324 -0.140 -0.138
  4  -0.138 -0.201  0.089  0.007  0.136 -0.114 -0.243 -0.117  0.007 -0.162
  5   0.012 -0.174 -0.074 -0.071 -0.001 -0.019  0.041  0.062 -0.220 -0.059
  6  -0.234 -0.194 -0.230 -0.145 -0.114 -0.001 -0.099 -0.089  0.232 -0.138
  7  -0.133 -0.082 -0.195 -0.031 -0.100 -0.069 -0.082 -0.051  0.025  0.252
  8  -0.090 -0.046 -0.175 -0.177 -0.069  0.031 -0.167 -0.066 -0.119  0.044
  9  -0.032  0.012 -0.173 -0.094 -0.053  0.160 -0.131 -0.238 -0.130  0.031
  10 -0.120 -0.024 -0.101  0.079 -0.066  0.079  0.077  0.041 -0.142  0.034
  11 -0.034  0.064 -0.041  0.029  0.021  0.182 -0.179 -0.389 -0.055  0.073
  12  0.000  0.000  0.000  0.000  0.000  0.000  0.000  0.000  0.000  0.000
    year
age    2008   2009
  0   0.326 -0.238
  1  -0.109 -0.449
  2  -0.282 -0.041
  3   0.068  0.208
  4   0.001  0.367
  5   0.270  0.235
  6  -0.355  0.296
  7  -0.126 -0.239
  8   0.446 -0.282
  9  -0.020  0.218
  10  0.167 -0.379
  11 -0.241 -0.285
  12  0.000  0.000


TABLE 2.7.1.19 NEA Mackerel. PREDICTED INDEX VALUES

NEA.Mac Egg Survey

Units  :  NA NA 
     year
age   1972 1973 1974 1975 1976 1977 1978 1979 1980 1981 1982 1983 1984 1985
  all   NA   NA   NA   NA   NA   NA   NA   NA   NA   NA   NA   NA   NA   NA
     year
age   1986 1987 1988 1989 1990 1991    1992 1993 1994    1995 1996 1997    1998
  all   NA   NA   NA   NA   NA   NA 3456253   NA   NA 3256498   NA   NA 3338650
     year
age   1999 2000    2001 2002 2003    2004 2005 2006    2007 2008 2009    2010
  all   NA   NA 2904528   NA   NA 2511004   NA   NA 3451155   NA   NA 4077354


TABLE 2.7.1.20 NEA Mackerel. INDEX RESIDUALS

NEA.Mac Egg Survey

Units  :  NA 
     year
age   1972 1973 1974 1975 1976 1977 1978 1979 1980 1981 1982 1983 1984 1985
  all   NA   NA   NA   NA   NA   NA   NA   NA   NA   NA   NA   NA   NA   NA
     year
age   1986 1987 1988 1989 1990 1991   1992 1993 1994   1995 1996 1997  1998
  all   NA   NA   NA   NA   NA   NA -0.025   NA   NA -0.137   NA   NA 0.116
     year
age   1999 2000   2001 2002 2003  2004 2005 2006   2007 2008 2009  2010
  all   NA   NA -0.002   NA   NA 0.091   NA   NA -0.057   NA   NA 0.014


TABLE 2.7.1.21 NEA Mackerel. FIT PARAMETERS

                               Value Std.dev Lower.95.pct.CL Upper.95.pct.CL
F, 1998                         0.26    0.10            0.21            0.32
F, 1999                         0.27    0.10            0.22            0.32
F, 2000                         0.31    0.09            0.26            0.37
F, 2001                         0.35    0.09            0.29            0.42
F, 2002                         0.39    0.09            0.32            0.47
F, 2003                         0.38    0.10            0.32            0.46
F, 2004                         0.35    0.10            0.28            0.42
F, 2005                         0.25    0.10            0.20            0.30
F, 2006                         0.20    0.11            0.17            0.25
F, 2007                         0.23    0.11            0.19            0.28
F, 2008                         0.21    0.11            0.16            0.26
F, 2009                         0.20    0.11            0.16            0.25
Selectivity at age 0            0.02    0.71            0.01            0.09
Selectivity at age 1            0.08    0.23            0.05            0.12
Selectivity at age 2            0.22    0.10            0.18            0.27
Selectivity at age 3            0.49    0.10            0.41            0.60
Selectivity at age 4            0.78    0.10            0.65            0.94
Selectivity at age 6            1.25    0.09            1.05            1.50
Selectivity at age 7            1.30    0.09            1.10            1.55
Selectivity at age 8            1.41    0.08            1.19            1.66
Selectivity at age 9            1.45    0.08            1.24            1.70
Selectivity at age 10           1.53    0.08            1.31            1.80
Terminal year pop, age 0  5172822.95    2.42        44976.47    594935428.63
Terminal year pop, age 1  3861953.15    0.58      1249093.87     11940401.40
Terminal year pop, age 2  2771130.52    0.22      1784783.26      4302575.30
Terminal year pop, age 3  4121761.23    0.16      3036440.14      5595010.87
Terminal year pop, age 4  3136201.14    0.13      2450724.11      4013408.75
Terminal year pop, age 5  1484700.47    0.12      1179660.81      1868618.05
Terminal year pop, age 6   795623.48    0.11       635504.58       996085.22
Terminal year pop, age 7  1137324.50    0.10       935997.64      1381955.43
Terminal year pop, age 8   420924.68    0.11       342340.25       517548.21
Terminal year pop, age 9   100294.62    0.12        79871.18       125940.43
Terminal year pop, age 10   87171.12    0.12        68744.84       110536.36
Terminal year pop, age 11   40438.50    0.13        31242.59        52341.12
Last true age pop, 1998     57032.74    0.25        35072.79        92742.36
Last true age pop, 1999     51996.54    0.19        36046.45        75004.34
Last true age pop, 2000     56713.69    0.16        41431.65        77632.50
Last true age pop, 2001     52333.30    0.15        39338.18        69621.28
Last true age pop, 2002     50950.96    0.14        38851.22        66819.02
Last true age pop, 2003     52361.79    0.14        40122.65        68334.39
Last true age pop, 2004     48667.27    0.14        37127.27        63794.16
Last true age pop, 2005     40029.33    0.14        30594.65        52373.44
Last true age pop, 2006     35764.95    0.13        27613.52        46322.67
Last true age pop, 2007     40455.77    0.13        31616.91        51765.62
Last true age pop, 2008     34859.88    0.13        27107.52        44829.30
Index 1, biomass, Q             1.36    0.02            1.29            1.42


