TABLE 2.7.1 NORTH SEA HERRING. WEIGHTS AT AGE IN THE CATCH

Units  :  kg 
, , unit = A

   year
age      2017      2018      2019      2020      2021      2022
  0 0.0090000 0.0054000 0.0064000 0.0000000 0.0000000 0.0000000
  1 0.0380000 0.0394000 0.0395000 0.0574700 0.0574700 0.0574700
  2 0.0990000 0.1085000 0.1210000 0.1923500 0.1923500 0.1923500
  3 0.1560000 0.1451000 0.1465000 0.1498000 0.1498000 0.1498000
  4 0.1730000 0.1838000 0.1688000 0.1700300 0.1700300 0.1700300
  5 0.1880000 0.1914000 0.2036000 0.2041100 0.2041100 0.2041100
  6 0.2150000 0.2151000 0.2081000 0.2081100 0.2081100 0.2081100
  7 0.2200000 0.2342000 0.2195000 0.2190000 0.2190000 0.2190000
  8 0.2305184 0.2455776 0.2434812 0.2434669 0.2434669 0.2434669

, , unit = B

   year
age      2017      2018      2019        2020        2021        2022
  0 0.0090000 0.0054000 0.0064000 0.006064374 0.006064374 0.006064374
  1 0.0380000 0.0394000 0.0395000 0.031531002 0.031531002 0.031531002
  2 0.0990000 0.1085000 0.1210000 0.039000000 0.039000000 0.039000000
  3 0.1560000 0.1451000 0.1465000 0.065000000 0.065000000 0.065000000
  4 0.1730000 0.1838000 0.1688000 0.000000000 0.000000000 0.000000000
  5 0.1880000 0.1914000 0.2036000 0.000000000 0.000000000 0.000000000
  6 0.2150000 0.2151000 0.2081000 0.000000000 0.000000000 0.000000000
  7 0.2200000 0.2342000 0.2195000 0.000000000 0.000000000 0.000000000
  8 0.2305184 0.2455776 0.2434812 0.000000000 0.000000000 0.000000000

, , unit = C

   year
age      2017      2018      2019  2020  2021  2022
  0 0.0090000 0.0054000 0.0064000 0.022 0.022 0.022
  1 0.0380000 0.0394000 0.0395000 0.042 0.042 0.042
  2 0.0990000 0.1085000 0.1210000 0.062 0.062 0.062
  3 0.1560000 0.1451000 0.1465000 0.085 0.085 0.085
  4 0.1730000 0.1838000 0.1688000 0.116 0.116 0.116
  5 0.1880000 0.1914000 0.2036000 0.118 0.118 0.118
  6 0.2150000 0.2151000 0.2081000 0.165 0.165 0.165
  7 0.2200000 0.2342000 0.2195000 0.202 0.202 0.202
  8 0.2305184 0.2455776 0.2434812 0.000 0.000 0.000

, , unit = D

   year
age      2017      2018      2019        2020        2021        2022
  0 0.0090000 0.0054000 0.0064000 0.006064374 0.006064374 0.006064374
  1 0.0380000 0.0394000 0.0395000 0.031531002 0.031531002 0.031531002
  2 0.0990000 0.1085000 0.1210000 0.039000000 0.039000000 0.039000000
  3 0.1560000 0.1451000 0.1465000 0.065000000 0.065000000 0.065000000
  4 0.1730000 0.1838000 0.1688000 0.000000000 0.000000000 0.000000000
  5 0.1880000 0.1914000 0.2036000 0.000000000 0.000000000 0.000000000
  6 0.2150000 0.2151000 0.2081000 0.000000000 0.000000000 0.000000000
  7 0.2200000 0.2342000 0.2195000 0.000000000 0.000000000 0.000000000
  8 0.2305184 0.2455776 0.2434812 0.000000000 0.000000000 0.000000000



TABLE 2.7.2 NORTH SEA HERRING. WEIGHTS AT AGE IN THE STOCK

Units  :  kg 
, , unit = A

   year
age        2017        2018       2019       2020       2021       2022
  0 0.004166667 0.004566667 0.00400000 0.00400000 0.00400000 0.00400000
  1 0.042866667 0.039966667 0.04023333 0.04023333 0.04023333 0.04023333
  2 0.110866667 0.101300000 0.09900000 0.09900000 0.09900000 0.09900000
  3 0.153166667 0.152966667 0.14846667 0.14846667 0.14846667 0.14846667
  4 0.182966667 0.185766667 0.17736667 0.17736667 0.17736667 0.17736667
  5 0.207100000 0.215033333 0.20896667 0.20896667 0.20896667 0.20896667
  6 0.226533333 0.229200000 0.22613333 0.22613333 0.22613333 0.22613333
  7 0.227066667 0.238766667 0.23786667 0.23786667 0.23786667 0.23786667
  8 0.229232697 0.246755779 0.25411003 0.25411003 0.25411003 0.25411003

, , unit = B

   year
age        2017        2018       2019       2020       2021       2022
  0 0.004166667 0.004566667 0.00400000 0.00400000 0.00400000 0.00400000
  1 0.042866667 0.039966667 0.04023333 0.04023333 0.04023333 0.04023333
  2 0.110866667 0.101300000 0.09900000 0.09900000 0.09900000 0.09900000
  3 0.153166667 0.152966667 0.14846667 0.14846667 0.14846667 0.14846667
  4 0.182966667 0.185766667 0.17736667 0.17736667 0.17736667 0.17736667
  5 0.207100000 0.215033333 0.20896667 0.20896667 0.20896667 0.20896667
  6 0.226533333 0.229200000 0.22613333 0.22613333 0.22613333 0.22613333
  7 0.227066667 0.238766667 0.23786667 0.23786667 0.23786667 0.23786667
  8 0.229232697 0.246755779 0.25411003 0.25411003 0.25411003 0.25411003

, , unit = C

   year
age        2017        2018       2019       2020       2021       2022
  0 0.004166667 0.004566667 0.00400000 0.00400000 0.00400000 0.00400000
  1 0.042866667 0.039966667 0.04023333 0.04023333 0.04023333 0.04023333
  2 0.110866667 0.101300000 0.09900000 0.09900000 0.09900000 0.09900000
  3 0.153166667 0.152966667 0.14846667 0.14846667 0.14846667 0.14846667
  4 0.182966667 0.185766667 0.17736667 0.17736667 0.17736667 0.17736667
  5 0.207100000 0.215033333 0.20896667 0.20896667 0.20896667 0.20896667
  6 0.226533333 0.229200000 0.22613333 0.22613333 0.22613333 0.22613333
  7 0.227066667 0.238766667 0.23786667 0.23786667 0.23786667 0.23786667
  8 0.229232697 0.246755779 0.25411003 0.25411003 0.25411003 0.25411003

, , unit = D

   year
age        2017        2018       2019       2020       2021       2022
  0 0.004166667 0.004566667 0.00400000 0.00400000 0.00400000 0.00400000
  1 0.042866667 0.039966667 0.04023333 0.04023333 0.04023333 0.04023333
  2 0.110866667 0.101300000 0.09900000 0.09900000 0.09900000 0.09900000
  3 0.153166667 0.152966667 0.14846667 0.14846667 0.14846667 0.14846667
  4 0.182966667 0.185766667 0.17736667 0.17736667 0.17736667 0.17736667
  5 0.207100000 0.215033333 0.20896667 0.20896667 0.20896667 0.20896667
  6 0.226533333 0.229200000 0.22613333 0.22613333 0.22613333 0.22613333
  7 0.227066667 0.238766667 0.23786667 0.23786667 0.23786667 0.23786667
  8 0.229232697 0.246755779 0.25411003 0.25411003 0.25411003 0.25411003



TABLE 2.7.3 NORTH SEA HERRING. STOCK IN NUMBER

Units  :  NA 
, , unit = A

   year
age             2017             2018             2019             2020 2021
  0 19643003.0134507 33129678.9165206 32308921.2615258 29574329.6577601     
  1 12499133.8382159 8351923.77623338 11682237.4167326 13806658.2083333     
  2 3354844.13417469 5535647.24223637 3453748.89588038 5805163.71996398     
  3 9857940.57710963 2356816.56988844 2978594.48935361 2134473.16460669     
  4 5539718.36366735 6690010.21076222 1637624.12015288 1775176.50856717     
  5 1478261.27179328 3806308.89933065 3874264.50389345 953550.162405263     
  6  766869.16325713 967397.947500235 2268529.20371352 2085278.10499963     
  7 629695.636720485 514070.003385132 519175.694571058 1171896.35829031     
  8 634822.551222524 729156.432595496 635202.760983353 538347.880622683     
   year
age 2022
  0     
  1     
  2     
  3     
  4     
  5     
  6     
  7     
  8     

, , unit = B

   year
age             2017             2018             2019             2020 2021
  0 19643003.0134507 33129678.9165206 32308921.2615258 29574329.6577601     
  1 12499133.8382159 8351923.77623338 11682237.4167326 13806658.2083333     
  2 3354844.13417469 5535647.24223637 3453748.89588038 5805163.71996398     
  3 9857940.57710963 2356816.56988844 2978594.48935361 2134473.16460669     
  4 5539718.36366735 6690010.21076222 1637624.12015288 1775176.50856717     
  5 1478261.27179328 3806308.89933065 3874264.50389345 953550.162405263     
  6  766869.16325713 967397.947500235 2268529.20371352 2085278.10499963     
  7 629695.636720485 514070.003385132 519175.694571058 1171896.35829031     
  8 634822.551222524 729156.432595496 635202.760983353 538347.880622683     
   year
age 2022
  0     
  1     
  2     
  3     
  4     
  5     
  6     
  7     
  8     

, , unit = C

   year
age             2017             2018             2019             2020 2021
  0 19643003.0134507 33129678.9165206 32308921.2615258 29574329.6577601     
  1 12499133.8382159 8351923.77623338 11682237.4167326 13806658.2083333     
  2 3354844.13417469 5535647.24223637 3453748.89588038 5805163.71996398     
  3 9857940.57710963 2356816.56988844 2978594.48935361 2134473.16460669     
  4 5539718.36366735 6690010.21076222 1637624.12015288 1775176.50856717     
  5 1478261.27179328 3806308.89933065 3874264.50389345 953550.162405263     
  6  766869.16325713 967397.947500235 2268529.20371352 2085278.10499963     
  7 629695.636720485 514070.003385132 519175.694571058 1171896.35829031     
  8 634822.551222524 729156.432595496 635202.760983353 538347.880622683     
   year
age 2022
  0     
  1     
  2     
  3     
  4     
  5     
  6     
  7     
  8     

, , unit = D

   year
age             2017             2018             2019             2020 2021
  0 19643003.0134507 33129678.9165206 32308921.2615258 29574329.6577601     
  1 12499133.8382159 8351923.77623338 11682237.4167326 13806658.2083333     
  2 3354844.13417469 5535647.24223637 3453748.89588038 5805163.71996398     
  3 9857940.57710963 2356816.56988844 2978594.48935361 2134473.16460669     
  4 5539718.36366735 6690010.21076222 1637624.12015288 1775176.50856717     
  5 1478261.27179328 3806308.89933065 3874264.50389345 953550.162405263     
  6  766869.16325713 967397.947500235 2268529.20371352 2085278.10499963     
  7 629695.636720485 514070.003385132 519175.694571058 1171896.35829031     
  8 634822.551222524 729156.432595496 635202.760983353 538347.880622683     
   year
age 2022
  0     
  1     
  2     
  3     
  4     
  5     
  6     
  7     
  8     



TABLE 2.7.4 NORTH SEA HERRING. FISHING MORTALITY AT AGE IN THE STOCK

Units  :  f 
, , unit = A

   year
age                2017                2018                2019
  0                   0                   0                   0
  1 0.00162195266160586 0.00168936116279531 0.00135341885705931
  2  0.0340143543261102  0.0358986303378416  0.0284089550226247
  3   0.109764792917411   0.120797224571103   0.102637730049527
  4   0.172022012246933   0.199599784122427   0.169048089510442
  5   0.221509645958085   0.265397164993626   0.238859314757979
  6   0.274024719804453   0.340689716631783    0.30535458193605
  7    0.40369984076427    0.49313615805652   0.447220605870598
  8    0.40369984076427    0.49313615805652   0.447220605870598
   year
age                2020 2021 2022
  0                   0          
  1 0.00157791902187702          
  2  0.0331213651293904          
  3   0.119663154931399          
  4   0.197089769770825          
  5   0.278481512393824          
  6    0.35600527995795          
  7    0.52140395926551          
  8    0.52140395926551          

, , unit = B

   year
age                  2017                  2018                  2019
  0    0.0439171192728084    0.0431101099130431    0.0310488817577302
  1    0.0124227664306439   0.00901259543850904   0.00706515583941084
  2    0.0009832987638123  0.000641890846005936  0.000495012659972362
  3 0.0000338636038152688 0.0000239326300467866 0.0000216816392461919
  4 0.0000338636038152688 0.0000239326300467866 0.0000216816392461919
  5 0.0000338636038152688 0.0000239326300467866 0.0000216816392461919
  6                     0                     0                     0
  7                     0                     0                     0
  8                     0                     0                     0
   year
age                 2020 2021 2022
  0   0.0291193461409488          
  1  0.00662496240796051          
  2 0.000464180607558452          
  3 0.000020331443683571          
  4 0.000020331443683571          
  5 0.000020331443683571          
  6                    0          
  7                    0          
  8                    0          

, , unit = C

   year
age                2017                 2018                 2019
  0                   0                    0                    0
  1 0.00696606116726273  0.00598361962961295  0.00452574084315164
  2 0.00899147326770787  0.00796789119054499   0.0063672146482741
  3 0.00121879602437786 0.000841854845975552 0.000418423232343763
  4   0.000369081542569  0.00024221894897064 0.000111020299883732
  5   0.000369081542569  0.00024221894897064 0.000111020299883732
  6   0.000369081542569  0.00024221894897064 0.000111020299883732
  7                   0                    0                    0
  8                   0                    0                    0
   year
age                  2020 2021 2022
  0                     0          
  1    0.0039348706258295          
  2   0.00553600867074625          
  3  0.000363763997161257          
  4 0.0000965177186956847          
  5 0.0000965177186956847          
  6 0.0000965177186956847          
  7                     0          
  8                     0          

, , unit = D

   year
age                  2017                  2018                  2019
  0    0.0439171192728084    0.0431101099130431    0.0310488817577302
  1    0.0124227664306439   0.00901259543850904   0.00706515583941084
  2    0.0009832987638123  0.000641890846005936  0.000495012659972362
  3 0.0000338636038152688 0.0000239326300467866 0.0000216816392461919
  4 0.0000338636038152688 0.0000239326300467866 0.0000216816392461919
  5 0.0000338636038152688 0.0000239326300467866 0.0000216816392461919
  6                     0                     0                     0
  7                     0                     0                     0
  8                     0                     0                     0
   year
age                    2020 2021 2022
  0     0.00125051807160208          
  1     0.00028450622396321          
  2   0.0000199340409440994          
  3 0.000000873125297010429          
  4 0.000000873125297010429          
  5 0.000000873125297010429          
  6                       0          
  7                       0          
  8                       0          



TABLE 2.7.5 NORTH SEA HERRING. NATURAL MORTALITY

Units  :  NA 
, , unit = A

   year
age      2017      2018      2019      2020      2021      2022
  0 0.8873620 0.8693360 0.8495409 0.8689822 0.8689822 0.8689822
  1 0.6725878 0.6758221 0.6800092 0.6760127 0.6760127 0.6760127
  2 0.4402272 0.4408952 0.4419012 0.4409628 0.4409628 0.4409628
  3 0.3892692 0.3883200 0.3873211 0.3883101 0.3883101 0.3883101
  4 0.3779935 0.3782252 0.3783272 0.3781993 0.3781993 0.3781993
  5 0.3627596 0.3633887 0.3639009 0.3633653 0.3633653 0.3633653
  6 0.3532380 0.3547852 0.3562775 0.3547742 0.3547742 0.3547742
  7 0.3475167 0.3499350 0.3523502 0.3499344 0.3499344 0.3499344
  8 0.3378075 0.3403759 0.3430125 0.3403895 0.3403895 0.3403895

, , unit = B

   year
age      2017      2018      2019      2020      2021      2022
  0 0.8873620 0.8693360 0.8495409 0.8689822 0.8689822 0.8689822
  1 0.6725878 0.6758221 0.6800092 0.6760127 0.6760127 0.6760127
  2 0.4402272 0.4408952 0.4419012 0.4409628 0.4409628 0.4409628
  3 0.3892692 0.3883200 0.3873211 0.3883101 0.3883101 0.3883101
  4 0.3779935 0.3782252 0.3783272 0.3781993 0.3781993 0.3781993
  5 0.3627596 0.3633887 0.3639009 0.3633653 0.3633653 0.3633653
  6 0.3532380 0.3547852 0.3562775 0.3547742 0.3547742 0.3547742
  7 0.3475167 0.3499350 0.3523502 0.3499344 0.3499344 0.3499344
  8 0.3378075 0.3403759 0.3430125 0.3403895 0.3403895 0.3403895

, , unit = C

   year
age      2017      2018      2019      2020      2021      2022
  0 0.8873620 0.8693360 0.8495409 0.8689822 0.8689822 0.8689822
  1 0.6725878 0.6758221 0.6800092 0.6760127 0.6760127 0.6760127
  2 0.4402272 0.4408952 0.4419012 0.4409628 0.4409628 0.4409628
  3 0.3892692 0.3883200 0.3873211 0.3883101 0.3883101 0.3883101
  4 0.3779935 0.3782252 0.3783272 0.3781993 0.3781993 0.3781993
  5 0.3627596 0.3633887 0.3639009 0.3633653 0.3633653 0.3633653
  6 0.3532380 0.3547852 0.3562775 0.3547742 0.3547742 0.3547742
  7 0.3475167 0.3499350 0.3523502 0.3499344 0.3499344 0.3499344
  8 0.3378075 0.3403759 0.3430125 0.3403895 0.3403895 0.3403895

, , unit = D

   year
age      2017      2018      2019      2020      2021      2022
  0 0.8873620 0.8693360 0.8495409 0.8689822 0.8689822 0.8689822
  1 0.6725878 0.6758221 0.6800092 0.6760127 0.6760127 0.6760127
  2 0.4402272 0.4408952 0.4419012 0.4409628 0.4409628 0.4409628
  3 0.3892692 0.3883200 0.3873211 0.3883101 0.3883101 0.3883101
  4 0.3779935 0.3782252 0.3783272 0.3781993 0.3781993 0.3781993
  5 0.3627596 0.3633887 0.3639009 0.3633653 0.3633653 0.3633653
  6 0.3532380 0.3547852 0.3562775 0.3547742 0.3547742 0.3547742
  7 0.3475167 0.3499350 0.3523502 0.3499344 0.3499344 0.3499344
  8 0.3378075 0.3403759 0.3430125 0.3403895 0.3403895 0.3403895



TABLE 2.7.6 NORTH SEA HERRING. PROPORTION MATURE

Units  :  NA 
, , unit = A

   year
age 2017 2018 2019        2020        2021        2022
  0 0.00 0.00 0.00 0.000000000 0.000000000 0.000000000
  1 0.00 0.00 0.01 0.003333333 0.003333333 0.003333333
  2 0.55 0.37 0.59 0.503333333 0.503333333 0.503333333
  3 0.96 0.91 0.97 0.946666667 0.946666667 0.946666667
  4 0.97 0.98 0.99 0.980000000 0.980000000 0.980000000
  5 1.00 1.00 1.00 1.000000000 1.000000000 1.000000000
  6 1.00 1.00 1.00 1.000000000 1.000000000 1.000000000
  7 1.00 1.00 1.00 1.000000000 1.000000000 1.000000000
  8 1.00 1.00 1.00 1.000000000 1.000000000 1.000000000

, , unit = B

   year
age 2017 2018 2019        2020        2021        2022
  0 0.00 0.00 0.00 0.000000000 0.000000000 0.000000000
  1 0.00 0.00 0.01 0.003333333 0.003333333 0.003333333
  2 0.55 0.37 0.59 0.503333333 0.503333333 0.503333333
  3 0.96 0.91 0.97 0.946666667 0.946666667 0.946666667
  4 0.97 0.98 0.99 0.980000000 0.980000000 0.980000000
  5 1.00 1.00 1.00 1.000000000 1.000000000 1.000000000
  6 1.00 1.00 1.00 1.000000000 1.000000000 1.000000000
  7 1.00 1.00 1.00 1.000000000 1.000000000 1.000000000
  8 1.00 1.00 1.00 1.000000000 1.000000000 1.000000000

, , unit = C

   year
age 2017 2018 2019        2020        2021        2022
  0 0.00 0.00 0.00 0.000000000 0.000000000 0.000000000
  1 0.00 0.00 0.01 0.003333333 0.003333333 0.003333333
  2 0.55 0.37 0.59 0.503333333 0.503333333 0.503333333
  3 0.96 0.91 0.97 0.946666667 0.946666667 0.946666667
  4 0.97 0.98 0.99 0.980000000 0.980000000 0.980000000
  5 1.00 1.00 1.00 1.000000000 1.000000000 1.000000000
  6 1.00 1.00 1.00 1.000000000 1.000000000 1.000000000
  7 1.00 1.00 1.00 1.000000000 1.000000000 1.000000000
  8 1.00 1.00 1.00 1.000000000 1.000000000 1.000000000

, , unit = D

   year
age 2017 2018 2019        2020        2021        2022
  0 0.00 0.00 0.00 0.000000000 0.000000000 0.000000000
  1 0.00 0.00 0.01 0.003333333 0.003333333 0.003333333
  2 0.55 0.37 0.59 0.503333333 0.503333333 0.503333333
  3 0.96 0.91 0.97 0.946666667 0.946666667 0.946666667
  4 0.97 0.98 0.99 0.980000000 0.980000000 0.980000000
  5 1.00 1.00 1.00 1.000000000 1.000000000 1.000000000
  6 1.00 1.00 1.00 1.000000000 1.000000000 1.000000000
  7 1.00 1.00 1.00 1.000000000 1.000000000 1.000000000
  8 1.00 1.00 1.00 1.000000000 1.000000000 1.000000000



TABLE 2.7.7 NORTH SEA HERRING. FRACTION OF HARVEST BEFORE SPAWNING

Units  :  NA 
, , unit = A

   year
age 2017 2018 2019 2020 2021 2022
  0 0.67 0.67 0.67 0.67 0.67 0.67
  1 0.67 0.67 0.67 0.67 0.67 0.67
  2 0.67 0.67 0.67 0.67 0.67 0.67
  3 0.67 0.67 0.67 0.67 0.67 0.67
  4 0.67 0.67 0.67 0.67 0.67 0.67
  5 0.67 0.67 0.67 0.67 0.67 0.67
  6 0.67 0.67 0.67 0.67 0.67 0.67
  7 0.67 0.67 0.67 0.67 0.67 0.67
  8 0.67 0.67 0.67 0.67 0.67 0.67

, , unit = B

   year
age 2017 2018 2019 2020 2021 2022
  0 0.67 0.67 0.67 0.67 0.67 0.67
  1 0.67 0.67 0.67 0.67 0.67 0.67
  2 0.67 0.67 0.67 0.67 0.67 0.67
  3 0.67 0.67 0.67 0.67 0.67 0.67
  4 0.67 0.67 0.67 0.67 0.67 0.67
  5 0.67 0.67 0.67 0.67 0.67 0.67
  6 0.67 0.67 0.67 0.67 0.67 0.67
  7 0.67 0.67 0.67 0.67 0.67 0.67
  8 0.67 0.67 0.67 0.67 0.67 0.67

, , unit = C

   year
age 2017 2018 2019 2020 2021 2022
  0 0.67 0.67 0.67 0.67 0.67 0.67
  1 0.67 0.67 0.67 0.67 0.67 0.67
  2 0.67 0.67 0.67 0.67 0.67 0.67
  3 0.67 0.67 0.67 0.67 0.67 0.67
  4 0.67 0.67 0.67 0.67 0.67 0.67
  5 0.67 0.67 0.67 0.67 0.67 0.67
  6 0.67 0.67 0.67 0.67 0.67 0.67
  7 0.67 0.67 0.67 0.67 0.67 0.67
  8 0.67 0.67 0.67 0.67 0.67 0.67

, , unit = D

   year
age 2017 2018 2019 2020 2021 2022
  0 0.67 0.67 0.67 0.67 0.67 0.67
  1 0.67 0.67 0.67 0.67 0.67 0.67
  2 0.67 0.67 0.67 0.67 0.67 0.67
  3 0.67 0.67 0.67 0.67 0.67 0.67
  4 0.67 0.67 0.67 0.67 0.67 0.67
  5 0.67 0.67 0.67 0.67 0.67 0.67
  6 0.67 0.67 0.67 0.67 0.67 0.67
  7 0.67 0.67 0.67 0.67 0.67 0.67
  8 0.67 0.67 0.67 0.67 0.67 0.67



TABLE 2.7.8 NORTH SEA HERRING. FRACTION OF NATURAL MORTALITY BEFORE SPAWNING

Units  :  NA 
, , unit = A

   year
age 2017 2018 2019 2020 2021 2022
  0 0.67 0.67 0.67 0.67 0.67 0.67
  1 0.67 0.67 0.67 0.67 0.67 0.67
  2 0.67 0.67 0.67 0.67 0.67 0.67
  3 0.67 0.67 0.67 0.67 0.67 0.67
  4 0.67 0.67 0.67 0.67 0.67 0.67
  5 0.67 0.67 0.67 0.67 0.67 0.67
  6 0.67 0.67 0.67 0.67 0.67 0.67
  7 0.67 0.67 0.67 0.67 0.67 0.67
  8 0.67 0.67 0.67 0.67 0.67 0.67

, , unit = B

   year
age 2017 2018 2019 2020 2021 2022
  0 0.67 0.67 0.67 0.67 0.67 0.67
  1 0.67 0.67 0.67 0.67 0.67 0.67
  2 0.67 0.67 0.67 0.67 0.67 0.67
  3 0.67 0.67 0.67 0.67 0.67 0.67
  4 0.67 0.67 0.67 0.67 0.67 0.67
  5 0.67 0.67 0.67 0.67 0.67 0.67
  6 0.67 0.67 0.67 0.67 0.67 0.67
  7 0.67 0.67 0.67 0.67 0.67 0.67
  8 0.67 0.67 0.67 0.67 0.67 0.67

, , unit = C

   year
age 2017 2018 2019 2020 2021 2022
  0 0.67 0.67 0.67 0.67 0.67 0.67
  1 0.67 0.67 0.67 0.67 0.67 0.67
  2 0.67 0.67 0.67 0.67 0.67 0.67
  3 0.67 0.67 0.67 0.67 0.67 0.67
  4 0.67 0.67 0.67 0.67 0.67 0.67
  5 0.67 0.67 0.67 0.67 0.67 0.67
  6 0.67 0.67 0.67 0.67 0.67 0.67
  7 0.67 0.67 0.67 0.67 0.67 0.67
  8 0.67 0.67 0.67 0.67 0.67 0.67

, , unit = D

   year
age 2017 2018 2019 2020 2021 2022
  0 0.67 0.67 0.67 0.67 0.67 0.67
  1 0.67 0.67 0.67 0.67 0.67 0.67
  2 0.67 0.67 0.67 0.67 0.67 0.67
  3 0.67 0.67 0.67 0.67 0.67 0.67
  4 0.67 0.67 0.67 0.67 0.67 0.67
  5 0.67 0.67 0.67 0.67 0.67 0.67
  6 0.67 0.67 0.67 0.67 0.67 0.67
  7 0.67 0.67 0.67 0.67 0.67 0.67
  8 0.67 0.67 0.67 0.67 0.67 0.67




TABLE 2.7.9 NORTH SEA HERRING. Recruitment in 2021

32850925


TABLE 2.7.10 NORTH SEA HERRING. Recruitment in 2022

32850925


TABLE 2.7.11 NORTH SEA HERRING. FLR, R SOFTWARE VERSIONS

R version 3.6.3 (2020-02-29)

Package  : FLSAM
Version  : 2.1.0
Packaged : 
Built    : R 3.6.3; ; 2020-03-20 17:25:46 UTC; windows

Package  : FLCore
Version  : 2.6.6
Packaged : 
Built    : R 3.6.3; ; 2020-03-20 13:25:02 UTC; windows


