TABLE 2.7.1 NORTH SEA HERRING. WEIGHTS AT AGE IN THE CATCH

Units  :  kg 
, , unit = A

   year
age      2016      2017      2018      2019      2020      2021
  0 0.0071000 0.0090000 0.0054000 0.0000000 0.0000000 0.0000000
  1 0.0265000 0.0380000 0.0394000 0.0890300 0.0890300 0.0890300
  2 0.1267000 0.0990000 0.1085000 0.1175900 0.1175900 0.1175900
  3 0.1549000 0.1560000 0.1451000 0.1453400 0.1453400 0.1453400
  4 0.1803000 0.1730000 0.1838000 0.1838400 0.1838400 0.1838400
  5 0.2059000 0.1880000 0.1914000 0.1914100 0.1914100 0.1914100
  6 0.2151000 0.2150000 0.2151000 0.2151200 0.2151200 0.2151200
  7 0.2313000 0.2200000 0.2342000 0.2342400 0.2342400 0.2342400
  8 0.2299244 0.2305184 0.2455776 0.2455873 0.2455873 0.2455873

, , unit = B

   year
age      2016      2017      2018        2019        2020        2021
  0 0.0071000 0.0090000 0.0054000 0.005449234 0.005449234 0.005449234
  1 0.0265000 0.0380000 0.0394000 0.026532076 0.026532076 0.026532076
  2 0.1267000 0.0990000 0.1085000 0.029537017 0.029537017 0.029537017
  3 0.1549000 0.1560000 0.1451000 0.048000000 0.048000000 0.048000000
  4 0.1803000 0.1730000 0.1838000 0.000000000 0.000000000 0.000000000
  5 0.2059000 0.1880000 0.1914000 0.000000000 0.000000000 0.000000000
  6 0.2151000 0.2150000 0.2151000 0.000000000 0.000000000 0.000000000
  7 0.2313000 0.2200000 0.2342000 0.000000000 0.000000000 0.000000000
  8 0.2299244 0.2305184 0.2455776 0.000000000 0.000000000 0.000000000

, , unit = C

   year
age      2016      2017      2018    2019    2020    2021
  0 0.0071000 0.0090000 0.0054000 0.02163 0.02163 0.02163
  1 0.0265000 0.0380000 0.0394000 0.04951 0.04951 0.04951
  2 0.1267000 0.0990000 0.1085000 0.05690 0.05690 0.05690
  3 0.1549000 0.1560000 0.1451000 0.10484 0.10484 0.10484
  4 0.1803000 0.1730000 0.1838000 0.15789 0.15789 0.15789
  5 0.2059000 0.1880000 0.1914000 0.18110 0.18110 0.18110
  6 0.2151000 0.2150000 0.2151000 0.18925 0.18925 0.18925
  7 0.2313000 0.2200000 0.2342000 0.18664 0.18664 0.18664
  8 0.2299244 0.2305184 0.2455776 0.20210 0.20210 0.20210

, , unit = D

   year
age      2016      2017      2018        2019        2020        2021
  0 0.0071000 0.0090000 0.0054000 0.005449234 0.005449234 0.005449234
  1 0.0265000 0.0380000 0.0394000 0.026532076 0.026532076 0.026532076
  2 0.1267000 0.0990000 0.1085000 0.029537017 0.029537017 0.029537017
  3 0.1549000 0.1560000 0.1451000 0.048000000 0.048000000 0.048000000
  4 0.1803000 0.1730000 0.1838000 0.000000000 0.000000000 0.000000000
  5 0.2059000 0.1880000 0.1914000 0.000000000 0.000000000 0.000000000
  6 0.2151000 0.2150000 0.2151000 0.000000000 0.000000000 0.000000000
  7 0.2313000 0.2200000 0.2342000 0.000000000 0.000000000 0.000000000
  8 0.2299244 0.2305184 0.2455776 0.000000000 0.000000000 0.000000000



TABLE 2.7.2 NORTH SEA HERRING. WEIGHTS AT AGE IN THE STOCK

Units  :  kg 
, , unit = A

   year
age       2016        2017        2018        2019        2020        2021
  0 0.00500000 0.004166667 0.004566667 0.004566667 0.004566667 0.004566667
  1 0.04333333 0.042866667 0.039966667 0.039966667 0.039966667 0.039966667
  2 0.12100000 0.110866667 0.101300000 0.101300000 0.101300000 0.101300000
  3 0.16033333 0.153166667 0.152966667 0.152966667 0.152966667 0.152966667
  4 0.18866667 0.182966667 0.185766667 0.185766667 0.185766667 0.185766667
  5 0.21600000 0.207100000 0.215033333 0.215033333 0.215033333 0.215033333
  6 0.22433333 0.226533333 0.229200000 0.229200000 0.229200000 0.229200000
  7 0.22433333 0.227066667 0.238766667 0.238766667 0.238766667 0.238766667
  8 0.23372066 0.229232697 0.246755779 0.246755779 0.246755779 0.246755779

, , unit = B

   year
age       2016        2017        2018        2019        2020        2021
  0 0.00500000 0.004166667 0.004566667 0.004566667 0.004566667 0.004566667
  1 0.04333333 0.042866667 0.039966667 0.039966667 0.039966667 0.039966667
  2 0.12100000 0.110866667 0.101300000 0.101300000 0.101300000 0.101300000
  3 0.16033333 0.153166667 0.152966667 0.152966667 0.152966667 0.152966667
  4 0.18866667 0.182966667 0.185766667 0.185766667 0.185766667 0.185766667
  5 0.21600000 0.207100000 0.215033333 0.215033333 0.215033333 0.215033333
  6 0.22433333 0.226533333 0.229200000 0.229200000 0.229200000 0.229200000
  7 0.22433333 0.227066667 0.238766667 0.238766667 0.238766667 0.238766667
  8 0.23372066 0.229232697 0.246755779 0.246755779 0.246755779 0.246755779

, , unit = C

   year
age       2016        2017        2018        2019        2020        2021
  0 0.00500000 0.004166667 0.004566667 0.004566667 0.004566667 0.004566667
  1 0.04333333 0.042866667 0.039966667 0.039966667 0.039966667 0.039966667
  2 0.12100000 0.110866667 0.101300000 0.101300000 0.101300000 0.101300000
  3 0.16033333 0.153166667 0.152966667 0.152966667 0.152966667 0.152966667
  4 0.18866667 0.182966667 0.185766667 0.185766667 0.185766667 0.185766667
  5 0.21600000 0.207100000 0.215033333 0.215033333 0.215033333 0.215033333
  6 0.22433333 0.226533333 0.229200000 0.229200000 0.229200000 0.229200000
  7 0.22433333 0.227066667 0.238766667 0.238766667 0.238766667 0.238766667
  8 0.23372066 0.229232697 0.246755779 0.246755779 0.246755779 0.246755779

, , unit = D

   year
age       2016        2017        2018        2019        2020        2021
  0 0.00500000 0.004166667 0.004566667 0.004566667 0.004566667 0.004566667
  1 0.04333333 0.042866667 0.039966667 0.039966667 0.039966667 0.039966667
  2 0.12100000 0.110866667 0.101300000 0.101300000 0.101300000 0.101300000
  3 0.16033333 0.153166667 0.152966667 0.152966667 0.152966667 0.152966667
  4 0.18866667 0.182966667 0.185766667 0.185766667 0.185766667 0.185766667
  5 0.21600000 0.207100000 0.215033333 0.215033333 0.215033333 0.215033333
  6 0.22433333 0.226533333 0.229200000 0.229200000 0.229200000 0.229200000
  7 0.22433333 0.227066667 0.238766667 0.238766667 0.238766667 0.238766667
  8 0.23372066 0.229232697 0.246755779 0.246755779 0.246755779 0.246755779



TABLE 2.7.3 NORTH SEA HERRING. STOCK IN NUMBER

Units  :  NA 
, , unit = A

   year
age             2016             2017             2018             2019 2020
  0 32864572.1993313 20022378.5443129 36780644.9998721 26191234.2961457     
  1 7078298.47501056 12461780.4636237  8790338.3879691 14066353.7129591     
  2 15229436.6775236  3274372.2409834 5620370.59140352 4397586.71673616     
  3 8061943.96005542 9410218.05106001 2275811.40008405 3450200.46002759     
  4 2220745.99423487 5291507.42173292 6114577.54463093 1377760.90775324     
  5 1439131.47052726 1416926.33841082 3498836.39509486 3252467.16919728     
  6 1308824.73953265 726788.516455336 922321.158060329 1771075.29340321     
  7  744497.52264144 606557.215320055 462910.578009251  473265.55625342     
  8 768926.326320086 610748.673765995 656236.133520628 463287.375073153     
   year
age 2021
  0     
  1     
  2     
  3     
  4     
  5     
  6     
  7     
  8     

, , unit = B

   year
age             2016             2017             2018             2019 2020
  0 32864572.1993313 20022378.5443129 36780644.9998721 26191234.2961457     
  1 7078298.47501056 12461780.4636237  8790338.3879691 14066353.7129591     
  2 15229436.6775236  3274372.2409834 5620370.59140352 4397586.71673616     
  3 8061943.96005542 9410218.05106001 2275811.40008405 3450200.46002759     
  4 2220745.99423487 5291507.42173292 6114577.54463093 1377760.90775324     
  5 1439131.47052726 1416926.33841082 3498836.39509486 3252467.16919728     
  6 1308824.73953265 726788.516455336 922321.158060329 1771075.29340321     
  7  744497.52264144 606557.215320055 462910.578009251  473265.55625342     
  8 768926.326320086 610748.673765995 656236.133520628 463287.375073153     
   year
age 2021
  0     
  1     
  2     
  3     
  4     
  5     
  6     
  7     
  8     

, , unit = C

   year
age             2016             2017             2018             2019 2020
  0 32864572.1993313 20022378.5443129 36780644.9998721 26191234.2961457     
  1 7078298.47501056 12461780.4636237  8790338.3879691 14066353.7129591     
  2 15229436.6775236  3274372.2409834 5620370.59140352 4397586.71673616     
  3 8061943.96005542 9410218.05106001 2275811.40008405 3450200.46002759     
  4 2220745.99423487 5291507.42173292 6114577.54463093 1377760.90775324     
  5 1439131.47052726 1416926.33841082 3498836.39509486 3252467.16919728     
  6 1308824.73953265 726788.516455336 922321.158060329 1771075.29340321     
  7  744497.52264144 606557.215320055 462910.578009251  473265.55625342     
  8 768926.326320086 610748.673765995 656236.133520628 463287.375073153     
   year
age 2021
  0     
  1     
  2     
  3     
  4     
  5     
  6     
  7     
  8     

, , unit = D

   year
age             2016             2017             2018             2019 2020
  0 32864572.1993313 20022378.5443129 36780644.9998721 26191234.2961457     
  1 7078298.47501056 12461780.4636237  8790338.3879691 14066353.7129591     
  2 15229436.6775236  3274372.2409834 5620370.59140352 4397586.71673616     
  3 8061943.96005542 9410218.05106001 2275811.40008405 3450200.46002759     
  4 2220745.99423487 5291507.42173292 6114577.54463093 1377760.90775324     
  5 1439131.47052726 1416926.33841082 3498836.39509486 3252467.16919728     
  6 1308824.73953265 726788.516455336 922321.158060329 1771075.29340321     
  7  744497.52264144 606557.215320055 462910.578009251  473265.55625342     
  8 768926.326320086 610748.673765995 656236.133520628 463287.375073153     
   year
age 2021
  0     
  1     
  2     
  3     
  4     
  5     
  6     
  7     
  8     



TABLE 2.7.4 NORTH SEA HERRING. FISHING MORTALITY AT AGE IN THE STOCK

Units  :  f 
, , unit = A

   year
age                2016                2017                2018
  0                   0                   0                   0
  1 0.00213544123578167 0.00178141371556482 0.00196448605979657
  2  0.0440235597880128  0.0364373807872715   0.040719118569986
  3   0.118857830064096   0.112133967645218   0.126632708133679
  4   0.191939429341138   0.183535435100884   0.223534423953402
  5   0.266123146885496   0.231406491945601   0.285192513636097
  6    0.39773388780553   0.286839098964179   0.368016036162231
  7   0.605846105923747   0.440086911546905   0.579202990965252
  8   0.605846105923747   0.440086911546905   0.579202990965252
   year
age                2019 2020 2021
  0                   0          
  1 0.00181346446033238          
  2  0.0375886831049575          
  3   0.116897007318404          
  4   0.206348240206319          
  5   0.263265183930105          
  6   0.339725613163069          
  7   0.534676220737388          
  8   0.534676220737388          

, , unit = B

   year
age                  2016                  2017                  2018
  0    0.0605988533511629    0.0448690330814617    0.0460956184075681
  1    0.0198295707424438    0.0125609260199157   0.00880101292001643
  2   0.00248500709054399   0.00132270577174771  0.000923492565288512
  3 0.0000927613910739712 0.0000329944108401844 0.0000231072549435733
  4 0.0000927613910739712 0.0000329944108401844 0.0000231072549435733
  5 0.0000927613910739712 0.0000329944108401844 0.0000231072549435733
  6                     0                     0                     0
  7                     0                     0                     0
  8                     0                     0                     0
   year
age                 2019 2020 2021
  0   0.0779456990791025          
  1   0.0148804283921812          
  2  0.00156046010435187          
  3 0.000039031195659993          
  4 0.000039031195659993          
  5 0.000039031195659993          
  6                    0          
  7                    0          
  8                    0          

, , unit = C

   year
age                 2016                 2017                 2018
  0                    0                    0                    0
  1  0.00611984953428251   0.0073652424503231  0.00639768786152848
  2  0.00815475300212969  0.00936520678470935  0.00842981208080701
  3  0.00068955687949015  0.00104055998968467 0.000761031408665173
  4 0.000281645003797102 0.000425010142842776 0.000310838564026101
  5 0.000281645003797102 0.000425010142842776 0.000310838564026101
  6 0.000281645003797102 0.000425010142842776 0.000310838564026101
  7                    0                    0                    0
  8                    0                    0                    0
   year
age                 2019 2020 2021
  0                    0          
  1  0.00344406211336954          
  2  0.00453778407113983          
  3 0.000409785658309282          
  4 0.000167374413362706          
  5 0.000167374413362706          
  6 0.000167374413362706          
  7                    0          
  8                    0          

, , unit = D

   year
age                  2016                  2017                  2018
  0    0.0605988533511629    0.0448690330814617    0.0460956184075681
  1    0.0198295707424438    0.0125609260199157   0.00880101292001643
  2   0.00248500709054399   0.00132270577174771  0.000923492565288512
  3 0.0000927613910739712 0.0000329944108401844 0.0000231072549435733
  4 0.0000927613910739712 0.0000329944108401844 0.0000231072549435733
  5 0.0000927613910739712 0.0000329944108401844 0.0000231072549435733
  6                     0                     0                     0
  7                     0                     0                     0
  8                     0                     0                     0
   year
age                   2019 2020 2021
  0    0.00415776302961134          
  1   0.000793748670738107          
  2  0.0000832377335467009          
  3 0.00000208199380124816          
  4 0.00000208199380124816          
  5 0.00000208199380124816          
  6                      0          
  7                      0          
  8                      0          



TABLE 2.7.5 NORTH SEA HERRING. NATURAL MORTALITY

Units  :  NA 
, , unit = A

   year
age      2016      2017      2018      2019      2020      2021
  0 0.8495409 0.8693360 0.8495409 0.8761926 0.8761926 0.8761926
  1 0.6800092 0.6758221 0.6800092 0.6747189 0.6747189 0.6747189
  2 0.4419012 0.4408952 0.4419012 0.4406956 0.4406956 0.4406956
  3 0.3873211 0.3883200 0.3873211 0.3886898 0.3886898 0.3886898
  4 0.3783272 0.3782252 0.3783272 0.3781066 0.3781066 0.3781066
  5 0.3639009 0.3633887 0.3639009 0.3631137 0.3631137 0.3631137
  6 0.3562775 0.3547852 0.3562775 0.3541554 0.3541554 0.3541554
  7 0.3523502 0.3499350 0.3523502 0.3489671 0.3489671 0.3489671
  8 0.3430125 0.3403759 0.3430125 0.3393622 0.3393622 0.3393622

, , unit = B

   year
age      2016      2017      2018      2019      2020      2021
  0 0.8495409 0.8693360 0.8495409 0.8761926 0.8761926 0.8761926
  1 0.6800092 0.6758221 0.6800092 0.6747189 0.6747189 0.6747189
  2 0.4419012 0.4408952 0.4419012 0.4406956 0.4406956 0.4406956
  3 0.3873211 0.3883200 0.3873211 0.3886898 0.3886898 0.3886898
  4 0.3783272 0.3782252 0.3783272 0.3781066 0.3781066 0.3781066
  5 0.3639009 0.3633887 0.3639009 0.3631137 0.3631137 0.3631137
  6 0.3562775 0.3547852 0.3562775 0.3541554 0.3541554 0.3541554
  7 0.3523502 0.3499350 0.3523502 0.3489671 0.3489671 0.3489671
  8 0.3430125 0.3403759 0.3430125 0.3393622 0.3393622 0.3393622

, , unit = C

   year
age      2016      2017      2018      2019      2020      2021
  0 0.8495409 0.8693360 0.8495409 0.8761926 0.8761926 0.8761926
  1 0.6800092 0.6758221 0.6800092 0.6747189 0.6747189 0.6747189
  2 0.4419012 0.4408952 0.4419012 0.4406956 0.4406956 0.4406956
  3 0.3873211 0.3883200 0.3873211 0.3886898 0.3886898 0.3886898
  4 0.3783272 0.3782252 0.3783272 0.3781066 0.3781066 0.3781066
  5 0.3639009 0.3633887 0.3639009 0.3631137 0.3631137 0.3631137
  6 0.3562775 0.3547852 0.3562775 0.3541554 0.3541554 0.3541554
  7 0.3523502 0.3499350 0.3523502 0.3489671 0.3489671 0.3489671
  8 0.3430125 0.3403759 0.3430125 0.3393622 0.3393622 0.3393622

, , unit = D

   year
age      2016      2017      2018      2019      2020      2021
  0 0.8495409 0.8693360 0.8495409 0.8761926 0.8761926 0.8761926
  1 0.6800092 0.6758221 0.6800092 0.6747189 0.6747189 0.6747189
  2 0.4419012 0.4408952 0.4419012 0.4406956 0.4406956 0.4406956
  3 0.3873211 0.3883200 0.3873211 0.3886898 0.3886898 0.3886898
  4 0.3783272 0.3782252 0.3783272 0.3781066 0.3781066 0.3781066
  5 0.3639009 0.3633887 0.3639009 0.3631137 0.3631137 0.3631137
  6 0.3562775 0.3547852 0.3562775 0.3541554 0.3541554 0.3541554
  7 0.3523502 0.3499350 0.3523502 0.3489671 0.3489671 0.3489671
  8 0.3430125 0.3403759 0.3430125 0.3393622 0.3393622 0.3393622



TABLE 2.7.6 NORTH SEA HERRING. PROPORTION MATURE

Units  :  NA 
, , unit = A

   year
age 2016 2017 2018      2019      2020      2021
  0 0.00 0.00 0.00 0.0000000 0.0000000 0.0000000
  1 0.00 0.00 0.00 0.0000000 0.0000000 0.0000000
  2 0.71 0.55 0.37 0.5433333 0.5433333 0.5433333
  3 0.89 0.96 0.91 0.9200000 0.9200000 0.9200000
  4 0.95 0.97 0.98 0.9666667 0.9666667 0.9666667
  5 1.00 1.00 1.00 1.0000000 1.0000000 1.0000000
  6 1.00 1.00 1.00 1.0000000 1.0000000 1.0000000
  7 1.00 1.00 1.00 1.0000000 1.0000000 1.0000000
  8 1.00 1.00 1.00 1.0000000 1.0000000 1.0000000

, , unit = B

   year
age 2016 2017 2018      2019      2020      2021
  0 0.00 0.00 0.00 0.0000000 0.0000000 0.0000000
  1 0.00 0.00 0.00 0.0000000 0.0000000 0.0000000
  2 0.71 0.55 0.37 0.5433333 0.5433333 0.5433333
  3 0.89 0.96 0.91 0.9200000 0.9200000 0.9200000
  4 0.95 0.97 0.98 0.9666667 0.9666667 0.9666667
  5 1.00 1.00 1.00 1.0000000 1.0000000 1.0000000
  6 1.00 1.00 1.00 1.0000000 1.0000000 1.0000000
  7 1.00 1.00 1.00 1.0000000 1.0000000 1.0000000
  8 1.00 1.00 1.00 1.0000000 1.0000000 1.0000000

, , unit = C

   year
age 2016 2017 2018      2019      2020      2021
  0 0.00 0.00 0.00 0.0000000 0.0000000 0.0000000
  1 0.00 0.00 0.00 0.0000000 0.0000000 0.0000000
  2 0.71 0.55 0.37 0.5433333 0.5433333 0.5433333
  3 0.89 0.96 0.91 0.9200000 0.9200000 0.9200000
  4 0.95 0.97 0.98 0.9666667 0.9666667 0.9666667
  5 1.00 1.00 1.00 1.0000000 1.0000000 1.0000000
  6 1.00 1.00 1.00 1.0000000 1.0000000 1.0000000
  7 1.00 1.00 1.00 1.0000000 1.0000000 1.0000000
  8 1.00 1.00 1.00 1.0000000 1.0000000 1.0000000

, , unit = D

   year
age 2016 2017 2018      2019      2020      2021
  0 0.00 0.00 0.00 0.0000000 0.0000000 0.0000000
  1 0.00 0.00 0.00 0.0000000 0.0000000 0.0000000
  2 0.71 0.55 0.37 0.5433333 0.5433333 0.5433333
  3 0.89 0.96 0.91 0.9200000 0.9200000 0.9200000
  4 0.95 0.97 0.98 0.9666667 0.9666667 0.9666667
  5 1.00 1.00 1.00 1.0000000 1.0000000 1.0000000
  6 1.00 1.00 1.00 1.0000000 1.0000000 1.0000000
  7 1.00 1.00 1.00 1.0000000 1.0000000 1.0000000
  8 1.00 1.00 1.00 1.0000000 1.0000000 1.0000000



TABLE 2.7.7 NORTH SEA HERRING. FRACTION OF HARVEST BEFORE SPAWNING

Units  :  NA 
, , unit = A

   year
age 2016 2017 2018 2019 2020 2021
  0 0.67 0.67 0.67 0.67 0.67 0.67
  1 0.67 0.67 0.67 0.67 0.67 0.67
  2 0.67 0.67 0.67 0.67 0.67 0.67
  3 0.67 0.67 0.67 0.67 0.67 0.67
  4 0.67 0.67 0.67 0.67 0.67 0.67
  5 0.67 0.67 0.67 0.67 0.67 0.67
  6 0.67 0.67 0.67 0.67 0.67 0.67
  7 0.67 0.67 0.67 0.67 0.67 0.67
  8 0.67 0.67 0.67 0.67 0.67 0.67

, , unit = B

   year
age 2016 2017 2018 2019 2020 2021
  0 0.67 0.67 0.67 0.67 0.67 0.67
  1 0.67 0.67 0.67 0.67 0.67 0.67
  2 0.67 0.67 0.67 0.67 0.67 0.67
  3 0.67 0.67 0.67 0.67 0.67 0.67
  4 0.67 0.67 0.67 0.67 0.67 0.67
  5 0.67 0.67 0.67 0.67 0.67 0.67
  6 0.67 0.67 0.67 0.67 0.67 0.67
  7 0.67 0.67 0.67 0.67 0.67 0.67
  8 0.67 0.67 0.67 0.67 0.67 0.67

, , unit = C

   year
age 2016 2017 2018 2019 2020 2021
  0 0.67 0.67 0.67 0.67 0.67 0.67
  1 0.67 0.67 0.67 0.67 0.67 0.67
  2 0.67 0.67 0.67 0.67 0.67 0.67
  3 0.67 0.67 0.67 0.67 0.67 0.67
  4 0.67 0.67 0.67 0.67 0.67 0.67
  5 0.67 0.67 0.67 0.67 0.67 0.67
  6 0.67 0.67 0.67 0.67 0.67 0.67
  7 0.67 0.67 0.67 0.67 0.67 0.67
  8 0.67 0.67 0.67 0.67 0.67 0.67

, , unit = D

   year
age 2016 2017 2018 2019 2020 2021
  0 0.67 0.67 0.67 0.67 0.67 0.67
  1 0.67 0.67 0.67 0.67 0.67 0.67
  2 0.67 0.67 0.67 0.67 0.67 0.67
  3 0.67 0.67 0.67 0.67 0.67 0.67
  4 0.67 0.67 0.67 0.67 0.67 0.67
  5 0.67 0.67 0.67 0.67 0.67 0.67
  6 0.67 0.67 0.67 0.67 0.67 0.67
  7 0.67 0.67 0.67 0.67 0.67 0.67
  8 0.67 0.67 0.67 0.67 0.67 0.67



TABLE 2.7.8 NORTH SEA HERRING. FRACTION OF NATURAL MORTALITY BEFORE SPAWNING

Units  :  NA 
, , unit = A

   year
age 2016 2017 2018 2019 2020 2021
  0 0.67 0.67 0.67 0.67 0.67 0.67
  1 0.67 0.67 0.67 0.67 0.67 0.67
  2 0.67 0.67 0.67 0.67 0.67 0.67
  3 0.67 0.67 0.67 0.67 0.67 0.67
  4 0.67 0.67 0.67 0.67 0.67 0.67
  5 0.67 0.67 0.67 0.67 0.67 0.67
  6 0.67 0.67 0.67 0.67 0.67 0.67
  7 0.67 0.67 0.67 0.67 0.67 0.67
  8 0.67 0.67 0.67 0.67 0.67 0.67

, , unit = B

   year
age 2016 2017 2018 2019 2020 2021
  0 0.67 0.67 0.67 0.67 0.67 0.67
  1 0.67 0.67 0.67 0.67 0.67 0.67
  2 0.67 0.67 0.67 0.67 0.67 0.67
  3 0.67 0.67 0.67 0.67 0.67 0.67
  4 0.67 0.67 0.67 0.67 0.67 0.67
  5 0.67 0.67 0.67 0.67 0.67 0.67
  6 0.67 0.67 0.67 0.67 0.67 0.67
  7 0.67 0.67 0.67 0.67 0.67 0.67
  8 0.67 0.67 0.67 0.67 0.67 0.67

, , unit = C

   year
age 2016 2017 2018 2019 2020 2021
  0 0.67 0.67 0.67 0.67 0.67 0.67
  1 0.67 0.67 0.67 0.67 0.67 0.67
  2 0.67 0.67 0.67 0.67 0.67 0.67
  3 0.67 0.67 0.67 0.67 0.67 0.67
  4 0.67 0.67 0.67 0.67 0.67 0.67
  5 0.67 0.67 0.67 0.67 0.67 0.67
  6 0.67 0.67 0.67 0.67 0.67 0.67
  7 0.67 0.67 0.67 0.67 0.67 0.67
  8 0.67 0.67 0.67 0.67 0.67 0.67

, , unit = D

   year
age 2016 2017 2018 2019 2020 2021
  0 0.67 0.67 0.67 0.67 0.67 0.67
  1 0.67 0.67 0.67 0.67 0.67 0.67
  2 0.67 0.67 0.67 0.67 0.67 0.67
  3 0.67 0.67 0.67 0.67 0.67 0.67
  4 0.67 0.67 0.67 0.67 0.67 0.67
  5 0.67 0.67 0.67 0.67 0.67 0.67
  6 0.67 0.67 0.67 0.67 0.67 0.67
  7 0.67 0.67 0.67 0.67 0.67 0.67
  8 0.67 0.67 0.67 0.67 0.67 0.67




TABLE 2.7.9 NORTH SEA HERRING. Recruitment in 2020

33943979


TABLE 2.7.10 NORTH SEA HERRING. Recruitment in 2021

33943979


TABLE 2.7.11 NORTH SEA HERRING. FLR, R SOFTWARE VERSIONS

R version 3.5.2 (2018-12-20)

Package  : FLSAM
Version  : 2.1.0
Packaged : 
Built    : R 3.5.2; ; 2019-02-08 08:52:52 UTC; windows

Package  : FLCore
Version  : 2.6.9
Packaged : 
Built    : R 3.5.2; ; 2019-03-07 08:52:26 UTC; windows


