#nyears
 54
#year1
 1958
#nages
 9
#nfleets
 1
#nselblocks
 1
#navailindices
 1
#M
  0.767 0.385 0.356 0.339 0.319 0.314 0.307 0.307 0.307
 0.767 0.385 0.356 0.339 0.319 0.314 0.307 0.307 0.307
 0.767 0.385 0.356 0.339 0.319 0.314 0.307 0.307 0.307
 0.767 0.385 0.356 0.339 0.319 0.314 0.307 0.307 0.307
 0.767 0.385 0.356 0.339 0.319 0.314 0.307 0.307 0.307
 0.767 0.385 0.356 0.339 0.319 0.314 0.307 0.307 0.307
 0.767 0.385 0.356 0.339 0.319 0.314 0.307 0.307 0.307
 0.767 0.385 0.356 0.339 0.319 0.314 0.307 0.307 0.307
 0.767 0.385 0.356 0.339 0.319 0.314 0.307 0.307 0.307
 0.767 0.385 0.356 0.339 0.319 0.314 0.307 0.307 0.307
 0.767 0.385 0.356 0.339 0.319 0.314 0.307 0.307 0.307
 0.767 0.385 0.356 0.339 0.319 0.314 0.307 0.307 0.307
 0.767 0.385 0.356 0.339 0.319 0.314 0.307 0.307 0.307
 0.767 0.385 0.356 0.339 0.319 0.314 0.307 0.307 0.307
 0.767 0.385 0.356 0.339 0.319 0.314 0.307 0.307 0.307
 0.767 0.385 0.356 0.339 0.319 0.314 0.307 0.307 0.307
 0.767 0.385 0.356 0.339 0.319 0.314 0.307 0.307 0.307
 0.767 0.385 0.356 0.339 0.319 0.314 0.307 0.307 0.307
 0.767 0.385 0.356 0.339 0.319 0.314 0.307 0.307 0.307
 0.767 0.385 0.356 0.339 0.319 0.314 0.307 0.307 0.307
 0.767 0.385 0.356 0.339 0.319 0.314 0.307 0.307 0.307
 0.767 0.385 0.356 0.339 0.319 0.314 0.307 0.307 0.307
 0.767 0.385 0.356 0.339 0.319 0.314 0.307 0.307 0.307
 0.767 0.385 0.356 0.339 0.319 0.314 0.307 0.307 0.307
 0.767 0.385 0.356 0.339 0.319 0.314 0.307 0.307 0.307
 0.767 0.385 0.356 0.339 0.319 0.314 0.307 0.307 0.307
 0.767 0.385 0.356 0.339 0.319 0.314 0.307 0.307 0.307
 0.767 0.385 0.356 0.339 0.319 0.314 0.307 0.307 0.307
 0.767 0.385 0.356 0.339 0.319 0.314 0.307 0.307 0.307
 0.767 0.385 0.356 0.339 0.319 0.314 0.307 0.307 0.307
 0.767 0.385 0.356 0.339 0.319 0.314 0.307 0.307 0.307
 0.767 0.385 0.356 0.339 0.319 0.314 0.307 0.307 0.307
 0.767 0.385 0.356 0.339 0.319 0.314 0.307 0.307 0.307
 0.767 0.385 0.356 0.339 0.319 0.314 0.307 0.307 0.307
 0.767 0.385 0.356 0.339 0.319 0.314 0.307 0.307 0.307
 0.767 0.385 0.356 0.339 0.319 0.314 0.307 0.307 0.307
 0.767 0.385 0.356 0.339 0.319 0.314 0.307 0.307 0.307
 0.767 0.385 0.356 0.339 0.319 0.314 0.307 0.307 0.307
 0.767 0.385 0.356 0.339 0.319 0.314 0.307 0.307 0.307
 0.767 0.385 0.356 0.339 0.319 0.314 0.307 0.307 0.307
 0.767 0.385 0.356 0.339 0.319 0.314 0.307 0.307 0.307
 0.767 0.385 0.356 0.339 0.319 0.314 0.307 0.307 0.307
 0.767 0.385 0.356 0.339 0.319 0.314 0.307 0.307 0.307
 0.767 0.385 0.356 0.339 0.319 0.314 0.307 0.307 0.307
 0.767 0.385 0.356 0.339 0.319 0.314 0.307 0.307 0.307
 0.767 0.385 0.356 0.339 0.319 0.314 0.307 0.307 0.307
 0.767 0.385 0.356 0.339 0.319 0.314 0.307 0.307 0.307
 0.767 0.385 0.356 0.339 0.319 0.314 0.307 0.307 0.307
 0.767 0.385 0.356 0.339 0.319 0.314 0.307 0.307 0.307
 0.767 0.385 0.356 0.339 0.319 0.314 0.307 0.307 0.307
 0.767 0.385 0.356 0.339 0.319 0.314 0.307 0.307 0.307
 0.767 0.385 0.356 0.339 0.319 0.314 0.307 0.307 0.307
 0.767 0.385 0.356 0.339 0.319 0.314 0.307 0.307 0.307
 0.767 0.385 0.356 0.339 0.319 0.314 0.307 0.307 0.307
#isfecund
 0
#fracyearSSB
 0.5
#mature
  0.5 1 1 1 1 1 1 1 1
 0.5 1 1 1 1 1 1 1 1
 0.5 1 1 1 1 1 1 1 1
 0.5 1 1 1 1 1 1 1 1
 0.5 1 1 1 1 1 1 1 1
 0.5 1 1 1 1 1 1 1 1
 0.5 1 1 1 1 1 1 1 1
 0.5 1 1 1 1 1 1 1 1
 0.5 1 1 1 1 1 1 1 1
 0.5 1 1 1 1 1 1 1 1
 0.5 1 1 1 1 1 1 1 1
 0.5 1 1 1 1 1 1 1 1
 0.5 1 1 1 1 1 1 1 1
 0.5 1 1 1 1 1 1 1 1
 0.5 1 1 1 1 1 1 1 1
 0.5 1 1 1 1 1 1 1 1
 0.5 1 1 1 1 1 1 1 1
 0.5 1 1 1 1 1 1 1 1
 0.5 1 1 1 1 1 1 1 1
 0.5 1 1 1 1 1 1 1 1
 0.5 1 1 1 1 1 1 1 1
 0.5 1 1 1 1 1 1 1 1
 0.5 1 1 1 1 1 1 1 1
 0.5 1 1 1 1 1 1 1 1
 0.5 1 1 1 1 1 1 1 1
 0.5 1 1 1 1 1 1 1 1
 0.5 1 1 1 1 1 1 1 1
 0.5 1 1 1 1 1 1 1 1
 0.5 1 1 1 1 1 1 1 1
 0.5 1 1 1 1 1 1 1 1
 0.5 1 1 1 1 1 1 1 1
 0.5 1 1 1 1 1 1 1 1
 0.5 1 1 1 1 1 1 1 1
 0.5 1 1 1 1 1 1 1 1
 0.5 1 1 1 1 1 1 1 1
 0.5 1 1 1 1 1 1 1 1
 0.5 1 1 1 1 1 1 1 1
 0.5 1 1 1 1 1 1 1 1
 0.5 1 1 1 1 1 1 1 1
 0.5 1 1 1 1 1 1 1 1
 0.5 1 1 1 1 1 1 1 1
 0.5 1 1 1 1 1 1 1 1
 0.5 1 1 1 1 1 1 1 1
 0.5 1 1 1 1 1 1 1 1
 0.5 1 1 1 1 1 1 1 1
 0.5 1 1 1 1 1 1 1 1
 0.5 1 1 1 1 1 1 1 1
 0.5 1 1 1 1 1 1 1 1
 0.5 1 1 1 1 1 1 1 1
 0.5 1 1 1 1 1 1 1 1
 0.5 1 1 1 1 1 1 1 1
 0.5 1 1 1 1 1 1 1 1
 0.5 1 1 1 1 1 1 1 1
 0.5 1 1 1 1 1 1 1 1
#nWAAmatrices
 3
#WAA_ini
  0.096 0.115 0.162 0.185 0.205 0.217 0.227 0.232 0.23
 0.087 0.119 0.166 0.185 0.2 0.21 0.217 0.23 0.231
 0.093 0.122 0.156 0.191 0.205 0.207 0.22 0.225 0.239
 0.098 0.127 0.156 0.185 0.207 0.212 0.22 0.235 0.235
 0.109 0.146 0.17 0.187 0.21 0.227 0.232 0.237 0.24
 0.103 0.139 0.194 0.205 0.217 0.23 0.237 0.245 0.251
 0.105 0.139 0.182 0.215 0.225 0.23 0.237 0.245 0.253
 0.103 0.143 0.18 0.212 0.232 0.243 0.243 0.256 0.26
 0.122 0.154 0.191 0.212 0.237 0.248 0.24 0.253 0.257
 0.119 0.158 0.185 0.217 0.243 0.251 0.256 0.259 0.264
 0.119 0.166 0.196 0.215 0.235 0.248 0.256 0.262 0.266
 0.122 0.164 0.2 0.217 0.237 0.245 0.264 0.264 0.262
 0.128 0.162 0.2 0.225 0.24 0.253 0.264 0.276 0.272
 0.117 0.166 0.2 0.225 0.245 0.253 0.262 0.267 0.283
 0.132 0.17 0.194 0.22 0.245 0.259 0.264 0.27 0.285
 0.125 0.174 0.205 0.215 0.245 0.262 0.262 0.285 0.285
 0.141 0.18 0.21 0.225 0.237 0.259 0.262 0.288 0.27
 0.137 0.187 0.215 0.24 0.251 0.26 0.27 0.279 0.284
 0.137 0.174 0.205 0.235 0.259 0.27 0.279 0.288 0.293
 0.134 0.185 0.212 0.222 0.243 0.267 0.259 0.292 0.298
 0.127 0.189 0.217 0.24 0.279 0.276 0.291 0.297 0.302
 0.127 0.174 0.212 0.23 0.253 0.273 0.291 0.279 0.284
 0.117 0.174 0.207 0.237 0.259 0.276 0.27 0.27 0.275
 0.115 0.172 0.21 0.245 0.267 0.276 0.297 0.309 0.315
 0.115 0.154 0.194 0.237 0.262 0.273 0.279 0.288 0.293
 0.109 0.148 0.198 0.22 0.276 0.282 0.276 0.319 0.325
 0.093 0.142 0.185 0.213 0.213 0.245 0.246 0.263 0.262
 0.104 0.14 0.17 0.201 0.234 0.248 0.256 0.26 0.263
 0.112 0.155 0.172 0.187 0.215 0.248 0.276 0.284 0.332
 0.096 0.138 0.186 0.192 0.204 0.231 0.255 0.267 0.284
 0.097 0.132 0.168 0.203 0.209 0.215 0.237 0.257 0.283
 0.106 0.129 0.151 0.169 0.194 0.199 0.21 0.221 0.24
 0.099 0.137 0.153 0.167 0.188 0.208 0.209 0.229 0.251
 0.092 0.128 0.168 0.182 0.19 0.206 0.229 0.236 0.251
 0.096 0.123 0.15 0.177 0.191 0.194 0.212 0.228 0.248
 0.092 0.129 0.155 0.18 0.201 0.204 0.21 0.225 0.24
 0.097 0.135 0.168 0.179 0.19 0.21 0.218 0.217 0.227
 0.088 0.126 0.151 0.178 0.188 0.198 0.207 0.227 0.227
 0.088 0.118 0.147 0.159 0.185 0.196 0.207 0.219 0.231
 0.093 0.124 0.141 0.157 0.172 0.192 0.206 0.216 0.22
 0.099 0.121 0.153 0.163 0.173 0.185 0.199 0.204 0.225
 0.09 0.12 0.149 0.167 0.18 0.183 0.202 0.209 0.208
 0.092 0.111 0.148 0.168 0.185 0.187 0.197 0.21 0.224
 0.082 0.107 0.139 0.162 0.177 0.19 0.185 0.204 0.229
 0.096 0.115 0.139 0.156 0.185 0.196 0.203 0.211 0.226
 0.089 0.102 0.128 0.146 0.165 0.184 0.195 0.202 0.214
 0.08 0.13 0.134 0.151 0.159 0.174 0.203 0.215 0.225
 0.077 0.102 0.142 0.147 0.158 0.168 0.181 0.208 0.252
 0.093 0.105 0.127 0.151 0.155 0.165 0.174 0.186 0.198
 0.074 0.106 0.123 0.141 0.166 0.162 0.17 0.171 0.229
 0.091 0.12 0.144 0.156 0.172 0.191 0.194 0.199 0.224
 0.078 0.122 0.146 0.16 0.169 0.185 0.187 0.197 0.211
 0.076 0.111 0.131 0.145 0.158 0.159 0.163 0.178 0.19
 0.07 0.104 0.127 0.141 0.154 0.161 0.167 0.18 0.179
 0.096 0.115 0.162 0.185 0.205 0.217 0.227 0.232 0.23
 0.087 0.119 0.166 0.185 0.2 0.21 0.217 0.23 0.231
 0.093 0.122 0.156 0.191 0.205 0.207 0.22 0.225 0.239
 0.098 0.127 0.156 0.185 0.207 0.212 0.22 0.235 0.235
 0.109 0.146 0.17 0.187 0.21 0.227 0.232 0.237 0.24
 0.103 0.139 0.194 0.205 0.217 0.23 0.237 0.245 0.251
 0.105 0.139 0.182 0.215 0.225 0.23 0.237 0.245 0.253
 0.103 0.143 0.18 0.212 0.232 0.243 0.243 0.256 0.26
 0.122 0.154 0.191 0.212 0.237 0.248 0.24 0.253 0.257
 0.119 0.158 0.185 0.217 0.243 0.251 0.256 0.259 0.264
 0.119 0.166 0.196 0.215 0.235 0.248 0.256 0.262 0.266
 0.122 0.164 0.2 0.217 0.237 0.245 0.264 0.264 0.262
 0.128 0.162 0.2 0.225 0.24 0.253 0.264 0.276 0.272
 0.117 0.166 0.2 0.225 0.245 0.253 0.262 0.267 0.283
 0.132 0.17 0.194 0.22 0.245 0.259 0.264 0.27 0.285
 0.125 0.174 0.205 0.215 0.245 0.262 0.262 0.285 0.285
 0.141 0.18 0.21 0.225 0.237 0.259 0.262 0.288 0.27
 0.137 0.187 0.215 0.24 0.251 0.26 0.27 0.279 0.284
 0.137 0.174 0.205 0.235 0.259 0.27 0.279 0.288 0.293
 0.134 0.185 0.212 0.222 0.243 0.267 0.259 0.292 0.298
 0.127 0.189 0.217 0.24 0.279 0.276 0.291 0.297 0.302
 0.127 0.174 0.212 0.23 0.253 0.273 0.291 0.279 0.284
 0.117 0.174 0.207 0.237 0.259 0.276 0.27 0.27 0.275
 0.115 0.172 0.21 0.245 0.267 0.276 0.297 0.309 0.315
 0.115 0.154 0.194 0.237 0.262 0.273 0.279 0.288 0.293
 0.109 0.148 0.198 0.22 0.276 0.282 0.276 0.319 0.325
 0.093 0.142 0.185 0.213 0.213 0.245 0.246 0.263 0.262
 0.104 0.14 0.17 0.201 0.234 0.248 0.256 0.26 0.263
 0.112 0.155 0.172 0.187 0.215 0.248 0.276 0.284 0.332
 0.096 0.138 0.186 0.192 0.204 0.231 0.255 0.267 0.284
 0.097 0.132 0.168 0.203 0.209 0.215 0.237 0.257 0.283
 0.106 0.129 0.151 0.169 0.194 0.199 0.21 0.221 0.24
 0.099 0.137 0.153 0.167 0.188 0.208 0.209 0.229 0.251
 0.092 0.128 0.168 0.182 0.19 0.206 0.229 0.236 0.251
 0.096 0.123 0.15 0.177 0.191 0.194 0.212 0.228 0.248
 0.092 0.129 0.155 0.18 0.201 0.204 0.21 0.225 0.24
 0.097 0.135 0.168 0.179 0.19 0.21 0.218 0.217 0.227
 0.088 0.126 0.151 0.178 0.188 0.198 0.207 0.227 0.227
 0.088 0.118 0.147 0.159 0.185 0.196 0.207 0.219 0.231
 0.093 0.124 0.141 0.157 0.172 0.192 0.206 0.216 0.22
 0.099 0.121 0.153 0.163 0.173 0.185 0.199 0.204 0.225
 0.09 0.12 0.149 0.167 0.18 0.183 0.202 0.209 0.208
 0.092 0.111 0.148 0.168 0.185 0.187 0.197 0.21 0.224
 0.082 0.107 0.139 0.162 0.177 0.19 0.185 0.204 0.229
 0.096 0.115 0.139 0.156 0.184 0.196 0.203 0.211 0.223
 0.078 0.1 0.13 0.141 0.156 0.158 0.168 0.2 0.213
 0.077 0.127 0.133 0.151 0.156 0.168 0.216 0.228 0.257
 0.074 0.103 0.145 0.143 0.155 0.161 0.175 0.221 0.233
 0.085 0.104 0.123 0.153 0.15 0.157 0.164 0.177 0.188
 0.068 0.101 0.122 0.138 0.156 0.159 0.163 0.167 0.251
 0.083 0.117 0.14 0.156 0.17 0.18 0.177 0.189 0.232
 0.076 0.117 0.142 0.158 0.168 0.176 0.17 0.186 0.226
 0.076 0.106 0.127 0.139 0.152 0.157 0.164 0.188 0.18
 0.067 0.108 0.127 0.138 0.148 0.16 0.17 0.194 0.197
 0.096 0.115 0.162 0.185 0.205 0.217 0.227 0.232 0.23
 0.087 0.119 0.166 0.185 0.2 0.21 0.217 0.23 0.231
 0.093 0.122 0.156 0.191 0.205 0.207 0.22 0.225 0.239
 0.098 0.127 0.156 0.185 0.207 0.212 0.22 0.235 0.235
 0.109 0.146 0.17 0.187 0.21 0.227 0.232 0.237 0.24
 0.103 0.139 0.194 0.205 0.217 0.23 0.237 0.245 0.251
 0.105 0.139 0.182 0.215 0.225 0.23 0.237 0.245 0.253
 0.103 0.143 0.18 0.212 0.232 0.243 0.243 0.256 0.26
 0.122 0.154 0.191 0.212 0.237 0.248 0.24 0.253 0.257
 0.119 0.158 0.185 0.217 0.243 0.251 0.256 0.259 0.264
 0.119 0.166 0.196 0.215 0.235 0.248 0.256 0.262 0.266
 0.122 0.164 0.2 0.217 0.237 0.245 0.264 0.264 0.262
 0.128 0.162 0.2 0.225 0.24 0.253 0.264 0.276 0.272
 0.117 0.166 0.2 0.225 0.245 0.253 0.262 0.267 0.283
 0.132 0.17 0.194 0.22 0.245 0.259 0.264 0.27 0.285
 0.125 0.174 0.205 0.215 0.245 0.262 0.262 0.285 0.285
 0.141 0.18 0.21 0.225 0.237 0.259 0.262 0.288 0.27
 0.137 0.187 0.215 0.24 0.251 0.26 0.27 0.279 0.284
 0.137 0.174 0.205 0.235 0.259 0.27 0.279 0.288 0.293
 0.134 0.185 0.212 0.222 0.243 0.267 0.259 0.292 0.298
 0.127 0.189 0.217 0.24 0.279 0.276 0.291 0.297 0.302
 0.127 0.174 0.212 0.23 0.253 0.273 0.291 0.279 0.284
 0.117 0.174 0.207 0.237 0.259 0.276 0.27 0.27 0.275
 0.115 0.172 0.21 0.245 0.267 0.276 0.297 0.309 0.315
 0.115 0.154 0.194 0.237 0.262 0.273 0.279 0.288 0.293
 0.109 0.148 0.198 0.22 0.276 0.282 0.276 0.319 0.325
 0.093 0.142 0.185 0.213 0.213 0.245 0.246 0.263 0.262
 0.104 0.14 0.17 0.201 0.234 0.248 0.256 0.26 0.263
 0.112 0.155 0.172 0.187 0.215 0.248 0.276 0.284 0.332
 0.096 0.138 0.186 0.192 0.204 0.231 0.255 0.267 0.284
 0.097 0.132 0.168 0.203 0.209 0.215 0.237 0.257 0.283
 0.106 0.129 0.151 0.169 0.194 0.199 0.21 0.221 0.24
 0.099 0.137 0.153 0.167 0.188 0.208 0.209 0.229 0.251
 0.092 0.128 0.168 0.182 0.19 0.206 0.229 0.236 0.251
 0.096 0.123 0.15 0.177 0.191 0.194 0.212 0.228 0.248
 0.092 0.129 0.155 0.18 0.201 0.204 0.21 0.225 0.24
 0.097 0.135 0.168 0.179 0.19 0.21 0.218 0.217 0.227
 0.088 0.126 0.151 0.178 0.188 0.198 0.207 0.227 0.227
 0.088 0.118 0.147 0.159 0.185 0.196 0.207 0.219 0.231
 0.093 0.124 0.141 0.157 0.172 0.192 0.206 0.216 0.22
 0.099 0.121 0.153 0.163 0.173 0.185 0.199 0.204 0.225
 0.09 0.12 0.149 0.167 0.18 0.183 0.202 0.209 0.208
 0.092 0.111 0.148 0.168 0.185 0.187 0.197 0.21 0.224
 0.082 0.107 0.139 0.162 0.177 0.19 0.185 0.204 0.229
 0.096 0.115 0.139 0.156 0.184 0.196 0.203 0.211 0.223
 0.078 0.1 0.13 0.141 0.156 0.158 0.168 0.2 0.213
 0.077 0.127 0.133 0.151 0.156 0.168 0.216 0.228 0.257
 0.074 0.103 0.145 0.143 0.155 0.161 0.175 0.221 0.233
 0.085 0.104 0.123 0.153 0.15 0.157 0.164 0.177 0.188
 0.068 0.101 0.122 0.138 0.156 0.159 0.163 0.167 0.251
 0.083 0.117 0.14 0.156 0.17 0.18 0.177 0.189 0.232
 0.076 0.117 0.142 0.158 0.168 0.176 0.17 0.186 0.226
 0.076 0.106 0.127 0.139 0.152 0.157 0.164 0.188 0.18
 0.067 0.108 0.127 0.138 0.148 0.16 0.17 0.194 0.197
#WAApointbio
  1 1 1 1 2 3
#sel_blocks
  1 1 1 1 1 1 1 1 1 1 1 1 1 1 1 1 1 1 1 1 1 1 1 1 1 1 1 1 1 1 1 1 1 1 1 1 1 1 1 1 1 1 1 1 1 1 1 1 1 1 1 1 1 1
#sel_option
  1
#sel_ini
  0.3 1 0 1
 0.5 1 0 1
 1 -1 0 1
 1 1 0 1
 1 1 0 1
 1 1 0 1
 1 1 0 1
 1 1 0 1
 1 1 0 1
 0 0 0 0
 0 0 0 0
 0 0 0 0
 0 0 0 0
 0 0 0 0
 0 0 0 0
#sel_start_age
  1
#sel_end_age
  9
#Freport_agemin
 2
#Freport_agemax
 5
#Freport_wtopt
 1
#use_likelihood_constants
 0
#release_mort
  1
#CAA_ini
  1642 3742 33094 25746 12551 23949 16093 9384 5584 22978
 1203 25717 2274 19262 11015 5830 17821 3745 7352 15086
 2840 72246 24658 3779 13698 4431 6096 4379 4151 18283
 2129 16058 32044 5631 2034 5067 2825 1524 4947 15372
 772 18567 19909 48061 8075 3584 8593 3805 5322 21552
 297 51935 13033 4179 20694 2686 1392 2488 2787 17349
 7529 15058 17250 6658 1719 8716 1304 577 2193 10599
 57 70248 9365 15757 3399 4539 12127 1377 7493 19126
 7093 19559 59893 9924 13211 5602 3586 8746 3842 27030
 7599 39991 20062 49113 9218 9444 3939 6510 6757 27658
 12197 54790 39604 11544 22599 4929 4170 1310 4936 30236
 9472 93279 55039 33145 12217 17837 4762 2174 3469 44389
 1319 37260 50087 26481 18763 7853 6351 2175 3367 31727
 12658 23313 37563 41904 18759 10443 4276 4942 2239 31396
 8422 137690 17855 15842 14531 4645 3012 2374 1020 38203
 23547 38133 55805 7012 9651 5323 3352 2332 1209 26936
 5507 42808 17184 22530 4225 3737 2978 903 827 19940
 12768 15429 17783 7333 9006 3520 1644 1136 1194 15588
 13317 11113 7286 7011 2872 4785 1980 1243 1769 9771
 8159 12516 8610 5280 1585 1898 1043 383 470 7833
 2800 13385 11948 5583 1580 1476 540 858 482 7559
 11335 13913 12399 8636 2889 1316 1283 551 635 10321
 7162 30093 11726 6585 2812 2204 1184 1262 565 13130
 39361 21285 21861 5505 4438 3436 795 313 866 17103
 15339 42725 8728 4817 1497 1891 1670 335 596 13000
 13540 102871 26993 3225 1862 327 372 932 308 24981
 19517 92892 41121 16043 2450 1085 376 231 180 26779
 17916 57054 36258 16032 2306 228 85 173 132 20426
 4159 56747 42881 32930 8790 1127 98 29 12 25024
 5976 67000 43075 23014 14323 2716 1175 296 464 26200
 2307 82027 30962 9398 5963 3047 869 297 86 20447
 8260 42413 68399 19601 8205 3837 2589 767 682 23254
 2702 41756 24634 35258 8116 3808 1671 695 462 18404
 1912 63854 38342 16916 28405 4869 2588 954 593 25562
 10410 26752 35019 27591 10139 18061 3021 6285 689 21127
 1608 94061 9372 10221 4491 2790 5932 855 508 18618
 12130 35768 61737 3289 3025 4773 1713 1705 474 19300
 9450 79159 22591 36541 3686 3420 2651 1859 842 23305
 3476 61923 38244 7943 16114 2077 1586 1507 1025 18816
 3849 37440 53040 31442 8318 6142 1148 827 603 20496
 5818 41510 27102 28274 13178 3746 2675 597 387 18041
 14274 34072 36086 14642 15515 8877 1865 2012 551 18485
 9953 77378 18952 12060 5230 6227 2320 662 578 17191
 15724 62153 35816 5953 4249 1774 1145 466 386 15269
 3495 26472 18532 5309 1416 1269 437 154 201 7465
 2711 37006 24444 14763 5719 3363 2335 388 542 11536
 4276 9470 46243 21863 8638 1412 473 191 75 12743
 15419 30710 5766 18666 7349 1923 435 77 60 9494
 1460 33894 10914 2469 6261 2331 561 57 48 6944
 8043 11028 36223 5509 1365 2040 410 56 4 7636
 1288 12468 8144 15565 2328 518 321 58 11 5872
 10171 4465 12859 4887 8458 971 279 247 80 5745
 2468 20929 8183 15917 4846 10080 919 273 321 8370
 6384 17151 33453 7301 13087 5347 5165 1089 141 11470
#Discard_ini
  0 0 0 0 0 0 0 0 0 0
 0 0 0 0 0 0 0 0 0 0
 0 0 0 0 0 0 0 0 0 0
 0 0 0 0 0 0 0 0 0 0
 0 0 0 0 0 0 0 0 0 0
 0 0 0 0 0 0 0 0 0 0
 0 0 0 0 0 0 0 0 0 0
 0 0 0 0 0 0 0 0 0 0
 0 0 0 0 0 0 0 0 0 0
 0 0 0 0 0 0 0 0 0 0
 0 0 0 0 0 0 0 0 0 0
 0 0 0 0 0 0 0 0 0 0
 0 0 0 0 0 0 0 0 0 0
 0 0 0 0 0 0 0 0 0 0
 0 0 0 0 0 0 0 0 0 0
 0 0 0 0 0 0 0 0 0 0
 0 0 0 0 0 0 0 0 0 0
 0 0 0 0 0 0 0 0 0 0
 0 0 0 0 0 0 0 0 0 0
 0 0 0 0 0 0 0 0 0 0
 0 0 0 0 0 0 0 0 0 0
 0 0 0 0 0 0 0 0 0 0
 0 0 0 0 0 0 0 0 0 0
 0 0 0 0 0 0 0 0 0 0
 0 0 0 0 0 0 0 0 0 0
 0 0 0 0 0 0 0 0 0 0
 0 0 0 0 0 0 0 0 0 0
 0 0 0 0 0 0 0 0 0 0
 0 0 0 0 0 0 0 0 0 0
 0 0 0 0 0 0 0 0 0 0
 0 0 0 0 0 0 0 0 0 0
 0 0 0 0 0 0 0 0 0 0
 0 0 0 0 0 0 0 0 0 0
 0 0 0 0 0 0 0 0 0 0
 0 0 0 0 0 0 0 0 0 0
 0 0 0 0 0 0 0 0 0 0
 0 0 0 0 0 0 0 0 0 0
 0 0 0 0 0 0 0 0 0 0
 0 0 0 0 0 0 0 0 0 0
 0 0 0 0 0 0 0 0 0 0
 0 0 0 0 0 0 0 0 0 0
 0 0 0 0 0 0 0 0 0 0
 0 0 0 0 0 0 0 0 0 0
 0 0 0 0 0 0 0 0 0 0
 0 0 0 0 0 0 0 0 0 0
 0 0 0 0 0 0 0 0 0 0
 0 0 0 0 0 0 0 0 0 0
 0 0 0 0 0 0 0 0 0 0
 0 0 0 0 0 0 0 0 0 0
 0 0 0 0 0 0 0 0 0 0
 0 0 0 0 0 0 0 0 0 0
 0 0 0 0 0 0 0 0 0 0
 0 0 0 0 0 0 0 0 0 0
 0 0 0 0 0 0 0 0 0 0
#proportion_release_ini
  0 0 0 0 0 0 0 0 0
 0 0 0 0 0 0 0 0 0
 0 0 0 0 0 0 0 0 0
 0 0 0 0 0 0 0 0 0
 0 0 0 0 0 0 0 0 0
 0 0 0 0 0 0 0 0 0
 0 0 0 0 0 0 0 0 0
 0 0 0 0 0 0 0 0 0
 0 0 0 0 0 0 0 0 0
 0 0 0 0 0 0 0 0 0
 0 0 0 0 0 0 0 0 0
 0 0 0 0 0 0 0 0 0
 0 0 0 0 0 0 0 0 0
 0 0 0 0 0 0 0 0 0
 0 0 0 0 0 0 0 0 0
 0 0 0 0 0 0 0 0 0
 0 0 0 0 0 0 0 0 0
 0 0 0 0 0 0 0 0 0
 0 0 0 0 0 0 0 0 0
 0 0 0 0 0 0 0 0 0
 0 0 0 0 0 0 0 0 0
 0 0 0 0 0 0 0 0 0
 0 0 0 0 0 0 0 0 0
 0 0 0 0 0 0 0 0 0
 0 0 0 0 0 0 0 0 0
 0 0 0 0 0 0 0 0 0
 0 0 0 0 0 0 0 0 0
 0 0 0 0 0 0 0 0 0
 0 0 0 0 0 0 0 0 0
 0 0 0 0 0 0 0 0 0
 0 0 0 0 0 0 0 0 0
 0 0 0 0 0 0 0 0 0
 0 0 0 0 0 0 0 0 0
 0 0 0 0 0 0 0 0 0
 0 0 0 0 0 0 0 0 0
 0 0 0 0 0 0 0 0 0
 0 0 0 0 0 0 0 0 0
 0 0 0 0 0 0 0 0 0
 0 0 0 0 0 0 0 0 0
 0 0 0 0 0 0 0 0 0
 0 0 0 0 0 0 0 0 0
 0 0 0 0 0 0 0 0 0
 0 0 0 0 0 0 0 0 0
 0 0 0 0 0 0 0 0 0
 0 0 0 0 0 0 0 0 0
 0 0 0 0 0 0 0 0 0
 0 0 0 0 0 0 0 0 0
 0 0 0 0 0 0 0 0 0
 0 0 0 0 0 0 0 0 0
 0 0 0 0 0 0 0 0 0
 0 0 0 0 0 0 0 0 0
 0 0 0 0 0 0 0 0 0
 0 0 0 0 0 0 0 0 0
 0 0 0 0 0 0 0 0 0
#index_units_aggregate_ini
  2
#index_units_proportions_ini
  2
#index_WAApoint_ini
  1
#index_month_ini
  10
#index_sel_choice_ini
  -1
#index_sel_option_ini
  1
#index_start_age_ini
  2
#index_end_age_ini
  9
#index_estimate_proportions_ini
  1
#use_index
  1
#index_sel_ini
  0 -4 0 0
 0.5 4 0 1
 0.5 4 0 1
 0.5 4 0 1
 1 -1 0 1
 1 -1 0 1
 1 -1 0 1
 1 -1 0 1
 1 -1 0 1
 0 0 0 0
 0 0 0 0
 0 0 0 0
 0 0 0 0
 0 0 0 0
 0 0 0 0
#index_ini
  1958 0 0 0 0 0 0 0 0 0 0 0 0
 1959 0 0 0 0 0 0 0 0 0 0 0 0
 1960 0 0 0 0 0 0 0 0 0 0 0 0
 1961 0 0 0 0 0 0 0 0 0 0 0 0
 1962 0 0 0 0 0 0 0 0 0 0 0 0
 1963 0 0 0 0 0 0 0 0 0 0 0 0
 1964 0 0 0 0 0 0 0 0 0 0 0 0
 1965 0 0 0 0 0 0 0 0 0 0 0 0
 1966 0 0 0 0 0 0 0 0 0 0 0 0
 1967 0 0 0 0 0 0 0 0 0 0 0 0
 1968 0 0 0 0 0 0 0 0 0 0 0 0
 1969 0 0 0 0 0 0 0 0 0 0 0 0
 1970 0 0 0 0 0 0 0 0 0 0 0 0
 1971 0 0 0 0 0 0 0 0 0 0 0 0
 1972 0 0 0 0 0 0 0 0 0 0 0 0
 1973 0 0 0 0 0 0 0 0 0 0 0 0
 1974 0 0 0 0 0 0 0 0 0 0 0 0
 1975 0 0 0 0 0 0 0 0 0 0 0 0
 1976 0 0 0 0 0 0 0 0 0 0 0 0
 1977 0 0 0 0 0 0 0 0 0 0 0 0
 1978 0 0 0 0 0 0 0 0 0 0 0 0
 1979 0 0 0 0 0 0 0 0 0 0 0 0
 1980 0 0 0 0 0 0 0 0 0 0 0 0
 1981 0 0 0 0 0 0 0 0 0 0 0 0
 1982 0 0 0 0 0 0 0 0 0 0 0 0
 1983 0 0 0 0 0 0 0 0 0 0 0 0
 1984 0 0 0 0 0 0 0 0 0 0 0 0
 1985 0 0 0 0 0 0 0 0 0 0 0 0
 1986 0 0 0 0 0 0 0 0 0 0 0 0
 1987 0 0 0 0 0 0 0 0 0 0 0 0
 1988 0 0 0 0 0 0 0 0 0 0 0 0
 1989 0 0 0 0 0 0 0 0 0 0 0 0
 1990 0 0 0 0 0 0 0 0 0 0 0 0
 1991 0 0 0 0 0 0 0 0 0 0 0 0
 1992 0 0 0 0 0 0 0 0 0 0 0 0
 1993 0 0 0 0 0 0 0 0 0 0 0 0
 1994 0 0 0 0 0 0 0 0 0 0 0 0
 1995 0 0 0 0 0 0 0 0 0 0 0 0
 1996 0 0 0 0 0 0 0 0 0 0 0 0
 1997 0 0 0 0 0 0 0 0 0 0 0 0
 1998 0 0 0 0 0 0 0 0 0 0 0 0
 1999 0 0 0 0 0 0 0 0 0 0 0 0
 2000 0 0 0 0 0 0 0 0 0 0 0 0
 2001 0 0 0 0 0 0 0 0 0 0 0 0
 2002 381900 0.49 -1 185200 150600 29700 6600 7100 2700 0 0 20
 2003 88000 0.34 -1 61700 60400 17200 5400 1400 300 300 0 20
 2004 -1 -1 -1 -1 -1 -1 -1 -1 -1 -1 -1 0
 2005 246700 0.47 -1 137100 28200 54200 21600 4900 700 0 0 45
 2006 284999 0.35 -1 211000 48000 14000 11000 1000 -1 0 0 34
 2007 347140 0.25 -1 69800 220000 30600 8970 13100 3650 1020 0 37
 2008 606000 0.2 -1 295000 111000 162000 27000 6000 5000 0 0 32
 2009 526600 0.24 -1 112040 209850 57490 124630 11710 3650 6350 880 30
 2010 1.06387e+006 0.2 -1 548940 155860 193030 65240 91040 6650 3110 0 21
 2011 959000 0.28 -1 479000 299000 47000 71000 24000 33000 4000 2000 22
#phase_Fmult_year1
 1
#phase_Fmult_devs
 2
#phase_recruit_devs
 3
#phase_N_year1_devs
 1
#phase_q_year1
 1
#phase_q_devs
 -5
#phase_SR_scaler
 1
#phase_steepness
 -5
#recruit_CV
  1 1 1 1 1 1 1 1 1 1 1 1 1 1 1 1 1 1 1 1 1 1 1 1 1 1 1 1 1 1 1 1 1 1 1 1 1 1 1 1 1 1 1 1 1 1 1 1 1 1 1 1 1 1
#lambda_ind_ini
  1
#lambda_catch_tot
  1
#lambda_Discard_tot
  0
#catch_tot_CV
  0.2
 0.2
 0.2
 0.2
 0.2
 0.2
 0.2
 0.2
 0.2
 0.2
 0.2
 0.2
 0.2
 0.2
 0.2
 0.2
 0.2
 0.2
 0.2
 0.2
 0.2
 0.2
 0.2
 0.2
 0.2
 0.2
 0.2
 0.2
 0.2
 0.2
 0.2
 0.2
 0.2
 0.2
 0.2
 0.2
 0.2
 0.2
 0.2
 0.2
 0.2
 0.2
 0.2
 0.2
 0.2
 0.2
 0.2
 0.2
 0.2
 0.2
 0.2
 0.2
 0.2
 0.2
#discard_tot_CV
  0
 0
 0
 0
 0
 0
 0
 0
 0
 0
 0
 0
 0
 0
 0
 0
 0
 0
 0
 0
 0
 0
 0
 0
 0
 0
 0
 0
 0
 0
 0
 0
 0
 0
 0
 0
 0
 0
 0
 0
 0
 0
 0
 0
 0
 0
 0
 0
 0
 0
 0
 0
 0
 0
#input_eff_samp_size_catch_ini
  1
 1
 2
 1
 18
 47
 40
 26
 34
 39
 35
 48
 44
 26
 25
 17
 19
 26
 12
 11
 25
 46
 37
 30
 45
 59
 70
 40
 52
 79
 117
 121
 86
 109
 86
 61
 74
 73
 82
 83
 58
 66
 39
 123
 34
 43
 42
 42
 61
 54
 49
 43
 42
 39
#input_eff_samp_size_discard_ini
  0
 0
 0
 0
 0
 0
 0
 0
 0
 0
 0
 0
 0
 0
 0
 0
 0
 0
 0
 0
 0
 0
 0
 0
 0
 0
 0
 0
 0
 0
 0
 0
 0
 0
 0
 0
 0
 0
 0
 0
 0
 0
 0
 0
 0
 0
 0
 0
 0
 0
 0
 0
 0
 0
#lambda_Fmult_year1
  0
#Fmult_year1_CV
  0.5
#lambda_Fmult_devs
  0
#Fmult_devs_CV
  0.5
#lambda_N_year1_devs
 0
#N_year1_CV
 1
#lambda_recruit_devs
 1
#lambda_q_year1_ini
  0
#q_year1_CV_ini
  1
#lambda_q_devs_ini
  0
#q_devs_CV_ini
  1
#lambda_steepness
 0
#steepness_CV
 1
#lambda_SR_scaler
 0
#SR_scaler_CV
 1
#NAA_year1_flag
 1
#NAA_year1_ini
  100000 90000 80000 70000 60000 50000 40000 30000 20000
#Fmult_year1_ini
  0.7
#q_year1_iniavail
  1
#is_SR_scaler_R
 1
#SR_scaler_ini
 100000
#SR_steepness_ini
 1
#Fmult_max_value
 2.5
#ignore_guesses
 0
#do_projections
 0
#directed_fleet
  1
#nfinalyear
 2012
#project_ini
  2012 -1 3 -99 1
#doMCMC
 1
#MCMCnyear_opt
 1
#MCMCnboot
 1000
#MCMCnthin
 1
#MCMCseed
 1234
#fillR_opt
 0
#Ravg_start
 0
#Ravg_end
 0
#make_Rfile
 1
#test_value
 -23456
