  #########################    SSB      ##############################

           2018      2017      2016      2015      2014      2013
                                                                 
1974  605.53628 604.08341 610.98846 610.65295 610.74320 607.97220
1975  604.91880 601.18730 614.29960 605.11350 599.07130 615.08690
1976  497.13858 497.28519 504.94853 502.16634 502.26550 504.18158
1977  337.81400 338.89590 344.39595 341.45797 343.35335 344.11936
1978  388.58855 390.25247 396.04865 395.18293 398.25054 401.51958
1979  620.00602 616.98200 629.25924 611.49223 608.53250 613.60883
1980  425.40100 422.63380 427.17210 413.60730 412.00850 413.60340
1981  302.47695 299.65002 304.58016 303.57758 301.50253 307.92472
1982  180.98056 179.38403 183.01872 189.68307 188.17775 189.67038
1983   87.42130  86.08620  88.43240  93.56400  93.40640  93.62370
1984   65.60344  65.98926  67.72949  70.83211  72.25777  70.51484
1985   60.37466  60.94638  61.32044  62.52246  63.53530  61.38472
1986   23.02943  22.92221  22.68231  22.64062  22.69166  22.59682
1987   55.46773  55.18595  56.68056  60.72390  61.35948  59.49012
1988   57.43680  57.20586  58.01829  60.52049  61.27813  59.76085
1989   42.53441  43.14617  43.17463  43.64322  44.35660  42.63332
1990   41.93408  42.88455  42.78101  44.14001  45.04952  42.70776
1991   86.15016  87.09814  87.43838  89.26070  90.11446  88.04329
1992  121.34748 121.64514 125.07105 128.31182 129.58872 127.49828
1993  166.60669 164.83428 170.32103 175.94947 177.82779 177.15623
1994  135.41879 134.40246 142.01467 151.45757 155.34378 151.76660
1995  198.54656 199.76765 209.05438 224.29108 229.95926 221.59375
1996  108.15625 106.96673 110.61558 111.62851 111.12412 113.29290
1997  108.68303 107.12228 110.61415 112.87768 112.31684 114.52650
1998  134.49315 132.96500 136.00013 137.85685 138.22616 139.05752
1999  130.03058 130.72518 133.75589 133.64584 134.42777 133.36634
2000  184.18481 182.84214 187.99186 188.12796 187.09923 189.38909
2001  125.52945 124.02064 127.34258 128.69806 127.41063 129.71962
2002  111.26259 110.72582 113.44157 115.42167 115.31634 114.99432
2003  140.00057 140.10286 144.06440 146.20613 145.36354 145.51385
2004  173.25999 174.45831 178.05406 181.46707 182.38658 180.40956
2005  228.94509 233.74807 240.45945 249.32828 250.91180 245.89431
2006  172.42712 172.39273 177.25668 182.08139 181.97848 186.33810
2007  135.34343 134.16733 136.72248 138.82757 142.34362 148.84442
2008  102.50897 102.81054 104.42724 105.93103 106.59415 112.13259
2009  187.98170 191.03091 194.87842 205.54980 204.31818 204.25443
2010  188.16426 188.28385 192.08080 204.69406 193.39548 183.35589
2011  166.52480 165.64350 169.21380 180.30450 173.55540 171.87940
2012  134.52750 133.75590 135.68490 142.18100 139.48670 142.96200
2013  108.28225 107.31647 108.97110 110.29882 101.11116  90.22229
2014  219.55693 221.48627 228.32408 245.33460 230.41089 130.68449
2015  349.77370 352.24590 358.07200 419.92140 459.87430        NA
2016  224.60410 220.23170 239.01230 277.78360        NA        NA
2017  174.27657 198.88646 288.61478        NA        NA        NA
2018  217.50015 332.00515        NA        NA        NA        NA
2019  216.30502        NA        NA        NA        NA        NA


i: 1  ( 332.0052 - 217.5001 ) /  217.5001 = 0.5264594 
i: 2  ( 288.6148 - 174.2766 ) /  174.2766 = 0.6560733 
i: 3  ( 277.7836 - 224.6041 ) /  224.6041 = 0.2367699 
i: 4  ( 459.8743 - 349.7737 ) /  349.7737 = 0.3147767 
i: 5  ( 130.6845 - 219.5569 ) /  219.5569 = -0.4047808 
rho= 0.2658597   n= 5 


  #########################    F      ##############################

           2018      2017      2016      2015      2014      2013
                                                                 
1974  1.1484677 1.1520240 1.1492816 1.1561008 1.1534845 1.1409991
1975  1.6094430 1.6151005 1.6264725 1.6219760 1.6092200 1.6266515
1976  1.6533380 1.6546250 1.6747375 1.6677020 1.6530700 1.7006715
1977  1.4418235 1.4514835 1.4572650 1.4466405 1.4418730 1.4653205
1978  0.9570129 0.9620665 0.9777548 0.9772095 0.9720700 1.0064625
1979  0.6262685 0.6336662 0.6443508 0.6591947 0.6621063 0.6808764
1980  2.1581200 2.1552220 2.1624425 2.1162350 2.0966955 2.1473035
1981  1.0492260 1.0557660 1.0781860 1.0219165 1.0133535 1.0514790
1982  0.9625605 0.9899180 0.9949803 0.9874825 0.9958490 0.9973665
1983  1.6153135 1.6450205 1.6568780 1.6525805 1.6680750 1.6457865
1984  0.9249922 0.9315354 0.9598160 0.9597105 0.9517120 0.9932075
1985  1.2690050 1.2690645 1.2862960 1.2803645 1.2609750 1.2995795
1986  1.0539195 1.0690815 1.0782790 1.0010615 0.9835215 1.0386655
1987  0.3556206 0.3665142 0.3697182 0.3661813 0.3690366 0.3722846
1988  1.2552380 1.2740190 1.2983315 1.2777780 1.2738785 1.3068850
1989  0.2963145 0.2887733 0.2926314 0.2648758 0.2593336 0.2922742
1990  1.4866960 1.5204690 1.5309700 1.5067915 1.5059605 1.5157590
1991  0.6919656 0.6928011 0.7121232 0.6874840 0.6572208 0.7011445
1992  0.8023799 0.8146434 0.8217363 0.7952025 0.7822646 0.8057642
1993  1.5644065 1.5792170 1.5995075 1.5994180 1.5813535 1.6128185
1994  0.6819777 0.6759692 0.6993749 0.6698146 0.6545130 0.6940524
1995  1.4476110 1.4791290 1.4984980 1.5508060 1.5717800 1.5356720
1996  1.3354870 1.3446145 1.3699350 1.3500930 1.3242415 1.3678090
1997  0.9833735 0.9975425 1.0003890 0.9998380 0.9938760 1.0128830
1998  1.6511895 1.6570385 1.6765405 1.6654530 1.6440360 1.6792340
1999  0.8693530 0.8925245 0.8944139 0.8851360 0.8885616 0.8890245
2000  1.4253025 1.4466090 1.4581230 1.4349735 1.4245760 1.4335700
2001  1.4976885 1.5012155 1.5191245 1.5067350 1.4796000 1.5247100
2002  1.5821500 1.5981825 1.6071225 1.6016915 1.5892495 1.6060770
2003  1.2161545 1.2300260 1.2502850 1.2398605 1.2232235 1.2390825
2004  1.8484925 1.8464145 1.8666860 1.8378305 1.7997615 1.8646005
2005  1.2753760 1.3047865 1.3260060 1.3171985 1.3037215 1.2847700
2006  1.6221400 1.6540035 1.6682050 1.6647140 1.6380255 1.6361530
2007  1.5607755 1.5579290 1.5838585 1.5631975 1.5409040 1.6088250
2008  1.3183400 1.2962605 1.3225540 1.2807215 1.2074370 1.2194770
2009  0.8461172 0.8739427 0.8986205 0.8564869 0.8683122 1.0248090
2010  0.9797462 0.9855750 1.0164536 1.0018900 0.9416065 0.9735805
2011  0.8899887 0.8905219 0.9160101 0.9053866 0.8336729 0.8563543
2012  1.3501990 1.3693575 1.3889065 1.3871095 1.3729075 1.2893700
2013  1.1983475 1.1657895 1.1922415 1.1705080 1.0381275 1.7542050
2014  0.5678140 0.5775373 0.5909827 0.5845469 0.7153110        NA
2015  1.3611750 1.3882665 1.4187960 1.1031625        NA        NA
2016  2.2028470 2.2600285 2.2315745        NA        NA        NA
2017  1.3927400 1.2525615        NA        NA        NA        NA
2018  1.3997990        NA        NA        NA        NA        NA


i: 1  ( 1.252562 - 1.39274 ) /  1.39274 = -0.1006494 
i: 2  ( 2.231574 - 2.202847 ) /  2.202847 = 0.01304108 
i: 3  ( 1.103162 - 1.361175 ) /  1.361175 = -0.1895513 
i: 4  ( 0.715311 - 0.567814 ) /  0.567814 = 0.259763 
i: 5  ( 1.754205 - 1.198348 ) /  1.198348 = 0.4638533 
rho= 0.08929133   n= 5 


  #########################  Recruitment      ##############################



i: 1  ( 230856 - 190734 ) /  190734 = 0.2103558 
i: 2  ( 252390 - 133857 ) /  133857 = 0.8855196 
i: 3  ( 98715 - 101492 ) /  101492 = -0.02736176 
i: 4  ( 282598 - 188465 ) /  188465 = 0.4994721 
i: 5  ( 93617 - 171319 ) /  171319 = -0.4535516 
rho= 0.2228868   n= 5 

           2018      2017      2016      2015      2014      2013
                                                                 
1974   533667.0  531742.0  538594.0  534074.0  530863.0  539633.0
1975   712689.0  716048.0  721915.0  721715.0  725297.0  721510.0
1976   330409.0  333165.0  334905.0  333345.0  337863.0  339398.0
1977   631497.0  635868.0  642453.0  642784.0  649273.0  653859.0
1978  1033370.0 1027700.0 1047290.0 1013020.0 1006740.0 1016650.0
1979   534780.0  534916.0  532662.0  524335.0  528398.0  527841.0
1980   328622.0  325411.0  328377.0  327715.0  325110.0  334515.0
1981    94281.3   95071.5   97287.2  102890.0  103030.0  101644.0
1982    49287.2   48900.8   50025.7   53245.5   53915.3   54090.4
1983    66959.8   68385.7   69727.5   72715.7   75153.4   71724.6
1984    33535.9   33952.7   33486.1   33424.6   33605.7   33208.1
1985    23326.4   22954.7   22594.9   22365.0   22046.4   22795.4
1986    79160.7   79041.1   81487.2   87465.1   88517.8   85716.5
1987    40836.3   41086.4   40570.8   40745.1   41666.4   40782.0
1988    60893.0   62371.2   62510.4   62797.6   63889.5   61434.3
1989    54629.7   55831.2   55423.4   57454.9   58740.9   55927.9
1990    73835.2   74958.5   75054.1   76382.2   77189.2   75527.0
1991   112582.0  112653.0  116603.0  119512.0  120232.0  119130.0
1992   104251.0  103152.0  106027.0  109377.0  110692.0  110810.0
1993   150399.0  150158.0  158990.0  171756.0  176999.0  171686.0
1994   128713.0  130450.0  135387.0  143360.0  146191.0  141486.0
1995    36331.9   36165.3   36352.4   36449.1   36507.5   37493.6
1996    60863.8   60075.8   62370.5   63829.3   63210.0   64792.2
1997    49103.4   49088.1   49094.6   49745.2   50506.7   50069.0
1998   109864.0  110930.0  113427.0  113250.0  113842.0  112812.0
1999    77583.0   77262.0   78654.2   79028.1   78686.9   79988.7
2000    73316.9   72925.0   74496.9   75346.4   74609.2   75560.7
2001    61396.8   61459.0   62403.5   63896.3   64069.2   63482.2
2002    82225.0   82799.8   84720.7   86118.5   85660.8   85566.3
2003   106874.0  108297.0  109842.0  112347.0  113499.0  111315.0
2004   188359.0  192991.0  197894.0  205875.0  206896.0  203080.0
2005    66445.3   66493.6   67233.1   68670.5   68702.7   70944.6
2006    84862.9   84745.3   85971.4   87415.7   90168.3   93961.5
2007    60934.3   61470.1   61931.4   62830.2   62547.1   66651.1
2008   140415.0  142624.0  145600.0  154315.0  151683.0  148963.0
2009   114653.0  115361.0  117542.0  123965.0  114501.0  112816.0
2010   120614.0  119860.0  123379.0  131560.0  125926.0  127985.0
2011    91679.8   91346.2   92229.2   94954.6   90912.4   95698.3
2012    72997.2   72928.6   73808.3   74114.3   65900.6   49066.7
2013   171319.0  172520.0  178362.0  193667.0  179930.0   93617.0
2014   188465.0  190857.0  191516.0  237522.0  282598.0        NA
2015   101492.0   98758.6  115892.0   98715.0        NA        NA
2016   133857.0  160108.0  252390.0        NA        NA        NA
2017   190734.0  230856.0        NA        NA        NA        NA
2018   158389.0        NA        NA        NA        NA        NA
