Year Quarter Species.n Age M1 M2 M F Z N N.bar C.hat C.obs west weca Yield CWsum prop.landed propmat BIO SSB Lsea ration
1974 1 1 0 0 0 0.482857 0.000901282 0.483758 5.30863e+008 4.20884e+008 379335 0 0.00632446 0.00632446 0 0 1 0 3.35742e+006 0 0 0 
1974 1 1 1 0 0 0.456422 0.211614 0.668036 1.37278e+008 1.00134e+008 2.11898e+007 1.61011e+007 0.00832646 0.00832646 134065 134065 1 0.409297 1.14304e+006 467841 0 0 
1974 1 1 2 0 0 0.401885 0.351683 0.753567 1.14883e+007 8.06954e+006 2.83792e+006 2.15572e+006 0.0135262 0.0135262 29158.7 29158.7 1 0.87187 155393 135482 0 0 
1974 1 1 3 0 0 0.279594 0.301603 0.581196 425838 322950 97402.4 475613 0.0184048 0.0184048 8753.57 8753.57 1 0.94676 7837.46 7420.2 0 0 
1974 2 1 0 0 0 0.326748 0.00748922 0.334237 3.27257e+008 2.78182e+008 2.08337e+006 1.88415e+006 0.00584713 0.00584713 11016.9 11016.9 1 0 1.91352e+006 0 0 0 
1974 2 1 1 0 0 0.235424 0.23388 0.469304 7.03842e+007 5.61753e+007 1.31383e+007 1.15441e+007 0.00894888 0.00894888 103307 103307 1 0.409297 629859 257799 0 0 
1974 2 1 2 0 0 0.217345 0.747797 0.965142 5.40737e+006 3.46845e+006 2.5937e+006 866399 0.0149823 0.0149823 12980.6 12980.6 1 0.87187 81014.6 70634.2 0 0 
1974 2 1 3 0 0 0.187755 0.647055 0.83481 238141 161472 104481 48228.1 0.0196945 0.0196945 949.829 949.829 1 0.94676 4690.06 4440.37 0 0 
1974 3 1 0 0 0 0.296626 0.0167304 0.313356 2.34278e+008 2.01123e+008 3.36487e+006 2.8427e+006 0.0049933 0.0049933 14194.5 14194.5 1 0 1.16982e+006 0 0 0 
1974 3 1 1 0 0 0.27469 0.100106 0.374796 4.40209e+007 3.67123e+007 3.67514e+006 1.10913e+007 0.00774447 0.00774447 85896.3 85896.3 1 0.409297 340919 139537 0 0 
1974 3 1 2 0 0 0.174943 0.20794 0.382883 2.05982e+006 1.71135e+006 355857 1.33604e+006 0.0150214 0.0150214 20069.1 20069.1 1 0.87187 30941.4 26976.9 0 0 
1974 3 1 3 0 0 0.174943 0.38902 0.563964 103343 78987.4 30727.7 34534.2 0.0196543 0.0196543 678.744 678.744 1 0.94676 2031.13 1922.99 0 0 
1974 4 1 0 0 0 0.444899 0.00946229 0.454361 1.71255e+008 1.37629e+008 1.30228e+006 1.30233e+006 0.0065831 0.0065831 8573.38 8573.38 1 0 1.12739e+006 0 0 0 
1974 4 1 1 0 0 0.409145 0.106189 0.515334 3.02613e+007 2.36471e+007 2.51106e+006 2.51132e+006 0.0106994 0.0106994 26869.5 26869.5 1 0.409297 323776 132521 0 0 
1974 4 1 2 0 0 0.3178 0.34776 0.66556 1.40458e+006 1.02567e+006 356687 359117 0.0183478 0.0183478 6589.02 6589.02 1 0.87187 25771 22468.9 0 0 
1974 4 1 3 0 0 0.3178 0.34776 0.66556 58796.9 42935.5 14931.3 14821.6 0.0163205 0.0163205 241.896 241.896 1 0.94676 959.595 908.507 0 0 
1975 1 1 0 0 0 0.51835 0.0015654 0.519916 7.25297e+008 5.65586e+008 885370 250931 0.00483392 0.00483392 1212.98 1212.98 1 0 3.50603e+006 0 0 0 
1975 1 1 1 0 0 0.492266 0.367544 0.85981 1.08722e+008 7.29301e+007 2.6805e+007 2.77235e+007 0.0086133 0.0086133 238791 238791 1 0.409297 936452 383287 0 0 
1975 1 1 2 0 0 0.422257 0.610824 1.03308 1.80751e+007 1.12692e+007 6.8835e+006 1.00526e+007 0.0129155 0.0129155 129834 129834 1 0.87187 233449 203537 0 0 
1975 1 1 3 0 0 0.236604 0.523842 0.760447 752154 526735 275926 260182 0.0171986 0.0171986 4474.76 4474.76 1 0.94676 12936 12247.3 0 0 
1975 2 1 0 0 0 0.289484 0.0130077 0.302491 4.31241e+008 3.72125e+008 4.84051e+006 1.17957e+006 0.00754079 0.00754079 8894.86 8894.86 1 0 3.25189e+006 0 0 0 
1975 2 1 1 0 0 0.220191 0.406218 0.626409 4.60156e+007 3.41948e+007 1.38905e+007 1.45419e+007 0.0110761 0.0110761 161067 161067 1 0.409297 509672 208607 0 0 
1975 2 1 2 0 0 0.199951 1.29882 1.49877 6.43307e+006 3.33333e+006 4.3294e+006 4.37841e+006 0.0168117 0.0168117 73608.7 73608.7 1 0.87187 108151 94293.6 0 0 
1975 2 1 3 0 0 0.169448 1.12385 1.29329 351600 197274 221705 166807 0.0216322 0.0216322 3608.4 3608.4 1 0.94676 7605.88 7200.94 0 0 
1975 3 1 0 0 0 0.329164 0.0290584 0.358223 3.18676e+008 2.67844e+008 7.7831e+006 5.24002e+006 0.00480279 0.00480279 25166.8 25166.8 1 0 1.53053e+006 0 0 0 
1975 3 1 1 0 0 0.298634 0.173871 0.472505 2.45957e+007 1.96015e+007 3.40813e+006 4.75588e+006 0.0105762 0.0105762 50299 50299 1 0.409297 260129 106470 0 0 
1975 3 1 2 0 0 0.218145 0.361163 0.579308 1.43718e+006 1.09087e+006 393981 2.20678e+006 0.0154459 0.0154459 34085.8 34085.8 1 0.87187 22198.5 19354.2 0 0 
1975 3 1 3 0 0 0.218145 0.675675 0.89382 96466.9 63774.9 43091.1 66185.8 0.0191701 0.0191701 1268.79 1268.79 1 0.94676 1849.28 1750.83 0 0 
1975 4 1 0 0 0 0.473564 0 0.473564 2.22728e+008 1.77416e+008 0 0 0.00616806 0.00616806 0 0 1 0 1.3738e+006 0 0 0 
1975 4 1 1 0 0 0.44162 0 0.44162 1.53339e+007 1.2396e+007 0 0 0.0116102 0.0116102 0 0 1 0.409297 178029 72866.8 0 0 
1975 4 1 2 0 0 0.422889 0 0.422889 805230 656632 0 0 0.016961 0.016961 0 0 1 0.87187 13657.5 11907.5 0 0 
1975 4 1 3 0 0 0.422889 0 0.422889 39463.7 32181 0 0 0.0171267 0.0171267 0 0 1 0.94676 675.881 639.898 0 0 
1976 1 1 0 0 0 0.489721 0.00160806 0.491329 3.37863e+008 2.66937e+008 429251 2.14321e+006 0.00487682 0.00487682 10452.1 10452.1 1 0 1.6477e+006 0 0 0 
1976 1 1 1 0 0 0.466338 0.37756 0.843898 1.3871e+008 9.3685e+007 3.53717e+007 4.22098e+007 0.00700833 0.00700833 295820 295820 1 0.409297 972127 397889 0 0 
1976 1 1 2 0 0 0.415041 0.627469 1.04251 9.85961e+006 6.12313e+006 3.84207e+006 2.88865e+006 0.0113282 0.0113282 32723.3 32723.3 1 0.87187 111692 97380.7 0 0 
1976 1 1 3 0 0 0.290053 0.538117 0.82817 553403 376311 202500 180913 0.0133523 0.0133523 2415.6 2415.6 1 0.94676 7389.2 6995.8 0 0 
1976 2 1 0 0 0 0.317874 0.0133622 0.331236 2.06709e+008 1.75961e+008 2.35122e+006 7.43966e+006 0.00433913 0.00433913 32281.7 32281.7 1 0 896937 0 0 0 
1976 2 1 1 0 0 0.241554 0.417287 0.658842 5.96498e+007 4.36888e+007 1.82308e+007 1.87627e+007 0.00895333 0.00895333 167989 167989 1 0.409297 534064 218591 0 0 
1976 2 1 2 0 0 0.224652 1.33421 1.55887 3.47619e+006 1.76082e+006 2.34931e+006 1.61314e+006 0.0153303 0.0153303 24729.9 24729.9 1 0.87187 53291.1 46462.9 0 0 
1976 2 1 3 0 0 0.194676 1.15447 1.34915 241753 132697 153194 88603.8 0.0190226 0.0190226 1685.47 1685.47 1 0.94676 4598.76 4353.92 0 0 
1976 3 1 0 0 0 0.364067 0.0298502 0.393917 1.48424e+008 1.22679e+008 3.662e+006 7.70342e+006 0.00220921 0.00220921 17018.5 17018.5 1 0 327901 0 0 0 
1976 3 1 1 0 0 0.332446 0.178609 0.511055 3.08658e+007 2.41668e+007 4.31641e+006 6.92535e+006 0.0058604 0.0058604 40585.3 40585.3 1 0.409297 180886 74036 0 0 
1976 3 1 2 0 0 0.240275 0.371005 0.61128 731302 547141 202992 267638 0.0104328 0.0104328 2792.22 2792.22 1 0.87187 7629.56 6651.98 0 0 
1976 3 1 3 0 0 0.240275 0.694087 0.934362 62725.5 40760.1 28291 8289.41 0.0126397 0.0126397 104.776 104.776 1 0.94676 792.832 750.622 0 0 
1976 4 1 0 0 0 0.48538 0 0.48538 1.00099e+008 7.93022e+007 0 0 0.0033842 0.0033842 0 0 1 0 338755 0 0 0 
1976 4 1 1 0 0 0.443045 0 0.443045 1.85152e+007 1.49579e+007 0 0 0.00569468 0.00569468 0 0 1 0.409297 105438 43155.6 0 0 
1976 4 1 2 0 0 0.420767 0 0.420767 396845 323930 0 0 0.00850104 0.00850104 0 0 1 0.87187 3373.59 2941.33 0 0 
1976 4 1 3 0 0 0.420767 0 0.420767 24640.9 20113.5 0 0 0.0106209 0.0106209 0 0 1 0.94676 261.708 247.775 0 0 
1977 1 1 0 0 0 0.4405 0.00140261 0.441903 6.49273e+008 5.24804e+008 736098 2.69019e+006 0.00536393 0.00536393 14430 14430 1 0 3.48265e+006 0 0 0 
1977 1 1 1 0 0 0.410663 0.329322 0.739985 6.16072e+007 4.35321e+007 1.43361e+007 1.27861e+007 0.0082469 0.0082469 105445 105445 1 0.409297 508068 207951 0 0 
1977 1 1 2 0 0 0.368355 0.547304 0.915659 1.18882e+007 7.78667e+006 4.26167e+006 5.18187e+006 0.0126093 0.0126093 65339.6 65339.6 1 0.87187 149902 130695 0 0 
1977 1 1 3 0 0 0.312123 0.469367 0.78149 276724 192019 90127.3 109712 0.0179676 0.0179676 1971.27 1971.27 1 0.94676 4972.06 4707.35 0 0 
1977 2 1 0 0 0 0.372886 0.011655 0.384541 4.1736e+008 3.46483e+008 4.03828e+006 2.52008e+006 0.00586997 0.00586997 14792.8 14792.8 1 0 2.44989e+006 0 0 0 
1977 2 1 1 0 0 0.244527 0.363975 0.608502 2.93941e+007 2.20194e+007 8.01449e+006 4.90459e+006 0.0109601 0.0109601 53754.7 53754.7 1 0.409297 322161 131859 0 0 
1977 2 1 2 0 0 0.227433 1.16375 1.39119 4.7583e+006 2.56941e+006 2.99016e+006 3.67915e+006 0.0146457 0.0146457 53883.7 53883.7 1 0.87187 69688.5 60759.3 0 0 
1977 2 1 3 0 0 0.19914 1.00698 1.20611 126663 73579.5 74092.7 67687.9 0.0195727 0.0195727 1324.84 1324.84 1 0.94676 2479.14 2347.15 0 0 
1977 3 1 0 0 0 0.379611 0.0260365 0.405648 2.84124e+008 2.33559e+008 6.08105e+006 1.58572e+007 0.00225275 0.00225275 35722.4 35722.4 1 0 640061 0 0 0 
1977 3 1 1 0 0 0.351334 0.15579 0.507124 1.59952e+007 1.25462e+007 1.95458e+006 1.84347e+006 0.00797474 0.00797474 14701.2 14701.2 1 0.409297 127558 52209 0 0 
1977 3 1 2 0 0 0.248324 0.323605 0.571929 1.18377e+006 901523 291738 2.20088e+006 0.0106178 0.0106178 23368.5 23368.5 1 0.87187 12569 10958.6 0 0 
1977 3 1 3 0 0 0.248324 0.60541 0.853734 37917.5 25501.4 15438.8 37835.5 0.0138106 0.0138106 522.532 522.532 1 0.94676 523.665 495.786 0 0 
1977 4 1 0 0 0 0.489556 0 0.489556 1.89381e+008 1.49747e+008 0 0 0.00247276 0.00247276 0 0 1 0 468294 0 0 0 
1977 4 1 1 0 0 0.43967 0 0.43967 9.63273e+006 7.79415e+006 0 0 0.00633335 0.00633335 0 0 1 0.409297 61007.5 24970.2 0 0 
1977 4 1 2 0 0 0.431873 0 0.431873 668161 542589 0 0 0.00825311 0.00825311 0 0 1 0.87187 5514.4 4807.84 0 0 
1977 4 1 3 0 0 0.431873 0 0.431873 16146.1 13111.7 0 0 0.0121792 0.0121792 0 0 1 0.94676 196.647 186.178 0 0 
1978 1 1 0 0 0 0.411115 0.000945601 0.412061 1.00674e+009 8.25098e+008 780214 454090 0.00380169 0.00380169 1726.31 1726.31 1 0 3.8273e+006 0 0 0 
1978 1 1 1 0 0 0.397839 0.22202 0.619859 1.16072e+008 8.65079e+007 1.92064e+007 3.21845e+007 0.00686812 0.00686812 221047 221047 1 0.409297 797193 326288 0 0 
1978 1 1 2 0 0 0.384897 0.368976 0.753873 6.20588e+006 4.3585e+006 1.60818e+006 427473 0.0121643 0.0121643 5199.92 5199.92 1 0.87187 75490.2 65817.6 0 0 
1978 1 1 3 0 0 0.329772 0.316434 0.646206 444315 327265 103558 96434.7 0.0146079 0.0146079 1408.7 1408.7 1 0.94676 6490.49 6144.94 0 0 
1978 2 1 0 0 0 0.347257 0.00785749 0.355115 6.66745e+008 5.61212e+008 4.40972e+006 5.51766e+006 0.00438632 0.00438632 24202.3 24202.3 1 0 2.92456e+006 0 0 0 
1978 2 1 1 0 0 0.230318 0.245381 0.475699 6.24489e+007 4.96952e+007 1.21943e+007 1.0345e+007 0.0103184 0.0103184 106744 106744 1 0.409297 644373 263740 0 0 
1978 2 1 2 0 0 0.218406 0.784569 1.00297 2.92012e+006 1.84357e+006 1.44641e+006 1.20958e+006 0.0155213 0.0155213 18774.4 18774.4 1 0.87187 45324.1 39516.7 0 0 
1978 2 1 3 0 0 0.192224 0.678873 0.871097 232835 155431 105518 116695 0.0196403 0.0196403 2291.94 2291.94 1 0.94676 4572.94 4329.48 0 0 
1978 3 1 0 0 0 0.381769 0.0175531 0.399322 4.6745e+008 3.85394e+008 6.76484e+006 6.15461e+006 0.00309097 0.00309097 19023.7 19023.7 1 0 1.44487e+006 0 0 0 
1978 3 1 1 0 0 0.356481 0.105029 0.46151 3.88089e+007 3.10859e+007 3.26492e+006 4.97357e+006 0.0088622 0.0088622 44076.8 44076.8 1 0.409297 343932 140770 0 0 
1978 3 1 2 0 0 0.207538 0.218165 0.425703 1.07106e+006 872264 190298 1.11904e+006 0.0123428 0.0123428 13812.2 13812.2 1 0.87187 13219.9 11526 0 0 
1978 3 1 3 0 0 0.207538 0.40815 0.615688 97439.4 72757.5 29696 29941.3 0.0166014 0.0166014 497.066 497.066 1 0.94676 1617.63 1531.51 0 0 
1978 4 1 0 0 0 0.444771 0 0.444771 3.13553e+008 2.53107e+008 0 0 0.00195119 0.00195119 0 0 1 0 611801 0 0 0 
1978 4 1 1 0 0 0.396387 0 0.396387 2.44624e+007 2.0196e+007 0 0 0.00518089 0.00518089 0 0 1 0.409297 126737 51873.2 0 0 
1978 4 1 2 0 0 0.3741 0 0.3741 699734 583752 0 0 0.00870696 0.00870696 0 0 1 0.87187 6092.56 5311.92 0 0 
1978 4 1 3 0 0 0.3741 0 0.3741 52643.5 43917.7 0 0 0.00938547 0.00938547 0 0 1 0.94676 494.084 467.779 0 0 
1979 1 1 0 0 0 0.436154 0.000644078 0.436798 5.28398e+008 4.28113e+008 275738 3.57939e+006 0.00497197 0.00497197 17796.6 17796.6 1 0 2.62718e+006 0 0 0 
1979 1 1 1 0 0 0.423949 0.151224 0.575174 2.00979e+008 1.52835e+008 2.31124e+007 3.68668e+007 0.00581055 0.00581055 214216 214216 1 0.409297 1.1678e+006 477976 0 0 
1979 1 1 2 0 0 0.418712 0.251321 0.670033 1.6457e+007 1.19936e+007 3.01424e+006 644042 0.00871421 0.00871421 5612.32 5612.32 1 0.87187 143410 125035 0 0 
1979 1 1 3 0 0 0.404555 0.215533 0.620087 517567 385702 83131.4 117139 0.0112681 0.0112681 1319.93 1319.93 1 0.94676 5832 5521.5 0 0 
1979 2 1 0 0 0 0.416075 0.00535198 0.421427 3.41399e+008 2.78586e+008 1.49099e+006 1.05292e+006 0.00565412 0.00565412 5953.34 5953.34 1 0 1.93031e+006 0 0 0 
1979 2 1 1 0 0 0.252009 0.167136 0.419145 1.13072e+008 9.23663e+007 1.54378e+007 1.13559e+007 0.010481 0.010481 119021 119021 1 0.409297 1.1851e+006 485059 0 0 
1979 2 1 2 0 0 0.245079 0.534394 0.779473 8.42092e+006 5.84842e+006 3.12536e+006 2.15226e+006 0.0149946 0.0149946 32272.4 32272.4 1 0.87187 126269 110090 0 0 
1979 2 1 3 0 0 0.22659 0.462401 0.688991 278398 201192 93031.3 63386.1 0.0173026 0.0173026 1096.75 1096.75 1 0.94676 4817.02 4560.56 0 0 
1979 3 1 0 0 0 0.393302 0.0119559 0.405258 2.23995e+008 1.84165e+008 2.20186e+006 3.88278e+006 0.0032166 0.0032166 12489.4 12489.4 1 0 720504 0 0 0 
1979 3 1 1 0 0 0.366066 0.0715385 0.437605 7.43571e+007 6.02224e+007 4.30822e+006 6.39926e+006 0.0076793 0.0076793 49141.8 49141.8 1 0.409297 571011 233713 0 0 
1979 3 1 2 0 0 0.231547 0.148599 0.380146 3.86224e+006 3.21294e+006 477440 332781 0.0128909 0.0128909 4289.83 4289.83 1 0.87187 49787.5 43408.2 0 0 
1979 3 1 3 0 0 0.231547 0.278003 0.50955 139779 109517 30446.1 25963.8 0.0164776 0.0164776 427.82 427.82 1 0.94676 2303.21 2180.59 0 0 
1979 4 1 0 0 0 0.444375 0 0.444375 1.49361e+008 1.2059e+008 0 0 0.00285703 0.00285703 0 0 1 0 426729 0 0 0 
1979 4 1 1 0 0 0.38935 0 0.38935 4.80035e+007 3.97619e+007 0 0 0.0105863 0.0105863 0 0 1 0.409297 508179 207996 0 0 
1979 4 1 2 0 0 0.376957 0 0.376957 2.64085e+006 2.20017e+006 0 0 0.0121166 0.0121166 0 0 1 0.87187 31998.1 27898.2 0 0 
1979 4 1 3 0 0 0.376957 0 0.376957 83974.3 69961.5 0 0 0.0153221 0.0153221 0 0 1 0.94676 1286.66 1218.16 0 0 
1980 1 1 0 0 0 0.470002 0.0020396 0.472041 3.2511e+008 2.59151e+008 528564 0 0.00632446 0.00632446 0 0 1 0 2.05614e+006 0 0 0 
1980 1 1 1 0 0 0.463561 0.478882 0.942443 9.5774e+007 6.20232e+007 2.97018e+007 1.42376e+007 0.00519841 0.00519841 74012.7 74012.7 1 0.409297 497873 203778 0 0 
1980 1 1 2 0 0 0.443658 0.795858 1.23952 3.25223e+007 1.86414e+007 1.48359e+007 1.74214e+007 0.00682428 0.00682428 118888 118888 1 0.87187 221941 193504 0 0 
1980 1 1 3 0 0 0.415235 0.682527 1.09776 1.86908e+006 1.1346e+006 774397 1.48107e+006 0.00832205 0.00832205 12325.5 12325.5 1 0.94676 15554.6 14726.5 0 0 
1980 2 1 0 0 0 0.447383 0.0169481 0.464331 2.0278e+008 1.62215e+008 2.74924e+006 0 0.00510473 0.00510473 0 0 1 0 1.03514e+006 0 0 0 
1980 2 1 1 0 0 0.261263 0.529271 0.790535 3.73207e+007 2.57952e+007 1.36526e+007 9.41516e+006 0.0051586 0.0051586 48569.1 48569.1 1 0.409297 192523 78799 0 0 
1980 2 1 2 0 0 0.256933 1.69227 1.9492 9.41599e+006 4.14286e+006 7.01082e+006 1.15206e+007 0.0068616 0.0068616 79049.6 79049.6 1 0.87187 64608.8 56330.4 0 0 
1980 2 1 3 0 0 0.22984 1.46429 1.69413 623556 300433 439920 979415 0.00826773 0.00826773 8097.54 8097.54 1 0.94676 5155.4 4880.93 0 0 
1980 3 1 0 0 0 0.38776 0.0378608 0.425621 1.27458e+008 1.03805e+008 3.93015e+006 2.53606e+006 0.00318667 0.00318667 8081.58 8081.58 1 0 406168 0 0 0 
1980 3 1 1 0 0 0.355084 0.226541 0.581625 1.69288e+007 1.28361e+007 2.90789e+006 3.86661e+006 0.00857794 0.00857794 33167.6 33167.6 1 0.409297 145214 59435.6 0 0 
1980 3 1 2 0 0 0.232378 0.470569 0.702946 1.34072e+006 962946 453132 389674 0.0130762 0.0130762 5095.48 5095.48 1 0.87187 17531.6 15285.3 0 0 
1980 3 1 3 0 0 0.232378 0.880354 1.11273 114585 69131.9 60860.5 8724.47 0.0168243 0.0168243 146.783 146.783 1 0.94676 1927.81 1825.17 0 0 
1980 4 1 0 0 0 0.418981 0 0.418981 8.32767e+007 6.80323e+007 0 0 0.00457565 0.00457565 0 0 1 0 381045 0 0 0 
1980 4 1 1 0 0 0.372197 0 0.372197 9.463e+006 7.90153e+006 0 0 0.00731047 0.00731047 0 0 1 0.409297 69179 28314.7 0 0 
1980 4 1 2 0 0 0.336392 0 0.336392 663825 563706 0 0 0.0105055 0.0105055 0 0 1 0.87187 6973.83 6080.27 0 0 
1980 4 1 3 0 0 0.336392 0 0.336392 37659.4 31979.5 0 0 0.0100528 0.0100528 0 0 1 0.94676 378.583 358.427 0 0 
1981 1 1 0 0 0 0.500673 0.000985761 0.501659 1.0303e+008 8.10169e+007 79863.3 428776 0.00375646 0.00375646 1610.68 1610.68 1 0 387030 0 0 0 
1981 1 1 1 0 0 0.485668 0.231449 0.717117 5.47725e+007 3.90939e+007 9.04823e+006 1.23224e+007 0.00985436 0.00985436 121430 121430 1 0.409297 539748 220917 0 0 
1981 1 1 2 0 0 0.447571 0.384646 0.832218 6.52207e+006 4.42724e+006 1.70292e+006 1.48324e+006 0.0128668 0.0128668 19084.5 19084.5 1 0.87187 83918.1 73165.6 0 0 
1981 1 1 3 0 0 0.360278 0.329872 0.690151 501101 361948 119397 130805 0.0156399 0.0156399 2045.78 2045.78 1 0.94676 7837.18 7419.93 0 0 
1981 2 1 0 0 0 0.409368 0.0081912 0.417559 6.23875e+007 5.10007e+007 417757 40632.1 0.00816463 0.00816463 331.746 331.746 1 0 509371 0 0 0 
1981 2 1 1 0 0 0.271108 0.255802 0.526911 2.67376e+007 2.07835e+007 5.31645e+006 3.54074e+006 0.0125949 0.0125949 44595.3 44595.3 1 0.409297 336758 137834 0 0 
1981 2 1 2 0 0 0.26707 0.817889 1.08496 2.83765e+006 1.73164e+006 1.41629e+006 3.02529e+006 0.0152894 0.0152894 46255 46255 1 0.87187 43386 37827 0 0 
1981 2 1 3 0 0 0.231668 0.707705 0.939372 251302 162954 115324 202048 0.0193529 0.0193529 3910.21 3910.21 1 0.94676 4863.43 4604.5 0 0 
1981 3 1 0 0 0 0.360579 0.0182985 0.378878 4.10917e+007 3.42039e+007 625882 374254 0.00488917 0.00488917 1829.79 1829.79 1 0 200904 0 0 0 
1981 3 1 1 0 0 0.313672 0.10949 0.423162 1.57866e+007 1.28717e+007 1.40932e+006 3.85406e+006 0.00889068 0.00889068 34265.2 34265.2 1 0.409297 140353 57446.2 0 0 
1981 3 1 2 0 0 0.222216 0.227431 0.449647 958884 772288 175642 319763 0.0157395 0.0157395 5032.91 5032.91 1 0.87187 15092.4 13158.6 0 0 
1981 3 1 3 0 0 0.222216 0.425484 0.6477 98227.3 72302.1 30763.4 9835.42 0.0193956 0.0193956 190.763 190.763 1 0.94676 1905.17 1803.74 0 0 
1981 4 1 0 0 0 0.376388 0 0.376388 2.81326e+007 2.34444e+007 0 0 0.00601838 0.00601838 0 0 1 0 169312 0 0 0 
1981 4 1 1 0 0 0.330268 0 0.330268 1.03398e+007 8.80575e+006 0 0 0.013925 0.013925 0 0 1 0.409297 143982 58931.3 0 0 
1981 4 1 2 0 0 0.266924 0 0.266924 611627 536802 0 0 0.0190605 0.0190605 0 0 1 0.87187 11657.9 10164.2 0 0 
1981 4 1 3 0 0 0.266924 0 0.266924 51397.2 45109.3 0 0 0.0191565 0.0191565 0 0 1 0.94676 984.593 932.173 0 0 
1982 1 1 0 0 0 0.51054 0.000968733 0.511509 5.39153e+007 4.2205e+007 40885.4 545769 0.00845196 0.00845196 4612.82 4612.82 1 0 455690 0 0 0 
1982 1 1 1 0 0 0.43122 0.227451 0.65867 1.93084e+007 1.4143e+007 3.21682e+006 6.35051e+006 0.00886512 0.00886512 56298 56298 1 0.409297 171171 70059.8 0 0 
1982 1 1 2 0 0 0.377283 0.378002 0.755285 7.43152e+006 5.21607e+006 1.97169e+006 601581 0.0170799 0.0170799 10274.9 10274.9 1 0.87187 126930 110666 0 0 
1982 1 1 3 0 0 0.245164 0.324174 0.569339 507699 387102 125489 64879.1 0.0155033 0.0155033 1005.84 1005.84 1 0.94676 7871 7451.95 0 0 
1982 2 1 0 0 0 0.331179 0.0080497 0.339229 3.23271e+007 2.74148e+007 220681 818525 0.00706761 0.00706761 5785.01 5785.01 1 0 228475 0 0 0 
1982 2 1 1 0 0 0.2305 0.251384 0.481884 9.99285e+006 7.92946e+006 1.99333e+006 5.02108e+006 0.0109848 0.0109848 55155.7 55155.7 1 0.409297 109770 44928.4 0 0 
1982 2 1 2 0 0 0.216607 0.803761 1.02037 3.4919e+006 2.18862e+006 1.75913e+006 1.07096e+006 0.0159531 0.0159531 17085.1 17085.1 1 0.87187 55706.6 48568.9 0 0 
1982 2 1 3 0 0 0.177491 0.69548 0.872971 287307 191640 133282 55333.3 0.0219233 0.0219233 1213.09 1213.09 1 0.94676 6298.71 5963.37 0 0 
1982 3 1 0 0 0 0.305202 0.0179824 0.323184 2.30272e+007 1.96767e+007 353835 2.53067e+006 0.00288184 0.00288184 7292.99 7292.99 1 0 66360.7 0 0 0 
1982 3 1 1 0 0 0.23122 0.107598 0.338818 6.17177e+006 5.23494e+006 563271 401839 0.00754327 0.00754327 3031.18 3031.18 1 0.409297 46555.3 19055 0 0 
1982 3 1 2 0 0 0.181968 0.223502 0.40547 1.2587e+006 1.03477e+006 231274 46913.2 0.0115244 0.0115244 540.647 540.647 1 0.87187 14505.7 12647.1 0 0 
1982 3 1 3 0 0 0.181968 0.418134 0.600102 120010 90241.4 37733 3525.28 0.0174052 0.0174052 61.3581 61.3581 1 0.94676 2088.8 1977.59 0 0 
1982 4 1 0 0 0 0.317977 0 0.317977 1.6668e+007 1.42779e+007 0 0 0.00442351 0.00442351 0 0 1 0 73731.2 0 0 0 
1982 4 1 1 0 0 0.276865 0 0.276865 4.39808e+006 3.84175e+006 0 0 0.0078101 0.0078101 0 0 1 0.409297 34349.4 14059.1 0 0 
1982 4 1 2 0 0 0.205364 0 0.205364 839127 758571 0 0 0.0113901 0.0113901 0 0 1 0.87187 9557.78 8333.13 0 0 
1982 4 1 3 0 0 0.205364 0 0.205364 65856.4 59534.2 0 0 0.0159837 0.0159837 0 0 1 0.94676 1052.63 996.588 0 0 
1983 1 1 0 0 0 0.53243 0.00162266 0.534052 7.51534e+007 5.82277e+007 94483.5 5.61373e+006 0.00443297 0.00443297 24885.5 24885.5 1 0 333153 0 0 0 
1983 1 1 1 0 0 0.428794 0.380987 0.80978 1.2128e+007 8.31284e+006 3.16708e+006 2.81924e+006 0.00917471 0.00917471 25865.7 25865.7 1 0.409297 111271 45542.8 0 0 
1983 1 1 2 0 0 0.348733 0.633165 0.981897 3.33443e+006 2.1238e+006 1.34472e+006 969599 0.0128073 0.0128073 12417.9 12417.9 1 0.87187 42705 37233.2 0 0 
1983 1 1 3 0 0 0.224112 0.543001 0.767114 736974 514603 279430 155653 0.0152356 0.0152356 2371.46 2371.46 1 0.94676 11228.2 10630.4 0 0 
1983 2 1 0 0 0 0.336244 0.0134835 0.349728 4.40568e+007 3.71776e+007 501283 2.37576e+006 0.00420334 0.00420334 9986.14 9986.14 1 0 185185 0 0 0 
1983 2 1 1 0 0 0.235145 0.421075 0.656219 5.39642e+006 3.95707e+006 1.66622e+006 1.33433e+006 0.01236 0.01236 16492.4 16492.4 1 0.409297 66699.8 27300 0 0 
1983 2 1 2 0 0 0.217321 1.34632 1.56365 1.24908e+006 631573 850302 588678 0.01689 0.01689 9942.79 9942.79 1 0.87187 21097 18393.8 0 0 
1983 2 1 3 0 0 0.1939 1.16495 1.35885 342215 187129 217996 91111.6 0.0210913 0.0210913 1921.67 1921.67 1 0.94676 7217.78 6833.5 0 0 
1983 3 1 0 0 0 0.296155 0.0301211 0.326276 3.10547e+007 2.64973e+007 798130 1.69772e+006 0.00344365 0.00344365 5846.34 5846.34 1 0 106942 0 0 0 
1983 3 1 1 0 0 0.206617 0.18023 0.386847 2.79971e+006 2.32175e+006 418450 596857 0.00935431 0.00935431 5583.18 5583.18 1 0.409297 26189.4 10719.2 0 0 
1983 3 1 2 0 0 0.173074 0.374373 0.547446 261521 201391 75395.3 7271.29 0.0174368 0.0174368 126.788 126.788 1 0.87187 4560.1 3975.81 0 0 
1983 3 1 3 0 0 0.173074 0.700387 0.873461 87934.3 58641.8 41072 0 0.0163373 0.0163373 0 0 1 0.94676 1436.61 1360.12 0 0 
1983 4 1 0 0 0 0.312254 0 0.312254 2.24093e+007 1.9248e+007 0 0 0.00377935 0.00377935 0 0 1 0 84692.5 0 0 0 
1983 4 1 1 0 0 0.25944 0 0.25944 1.90155e+006 1.6749e+006 0 0 0.00930023 0.00930023 0 0 1 0.409297 17684.8 7238.35 0 0 
1983 4 1 2 0 0 0.168333 0 0.168333 151270 139224 0 0 0.0126994 0.0126994 0 0 1 0.87187 1921.04 1674.9 0 0 
1983 4 1 3 0 0 0.168333 0 0.168333 36712.9 33789.3 0 0 0.0156097 0.0156097 0 0 1 0.94676 573.078 542.567 0 0 
1984 1 1 0 0 0 0.53859 0.000925798 0.539515 3.36057e+007 2.59725e+007 24045.3 954757 0.00595454 0.00595454 5685.14 5685.14 1 0 200107 0 0 0 
1984 1 1 1 0 0 0.425435 0.21737 0.642805 1.6399e+007 1.20972e+007 2.62957e+006 6.47502e+006 0.0080944 0.0080944 52411.4 52411.4 1 0.409297 132740 54330.1 0 0 
1984 1 1 2 0 0 0.287161 0.361249 0.648409 1.46702e+006 1.07948e+006 389962 417235 0.0120642 0.0120642 5033.62 5033.62 1 0.87187 17698.4 15430.7 0 0 
1984 1 1 3 0 0 0.182288 0.309807 0.492095 158860 125467 38870.5 2532.43 0.016602 0.016602 42.0433 42.0433 1 0.94676 2637.38 2496.97 0 0 
1984 2 1 0 0 0 0.396569 0.00769294 0.404262 1.95932e+007 1.61166e+007 123984 521866 0.00529211 0.00529211 2761.77 2761.77 1 0 103689 0 0 0 
1984 2 1 1 0 0 0.235566 0.240242 0.475808 8.62286e+006 6.86151e+006 1.64842e+006 2.53535e+006 0.0122226 0.0122226 30988.5 30988.5 1 0.409297 105393 43137.2 0 0 
1984 2 1 2 0 0 0.209038 0.768138 0.977176 767068 489538 376033 247654 0.0167966 0.0167966 4159.76 4159.76 1 0.87187 12884.2 11233.3 0 0 
1984 2 1 3 0 0 0.189295 0.664656 0.853951 97117.9 65310.4 43409 4803.46 0.0163992 0.0163992 78.773 78.773 1 0.94676 1592.66 1507.86 0 0 
1984 3 1 0 0 0 0.308912 0.0171855 0.326097 1.30778e+007 1.11596e+007 191782 405095 0.00929202 0.00929202 3764.15 3764.15 1 0 121520 0 0 0 
1984 3 1 1 0 0 0.238539 0.102829 0.341368 5.3581e+006 4.53931e+006 466775 612407 0.013534 0.013534 8288.33 8288.33 1 0.409297 72516.6 29680.8 0 0 
1984 3 1 2 0 0 0.177459 0.213596 0.391055 288703 238946 51037.9 10648.2 0.019686 0.019686 209.62 209.62 1 0.87187 5683.43 4955.21 0 0 
1984 3 1 3 0 0 0.177459 0.399602 0.577061 41345.9 31414.8 12553.4 1053.12 0.019686 0.019686 20.7317 20.7317 1 0.94676 813.938 770.604 0 0 
1984 4 1 0 0 0 0.321415 0 0.321415 9.43874e+006 8.07212e+006 0 0 0.00929202 0.00929202 0 0 1 0 87704.9 0 0 0 
1984 4 1 1 0 0 0.274209 0 0.274209 3.80852e+006 3.33098e+006 0 0 0.013534 0.013534 0 0 1 0.409297 51544.6 21097 0 0 
1984 4 1 2 0 0 0.197272 0 0.197272 195263 177209 0 0 0.019686 0.019686 0 0 1 0.87187 3843.94 3351.42 0 0 
1984 4 1 3 0 0 0.197272 0 0.197272 23217.7 21071 0 0 0.019686 0.019686 0 0 1 0.94676 457.064 432.73 0 0 
1985 1 1 0 0 0 0.549244 0.00122664 0.55047 2.20464e+007 1.69541e+007 20796.5 0 0.00632446 0.00632446 0 0 1 0 139432 0 0 0 
1985 1 1 1 0 0 0.501502 0.288005 0.789506 6.84424e+006 4.73269e+006 1.36304e+006 1.30446e+006 0.00929202 0.00929202 12121 12121 1 0.409297 63596.8 26030 0 0 
1985 1 1 2 0 0 0.373237 0.478637 0.851874 2.89513e+006 1.94868e+006 932709 1.97203e+006 0.013534 0.013534 26689.5 26689.5 1 0.87187 39182.8 34162.3 0 0 
1985 1 1 3 0 0 0.198035 0.410479 0.608513 179365 134363 55153.4 37679.6 0.019686 0.019686 741.762 741.762 1 0.94676 3530.99 3343 0 0 
1985 2 1 0 0 0 0.482153 0.0101928 0.492346 1.27137e+007 1.00401e+007 102336 0 0.00510473 0.00510473 0 0 1 0 64900 0 0 0 
1985 2 1 1 0 0 0.276913 0.318309 0.595222 3.10776e+006 2.34201e+006 745483 576004 0.00929202 0.00929202 5352.24 5352.24 1 0.409297 28877.3 11819.4 0 0 
1985 2 1 2 0 0 0.251065 1.01775 1.26881 1.23511e+006 699740 712157 870780 0.013534 0.013534 11785.2 11785.2 1 0.87187 16716 14574.1 0 0 
1985 2 1 3 0 0 0.209864 0.880637 1.0905 97603.2 59425.8 52332.5 16638 0.019686 0.019686 327.537 327.537 1 0.94676 1921.42 1819.12 0 0 
1985 3 1 0 0 0 0.322624 0.0227699 0.345394 7.7705e+006 6.57059e+006 149612 84760.3 0.007258 0.007258 615.19 615.19 1 0 56398.2 0 0 0 
1985 3 1 1 0 0 0.248811 0.136244 0.385055 1.71374e+006 1.42237e+006 193789 215856 0.00988 0.00988 2132.66 2132.66 1 0.409297 16931.8 6930.12 0 0 
1985 3 1 2 0 0 0.177544 0.283005 0.460548 347270 278286 78756.4 150819 0.016584 0.016584 2501.18 2501.18 1 0.87187 5759.12 5021.2 0 0 
1985 3 1 3 0 0 0.177544 0.529454 0.706997 32799.4 23515.3 12450.3 14916.2 0.016584 0.016584 247.37 247.37 1 0.94676 543.945 514.985 0 0 
1985 4 1 0 0 0 0.318305 0 0.318305 5.50106e+006 4.7115e+006 0 0 0.007258 0.007258 0 0 1 0 39926.6 0 0 0 
1985 4 1 1 0 0 0.269351 0 0.269351 1.16605e+006 1.02221e+006 0 0 0.00988 0.00988 0 0 1 0.409297 11520.6 4715.35 0 0 
1985 4 1 2 0 0 0.16503 0 0.16503 219106 201981 0 0 0.016584 0.016584 0 0 1 0.87187 3633.65 3168.07 0 0 
1985 4 1 3 0 0 0.16503 0 0.16503 16174.1 14910 0 0 0.016584 0.016584 0 0 1 0.94676 268.231 253.951 0 0 
1986 1 1 0 0 0 0.5898 0.000956741 0.590757 8.85178e+007 6.68415e+007 63950.1 0 0.00632446 0.00632446 0 0 1 0 559827 0 0 0 
1986 1 1 1 0 0 0.533601 0.224635 0.758236 4.00136e+006 2.80487e+006 630073 177780 0.007258 0.007258 1290.32 1290.32 1 0.409297 29041.9 11886.8 0 0 
1986 1 1 2 0 0 0.42158 0.373323 0.794903 890719 614475 229398 452745 0.00988 0.00988 4473.12 4473.12 1 0.87187 8800.3 7672.71 0 0 
1986 1 1 3 0 0 0.254299 0.320161 0.57446 199486 151749 48584.2 347620 0.016584 0.016584 5764.93 5764.93 1 0.94676 3308.28 3132.15 0 0 
1986 2 1 0 0 0 0.452236 0.00795006 0.460186 4.90307e+007 3.92975e+007 312418 0 0.00510473 0.00510473 0 0 1 0 250289 0 0 0 
1986 2 1 1 0 0 0.313072 0.248272 0.561343 1.87461e+006 1.43451e+006 356148 156913 0.007258 0.007258 1138.87 1138.87 1 0.409297 13605.9 5568.85 0 0 
1986 2 1 2 0 0 0.287734 0.793812 1.08155 402271 245826 195140 399604 0.00988 0.00988 3948.09 3948.09 1 0.87187 3974.43 3465.19 0 0 
1986 2 1 3 0 0 0.227313 0.686871 0.914183 112312 73609.6 50560.3 306818 0.016584 0.016584 5088.27 5088.27 1 0.94676 1862.59 1763.43 0 0 
1986 3 1 0 0 0 0.345933 0.0177599 0.363693 3.09465e+007 2.59435e+007 460752 580936 0.00832891 0.00832891 4838.57 4838.57 1 0 257751 0 0 0 
1986 3 1 1 0 0 0.258365 0.106266 0.364632 1.06936e+006 896080 95223.1 58709.5 0.0163639 0.0163639 960.714 960.714 1 0.409297 17498.8 7162.2 0 0 
1986 3 1 2 0 0 0.187763 0.220735 0.408499 136398 111975 24716.8 740.107 0.0227716 0.0227716 16.8534 16.8534 1 0.87187 3106.01 2708.03 0 0 
1986 3 1 3 0 0 0.187763 0.412958 0.600722 45019.8 33843 13975.7 0 0.0163373 0.0163373 0 0 1 0.94676 735.501 696.343 0 0 
1986 4 1 0 0 0 0.335175 0 0.335175 2.15111e+007 1.82772e+007 0 0 0.00841202 0.00841202 0 0 1 0 180952 0 0 0 
1986 4 1 1 0 0 0.284427 0 0.284427 742616 646346 0 0 0.0155669 0.0155669 0 0 1 0.409297 11560.2 4731.56 0 0 
1986 4 1 2 0 0 0.169298 0 0.169298 90656.9 83398.2 0 0 0.0207592 0.0207592 0 0 1 0.87187 1881.96 1640.82 0 0 
1986 4 1 3 0 0 0.169298 0 0.169298 24689.5 22712.7 0 0 0.0156097 0.0156097 0 0 1 0.94676 385.396 364.878 0 0 
1987 1 1 0 0 0 0.595969 0.000358988 0.596328 4.16664e+007 3.13842e+007 11266.5 2235.66 0.00660364 0.00660364 14.7635 14.7635 1 0 275150 0 0 0 
1987 1 1 1 0 0 0.48392 0.0842875 0.568207 1.5385e+007 1.17365e+007 989242 2.25059e+006 0.00861372 0.00861372 19385.9 19385.9 1 0.409297 132522 54240.8 0 0 
1987 1 1 2 0 0 0.442989 0.140078 0.583067 558778 423411 59310.6 128512 0.0117123 0.0117123 1505.18 1505.18 1 0.87187 6544.6 5706.04 0 0 
1987 1 1 3 0 0 0.256327 0.120131 0.376457 97382 81150.9 9748.73 2524.94 0.0153219 0.0153219 38.687 38.687 1 0.94676 1492.08 1412.64 0 0 
1987 2 1 0 0 0 0.470381 0.00298302 0.473364 2.29511e+007 1.82836e+007 54540.3 49450.8 0.00603803 0.00603803 298.585 298.585 1 0 138580 0 0 0 
1987 2 1 1 0 0 0.315341 0.0931564 0.408497 8.71622e+006 7.15549e+006 666580 1.79026e+006 0.00931837 0.00931837 16682.3 16682.3 1 0.409297 81220.9 33243.5 0 0 
1987 2 1 2 0 0 0.299159 0.297854 0.597013 311901 234859 69953.7 267597 0.0112405 0.0112405 3007.92 3007.92 1 0.87187 3505.92 3056.7 0 0 
1987 2 1 3 0 0 0.231661 0.257727 0.489389 66832.1 52849.6 13620.8 977.552 0.0165147 0.0165147 16.1439 16.1439 1 0.94676 1103.71 1044.95 0 0 
1987 3 1 0 0 0 0.356337 0.00666384 0.363001 1.42963e+007 1.1989e+007 79892.6 209788 0.00638262 0.00638262 1339 1339 1 0 91248.1 0 0 0 
1987 3 1 1 0 0 0.21664 0.0398732 0.256513 5.79322e+006 5.10986e+006 203746 826994 0.01254 0.01254 10370.5 10370.5 1 0.409297 72646.8 29734.1 0 0 
1987 3 1 2 0 0 0.190032 0.0828242 0.272857 171687 150257 12444.9 34626.1 0.0174503 0.0174503 604.236 604.236 1 0.87187 2995.99 2612.12 0 0 
1987 3 1 3 0 0 0.190032 0.15495 0.344982 40968.2 34648.6 5368.81 32980.3 0.020568 0.020568 678.338 678.338 1 0.94676 842.632 797.771 0 0 
1987 4 1 0 0 0 0.33788 0 0.33788 9.94433e+006 8.43859e+006 0 0 0.0067756 0.0067756 0 0 1 0 67378.8 0 0 0 
1987 4 1 1 0 0 0.281015 0 0.281015 4.48247e+006 3.90773e+006 0 0 0.0125386 0.0125386 0 0 1 0.409297 56204 23004.1 0 0 
1987 4 1 2 0 0 0.184638 0 0.184638 130688 119333 0 0 0.0167208 0.0167208 0 0 1 0.87187 2185.22 1905.23 0 0 
1987 4 1 3 0 0 0.184638 0 0.184638 29015 26493.9 0 0 0.0188683 0.0188683 0 0 1 0.94676 547.463 518.316 0 0 
1988 1 1 0 0 0 0.621511 0.00123919 0.62275 6.38895e+007 4.7555e+007 58929.9 4.08294e+006 0.00422568 0.00422568 17253.2 17253.2 1 0 269977 0 0 0 
1988 1 1 1 0 0 0.501738 0.290953 0.79269 7.0931e+006 4.89798e+006 1.42508e+006 2.09691e+006 0.00879222 0.00879222 18436.5 18436.5 1 0.409297 62364.1 25525.4 0 0 
1988 1 1 2 0 0 0.455183 0.483536 0.938719 3.38434e+006 2.19515e+006 1.06144e+006 2.83005e+006 0.011528 0.011528 32624.8 32624.8 1 0.87187 39014.7 34015.7 0 0 
1988 1 1 3 0 0 0.258401 0.41468 0.673081 132778 96635.5 40072.8 42363.6 0.0138178 0.0138178 585.374 585.374 1 0.94676 1834.71 1737.03 0 0 
1988 2 1 0 0 0 0.492799 0.0102971 0.503096 3.42746e+007 2.69338e+007 277340 1.16396e+006 0.00462467 0.00462467 5382.95 5382.95 1 0 158509 0 0 0 
1988 2 1 1 0 0 0.341759 0.321567 0.663326 3.21052e+006 2.34676e+006 754641 314106 0.00852519 0.00852519 2677.81 2677.81 1 0.409297 27370.3 11202.6 0 0 
1988 2 1 2 0 0 0.315701 1.02816 1.34386 1.32371e+006 728081 748586 527986 0.0113396 0.0113396 5987.15 5987.15 1 0.87187 15010.4 13087.1 0 0 
1988 2 1 3 0 0 0.27029 0.889651 1.15994 67734.7 40087.9 35664.2 11525.7 0.0137121 0.0137121 158.041 158.041 1 0.94676 928.785 879.337 0 0 
1988 3 1 0 0 0 0.371404 0.023003 0.394407 2.07243e+007 1.71257e+007 393941 1.8177e+006 0.00515108 0.00515108 9363.12 9363.12 1 0 106753 0 0 0 
1988 3 1 1 0 0 0.238469 0.137639 0.376108 1.65385e+006 1.37842e+006 189724 637489 0.0131863 0.0131863 8406.1 8406.1 1 0.409297 21808.1 8926 0 0 
1988 3 1 2 0 0 0.220013 0.285902 0.505915 345272 270972 77471.5 129384 0.0207969 0.0207969 2690.78 2690.78 1 0.87187 7180.58 6260.53 0 0 
1988 3 1 3 0 0 0.220013 0.534873 0.754886 21235.2 14907.2 7973.48 5490.82 0.0157663 0.0157663 86.5698 86.5698 1 0.94676 334.799 316.975 0 0 
1988 4 1 0 0 0 0.361354 0 0.361354 1.39699e+007 1.17243e+007 0 0 0.00629891 0.00629891 0 0 1 0 87994.9 0 0 0 
1988 4 1 1 0 0 0.301406 0 0.301406 1.13541e+006 980275 0 0 0.0116565 0.0116565 0 0 1 0.409297 13234.9 5417.01 0 0 
1988 4 1 2 0 0 0.232579 0 0.232579 208183 185746 0 0 0.0155444 0.0155444 0 0 1 0.87187 3236.09 2821.45 0 0 
1988 4 1 3 0 0 0.232579 0 0.232579 9981.89 8906.09 0 0 0.0175408 0.0175408 0 0 1 0.94676 175.09 165.768 0 0 
1989 1 1 0 0 0 0.603473 0.000252272 0.603726 5.87409e+007 4.4098e+007 11124.7 12451.4 0.00539995 0.00539995 67.2371 67.2371 1 0 317198 0 0 0 
1989 1 1 1 0 0 0.509177 0.0592315 0.568409 9.73326e+006 7.42439e+006 439758 1.70682e+006 0.00861001 0.00861001 14695.8 14695.8 1 0.409297 83803.5 34300.5 0 0 
1989 1 1 2 0 0 0.433367 0.0984373 0.531805 839954 651451 64127 3.61384e+006 0.00992636 0.00992636 35872.3 35872.3 1 0.87187 8337.69 7269.38 0 0 
1989 1 1 3 0 0 0.214092 0.0844197 0.298512 172893 149475 12618.6 5716.04 0.0170246 0.0170246 97.3133 97.3133 1 0.94676 2943.43 2786.72 0 0 
1989 2 1 0 0 0 0.525328 0.00209626 0.527424 3.21178e+007 2.49597e+007 52322.1 783.394 0.00443437 0.00443437 3.47386 3.47386 1 0 142422 0 0 0 
1989 2 1 1 0 0 0.332108 0.0654639 0.397572 5.51317e+006 4.54911e+006 297803 76414.6 0.00817439 0.00817439 624.643 624.643 1 0.409297 45066.8 18445.7 0 0 
1989 2 1 2 0 0 0.293839 0.209311 0.50315 493510 387802 81171.2 88925 0.010873 0.010873 966.88 966.88 1 0.87187 5365.93 4678.39 0 0 
1989 2 1 3 0 0 0.260897 0.181113 0.44201 128273 103677 18777.3 341.854 0.0130368 0.0130368 4.4567 4.4567 1 0.94676 1672.28 1583.24 0 0 
1989 3 1 0 0 0 0.356062 0.00468289 0.360745 1.89535e+007 1.59113e+007 74511 469458 0.00476114 0.00476114 2235.15 2235.15 1 0 90240.1 0 0 0 
1989 3 1 1 0 0 0.228407 0.0280202 0.256427 3.70457e+006 3.26772e+006 91562.1 416920 0.00772457 0.00772457 3220.53 3220.53 1 0.409297 28616.2 11712.5 0 0 
1989 3 1 2 0 0 0.221288 0.0582032 0.279492 298388 260317 15151.3 34789.2 0.012501 0.012501 434.899 434.899 1 0.87187 3730.13 3252.19 0 0 
1989 3 1 3 0 0 0.221288 0.108888 0.330177 82446.6 70217.7 7645.88 12751.5 0.0154913 0.0154913 197.537 197.537 1 0.94676 1277.2 1209.21 0 0 
1989 4 1 0 0 0 0.374166 0 0.374166 1.32135e+007 1.1023e+007 0 0 0.00464678 0.00464678 0 0 1 0 61400.4 0 0 0 
1989 4 1 1 0 0 0.311822 0 0.311822 2.86664e+006 2.46275e+006 0 0 0.00859911 0.00859911 0 0 1 0.409297 24650.6 10089.4 0 0 
1989 4 1 2 0 0 0.281377 0 0.281377 225631 196667 0 0 0.0114673 0.0114673 0 0 1 0.87187 2587.38 2255.86 0 0 
1989 4 1 3 0 0 0.281377 0 0.281377 59262.3 51654.7 0 0 0.01294 0.01294 0 0 1 0.94676 766.857 726.03 0 0 
1990 1 1 0 0 0 0.517795 0.00146495 0.51926 7.71892e+007 6.021e+007 88204.8 1567.63 0.00458878 0.00458878 7.19351 7.19351 1 0 354204 0 0 0 
1990 1 1 1 0 0 0.488955 0.343959 0.832914 9.0891e+006 6.16791e+006 2.12151e+006 2.63307e+006 0.00697467 0.00697467 18364.8 18364.8 1 0.409297 63393.5 25946.8 0 0 
1990 1 1 2 0 0 0.402378 0.571629 0.974007 2.0987e+006 1.34116e+006 766646 2.23421e+006 0.00915607 0.00915607 20456.6 20456.6 1 0.87187 19215.9 16753.7 0 0 
1990 1 1 3 0 0 0.244267 0.490228 0.734495 215021 152303 74663 342514 0.0115389 0.0115389 3952.24 3952.24 1 0.94676 2481.11 2349.02 0 0 
1990 2 1 0 0 0 0.495609 0.0121731 0.507782 4.59245e+007 3.60111e+007 438366 1225.28 0.00376689 0.00376689 4.6155 4.6155 1 0 172993 0 0 0 
1990 2 1 1 0 0 0.330659 0.380151 0.710811 3.95176e+006 2.82843e+006 1.07523e+006 2.05804e+006 0.00694395 0.00694395 14290.9 14290.9 1 0.409297 27440.9 11231.5 0 0 
1990 2 1 2 0 0 0.283153 1.21548 1.49863 792401 410608 499085 1.74629e+006 0.00923635 0.00923635 16129.3 16129.3 1 0.87187 7318.89 6381.12 0 0 
1990 2 1 3 0 0 0.260577 1.05173 1.31231 103156 57445.9 60417.6 267714 0.0113268 0.0113268 3032.35 3032.35 1 0.94676 1168.43 1106.22 0 0 
1990 3 1 0 0 0 0.336944 0.0271937 0.364137 2.76387e+007 2.31656e+007 629958 291837 0.00444372 0.00444372 1296.84 1296.84 1 0 122819 0 0 0 
1990 3 1 1 0 0 0.260108 0.162714 0.422822 1.94129e+006 1.58309e+006 257591 62050.2 0.00987506 0.00987506 612.749 612.749 1 0.409297 19170.3 7846.35 0 0 
1990 3 1 2 0 0 0.249011 0.337988 0.586999 177051 133921 45263.8 1941.19 0.0133492 0.0133492 25.9132 25.9132 1 0.87187 2363.48 2060.65 0 0 
1990 3 1 3 0 0 0.249011 0.632318 0.881329 27769.4 18456.7 11670.5 428.507 0.0155901 0.0155901 6.68046 6.68046 1 0.94676 432.928 409.879 0 0 
1990 4 1 0 0 0 0.386954 0 0.386954 1.92032e+007 1.59241e+007 0 0 0.00483396 0.00483396 0 0 1 0 92827.7 0 0 0 
1990 4 1 1 0 0 0.318591 0 0.318591 1.27192e+006 1.08922e+006 0 0 0.00894549 0.00894549 0 0 1 0.409297 11378 4656.97 0 0 
1990 4 1 2 0 0 0.286781 0 0.286781 98439.1 85581.7 0 0 0.0119292 0.0119292 0 0 1 0.87187 1174.3 1023.84 0 0 
1990 4 1 3 0 0 0.286781 0 0.286781 11503 10000.6 0 0 0.0134613 0.0134613 0 0 1 0.94676 154.845 146.601 0 0 
1991 1 1 0 0 0 0.462205 0.000639325 0.462844 1.20232e+008 9.62465e+007 61532.8 40503.7 0.0127964 0.0127964 518.3 518.3 1 0 1.53853e+006 0 0 0 
1991 1 1 1 0 0 0.423101 0.150108 0.57321 1.30413e+007 9.92615e+006 1.49e+006 1.68427e+006 0.0143067 0.0143067 24096.3 24096.3 1 0.409297 186578 76366 0 0 
1991 1 1 2 0 0 0.32012 0.249466 0.569586 924907 705130 175906 2.41675e+006 0.0154224 0.0154224 37272 37272 1 0.87187 14264.3 12436.6 0 0 
1991 1 1 3 0 0 0.26302 0.213942 0.476962 82530.9 65637.8 14042.7 8159.07 0.0167893 0.0167893 136.985 136.985 1 0.94676 1385.63 1311.86 0 0 
1991 2 1 0 0 0 0.395548 0.00531249 0.400861 7.5685e+007 6.23545e+007 331258 1.55232e+006 0.00475661 0.00475661 7383.77 7383.77 1 0 360004 0 0 0 
1991 2 1 1 0 0 0.269299 0.165903 0.435203 7.35158e+006 5.96073e+006 988904 2.93672e+006 0.0146078 0.0146078 42898.9 42898.9 1 0.409297 107390 43954.5 0 0 
1991 2 1 2 0 0 0.231839 0.530451 0.762289 523275 366156 194228 614233 0.0188704 0.0188704 11590.8 11590.8 1 0.87187 9874.41 8609.2 0 0 
1991 2 1 3 0 0 0.211125 0.458989 0.670114 51224.1 37329.9 17134 9586.64 0.0168115 0.0168115 161.166 161.166 1 0.94676 861.154 815.306 0 0 
1991 3 1 0 0 0 0.310369 0.0118677 0.322237 5.06895e+007 4.33334e+007 514268 208352 0.00522649 0.00522649 1088.95 1088.95 1 0 264928 0 0 0 
1991 3 1 1 0 0 0.263734 0.0710106 0.334744 4.75745e+006 4.04307e+006 287101 64565 0.0100855 0.0100855 651.168 651.168 1 0.409297 47981.1 19638.5 0 0 
1991 3 1 2 0 0 0.223471 0.147503 0.370973 244159 203988 30088.7 1036.31 0.0147083 0.0147083 15.2425 15.2425 1 0.87187 3591.17 3131.03 0 0 
1991 3 1 3 0 0 0.223471 0.275952 0.499423 26208.8 20630.2 5692.95 99.4865 0.0171642 0.0171642 1.7076 1.7076 1 0.94676 449.853 425.903 0 0 
1991 4 1 0 0 0 0.388891 0 0.388891 3.67259e+007 3.0427e+007 0 0 0.00617483 0.00617483 0 0 1 0 226776 0 0 0 
1991 4 1 1 0 0 0.320111 0 0.320111 3.40406e+006 2.91299e+006 0 0 0.0117664 0.0117664 0 0 1 0.409297 40053.5 16393.8 0 0 
1991 4 1 2 0 0 0.287164 0 0.287164 168485 146452 0 0 0.0152309 0.0152309 0 0 1 0.87187 2566.17 2237.36 0 0 
1991 4 1 3 0 0 0.287164 0 0.287164 15905.6 13825.6 0 0 0.0186252 0.0186252 0 0 1 0.94676 296.245 280.473 0 0 
1992 1 1 0 0 0 0.410086 0.000760964 0.410847 1.10692e+008 9.07719e+007 69074.1 18947.6 0.0081119 0.0081119 153.701 153.701 1 0 897921 0 0 0 
1992 1 1 1 0 0 0.360024 0.178668 0.538692 2.48931e+007 1.92461e+007 3.43866e+006 9.69546e+006 0.00991013 0.00991013 96083.3 96083.3 1 0.409297 246694 100971 0 0 
1992 1 1 2 0 0 0.281406 0.29693 0.578337 2.47158e+006 1.87684e+006 557289 1.31532e+006 0.0123815 0.0123815 16285.7 16285.7 1 0.87187 30601.8 26680.8 0 0 
1992 1 1 3 0 0 0.254797 0.254647 0.509444 138364 108414 27607.4 177584 0.0147859 0.0147859 2625.73 2625.73 1 0.94676 2045.84 1936.92 0 0 
1992 2 1 0 0 0 0.312049 0.00632325 0.318373 7.33984e+007 6.28616e+007 397490 222991 0.00578898 0.00578898 1290.89 1290.89 1 0 424902 0 0 0 
1992 2 1 1 0 0 0.226749 0.197468 0.424217 1.45254e+007 1.18376e+007 2.33754e+006 1.18513e+006 0.0120576 0.0120576 14289.9 14289.9 1 0.409297 175142 71685.2 0 0 
1992 2 1 2 0 0 0.203566 0.631375 0.834941 1.38614e+006 939818 593377 132166 0.0152769 0.0152769 2019.08 2019.08 1 0.87187 21175.8 18462.6 0 0 
1992 2 1 3 0 0 0.180107 0.546317 0.726424 83133.4 59093.8 32283.9 16491 0.0177653 0.0177653 292.967 292.967 1 0.94676 1476.89 1398.26 0 0 
1992 3 1 0 0 0 0.293929 0.0141257 0.308055 5.3385e+007 4.59454e+007 649009 1.27987e+006 0.00351798 0.00351798 4502.58 4502.58 1 0 187808 0 0 0 
1992 3 1 1 0 0 0.275143 0.0845212 0.359664 9.50371e+006 7.98236e+006 674679 1.58395e+006 0.00958041 0.00958041 15174.9 15174.9 1 0.409297 91049.4 37266.2 0 0 
1992 3 1 2 0 0 0.212169 0.175567 0.387736 601445 498560 87530.5 259251 0.0140707 0.0140707 3647.84 3647.84 1 0.87187 8462.74 7378.4 0 0 
1992 3 1 3 0 0 0.212169 0.328455 0.540624 40206.2 31058.1 10201.2 5821.12 0.0178924 0.0178924 104.154 104.154 1 0.94676 719.385 681.085 0 0 
1992 4 1 0 0 0 0.370705 0 0.370705 3.92313e+007 3.27808e+007 0 0 0.00422159 0.00422159 0 0 1 0 165619 0 0 0 
1992 4 1 1 0 0 0.299034 0 0.299034 6.63274e+006 5.73291e+006 0 0 0.00781228 0.00781228 0 0 1 0.409297 51816.8 21208.5 0 0 
1992 4 1 2 0 0 0.270242 0 0.270242 408136 357637 0 0 0.010418 0.010418 0 0 1 0.87187 4251.98 3707.17 0 0 
1992 4 1 3 0 0 0.270242 0 0.270242 23415.5 20518.3 0 0 0.011756 0.011756 0 0 1 0.94676 275.273 260.618 0 0 
1993 1 1 0 0 0 0.455503 0.00153829 0.457041 1.76999e+008 1.42069e+008 218544 264173 0.00647918 0.00647918 1711.62 1711.62 1 0 1.14681e+006 0 0 0 
1993 1 1 1 0 0 0.413747 0.361179 0.774926 2.70793e+007 1.88442e+007 6.80611e+006 3.02687e+006 0.0108888 0.0108888 32959.1 32959.1 1 0.409297 294862 120686 0 0 
1993 1 1 2 0 0 0.340245 0.600246 0.940491 4.9184e+006 3.18778e+006 1.91345e+006 5.33904e+006 0.0123254 0.0123254 65805.9 65805.9 1 0.87187 60621.3 52853.9 0 0 
1993 1 1 3 0 0 0.303312 0.51477 0.818082 329358 224940 115793 247839 0.013751 0.013751 3408.05 3408.05 1 0.94676 4529.01 4287.89 0 0 
1993 2 1 0 0 0 0.238336 0.0127825 0.251118 1.12068e+008 9.9104e+007 1.26679e+006 1.44132e+006 0.00754847 0.00754847 10879.7 10879.7 1 0 845940 0 0 0 
1993 2 1 1 0 0 0.208602 0.399183 0.607785 1.24765e+007 9.34925e+006 3.73206e+006 4.91145e+006 0.0106624 0.0106624 52368.1 52368.1 1 0.409297 133030 54448.6 0 0 
1993 2 1 2 0 0 0.189577 1.27633 1.4659 1.92032e+006 1.00756e+006 1.28597e+006 1.32444e+006 0.0135048 0.0135048 17886.3 17886.3 1 0.87187 25933.5 22610.7 0 0 
1993 2 1 3 0 0 0.173371 1.10438 1.27775 145338 82048.5 90612.9 31435.3 0.0164225 0.0164225 516.246 516.246 1 0.94676 2386.81 2259.74 0 0 
1993 3 1 0 0 0 0.272194 0.0285551 0.300749 8.71809e+007 7.52922e+007 2.14998e+006 1.86784e+006 0.00224868 0.00224868 4200.17 4200.17 1 0 196042 0 0 0 
1993 3 1 1 0 0 0.253045 0.17086 0.423905 6.79413e+006 5.53772e+006 946175 1.81951e+006 0.00797423 0.00797423 14509.2 14509.2 1 0.409297 54178 22174.9 0 0 
1993 3 1 2 0 0 0.19211 0.354909 0.547018 443343 341474 121192 338969 0.0116049 0.0116049 3933.69 3933.69 1 0.87187 5144.94 4485.72 0 0 
1993 3 1 3 0 0 0.19211 0.663973 0.856083 40500.3 27211 18067.4 43965.3 0.0152274 0.0152274 669.476 669.476 1 0.94676 616.713 583.879 0 0 
1993 4 1 0 0 0 0.347464 0 0.347464 6.45368e+007 5.45179e+007 0 0 0.00229356 0.00229356 0 0 1 0 148019 0 0 0 
1993 4 1 1 0 0 0.274357 0 0.274357 4.44667e+006 3.88884e+006 0 0 0.0128388 0.0128388 0 0 1 0.409297 57089.7 23366.6 0 0 
1993 4 1 2 0 0 0.243935 0 0.243935 256551 227656 0 0 0.0154339 0.0154339 0 0 1 0.87187 3959.58 3452.24 0 0 
1993 4 1 3 0 0 0.243935 0 0.243935 17205.5 15267.7 0 0 0.0133951 0.0133951 0 0 1 0.94676 230.468 218.198 0 0 
1994 1 1 0 0 0 0.502423 0.000636691 0.503059 1.46191e+008 1.14882e+008 73144.4 445326 0.00677126 0.00677126 3015.42 3015.42 1 0 989897 0 0 0 
1994 1 1 1 0 0 0.446483 0.14949 0.595973 4.55938e+007 3.43479e+007 5.13466e+006 4.07205e+007 0.00667847 0.00667847 271951 271951 1 0.409297 304497 124630 0 0 
1994 1 1 2 0 0 0.348089 0.248438 0.596527 3.37973e+006 2.54547e+006 632394 516854 0.00953695 0.00953695 4929.22 4929.22 1 0.87187 32232.4 28102.4 0 0 
1994 1 1 3 0 0 0.336509 0.213061 0.54957 214499 165021 35159.4 100737 0.012859 0.012859 1295.37 1295.37 1 0.94676 2758.23 2611.38 0 0 
1994 2 1 0 0 0 0.292317 0.0052906 0.297608 8.83984e+007 7.64577e+007 404507 1.8561e+006 0.00867325 0.00867325 16098.4 16098.4 1 0 766702 0 0 0 
1994 2 1 1 0 0 0.223323 0.16522 0.388542 2.51234e+007 2.08178e+007 3.43951e+006 7.14662e+006 0.0103881 0.0103881 74239.6 74239.6 1 0.409297 260983 106820 0 0 
1994 2 1 2 0 0 0.196673 0.528265 0.724938 1.86129e+006 1.32393e+006 699385 1.45566e+006 0.0125109 0.0125109 18211.6 18211.6 1 0.87187 23286.4 20302.7 0 0 
1994 2 1 3 0 0 0.181539 0.457098 0.638637 123808 91501.1 41825 142774 0.0150508 0.0150508 2148.87 2148.87 1 0.94676 1863.42 1764.21 0 0 
1994 3 1 0 0 0 0.257639 0.0118188 0.269458 6.5644e+007 5.75435e+007 680095 818875 0.00295739 0.00295739 2421.74 2421.74 1 0 194135 0 0 0 
1994 3 1 1 0 0 0.219491 0.070718 0.290209 1.70348e+007 1.47857e+007 1.04561e+006 2.93636e+006 0.00821695 0.00821695 24127.9 24127.9 1 0.409297 139974 57290.9 0 0 
1994 3 1 2 0 0 0.19017 0.146895 0.337065 901525 765313 112420 559871 0.00973146 0.00973146 5448.37 5448.37 1 0.87187 8773.15 7649.05 0 0 
1994 3 1 3 0 0 0.19017 0.274815 0.464985 65372.1 52279.1 14367.1 22812.9 0.0139542 0.0139542 318.336 318.336 1 0.94676 912.214 863.648 0 0 
1994 4 1 0 0 0 0.317757 0 0.317757 5.01385e+007 4.29533e+007 0 0 0.00379007 0.00379007 0 0 1 0 190028 0 0 0 
1994 4 1 1 0 0 0.247762 0 0.247762 1.27438e+007 1.12878e+007 0 0 0.00676408 0.00676408 0 0 1 0.409297 86200.2 35281.5 0 0 
1994 4 1 2 0 0 0.222902 0 0.222902 643565 576884 0 0 0.00899952 0.00899952 0 0 1 0.87187 5791.77 5049.67 0 0 
1994 4 1 3 0 0 0.222902 0 0.222902 41063.2 36808.5 0 0 0.0131288 0.0131288 0 0 1 0.94676 539.111 510.409 0 0 
1995 1 1 0 0 0 0.512057 0.00152898 0.513586 3.65075e+007 2.8551e+007 43653.9 170693 0.00316061 0.00316061 539.494 539.494 1 0 115386 0 0 0 
1995 1 1 1 0 0 0.459509 0.358993 0.818502 3.64898e+007 2.49168e+007 8.94495e+006 2.44666e+007 0.00820571 0.00820571 200766 200766 1 0.409297 299424 122553 0 0 
1995 1 1 2 0 0 0.338474 0.596613 0.935088 9.94714e+006 6.46182e+006 3.85521e+006 3.1924e+006 0.0116588 0.0116588 37219.5 37219.5 1 0.87187 115972 101112 0 0 
1995 1 1 3 0 0 0.307561 0.511655 0.819217 547835 373969 191343 371759 0.0121354 0.0121354 4511.45 4511.45 1 0.94676 6648.21 6294.26 0 0 
1995 2 1 0 0 0 0.290219 0.0127051 0.302924 2.18441e+007 1.88458e+007 239438 612010 0.00506497 0.00506497 3099.81 3099.81 1 0 110640 0 0 0 
1995 2 1 1 0 0 0.223147 0.396767 0.619914 1.60953e+007 1.19955e+007 4.75943e+006 8.62052e+006 0.0101217 0.0101217 87254.5 87254.5 1 0.409297 162913 66679.6 0 0 
1995 2 1 2 0 0 0.195421 1.2686 1.46402 3.90476e+006 2.05022e+006 2.60092e+006 2.86327e+006 0.0133065 0.0133065 38100.1 38100.1 1 0.87187 51958.7 45301.2 0 0 
1995 2 1 3 0 0 0.181516 1.0977 1.27922 241473 136241 149552 505875 0.0155061 0.0155061 7844.13 7844.13 1 0.94676 3744.3 3544.95 0 0 
1995 3 1 0 0 0 0.22194 0.0283823 0.250322 1.61353e+007 1.42742e+007 405136 1.79767e+006 0.00836985 0.00836985 15046.2 15046.2 1 0 135050 0 0 0 
1995 3 1 1 0 0 0.190791 0.169826 0.360617 8.65914e+006 7.26973e+006 1.23459e+006 4.48822e+006 0.00964464 0.00964464 43287.3 43287.3 1 0.409297 83514.3 34182.2 0 0 
1995 3 1 2 0 0 0.17799 0.352761 0.530751 903185 700828 247225 533786 0.0128588 0.0128588 6863.83 6863.83 1 0.87187 11613.9 10125.8 0 0 
1995 3 1 3 0 0 0.17799 0.659955 0.837945 67191.2 45497.5 30026.3 128194 0.0157815 0.0157815 2023.09 2023.09 1 0.94676 1060.38 1003.93 0 0 
1995 4 1 0 0 0 0.26464 0 0.26464 1.25621e+007 1.10373e+007 0 0 0.00577367 0.00577367 0 0 1 0 72529.5 0 0 0 
1995 4 1 1 0 0 0.210947 0 0.210947 6.03755e+006 5.44326e+006 0 0 0.0106845 0.0106845 0 0 1 0.409297 64508.1 26403 0 0 
1995 4 1 2 0 0 0.189647 0 0.189647 531220 483887 0 0 0.0142483 0.0142483 0 0 1 0.87187 7568.96 6599.15 0 0 
1995 4 1 3 0 0 0.189647 0 0.189647 29066.8 26476.9 0 0 0.0160781 0.0160781 0 0 1 0.94676 467.34 442.459 0 0 
1996 1 1 0 0 0 0.504177 0.00128818 0.505466 6.321e+007 4.96179e+007 63917 299367 0.00713365 0.00713365 2135.58 2135.58 1 0 450918 0 0 0 
1996 1 1 1 0 0 0.395163 0.302455 0.697619 9.64119e+006 6.9409e+006 2.09931e+006 233497 0.0108427 0.0108427 2531.74 2531.74 1 0.409297 104537 42786.5 0 0 
1996 1 1 2 0 0 0.263233 0.502653 0.765886 4.88931e+006 3.41587e+006 1.71699e+006 816511 0.0142339 0.0142339 11622.1 11622.1 1 0.87187 69593.9 60676.8 0 0 
1996 1 1 3 0 0 0.213993 0.431075 0.645067 463498 341568 147241 286503 0.0174577 0.0174577 5001.68 5001.68 1 0.94676 8091.61 7660.82 0 0 
1996 2 1 0 0 0 0.363139 0.0107042 0.373843 3.81298e+007 3.18135e+007 340538 1.08365e+006 0.00790492 0.00790492 8566.2 8566.2 1 0 301413 0 0 0 
1996 2 1 1 0 0 0.227084 0.33428 0.561364 4.79909e+006 3.67238e+006 1.2276e+006 776795 0.011496 0.011496 8930.01 8930.01 1 0.409297 55170.1 22581 0 0 
1996 2 1 2 0 0 0.201776 1.06881 1.27059 2.27315e+006 1.28693e+006 1.37548e+006 2.20863e+006 0.0150325 0.0150325 33201.3 33201.3 1 0.87187 34171.2 29792.8 0 0 
1996 2 1 3 0 0 0.17663 0.924823 1.10145 243164 147386 136306 911256 0.0168613 0.0168613 15365 15365 1 0.94676 4100.05 3881.77 0 0 
1996 3 1 0 0 0 0.214791 0.0239124 0.238703 2.62366e+007 2.33401e+007 558119 1.67074e+006 0.00291009 0.00291009 4862 4862 1 0 76350.6 0 0 0 
1996 3 1 1 0 0 0.171346 0.14308 0.314426 2.73755e+006 2.34894e+006 336087 289815 0.00615487 0.00615487 1783.78 1783.78 1 0.409297 16849.2 6896.34 0 0 
1996 3 1 2 0 0 0.150992 0.297205 0.448196 637997 514189 152819 113580 0.00866848 0.00866848 984.564 984.564 1 0.87187 5530.47 4821.84 0 0 
1996 3 1 3 0 0 0.150992 0.556019 0.707011 80824.6 57946.4 32219.3 49534.1 0.0103458 0.0103458 512.471 512.471 1 0.94676 836.198 791.679 0 0 
1996 4 1 0 0 0 0.237941 0 0.237941 2.06652e+007 1.83906e+007 0 0 0.00310564 0.00310564 0 0 1 0 64178.6 0 0 0 
1996 4 1 1 0 0 0.194827 0 0.194827 1.99898e+006 1.8163e+006 0 0 0.00574715 0.00574715 0 0 1 0.409297 11488.4 4702.17 0 0 
1996 4 1 2 0 0 0.156129 0 0.156129 407539 377318 0 0 0.00766409 0.00766409 0 0 1 0.87187 3123.42 2723.21 0 0 
1996 4 1 3 0 0 0.156129 0 0.156129 39855.9 36900.4 0 0 0.00864838 0.00864838 0 0 1 0.94676 344.689 326.338 0 0 
1997 1 1 0 0 0 0.451157 0.000966814 0.452124 5.05067e+007 4.06316e+007 39283.2 6446.58 0.0070718 0.0070718 45.5889 45.5889 1 0 357173 0 0 0 
1997 1 1 1 0 0 0.293018 0.227 0.520019 1.62893e+007 1.27018e+007 2.88331e+006 2.28658e+006 0.0127666 0.0127666 29191.9 29191.9 1 0.409297 207959 85117.2 0 0 
1997 1 1 2 0 0 0.210384 0.377253 0.587637 1.64511e+006 1.24401e+006 469306 130593 0.0148391 0.0148391 1937.89 1937.89 1 0.87187 24412 21284.1 0 0 
1997 1 1 3 0 0 0.154945 0.323532 0.478477 382724 304173 98409.7 202822 0.0163256 0.0163256 3311.18 3311.18 1 0.94676 6248.19 5915.54 0 0 
1997 2 1 0 0 0 0.297505 0.00803376 0.305538 3.21361e+007 2.76908e+007 222461 148657 0.00580278 0.00580278 862.622 862.622 1 0 186479 0 0 0 
1997 2 1 1 0 0 0.204046 0.250886 0.454932 9.68416e+006 7.7806e+006 1.95204e+006 4.39527e+006 0.0119979 0.0119979 52734 52734 1 0.409297 116190 47556.1 0 0 
1997 2 1 2 0 0 0.187318 0.802169 0.989487 914088 580361 465548 1.07823e+006 0.0161236 0.0161236 17384.8 17384.8 1 0.87187 14738.4 12849.9 0 0 
1997 2 1 3 0 0 0.153806 0.694102 0.847909 237184 159918 110999 277615 0.0199421 0.0199421 5536.23 5536.23 1 0.94676 4729.95 4478.13 0 0 
1997 3 1 0 0 0 0.227274 0.0179468 0.245221 2.36756e+007 2.09961e+007 376813 596223 0.00712309 0.00712309 4246.95 4246.95 1 0 168643 0 0 0 
1997 3 1 1 0 0 0.193018 0.107385 0.300403 6.14451e+006 5.30747e+006 569944 728240 0.00965248 0.00965248 7029.32 7029.32 1 0.409297 59309.8 24275.3 0 0 
1997 3 1 2 0 0 0.170793 0.223059 0.393853 339828 280891 62655.5 181187 0.0121853 0.0121853 2207.81 2207.81 1 0.87187 4140.91 3610.33 0 0 
1997 3 1 3 0 0 0.170793 0.417306 0.588099 101588 76803.3 32050.5 46666.7 0.0146979 0.0146979 685.905 685.905 1 0.94676 1493.14 1413.64 0 0 
1997 4 1 0 0 0 0.269067 0 0.269067 1.85269e+007 1.62437e+007 0 0 0.00515499 0.00515499 0 0 1 0 95505.7 0 0 0 
1997 4 1 1 0 0 0.214289 0 0.214289 4.55013e+006 4.09565e+006 0 0 0.00953957 0.00953957 0 0 1 0.409297 43406.3 17766.1 0 0 
1997 4 1 2 0 0 0.171015 0 0.171015 229198 210671 0 0 0.0127215 0.0127215 0 0 1 0.87187 2915.74 2542.14 0 0 
1997 4 1 3 0 0 0.171015 0 0.171015 56420.2 51859.5 0 0 0.0143553 0.0143553 0 0 1 0.94676 809.928 766.808 0 0 
1998 1 1 0 0 0 0.42959 0.00159927 0.431189 1.13842e+008 9.2476e+007 147894 86123.7 0.00557064 0.00557064 479.764 479.764 1 0 634172 0 0 0 
1998 1 1 1 0 0 0.282534 0.375496 0.65803 1.41562e+007 1.03721e+007 3.89467e+006 3.56734e+006 0.0139329 0.0139329 49703.4 49703.4 1 0.409297 197237 80728.6 0 0 
1998 1 1 2 0 0 0.22647 0.62404 0.85051 3.67248e+006 2.47335e+006 1.54347e+006 1.49834e+006 0.0166329 0.0166329 24921.7 24921.7 1 0.87187 61084 53257.3 0 0 
1998 1 1 3 0 0 0.190365 0.535176 0.725541 240722 171179 91610.8 258993 0.0186053 0.0186053 4818.64 4818.64 1 0.94676 4478.71 4240.26 0 0 
1998 2 1 0 0 0 0.361769 0.0132892 0.375059 7.39671e+007 6.16791e+007 819664 5.46589e+006 0.00502731 0.00502731 27478.7 27478.7 1 0 371855 0 0 0 
1998 2 1 1 0 0 0.197063 0.415006 0.612069 7.33109e+006 5.48299e+006 2.27548e+006 2.66503e+006 0.0123985 0.0123985 33042.3 33042.3 1 0.409297 90894.3 37202.7 0 0 
1998 2 1 2 0 0 0.176428 1.32692 1.50335 1.56887e+006 811509 1.07681e+006 1.45184e+006 0.0152533 0.0152533 22145.4 22145.4 1 0.87187 23930.4 20864.2 0 0 
1998 2 1 3 0 0 0.145301 1.14816 1.29346 116524 65374.6 75060.5 326463 0.0177168 0.0177168 5783.89 5783.89 1 0.94676 2064.44 1954.53 0 0 
1998 3 1 0 0 0 0.251547 0.029687 0.281234 5.08338e+007 4.43112e+007 1.31547e+006 1.61598e+006 0.00429204 0.00429204 6935.86 6935.86 1 0 218181 0 0 0 
1998 3 1 1 0 0 0.208794 0.177633 0.386427 3.97512e+006 3.29714e+006 585681 1.09655e+006 0.00610449 0.00610449 6693.85 6693.85 1 0.409297 24266.1 9932.03 0 0 
1998 3 1 2 0 0 0.172717 0.368977 0.541695 348893 269378 99394.2 489541 0.00945599 0.00945599 4629.09 4629.09 1 0.87187 3299.13 2876.41 0 0 
1998 3 1 3 0 0 0.172717 0.690293 0.863011 31965 21412.5 14780.9 241493 0.00941628 0.00941628 2273.97 2273.97 1 0.94676 300.991 284.966 0 0 
1998 4 1 0 0 0 0.317828 0 0.317828 3.8372e+007 3.28719e+007 0 0 0.00393323 0.00393323 0 0 1 0 150926 0 0 0 
1998 4 1 1 0 0 0.245265 0 0.245265 2.70102e+006 2.39528e+006 0 0 0.00727866 0.00727866 0 0 1 0.409297 19659.8 8046.68 0 0 
1998 4 1 2 0 0 0.196725 0 0.196725 202972 184255 0 0 0.00970643 0.00970643 0 0 1 0.87187 1970.14 1717.7 0 0 
1998 4 1 3 0 0 0.196725 0 0.196725 13485.7 12242.1 0 0 0.010953 0.010953 0 0 1 0.94676 147.709 139.845 0 0 
1999 1 1 0 0 0 0.421403 0.000864367 0.422267 7.86869e+007 6.41845e+007 55479 830.23 0.0053059 0.0053059 4.40512 4.40512 1 0 417505 0 0 0 
1999 1 1 1 0 0 0.287226 0.202946 0.490172 2.79243e+007 2.20741e+007 4.47986e+006 1.59392e+007 0.00973715 0.00973715 155203 155203 1 0.409297 271904 111289 0 0 
1999 1 1 2 0 0 0.232493 0.337278 0.569771 2.11354e+006 1.61118e+006 543417 477815 0.0114532 0.0114532 5472.51 5472.51 1 0.87187 24206.8 21105.1 0 0 
1999 1 1 3 0 0 0.214241 0.28925 0.50349 177802 139696 40406.9 69219.2 0.012081 0.012081 836.239 836.239 1 0.94676 2148.03 2033.67 0 0 
1999 2 1 0 0 0 0.290566 0.00718248 0.297748 5.15839e+007 4.46131e+007 320432 90557.3 0.00456971 0.00456971 413.82 413.82 1 0 235723 0 0 0 
1999 2 1 1 0 0 0.190571 0.224301 0.414872 1.71042e+007 1.39999e+007 3.1402e+006 2.45606e+006 0.011575 0.011575 28429 28429 1 0.409297 197982 81033.4 0 0 
1999 2 1 2 0 0 0.169403 0.717169 0.886572 1.19553e+006 792823 568588 254931 0.0135094 0.0135094 3443.96 3443.96 1 0.87187 16150.9 14081.5 0 0 
1999 2 1 3 0 0 0.15233 0.620553 0.772883 107467 74851.5 46449.3 44836 0.0163661 0.0163661 733.789 733.789 1 0.94676 1758.81 1665.17 0 0 
1999 3 1 0 0 0 0.274501 0.0160451 0.290546 3.83004e+007 3.32383e+007 533313 1.96713e+006 0.00360535 0.00360535 7092.2 7092.2 1 0 138087 0 0 0 
1999 3 1 1 0 0 0.24072 0.0960063 0.336726 1.12961e+007 9.59087e+006 920784 3.35194e+006 0.00937925 0.00937925 31438.7 31438.7 1 0.409297 105949 43364.4 0 0 
1999 3 1 2 0 0 0.19105 0.199423 0.390473 492639 407844 81333.5 641059 0.0117946 0.0117946 7561.02 7561.02 1 0.87187 5810.46 5065.96 0 0 
1999 3 1 3 0 0 0.19105 0.373087 0.564137 49615.3 37919.1 14147.1 183015 0.0138192 0.0138192 2529.13 2529.13 1 0.94676 685.645 649.142 0 0 
1999 4 1 0 0 0 0.334613 0 0.334613 2.86432e+007 2.43436e+007 0 0 0.00523063 0.00523063 0 0 1 0 149822 0 0 0 
1999 4 1 1 0 0 0.267128 0 0.267128 8.06657e+006 7.07902e+006 0 0 0.00967956 0.00967956 0 0 1 0.409297 78080.9 31958.2 0 0 
1999 4 1 2 0 0 0.242347 0 0.242347 333386 296064 0 0 0.0129081 0.0129081 0 0 1 0.87187 4303.4 3752.01 0 0 
1999 4 1 3 0 0 0.242347 0 0.242347 28223.7 25064 0 0 0.0145659 0.0145659 0 0 1 0.94676 411.104 389.217 0 0 
2000 1 1 0 0 0 0.406024 0.00138579 0.407409 7.46092e+007 6.12807e+007 84922.1 6101.49 0.00667143 0.00667143 40.7056 40.7056 1 0 497750 0 0 0 
2000 1 1 1 0 0 0.341546 0.325372 0.666918 2.04975e+007 1.49589e+007 4.86721e+006 9.82267e+006 0.0121927 0.0121927 119765 119765 1 0.409297 249920 102291 0 0 
2000 1 1 2 0 0 0.253193 0.540738 0.793931 6.17556e+006 4.2621e+006 2.30468e+006 1.76726e+006 0.0148301 0.0148301 26208.7 26208.7 1 0.87187 91584.5 79849.7 0 0 
2000 1 1 3 0 0 0.218544 0.463736 0.682281 283786 205696 95388.9 70159.7 0.0184553 0.0184553 1294.82 1294.82 1 0.94676 5237.36 4958.53 0 0 
2000 2 1 0 0 0 0.355138 0.0115152 0.366654 4.96428e+007 4.15593e+007 478565 81905.9 0.00621185 0.00621185 508.787 508.787 1 0 308374 0 0 0 
2000 2 1 1 0 0 0.198814 0.359608 0.558422 1.05211e+007 8.06177e+006 2.89908e+006 801375 0.0148578 0.0148578 11906.7 11906.7 1 0.409297 156320 63981.5 0 0 
2000 2 1 2 0 0 0.180218 1.14979 1.33001 2.79175e+006 1.5439e+006 1.77517e+006 384854 0.0173556 0.0173556 6679.38 6679.38 1 0.87187 48452.7 42244.4 0 0 
2000 2 1 3 0 0 0.169539 0.994895 1.16443 143443 84740.5 84307.9 49826.6 0.0183208 0.0183208 912.862 912.862 1 0.94676 2627.99 2488.08 0 0 
2000 3 1 0 0 0 0.253643 0.0257242 0.279367 3.44049e+007 3.00171e+007 772165 1.09361e+006 0.00507794 0.00507794 5553.3 5553.3 1 0 174706 0 0 0 
2000 3 1 1 0 0 0.213127 0.153921 0.367048 6.01925e+006 5.03818e+006 775482 2.80714e+006 0.0104593 0.0104593 29360.9 29360.9 1 0.409297 62957.3 25768.2 0 0 
2000 3 1 2 0 0 0.156921 0.319723 0.476644 738347 587303 187774 1.31005e+006 0.0130945 0.0130945 17154.5 17154.5 1 0.87187 9668.28 8429.48 0 0 
2000 3 1 3 0 0 0.156921 0.598148 0.755068 44768.5 31425.3 18797 176418 0.0149724 0.0149724 2641.4 2641.4 1 0.94676 670.292 634.606 0 0 
2000 4 1 0 0 0 0.278612 0 0.278612 2.60192e+007 2.2709e+007 0 0 0.00360877 0.00360877 0 0 1 0 93897.2 0 0 0 
2000 4 1 1 0 0 0.235664 0 0.235664 4.16999e+006 3.71506e+006 0 0 0.00456426 0.00456426 0 0 1 0.409297 19032.9 7790.12 0 0 
2000 4 1 2 0 0 0.192073 0 0.192073 458413 417077 0 0 0.00797785 0.00797785 0 0 1 0.87187 3657.15 3188.56 0 0 
2000 4 1 3 0 0 0.192073 0 0.192073 21040.2 19143 0 0 0.0134729 0.0134729 0 0 1 0.94676 283.473 268.381 0 0 
2001 1 1 0 0 0 0.408792 0.00143931 0.410231 6.40692e+007 5.25545e+007 75642.4 13055.5 0.00783091 0.00783091 102.237 102.237 1 0 501720 0 0 0 
2001 1 1 1 0 0 0.32787 0.337939 0.665809 1.96922e+007 1.43783e+007 4.85899e+006 5.76763e+006 0.010869 0.010869 62688.4 62688.4 1 0.409297 214034 87603.6 0 0 
2001 1 1 2 0 0 0.233083 0.561624 0.794707 3.29448e+006 2.27294e+006 1.27654e+006 315550 0.0117832 0.0117832 3718.17 3718.17 1 0.87187 38819.4 33845.5 0 0 
2001 1 1 3 0 0 0.190164 0.481648 0.671813 395667 288127 138776 7693.89 0.0159143 0.0159143 122.443 122.443 1 0.94676 6296.77 5961.53 0 0 
2001 2 1 0 0 0 0.299106 0.01196 0.311066 4.25097e+007 3.65334e+007 436940 550512 0.00477802 0.00477802 2630.36 2630.36 1 0 203112 0 0 0 
2001 2 1 1 0 0 0.21312 0.373498 0.586618 1.0119e+007 7.65532e+006 2.85925e+006 3.96734e+006 0.0116427 0.0116427 46190.4 46190.4 1 0.409297 117812 48220 0 0 
2001 2 1 2 0 0 0.201949 1.1942 1.39615 1.48816e+006 802041 957801 1.52871e+006 0.0136366 0.0136366 20846.5 20846.5 1 0.87187 20293.5 17693.3 0 0 
2001 2 1 3 0 0 0.194767 1.03332 1.22809 202100 116371 120249 498496 0.016634 0.016634 8291.98 8291.98 1 0.94676 3361.73 3182.75 0 0 
2001 3 1 0 0 0 0.266444 0.0267178 0.293162 3.11454e+007 2.69953e+007 721255 143017 0.00617218 0.00617218 882.728 882.728 1 0 192235 0 0 0 
2001 3 1 1 0 0 0.22548 0.159866 0.385346 5.62823e+006 4.67066e+006 746681 531588 0.0126722 0.0126722 6736.37 6736.37 1 0.409297 71321.9 29191.8 0 0 
2001 3 1 2 0 0 0.191235 0.332073 0.523307 368391 286826 95247.1 59709 0.0149807 0.0149807 894.485 894.485 1 0.87187 5518.77 4811.65 0 0 
2001 3 1 3 0 0 0.191235 0.621251 0.812486 59185.2 40519.5 25172.8 13417.6 0.0161831 0.0161831 217.137 217.137 1 0.94676 957.799 906.806 0 0 
2001 4 1 0 0 0 0.306306 0 0.306306 2.32314e+007 2.00105e+007 0 0 0.00651097 0.00651097 0 0 1 0 151259 0 0 0 
2001 4 1 1 0 0 0.258432 0 0.258432 3.82841e+006 3.37371e+006 0 0 0.0120489 0.0120489 0 0 1 0.409297 46128 18880.1 0 0 
2001 4 1 2 0 0 0.213201 0 0.213201 218293 196592 0 0 0.0160678 0.0160678 0 0 1 0.87187 3507.48 3058.06 0 0 
2001 4 1 3 0 0 0.213201 0 0.213201 26263.6 23652.7 0 0 0.0181313 0.0181313 0 0 1 0.94676 476.194 450.842 0 0 
2002 1 1 0 0 0 0.434478 0.00154598 0.436024 8.56608e+007 6.94281e+007 107334 63415.5 0.0072819 0.0072819 461.785 461.785 1 0 623773 0 0 0 
2002 1 1 1 0 0 0.321474 0.362983 0.684457 1.71021e+007 1.23841e+007 4.49522e+006 6.58644e+006 0.0108755 0.0108755 71630.6 71630.6 1 0.409297 185993 76126.2 0 0 
2002 1 1 2 0 0 0.240285 0.603244 0.843529 2.95653e+006 1.99716e+006 1.20477e+006 594557 0.0140837 0.0140837 8373.59 8373.59 1 0.87187 41639 36303.8 0 0 
2002 1 1 3 0 0 0.170689 0.517342 0.688031 197600 142862 73908.3 108679 0.0154284 0.0154284 1676.75 1676.75 1 0.94676 3048.65 2886.34 0 0 
2002 2 1 0 0 0 0.315437 0.0128463 0.328284 5.53884e+007 4.72152e+007 606542 927294 0.00768965 0.00768965 7130.56 7130.56 1 0 425917 0 0 0 
2002 2 1 1 0 0 0.222536 0.401177 0.623713 8.62566e+006 6.41759e+006 2.57459e+006 4.32653e+006 0.0121678 0.0121678 52644.4 52644.4 1 0.409297 104955 42957.9 0 0 
2002 2 1 2 0 0 0.213876 1.2827 1.49658 1.27187e+006 659573 846037 661656 0.014241 0.014241 9422.63 9422.63 1 0.87187 18112.7 15791.9 0 0 
2002 2 1 3 0 0 0.205629 1.1099 1.31553 99306.9 55232.3 61302.3 59021.8 0.0158279 0.0158279 934.19 934.19 1 0.94676 1571.82 1488.13 0 0 
2002 3 1 0 0 0 0.251826 0.0286977 0.280523 3.98885e+007 3.47821e+007 998167 1.18269e+006 0.00465024 0.00465024 5499.8 5499.8 1 0 185491 0 0 0 
2002 3 1 1 0 0 0.206168 0.171713 0.377881 4.62293e+006 3.84984e+006 661069 1.19916e+006 0.0100501 0.0100501 12051.7 12051.7 1 0.409297 46460.9 19016.3 0 0 
2002 3 1 2 0 0 0.194325 0.356682 0.551007 284765 218936 78090.3 296900 0.0132559 0.0132559 3935.67 3935.67 1 0.87187 3774.81 3291.14 0 0 
2002 3 1 3 0 0 0.194325 0.66729 0.861616 26647.3 17861 11918.5 65718.4 0.0144819 0.0144819 951.727 951.727 1 0.94676 385.903 365.358 0 0 
2002 4 1 0 0 0 0.322663 0 0.322663 3.01313e+007 2.57534e+007 0 0 0.00600354 0.00600354 0 0 1 0 180894 0 0 0 
2002 4 1 1 0 0 0.261624 0 0.261624 3.16815e+006 2.78761e+006 0 0 0.0116361 0.0116361 0 0 1 0.409297 36864.9 15088.7 0 0 
2002 4 1 2 0 0 0.217799 0 0.217799 164130 147486 0 0 0.01293 0.01293 0 0 1 0.87187 2122.19 1850.28 0 0 
2002 4 1 3 0 0 0.217799 0 0.217799 11257.9 10116.3 0 0 0.015541 0.015541 0 0 1 0.94676 174.96 165.645 0 0 
2003 1 1 0 0 0 0.419368 0.00118992 0.420558 1.13499e+008 9.26541e+007 110251 197639 0.00419735 0.00419735 829.563 829.563 1 0 476395 0 0 0 
2003 1 1 1 0 0 0.26906 0.279383 0.548443 2.18216e+007 1.67967e+007 4.6927e+006 4.00332e+006 0.0124598 0.0124598 49880.6 49880.6 1 0.409297 271893 111285 0 0 
2003 1 1 2 0 0 0.215429 0.464308 0.679737 2.43884e+006 1.76974e+006 821706 594498 0.0145956 0.0145956 8677.05 8677.05 1 0.87187 35596.4 31035.4 0 0 
2003 1 1 3 0 0 0.168428 0.39819 0.566618 141062 107687 42880 68143.5 0.0227862 0.0227862 1552.73 1552.73 1 0.94676 3214.27 3043.14 0 0 
2003 2 1 0 0 0 0.294817 0.00988763 0.304704 7.45325e+007 6.42479e+007 635259 2.78563e+006 0.00578575 0.00578575 16117 16117 1 0 431226 0 0 0 
2003 2 1 1 0 0 0.228673 0.30878 0.537453 1.26096e+007 9.7546e+006 3.01202e+006 6.82628e+006 0.0107625 0.0107625 73467.6 73467.6 1 0.409297 135710 55545.8 0 0 
2003 2 1 2 0 0 0.208468 0.987278 1.19575 1.23588e+006 720936 711764 1.11591e+006 0.0144564 0.0144564 16132 16132 1 0.87187 17866.4 15577.2 0 0 
2003 2 1 3 0 0 0.203998 0.854273 1.05827 80044.3 49386.7 42189.7 218400 0.0166619 0.0166619 3638.96 3638.96 1 0.94676 1333.69 1262.69 0 0 
2003 3 1 0 0 0 0.258955 0.0220882 0.281043 5.49559e+007 4.79087e+007 1.05822e+006 713229 0.00485099 0.00485099 3459.87 3459.87 1 0 266590 0 0 0 
2003 3 1 1 0 0 0.229167 0.132165 0.361332 7.36697e+006 6.18282e+006 817154 39823.9 0.0114708 0.0114708 456.811 456.811 1 0.409297 84504.9 34587.6 0 0 
2003 3 1 2 0 0 0.225632 0.274533 0.500165 373828 294158 80755.9 29773.8 0.0134973 0.0134973 401.866 401.866 1 0.87187 5045.67 4399.17 0 0 
2003 3 1 3 0 0 0.225632 0.513603 0.739236 27779.8 19635.9 10085.1 26427.2 0.0141365 0.0141365 373.588 373.588 1 0.94676 392.709 371.801 0 0 
2003 4 1 0 0 0 0.382599 0 0.382599 4.14915e+007 3.44766e+007 0 0 0.00498315 0.00498315 0 0 1 0 206758 0 0 0 
2003 4 1 1 0 0 0.308147 0 0.308147 5.13292e+006 4.41741e+006 0 0 0.00922159 0.00922159 0 0 1 0.409297 47333.6 19373.5 0 0 
2003 4 1 2 0 0 0.285942 0 0.285942 226701 197170 0 0 0.0122974 0.0122974 0 0 1 0.87187 2787.84 2430.63 0 0 
2003 4 1 3 0 0 0.285942 0 0.285942 13264.3 11536.4 0 0 0.0138768 0.0138768 0 0 1 0.94676 184.065 174.266 0 0 
2004 1 1 0 0 0 0.436328 0.00175075 0.438079 2.06896e+008 1.6753e+008 293304 229309 0.00882088 0.00882088 2022.7 2022.7 1 0 1.82501e+006 0 0 0 
2004 1 1 1 0 0 0.276005 0.411063 0.687068 2.83008e+007 2.04697e+007 8.41434e+006 4.21728e+006 0.0115748 0.0115748 48814 48814 1 0.409297 327574 134075 0 0 
2004 1 1 2 0 0 0.230681 0.683149 0.91383 3.77171e+006 2.47235e+006 1.68898e+006 731500 0.0138942 0.0138942 10163.6 10163.6 1 0.87187 52404.9 45690.3 0 0 
2004 1 1 3 0 0 0.19195 0.585868 0.777818 180287 125302 73410.3 78913.1 0.0153571 0.0153571 1211.87 1211.87 1 0.94676 2768.69 2621.28 0 0 
2004 2 1 0 0 0 0.277951 0.0145479 0.292499 1.33505e+008 1.15752e+008 1.68395e+006 2.48068e+007 0.0040717 0.0040717 101006 101006 1 0 543593 0 0 0 
2004 2 1 1 0 0 0.216065 0.454316 0.670381 1.42367e+007 1.03738e+007 4.71299e+006 4.73569e+006 0.00936733 0.00936733 44360.7 44360.7 1 0.409297 133359 54583.6 0 0 
2004 2 1 2 0 0 0.19252 1.45261 1.64513 1.5124e+006 741903 1.07769e+006 264373 0.0126443 0.0126443 3342.81 3342.81 1 0.87187 19123.2 16673 0 0 
2004 2 1 3 0 0 0.184805 1.25691 1.44172 82825.4 43861.1 55129.7 53425.3 0.0152932 0.0152932 817.046 817.046 1 0.94676 1266.67 1199.23 0 0 
2004 3 1 0 0 0 0.231014 0.032499 0.263513 9.96477e+007 8.75995e+007 2.8469e+006 5.23394e+006 0.00303718 0.00303718 15896.4 15896.4 1 0 302648 0 0 0 
2004 3 1 1 0 0 0.211859 0.194458 0.406317 7.28225e+006 5.98436e+006 1.16371e+006 309955 0.00973314 0.00973314 3016.83 3016.83 1 0.409297 70879.1 29010.6 0 0 
2004 3 1 2 0 0 0.207592 0.403927 0.611519 291875 218350 88197.5 44144.7 0.0112443 0.0112443 496.374 496.374 1 0.87187 3281.92 2861.41 0 0 
2004 3 1 3 0 0 0.207592 0.755678 0.96327 19589.9 12575.5 9503 15706.6 0.0129619 0.0129619 203.587 203.587 1 0.94676 253.922 240.403 0 0 
2004 4 1 0 0 0 0.375766 0 0.375766 7.65641e+007 6.38235e+007 0 0 0.0044345 0.0044345 0 0 1 0 339524 0 0 0 
2004 4 1 1 0 0 0.302347 0 0.302347 4.8507e+006 4.18604e+006 0 0 0.00933673 0.00933673 0 0 1 0.409297 45289.6 18536.9 0 0 
2004 4 1 2 0 0 0.27837 0 0.27837 158350 138220 0 0 0.0115277 0.0115277 0 0 1 0.87187 1825.41 1591.52 0 0 
2004 4 1 3 0 0 0.27837 0 0.27837 7476.35 6525.95 0 0 0.012856 0.012856 0 0 1 0.94676 96.116 90.9989 0 0 
2005 1 1 0 0 0 0.441625 0.00126822 0.442893 6.87027e+007 5.55066e+007 70394.6 97602.3 0.00762325 0.00762325 744.047 744.047 1 0 523738 0 0 0 
2005 1 1 1 0 0 0.320547 0.297768 0.618315 5.25814e+007 3.9216e+007 1.16773e+007 1.34097e+007 0.00968125 0.00968125 129823 129823 1 0.409297 509053 208354 0 0 
2005 1 1 2 0 0 0.226986 0.494863 0.721849 3.58506e+006 2.55351e+006 1.26364e+006 479222 0.0130316 0.0130316 6245.03 6245.03 1 0.87187 46719.1 40732.9 0 0 
2005 1 1 3 0 0 0.215992 0.424394 0.640386 125533 92703.6 39342.9 88858.2 0.0153547 0.0153547 1364.39 1364.39 1 0.94676 1927.52 1824.9 0 0 
2005 2 1 0 0 0 0.3092 0.0105383 0.319738 4.41193e+007 3.77612e+007 397939 839944 0.00656341 0.00656341 5512.9 5512.9 1 0 289573 0 0 0 
2005 2 1 1 0 0 0.218678 0.3291 0.547778 2.83336e+007 2.18157e+007 7.17954e+006 7.90355e+006 0.0102709 0.0102709 81176.5 81176.5 1 0.409297 291011 119110 0 0 
2005 2 1 2 0 0 0.180988 1.05225 1.23323 1.74181e+006 1.00089e+006 1.05319e+006 228337 0.0114919 0.0114919 2624.02 2624.02 1 0.87187 20016.7 17452 0 0 
2005 2 1 3 0 0 0.173733 0.91049 1.08422 66167.3 40390.1 36774.8 22051.4 0.0141083 0.0141083 311.109 311.109 1 0.94676 933.51 883.811 0 0 
2005 3 1 0 0 0 0.220471 0.0235418 0.244013 3.20455e+007 2.84353e+007 669418 1.08927e+006 0.00553011 0.00553011 6023.81 6023.81 1 0 177215 0 0 0 
2005 3 1 1 0 0 0.200812 0.140863 0.341675 1.63834e+007 1.38778e+007 1.95487e+006 5.40858e+006 0.00800437 0.00800437 43292.3 43292.3 1 0.409297 131139 53674.8 0 0 
2005 3 1 2 0 0 0.179293 0.292599 0.471891 507475 404545 118369 230703 0.0113846 0.0113846 2626.47 2626.47 1 0.87187 5777.4 5037.14 0 0 
2005 3 1 3 0 0 0.179293 0.547402 0.726695 22375.4 15903.2 8705.47 38556.8 0.0137878 0.0137878 531.614 531.614 1 0.94676 308.508 292.083 0 0 
2005 4 1 0 0 0 0.366783 0 0.366783 2.5107e+007 2.10174e+007 0 0 0.00467988 0.00467988 0 0 1 0 117498 0 0 0 
2005 4 1 1 0 0 0.291321 0 0.291321 1.16417e+007 1.00993e+007 0 0 0.00866036 0.00866036 0 0 1 0.409297 100822 41265.9 0 0 
2005 4 1 2 0 0 0.224992 0 0.224992 316574 283487 0 0 0.011549 0.011549 0 0 1 0.87187 3656.11 3187.65 0 0 
2005 4 1 3 0 0 0.224992 0 0.224992 10818.6 9687.93 0 0 0.0130322 0.0130322 0 0 1 0.94676 140.991 133.484 0 0 
2006 1 1 0 0 0 0.503924 0.00159342 0.505517 9.01683e+007 7.07777e+007 112779 0 0.00632446 0.00632446 0 0 1 0 570265 0 0 0 
2006 1 1 1 0 0 0.314539 0.374123 0.688662 1.73981e+007 1.2575e+007 4.70461e+006 1.9877e+006 0.0108138 0.0108138 21494.6 21494.6 1 0.409297 188140 77005.1 0 0 
2006 1 1 2 0 0 0.225625 0.621758 0.847383 8.69958e+006 5.86689e+006 3.64779e+006 1.4018e+006 0.0133425 0.0133425 18703.5 18703.5 1 0.87187 116074 101202 0 0 
2006 1 1 3 0 0 0.21463 0.533219 0.747849 261430 184092 98161.6 295158 0.0152372 0.0152372 4497.37 4497.37 1 0.94676 3983.45 3771.38 0 0 
2006 2 1 0 0 0 0.264692 0.0132406 0.277933 5.43889e+007 4.74849e+007 628727 319709 0.00553065 0.00553065 1768.2 1768.2 1 0 300806 0 0 0 
2006 2 1 1 0 0 0.211573 0.413489 0.625062 8.73816e+006 6.49735e+006 2.68658e+006 493221 0.0142716 0.0142716 7039.07 7039.07 1 0.409297 124708 51042.4 0 0 
2006 2 1 2 0 0 0.172426 1.32207 1.49449 3.72807e+006 1.93486e+006 2.55802e+006 1.00384e+006 0.0158443 0.0158443 15905.1 15905.1 1 0.87187 59068.9 51500.4 0 0 
2006 2 1 3 0 0 0.166197 1.14396 1.31016 123757 68976.3 78906.3 235542 0.0179666 0.0179666 4231.89 4231.89 1 0.94676 2223.48 2105.11 0 0 
2006 3 1 0 0 0 0.217051 0.0295785 0.246629 4.11913e+007 3.65049e+007 1.07976e+006 176742 0.00406707 0.00406707 718.822 718.822 1 0 167528 0 0 0 
2006 3 1 1 0 0 0.196865 0.176983 0.373849 4.67691e+006 3.90216e+006 690617 129541 0.00954634 0.00954634 1236.64 1236.64 1 0.409297 44647.4 18274 0 0 
2006 3 1 2 0 0 0.172491 0.367628 0.540119 836438 646271 237587 176585 0.0129454 0.0129454 2285.96 2285.96 1 0.87187 10828 9440.64 0 0 
2006 3 1 3 0 0 0.172491 0.687769 0.86026 33386.7 22391.4 15400.1 10932.9 0.0134327 0.0134327 146.857 146.857 1 0.94676 448.473 424.597 0 0 
2006 4 1 0 0 0 0.364286 0 0.364286 3.21882e+007 2.69768e+007 0 0 0.00500778 0.00500778 0 0 1 0 161191 0 0 0 
2006 4 1 1 0 0 0.277221 0 0.277221 3.21809e+006 2.81054e+006 0 0 0.00926717 0.00926717 0 0 1 0.409297 29822.6 12206.3 0 0 
2006 4 1 2 0 0 0.20233 0 0.20233 487375 441233 0 0 0.0123582 0.0123582 0 0 1 0.87187 6023.08 5251.34 0 0 
2006 4 1 3 0 0 0.20233 0 0.20233 14124.3 12787.1 0 0 0.0139454 0.0139454 0 0 1 0.94676 196.969 186.482 0 0 
2007 1 1 0 0 0 0.480078 0.00149895 0.481577 6.25471e+007 4.96389e+007 74406.1 0 0.00632446 0.00632446 0 0 1 0 395576 0 0 0 
2007 1 1 1 0 0 0.312223 0.351941 0.664163 2.23609e+007 1.63388e+007 5.75029e+006 1.69327e+006 0.0118823 0.0118823 20120 20120 1 0.409297 265699 108750 0 0 
2007 1 1 2 0 0 0.204242 0.584893 0.789135 2.43895e+006 1.68677e+006 986579 189551 0.013077 0.013077 2478.75 2478.75 1 0.87187 31894.1 27807.5 0 0 
2007 1 1 3 0 0 0.184123 0.501604 0.685726 409637 296464 148707 67672.1 0.0149193 0.0149193 1009.62 1009.62 1 0.94676 6111.5 5786.12 0 0 
2007 2 1 0 0 0 0.287492 0.0124555 0.299947 3.86421e+007 3.33853e+007 415831 609939 0.0064593 0.0064593 3939.77 3939.77 1 0 249601 0 0 0 
2007 2 1 1 0 0 0.221759 0.388973 0.610732 1.15092e+007 8.61303e+006 3.35023e+006 4.1868e+006 0.0101356 0.0101356 42435.8 42435.8 1 0.409297 116653 47745.8 0 0 
2007 2 1 2 0 0 0.170203 1.24368 1.41388 1.10786e+006 593000 737504 1.68165e+006 0.0126503 0.0126503 21273.4 21273.4 1 0.87187 14014.8 12219.1 0 0 
2007 2 1 3 0 0 0.16633 1.07614 1.24247 206344 118135 127129 254768 0.0151201 0.0151201 3852.12 3852.12 1 0.94676 3119.95 2953.85 0 0 
2007 3 1 0 0 0 0.210233 0.0278247 0.238057 2.86283e+007 2.54757e+007 708856 404452 0.00454597 0.00454597 1838.63 1838.63 1 0 130143 0 0 0 
2007 3 1 1 0 0 0.174755 0.16649 0.341245 6.24897e+006 5.29436e+006 881457 329724 0.00752162 0.00752162 2480.06 2480.06 1 0.409297 47002.4 19237.9 0 0 
2007 3 1 2 0 0 0.152118 0.345831 0.497949 269428 212223 73393.4 19674.8 0.0106344 0.0106344 209.23 209.23 1 0.87187 2865.21 2498.09 0 0 
2007 3 1 3 0 0 0.152118 0.646991 0.799108 59565.7 41017.3 26537.8 20963.7 0.012615 0.012615 264.458 264.458 1 0.94676 751.424 711.418 0 0 
2007 4 1 0 0 0 0.312345 0 0.312345 2.25636e+007 1.93797e+007 0 0 0.00478391 0.00478391 0 0 1 0 107942 0 0 0 
2007 4 1 1 0 0 0.237467 0 0.237467 4.4423e+006 3.95424e+006 0 0 0.00885288 0.00885288 0 0 1 0.409297 39327.2 16096.5 0 0 
2007 4 1 2 0 0 0.175019 0 0.175019 163752 150223 0 0 0.0118057 0.0118057 0 0 1 0.87187 1933.22 1685.51 0 0 
2007 4 1 3 0 0 0.175019 0 0.175019 26788.5 24575.2 0 0 0.0133219 0.0133219 0 0 1 0.94676 356.874 337.874 0 0 
2008 1 1 0 0 0 0.477842 0.00117456 0.479016 1.51683e+008 1.20521e+008 141559 11590.1 0.0088033 0.0088033 102.031 102.031 1 0 1.33531e+006 0 0 0 
2008 1 1 1 0 0 0.306642 0.275777 0.582419 1.65104e+007 1.25144e+007 3.45118e+006 422430 0.0103084 0.0103084 4354.55 4354.55 1 0.409297 170195 69660.5 0 0 
2008 1 1 2 0 0 0.187455 0.458316 0.645771 3.5033e+006 2.58089e+006 1.18287e+006 1.44794e+006 0.0114418 0.0114418 16567.1 16567.1 1 0.87187 40084.2 34948.2 0 0 
2008 1 1 3 0 0 0.166284 0.393052 0.559336 159948 122509 48152.2 329770 0.0131112 0.0131112 4323.67 4323.67 1 0.94676 2097.1 1985.45 0 0 
2008 2 1 0 0 0 0.268767 0.00976002 0.278527 9.39511e+007 8.20018e+007 800340 2.08719e+006 0.00438032 0.00438032 9142.56 9142.56 1 0 411536 0 0 0 
2008 2 1 1 0 0 0.20333 0.304795 0.508125 9.22184e+006 7.23006e+006 2.20369e+006 1.90176e+006 0.0076229 0.0076229 14496.9 14496.9 1 0.409297 70297.1 28772.4 0 0 
2008 2 1 2 0 0 0.156934 0.974536 1.13147 1.83663e+006 1.09964e+006 1.07164e+006 1.00663e+006 0.0125573 0.0125573 12640.5 12640.5 1 0.87187 23063.1 20108 0 0 
2008 2 1 3 0 0 0.151074 0.843248 0.994322 91424.3 57928.6 48848.2 260966 0.0141844 0.0141844 3701.64 3701.64 1 0.94676 1296.79 1227.75 0 0 
2008 3 1 0 0 0 0.200369 0.0218032 0.222173 7.11114e+007 6.37658e+007 1.3903e+006 893785 0.00340017 0.00340017 3039.02 3039.02 1 0 241790 0 0 0 
2008 3 1 1 0 0 0.173103 0.13046 0.303563 5.54807e+006 4.78509e+006 624262 131774 0.00755089 0.00755089 995.01 995.01 1 0.409297 41892.8 17146.6 0 0 
2008 3 1 2 0 0 0.166628 0.27099 0.437617 592422 479804 130022 41691.7 0.00823804 0.00823804 343.458 343.458 1 0.87187 4880.4 4255.07 0 0 
2008 3 1 3 0 0 0.166628 0.506975 0.673603 33824.6 24611.7 12477.5 21858.3 0.00846626 0.00846626 185.058 185.058 1 0.94676 286.368 271.122 0 0 
2008 4 1 0 0 0 0.303983 0 0.303983 5.69444e+007 4.91035e+007 0 0 0.00443333 0.00443333 0 0 1 0 252453 0 0 0 
2008 4 1 1 0 0 0.225445 0 0.225445 4.09549e+006 3.66666e+006 0 0 0.00681496 0.00681496 0 0 1 0.409297 27910.6 11423.7 0 0 
2008 4 1 2 0 0 0.196899 0 0.196899 382452 347154 0 0 0.00901116 0.00901116 0 0 1 0.87187 3446.33 3004.75 0 0 
2008 4 1 3 0 0 0.196899 0 0.196899 17246.1 15654.4 0 0 0.00809501 0.00809501 0 0 1 0.94676 139.607 132.175 0 0 
2009 1 1 0 0 0 0.444163 0.000844669 0.445008 1.14501e+008 9.24178e+007 78062.5 0 0.00632446 0.00632446 0 0 1 0 724159 0 0 0 
2009 1 1 1 0 0 0.362029 0.198321 0.56035 4.20177e+007 3.21678e+007 6.37956e+006 4.77695e+006 0.00958163 0.00958163 45770.9 45770.9 1 0.409297 402598 164782 0 0 
2009 1 1 2 0 0 0.233127 0.329592 0.562719 3.26886e+006 2.49988e+006 823940 219922 0.0123214 0.0123214 2709.75 2709.75 1 0.87187 40277 35116.3 0 0 
2009 1 1 3 0 0 0.16233 0.282658 0.444988 328261 264953 74891 39036.7 0.0142217 0.0142217 555.168 555.168 1 0.94676 4668.42 4419.88 0 0 
2009 2 1 0 0 0 0.32704 0.00701879 0.334059 7.33746e+007 6.23768e+007 437810 231412 0.00459781 0.00459781 1063.99 1063.99 1 0 337363 0 0 0 
2009 2 1 1 0 0 0.20019 0.219189 0.419379 2.39925e+007 1.95969e+007 4.29542e+006 8.16393e+006 0.00954441 0.00954441 77919.8 77919.8 1 0.409297 228994 93726.6 0 0 
2009 2 1 2 0 0 0.157572 0.700825 0.858397 1.86213e+006 1.24987e+006 875941 554425 0.0130278 0.0130278 7222.95 7222.95 1 0.87187 24259.6 21151.2 0 0 
2009 2 1 3 0 0 0.150078 0.606411 0.756489 210360 147571 89488.6 137328 0.0160173 0.0160173 2199.62 2199.62 1 0.94676 3369.39 3190.01 0 0 
2009 3 1 0 0 0 0.190446 0.0156795 0.206125 5.25371e+007 4.74761e+007 744400 168362 0.00429631 0.00429631 723.337 723.337 1 0 225716 0 0 0 
2009 3 1 1 0 0 0.169703 0.0938184 0.263521 1.5774e+007 1.38668e+007 1.30096e+006 3.38511e+006 0.00773802 0.00773802 26194 26194 1 0.409297 122059 49958.6 0 0 
2009 3 1 2 0 0 0.163423 0.194879 0.358302 789249 663331 129269 519516 0.0103483 0.0103483 5376.09 5376.09 1 0.87187 8167.37 7120.88 0 0 
2009 3 1 3 0 0 0.163423 0.364585 0.528008 98724.4 76701.3 27964.1 88967.4 0.0134745 0.0134745 1198.79 1198.79 1 0.94676 1330.27 1259.44 0 0 
2009 4 1 0 0 0 0.292535 0 0.292535 4.2751e+007 3.70656e+007 0 0 0.00866643 0.00866643 0 0 1 0 370499 0 0 0 
2009 4 1 1 0 0 0.215318 0 0.215318 1.21198e+007 1.09038e+007 0 0 0.00962278 0.00962278 0 0 1 0.409297 116626 47734.8 0 0 
2009 4 1 2 0 0 0.189694 0 0.189694 551576 502418 0 0 0.0104659 0.0104659 0 0 1 0.87187 5772.75 5033.08 0 0 
2009 4 1 3 0 0 0.189694 0 0.189694 58225.6 53036.3 0 0 0.0141411 0.0141411 0 0 1 0.94676 823.375 779.539 0 0 
2010 1 1 0 0 0 0.527185 0.000915967 0.528101 1.25926e+008 9.7831e+007 89609.9 12413.8 0.00663171 0.00663171 82.3246 82.3246 1 0 835108 0 0 0 
2010 1 1 1 0 0 0.412451 0.215062 0.627512 3.19081e+007 2.36996e+007 5.09687e+006 1.73217e+006 0.00800228 0.00800228 13861.3 13861.3 1 0.409297 255337 104509 0 0 
2010 1 1 2 0 0 0.312095 0.357413 0.669507 9.77202e+006 7.12334e+006 2.54597e+006 689166 0.00966617 0.00966617 6661.59 6661.59 1 0.87187 94458.1 82355.1 0 0 
2010 1 1 3 0 0 0.170493 0.306517 0.47701 504435 401175 122967 90040.4 0.013676 0.013676 1231.39 1231.39 1 0.94676 6898.67 6531.38 0 0 
2010 2 1 0 0 0 0.395296 0.00761125 0.402907 7.42618e+007 6.11236e+007 465227 349703 0.004735 0.004735 1655.85 1655.85 1 0 351630 0 0 0 
2010 2 1 1 0 0 0.217096 0.237691 0.454787 1.70363e+007 1.36885e+007 3.25363e+006 3.10542e+006 0.00940284 0.00940284 29199.7 29199.7 1 0.409297 160190 65565.1 0 0 
2010 2 1 2 0 0 0.179411 0.759981 0.939393 5.00289e+006 3.24405e+006 2.46542e+006 3.01129e+006 0.0114081 0.0114081 34353.1 34353.1 1 0.87187 57073.5 49760.7 0 0 
2010 2 1 3 0 0 0.164153 0.657598 0.821751 313071 213478 140383 2.15739e+006 0.0147725 0.0147725 31869.9 31869.9 1 0.94676 4624.83 4378.61 0 0 
2010 3 1 0 0 0 0.206689 0.017003 0.223692 4.96347e+007 4.4475e+007 756207 298472 0.0049912 0.0049912 1489.73 1489.73 1 0 247737 0 0 0 
2010 3 1 1 0 0 0.182157 0.101738 0.283895 1.0811e+007 9.41184e+006 957538 2.4124e+006 0.0072118 0.0072118 17397.8 17397.8 1 0.409297 77966.4 31911.4 0 0 
2010 3 1 2 0 0 0.159284 0.211328 0.370612 1.95546e+006 1.634e+006 345311 683264 0.00941573 0.00941573 6433.42 6433.42 1 0.87187 18412 16052.9 0 0 
2010 3 1 3 0 0 0.159284 0.395359 0.554643 137645 105651 41770.1 90603 0.0130153 0.0130153 1179.23 1179.23 1 0.94676 1791.49 1696.12 0 0 
2010 4 1 0 0 0 0.308964 0 0.308964 3.9686e+007 3.41407e+007 0 0 0.00384724 0.00384724 0 0 1 0 152681 0 0 0 
2010 4 1 1 0 0 0.226391 0 0.226391 8.13898e+006 7.28345e+006 0 0 0.00711952 0.00711952 0 0 1 0.409297 57945.7 23717 0 0 
2010 4 1 2 0 0 0.196778 0 0.196778 1.34987e+006 1.22536e+006 0 0 0.00949421 0.00949421 0 0 1 0.87187 12816 11173.9 0 0 
2010 4 1 3 0 0 0.196778 0 0.196778 79046.4 71755.1 0 0 0.0107135 0.0107135 0 0 1 0.94676 846.867 801.78 0 0 
2011 1 1 0 0 0 0.510709 0.000810973 0.51152 9.09124e+007 7.11659e+007 57713.7 2469.28 0.00515453 0.00515453 12.728 12.728 1 0 468611 0 0 0 
2011 1 1 1 0 0 0.436909 0.19041 0.627319 2.91377e+007 2.16438e+007 4.12119e+006 1.84721e+006 0.00850677 0.00850677 15713.8 15713.8 1 0.409297 247868 101452 0 0 
2011 1 1 2 0 0 0.385712 0.316444 0.702156 6.49008e+006 4.66298e+006 1.47557e+006 1.10502e+006 0.010108 0.010108 11169.5 11169.5 1 0.87187 65601.7 57196.1 0 0 
2011 1 1 3 0 0 0.181774 0.271382 0.453156 1.17368e+006 943749 256116 281708 0.0134156 0.0134156 3779.28 3779.28 1 0.94676 15745.6 14907.3 0 0 
2011 2 1 0 0 0 0.380865 0.00673879 0.387603 5.45095e+007 4.51877e+007 304511 420004 0.0043622 0.0043622 1832.14 1832.14 1 0 237782 0 0 0 
2011 2 1 1 0 0 0.2385 0.210445 0.448945 1.55602e+007 1.25363e+007 2.6382e+006 4.23406e+006 0.00885539 0.00885539 37494.2 37494.2 1 0.409297 137791 56397.6 0 0 
2011 2 1 2 0 0 0.19339 0.672867 0.866257 3.21594e+006 2.15128e+006 1.44753e+006 2.91797e+006 0.0113763 0.0113763 33195.8 33195.8 1 0.87187 36585.5 31897.8 0 0 
2011 2 1 3 0 0 0.179386 0.58222 0.761605 746011 522169 304017 999295 0.0145475 0.0145475 14537.3 14537.3 1 0.94676 10852.6 10274.8 0 0 
2011 3 1 0 0 0 0.228674 0.015054 0.243728 3.69946e+007 3.28313e+007 494241 57320.2 0.00420793 0.00420793 241.199 241.199 1 0 155671 0 0 0 
2011 3 1 1 0 0 0.2021 0.0900757 0.292176 9.93208e+006 8.61269e+006 775794 250247 0.0101804 0.0101804 2547.61 2547.61 1 0.409297 101112 41385 0 0 
2011 3 1 2 0 0 0.17924 0.187104 0.366344 1.35237e+006 1.13233e+006 211863 95834.3 0.012779 0.012779 1224.67 1224.67 1 0.87187 17282 15067.7 0 0 
2011 3 1 3 0 0 0.17924 0.35004 0.52928 348325 270464 94673.4 42265.8 0.0171283 0.0171283 723.94 723.94 1 0.94676 5966.2 5648.56 0 0 
2011 4 1 0 0 0 0.338047 0 0.338047 2.89927e+007 2.46008e+007 0 0 0.00497387 0.00497387 0 0 1 0 144206 0 0 0 
2011 4 1 1 0 0 0.25361 0 0.25361 7.41566e+006 6.55002e+006 0 0 0.0092044 0.0092044 0 0 1 0.409297 68256.7 27937.3 0 0 
2011 4 1 2 0 0 0.224318 0 0.224318 937553 839839 0 0 0.0122745 0.0122745 0 0 1 0.87187 11508 10033.5 0 0 
2011 4 1 3 0 0 0.224318 0 0.224318 205173 183790 0 0 0.0138509 0.0138509 0 0 1 0.94676 2841.84 2690.54 0 0 
2012 1 1 0 0 0 0.509197 0.00133552 0.510533 6.59006e+007 5.16101e+007 68926.5 147896 0.00849014 0.00849014 1255.66 1255.66 1 0 559505 0 0 0 
2012 1 1 1 0 0 0.431549 0.31357 0.745119 2.06765e+007 1.45773e+007 4.57101e+006 2.5277e+006 0.00866407 0.00866407 21900.2 21900.2 1 0.409297 179143 73322.6 0 0 
2012 1 1 2 0 0 0.34403 0.521125 0.865154 5.75451e+006 3.85127e+006 2.00699e+006 729427 0.0105978 0.0105978 7730.31 7730.31 1 0.87187 60985.1 53171.1 0 0 
2012 1 1 3 0 0 0.176187 0.446916 0.623103 913108 679548 303701 121665 0.0150296 0.0150296 1828.58 1828.58 1 0.94676 13723.6 12993 0 0 
2012 2 1 0 0 0 0.368348 0.0110976 0.379446 3.95519e+007 3.29135e+007 365260 187098 0.00719126 0.00719126 1345.47 1345.47 1 0 284428 0 0 0 
2012 2 1 1 0 0 0.23833 0.346565 0.584894 9.81468e+006 7.43089e+006 2.57528e+006 3.75623e+006 0.00866592 0.00866592 32551.2 32551.2 1 0.409297 85053.3 34812 0 0 
2012 2 1 2 0 0 0.19095 1.10809 1.29904 2.42257e+006 1.35616e+006 1.50275e+006 1.69025e+006 0.011949 0.011949 20196.8 20196.8 1 0.87187 28947.3 25238.3 0 0 
2012 2 1 3 0 0 0.178242 0.958809 1.13705 489679 292518 280469 281071 0.0152363 0.0152363 4282.49 4282.49 1 0.94676 7460.92 7063.7 0 0 
2012 3 1 0 0 0 0.218933 0.0247911 0.243724 2.7063e+007 2.40174e+007 595420 78240.3 0.0039855 0.0039855 311.827 311.827 1 0 107860 0 0 0 
2012 3 1 1 0 0 0.175767 0.148338 0.324105 5.46839e+006 4.67068e+006 692840 463743 0.00692114 0.00692114 3209.63 3209.63 1 0.409297 37847.5 15490.9 0 0 
2012 3 1 2 0 0 0.145276 0.308127 0.453402 660863 531337 163719 86910 0.0112522 0.0112522 977.933 977.933 1 0.87187 7436.19 6483.39 0 0 
2012 3 1 3 0 0 0.145276 0.576452 0.721728 157071 111882 64494.7 30156.6 0.014584 0.014584 439.805 439.805 1 0.94676 2290.74 2168.78 0 0 
2012 4 1 0 0 0 0.291783 0 0.291783 2.12094e+007 1.83954e+007 0 0 0.00472648 0.00472648 0 0 1 0 100246 0 0 0 
2012 4 1 1 0 0 0.225115 0 0.225115 3.9546e+006 3.54108e+006 0 0 0.0087466 0.0087466 0 0 1 0.409297 34589.3 14157.3 0 0 
2012 4 1 2 0 0 0.17962 0 0.17962 419954 384398 0 0 0.011664 0.011664 0 0 1 0.87187 4898.34 4270.71 0 0 
2012 4 1 3 0 0 0.17962 0 0.17962 76322.8 69860.9 0 0 0.013162 0.013162 0 0 1 0.94676 1004.56 951.078 0 0 
2013 1 1 0 0 0 0.39911 0.00100986 0.40012 1.7993e+008 1.4829e+008 149753 10002.5 0.00611047 0.00611047 61.1198 61.1198 1 0 1.09946e+006 0 0 0 
2013 1 1 1 0 0 0.367119 0.237107 0.604226 1.5842e+007 1.18902e+007 2.81925e+006 1.97336e+006 0.0095783 0.0095783 18901.5 18901.5 1 0.409297 151739 62106.3 0 0 
2013 1 1 2 0 0 0.285316 0.39405 0.679366 3.15745e+006 2.29157e+006 902995 411558 0.0120237 0.0120237 4948.47 4948.47 1 0.87187 37964.3 33100 0 0 
2013 1 1 3 0 0 0.149522 0.337937 0.48746 414683 328214 110916 72704.6 0.0150402 0.0150402 1093.49 1093.49 1 0.94676 6236.91 5904.86 0 0 
2013 2 1 0 0 0 0.271071 0.00839146 0.279462 1.20597e+008 1.05211e+008 882877 462029 0.00430684 0.00430684 1989.88 1989.88 1 0 519390 0 0 0 
2013 2 1 1 0 0 0.208518 0.262056 0.470574 8.65759e+006 6.90578e+006 1.8097e+006 2.17697e+006 0.00970972 0.00970972 21137.8 21137.8 1 0.409297 84062.8 34406.6 0 0 
2013 2 1 2 0 0 0.163763 0.837885 1.00165 1.60063e+006 1.0111e+006 847182 745578 0.0124183 0.0124183 9258.79 9258.79 1 0.87187 19877.1 17330.2 0 0 
2013 2 1 3 0 0 0.157688 0.725007 0.882694 254692 169180 122657 144434 0.0155616 0.0155616 2247.62 2247.62 1 0.94676 3963.4 3752.39 0 0 
2013 3 1 0 0 0 0.206458 0.0187459 0.225204 9.11939e+007 8.16546e+007 1.53069e+006 193678 0.0025976 0.0025976 503.1 503.1 1 0 236886 0 0 0 
2013 3 1 1 0 0 0.174999 0.112166 0.287165 5.40791e+006 4.70071e+006 527262 1553.69 0.00510353 0.00510353 7.92932 7.92932 1 0.409297 27599.4 11296.3 0 0 
2013 3 1 2 0 0 0.148285 0.232991 0.381276 587869 488782 113882 2446.72 0.00710195 0.00710195 17.3765 17.3765 1 0.87187 4175.02 3640.07 0 0 
2013 3 1 3 0 0 0.148285 0.435886 0.584172 105357 79794.3 34781.3 4794.06 0.00837077 0.00837077 40.13 40.13 1 0.94676 881.923 834.97 0 0 
2013 4 1 0 0 0 0.269965 0 0.269965 7.28049e+007 6.38053e+007 0 0 0.00218666 0.00218666 0 0 1 0 159200 0 0 0 
2013 4 1 1 0 0 0.220852 0 0.220852 4.05803e+006 3.64116e+006 0 0 0.00944896 0.00944896 0 0 1 0.409297 38344.1 15694.1 0 0 
2013 4 1 2 0 0 0.178284 0 0.178284 401508 367753 0 0 0.0127916 0.0127916 0 0 1 0.87187 5135.92 4477.86 0 0 
2013 4 1 3 0 0 0.178284 0 0.178284 58743.9 53805.2 0 0 0.0152721 0.0152721 0 0 1 0.94676 897.142 849.378 0 0 
2014 1 1 0 0 0 0.366997 0.000695834 0.367693 2.82598e+008 2.36467e+008 164541 2.64087e+006 0.00859201 0.00859201 22690.4 22690.4 1 0 2.42809e+006 0 0 0 
2014 1 1 1 0 0 0.335006 0.163376 0.498382 5.55798e+007 4.37703e+007 7.15103e+006 9.49901e+006 0.00856306 0.00856306 81340.6 81340.6 1 0.409297 475933 194798 0 0 
2014 1 1 2 0 0 0.245037 0.271516 0.516553 3.25387e+006 2.54126e+006 689994 627237 0.0103939 0.0103939 6519.42 6519.42 1 0.87187 33820.3 29486.9 0 0 
2014 1 1 3 0 0 0.139866 0.232852 0.372718 385095 321473 74855.6 105519 0.0168023 0.0168023 1772.95 1772.95 1 0.94676 6470.47 6125.99 0 0 
2014 2 1 0 0 0 0.2574 0.00578204 0.263182 1.95651e+008 1.72023e+008 994643 1.21508e+006 0.0070411 0.0070411 8555.5 8555.5 1 0 1.3776e+006 0 0 0 
2014 2 1 1 0 0 0.198342 0.180567 0.378909 3.37654e+007 2.81053e+007 5.07489e+006 4.04624e+006 0.00792253 0.00792253 32056.5 32056.5 1 0.409297 267507 109490 0 0 
2014 2 1 2 0 0 0.166907 0.577336 0.744243 1.94117e+006 1.36909e+006 790423 323320 0.0115736 0.0115736 3741.99 3741.99 1 0.87187 22466.4 19587.8 0 0 
2014 2 1 3 0 0 0.153553 0.499558 0.653111 265277 194791 97309.5 92685 0.0138705 0.0138705 1285.59 1285.59 1 0.94676 3679.51 3483.62 0 0 
2014 3 1 0 0 0 0.211477 0.0129167 0.224394 1.50378e+008 1.347e+008 1.73988e+006 1.75594e+006 0.00530595 0.00530595 9316.95 9316.95 1 0 797898 0 0 0 
2014 3 1 1 0 0 0.180861 0.0772871 0.258148 2.31161e+007 2.03734e+007 1.5746e+006 2.49688e+006 0.00828295 0.00828295 20681.6 20681.6 1 0.409297 191469 78367.8 0 0 
2014 3 1 2 0 0 0.153405 0.16054 0.313945 922239 791504 127068 177328 0.0115521 0.0115521 2048.51 2048.51 1 0.87187 10653.8 9288.72 0 0 
2014 3 1 3 0 0 0.153405 0.300343 0.453748 138056 110980 33332.1 21685.2 0.0118834 0.0118834 257.693 257.693 1 0.94676 1640.58 1553.23 0 0 
2014 4 1 0 0 0 0.271934 0 0.271934 1.20152e+008 1.05201e+008 0 0 0.00650406 0.00650406 0 0 1 0 781476 0 0 0 
2014 4 1 1 0 0 0.227089 0 0.227089 1.78567e+007 1.59744e+007 0 0 0.00986695 0.00986695 0 0 1 0.409297 176191 72114.6 0 0 
2014 4 1 2 0 0 0.183693 0 0.183693 673750 615490 0 0 0.0101343 0.0101343 0 0 1 0.87187 6827.98 5953.11 0 0 
2014 4 1 3 0 0 0.183693 0 0.183693 87699.4 80115.8 0 0 0.0115319 0.0115319 0 0 1 0.94676 1011.34 957.497 0 0 
2015 1 1 0 0 0  -1 -1 -1 0  -1  -1  -1 0.00859201  -1 -1 -1 -1  -1 0 0 0 0 
2015 1 1 1 0 0  -1 -1 -1 9.15443e+007  -1  -1  -1 0.00856306  -1 -1 -1 -1  -1 783899 320848 0 0 
2015 1 1 2 0 0  -1 -1 -1 1.42291e+007  -1  -1  -1 0.0103939  -1 -1 -1 -1  -1 147896 128946 0 0 
2015 1 1 3 0 0  -1 -1 -1 633671  -1  -1  -1 0.0168023  -1 -1 -1 -1  -1 10647.1 10080.3 0 0 
