Year Quarter Species.n Age M1 M2 M F Z N N.bar C.hat C.obs west weca Yield CWsum prop.landed propmat BIO SSB Lsea ration
1974 1 1 0 0 0 0.482857 0.00102221 0.483879 5.38594e+008 4.26989e+008 436472 0 0.00632446 0.00632446 0 0 1 0 3.40631e+006 0 0 0 
1974 1 1 1 0 0 0.456422 0.206603 0.663025 1.39285e+008 1.01825e+008 2.10374e+007 1.61011e+007 0.00832646 0.00832646 134065 134065 1 0.409297 1.15975e+006 474682 0 0 
1974 1 1 2 0 0 0.401885 0.353947 0.755832 1.08626e+007 7.62244e+006 2.69794e+006 2.15572e+006 0.0135262 0.0135262 29158.7 29158.7 1 0.87187 146929 128103 0 0 
1974 1 1 3 0 0 0.279594 0.312219 0.591813 470788 355332 110942 475613 0.0184048 0.0184048 8753.57 8753.57 1 0.94676 8664.76 8203.46 0 0 
1974 2 1 0 0 0 0.326748 0.00741883 0.334166 3.31982e+008 2.82209e+008 2.09366e+006 1.88415e+006 0.00584713 0.00584713 11016.9 11016.9 1 0 1.94115e+006 0 0 0 
1974 2 1 1 0 0 0.235424 0.221595 0.457019 7.17721e+007 5.76087e+007 1.27658e+007 1.15441e+007 0.00894888 0.00894888 103307 103307 1 0.409297 642280 262883 0 0 
1974 2 1 2 0 0 0.217345 0.751417 0.968762 5.10127e+006 3.26713e+006 2.45497e+006 866399 0.0149823 0.0149823 12980.6 12980.6 1 0.87187 76428.6 66635.7 0 0 
1974 2 1 3 0 0 0.187755 0.712868 0.900622 260498 171718 122412 48228.1 0.0196945 0.0196945 949.829 949.829 1 0.94676 5130.38 4857.24 0 0 
1974 3 1 0 0 0 0.296626 0.015222 0.311848 2.37678e+008 2.04188e+008 3.10816e+006 2.8427e+006 0.0049933 0.0049933 14194.5 14194.5 1 0 1.1868e+006 0 0 0 
1974 3 1 1 0 0 0.27469 0.0887592 0.363449 4.54438e+007 3.81014e+007 3.38185e+006 1.10913e+007 0.00774447 0.00774447 85896.3 85896.3 1 0.409297 351938 144047 0 0 
1974 3 1 2 0 0 0.174943 0.201971 0.376914 1.9362e+006 1.61314e+006 325807 1.33604e+006 0.0150214 0.0150214 20069.1 20069.1 1 0.87187 29084.4 25357.8 0 0 
1974 3 1 3 0 0 0.174943 0.474298 0.649241 105845 77855.5 36926.7 34534.2 0.0196543 0.0196543 678.744 678.744 1 0.94676 2080.3 1969.55 0 0 
1974 4 1 0 0 0 0.444899 0.0093123 0.454211 1.74002e+008 1.39846e+008 1.30229e+006 1.30233e+006 0.0065831 0.0065831 8573.38 8573.38 1 0 1.14547e+006 0 0 0 
1974 4 1 1 0 0 0.409145 0.101497 0.510643 3.15959e+007 2.47431e+007 2.51137e+006 2.51132e+006 0.0106994 0.0106994 26869.5 26869.5 1 0.409297 338057 138366 0 0 
1974 4 1 2 0 0 0.3178 0.372774 0.690573 1.32819e+006 959176 357556 359117 0.0183478 0.0183478 6589.02 6589.02 1 0.87187 24369.3 21246.9 0 0 
1974 4 1 3 0 0 0.3178 0.372774 0.690573 55297.7 39934.4 14886.5 14821.6 0.0163205 0.0163205 241.896 241.896 1 0.94676 902.487 854.439 0 0 
1975 1 1 0 0 0 0.51835 0.00182273 0.520173 7.21915e+008 5.62882e+008 1.02598e+006 250931 0.00483392 0.00483392 1212.98 1212.98 1 0 3.48968e+006 0 0 0 
1975 1 1 1 0 0 0.492266 0.368399 0.860665 1.10482e+008 7.4084e+007 2.72925e+007 2.77235e+007 0.0086133 0.0086133 238791 238791 1 0.409297 951619 389494 0 0 
1975 1 1 2 0 0 0.422257 0.631134 1.05339 1.8961e+007 1.17224e+007 7.39843e+006 1.00526e+007 0.0129155 0.0129155 129834 129834 1 0.87187 244891 213513 0 0 
1975 1 1 3 0 0 0.236604 0.556727 0.793332 693524 478764 266541 260182 0.0171986 0.0171986 4474.76 4474.76 1 0.94676 11927.6 11292.6 0 0 
1975 2 1 0 0 0 0.289484 0.0132287 0.302712 4.29119e+008 3.70255e+008 4.89801e+006 1.17957e+006 0.00754079 0.00754079 8894.86 8894.86 1 0 3.23589e+006 0 0 0 
1975 2 1 1 0 0 0.220191 0.395133 0.615324 4.67209e+007 3.4892e+007 1.37869e+007 1.45419e+007 0.0110761 0.0110761 161067 161067 1 0.409297 517484 211804 0 0 
1975 2 1 2 0 0 0.199951 1.33987 1.53982 6.61272e+006 3.37365e+006 4.52026e+006 4.37841e+006 0.0168117 0.0168117 73608.7 73608.7 1 0.87187 111171 96926.7 0 0 
1975 2 1 3 0 0 0.169448 1.27113 1.44058 313705 166199 211261 166807 0.0216322 0.0216322 3608.4 3608.4 1 0.94676 6786.13 6424.84 0 0 
1975 3 1 0 0 0 0.329164 0.0271429 0.356307 3.17038e+008 2.66707e+008 7.2392e+006 5.24002e+006 0.00480279 0.00480279 25166.8 25166.8 1 0 1.52267e+006 0 0 0 
1975 3 1 1 0 0 0.298634 0.158269 0.456903 2.52511e+007 2.02691e+007 3.20798e+006 4.75588e+006 0.0105762 0.0105762 50299 50299 1 0.409297 267060 109307 0 0 
1975 3 1 2 0 0 0.218145 0.36014 0.578284 1.41789e+006 1.07672e+006 387771 2.20678e+006 0.0154459 0.0154459 34085.8 34085.8 1 0.87187 21900.6 19094.5 0 0 
1975 3 1 3 0 0 0.218145 0.845735 1.06388 74282.2 45725.5 38671.6 66185.8 0.0191701 0.0191701 1268.79 1268.79 1 0.94676 1424 1348.19 0 0 
1975 4 1 0 0 0 0.473564 0 0.473564 2.22008e+008 1.76842e+008 0 0 0.00616806 0.00616806 0 0 1 0 1.36936e+006 0 0 0 
1975 4 1 1 0 0 0.44162 0 0.44162 1.599e+007 1.29264e+007 0 0 0.0116102 0.0116102 0 0 1 0.409297 185647 75984.6 0 0 
1975 4 1 2 0 0 0.422889 0 0.422889 795238 648484 0 0 0.016961 0.016961 0 0 1 0.87187 13488 11759.8 0 0 
1975 4 1 3 0 0 0.422889 0 0.422889 25635.9 20905 0 0 0.0171267 0.0171267 0 0 1 0.94676 439.057 415.682 0 0 
1976 1 1 0 0 0 0.489721 0.00187682 0.491597 3.34905e+008 2.64568e+008 496546 2.14321e+006 0.00487682 0.00487682 10452.1 10452.1 1 0 1.63327e+006 0 0 0 
1976 1 1 1 0 0 0.466338 0.379331 0.845669 1.38262e+008 9.3311e+007 3.53958e+007 4.22098e+007 0.00700833 0.00700833 295820 295820 1 0.409297 968985 396603 0 0 
1976 1 1 2 0 0 0.415041 0.649863 1.0649 1.02815e+007 6.32623e+006 4.11118e+006 2.88865e+006 0.0113282 0.0113282 32723.3 32723.3 1 0.87187 116471 101547 0 0 
1976 1 1 3 0 0 0.290053 0.573248 0.863302 537797 360212 206491 180913 0.0133523 0.0133523 2415.6 2415.6 1 0.94676 7180.83 6798.53 0 0 
1976 2 1 0 0 0 0.317874 0.0136213 0.331495 2.04844e+008 1.74352e+008 2.3749e+006 7.43966e+006 0.00433913 0.00433913 32281.7 32281.7 1 0 888846 0 0 0 
1976 2 1 1 0 0 0.241554 0.406858 0.648412 5.93517e+007 4.36731e+007 1.77688e+007 1.87627e+007 0.00895333 0.00895333 167989 167989 1 0.409297 531396 217499 0 0 
1976 2 1 2 0 0 0.224652 1.37963 1.60429 3.54465e+006 1.76531e+006 2.43548e+006 1.61314e+006 0.0153303 0.0153303 24729.9 24729.9 1 0.87187 54340.7 47378 0 0 
1976 2 1 3 0 0 0.194676 1.30886 1.50353 226825 117318 153553 88603.8 0.0190226 0.0190226 1685.47 1685.47 1 0.94676 4314.8 4085.08 0 0 
1976 3 1 0 0 0 0.364067 0.0279483 0.392015 1.47047e+008 1.21649e+008 3.3999e+006 7.70342e+006 0.00220921 0.00220921 17018.5 17018.5 1 0 324859 0 0 0 
1976 3 1 1 0 0 0.332446 0.162966 0.495412 3.10335e+007 2.44729e+007 3.98825e+006 6.92535e+006 0.0058604 0.0058604 40585.3 40585.3 1 0.409297 181869 74438.4 0 0 
1976 3 1 2 0 0 0.240275 0.370827 0.611102 712593 533187 197720 267638 0.0104328 0.0104328 2792.22 2792.22 1 0.87187 7434.37 6481.8 0 0 
1976 3 1 3 0 0 0.240275 0.870832 1.11111 50433.1 30447.8 26515 8289.41 0.0126397 0.0126397 104.776 104.776 1 0.94676 637.459 603.521 0 0 
1976 4 1 0 0 0 0.48538 0 0.48538 9.9359e+007 7.8716e+007 0 0 0.0033842 0.0033842 0 0 1 0 336251 0 0 0 
1976 4 1 1 0 0 0.443045 0 0.443045 1.89094e+007 1.52763e+007 0 0 0.00569468 0.00569468 0 0 1 0.409297 107683 44074.2 0 0 
1976 4 1 2 0 0 0.420767 0 0.420767 386762 315699 0 0 0.00850104 0.00850104 0 0 1 0.87187 3287.87 2866.6 0 0 
1976 4 1 3 0 0 0.420767 0 0.420767 16602.3 13551.9 0 0 0.0106209 0.0106209 0 0 1 0.94676 176.331 166.944 0 0 
1977 1 1 0 0 0 0.4405 0.0016331 0.442133 6.42453e+008 5.19236e+008 847966 2.69019e+006 0.00536393 0.00536393 14430 14430 1 0 3.44607e+006 0 0 0 
1977 1 1 1 0 0 0.410663 0.330073 0.740736 6.11518e+007 4.31961e+007 1.42579e+007 1.27861e+007 0.0082469 0.0082469 105445 105445 1 0.409297 504313 206414 0 0 
1977 1 1 2 0 0 0.368355 0.565475 0.93383 1.21413e+007 7.89139e+006 4.46238e+006 5.18187e+006 0.0126093 0.0126093 65339.6 65339.6 1 0.87187 153093 133477 0 0 
1977 1 1 3 0 0 0.312123 0.498809 0.810932 264826 181428 90497.8 109712 0.0179676 0.0179676 1971.27 1971.27 1 0.94676 4758.28 4504.95 0 0 
1977 2 1 0 0 0 0.372886 0.0118525 0.384738 4.12881e+008 3.42733e+008 4.06224e+006 2.52008e+006 0.00586997 0.00586997 14792.8 14792.8 1 0 2.4236e+006 0 0 0 
1977 2 1 1 0 0 0.244527 0.354025 0.598553 2.91549e+007 2.19382e+007 7.76669e+006 4.90459e+006 0.0109601 0.0109601 53754.7 53754.7 1 0.409297 319540 130787 0 0 
1977 2 1 2 0 0 0.227433 1.20048 1.42791 4.77208e+006 2.54056e+006 3.04989e+006 3.67915e+006 0.0146457 0.0146457 53883.7 53883.7 1 0.87187 69890.4 60935.3 0 0 
1977 2 1 3 0 0 0.19914 1.13889 1.33803 117700 64886.4 73898.7 67687.9 0.0195727 0.0195727 1324.84 1324.84 1 0.94676 2303.71 2181.06 0 0 
1977 3 1 0 0 0 0.379611 0.0243191 0.40393 2.81019e+008 2.31191e+008 5.62236e+006 1.58572e+007 0.00225275 0.00225275 35722.4 35722.4 1 0 633066 0 0 0 
1977 3 1 1 0 0 0.351334 0.141804 0.493138 1.60237e+007 1.26495e+007 1.79374e+006 1.84347e+006 0.00797474 0.00797474 14701.2 14701.2 1 0.409297 127785 52302.1 0 0 
1977 3 1 2 0 0 0.248324 0.322673 0.570997 1.14439e+006 871899 281338 2.20088e+006 0.0106178 0.0106178 23368.5 23368.5 1 0.87187 12150.9 10594 0 0 
1977 3 1 3 0 0 0.248324 0.757749 1.00607 30879.9 19470.4 14753.7 37835.5 0.0138106 0.0138106 522.532 522.532 1 0.94676 426.471 403.766 0 0 
1977 4 1 0 0 0 0.489556 0 0.489556 1.87634e+008 1.48366e+008 0 0 0.00247276 0.00247276 0 0 1 0 463973 0 0 0 
1977 4 1 1 0 0 0.43967 0 0.43967 9.7858e+006 7.91801e+006 0 0 0.00633335 0.00633335 0 0 1 0.409297 61977 25367 0 0 
1977 4 1 2 0 0 0.431873 0 0.431873 646535 525027 0 0 0.00825311 0.00825311 0 0 1 0.87187 5335.92 4652.23 0 0 
1977 4 1 3 0 0 0.431873 0 0.431873 11291.3 9169.25 0 0 0.0121792 0.0121792 0 0 1 0.94676 137.52 130.198 0 0 
1978 1 1 0 0 0 0.411115 0.00109573 0.412211 1.04729e+009 8.58277e+008 940443 454090 0.00380169 0.00380169 1726.31 1726.31 1 0 3.98148e+006 0 0 0 
1978 1 1 1 0 0 0.397839 0.221463 0.619302 1.15e+008 8.5731e+007 1.89863e+007 3.21845e+007 0.00686812 0.00686812 221047 221047 1 0.409297 789836 323278 0 0 
1978 1 1 2 0 0 0.384897 0.379406 0.764304 6.30449e+006 4.40761e+006 1.67228e+006 427473 0.0121643 0.0121643 5199.92 5199.92 1 0.87187 76689.8 66863.5 0 0 
1978 1 1 3 0 0 0.329772 0.334677 0.664449 427121 312053 104437 96434.7 0.0146079 0.0146079 1408.7 1408.7 1 0.94676 6239.33 5907.15 0 0 
1978 2 1 0 0 0 0.347257 0.00795246 0.35521 6.935e+008 5.83706e+008 4.6419e+006 5.51766e+006 0.00438632 0.00438632 24202.3 24202.3 1 0 3.04192e+006 0 0 0 
1978 2 1 1 0 0 0.230318 0.237534 0.467852 6.1907e+007 4.94426e+007 1.17443e+007 1.0345e+007 0.0103184 0.0103184 106744 106744 1 0.409297 638782 261451 0 0 
1978 2 1 2 0 0 0.218406 0.805465 1.02387 2.93574e+006 1.83736e+006 1.47993e+006 1.20958e+006 0.0155213 0.0155213 18774.4 18774.4 1 0.87187 45566.6 39728.1 0 0 
1978 2 1 3 0 0 0.192224 0.764143 0.956367 219778 141494 108122 116695 0.0196403 0.0196403 2291.94 2291.94 1 0.94676 4316.52 4086.71 0 0 
1978 3 1 0 0 0 0.381769 0.0163169 0.398086 4.86162e+008 4.01053e+008 6.54395e+006 6.15461e+006 0.00309097 0.00309097 19023.7 19023.7 1 0 1.50271e+006 0 0 0 
1978 3 1 1 0 0 0.356481 0.0951435 0.451624 3.87752e+007 3.12011e+007 2.96858e+006 4.97357e+006 0.0088622 0.0088622 44076.8 44076.8 1 0.409297 343634 140648 0 0 
1978 3 1 2 0 0 0.207538 0.216498 0.424036 1.05452e+006 859462 186072 1.11904e+006 0.0123428 0.0123428 13812.2 13812.2 1 0.87187 13015.8 11348.1 0 0 
1978 3 1 3 0 0 0.207538 0.508414 0.715951 84457.8 60312.8 30663.8 29941.3 0.0166014 0.0166014 497.066 497.066 1 0.94676 1402.11 1327.47 0 0 
1978 4 1 0 0 0 0.444771 0 0.444771 3.26508e+008 2.63565e+008 0 0 0.00195119 0.00195119 0 0 1 0 637078 0 0 0 
1978 4 1 1 0 0 0.396387 0 0.396387 2.46841e+007 2.03789e+007 0 0 0.00518089 0.00518089 0 0 1 0.409297 127885 52343.1 0 0 
1978 4 1 2 0 0 0.3741 0 0.3741 690080 575698 0 0 0.00870696 0.00870696 0 0 1 0.87187 6008.5 5238.63 0 0 
1978 4 1 3 0 0 0.3741 0 0.3741 41276.8 34435.1 0 0 0.00938547 0.00938547 0 0 1 0.94676 387.402 366.777 0 0 
1979 1 1 0 0 0 0.436154 0.0007221 0.436876 5.32662e+008 4.31553e+008 311624 3.57939e+006 0.00497197 0.00497197 17796.6 17796.6 1 0 2.64838e+006 0 0 0 
1979 1 1 1 0 0 0.423949 0.145947 0.569896 2.09282e+008 1.5953e+008 2.32829e+007 3.68668e+007 0.00581055 0.00581055 214216 214216 1 0.409297 1.21605e+006 497724 0 0 
1979 1 1 2 0 0 0.418712 0.250033 0.668745 1.66061e+007 1.21092e+007 3.02769e+006 644042 0.00871421 0.00871421 5612.32 5612.32 1 0.87187 144709 126168 0 0 
1979 1 1 3 0 0 0.404555 0.220556 0.62511 503107 374082 82506 117139 0.0112681 0.0112681 1319.93 1319.93 1 0.94676 5669.05 5367.24 0 0 
1979 2 1 0 0 0 0.416075 0.00524075 0.421315 3.44127e+008 2.80827e+008 1.47174e+006 1.05292e+006 0.00565412 0.00565412 5953.34 5953.34 1 0 1.94574e+006 0 0 0 
1979 2 1 1 0 0 0.252009 0.156537 0.408546 1.18367e+008 9.71698e+007 1.52107e+007 1.13559e+007 0.010481 0.010481 119021 119021 1 0.409297 1.2406e+006 507773 0 0 
1979 2 1 2 0 0 0.245079 0.53081 0.775889 8.50816e+006 5.91824e+006 3.14146e+006 2.15226e+006 0.0149946 0.0149946 32272.4 32272.4 1 0.87187 127577 111230 0 0 
1979 2 1 3 0 0 0.22659 0.503578 0.730169 269264 191086 96226.8 63386.1 0.0173026 0.0173026 1096.75 1096.75 1 0.94676 4658.97 4410.93 0 0 
1979 3 1 0 0 0 0.393302 0.010753 0.404055 2.2581e+008 1.85761e+008 1.9975e+006 3.88278e+006 0.0032166 0.0032166 12489.4 12489.4 1 0 726342 0 0 0 
1979 3 1 1 0 0 0.366066 0.0627006 0.428767 7.86684e+007 6.39759e+007 4.01133e+006 6.39926e+006 0.0076793 0.0076793 49141.8 49141.8 1 0.409297 604118 247264 0 0 
1979 3 1 2 0 0 0.231547 0.142674 0.374221 3.91626e+006 3.26694e+006 466109 332781 0.0128909 0.0128909 4289.83 4289.83 1 0.87187 50483.9 44015.4 0 0 
1979 3 1 3 0 0 0.231547 0.33505 0.566597 129739 99044.1 33184.7 25963.8 0.0164776 0.0164776 427.82 427.82 1 0.94676 2137.78 2023.97 0 0 
1979 4 1 0 0 0 0.444375 0 0.444375 1.50753e+008 1.21713e+008 0 0 0.00285703 0.00285703 0 0 1 0 430705 0 0 0 
1979 4 1 1 0 0 0.38935 0 0.38935 5.12377e+007 4.24407e+007 0 0 0.0105863 0.0105863 0 0 1 0.409297 542416 222009 0 0 
1979 4 1 2 0 0 0.376957 0 0.376957 2.6937e+006 2.2442e+006 0 0 0.0121166 0.0121166 0 0 1 0.87187 32638.5 28456.5 0 0 
1979 4 1 3 0 0 0.376957 0 0.376957 73620.7 61335.7 0 0 0.0153221 0.0153221 0 0 1 0.94676 1128.02 1067.97 0 0 
1980 1 1 0 0 0 0.470002 0.00242337 0.472425 3.28377e+008 2.61709e+008 634217 0 0.00632446 0.00632446 0 0 1 0 2.07681e+006 0 0 0 
1980 1 1 1 0 0 0.463561 0.489797 0.953357 9.66663e+007 6.23133e+007 3.05208e+007 1.42376e+007 0.00519841 0.00519841 74012.7 74012.7 1 0.409297 502512 205676 0 0 
1980 1 1 2 0 0 0.443658 0.83911 1.28277 3.47134e+007 1.95581e+007 1.64114e+007 1.74214e+007 0.00682428 0.00682428 118888 118888 1 0.87187 236894 206540 0 0 
1980 1 1 3 0 0 0.415235 0.740184 1.15542 1.89823e+006 1.1255e+006 833081 1.48107e+006 0.00832205 0.00832205 12325.5 12325.5 1 0.94676 15797.2 14956.1 0 0 
1980 2 1 0 0 0 0.447383 0.017588 0.464971 2.0474e+008 1.63734e+008 2.87975e+006 0 0.00510473 0.00510473 0 0 1 0 1.04514e+006 0 0 0 
1980 2 1 1 0 0 0.261263 0.52534 0.786603 3.72595e+007 2.57969e+007 1.35522e+007 9.41516e+006 0.0051586 0.0051586 48569.1 48569.1 1 0.409297 192207 78669.8 0 0 
1980 2 1 2 0 0 0.256933 1.7814 2.03833 9.62494e+006 4.10695e+006 7.31611e+006 1.15206e+007 0.0068616 0.0068616 79049.6 79049.6 1 0.87187 66042.5 57580.4 0 0 
1980 2 1 3 0 0 0.22984 1.69001 1.91985 597801 265722 449072 979415 0.00826773 0.00826773 8097.54 8097.54 1 0.94676 4942.46 4679.32 0 0 
1980 3 1 0 0 0 0.38776 0.0360872 0.423847 1.28608e+008 1.04828e+008 3.78294e+006 2.53606e+006 0.00318667 0.00318667 8081.58 8081.58 1 0 409831 0 0 0 
1980 3 1 1 0 0 0.355084 0.210423 0.565507 1.69676e+007 1.29597e+007 2.72701e+006 3.86661e+006 0.00857794 0.00857794 33167.6 33167.6 1 0.409297 145547 59571.9 0 0 
1980 3 1 2 0 0 0.232378 0.478815 0.711193 1.25361e+006 897104 429547 389674 0.0130762 0.0130762 5095.48 5095.48 1 0.87187 16392.5 14292.1 0 0 
1980 3 1 3 0 0 0.232378 1.12443 1.35681 87655 47969.6 53938.4 8724.47 0.0168243 0.0168243 146.783 146.783 1 0.94676 1474.74 1396.22 0 0 
1980 4 1 0 0 0 0.418981 0 0.418981 8.41769e+007 6.87677e+007 0 0 0.00457565 0.00457565 0 0 1 0 385164 0 0 0 
1980 4 1 1 0 0 0.372197 0 0.372197 9.63882e+006 8.04833e+006 0 0 0.00731047 0.00731047 0 0 1 0.409297 70464.3 28840.8 0 0 
1980 4 1 2 0 0 0.336392 0 0.336392 615594 522750 0 0 0.0105055 0.0105055 0 0 1 0.87187 6467.14 5638.5 0 0 
1980 4 1 3 0 0 0.336392 0 0.336392 22569.6 19165.6 0 0 0.0100528 0.0100528 0 0 1 0.94676 226.888 214.809 0 0 
1981 1 1 0 0 0 0.500673 0.00120828 0.501882 9.72872e+007 7.64931e+007 92425.2 428776 0.00375646 0.00375646 1610.68 1610.68 1 0 365456 0 0 0 
1981 1 1 1 0 0 0.485668 0.244211 0.729879 5.53645e+007 3.92951e+007 9.59628e+006 1.23224e+007 0.00985436 0.00985436 121430 121430 1 0.409297 545582 223305 0 0 
1981 1 1 2 0 0 0.447571 0.418377 0.865949 6.64325e+006 4.44455e+006 1.8595e+006 1.48324e+006 0.0128668 0.0128668 19084.5 19084.5 1 0.87187 85477.2 74525 0 0 
1981 1 1 3 0 0 0.360278 0.369053 0.729332 455868 323631 119437 130805 0.0156399 0.0156399 2045.78 2045.78 1 0.94676 7129.74 6750.16 0 0 
1981 2 1 0 0 0 0.409368 0.0087693 0.418137 5.88968e+007 4.81341e+007 422103 40632.1 0.00816463 0.00816463 331.746 331.746 1 0 480870 0 0 0 
1981 2 1 1 0 0 0.271108 0.261933 0.533041 2.66839e+007 2.06838e+007 5.41776e+006 3.54074e+006 0.0125949 0.0125949 44595.3 44595.3 1 0.409297 336081 137557 0 0 
1981 2 1 2 0 0 0.26707 0.888199 1.15527 2.7945e+006 1.65702e+006 1.47177e+006 3.02529e+006 0.0152894 0.0152894 46255 46255 1 0.87187 42726.3 37251.8 0 0 
1981 2 1 3 0 0 0.231668 0.842633 1.0743 219834 134741 113537 202048 0.0193529 0.0193529 3910.21 3910.21 1 0.94676 4254.42 4027.92 0 0 
1981 3 1 0 0 0 0.360579 0.017993 0.378572 3.87701e+007 3.22761e+007 580742 374254 0.00488917 0.00488917 1829.79 1829.79 1 0 189554 0 0 0 
1981 3 1 1 0 0 0.313672 0.104916 0.418588 1.56586e+007 1.27945e+007 1.34235e+006 3.85406e+006 0.00889068 0.00889068 34265.2 34265.2 1 0.409297 139215 56980.4 0 0 
1981 3 1 2 0 0 0.222216 0.238736 0.460952 880191 705213 168360 319763 0.0157395 0.0157395 5032.91 5032.91 1 0.87187 13853.8 12078.7 0 0 
1981 3 1 3 0 0 0.222216 0.560636 0.782852 75081.3 52068.1 29191.2 9835.42 0.0193956 0.0193956 190.763 190.763 1 0.94676 1456.24 1378.71 0 0 
1981 4 1 0 0 0 0.376388 0 0.376388 2.65512e+007 2.21265e+007 0 0 0.00601838 0.00601838 0 0 1 0 159795 0 0 0 
1981 4 1 1 0 0 0.330268 0 0.330268 1.0303e+007 8.77439e+006 0 0 0.013925 0.013925 0 0 1 0.409297 143469 58721.5 0 0 
1981 4 1 2 0 0 0.266924 0 0.266924 555121 487208 0 0 0.0190605 0.0190605 0 0 1 0.87187 10580.9 9225.16 0 0 
1981 4 1 3 0 0 0.266924 0 0.266924 34319.7 30121 0 0 0.0191565 0.0191565 0 0 1 0.94676 657.447 622.444 0 0 
1982 1 1 0 0 0 0.51054 0.00111504 0.511655 5.00257e+007 3.91576e+007 43662.1 545769 0.00845196 0.00845196 4612.82 4612.82 1 0 422815 0 0 0 
1982 1 1 1 0 0 0.43122 0.225365 0.656584 1.82231e+007 1.33604e+007 3.01096e+006 6.35051e+006 0.00886512 0.00886512 56298 56298 1 0.409297 161550 66121.8 0 0 
1982 1 1 2 0 0 0.377283 0.38609 0.763373 7.40505e+006 5.17915e+006 1.99962e+006 601581 0.0170799 0.0170799 10274.9 10274.9 1 0.87187 126478 110272 0 0 
1982 1 1 3 0 0 0.245164 0.340573 0.585737 451353 341599 116339 64879.1 0.0155033 0.0155033 1005.84 1005.84 1 0.94676 6997.46 6624.92 0 0 
1982 2 1 0 0 0 0.331179 0.00809255 0.339272 2.99905e+007 2.54328e+007 205816 818525 0.00706761 0.00706761 5785.01 5785.01 1 0 211961 0 0 0 
1982 2 1 1 0 0 0.2305 0.241719 0.472219 9.45084e+006 7.53281e+006 1.82082e+006 5.02108e+006 0.0109848 0.0109848 55155.7 55155.7 1 0.409297 103816 42491.5 0 0 
1982 2 1 2 0 0 0.216607 0.819655 1.03626 3.45143e+006 2.14901e+006 1.76145e+006 1.07096e+006 0.0159531 0.0159531 17085.1 17085.1 1 0.87187 55061 48006 0 0 
1982 2 1 3 0 0 0.177491 0.777605 0.955096 251266 161853 125858 55333.3 0.0219233 0.0219233 1213.09 1213.09 1 0.94676 5508.59 5215.31 0 0 
1982 3 1 0 0 0 0.305202 0.0166044 0.321806 2.13619e+007 1.82656e+007 303289 2.53067e+006 0.00288184 0.00288184 7292.99 7292.99 1 0 61561.6 0 0 0 
1982 3 1 1 0 0 0.23122 0.0968196 0.328039 5.89371e+006 5.0246e+006 486480 401839 0.00754327 0.00754327 3031.18 3031.18 1 0.409297 44457.8 18196.5 0 0 
1982 3 1 2 0 0 0.181968 0.220312 0.40228 1.22449e+006 1.00815e+006 222109 46913.2 0.0115244 0.0115244 540.647 540.647 1 0.87187 14111.6 12303.5 0 0 
1982 3 1 3 0 0 0.181968 0.51737 0.699338 96681.1 69549.9 35983 3525.28 0.0174052 0.0174052 61.3581 61.3581 1 0.94676 1682.75 1593.16 0 0 
1982 4 1 0 0 0 0.317977 0 0.317977 1.5484e+007 1.32636e+007 0 0 0.00442351 0.00442351 0 0 1 0 68493.4 0 0 0 
1982 4 1 1 0 0 0.276865 0 0.276865 4.24544e+006 3.70842e+006 0 0 0.0078101 0.0078101 0 0 1 0.409297 33157.3 13571.2 0 0 
1982 4 1 2 0 0 0.205364 0 0.205364 818933 740316 0 0 0.0113901 0.0113901 0 0 1 0.87187 9327.77 8132.6 0 0 
1982 4 1 3 0 0 0.205364 0 0.205364 48042.2 43430.2 0 0 0.0159837 0.0159837 0 0 1 0.94676 767.892 727.01 0 0 
1983 1 1 0 0 0 0.53243 0.0018568 0.534286 6.97275e+007 5.4018e+007 100301 5.61373e+006 0.00443297 0.00443297 24885.5 24885.5 1 0 309100 0 0 0 
1983 1 1 1 0 0 0.428794 0.375285 0.804079 1.12664e+007 7.74141e+006 2.90524e+006 2.81924e+006 0.00917471 0.00917471 25865.7 25865.7 1 0.409297 103366 42307.4 0 0 
1983 1 1 2 0 0 0.348733 0.642932 0.991664 3.21871e+006 2.04172e+006 1.31269e+006 969599 0.0128073 0.0128073 12417.9 12417.9 1 0.87187 41222.9 35941 0 0 
1983 1 1 3 0 0 0.224112 0.567134 0.791247 706022 487834 276667 155653 0.0152356 0.0152356 2371.46 2371.46 1 0.94676 10756.6 10184 0 0 
1983 2 1 0 0 0 0.336244 0.013476 0.34972 4.08664e+007 3.44855e+007 464727 2.37576e+006 0.00420334 0.00420334 9986.14 9986.14 1 0 171775 0 0 0 
1983 2 1 1 0 0 0.235145 0.402519 0.637663 5.04173e+006 3.72774e+006 1.50048e+006 1.33433e+006 0.01236 0.01236 16492.4 16492.4 1 0.409297 62315.7 25505.6 0 0 
1983 2 1 2 0 0 0.217321 1.36492 1.58224 1.19401e+006 599544 818329 588678 0.01689 0.01689 9942.79 9942.79 1 0.87187 20166.9 17582.9 0 0 
1983 2 1 3 0 0 0.1939 1.2949 1.4888 320025 166452 215538 91111.6 0.0210913 0.0210913 1921.67 1921.67 1 0.94676 6749.77 6390.41 0 0 
1983 3 1 0 0 0 0.296155 0.0276503 0.323805 2.88061e+007 2.46075e+007 680403 1.69772e+006 0.00344365 0.00344365 5846.34 5846.34 1 0 99198.2 0 0 0 
1983 3 1 1 0 0 0.206617 0.161228 0.367844 2.66468e+006 2.22954e+006 359463 596857 0.00935431 0.00935431 5583.18 5583.18 1 0.409297 24926.3 10202.2 0 0 
1983 3 1 2 0 0 0.173074 0.366872 0.539945 245386 189611 69563 7271.29 0.0174368 0.0174368 126.788 126.788 1 0.87187 4278.75 3730.51 0 0 
1983 3 1 3 0 0 0.173074 0.861544 1.03462 72211.8 44992.9 38763.4 0 0.0163373 0.0163373 0 0 1 0.94676 1179.75 1116.94 0 0 
1983 4 1 0 0 0 0.312254 0 0.312254 2.08381e+007 1.78985e+007 0 0 0.00377935 0.00377935 0 0 1 0 78754.5 0 0 0 
1983 4 1 1 0 0 0.25944 0 0.25944 1.84456e+006 1.6247e+006 0 0 0.00930023 0.00930023 0 0 1 0.409297 17154.8 7021.41 0 0 
1983 4 1 2 0 0 0.168333 0 0.168333 143006 131617 0 0 0.0126994 0.0126994 0 0 1 0.87187 1816.09 1583.39 0 0 
1983 4 1 3 0 0 0.168333 0 0.168333 25661.4 23617.8 0 0 0.0156097 0.0156097 0 0 1 0.94676 400.566 379.24 0 0 
1984 1 1 0 0 0 0.53859 0.00107563 0.539665 3.34861e+007 2.58783e+007 27835.5 954757 0.00595454 0.00595454 5685.14 5685.14 1 0 199395 0 0 0 
1984 1 1 1 0 0 0.425435 0.2174 0.642835 1.52492e+007 1.12489e+007 2.44551e+006 6.47502e+006 0.0080944 0.0080944 52411.4 52411.4 1 0.409297 123433 50520.9 0 0 
1984 1 1 2 0 0 0.287161 0.372445 0.659606 1.42305e+006 1.04192e+006 388057 417235 0.0120642 0.0120642 5033.62 5033.62 1 0.87187 17168 14968.2 0 0 
1984 1 1 3 0 0 0.182288 0.328537 0.510825 142536 111612 36668.7 2532.43 0.016602 0.016602 42.0433 42.0433 1 0.94676 2366.38 2240.39 0 0 
1984 2 1 0 0 0 0.396569 0.00780655 0.404375 1.95205e+007 1.6056e+007 125342 521866 0.00529211 0.00529211 2761.77 2761.77 1 0 103305 0 0 0 
1984 2 1 1 0 0 0.235566 0.233176 0.468742 8.01805e+006 6.40105e+006 1.49257e+006 2.53535e+006 0.0122226 0.0122226 30988.5 30988.5 1 0.409297 98001.1 40111.6 0 0 
1984 2 1 2 0 0 0.209038 0.790687 0.999725 735794 465164 367799 247654 0.0167966 0.0167966 4159.76 4159.76 1 0.87187 12358.9 10775.3 0 0 
1984 2 1 3 0 0 0.189295 0.750123 0.939418 85521.7 55454.6 41597.8 4803.46 0.0163992 0.0163992 78.773 78.773 1 0.94676 1402.49 1327.82 0 0 
1984 3 1 0 0 0 0.308912 0.0160176 0.324929 1.30279e+007 1.11231e+007 178165 405095 0.00929202 0.00929202 3764.15 3764.15 1 0 121055 0 0 0 
1984 3 1 1 0 0 0.238539 0.0933979 0.331937 5.01761e+006 4.26982e+006 398792 612407 0.013534 0.013534 8288.33 8288.33 1 0.409297 67908.4 27794.7 0 0 
1984 3 1 2 0 0 0.177459 0.212526 0.389985 270758 224205 47649.4 10648.2 0.019686 0.019686 209.62 209.62 1 0.87187 5330.15 4647.2 0 0 
1984 3 1 3 0 0 0.177459 0.499086 0.676544 33426.6 24290.3 12123 1053.12 0.019686 0.019686 20.7317 20.7317 1 0.94676 658.037 623.003 0 0 
1984 4 1 0 0 0 0.321415 0 0.321415 9.41366e+006 8.05067e+006 0 0 0.00929202 0.00929202 0 0 1 0 87471.9 0 0 0 
1984 4 1 1 0 0 0.274209 0 0.274209 3.6003e+006 3.14887e+006 0 0 0.013534 0.013534 0 0 1 0.409297 48726.5 19943.6 0 0 
1984 4 1 2 0 0 0.197272 0 0.197272 183321 166372 0 0 0.019686 0.019686 0 0 1 0.87187 3608.87 3146.46 0 0 
1984 4 1 3 0 0 0.197272 0 0.197272 16993.1 15422 0 0 0.019686 0.019686 0 0 1 0.94676 334.527 316.717 0 0 
1985 1 1 0 0 0 0.549244 0.0014415 0.550685 2.25949e+007 1.73742e+007 25044.9 0 0.00632446 0.00632446 0 0 1 0 142900 0 0 0 
1985 1 1 1 0 0 0.501502 0.291348 0.792849 6.82606e+006 4.71325e+006 1.37319e+006 1.30446e+006 0.00929202 0.00929202 12121 12121 1 0.409297 63427.8 25960.8 0 0 
1985 1 1 2 0 0 0.373237 0.499131 0.872368 2.73685e+006 1.82601e+006 911419 1.97203e+006 0.013534 0.013534 26689.5 26689.5 1 0.87187 37040.6 32294.6 0 0 
1985 1 1 3 0 0 0.198035 0.440287 0.638321 164452 121556 53519.6 37679.6 0.019686 0.019686 741.762 741.762 1 0.94676 3237.4 3065.04 0 0 
1985 2 1 0 0 0 0.482153 0.0104619 0.492615 1.30272e+007 1.02864e+007 107615 0 0.00510473 0.00510473 0 0 1 0 66500.3 0 0 0 
1985 2 1 1 0 0 0.276913 0.31249 0.589402 3.08916e+006 2.33411e+006 729385 576004 0.00929202 0.00929202 5352.24 5352.24 1 0.409297 28704.5 11748.7 0 0 
1985 2 1 2 0 0 0.251065 1.05964 1.3107 1.1439e+006 637419 675432 870780 0.013534 0.013534 11785.2 11785.2 1 0.87187 15481.5 13497.9 0 0 
1985 2 1 3 0 0 0.209864 1.00527 1.21514 86859.8 50275.1 50540.3 16638 0.019686 0.019686 327.537 327.537 1 0.94676 1709.93 1618.89 0 0 
1985 3 1 0 0 0 0.322624 0.0214659 0.34409 7.95995e+006 6.73492e+006 144571 84760.3 0.007258 0.007258 615.19 615.19 1 0 57773.3 0 0 0 
1985 3 1 1 0 0 0.248811 0.125167 0.373978 1.71343e+006 1.4295e+006 178926 215856 0.00988 0.00988 2132.66 2132.66 1 0.409297 16928.6 6928.84 0 0 
1985 3 1 2 0 0 0.177544 0.284816 0.462359 308430 246955 70336.7 150819 0.016584 0.016584 2501.18 2501.18 1 0.87187 5115 4459.61 0 0 
1985 3 1 3 0 0 0.177544 0.668847 0.846391 25768.6 17385.5 11628.2 14916.2 0.016584 0.016584 247.37 247.37 1 0.94676 427.346 404.595 0 0 
1985 4 1 0 0 0 0.318305 0 0.318305 5.64253e+006 4.83267e+006 0 0 0.007258 0.007258 0 0 1 0 40953.5 0 0 0 
1985 4 1 1 0 0 0.269351 0 0.269351 1.17882e+006 1.03341e+006 0 0 0.00988 0.00988 0 0 1 0.409297 11646.8 4766.99 0 0 
1985 4 1 2 0 0 0.16503 0 0.16503 194248 179066 0 0 0.016584 0.016584 0 0 1 0.87187 3221.41 2808.65 0 0 
1985 4 1 3 0 0 0.16503 0 0.16503 11053.7 10189.8 0 0 0.016584 0.016584 0 0 1 0.94676 183.315 173.555 0 0 
1986 1 1 0 0 0 0.5898 0.00120839 0.591008 8.14872e+007 6.15256e+007 74346.8 0 0.00632446 0.00632446 0 0 1 0 515362 0 0 0 
1986 1 1 1 0 0 0.533601 0.244232 0.777833 4.10427e+006 2.8525e+006 696672 177780 0.007258 0.007258 1290.32 1290.32 1 0.409297 29788.8 12192.5 0 0 
1986 1 1 2 0 0 0.42158 0.418414 0.839994 900474 609204 254899 452745 0.00988 0.00988 4473.12 4473.12 1 0.87187 8896.68 7756.75 0 0 
1986 1 1 3 0 0 0.254299 0.369085 0.623384 174069 129528 47806.9 347620 0.016584 0.016584 5764.93 5764.93 1 0.94676 2886.75 2733.06 0 0 
1986 2 1 0 0 0 0.452236 0.00877006 0.461006 4.51251e+007 3.61535e+007 317068 0 0.00510473 0.00510473 0 0 1 0 230351 0 0 0 
1986 2 1 1 0 0 0.313072 0.261955 0.575027 1.8855e+006 1.43393e+006 375626 156913 0.007258 0.007258 1138.87 1138.87 1 0.409297 13685 5601.22 0 0 
1986 2 1 2 0 0 0.287734 0.888276 1.17601 388747 228583 203044 399604 0.00988 0.00988 3948.09 3948.09 1 0.87187 3840.81 3348.69 0 0 
1986 2 1 3 0 0 0.227313 0.842706 1.07002 93323 57300.9 48287.8 306818 0.016584 0.016584 5088.27 5088.27 1 0.94676 1547.67 1465.27 0 0 
1986 3 1 0 0 0 0.345933 0.0179945 0.363928 2.84581e+007 2.38547e+007 429253 580936 0.00832891 0.00832891 4838.57 4838.57 1 0 237025 0 0 0 
1986 3 1 1 0 0 0.258365 0.104925 0.363291 1.06095e+006 889600 93341.5 58709.5 0.0163639 0.0163639 960.714 960.714 1 0.409297 17361.3 7105.93 0 0 
1986 3 1 2 0 0 0.187763 0.238756 0.42652 119931 97634.1 23310.8 740.107 0.0227716 0.0227716 16.8534 16.8534 1 0.87187 2731.02 2381.09 0 0 
1986 3 1 3 0 0 0.187763 0.560684 0.748448 32010 22534.7 12634.9 0 0.0163373 0.0163373 0 0 1 0.94676 522.957 495.115 0 0 
1986 4 1 0 0 0 0.335175 0 0.335175 1.97767e+007 1.68036e+007 0 0 0.00841202 0.00841202 0 0 1 0 166362 0 0 0 
1986 4 1 1 0 0 0.284427 0 0.284427 737771 642128 0 0 0.0155669 0.0155669 0 0 1 0.409297 11484.8 4700.69 0 0 
1986 4 1 2 0 0 0.169298 0 0.169298 78288.3 72020 0 0 0.0207592 0.0207592 0 0 1 0.87187 1625.2 1416.96 0 0 
1986 4 1 3 0 0 0.169298 0 0.169298 15143.9 13931.4 0 0 0.0156097 0.0156097 0 0 1 0.94676 236.392 223.807 0 0 
1987 1 1 0 0 0 0.595969 0.000414329 0.596384 4.05708e+007 3.05582e+007 12661.1 2235.66 0.00660364 0.00660364 14.7635 14.7635 1 0 267915 0 0 0 
1987 1 1 1 0 0 0.48392 0.0837418 0.567661 1.41445e+007 1.07929e+007 903817 2.25059e+006 0.00861372 0.00861372 19385.9 19385.9 1 0.409297 121837 49867.5 0 0 
1987 1 1 2 0 0 0.442989 0.143465 0.586454 555132 420006 60256.1 128512 0.0117123 0.0117123 1505.18 1505.18 1 0.87187 6501.89 5668.8 0 0 
1987 1 1 3 0 0 0.256327 0.126551 0.382878 78880.9 65536 8293.67 2524.94 0.0153219 0.0153219 38.687 38.687 1 0.94676 1208.61 1144.26 0 0 
1987 2 1 0 0 0 0.470381 0.00300706 0.473388 2.23464e+007 1.78016e+007 53530.6 49450.8 0.00603803 0.00603803 298.585 298.585 1 0 134928 0 0 0 
1987 2 1 1 0 0 0.315341 0.0898187 0.40516 8.01783e+006 6.5924e+006 592121 1.79026e+006 0.00931837 0.00931837 16682.3 16682.3 1 0.409297 74713 30579.8 0 0 
1987 2 1 2 0 0 0.299159 0.30457 0.603729 308818 231836 70610.3 267597 0.0112405 0.0112405 3007.92 3007.92 1 0.87187 3471.26 3026.49 0 0 
1987 2 1 3 0 0 0.231661 0.288945 0.520607 53788.5 41931 12115.8 977.552 0.0165147 0.0165147 16.1439 16.1439 1 0.94676 888.299 841.007 0 0 
1987 3 1 0 0 0 0.356337 0.00616992 0.362507 1.39193e+007 1.16755e+007 72036.9 209788 0.00638262 0.00638262 1339 1339 1 0 88841.6 0 0 0 
1987 3 1 1 0 0 0.21664 0.0359766 0.252616 5.34685e+006 4.72495e+006 169988 826994 0.01254 0.01254 10370.5 10370.5 1 0.409297 67049.3 27443.1 0 0 
1987 3 1 2 0 0 0.190032 0.0818643 0.271897 168852 147843 12103.1 34626.1 0.0174503 0.0174503 604.236 604.236 1 0.87187 2946.52 2568.98 0 0 
1987 3 1 3 0 0 0.190032 0.192246 0.382279 31959 26559.7 5106.01 32980.3 0.020568 0.020568 678.338 678.338 1 0.94676 657.332 622.336 0 0 
1987 4 1 0 0 0 0.33788 0 0.33788 9.68685e+006 8.22009e+006 0 0 0.0067756 0.0067756 0 0 1 0 65634.2 0 0 0 
1987 4 1 1 0 0 0.281015 0 0.281015 4.15325e+006 3.62072e+006 0 0 0.0125386 0.0125386 0 0 1 0.409297 52076 21314.5 0 0 
1987 4 1 2 0 0 0.184638 0 0.184638 128654 117475 0 0 0.0167208 0.0167208 0 0 1 0.87187 2151.2 1875.57 0 0 
1987 4 1 3 0 0 0.184638 0 0.184638 21805.8 19911.1 0 0 0.0188683 0.0188683 0 0 1 0.94676 411.437 389.532 0 0 
1988 1 1 0 0 0 0.621511 0.00145499 0.622966 6.25104e+007 4.6524e+007 67692.1 4.08294e+006 0.00422568 0.00422568 17253.2 17253.2 1 0 264149 0 0 0 
1988 1 1 1 0 0 0.501738 0.294075 0.795812 6.90944e+006 4.76469e+006 1.40118e+006 2.09691e+006 0.00879222 0.00879222 18436.5 18436.5 1 0.409297 60749.3 24864.5 0 0 
1988 1 1 2 0 0 0.455183 0.503803 0.958986 3.13578e+006 2.0166e+006 1.01597e+006 2.83005e+006 0.011528 0.011528 32624.8 32624.8 1 0.87187 36149.1 31517.3 0 0 
1988 1 1 3 0 0 0.258401 0.444408 0.702809 125093 89850.7 39930.4 42363.6 0.0138178 0.0138178 585.374 585.374 1 0.94676 1728.51 1636.49 0 0 
1988 2 1 0 0 0 0.492799 0.0105598 0.503359 3.35275e+007 2.63435e+007 278183 1.16396e+006 0.00462467 0.00462467 5382.95 5382.95 1 0 155054 0 0 0 
1988 2 1 1 0 0 0.341759 0.315415 0.657174 3.11764e+006 2.28512e+006 720762 314106 0.00852519 0.00852519 2677.81 2677.81 1 0.409297 26578.5 10878.5 0 0 
1988 2 1 2 0 0 0.315701 1.06955 1.38525 1.20188e+006 650495 695739 527986 0.0113396 0.0113396 5987.15 5987.15 1 0.87187 13628.9 11882.6 0 0 
1988 2 1 3 0 0 0.27029 1.01468 1.28497 61945.1 34870.4 35382.4 11525.7 0.0137121 0.0137121 158.041 158.041 1 0.94676 849.397 804.175 0 0 
1988 3 1 0 0 0 0.371404 0.0216668 0.39307 2.02673e+007 1.67584e+007 363102 1.8177e+006 0.00515108 0.00515108 9363.12 9363.12 1 0 104398 0 0 0 
1988 3 1 1 0 0 0.238469 0.126338 0.364808 1.61592e+006 1.35397e+006 171058 637489 0.0131863 0.0131863 8406.1 8406.1 1 0.409297 21307.9 8721.27 0 0 
1988 3 1 2 0 0 0.220013 0.287482 0.507495 300784 235887 67813.1 129384 0.0207969 0.0207969 2690.78 2690.78 1 0.87187 6255.36 5453.86 0 0 
1988 3 1 3 0 0 0.220013 0.675108 0.895121 17137.6 11323.5 7644.57 5490.82 0.0157663 0.0157663 86.5698 86.5698 1 0.94676 270.196 255.811 0 0 
1988 4 1 0 0 0 0.361354 0 0.361354 1.368e+007 1.1481e+007 0 0 0.00629891 0.00629891 0 0 1 0 86169.2 0 0 0 
1988 4 1 1 0 0 0.301406 0 0.301406 1.12198e+006 968676 0 0 0.0116565 0.0116565 0 0 1 0.409297 13078.3 5352.91 0 0 
1988 4 1 2 0 0 0.232579 0 0.232579 181072 161557 0 0 0.0155444 0.0155444 0 0 1 0.87187 2814.67 2454.02 0 0 
1988 4 1 3 0 0 0.232579 0 0.232579 7001.7 6247.09 0 0 0.0175408 0.0175408 0 0 1 0.94676 122.815 116.277 0 0 
1989 1 1 0 0 0 0.603473 0.000327941 0.603801 5.54234e+007 4.16061e+007 13644.3 12451.4 0.00539995 0.00539995 67.2371 67.2371 1 0 299284 0 0 0 
1989 1 1 1 0 0 0.509177 0.0662815 0.575459 9.53132e+006 7.24719e+006 480355 1.70682e+006 0.00861001 0.00861001 14695.8 14695.8 1 0.409297 82064.8 33588.9 0 0 
1989 1 1 2 0 0 0.433367 0.113552 0.54692 830016 639328 72597.1 3.61384e+006 0.00992636 0.00992636 35872.3 35872.3 1 0.87187 8239.04 7183.37 0 0 
1989 1 1 3 0 0 0.214092 0.100165 0.314257 149046 127899 12811 5716.04 0.0170246 0.0170246 97.3133 97.3133 1 0.94676 2537.45 2402.36 0 0 
1989 2 1 0 0 0 0.525328 0.00238008 0.527708 3.03016e+007 2.35452e+007 56039.6 783.394 0.00443437 0.00443437 3.47386 3.47386 1 0 134369 0 0 0 
1989 2 1 1 0 0 0.332108 0.0710914 0.403199 5.36086e+006 4.41183e+006 313643 76414.6 0.00817439 0.00817439 624.643 624.643 1 0.409297 43821.8 17936.1 0 0 
1989 2 1 2 0 0 0.293839 0.241067 0.534906 480355 372027 89683.4 88925 0.010873 0.010873 966.88 966.88 1 0.87187 5222.89 4553.68 0 0 
1989 2 1 3 0 0 0.260897 0.2287 0.489597 108853 86070.7 19684.3 341.854 0.0130368 0.0130368 4.4567 4.4567 1 0.94676 1419.1 1343.55 0 0 
1989 3 1 0 0 0 0.356062 0.00488349 0.360945 1.78766e+007 1.50059e+007 73281 469458 0.00476114 0.00476114 2235.15 2235.15 1 0 85112.9 0 0 0 
1989 3 1 1 0 0 0.228407 0.0284754 0.256882 3.58202e+006 3.15893e+006 89951.8 416920 0.00772457 0.00772457 3220.53 3220.53 1 0.409297 27669.5 11325 0 0 
1989 3 1 2 0 0 0.221288 0.0647955 0.286084 281356 244688 15854.7 34789.2 0.012501 0.012501 434.899 434.899 1 0.87187 3517.22 3066.56 0 0 
1989 3 1 3 0 0 0.221288 0.152163 0.373451 66713.2 55672.2 8471.23 12751.5 0.0154913 0.0154913 197.537 197.537 1 0.94676 1033.47 978.451 0 0 
1989 4 1 0 0 0 0.374166 0 0.374166 1.24603e+007 1.03946e+007 0 0 0.00464678 0.00464678 0 0 1 0 57900.3 0 0 0 
1989 4 1 1 0 0 0.311822 0 0.311822 2.77054e+006 2.38019e+006 0 0 0.00859911 0.00859911 0 0 1 0.409297 23824.2 9751.17 0 0 
1989 4 1 2 0 0 0.281377 0 0.281377 211354 184222 0 0 0.0114673 0.0114673 0 0 1 0.87187 2423.67 2113.12 0 0 
1989 4 1 3 0 0 0.281377 0 0.281377 45922.3 40027.2 0 0 0.01294 0.01294 0 0 1 0.94676 594.237 562.6 0 0 
1990 1 1 0 0 0 0.517795 0.0017157 0.519511 7.50541e+007 5.85379e+007 100433 1567.63 0.00458878 0.00458878 7.19351 7.19351 1 0 344407 0 0 0 
1990 1 1 1 0 0 0.488955 0.346767 0.835722 8.57097e+006 5.80927e+006 2.01446e+006 2.63307e+006 0.00697467 0.00697467 18364.8 18364.8 1 0.409297 59779.7 24467.6 0 0 
1990 1 1 2 0 0 0.402378 0.594074 0.996453 2.02835e+006 1.28406e+006 762829 2.23421e+006 0.00915607 0.00915607 20456.6 20456.6 1 0.87187 18571.7 16192.1 0 0 
1990 1 1 3 0 0 0.244267 0.524037 0.768304 194178 135517 71016 342514 0.0115389 0.0115389 3952.24 3952.24 1 0.94676 2240.6 2121.31 0 0 
1990 2 1 0 0 0 0.495609 0.012452 0.508061 4.46431e+007 3.50018e+007 435841 1225.28 0.00376689 0.00376689 4.6155 4.6155 1 0 168166 0 0 0 
1990 2 1 1 0 0 0.330659 0.371931 0.70259 3.71604e+006 2.66939e+006 992826 2.05804e+006 0.00694395 0.00694395 14290.9 14290.9 1 0.409297 25804 10561.5 0 0 
1990 2 1 2 0 0 0.283153 1.2612 1.54435 748839 381389 481007 1.74629e+006 0.00923635 0.00923635 16129.3 16129.3 1 0.87187 6916.53 6030.32 0 0 
1990 2 1 3 0 0 0.260577 1.19649 1.45707 90059.5 47412.3 56728.6 267714 0.0113268 0.0113268 3032.35 3032.35 1 0.94676 1020.09 965.78 0 0 
1990 3 1 0 0 0 0.336944 0.0255491 0.362493 2.686e+007 2.25303e+007 575628 291837 0.00444372 0.00444372 1296.84 1296.84 1 0 119358 0 0 0 
1990 3 1 1 0 0 0.260108 0.148976 0.409084 1.84056e+006 1.51058e+006 225039 62050.2 0.00987506 0.00987506 612.749 612.749 1 0.409297 18175.6 7439.22 0 0 
1990 3 1 2 0 0 0.249011 0.338992 0.588003 159840 120848 40966.7 1941.19 0.0133492 0.0133492 25.9132 25.9132 1 0.87187 2133.73 1860.34 0 0 
1990 3 1 3 0 0 0.249011 0.796074 1.04508 20976.4 13013.1 10359.4 428.507 0.0155901 0.0155901 6.68046 6.68046 1 0.94676 327.025 309.614 0 0 
1990 4 1 0 0 0 0.386954 0 0.386954 1.86929e+007 1.55009e+007 0 0 0.00483396 0.00483396 0 0 1 0 90360.8 0 0 0 
1990 4 1 1 0 0 0.318591 0 0.318591 1.22261e+006 1.04699e+006 0 0 0.00894549 0.00894549 0 0 1 0.409297 10936.8 4476.41 0 0 
1990 4 1 2 0 0 0.286781 0 0.286781 88780.8 77184.9 0 0 0.0119292 0.0119292 0 0 1 0.87187 1059.09 923.386 0 0 
1990 4 1 3 0 0 0.286781 0 0.286781 7376.61 6413.14 0 0 0.0134613 0.0134613 0 0 1 0.94676 99.2988 94.0121 0 0 
1991 1 1 0 0 0 0.462205 0.000798049 0.463003 1.16603e+008 9.33345e+007 74485.5 40503.7 0.0127964 0.0127964 518.3 518.3 1 0 1.49209e+006 0 0 0 
1991 1 1 1 0 0 0.423101 0.161297 0.584398 1.26948e+007 9.61362e+006 1.55065e+006 1.68427e+006 0.0143067 0.0143067 24096.3 24096.3 1 0.409297 181620 74336.6 0 0 
1991 1 1 2 0 0 0.32012 0.276331 0.596451 889047 669616 185036 2.41675e+006 0.0154224 0.0154224 37272 37272 1 0.87187 13711.2 11954.4 0 0 
1991 1 1 3 0 0 0.26302 0.243753 0.506773 72183 56627.6 13803.2 8159.07 0.0167893 0.0167893 136.985 136.985 1 0.94676 1211.9 1147.38 0 0 
1991 2 1 0 0 0 0.395548 0.00579197 0.40134 7.33889e+007 6.04493e+007 350120 1.55232e+006 0.00475661 0.00475661 7383.77 7383.77 1 0 349083 0 0 0 
1991 2 1 1 0 0 0.269299 0.173002 0.442301 7.07659e+006 5.71892e+006 989383 2.93672e+006 0.0146078 0.0146078 42898.9 42898.9 1 0.409297 103373 42310.4 0 0 
1991 2 1 2 0 0 0.231839 0.58664 0.818479 489654 334360 196149 614233 0.0188704 0.0188704 11590.8 11590.8 1 0.87187 9239.97 8056.05 0 0 
1991 2 1 3 0 0 0.211125 0.556544 0.767669 43485.7 30357.2 16895.1 9586.64 0.0168115 0.0168115 161.166 161.166 1 0.94676 731.06 692.138 0 0 
1991 3 1 0 0 0 0.310369 0.011884 0.322253 4.91281e+007 4.19983e+007 499109 208352 0.00522649 0.00522649 1088.95 1088.95 1 0 256768 0 0 0 
1991 3 1 1 0 0 0.263734 0.0692953 0.333029 4.54711e+006 3.86744e+006 267996 64565 0.0100855 0.0100855 651.168 651.168 1 0.409297 45859.7 18770.2 0 0 
1991 3 1 2 0 0 0.223471 0.157681 0.381151 215988 179593 28318.3 1036.31 0.0147083 0.0147083 15.2425 15.2425 1 0.87187 3176.82 2769.77 0 0 
1991 3 1 3 0 0 0.223471 0.37029 0.593761 20181.4 15218.8 5635.36 99.4865 0.0171642 0.0171642 1.7076 1.7076 1 0.94676 346.398 327.956 0 0 
1991 4 1 0 0 0 0.388891 0 0.388891 3.55941e+007 2.94893e+007 0 0 0.00617483 0.00617483 0 0 1 0 219787 0 0 0 
1991 4 1 1 0 0 0.320111 0 0.320111 3.25914e+006 2.78897e+006 0 0 0.0117664 0.0117664 0 0 1 0.409297 38348.3 15695.8 0 0 
1991 4 1 2 0 0 0.287164 0 0.287164 147536 128242 0 0 0.0152309 0.0152309 0 0 1 0.87187 2247.09 1959.17 0 0 
1991 4 1 3 0 0 0.287164 0 0.287164 11145.1 9687.67 0 0 0.0186252 0.0186252 0 0 1 0.94676 207.58 196.528 0 0 
1992 1 1 0 0 0 0.410086 0.000920889 0.411007 1.06027e+008 8.69404e+007 80062.5 18947.6 0.0081119 0.0081119 153.701 153.701 1 0 860084 0 0 0 
1992 1 1 1 0 0 0.360024 0.186125 0.546148 2.41259e+007 1.85898e+007 3.46001e+006 9.69546e+006 0.00991013 0.00991013 96083.3 96083.3 1 0.409297 239091 97859.3 0 0 
1992 1 1 2 0 0 0.281406 0.318865 0.600272 2.36636e+006 1.77924e+006 567337 1.31532e+006 0.0123815 0.0123815 16285.7 16285.7 1 0.87187 29299 25544.9 0 0 
1992 1 1 3 0 0 0.254797 0.281273 0.53607 119072 92170.5 25925.1 177584 0.0147859 0.0147859 2625.73 2625.73 1 0.94676 1760.59 1666.85 0 0 
1992 2 1 0 0 0 0.312049 0.0066835 0.318733 7.02943e+007 6.01928e+007 402299 222991 0.00578898 0.00578898 1290.89 1290.89 1 0 406932 0 0 0 
1992 2 1 1 0 0 0.226749 0.199631 0.42638 1.39732e+007 1.13761e+007 2.27102e+006 1.18513e+006 0.0120576 0.0120576 14289.9 14289.9 1 0.409297 168484 68959.8 0 0 
1992 2 1 2 0 0 0.203566 0.676938 0.880505 1.29833e+006 863229 584353 132166 0.0152769 0.0152769 2019.08 2019.08 1 0.87187 19834.4 17293 0 0 
1992 2 1 3 0 0 0.180107 0.64221 0.822317 69662.3 47490 30498.6 16491 0.0177653 0.0177653 292.967 292.967 1 0.94676 1237.57 1171.68 0 0 
1992 3 1 0 0 0 0.293929 0.0137133 0.307642 5.11088e+007 4.3995e+007 603316 1.27987e+006 0.00351798 0.00351798 4502.58 4502.58 1 0 179800 0 0 0 
1992 3 1 1 0 0 0.275143 0.0799616 0.355104 9.12264e+006 7.67874e+006 614004 1.58395e+006 0.00958041 0.00958041 15174.9 15174.9 1 0.409297 87398.6 35772 0 0 
1992 3 1 2 0 0 0.212169 0.181952 0.394121 538254 444849 80941 259251 0.0140707 0.0140707 3647.84 3647.84 1 0.87187 7573.6 6603.19 0 0 
1992 3 1 3 0 0 0.212169 0.427287 0.639456 30610.5 22614.6 9662.91 5821.12 0.0178924 0.0178924 104.154 104.154 1 0.94676 547.694 518.535 0 0 
1992 4 1 0 0 0 0.370705 0 0.370705 3.75741e+007 3.1396e+007 0 0 0.00422159 0.00422159 0 0 1 0 158623 0 0 0 
1992 4 1 1 0 0 0.299034 0 0.299034 6.39588e+006 5.52819e+006 0 0 0.00781228 0.00781228 0 0 1 0.409297 49966.4 20451.1 0 0 
1992 4 1 2 0 0 0.270242 0 0.270242 362930 318025 0 0 0.010418 0.010418 0 0 1 0.87187 3781.02 3296.56 0 0 
1992 4 1 3 0 0 0.270242 0 0.270242 16149.5 14151.3 0 0 0.011756 0.011756 0 0 1 0.94676 189.853 179.746 0 0 
1993 1 1 0 0 0 0.455503 0.00179251 0.457295 1.5899e+008 1.27599e+008 228722 264173 0.00647918 0.00647918 1711.62 1711.62 1 0 1.03013e+006 0 0 0 
1993 1 1 1 0 0 0.413747 0.362291 0.776038 2.59354e+007 1.80394e+007 6.53551e+006 3.02687e+006 0.0108888 0.0108888 32959.1 32959.1 1 0.409297 282407 115588 0 0 
1993 1 1 2 0 0 0.340245 0.62067 0.960915 4.74276e+006 3.04757e+006 1.89153e+006 5.33904e+006 0.0123254 0.0123254 65805.9 65805.9 1 0.87187 58456.5 50966.5 0 0 
1993 1 1 3 0 0 0.303312 0.547497 0.850809 289312 194821 106664 247839 0.013751 0.013751 3408.05 3408.05 1 0.94676 3978.33 3766.53 0 0 
1993 2 1 0 0 0 0.238336 0.0130094 0.251345 1.0064e+008 8.89883e+007 1.15768e+006 1.44132e+006 0.00754847 0.00754847 10879.7 10879.7 1 0 759676 0 0 0 
1993 2 1 1 0 0 0.208602 0.388581 0.597183 1.19362e+007 8.98715e+006 3.49224e+006 4.91145e+006 0.0106624 0.0106624 52368.1 52368.1 1 0.409297 127269 52090.6 0 0 
1993 2 1 2 0 0 0.189577 1.31766 1.50723 1.81431e+006 937082 1.23475e+006 1.32444e+006 0.0135048 0.0135048 17886.3 17886.3 1 0.87187 24501.9 21362.4 0 0 
1993 2 1 3 0 0 0.173371 1.25006 1.42343 123556 65892.3 82369.3 31435.3 0.0164225 0.0164225 516.246 516.246 1 0.94676 2029.1 1921.07 0 0 
1993 3 1 0 0 0 0.272194 0.0266928 0.298887 7.82729e+007 6.76588e+007 1.80601e+006 1.86784e+006 0.00224868 0.00224868 4200.17 4200.17 1 0 176011 0 0 0 
1993 3 1 1 0 0 0.253045 0.155645 0.40869 6.56918e+006 5.39242e+006 839302 1.81951e+006 0.00797423 0.00797423 14509.2 14509.2 1 0.409297 52384.2 21440.7 0 0 
1993 3 1 2 0 0 0.19211 0.354168 0.546278 401909 309665 109674 338969 0.0116049 0.0116049 3933.69 3933.69 1 0.87187 4664.11 4066.49 0 0 
1993 3 1 3 0 0 0.19211 0.831712 1.02382 29763 18627.8 15493 43965.3 0.0152274 0.0152274 669.476 669.476 1 0.94676 453.212 429.083 0 0 
1993 4 1 0 0 0 0.347464 0 0.347464 5.80506e+007 4.90386e+007 0 0 0.00229356 0.00229356 0 0 1 0 133142 0 0 0 
1993 4 1 1 0 0 0.274357 0 0.274357 4.36535e+006 3.81773e+006 0 0 0.0128388 0.0128388 0 0 1 0.409297 56045.7 22939.3 0 0 
1993 4 1 2 0 0 0.243935 0 0.243935 232746 206533 0 0 0.0154339 0.0154339 0 0 1 0.87187 3592.18 3131.91 0 0 
1993 4 1 3 0 0 0.243935 0 0.243935 10691.4 9487.31 0 0 0.0133951 0.0133951 0 0 1 0.94676 143.213 135.588 0 0 
1994 1 1 0 0 0 0.502423 0.000783763 0.503206 1.35387e+008 1.06385e+008 83380.6 445326 0.00677126 0.00677126 3015.42 3015.42 1 0 916742 0 0 0 
1994 1 1 1 0 0 0.446483 0.15841 0.604893 4.10114e+007 3.0772e+007 4.87457e+006 4.07205e+007 0.00667847 0.00667847 271951 271951 1 0.409297 273894 112104 0 0 
1994 1 1 2 0 0 0.348089 0.271384 0.619473 3.31793e+006 2.47328e+006 671208 516854 0.00953695 0.00953695 4929.22 4929.22 1 0.87187 31643 27588.5 0 0 
1994 1 1 3 0 0 0.336509 0.23939 0.575899 190743 145003 34712.4 100737 0.012859 0.012859 1295.37 1295.37 1 0.94676 2452.76 2322.17 0 0 
1994 2 1 0 0 0 0.292317 0.00568828 0.298005 8.18536e+007 7.07836e+007 402637 1.8561e+006 0.00867325 0.00867325 16098.4 16098.4 1 0 709937 0 0 0 
1994 2 1 1 0 0 0.223323 0.169905 0.393227 2.23977e+007 1.85187e+007 3.14641e+006 7.14662e+006 0.0103881 0.0103881 74239.6 74239.6 1 0.409297 232669 95230.6 0 0 
1994 2 1 2 0 0 0.196673 0.576138 0.772811 1.7858e+006 1.24387e+006 716639 1.45566e+006 0.0125109 0.0125109 18211.6 18211.6 1 0.87187 22342 19479.3 0 0 
1994 2 1 3 0 0 0.181539 0.546581 0.72812 107235 76169.4 41632.8 142774 0.0150508 0.0150508 2148.87 2148.87 1 0.94676 1613.98 1528.06 0 0 
1994 3 1 0 0 0 0.257639 0.0116713 0.269311 6.07597e+007 5.32657e+007 621679 818875 0.00295739 0.00295739 2421.74 2421.74 1 0 179690 0 0 0 
1994 3 1 1 0 0 0.219491 0.0680548 0.287546 1.51156e+007 1.31366e+007 894007 2.93636e+006 0.00821695 0.00821695 24127.9 24127.9 1 0.409297 124205 50836.5 0 0 
1994 3 1 2 0 0 0.19017 0.154858 0.345028 824530 697327 107987 559871 0.00973146 0.00973146 5448.37 5448.37 1 0.87187 8023.88 6995.78 0 0 
1994 3 1 3 0 0 0.19017 0.363661 0.553831 51775 39755.1 14457.4 22812.9 0.0139542 0.0139542 318.336 318.336 1 0.94676 722.477 684.013 0 0 
1994 4 1 0 0 0 0.317757 0 0.317757 4.64147e+007 3.97632e+007 0 0 0.00379007 0.00379007 0 0 1 0 175915 0 0 0 
1994 4 1 1 0 0 0.247762 0 0.247762 1.13383e+007 1.00428e+007 0 0 0.00676408 0.00676408 0 0 1 0.409297 76693 31390.2 0 0 
1994 4 1 2 0 0 0.222902 0 0.222902 583932 523430 0 0 0.00899952 0.00899952 0 0 1 0.87187 5255.11 4581.77 0 0 
1994 4 1 3 0 0 0.222902 0 0.222902 29757.3 26674.1 0 0 0.0131288 0.0131288 0 0 1 0.94676 390.679 369.879 0 0 
1995 1 1 0 0 0 0.512057 0.00167931 0.513736 3.63524e+007 2.84277e+007 47738.9 170693 0.00316061 0.00316061 539.494 539.494 1 0 114896 0 0 0 
1995 1 1 1 0 0 0.459509 0.339412 0.79892 3.37797e+007 2.32628e+007 7.89566e+006 2.44666e+007 0.00820571 0.00820571 200766 200766 1 0.409297 277186 113452 0 0 
1995 1 1 2 0 0 0.338474 0.581474 0.919948 8.85004e+006 5.78614e+006 3.36449e+006 3.1924e+006 0.0116588 0.0116588 37219.5 37219.5 1 0.87187 103181 89960.3 0 0 
1995 1 1 3 0 0 0.307561 0.512922 0.820483 491071 335037 171848 371759 0.0121354 0.0121354 4511.45 4511.45 1 0.94676 5959.35 5642.08 0 0 
1995 2 1 0 0 0 0.290219 0.0121878 0.302407 2.1748e+007 1.87675e+007 228735 612010 0.00506497 0.00506497 3099.81 3099.81 1 0 110153 0 0 0 
1995 2 1 1 0 0 0.223147 0.364042 0.587189 1.51946e+007 1.14922e+007 4.18365e+006 8.62052e+006 0.0101217 0.0101217 87254.5 87254.5 1 0.409297 153795 62948 0 0 
1995 2 1 2 0 0 0.195421 1.23445 1.42987 3.52709e+006 1.87634e+006 2.31624e+006 2.86327e+006 0.0133065 0.0133065 38100.1 38100.1 1 0.87187 46933.3 40919.7 0 0 
1995 2 1 3 0 0 0.181516 1.17112 1.35263 216179 118498 138775 505875 0.0155061 0.0155061 7844.13 7844.13 1 0.94676 3352.08 3173.62 0 0 
1995 3 1 0 0 0 0.22194 0.0250072 0.246947 1.60726e+007 1.42418e+007 356147 1.79767e+006 0.00836985 0.00836985 15046.2 15046.2 1 0 134525 0 0 0 
1995 3 1 1 0 0 0.190791 0.145816 0.336607 8.44648e+006 7.17185e+006 1.04577e+006 4.48822e+006 0.00964464 0.00964464 43287.3 43287.3 1 0.409297 81463.3 33342.7 0 0 
1995 3 1 2 0 0 0.17799 0.331802 0.509792 844177 661342 219435 533786 0.0128588 0.0128588 6863.83 6863.83 1 0.87187 10855.1 9464.22 0 0 
1995 3 1 3 0 0 0.17799 0.779189 0.957178 55894.9 35973.1 28029.8 128194 0.0157815 0.0157815 2023.09 2023.09 1 0.94676 882.107 835.144 0 0 
1995 4 1 0 0 0 0.26464 0 0.26464 1.25556e+007 1.10316e+007 0 0 0.00577367 0.00577367 0 0 1 0 72492.1 0 0 0 
1995 4 1 1 0 0 0.210947 0 0.210947 6.03239e+006 5.43861e+006 0 0 0.0106845 0.0106845 0 0 1 0.409297 64452.9 26380.4 0 0 
1995 4 1 2 0 0 0.189647 0 0.189647 507030 461852 0 0 0.0142483 0.0142483 0 0 1 0.87187 7224.29 6298.64 0 0 
1995 4 1 3 0 0 0.189647 0 0.189647 21462.2 19549.9 0 0 0.0160781 0.0160781 0 0 1 0.94676 345.073 326.701 0 0 
1996 1 1 0 0 0 0.504177 0.00153523 0.505713 6.23705e+007 4.89534e+007 75155 299367 0.00713365 0.00713365 2135.58 2135.58 1 0 444929 0 0 0 
1996 1 1 1 0 0 0.395163 0.310292 0.705456 9.63622e+006 6.91333e+006 2.14515e+006 233497 0.0108427 0.0108427 2531.74 2531.74 1 0.409297 104483 42764.5 0 0 
1996 1 1 2 0 0 0.263233 0.531587 0.79482 4.88513e+006 3.3702e+006 1.79155e+006 816511 0.0142339 0.0142339 11622.1 11622.1 1 0.87187 69534.4 60625 0 0 
1996 1 1 3 0 0 0.213993 0.468916 0.682909 437196 316804 148555 286503 0.0174577 0.0174577 5001.68 5001.68 1 0.94676 7632.43 7226.08 0 0 
1996 2 1 0 0 0 0.363139 0.0111422 0.374281 3.76141e+007 3.13768e+007 349607 1.08365e+006 0.00790492 0.00790492 8566.2 8566.2 1 0 297337 0 0 0 
1996 2 1 1 0 0 0.227084 0.332809 0.559893 4.75917e+006 3.64426e+006 1.21284e+006 776795 0.011496 0.011496 8930.01 8930.01 1 0.409297 54711.2 22393.1 0 0 
1996 2 1 2 0 0 0.201776 1.12854 1.33031 2.20643e+006 1.22006e+006 1.37689e+006 2.20863e+006 0.0150325 0.0150325 33201.3 33201.3 1 0.87187 33168.3 28918.4 0 0 
1996 2 1 3 0 0 0.17663 1.07064 1.24727 220847 126196 135111 911256 0.0168613 0.0168613 15365 15365 1 0.94676 3723.77 3525.52 0 0 
1996 3 1 0 0 0 0.214791 0.0228617 0.237652 2.58704e+007 2.3026e+007 526414 1.67074e+006 0.00291009 0.00291009 4862 4862 1 0 75285 0 0 0 
1996 3 1 1 0 0 0.171346 0.133306 0.304652 2.71877e+006 2.34367e+006 312425 289815 0.00615487 0.00615487 1783.78 1783.78 1 0.409297 16733.7 6849.05 0 0 
1996 3 1 2 0 0 0.150992 0.303336 0.454327 583368 468830 142213 113580 0.00866848 0.00866848 984.564 984.564 1 0.87187 5056.91 4408.97 0 0 
1996 3 1 3 0 0 0.150992 0.712339 0.863331 63446.7 42495.5 30271.2 49534.1 0.0103458 0.0103458 512.471 512.471 1 0.94676 656.408 621.461 0 0 
1996 4 1 0 0 0 0.237941 0 0.237941 2.03982e+007 1.8153e+007 0 0 0.00310564 0.00310564 0 0 1 0 63349.5 0 0 0 
1996 4 1 1 0 0 0.194827 0 0.194827 2.00477e+006 1.82157e+006 0 0 0.00574715 0.00574715 0 0 1 0.409297 11521.7 4715.8 0 0 
1996 4 1 2 0 0 0.156129 0 0.156129 370366 342901 0 0 0.00766409 0.00766409 0 0 1 0.87187 2838.52 2474.82 0 0 
1996 4 1 3 0 0 0.156129 0 0.156129 26758.9 24774.6 0 0 0.00864838 0.00864838 0 0 1 0.94676 231.422 219.101 0 0 
1997 1 1 0 0 0 0.451157 0.0011211 0.452278 4.90946e+007 3.94928e+007 44275.3 6446.58 0.0070718 0.0070718 45.5889 45.5889 1 0 347187 0 0 0 
1997 1 1 1 0 0 0.293018 0.22659 0.519608 1.60789e+007 1.254e+007 2.84144e+006 2.28658e+006 0.0127666 0.0127666 29191.9 29191.9 1 0.409297 205273 84017.5 0 0 
1997 1 1 2 0 0 0.210384 0.388189 0.598573 1.64988e+006 1.24147e+006 481927 130593 0.0148391 0.0148391 1937.89 1937.89 1 0.87187 24482.7 21345.8 0 0 
1997 1 1 3 0 0 0.154945 0.342424 0.497369 339720 267661 91653.7 202822 0.0163256 0.0163256 3311.18 3311.18 1 0.94676 5546.12 5250.85 0 0 
1997 2 1 0 0 0 0.297505 0.00813655 0.305641 3.12329e+007 2.69111e+007 218964 148657 0.00580278 0.00580278 862.622 862.622 1 0 181237 0 0 0 
1997 2 1 1 0 0 0.204046 0.243033 0.447079 9.56297e+006 7.7112e+006 1.87407e+006 4.39527e+006 0.0119979 0.0119979 52734 52734 1 0.409297 114736 46961 0 0 
1997 2 1 2 0 0 0.187318 0.82411 1.01143 906766 570457 470119 1.07823e+006 0.0161236 0.0161236 17384.8 17384.8 1 0.87187 14620.3 12747 0 0 
1997 2 1 3 0 0 0.153806 0.781832 0.935638 206593 134175 104902 277615 0.0199421 0.0199421 5536.23 5536.23 1 0.94676 4119.9 3900.56 0 0 
1997 3 1 0 0 0 0.227274 0.0166947 0.243969 2.30077e+007 2.04161e+007 340840 596223 0.00712309 0.00712309 4246.95 4246.95 1 0 163886 0 0 0 
1997 3 1 1 0 0 0.193018 0.0973459 0.290364 6.11546e+006 5.30764e+006 516677 728240 0.00965248 0.00965248 7029.32 7029.32 1 0.409297 59029.3 24160.5 0 0 
1997 3 1 2 0 0 0.170793 0.22151 0.392303 329790 272792 60426 181187 0.0121853 0.0121853 2207.81 2207.81 1 0.87187 4018.59 3503.69 0 0 
1997 3 1 3 0 0 0.170793 0.520183 0.690976 81053.8 58524.2 30443.3 46666.7 0.0146979 0.0146979 685.905 685.905 1 0.94676 1191.32 1127.9 0 0 
1997 4 1 0 0 0 0.269067 0 0.269067 1.80268e+007 1.58052e+007 0 0 0.00515499 0.00515499 0 0 1 0 92928 0 0 0 
1997 4 1 1 0 0 0.214289 0 0.214289 4.57431e+006 4.11741e+006 0 0 0.00953957 0.00953957 0 0 1 0.409297 43636.9 17860.5 0 0 
1997 4 1 2 0 0 0.171015 0 0.171015 222773 204765 0 0 0.0127215 0.0127215 0 0 1 0.87187 2834 2470.88 0 0 
1997 4 1 3 0 0 0.171015 0 0.171015 40615 37331.9 0 0 0.0143553 0.0143553 0 0 1 0.94676 583.039 551.998 0 0 
1998 1 1 0 0 0 0.42959 0.00187883 0.431469 1.13427e+008 9.2127e+007 173091 86123.7 0.00557064 0.00557064 479.764 479.764 1 0 631860 0 0 0 
1998 1 1 1 0 0 0.282534 0.379739 0.662273 1.37741e+007 1.00731e+007 3.82513e+006 3.56734e+006 0.0139329 0.0139329 49703.4 49703.4 1 0.409297 191914 78549.7 0 0 
1998 1 1 2 0 0 0.22647 0.650561 0.877031 3.69199e+006 2.45837e+006 1.59932e+006 1.49834e+006 0.0166329 0.0166329 24921.7 24921.7 1 0.87187 61408.5 53540.2 0 0 
1998 1 1 3 0 0 0.190365 0.573864 0.764229 221986 155200 89063.8 258993 0.0186053 0.0186053 4818.64 4818.64 1 0.94676 4130.12 3910.23 0 0 
1998 2 1 0 0 0 0.361769 0.0136359 0.375405 7.36768e+007 6.14271e+007 837615 5.46589e+006 0.00502731 0.00502731 27478.7 27478.7 1 0 370396 0 0 0 
1998 2 1 1 0 0 0.197063 0.407295 0.604358 7.10302e+006 5.33087e+006 2.17124e+006 2.66503e+006 0.0123985 0.0123985 33042.3 33042.3 1 0.409297 88066.6 36045.4 0 0 
1998 2 1 2 0 0 0.176428 1.38112 1.55754 1.53593e+006 778393 1.07505e+006 1.45184e+006 0.0152533 0.0152533 22145.4 22145.4 1 0.87187 23427.9 20426.1 0 0 
1998 2 1 3 0 0 0.145301 1.31026 1.45556 103377 54454.9 71350.1 326463 0.0177168 0.0177168 5783.89 5783.89 1 0.94676 1831.51 1734 0 0 
1998 3 1 0 0 0 0.251547 0.0279784 0.279526 5.06168e+007 4.4158e+007 1.23547e+006 1.61598e+006 0.00429204 0.00429204 6935.86 6935.86 1 0 217249 0 0 0 
1998 3 1 1 0 0 0.208794 0.163141 0.371934 3.88127e+006 3.24123e+006 528776 1.09655e+006 0.00610449 0.00610449 6693.85 6693.85 1 0.409297 23693.2 9697.54 0 0 
1998 3 1 2 0 0 0.172717 0.371225 0.543942 323548 249554 92640.6 489541 0.00945599 0.00945599 4629.09 4629.09 1 0.87187 3059.47 2667.46 0 0 
1998 3 1 3 0 0 0.172717 0.871767 1.04448 24114.7 14963.7 13044.9 241493 0.00941628 0.00941628 2273.97 2273.97 1 0.94676 227.071 214.982 0 0 
1998 4 1 0 0 0 0.317828 0 0.317828 3.82735e+007 3.27876e+007 0 0 0.00393323 0.00393323 0 0 1 0 150539 0 0 0 
1998 4 1 1 0 0 0.245265 0 0.245265 2.67575e+006 2.37287e+006 0 0 0.00727866 0.00727866 0 0 1 0.409297 19475.8 7971.4 0 0 
1998 4 1 2 0 0 0.196725 0 0.196725 187805 170486 0 0 0.00970643 0.00970643 0 0 1 0.87187 1822.92 1589.35 0 0 
1998 4 1 3 0 0 0.196725 0 0.196725 8485.32 7702.82 0 0 0.010953 0.010953 0 0 1 0.94676 92.9398 87.9917 0 0 
1999 1 1 0 0 0 0.421403 0.00100234 0.422405 7.86542e+007 6.41537e+007 64303.6 830.23 0.0053059 0.0053059 4.40512 4.40512 1 0 417332 0 0 0 
1999 1 1 1 0 0 0.287226 0.202586 0.489812 2.78527e+007 2.20211e+007 4.46117e+006 1.59392e+007 0.00973715 0.00973715 155203 155203 1 0.409297 271206 111004 0 0 
1999 1 1 2 0 0 0.232493 0.347067 0.57956 2.09376e+006 1.58905e+006 551509 477815 0.0114532 0.0114532 5472.51 5472.51 1 0.87187 23980.3 20907.7 0 0 
1999 1 1 3 0 0 0.214241 0.30615 0.520391 161236 125704 38484.5 69219.2 0.012081 0.012081 836.239 836.239 1 0.94676 1947.9 1844.19 0 0 
1999 2 1 0 0 0 0.290566 0.00727462 0.297841 5.15553e+007 4.45864e+007 324349 90557.3 0.00456971 0.00456971 413.82 413.82 1 0 235593 0 0 0 
1999 2 1 1 0 0 0.190571 0.217287 0.407858 1.70665e+007 1.40147e+007 3.04523e+006 2.45606e+006 0.011575 0.011575 28429 28429 1 0.409297 197545 80854.6 0 0 
1999 2 1 2 0 0 0.169403 0.73681 0.906213 1.17281e+006 771270 568279 254931 0.0135094 0.0135094 3443.96 3443.96 1 0.87187 15844 13813.9 0 0 
1999 2 1 3 0 0 0.15233 0.69901 0.85134 95820.8 64510.5 45093.5 44836 0.0163661 0.0163661 733.789 733.789 1 0.94676 1568.21 1484.72 0 0 
1999 3 1 0 0 0 0.274501 0.0149261 0.289427 3.82757e+007 3.32345e+007 496063 1.96713e+006 0.00360535 0.00360535 7092.2 7092.2 1 0 137997 0 0 0 
1999 3 1 1 0 0 0.24072 0.0870338 0.327753 1.13505e+007 9.67799e+006 842312 3.35194e+006 0.00937925 0.00937925 31438.7 31438.7 1 0.409297 106459 43573.3 0 0 
1999 3 1 2 0 0 0.19105 0.198044 0.389094 473876 392563 77745 641059 0.0117946 0.0117946 7561.02 7561.02 1 0.87187 5589.16 4873.02 0 0 
1999 3 1 3 0 0 0.19105 0.465078 0.656128 40900.4 29992.6 13948.9 183015 0.0138192 0.0138192 2529.13 2529.13 1 0.94676 565.212 535.121 0 0 
1999 4 1 0 0 0 0.334613 0 0.334613 2.86567e+007 2.43551e+007 0 0 0.00523063 0.00523063 0 0 1 0 149893 0 0 0 
1999 4 1 1 0 0 0.267128 0 0.267128 8.17847e+006 7.17722e+006 0 0 0.00967956 0.00967956 0 0 1 0.409297 79164 32401.6 0 0 
1999 4 1 2 0 0 0.242347 0 0.242347 321132 285181 0 0 0.0129081 0.0129081 0 0 1 0.87187 4145.21 3614.08 0 0 
1999 4 1 3 0 0 0.242347 0 0.242347 21221.4 18845.7 0 0 0.0145659 0.0145659 0 0 1 0.94676 309.11 292.653 0 0 
2000 1 1 0 0 0 0.406024 0.00163406 0.407658 7.44969e+007 6.11814e+007 99974.3 6101.49 0.00667143 0.00667143 40.7056 40.7056 1 0 497001 0 0 0 
2000 1 1 1 0 0 0.341546 0.330267 0.671813 2.05072e+007 1.49335e+007 4.93203e+006 9.82267e+006 0.0121927 0.0121927 119765 119765 1 0.409297 250038 102340 0 0 
2000 1 1 2 0 0 0.253193 0.565807 0.819 6.26123e+006 4.27452e+006 2.41855e+006 1.76726e+006 0.0148301 0.0148301 26208.7 26208.7 1 0.87187 92855 80957.4 0 0 
2000 1 1 3 0 0 0.218544 0.499102 0.717646 268673 191721 95688.2 70159.7 0.0184553 0.0184553 1294.82 1294.82 1 0.94676 4958.45 4694.46 0 0 
2000 2 1 0 0 0 0.355138 0.0118595 0.366998 4.95558e+007 4.14798e+007 491928 81905.9 0.00621185 0.00621185 508.787 508.787 1 0 307833 0 0 0 
2000 2 1 1 0 0 0.198814 0.354233 0.553048 1.04747e+007 8.0458e+006 2.85009e+006 801375 0.0148578 0.0148578 11906.7 11906.7 1 0.409297 155631 63699.1 0 0 
2000 2 1 2 0 0 0.180218 1.20119 1.3814 2.7604e+006 1.49625e+006 1.79727e+006 384854 0.0173556 0.0173556 6679.38 6679.38 1 0.87187 47908.6 41770 0 0 
2000 2 1 3 0 0 0.169539 1.13956 1.3091 131085 73091.4 83292.3 49826.6 0.0183208 0.0183208 912.862 912.862 1 0.94676 2401.58 2273.72 0 0 
2000 3 1 0 0 0 0.253643 0.0243334 0.277976 3.43328e+007 2.9974e+007 729370 1.09361e+006 0.00507794 0.00507794 5553.3 5553.3 1 0 174340 0 0 0 
2000 3 1 1 0 0 0.213127 0.141887 0.355014 6.02498e+006 5.07158e+006 719592 2.80714e+006 0.0104593 0.0104593 29360.9 29360.9 1 0.409297 63017.3 25792.8 0 0 
2000 3 1 2 0 0 0.156921 0.322862 0.479783 693484 550821 177839 1.31005e+006 0.0130945 0.0130945 17154.5 17154.5 1 0.87187 9080.82 7917.29 0 0 
2000 3 1 3 0 0 0.156921 0.758195 0.915116 35401.2 23192.8 17584.7 176418 0.0149724 0.0149724 2641.4 2641.4 1 0.94676 530.041 501.822 0 0 
2000 4 1 0 0 0 0.278612 0 0.278612 2.60008e+007 2.26929e+007 0 0 0.00360877 0.00360877 0 0 1 0 93830.8 0 0 0 
2000 4 1 1 0 0 0.235664 0 0.235664 4.22449e+006 3.76362e+006 0 0 0.00456426 0.00456426 0 0 1 0.409297 19281.7 7891.94 0 0 
2000 4 1 2 0 0 0.192073 0 0.192073 429210 390507 0 0 0.00797785 0.00797785 0 0 1 0.87187 3424.17 2985.43 0 0 
2000 4 1 3 0 0 0.192073 0 0.192073 14177.1 12898.8 0 0 0.0134729 0.0134729 0 0 1 0.94676 191.007 180.838 0 0 
2001 1 1 0 0 0 0.408792 0.00170243 0.410494 6.24035e+007 5.11819e+007 87133.3 13055.5 0.00783091 0.00783091 102.237 102.237 1 0 488676 0 0 0 
2001 1 1 1 0 0 0.32787 0.344084 0.671954 1.96783e+007 1.43289e+007 4.93036e+006 5.76763e+006 0.010869 0.010869 62688.4 62688.4 1 0.409297 213883 87541.7 0 0 
2001 1 1 2 0 0 0.233083 0.589479 0.822561 3.33754e+006 2.27502e+006 1.34108e+006 315550 0.0117832 0.0117832 3718.17 3718.17 1 0.87187 39326.8 34287.8 0 0 
2001 1 1 3 0 0 0.190164 0.519983 0.710147 365903 261968 136219 7693.89 0.0159143 0.0159143 122.443 122.443 1 0.94676 5823.1 5513.08 0 0 
2001 2 1 0 0 0 0.299106 0.0123556 0.311461 4.13936e+007 3.55676e+007 439460 550512 0.00477802 0.00477802 2630.36 2630.36 1 0 197780 0 0 0 
2001 2 1 1 0 0 0.21312 0.369053 0.582173 1.00499e+007 7.61832e+006 2.81157e+006 3.96734e+006 0.0116427 0.0116427 46190.4 46190.4 1 0.409297 117007 47890.7 0 0 
2001 2 1 2 0 0 0.201949 1.25144 1.45339 1.4662e+006 772977 967335 1.52871e+006 0.0136366 0.0136366 20846.5 20846.5 1 0.87187 19994 17432.2 0 0 
2001 2 1 3 0 0 0.194767 1.18724 1.38201 179868 97472.6 115723 498496 0.016634 0.016634 8291.98 8291.98 1 0.94676 2991.92 2832.63 0 0 
2001 3 1 0 0 0 0.266444 0.0253514 0.291796 3.03157e+007 2.62933e+007 666571 143017 0.00617218 0.00617218 882.728 882.728 1 0 187114 0 0 0 
2001 3 1 1 0 0 0.22548 0.147823 0.373303 5.61469e+006 4.68579e+006 692668 531588 0.0126722 0.0126722 6736.37 6736.37 1 0.409297 71150.3 29121.6 0 0 
2001 3 1 2 0 0 0.191235 0.33637 0.527605 342763 266350 89592 59709 0.0149807 0.0149807 894.485 894.485 1 0.87187 5134.85 4476.92 0 0 
2001 3 1 3 0 0 0.191235 0.789915 0.98115 45160.2 28772.9 22728.2 13417.6 0.0161831 0.0161831 217.137 217.137 1 0.94676 730.832 691.923 0 0 
2001 4 1 0 0 0 0.306306 0 0.306306 2.26434e+007 1.95041e+007 0 0 0.00651097 0.00651097 0 0 1 0 147431 0 0 0 
2001 4 1 1 0 0 0.258432 0 0.258432 3.86547e+006 3.40637e+006 0 0 0.0120489 0.0120489 0 0 1 0.409297 46574.6 19062.8 0 0 
2001 4 1 2 0 0 0.213201 0 0.213201 202236 182131 0 0 0.0160678 0.0160678 0 0 1 0.87187 3249.48 2833.12 0 0 
2001 4 1 3 0 0 0.213201 0 0.213201 16929.7 15246.6 0 0 0.0181313 0.0181313 0 0 1 0.94676 306.957 290.615 0 0 
2002 1 1 0 0 0 0.434478 0.00180104 0.436279 8.47207e+007 6.86581e+007 123656 63415.5 0.0072819 0.0072819 461.785 461.785 1 0 616927 0 0 0 
2002 1 1 1 0 0 0.321474 0.364016 0.685491 1.66692e+007 1.20652e+007 4.39191e+006 6.58644e+006 0.0108755 0.0108755 71630.6 71630.6 1 0.409297 181285 74199.6 0 0 
2002 1 1 2 0 0 0.240285 0.623626 0.863911 2.98515e+006 1.99891e+006 1.24657e+006 594557 0.0140837 0.0140837 8373.59 8373.59 1 0.87187 42042.1 36655.3 0 0 
2002 1 1 3 0 0 0.170689 0.550105 0.720793 177084 126190 69417.4 108679 0.0154284 0.0154284 1676.75 1676.75 1 0.94676 2732.13 2586.67 0 0 
2002 2 1 0 0 0 0.315437 0.0130714 0.328509 5.47666e+007 4.66802e+007 610173 927294 0.00768965 0.00768965 7130.56 7130.56 1 0 421136 0 0 0 
2002 2 1 1 0 0 0.222536 0.390432 0.612968 8.39867e+006 6.27891e+006 2.45149e+006 4.32653e+006 0.0121678 0.0121678 52644.4 52644.4 1 0.409297 102193 41827.4 0 0 
2002 2 1 2 0 0 0.213876 1.32393 1.53781 1.25827e+006 642428 850532 661656 0.014241 0.014241 9422.63 9422.63 1 0.87187 17919.1 15623.1 0 0 
2002 2 1 3 0 0 0.205629 1.25601 1.46164 86127.9 45263.3 56851.3 59021.8 0.0158279 0.0158279 934.19 934.19 1 0.94676 1363.22 1290.65 0 0 
2002 3 1 0 0 0 0.251826 0.02682 0.278646 3.94318e+007 3.44147e+007 923000 1.18269e+006 0.00465024 0.00465024 5499.8 5499.8 1 0 183367 0 0 0 
2002 3 1 1 0 0 0.206168 0.156386 0.362554 4.5499e+006 3.81637e+006 596827 1.19916e+006 0.0100501 0.0100501 12051.7 12051.7 1 0.409297 45727 18715.9 0 0 
2002 3 1 2 0 0 0.194325 0.355855 0.550181 270342 207925 73991.1 296900 0.0132559 0.0132559 3935.67 3935.67 1 0.87187 3583.62 3124.45 0 0 
2002 3 1 3 0 0 0.194325 0.835674 1.03 19969.2 12466.1 10417.6 65718.4 0.0144819 0.0144819 951.727 951.727 1 0.94676 289.192 273.796 0 0 
2002 4 1 0 0 0 0.322663 0 0.322663 2.98423e+007 2.55064e+007 0 0 0.00600354 0.00600354 0 0 1 0 179159 0 0 0 
2002 4 1 1 0 0 0.261624 0 0.261624 3.16626e+006 2.78595e+006 0 0 0.0116361 0.0116361 0 0 1 0.409297 36842.9 15079.7 0 0 
2002 4 1 2 0 0 0.217799 0 0.217799 155945 140132 0 0 0.01293 0.01293 0 0 1 0.87187 2016.37 1758.01 0 0 
2002 4 1 3 0 0 0.217799 0 0.217799 7129.15 6406.21 0 0 0.015541 0.015541 0 0 1 0.94676 110.794 104.896 0 0 
2003 1 1 0 0 0 0.419368 0.00140115 0.420769 1.09842e+008 8.96602e+007 125627 197639 0.00419735 0.00419735 829.563 829.563 1 0 461047 0 0 0 
2003 1 1 1 0 0 0.26906 0.283192 0.552252 2.16123e+007 1.66068e+007 4.70292e+006 4.00332e+006 0.0124598 0.0124598 49880.6 49880.6 1 0.409297 269286 110218 0 0 
2003 1 1 2 0 0 0.215429 0.485159 0.700588 2.43739e+006 1.75243e+006 850206 594498 0.0145956 0.0145956 8677.05 8677.05 1 0.87187 35575.2 31016.9 0 0 
2003 1 1 3 0 0 0.168428 0.427962 0.59639 131159 98789.3 42278.1 68143.5 0.0227862 0.0227862 1552.73 1552.73 1 0.94676 2988.61 2829.5 0 0 
2003 2 1 0 0 0 0.294817 0.0101691 0.304986 7.21161e+007 6.21566e+007 632074 2.78563e+006 0.00578575 0.00578575 16117 16117 1 0 417246 0 0 0 
2003 2 1 1 0 0 0.228673 0.303743 0.532415 1.24412e+007 9.64642e+006 2.93003e+006 6.82628e+006 0.0107625 0.0107625 73467.6 73467.6 1 0.409297 133898 54803.9 0 0 
2003 2 1 2 0 0 0.208468 1.02997 1.23844 1.20966e+006 693660 714452 1.11591e+006 0.0144564 0.0144564 16132 16132 1 0.87187 17487.3 15246.7 0 0 
2003 2 1 3 0 0 0.203998 0.977135 1.18113 72241.7 42390.2 41421 218400 0.0166619 0.0166619 3638.96 3638.96 1 0.94676 1203.69 1139.6 0 0 
2003 3 1 0 0 0 0.258955 0.020865 0.27982 5.31592e+007 4.63695e+007 967500 713229 0.00485099 0.00485099 3459.87 3459.87 1 0 257875 0 0 0 
2003 3 1 1 0 0 0.229167 0.121663 0.35083 7.30527e+006 6.1614e+006 749616 39823.9 0.0114708 0.0114708 456.811 456.811 1 0.409297 83797.2 34297.9 0 0 
2003 3 1 2 0 0 0.225632 0.276843 0.502475 350602 275589 76295 29773.8 0.0134973 0.0134973 401.866 401.866 1 0.87187 4732.18 4125.85 0 0 
2003 3 1 3 0 0 0.225632 0.650125 0.875758 22173.2 14772.4 9603.91 26427.2 0.0141365 0.0141365 373.588 373.588 1 0.94676 313.451 296.763 0 0 
2003 4 1 0 0 0 0.382599 0 0.382599 4.01841e+007 3.33902e+007 0 0 0.00498315 0.00498315 0 0 1 0 200243 0 0 0 
2003 4 1 1 0 0 0.308147 0 0.308147 5.14367e+006 4.42667e+006 0 0 0.00922159 0.00922159 0 0 1 0.409297 47432.8 19414.1 0 0 
2003 4 1 2 0 0 0.285942 0 0.285942 212125 184493 0 0 0.0122974 0.0122974 0 0 1 0.87187 2608.59 2274.35 0 0 
2003 4 1 3 0 0 0.285942 0 0.285942 9236.17 8033.02 0 0 0.0138768 0.0138768 0 0 1 0.94676 128.168 121.345 0 0 
2004 1 1 0 0 0 0.436328 0.00209192 0.43842 1.97894e+008 1.60216e+008 335158 229309 0.00882088 0.00882088 2022.7 2022.7 1 0 1.7456e+006 0 0 0 
2004 1 1 1 0 0 0.276005 0.422807 0.698812 2.7409e+007 1.97219e+007 8.33857e+006 4.21728e+006 0.0115748 0.0115748 48814 48814 1 0.409297 317253 129850 0 0 
2004 1 1 2 0 0 0.230681 0.724345 0.955025 3.77961e+006 2.43471e+006 1.76357e+006 731500 0.0138942 0.0138942 10163.6 10163.6 1 0.87187 52514.7 45786 0 0 
2004 1 1 3 0 0 0.19195 0.638949 0.830899 166310 112957 72173.8 78913.1 0.0153571 0.0153571 1211.87 1211.87 1 0.94676 2554.04 2418.06 0 0 
2004 2 1 0 0 0 0.277951 0.0151825 0.293133 1.27653e+008 1.10645e+008 1.67986e+006 2.48068e+007 0.0040717 0.0040717 101006 101006 1 0 519764 0 0 0 
2004 2 1 1 0 0 0.216065 0.453489 0.669554 1.36271e+007 9.9333e+006 4.50464e+006 4.73569e+006 0.00936733 0.00936733 44360.7 44360.7 1 0.409297 127649 52246.5 0 0 
2004 2 1 2 0 0 0.19252 1.53776 1.73028 1.4544e+006 691584 1.06349e+006 264373 0.0126443 0.0126443 3342.81 3342.81 1 0.87187 18389.9 16033.6 0 0 
2004 2 1 3 0 0 0.184805 1.45887 1.64367 72454.3 35561.3 51879.2 53425.3 0.0152932 0.0152932 817.046 817.046 1 0.94676 1108.06 1049.07 0 0 
2004 3 1 0 0 0 0.231014 0.0311515 0.262165 9.52191e+007 8.37604e+007 2.60926e+006 5.23394e+006 0.00303718 0.00303718 15896.4 15896.4 1 0 289198 0 0 0 
2004 3 1 1 0 0 0.211859 0.181643 0.393502 6.97621e+006 5.76727e+006 1.04759e+006 309955 0.00973314 0.00973314 3016.83 3016.83 1 0.409297 67900.5 27791.4 0 0 
2004 3 1 2 0 0 0.207592 0.413328 0.620919 257772 192025 79369.4 44144.7 0.0112443 0.0112443 496.374 496.374 1 0.87187 2898.45 2527.07 0 0 
2004 3 1 3 0 0 0.207592 0.970639 1.17823 14003.2 8226.47 7984.94 15706.6 0.0129619 0.0129619 203.587 203.587 1 0.94676 181.507 171.844 0 0 
2004 4 1 0 0 0 0.375766 0 0.375766 7.32601e+007 6.10693e+007 0 0 0.0044345 0.0044345 0 0 1 0 324872 0 0 0 
2004 4 1 1 0 0 0.302347 0 0.302347 4.70678e+006 4.06184e+006 0 0 0.00933673 0.00933673 0 0 1 0.409297 43945.9 17986.9 0 0 
2004 4 1 2 0 0 0.27837 0 0.27837 138540 120928 0 0 0.0115277 0.0115277 0 0 1 0.87187 1597.04 1392.41 0 0 
2004 4 1 3 0 0 0.27837 0 0.27837 4310.5 3762.55 0 0 0.012856 0.012856 0 0 1 0.94676 55.4158 52.4655 0 0 
2005 1 1 0 0 0 0.441625 0.00148601 0.443111 6.72331e+007 5.43138e+007 80710.6 97602.3 0.00762325 0.00762325 744.047 744.047 1 0 512535 0 0 0 
2005 1 1 1 0 0 0.320547 0.300343 0.620889 5.03123e+007 3.74803e+007 1.12569e+007 1.34097e+007 0.00968125 0.00968125 129823 129823 1 0.409297 487086 199363 0 0 
2005 1 1 2 0 0 0.226986 0.514541 0.741527 3.47869e+006 2.45641e+006 1.26392e+006 479222 0.0130316 0.0130316 6245.03 6245.03 1 0.87187 45333 39524.4 0 0 
2005 1 1 3 0 0 0.215992 0.45388 0.669872 108140 78816.1 35773.1 88858.2 0.0153547 0.0153547 1364.39 1364.39 1 0.94676 1660.45 1572.05 0 0 
2005 2 1 0 0 0 0.3092 0.0107849 0.319985 4.31661e+007 3.69411e+007 398407 839944 0.00656341 0.00656341 5512.9 5512.9 1 0 283317 0 0 0 
2005 2 1 1 0 0 0.218678 0.322138 0.540816 2.70412e+007 2.08866e+007 6.72837e+006 7.90355e+006 0.0102709 0.0102709 81176.5 81176.5 1 0.409297 277737 113677 0 0 
2005 2 1 2 0 0 0.180988 1.09235 1.27334 1.6572e+006 937187 1.02374e+006 228337 0.0114919 0.0114919 2624.02 2624.02 1 0.87187 19044.4 16604.2 0 0 
2005 2 1 3 0 0 0.173733 1.03631 1.21004 55343.2 32098.6 33264.2 22051.4 0.0141083 0.0141083 311.109 311.109 1 0.94676 780.801 739.231 0 0 
2005 3 1 0 0 0 0.220471 0.0221286 0.2426 3.13455e+007 2.7833e+007 615905 1.08927e+006 0.00553011 0.00553011 6023.81 6023.81 1 0 173344 0 0 0 
2005 3 1 1 0 0 0.200812 0.129031 0.329843 1.57453e+007 1.3412e+007 1.73057e+006 5.40858e+006 0.00800437 0.00800437 43292.3 43292.3 1 0.409297 126032 51584.3 0 0 
2005 3 1 2 0 0 0.179293 0.293609 0.472902 463843 369591 108515 230703 0.0113846 0.0113846 2626.47 2626.47 1 0.87187 5280.67 4604.06 0 0 
2005 3 1 3 0 0 0.179293 0.689498 0.86879 16502.5 11027.2 7603.26 38556.8 0.0137878 0.0137878 531.614 531.614 1 0.94676 227.533 215.419 0 0 
2005 4 1 0 0 0 0.366783 0 0.366783 2.45932e+007 2.05874e+007 0 0 0.00467988 0.00467988 0 0 1 0 115093 0 0 0 
2005 4 1 1 0 0 0.291321 0 0.291321 1.13215e+007 9.82151e+006 0 0 0.00866036 0.00866036 0 0 1 0.409297 98048.1 40130.8 0 0 
2005 4 1 2 0 0 0.224992 0 0.224992 289063 258852 0 0 0.011549 0.011549 0 0 1 0.87187 3338.39 2910.64 0 0 
2005 4 1 3 0 0 0.224992 0 0.224992 6922.1 6198.65 0 0 0.0130322 0.0130322 0 0 1 0.94676 90.2104 85.4077 0 0 
2006 1 1 0 0 0 0.503924 0.0018695 0.505793 8.59714e+007 6.74749e+007 126144 0 0.00632446 0.00632446 0 0 1 0 543723 0 0 0 
2006 1 1 1 0 0 0.314539 0.377851 0.692391 1.70421e+007 1.22974e+007 4.64659e+006 1.9877e+006 0.0108138 0.0108138 21494.6 21494.6 1 0.409297 184290 75429.4 0 0 
2006 1 1 2 0 0 0.225625 0.647328 0.872952 8.46027e+006 5.64323e+006 3.65302e+006 1.4018e+006 0.0133425 0.0133425 18703.5 18703.5 1 0.87187 112881 98417.7 0 0 
2006 1 1 3 0 0 0.21463 0.571012 0.785642 236351 163708 93479.1 295158 0.0152372 0.0152372 4497.37 4497.37 1 0.94676 3601.32 3409.58 0 0 
2006 2 1 0 0 0 0.264692 0.0135682 0.27826 5.18431e+007 4.52551e+007 614028 319709 0.00553065 0.00553065 1768.2 1768.2 1 0 286726 0 0 0 
2006 2 1 1 0 0 0.211573 0.405271 0.616844 8.5275e+006 6.36413e+006 2.5792e+006 493221 0.0142716 0.0142716 7039.07 7039.07 1 0.409297 121701 49811.9 0 0 
2006 2 1 2 0 0 0.172426 1.37425 1.54668 3.53399e+006 1.79832e+006 2.47134e+006 1.00384e+006 0.0158443 0.0158443 15905.1 15905.1 1 0.87187 55993.8 48819.3 0 0 
2006 2 1 3 0 0 0.166197 1.30375 1.46995 107735 56439.2 73582.6 235542 0.0179666 0.0179666 4231.89 4231.89 1 0.94676 1935.63 1832.58 0 0 
2006 3 1 0 0 0 0.217051 0.0278393 0.24489 3.92504e+007 3.48138e+007 969192 176742 0.00406707 0.00406707 718.822 718.822 1 0 159634 0 0 0 
2006 3 1 1 0 0 0.196865 0.16233 0.359195 4.60182e+006 3.86602e+006 627570 129541 0.00954634 0.00954634 1236.64 1236.64 1 0.409297 43930.6 17980.6 0 0 
2006 3 1 2 0 0 0.172491 0.36938 0.541871 752579 581014 214615 176585 0.0129454 0.0129454 2285.96 2285.96 1 0.87187 9742.46 8494.15 0 0 
2006 3 1 3 0 0 0.172491 0.867435 1.03993 24772.4 15400.9 13359.3 10932.9 0.0134327 0.0134327 146.857 146.857 1 0.94676 332.759 315.043 0 0 
2006 4 1 0 0 0 0.364286 0 0.364286 3.07248e+007 2.57504e+007 0 0 0.00500778 0.00500778 0 0 1 0 153863 0 0 0 
2006 4 1 1 0 0 0.277221 0 0.277221 3.21317e+006 2.80624e+006 0 0 0.00926717 0.00926717 0 0 1 0.409297 29777 12187.6 0 0 
2006 4 1 2 0 0 0.20233 0 0.20233 437745 396302 0 0 0.0123582 0.0123582 0 0 1 0.87187 5409.74 4716.59 0 0 
2006 4 1 3 0 0 0.20233 0 0.20233 8756.56 7927.54 0 0 0.0139454 0.0139454 0 0 1 0.94676 122.113 115.612 0 0 
2007 1 1 0 0 0 0.480078 0.00177497 0.481853 6.19314e+007 4.91441e+007 87229.2 0 0.00632446 0.00632446 0 0 1 0 391683 0 0 0 
2007 1 1 1 0 0 0.312223 0.358746 0.670969 2.13443e+007 1.55489e+007 5.57811e+006 1.69327e+006 0.0118823 0.0118823 20120 20120 1 0.409297 253620 103806 0 0 
2007 1 1 2 0 0 0.204242 0.614597 0.818839 2.43522e+006 1.66263e+006 1.02185e+006 189551 0.013077 0.013077 2478.75 2478.75 1 0.87187 31845.3 27764.9 0 0 
2007 1 1 3 0 0 0.184123 0.54214 0.726263 364714 259268 140560 67672.1 0.0149193 0.0149193 1009.62 1009.62 1 0.94676 5441.27 5151.58 0 0 
2007 2 1 0 0 0 0.287492 0.0128821 0.300374 3.82512e+007 3.30408e+007 425636 609939 0.0064593 0.0064593 3939.77 3939.77 1 0 247076 0 0 0 
2007 2 1 1 0 0 0.221759 0.384779 0.606539 1.09115e+007 8.18112e+006 3.14793e+006 4.1868e+006 0.0101356 0.0101356 42435.8 42435.8 1 0.409297 110595 45266.1 0 0 
2007 2 1 2 0 0 0.170203 1.30477 1.47497 1.07379e+006 561452 732563 1.68165e+006 0.0126503 0.0126503 21273.4 21273.4 1 0.87187 13583.8 11843.3 0 0 
2007 2 1 3 0 0 0.16633 1.23783 1.40416 176417 94785.2 117328 254768 0.0151201 0.0151201 3852.12 3852.12 1 0.94676 2667.45 2525.43 0 0 
2007 3 1 0 0 0 0.210233 0.0264317 0.236664 2.83266e+007 2.52241e+007 666716 404452 0.00454597 0.00454597 1838.63 1838.63 1 0 128772 0 0 0 
2007 3 1 1 0 0 0.174755 0.154122 0.328877 5.94933e+006 5.07001e+006 781400 329724 0.00752162 0.00752162 2480.06 2480.06 1 0.409297 44748.5 18315.4 0 0 
2007 3 1 2 0 0 0.152118 0.350703 0.502821 245669 193076 67712.5 19674.8 0.0106344 0.0106344 209.23 209.23 1 0.87187 2612.54 2277.8 0 0 
2007 3 1 3 0 0 0.152118 0.823575 0.975692 43323.3 27665.9 22784.9 20963.7 0.012615 0.012615 264.458 264.458 1 0.94676 546.525 517.428 0 0 
2007 4 1 0 0 0 0.312345 0 0.312345 2.23569e+007 1.92022e+007 0 0 0.00478391 0.00478391 0 0 1 0 106954 0 0 0 
2007 4 1 1 0 0 0.237467 0 0.237467 4.28192e+006 3.81147e+006 0 0 0.00885288 0.00885288 0 0 1 0.409297 37907.3 15515.3 0 0 
2007 4 1 2 0 0 0.175019 0 0.175019 148586 136310 0 0 0.0118057 0.0118057 0 0 1 0.87187 1754.17 1529.4 0 0 
2007 4 1 3 0 0 0.175019 0 0.175019 16329.9 14980.7 0 0 0.0133219 0.0133219 0 0 1 0.94676 217.546 205.964 0 0 
2008 1 1 0 0 0 0.477842 0.00148213 0.479324 1.456e+008 1.15672e+008 171442 11590.1 0.0088033 0.0088033 102.031 102.031 1 0 1.28176e+006 0 0 0 
2008 1 1 1 0 0 0.306642 0.29956 0.606202 1.63592e+007 1.22675e+007 3.67486e+006 422430 0.0103084 0.0103084 4354.55 4354.55 1 0.409297 168637 69022.4 0 0 
2008 1 1 2 0 0 0.187455 0.513201 0.700655 3.37682e+006 2.42778e+006 1.24594e+006 1.44794e+006 0.0114418 0.0114418 16567.1 16567.1 1 0.87187 38637 33686.4 0 0 
2008 1 1 3 0 0 0.166284 0.452698 0.618982 138437 103218 46726.3 329770 0.0131112 0.0131112 4323.67 4323.67 1 0.94676 1815.07 1718.44 0 0 
2008 2 1 0 0 0 0.268767 0.0107568 0.279524 9.01561e+007 7.86521e+007 846046 2.08719e+006 0.00438032 0.00438032 9142.56 9142.56 1 0 394913 0 0 0 
2008 2 1 1 0 0 0.20333 0.321298 0.524628 8.92262e+006 6.94289e+006 2.23074e+006 1.90176e+006 0.0076229 0.0076229 14496.9 14496.9 1 0.409297 68016.2 27838.8 0 0 
2008 2 1 2 0 0 0.156934 1.08951 1.24644 1.67578e+006 957887 1.04362e+006 1.00663e+006 0.0125573 0.0125573 12640.5 12640.5 1 0.87187 21043.2 18346.9 0 0 
2008 2 1 3 0 0 0.151074 1.03361 1.18469 74547.3 43680.4 45148.6 260966 0.0141844 0.0141844 3701.64 3701.64 1 0.94676 1057.41 1001.11 0 0 
2008 3 1 0 0 0 0.200369 0.022071 0.22244 6.81709e+007 6.11212e+007 1.349e+006 893785 0.00340017 0.00340017 3039.02 3039.02 1 0 231792 0 0 0 
2008 3 1 1 0 0 0.173103 0.128695 0.301798 5.28019e+006 4.55787e+006 586575 131774 0.00755089 0.00755089 995.01 995.01 1 0.409297 39870.1 16318.7 0 0 
2008 3 1 2 0 0 0.166628 0.292844 0.459472 481831 386310 113129 41691.7 0.00823804 0.00823804 343.458 343.458 1 0.87187 3969.35 3460.75 0 0 
2008 3 1 3 0 0 0.166628 0.687701 0.854329 22799.7 15330 10542.5 21858.3 0.00846626 0.00846626 185.058 185.058 1 0.94676 193.028 182.752 0 0 
2008 4 1 0 0 0 0.303983 0 0.303983 5.45751e+007 4.70605e+007 0 0 0.00443333 0.00443333 0 0 1 0 241949 0 0 0 
2008 4 1 1 0 0 0.225445 0 0.225445 3.90463e+006 3.49579e+006 0 0 0.00681496 0.00681496 0 0 1 0.409297 26609.9 10891.3 0 0 
2008 4 1 2 0 0 0.196899 0 0.196899 304333 276245 0 0 0.00901116 0.00901116 0 0 1 0.87187 2742.39 2391.01 0 0 
2008 4 1 3 0 0 0.196899 0 0.196899 9702.85 8807.33 0 0 0.00809501 0.00809501 0 0 1 0.94676 78.5446 74.3629 0 0 
2009 1 1 0 0 0 0.444163 0.00100705 0.44517 1.17542e+008 9.48647e+007 95533.6 0 0.00632446 0.00632446 0 0 1 0 743387 0 0 0 
2009 1 1 1 0 0 0.362029 0.203539 0.565568 4.02695e+007 3.07566e+007 6.26017e+006 4.77695e+006 0.00958163 0.00958163 45770.9 45770.9 1 0.409297 385848 157926 0 0 
2009 1 1 2 0 0 0.233127 0.348699 0.581826 3.11653e+006 2.36286e+006 823927 219922 0.0123214 0.0123214 2709.75 2709.75 1 0.87187 38400 33479.8 0 0 
2009 1 1 3 0 0 0.16233 0.30759 0.469921 257909 205785 63297.4 39036.7 0.0142217 0.0142217 555.168 555.168 1 0.94676 3667.9 3472.62 0 0 
2009 2 1 0 0 0 0.32704 0.00730883 0.334349 7.53107e+007 6.4014e+007 467867 231412 0.00459781 0.00459781 1063.99 1063.99 1 0 346264 0 0 0 
2009 2 1 1 0 0 0.20019 0.218309 0.418499 2.28746e+007 1.86914e+007 4.08051e+006 8.16393e+006 0.00954441 0.00954441 77919.8 77919.8 1 0.409297 218324 89359.5 0 0 
2009 2 1 2 0 0 0.157572 0.740275 0.897847 1.74175e+006 1.14951e+006 850953 554425 0.0130278 0.0130278 7222.95 7222.95 1 0.87187 22691.3 19783.8 0 0 
2009 2 1 3 0 0 0.150078 0.702298 0.852376 161207 108483 76187.2 137328 0.0160173 0.0160173 2199.62 2199.62 1 0.94676 2582.09 2444.62 0 0 
2009 3 1 0 0 0 0.190446 0.0149963 0.205442 5.39077e+007 4.87307e+007 730783 168362 0.00429631 0.00429631 723.337 723.337 1 0 231604 0 0 0 
2009 3 1 1 0 0 0.169703 0.0874431 0.257146 1.50523e+007 1.32727e+007 1.16061e+006 3.38511e+006 0.00773802 0.00773802 26194 26194 1 0.409297 116475 47672.7 0 0 
2009 3 1 2 0 0 0.163423 0.198976 0.362399 709670 595301 118451 519516 0.0103483 0.0103483 5376.09 5376.09 1 0.87187 7343.87 6402.89 0 0 
2009 3 1 3 0 0 0.163423 0.467266 0.630689 68738.6 50982.7 23822.5 88967.4 0.0134745 0.0134745 1198.79 1198.79 1 0.94676 926.222 876.91 0 0 
2009 4 1 0 0 0 0.292535 0 0.292535 4.38963e+007 3.80586e+007 0 0 0.00866643 0.00866643 0 0 1 0 380425 0 0 0 
2009 4 1 1 0 0 0.215318 0 0.215318 1.16392e+007 1.04715e+007 0 0 0.00962278 0.00962278 0 0 1 0.409297 112002 45842 0 0 
2009 4 1 2 0 0 0.189694 0 0.189694 493934 449912 0 0 0.0104659 0.0104659 0 0 1 0.87187 5169.46 4507.1 0 0 
2009 4 1 3 0 0 0.189694 0 0.189694 36584.4 33323.9 0 0 0.0141411 0.0141411 0 0 1 0.94676 517.345 489.802 0 0 
2010 1 1 0 0 0 0.527185 0.0011391 0.528324 1.23379e+008 9.58421e+007 109174 12413.8 0.00663171 0.00663171 82.3246 82.3246 1 0 818213 0 0 0 
2010 1 1 1 0 0 0.412451 0.230228 0.642679 3.27629e+007 2.41699e+007 5.5646e+006 1.73217e+006 0.00800228 0.00800228 13861.3 13861.3 1 0.409297 262178 107309 0 0 
2010 1 1 2 0 0 0.312095 0.394423 0.706518 9.38454e+006 6.72962e+006 2.65431e+006 689166 0.00966617 0.00966617 6661.59 6661.59 1 0.87187 90712.6 79089.6 0 0 
2010 1 1 3 0 0 0.170493 0.347923 0.518417 438851 342450 119146 90040.4 0.013676 0.013676 1231.39 1231.39 1 0.94676 6001.73 5682.2 0 0 
2010 2 1 0 0 0 0.395296 0.00826721 0.403563 7.27433e+007 5.98554e+007 494837 349703 0.004735 0.004735 1655.85 1655.85 1 0 344440 0 0 0 
2010 2 1 1 0 0 0.217096 0.246935 0.464031 1.72294e+007 1.37847e+007 3.40392e+006 3.10542e+006 0.00940284 0.00940284 29199.7 29199.7 1 0.409297 162005 66308.3 0 0 
2010 2 1 2 0 0 0.179411 0.837345 1.01676 4.62995e+006 2.90629e+006 2.43357e+006 3.01129e+006 0.0114081 0.0114081 34353.1 34353.1 1 0.87187 52819 46051.2 0 0 
2010 2 1 3 0 0 0.164153 0.794387 0.95854 261319 168085 133524 2.15739e+006 0.0147725 0.0147725 31869.9 31869.9 1 0.94676 3860.33 3654.81 0 0 
2010 3 1 0 0 0 0.206689 0.0169628 0.223652 4.85878e+007 4.35379e+007 738522 298472 0.0049912 0.0049912 1489.73 1489.73 1 0 242511 0 0 0 
2010 3 1 1 0 0 0.182157 0.0989092 0.281066 1.08329e+007 9.44365e+006 934063 2.4124e+006 0.0072118 0.0072118 17397.8 17397.8 1 0.409297 78124.5 31976.1 0 0 
2010 3 1 2 0 0 0.159284 0.225067 0.384351 1.67496e+006 1.39064e+006 312986 683264 0.00941573 0.00941573 6433.42 6433.42 1 0.87187 15771 13750.2 0 0 
2010 3 1 3 0 0 0.159284 0.528536 0.68782 100204 72452.3 38293.7 90603 0.0130153 0.0130153 1179.23 1179.23 1 0.94676 1304.18 1234.75 0 0 
2010 4 1 0 0 0 0.308964 0 0.308964 3.88505e+007 3.3422e+007 0 0 0.00384724 0.00384724 0 0 1 0 149467 0 0 0 
2010 4 1 1 0 0 0.226391 0 0.226391 8.17859e+006 7.31889e+006 0 0 0.00711952 0.00711952 0 0 1 0.409297 58227.6 23832.4 0 0 
2010 4 1 2 0 0 0.196778 0 0.196778 1.14047e+006 1.03527e+006 0 0 0.00949421 0.00949421 0 0 1 0.87187 10827.9 9440.48 0 0 
2010 4 1 3 0 0 0.196778 0 0.196778 50369.4 45723.2 0 0 0.0107135 0.0107135 0 0 1 0.94676 539.634 510.904 0 0 
2011 1 1 0 0 0 0.510709 0.00102654 0.511736 9.22292e+007 7.21896e+007 74105.4 2469.28 0.00515453 0.00515453 12.728 12.728 1 0 475398 0 0 0 
2011 1 1 1 0 0 0.436909 0.207478 0.644387 2.85243e+007 2.1027e+007 4.36263e+006 1.84721e+006 0.00850677 0.00850677 15713.8 15713.8 1 0.409297 242650 99315.9 0 0 
2011 1 1 2 0 0 0.385712 0.355447 0.741159 6.52166e+006 4.60588e+006 1.63715e+006 1.10502e+006 0.010108 0.010108 11169.5 11169.5 1 0.87187 65920.9 57474.4 0 0 
2011 1 1 3 0 0 0.181774 0.313542 0.495316 978122 771378 241859 281708 0.0134156 0.0134156 3779.28 3779.28 1 0.94676 13122.1 12423.5 0 0 
2011 2 1 0 0 0 0.380865 0.00745026 0.388315 5.52872e+007 4.58171e+007 341350 420004 0.0043622 0.0043622 1832.14 1832.14 1 0 241174 0 0 0 
2011 2 1 1 0 0 0.2385 0.222534 0.461034 1.49748e+007 1.19975e+007 2.66984e+006 4.23406e+006 0.00885539 0.00885539 37494.2 37494.2 1 0.409297 132608 54276 0 0 
2011 2 1 2 0 0 0.19339 0.7546 0.94799 3.10797e+006 2.00801e+006 1.51524e+006 2.91797e+006 0.0113763 0.0113763 33195.8 33195.8 1 0.87187 35357.3 30826.9 0 0 
2011 2 1 3 0 0 0.179386 0.715888 0.895273 596047 393806 281921 999295 0.0145475 0.0145475 14537.3 14537.3 1 0.94676 8670.99 8209.35 0 0 
2011 3 1 0 0 0 0.228674 0.0152865 0.24396 3.74957e+007 3.32723e+007 508618 57320.2 0.00420793 0.00420793 241.199 241.199 1 0 157779 0 0 0 
2011 3 1 1 0 0 0.2021 0.0891352 0.291235 9.4436e+006 8.19276e+006 730263 250247 0.0101804 0.0101804 2547.61 2547.61 1 0.409297 96139.4 39349.6 0 0 
2011 3 1 2 0 0 0.17924 0.202826 0.382066 1.2044e+006 1.00102e+006 203034 95834.3 0.012779 0.012779 1224.67 1224.67 1 0.87187 15391.1 13419 0 0 
2011 3 1 3 0 0 0.17924 0.476307 0.655547 243483 178594 85065.6 42265.8 0.0171283 0.0171283 723.94 723.94 1 0.94676 4170.44 3948.4 0 0 
2011 4 1 0 0 0 0.338047 0 0.338047 2.93786e+007 2.49282e+007 0 0 0.00497387 0.00497387 0 0 1 0 146125 0 0 0 
2011 4 1 1 0 0 0.25361 0 0.25361 7.05758e+006 6.23373e+006 0 0 0.0092044 0.0092044 0 0 1 0.409297 64960.8 26588.2 0 0 
2011 4 1 2 0 0 0.224318 0 0.224318 821942 736277 0 0 0.0122745 0.0122745 0 0 1 0.87187 10088.9 8796.22 0 0 
2011 4 1 3 0 0 0.224318 0 0.224318 126406 113232 0 0 0.0138509 0.0138509 0 0 1 0.94676 1750.84 1657.62 0 0 
2012 1 1 0 0 0 0.509197 0.00155649 0.510754 7.38083e+007 5.77972e+007 89960.9 147896 0.00849014 0.00849014 1255.66 1255.66 1 0 626643 0 0 0 
2012 1 1 1 0 0 0.431549 0.314589 0.746138 2.09517e+007 1.47647e+007 4.64482e+006 2.5277e+006 0.00866407 0.00866407 21900.2 21900.2 1 0.409297 181527 74298.4 0 0 
2012 1 1 2 0 0 0.34403 0.538948 0.882978 5.47664e+006 3.63744e+006 1.96039e+006 729427 0.0105978 0.0105978 7730.31 7730.31 1 0.87187 58040.3 50603.6 0 0 
2012 1 1 3 0 0 0.176187 0.47541 0.651597 757788 556815 264715 121665 0.0150296 0.0150296 1828.58 1828.58 1 0.94676 11389.2 10782.9 0 0 
2012 2 1 0 0 0 0.368348 0.0112965 0.379644 4.42881e+007 3.68514e+007 416291 187098 0.00719126 0.00719126 1345.47 1345.47 1 0 318488 0 0 0 
2012 2 1 1 0 0 0.23833 0.337418 0.575748 9.93517e+006 7.55328e+006 2.54861e+006 3.75623e+006 0.00866592 0.00866592 32551.2 32551.2 1 0.409297 86097.4 35239.4 0 0 
2012 2 1 2 0 0 0.19095 1.14417 1.33512 2.26486e+006 1.25001e+006 1.43022e+006 1.69025e+006 0.011949 0.011949 20196.8 20196.8 1 0.87187 27062.8 23595.3 0 0 
2012 2 1 3 0 0 0.178242 1.08547 1.26371 394969 224220 243384 281071 0.0152363 0.0152363 4282.49 4282.49 1 0.94676 6017.87 5697.48 0 0 
2012 3 1 0 0 0 0.218933 0.0231783 0.242112 3.02977e+007 2.69089e+007 623702 78240.3 0.0039855 0.0039855 311.827 311.827 1 0 120752 0 0 0 
2012 3 1 1 0 0 0.175767 0.135152 0.310919 5.58639e+006 4.80136e+006 648911 463743 0.00692114 0.00692114 3209.63 3209.63 1 0.409297 38664.2 15825.1 0 0 
2012 3 1 2 0 0 0.145276 0.307536 0.452812 595948 479276 147395 86910 0.0112522 0.0112522 977.933 977.933 1 0.87187 6705.76 5846.55 0 0 
2012 3 1 3 0 0 0.145276 0.722203 0.867479 111620 74628.2 53896.7 30156.6 0.014584 0.014584 439.805 439.805 1 0.94676 1627.87 1541.2 0 0 
2012 4 1 0 0 0 0.291783 0 0.291783 2.37828e+007 2.06273e+007 0 0 0.00472648 0.00472648 0 0 1 0 112409 0 0 0 
2012 4 1 1 0 0 0.225115 0 0.225115 4.09356e+006 3.66551e+006 0 0 0.0087466 0.0087466 0 0 1 0.409297 35804.7 14654.8 0 0 
2012 4 1 2 0 0 0.17962 0 0.17962 378926 346844 0 0 0.011664 0.011664 0 0 1 0.87187 4419.8 3853.49 0 0 
2012 4 1 3 0 0 0.17962 0 0.17962 46881.2 42912 0 0 0.013162 0.013162 0 0 1 0.94676 617.051 584.199 0 0 
2013 1 1 0 0 0 0.39911 0.0013361 0.400446 1.78362e+008 1.46975e+008 196373 10002.5 0.00611047 0.00611047 61.1198 61.1198 1 0 1.08987e+006 0 0 0 
2013 1 1 1 0 0 0.367119 0.270045 0.637163 1.77641e+007 1.31373e+007 3.54766e+006 1.97336e+006 0.0095783 0.0095783 18901.5 18901.5 1 0.409297 170150 69641.7 0 0 
2013 1 1 2 0 0 0.285316 0.462635 0.747951 3.2684e+006 2.30142e+006 1.06472e+006 411558 0.0120237 0.0120237 4948.47 4948.47 1 0.87187 39298.4 34263 0 0 
2013 1 1 3 0 0 0.149522 0.408094 0.557616 355800 272730 111299 72704.6 0.0150402 0.0150402 1093.49 1093.49 1 0.94676 5351.3 5066.4 0 0 
2013 2 1 0 0 0 0.271071 0.00969695 0.280768 1.19506e+008 1.04195e+008 1.01038e+006 462029 0.00430684 0.00430684 1989.88 1989.88 1 0 514694 0 0 0 
2013 2 1 1 0 0 0.208518 0.289641 0.498159 9.39347e+006 7.39833e+006 2.14286e+006 2.17697e+006 0.00970972 0.00970972 21137.8 21137.8 1 0.409297 91208 37331.1 0 0 
2013 2 1 2 0 0 0.163763 0.982157 1.14592 1.54705e+006 920826 904396 745578 0.0124183 0.0124183 9258.79 9258.79 1 0.87187 19211.7 16750.1 0 0 
2013 2 1 3 0 0 0.157688 0.93177 1.08946 203721 124089 115622 144434 0.0155616 0.0155616 2247.62 2247.62 1 0.94676 3170.22 3001.44 0 0 
2013 3 1 0 0 0 0.206458 0.0198963 0.226354 9.02514e+007 8.0766e+007 1.60695e+006 193678 0.0025976 0.0025976 503.1 503.1 1 0 234437 0 0 0 
2013 3 1 1 0 0 0.174999 0.116015 0.291014 5.70793e+006 4.95242e+006 574553 1553.69 0.00510353 0.00510353 7.92932 7.92932 1 0.409297 29130.6 11923 0 0 
2013 3 1 2 0 0 0.148285 0.26399 0.412276 491855 403073 106407 2446.72 0.00710195 0.00710195 17.3765 17.3765 1 0.87187 3493.13 3045.55 0 0 
2013 3 1 3 0 0 0.148285 0.619942 0.768227 68531.6 47829.9 29651.8 4794.06 0.00837077 0.00837077 40.13 40.13 1 0.94676 573.662 543.12 0 0 
2013 4 1 0 0 0 0.269965 0 0.269965 7.19697e+007 6.30733e+007 0 0 0.00218666 0.00218666 0 0 1 0 157373 0 0 0 
2013 4 1 1 0 0 0.220852 0 0.220852 4.26671e+006 3.8284e+006 0 0 0.00944896 0.00944896 0 0 1 0.409297 40315.9 16501.2 0 0 
2013 4 1 2 0 0 0.178284 0 0.178284 325678 298297 0 0 0.0127916 0.0127916 0 0 1 0.87187 4165.93 3632.15 0 0 
2013 4 1 3 0 0 0.178284 0 0.178284 31787.3 29114.9 0 0 0.0152721 0.0152721 0 0 1 0.94676 485.458 459.613 0 0 
2014 1 1 0 0 0 0.366997 0.000662292 0.367659 1.91516e+008 1.60256e+008 106136 2.64087e+006 0.00859201 0.00859201 22690.4 22690.4 1 0 1.64551e+006 0 0 0 
2014 1 1 1 0 0 0.335006 0.133859 0.468865 5.49421e+007 4.38595e+007 5.87097e+006 9.49901e+006 0.00856306 0.00856306 81340.6 81340.6 1 0.409297 470473 192563 0 0 
2014 1 1 2 0 0 0.245037 0.229324 0.474361 3.4212e+006 2.72418e+006 624720 627237 0.0103939 0.0103939 6519.42 6519.42 1 0.87187 35559.5 31003.2 0 0 
2014 1 1 3 0 0 0.139866 0.202288 0.342154 299093 253294 51238.3 105519 0.0168023 0.0168023 1772.95 1772.95 1 0.94676 5025.43 4757.88 0 0 
2014 2 1 0 0 0 0.2574 0.00480669 0.262207 1.32597e+008 1.16638e+008 560642 1.21508e+006 0.0070411 0.0070411 8555.5 8555.5 1 0 933628 0 0 0 
2014 2 1 1 0 0 0.198342 0.143572 0.341914 3.4378e+007 2.91171e+007 4.18041e+006 4.04624e+006 0.00792253 0.00792253 32056.5 32056.5 1 0.409297 272360 111476 0 0 
2014 2 1 2 0 0 0.166907 0.486846 0.653753 2.12895e+006 1.56283e+006 760857 323320 0.0115736 0.0115736 3741.99 3741.99 1 0.87187 24639.7 21482.6 0 0 
2014 2 1 3 0 0 0.153553 0.461869 0.615422 212427 158637 73269.7 92685 0.0138705 0.0138705 1285.59 1285.59 1 0.94676 2946.47 2789.6 0 0 
2014 3 1 0 0 0 0.211477 0.00986242 0.22134 1.02014e+008 9.15127e+007 902537 1.75594e+006 0.00530595 0.00530595 9316.95 9316.95 1 0 541280 0 0 0 
2014 3 1 1 0 0 0.180861 0.0575074 0.238368 2.44224e+007 2.17298e+007 1.24962e+006 2.49688e+006 0.00828295 0.00828295 20681.6 20681.6 1 0.409297 202290 82796.6 0 0 
2014 3 1 2 0 0 0.153405 0.130857 0.284262 1.10725e+006 963782 126118 177328 0.0115521 0.0115521 2048.51 2048.51 1 0.87187 12791 11152.1 0 0 
2014 3 1 3 0 0 0.153405 0.307299 0.460704 114798 91987.6 28267.7 21685.2 0.0118834 0.0118834 257.693 257.693 1 0.94676 1364.19 1291.56 0 0 
2014 4 1 0 0 0 0.271934 0 0.271934 8.17583e+007 7.15846e+007 0 0 0.00650406 0.00650406 0 0 1 0 531761 0 0 0 
2014 4 1 1 0 0 0.227089 0 0.227089 1.92427e+007 1.72143e+007 0 0 0.00986695 0.00986695 0 0 1 0.409297 189867 77712 0 0 
2014 4 1 2 0 0 0.183693 0 0.183693 833280 761225 0 0 0.0101343 0.0101343 0 0 1 0.87187 8444.71 7362.68 0 0 
2014 4 1 3 0 0 0.183693 0 0.183693 72419.3 66157.1 0 0 0.0115319 0.0115319 0 0 1 0.94676 835.133 790.67 0 0 
2015 1 1 0 0 0 0.365098 0.00158999 0.366688 1.15892e+008 9.70192e+007 154260 1.68264e+006 0.00760931 0.00760931 12803.7 12803.7 1 0 881856 0 0 0 
2015 1 1 1 0 0 0.339272 0.32136 0.660632 6.2292e+007 4.55876e+007 1.465e+007 1.29478e+007 0.0081576 0.0081576 105623 105623 1 0.409297 508154 207986 0 0 
2015 1 1 2 0 0 0.249068 0.550547 0.799616 1.53336e+007 1.05565e+007 5.81183e+006 2.92687e+006 0.0104274 0.0104274 30519.6 30519.6 1 0.87187 159889 139403 0 0 
2015 1 1 3 0 0 0.139477 0.485641 0.625119 753715 560419 272163 161595 0.0149709 0.0149709 2419.22 2419.22 1 0.94676 11283.8 10683 0 0 
2015 2 1 0 0 0 0.237086 0.0115396 0.248626 8.0316e+007 7.11102e+007 820584 615375 0.00717827 0.00717827 4417.33 4417.33 1 0 576530 0 0 0 
2015 2 1 1 0 0 0.193542 0.34468 0.538222 3.21754e+007 2.48817e+007 8.57621e+006 1.08621e+007 0.00877419 0.00877419 95305.9 95305.9 1 0.409297 282313 115550 0 0 
2015 2 1 2 0 0 0.163729 1.16879 1.33252 6.89247e+006 3.80794e+006 4.45069e+006 1.63243e+006 0.010944 0.010944 17865.3 17865.3 1 0.87187 75431.4 65766.3 0 0 
2015 2 1 3 0 0 0.14918 1.10883 1.25801 403387 229519 254497 226924 0.0154799 0.0154799 3512.76 3512.76 1 0.94676 6244.4 5911.95 0 0 
2015 3 1 0 0 0 0.21229 0.0236771 0.235967 6.26362e+007 5.57947e+007 1.32106e+006 374504 0.00381443 0.00381443 1428.52 1428.52 1 0 238922 0 0 0 
2015 3 1 1 0 0 0.177209 0.13806 0.315269 1.87835e+007 1.61107e+007 2.22425e+006 1.92603e+006 0.00783325 0.00783325 15087.1 15087.1 1 0.409297 147136 60222.3 0 0 
2015 3 1 2 0 0 0.148989 0.314155 0.463144 1.81832e+006 1.45537e+006 457212 733105 0.0107331 0.0107331 7868.52 7868.52 1 0.87187 19516.2 17015.6 0 0 
2015 3 1 3 0 0 0.148989 0.737746 0.886735 114650 76025.5 56087.6 90222.5 0.015252 0.015252 1376.07 1376.07 1 0.94676 1748.65 1655.55 0 0 
2015 4 1 0 0 0 0.277894 0 0.277894 4.94705e+007 4.31915e+007 0 0 0.00441469 0.00441469 0 0 1 0 218397 0 0 0 
2015 4 1 1 0 0 0.224352 0 0.224352 1.37043e+007 1.22758e+007 0 0 0.00816961 0.00816961 0 0 1 0.409297 111959 45824.4 0 0 
2015 4 1 2 0 0 0.180532 0 0.180532 1.14427e+006 1.04693e+006 0 0 0.0108946 0.0108946 0 0 1 0.87187 12466.3 10869 0 0 
2015 4 1 3 0 0 0.180532 0 0.180532 47235.8 43217.4 0 0 0.0122937 0.0122937 0 0 1 0.94676 580.704 549.788 0 0 
2016 1 1 0 0 0 0.377068 0.00250084 0.379569 2.5239e+008 2.10016e+008 525218 4.45062e+006 0.00409519 0.00409519 18226.1 18226.1 1 0 1.03358e+006 0 0 0 
2016 1 1 1 0 0 0.347132 0.505455 0.852588 3.74678e+007 2.52114e+007 1.27432e+007 1.2775e+007 0.00774155 0.00774155 98898.6 98898.6 1 0.409297 290059 118720 0 0 
2016 1 1 2 0 0 0.259807 0.865936 1.12574 1.09502e+007 6.57151e+006 5.69051e+006 4.53737e+006 0.01117 0.01117 50682.3 50682.3 1 0.87187 122314 106641 0 0 
2016 1 1 3 0 0 0.142955 0.763848 0.906804 994700 653975 499538 439570 0.0144957 0.0144957 6371.89 6371.89 1 0.94676 14418.9 13651.3 0 0 
2016 2 1 0 0 0 0.255186 0.0181503 0.273336 1.72674e+008 1.51086e+008 2.74225e+006 3.59324e+006 0.00507121 0.00507121 18222.1 18222.1 1 0 875667 0 0 0 
2016 2 1 1 0 0 0.200134 0.542135 0.742269 1.59729e+007 1.12753e+007 6.11272e+006 1.45184e+006 0.00744878 0.00744878 10814.5 10814.5 1 0.409297 118979 48697.6 0 0 
2016 2 1 2 0 0 0.1648 1.83835 2.00315 3.55237e+006 1.53415e+006 2.82029e+006 1.25121e+006 0.0118253 0.0118253 14795.9 14795.9 1 0.87187 42007.8 36625.3 0 0 
2016 2 1 3 0 0 0.153473 1.74404 1.89751 401673 179944 313829 301252 0.0145126 0.0145126 4371.94 4371.94 1 0.94676 5829.3 5518.95 0 0 
2016 3 1 0 0 0 0.21229 0.0372409 0.24953 1.31377e+008 1.16268e+008 4.32992e+006 533954 0.0072883 0.0072883 3891.62 3891.62 1 0 957513 0 0 0 
2016 3 1 1 0 0 0.177209 0.21715 0.394359 7.60363e+006 6.28344e+006 1.36445e+006 47714.9 0.0143193 0.0143193 683.247 683.247 1 0.409297 108879 44563.9 0 0 
2016 3 1 2 0 0 0.148989 0.494123 0.643112 479250 353484 174665 7357.78 0.0199265 0.0199265 146.615 146.615 1 0.87187 9549.75 8326.14 0 0 
2016 3 1 3 0 0 0.148989 1.16038 1.30936 60227.3 33578.5 38963.6 2717.95 0.0234865 0.0234865 63.835 63.835 1 0.94676 1414.53 1339.22 0 0 
2016 4 1 0 0 0 0.277894 0 0.277894 1.02364e+008 8.9372e+007 0 0 0.00760257 0.00760257 0 0 1 0 778232 0 0 0 
2016 4 1 1 0 0 0.224352 0 0.224352 5.1257e+006 4.59141e+006 0 0 0.0140689 0.0140689 0 0 1 0.409297 72113.2 29515.7 0 0 
2016 4 1 2 0 0 0.180532 0 0.180532 251920 230489 0 0 0.0187616 0.0187616 0 0 1 0.87187 4726.41 4120.82 0 0 
2016 4 1 3 0 0 0.180532 0 0.180532 16260.9 14877.6 0 0 0.0211711 0.0211711 0 0 1 0.94676 344.261 325.933 0 0 
2017 1 1 0 0 0  -1 -1 -1 0  -1  -1  -1 0.00409519  -1 -1 -1 -1  -1 0 0 0 0 
2017 1 1 1 0 0  -1 -1 -1 7.75285e+007  -1  -1  -1 0.00774155  -1 -1 -1 -1  -1 600191 245656 0 0 
2017 1 1 2 0 0  -1 -1 -1 4.09561e+006  -1  -1  -1 0.01117  -1 -1 -1 -1  -1 45747.8 39886.2 0 0 
2017 1 1 3 0 0  -1 -1 -1 223884  -1  -1  -1 0.0144957  -1 -1 -1 -1  -1 3245.36 3072.58 0 0 
