TABLE 2.7.1 NORTH SEA HERRING. WEIGHTS AT AGE IN THE CATCH

Units  :  kg 
, , unit = A

   year
age      2012      2013      2014       2015       2016       2017
  0 0.0106000 0.0077000 0.0075000 0.01831085 0.01831085 0.01831085
  1 0.0463000 0.0468000 0.0522000 0.06235880 0.06235880 0.06235880
  2 0.1243000 0.1162000 0.1240000 0.13490493 0.13490493 0.13490493
  3 0.1706000 0.1563000 0.1719000 0.16688846 0.16688846 0.16688846
  4 0.1854000 0.1977000 0.1861000 0.19005188 0.19005188 0.19005188
  5 0.2058000 0.1980000 0.2148000 0.20674496 0.20674496 0.20674496
  6 0.2215000 0.2154000 0.2118000 0.21547393 0.21547393 0.21547393
  7 0.2387000 0.2334000 0.2264000 0.23145562 0.23145562 0.23145562
  8 0.2427213 0.2378432 0.2426541 0.24085390 0.24085390 0.24085390

, , unit = B

   year
age      2012      2013      2014        2015        2016        2017
  0 0.0106000 0.0077000 0.0075000 0.008027315 0.008027315 0.008027315
  1 0.0463000 0.0468000 0.0522000 0.030430754 0.030430754 0.030430754
  2 0.1243000 0.1162000 0.1240000 0.059702340 0.059702340 0.059702340
  3 0.1706000 0.1563000 0.1719000 0.139730999 0.139730999 0.139730999
  4 0.1854000 0.1977000 0.1861000 0.192621582 0.192621582 0.192621582
  5 0.2058000 0.1980000 0.2148000 0.219675093 0.219675093 0.219675093
  6 0.2215000 0.2154000 0.2118000 0.185056195 0.185056195 0.185056195
  7 0.2387000 0.2334000 0.2264000 0.228946316 0.228946316 0.228946316
  8 0.2427213 0.2378432 0.2426541 0.221737477 0.221737477 0.221737477

, , unit = C

   year
age      2012      2013      2014       2015       2016       2017
  0 0.0106000 0.0077000 0.0075000 0.02832021 0.02832021 0.02832021
  1 0.0463000 0.0468000 0.0522000 0.07400675 0.07400675 0.07400675
  2 0.1243000 0.1162000 0.1240000 0.08205170 0.08205170 0.08205170
  3 0.1706000 0.1563000 0.1719000 0.12297541 0.12297541 0.12297541
  4 0.1854000 0.1977000 0.1861000 0.16595292 0.16595292 0.16595292
  5 0.2058000 0.1980000 0.2148000 0.19038951 0.19038951 0.19038951
  6 0.2215000 0.2154000 0.2118000 0.20424652 0.20424652 0.20424652
  7 0.2387000 0.2334000 0.2264000 0.21977504 0.21977504 0.21977504
  8 0.2427213 0.2378432 0.2426541 0.22526169 0.22526169 0.22526169

, , unit = D

   year
age      2012      2013      2014       2015       2016       2017
  0 0.0106000 0.0077000 0.0075000 0.01009039 0.01009039 0.01009039
  1 0.0463000 0.0468000 0.0522000 0.02390122 0.02390122 0.02390122
  2 0.1243000 0.1162000 0.1240000 0.03780017 0.03780017 0.03780017
  3 0.1706000 0.1563000 0.1719000 0.06894770 0.06894770 0.06894770
  4 0.1854000 0.1977000 0.1861000 0.13800000 0.13800000 0.13800000
  5 0.2058000 0.1980000 0.2148000 0.00000000 0.00000000 0.00000000
  6 0.2215000 0.2154000 0.2118000 0.00000000 0.00000000 0.00000000
  7 0.2387000 0.2334000 0.2264000 0.00000000 0.00000000 0.00000000
  8 0.2427213 0.2378432 0.2426541 0.00000000 0.00000000 0.00000000



TABLE 2.7.2 NORTH SEA HERRING. WEIGHTS AT AGE IN THE STOCK

Units  :  kg 
, , unit = A

   year
age       2012        2013        2014        2015        2016        2017
  0 0.00610000 0.006233333 0.005666667 0.005666667 0.005666667 0.005666667
  1 0.04056667 0.040466667 0.043400000 0.043400000 0.043400000 0.043400000
  2 0.13763333 0.135400000 0.128533333 0.128533333 0.128533333 0.128533333
  3 0.18213333 0.174666667 0.176700000 0.176700000 0.176700000 0.176700000
  4 0.21143333 0.208733333 0.203666667 0.203666667 0.203666667 0.203666667
  5 0.23273333 0.221100000 0.215600000 0.215600000 0.215600000 0.215600000
  6 0.24080000 0.241766667 0.228433333 0.228433333 0.228433333 0.228433333
  7 0.24290000 0.249300000 0.241200000 0.241200000 0.241200000 0.241200000
  8 0.25246564 0.251841351 0.246701036 0.246701036 0.246701036 0.246701036

, , unit = B

   year
age       2012        2013        2014        2015        2016        2017
  0 0.00610000 0.006233333 0.005666667 0.005666667 0.005666667 0.005666667
  1 0.04056667 0.040466667 0.043400000 0.043400000 0.043400000 0.043400000
  2 0.13763333 0.135400000 0.128533333 0.128533333 0.128533333 0.128533333
  3 0.18213333 0.174666667 0.176700000 0.176700000 0.176700000 0.176700000
  4 0.21143333 0.208733333 0.203666667 0.203666667 0.203666667 0.203666667
  5 0.23273333 0.221100000 0.215600000 0.215600000 0.215600000 0.215600000
  6 0.24080000 0.241766667 0.228433333 0.228433333 0.228433333 0.228433333
  7 0.24290000 0.249300000 0.241200000 0.241200000 0.241200000 0.241200000
  8 0.25246564 0.251841351 0.246701036 0.246701036 0.246701036 0.246701036

, , unit = C

   year
age       2012        2013        2014        2015        2016        2017
  0 0.00610000 0.006233333 0.005666667 0.005666667 0.005666667 0.005666667
  1 0.04056667 0.040466667 0.043400000 0.043400000 0.043400000 0.043400000
  2 0.13763333 0.135400000 0.128533333 0.128533333 0.128533333 0.128533333
  3 0.18213333 0.174666667 0.176700000 0.176700000 0.176700000 0.176700000
  4 0.21143333 0.208733333 0.203666667 0.203666667 0.203666667 0.203666667
  5 0.23273333 0.221100000 0.215600000 0.215600000 0.215600000 0.215600000
  6 0.24080000 0.241766667 0.228433333 0.228433333 0.228433333 0.228433333
  7 0.24290000 0.249300000 0.241200000 0.241200000 0.241200000 0.241200000
  8 0.25246564 0.251841351 0.246701036 0.246701036 0.246701036 0.246701036

, , unit = D

   year
age       2012        2013        2014        2015        2016        2017
  0 0.00610000 0.006233333 0.005666667 0.005666667 0.005666667 0.005666667
  1 0.04056667 0.040466667 0.043400000 0.043400000 0.043400000 0.043400000
  2 0.13763333 0.135400000 0.128533333 0.128533333 0.128533333 0.128533333
  3 0.18213333 0.174666667 0.176700000 0.176700000 0.176700000 0.176700000
  4 0.21143333 0.208733333 0.203666667 0.203666667 0.203666667 0.203666667
  5 0.23273333 0.221100000 0.215600000 0.215600000 0.215600000 0.215600000
  6 0.24080000 0.241766667 0.228433333 0.228433333 0.228433333 0.228433333
  7 0.24290000 0.249300000 0.241200000 0.241200000 0.241200000 0.241200000
  8 0.25246564 0.251841351 0.246701036 0.246701036 0.246701036 0.246701036



TABLE 2.7.3 NORTH SEA HERRING. STOCK IN NUMBER

Units  :  NA 
, , unit = A

   year
age             2012             2013             2014             2015 2016
  0 24865702.4429152 26140594.2693235 47488588.5932272 11947110.4051342     
  1 8649395.56856402 10140014.6408796 11994994.5512013 21359346.9908601     
  2 5722978.81697714 3945159.72735945 5293551.81956608 5891375.14785646     
  3 4355717.90135448 3700579.54821045 2681803.30175996  3368573.7730367     
  4  2176002.4219808 2893565.39385043 2641876.45223066 1631483.04062034     
  5 1416925.58299478 1556577.40843828  1711704.1308784 1465929.39704566     
  6 641779.457813919 927269.940399414 925417.253822753 888242.437575374     
  7 321579.477336964 398714.140796364 526496.519553681 484077.356302953     
  8 959339.206618932 769887.746934104 535523.472084548  489921.27798177     
   year
age 2017
  0     
  1     
  2     
  3     
  4     
  5     
  6     
  7     
  8     

, , unit = B

   year
age             2012             2013             2014             2015 2016
  0 24865702.4429152 26140594.2693235 47488588.5932272 11947110.4051342     
  1 8649395.56856402 10140014.6408796 11994994.5512013 21359346.9908601     
  2 5722978.81697714 3945159.72735945 5293551.81956608 5891375.14785646     
  3 4355717.90135448 3700579.54821045 2681803.30175996  3368573.7730367     
  4  2176002.4219808 2893565.39385043 2641876.45223066 1631483.04062034     
  5 1416925.58299478 1556577.40843828  1711704.1308784 1465929.39704566     
  6 641779.457813919 927269.940399414 925417.253822753 888242.437575374     
  7 321579.477336964 398714.140796364 526496.519553681 484077.356302953     
  8 959339.206618932 769887.746934104 535523.472084548  489921.27798177     
   year
age 2017
  0     
  1     
  2     
  3     
  4     
  5     
  6     
  7     
  8     

, , unit = C

   year
age             2012             2013             2014             2015 2016
  0 24865702.4429152 26140594.2693235 47488588.5932272 11947110.4051342     
  1 8649395.56856402 10140014.6408796 11994994.5512013 21359346.9908601     
  2 5722978.81697714 3945159.72735945 5293551.81956608 5891375.14785646     
  3 4355717.90135448 3700579.54821045 2681803.30175996  3368573.7730367     
  4  2176002.4219808 2893565.39385043 2641876.45223066 1631483.04062034     
  5 1416925.58299478 1556577.40843828  1711704.1308784 1465929.39704566     
  6 641779.457813919 927269.940399414 925417.253822753 888242.437575374     
  7 321579.477336964 398714.140796364 526496.519553681 484077.356302953     
  8 959339.206618932 769887.746934104 535523.472084548  489921.27798177     
   year
age 2017
  0     
  1     
  2     
  3     
  4     
  5     
  6     
  7     
  8     

, , unit = D

   year
age             2012             2013             2014             2015 2016
  0 24865702.4429152 26140594.2693235 47488588.5932272 11947110.4051342     
  1 8649395.56856402 10140014.6408796 11994994.5512013 21359346.9908601     
  2 5722978.81697714 3945159.72735945 5293551.81956608 5891375.14785646     
  3 4355717.90135448 3700579.54821045 2681803.30175996  3368573.7730367     
  4  2176002.4219808 2893565.39385043 2641876.45223066 1631483.04062034     
  5 1416925.58299478 1556577.40843828  1711704.1308784 1465929.39704566     
  6 641779.457813919 927269.940399414 925417.253822753 888242.437575374     
  7 321579.477336964 398714.140796364 526496.519553681 484077.356302953     
  8 959339.206618932 769887.746934104 535523.472084548  489921.27798177     
   year
age 2017
  0     
  1     
  2     
  3     
  4     
  5     
  6     
  7     
  8     



TABLE 2.7.4 NORTH SEA HERRING. FISHING MORTALITY AT AGE IN THE STOCK

Units  :  f 
, , unit = A

   year
age               2012               2013               2014
  0 0.0448648787853476 0.0297150983616716 0.0417690351439033
  1 0.0441306820653419 0.0544376102017216 0.0437265416866157
  2 0.0958567873299637 0.0992414012944264 0.0914374634434588
  3  0.175432662353082   0.16806575119262  0.179406697011722
  4  0.216405784884243    0.2541069595528  0.293170772046805
  5  0.266494945975691  0.341468446847975  0.377196125505552
  6  0.276456995987012    0.3824298657668  0.384796752375042
  7  0.335813275893359   0.49432602986554  0.524610078475607
  8  0.335813275893359   0.49432602986554  0.524610078475607
   year
age                2015 2016 2017
  0 0.00170937329339902          
  1  0.0160063238120665          
  2    0.07913566179702          
  3   0.193327654769673          
  4    0.32050298313579          
  5   0.411306443808195          
  6   0.420625291388764          
  7   0.573076197495833          
  8   0.571987395618765          

, , unit = B

   year
age               2012               2013               2014
  0 0.0448648787853476 0.0297150983616716 0.0417690351439033
  1 0.0441306820653419 0.0544376102017216 0.0437265416866157
  2 0.0958567873299637 0.0992414012944264 0.0914374634434588
  3  0.175432662353082   0.16806575119262  0.179406697011722
  4  0.216405784884243    0.2541069595528  0.293170772046805
  5  0.266494945975691  0.341468446847975  0.377196125505552
  6  0.276456995987012    0.3824298657668  0.384796752375042
  7  0.335813275893359   0.49432602986554  0.524610078475607
  8  0.335813275893359   0.49432602986554  0.524610078475607
   year
age                 2015 2016 2017
  0   0.0369033294494982          
  1   0.0255595083353154          
  2 0.000111690706696718          
  3 0.000489360186230808          
  4 0.000890517942232715          
  5  0.00217321898527115          
  6  0.00126634155305625          
  7  0.00256257028299994          
  8  0.00343394006585352          

, , unit = C

   year
age               2012               2013               2014
  0 0.0448648787853476 0.0297150983616716 0.0417690351439033
  1 0.0441306820653419 0.0544376102017216 0.0437265416866157
  2 0.0958567873299637 0.0992414012944264 0.0914374634434588
  3  0.175432662353082   0.16806575119262  0.179406697011722
  4  0.216405784884243    0.2541069595528  0.293170772046805
  5  0.266494945975691  0.341468446847975  0.377196125505552
  6  0.276456995987012    0.3824298657668  0.384796752375042
  7  0.335813275893359   0.49432602986554  0.524610078475607
  8  0.335813275893359   0.49432602986554  0.524610078475607
   year
age                 2015 2016 2017
  0 6.10169499165957e-06          
  1  0.00401804421221751          
  2  0.00972903272328848          
  3  0.00157613811780941          
  4 0.000161335834722944          
  5 0.000262482526476218          
  6  0.00018353927467823          
  7                    0          
  8 0.000165901231373733          

, , unit = D

   year
age               2012               2013               2014
  0 0.0448648787853476 0.0297150983616716 0.0417690351439033
  1 0.0441306820653419 0.0544376102017216 0.0437265416866157
  2 0.0958567873299637 0.0992414012944264 0.0914374634434588
  3  0.175432662353082   0.16806575119262  0.179406697011722
  4  0.216405784884243    0.2541069595528  0.293170772046805
  5  0.266494945975691  0.341468446847975  0.377196125505552
  6  0.276456995987012    0.3824298657668  0.384796752375042
  7  0.335813275893359   0.49432602986554  0.524610078475607
  8  0.335813275893359   0.49432602986554  0.524610078475607
   year
age                 2015 2016 2017
  0   0.0203167927342596          
  1  0.00302910355796457          
  2   0.0114244391560079          
  3 0.000996117148939233          
  4                    0          
  5                    0          
  6                    0          
  7                    0          
  8                    0          



TABLE 2.7.5 NORTH SEA HERRING. NATURAL MORTALITY

Units  :  NA 
, , unit = A

   year
age      2012      2013      2014      2015      2016      2017
  0 0.8566819 0.8508744 0.8612647 0.8594317 0.8594317 0.8594317
  1 0.6460519 0.6218172 0.6676109 0.6589961 0.6589961 0.6589961
  2 0.3497745 0.3345595 0.3605104 0.3562345 0.3562345 0.3562345
  3 0.3215683 0.3250633 0.3170027 0.3188415 0.3188415 0.3188415
  4 0.3058386 0.3156689 0.2963447 0.3001489 0.3001489 0.3001489
  5 0.2905745 0.3030135 0.2793187 0.2838248 0.2838248 0.2838248
  6 0.2740477 0.2851652 0.2638427 0.2679279 0.2679279 0.2679279
  7 0.2573800 0.2672542 0.2483388 0.2519573 0.2519573 0.2519573
  8 0.2573800 0.2672542 0.2483388 0.2519573 0.2519573 0.2519573

, , unit = B

   year
age      2012      2013      2014      2015      2016      2017
  0 0.8566819 0.8508744 0.8612647 0.8594317 0.8594317 0.8594317
  1 0.6460519 0.6218172 0.6676109 0.6589961 0.6589961 0.6589961
  2 0.3497745 0.3345595 0.3605104 0.3562345 0.3562345 0.3562345
  3 0.3215683 0.3250633 0.3170027 0.3188415 0.3188415 0.3188415
  4 0.3058386 0.3156689 0.2963447 0.3001489 0.3001489 0.3001489
  5 0.2905745 0.3030135 0.2793187 0.2838248 0.2838248 0.2838248
  6 0.2740477 0.2851652 0.2638427 0.2679279 0.2679279 0.2679279
  7 0.2573800 0.2672542 0.2483388 0.2519573 0.2519573 0.2519573
  8 0.2573800 0.2672542 0.2483388 0.2519573 0.2519573 0.2519573

, , unit = C

   year
age      2012      2013      2014      2015      2016      2017
  0 0.8566819 0.8508744 0.8612647 0.8594317 0.8594317 0.8594317
  1 0.6460519 0.6218172 0.6676109 0.6589961 0.6589961 0.6589961
  2 0.3497745 0.3345595 0.3605104 0.3562345 0.3562345 0.3562345
  3 0.3215683 0.3250633 0.3170027 0.3188415 0.3188415 0.3188415
  4 0.3058386 0.3156689 0.2963447 0.3001489 0.3001489 0.3001489
  5 0.2905745 0.3030135 0.2793187 0.2838248 0.2838248 0.2838248
  6 0.2740477 0.2851652 0.2638427 0.2679279 0.2679279 0.2679279
  7 0.2573800 0.2672542 0.2483388 0.2519573 0.2519573 0.2519573
  8 0.2573800 0.2672542 0.2483388 0.2519573 0.2519573 0.2519573

, , unit = D

   year
age      2012      2013      2014      2015      2016      2017
  0 0.8566819 0.8508744 0.8612647 0.8594317 0.8594317 0.8594317
  1 0.6460519 0.6218172 0.6676109 0.6589961 0.6589961 0.6589961
  2 0.3497745 0.3345595 0.3605104 0.3562345 0.3562345 0.3562345
  3 0.3215683 0.3250633 0.3170027 0.3188415 0.3188415 0.3188415
  4 0.3058386 0.3156689 0.2963447 0.3001489 0.3001489 0.3001489
  5 0.2905745 0.3030135 0.2793187 0.2838248 0.2838248 0.2838248
  6 0.2740477 0.2851652 0.2638427 0.2679279 0.2679279 0.2679279
  7 0.2573800 0.2672542 0.2483388 0.2519573 0.2519573 0.2519573
  8 0.2573800 0.2672542 0.2483388 0.2519573 0.2519573 0.2519573



TABLE 2.7.6 NORTH SEA HERRING. PROPORTION MATURE

Units  :  NA 
, , unit = A

   year
age 2012 2013 2014      2015      2016      2017
  0 0.00 0.00 0.00 0.0000000 0.0000000 0.0000000
  1 0.00 0.00 0.00 0.0000000 0.0000000 0.0000000
  2 0.91 0.83 0.85 0.8633333 0.8633333 0.8633333
  3 0.99 0.96 1.00 0.9833333 0.9833333 0.9833333
  4 1.00 0.98 1.00 0.9933333 0.9933333 0.9933333
  5 1.00 1.00 1.00 1.0000000 1.0000000 1.0000000
  6 1.00 1.00 1.00 1.0000000 1.0000000 1.0000000
  7 1.00 1.00 1.00 1.0000000 1.0000000 1.0000000
  8 1.00 1.00 1.00 1.0000000 1.0000000 1.0000000

, , unit = B

   year
age 2012 2013 2014      2015      2016      2017
  0 0.00 0.00 0.00 0.0000000 0.0000000 0.0000000
  1 0.00 0.00 0.00 0.0000000 0.0000000 0.0000000
  2 0.91 0.83 0.85 0.8633333 0.8633333 0.8633333
  3 0.99 0.96 1.00 0.9833333 0.9833333 0.9833333
  4 1.00 0.98 1.00 0.9933333 0.9933333 0.9933333
  5 1.00 1.00 1.00 1.0000000 1.0000000 1.0000000
  6 1.00 1.00 1.00 1.0000000 1.0000000 1.0000000
  7 1.00 1.00 1.00 1.0000000 1.0000000 1.0000000
  8 1.00 1.00 1.00 1.0000000 1.0000000 1.0000000

, , unit = C

   year
age 2012 2013 2014      2015      2016      2017
  0 0.00 0.00 0.00 0.0000000 0.0000000 0.0000000
  1 0.00 0.00 0.00 0.0000000 0.0000000 0.0000000
  2 0.91 0.83 0.85 0.8633333 0.8633333 0.8633333
  3 0.99 0.96 1.00 0.9833333 0.9833333 0.9833333
  4 1.00 0.98 1.00 0.9933333 0.9933333 0.9933333
  5 1.00 1.00 1.00 1.0000000 1.0000000 1.0000000
  6 1.00 1.00 1.00 1.0000000 1.0000000 1.0000000
  7 1.00 1.00 1.00 1.0000000 1.0000000 1.0000000
  8 1.00 1.00 1.00 1.0000000 1.0000000 1.0000000

, , unit = D

   year
age 2012 2013 2014      2015      2016      2017
  0 0.00 0.00 0.00 0.0000000 0.0000000 0.0000000
  1 0.00 0.00 0.00 0.0000000 0.0000000 0.0000000
  2 0.91 0.83 0.85 0.8633333 0.8633333 0.8633333
  3 0.99 0.96 1.00 0.9833333 0.9833333 0.9833333
  4 1.00 0.98 1.00 0.9933333 0.9933333 0.9933333
  5 1.00 1.00 1.00 1.0000000 1.0000000 1.0000000
  6 1.00 1.00 1.00 1.0000000 1.0000000 1.0000000
  7 1.00 1.00 1.00 1.0000000 1.0000000 1.0000000
  8 1.00 1.00 1.00 1.0000000 1.0000000 1.0000000



TABLE 2.7.7 NORTH SEA HERRING. FRACTION OF HARVEST BEFORE SPAWNING

Units  :  NA 
, , unit = A

   year
age 2012 2013 2014 2015 2016 2017
  0 0.67 0.67 0.67 0.67 0.67 0.67
  1 0.67 0.67 0.67 0.67 0.67 0.67
  2 0.67 0.67 0.67 0.67 0.67 0.67
  3 0.67 0.67 0.67 0.67 0.67 0.67
  4 0.67 0.67 0.67 0.67 0.67 0.67
  5 0.67 0.67 0.67 0.67 0.67 0.67
  6 0.67 0.67 0.67 0.67 0.67 0.67
  7 0.67 0.67 0.67 0.67 0.67 0.67
  8 0.67 0.67 0.67 0.67 0.67 0.67

, , unit = B

   year
age 2012 2013 2014 2015 2016 2017
  0 0.67 0.67 0.67 0.67 0.67 0.67
  1 0.67 0.67 0.67 0.67 0.67 0.67
  2 0.67 0.67 0.67 0.67 0.67 0.67
  3 0.67 0.67 0.67 0.67 0.67 0.67
  4 0.67 0.67 0.67 0.67 0.67 0.67
  5 0.67 0.67 0.67 0.67 0.67 0.67
  6 0.67 0.67 0.67 0.67 0.67 0.67
  7 0.67 0.67 0.67 0.67 0.67 0.67
  8 0.67 0.67 0.67 0.67 0.67 0.67

, , unit = C

   year
age 2012 2013 2014 2015 2016 2017
  0 0.67 0.67 0.67 0.67 0.67 0.67
  1 0.67 0.67 0.67 0.67 0.67 0.67
  2 0.67 0.67 0.67 0.67 0.67 0.67
  3 0.67 0.67 0.67 0.67 0.67 0.67
  4 0.67 0.67 0.67 0.67 0.67 0.67
  5 0.67 0.67 0.67 0.67 0.67 0.67
  6 0.67 0.67 0.67 0.67 0.67 0.67
  7 0.67 0.67 0.67 0.67 0.67 0.67
  8 0.67 0.67 0.67 0.67 0.67 0.67

, , unit = D

   year
age 2012 2013 2014 2015 2016 2017
  0 0.67 0.67 0.67 0.67 0.67 0.67
  1 0.67 0.67 0.67 0.67 0.67 0.67
  2 0.67 0.67 0.67 0.67 0.67 0.67
  3 0.67 0.67 0.67 0.67 0.67 0.67
  4 0.67 0.67 0.67 0.67 0.67 0.67
  5 0.67 0.67 0.67 0.67 0.67 0.67
  6 0.67 0.67 0.67 0.67 0.67 0.67
  7 0.67 0.67 0.67 0.67 0.67 0.67
  8 0.67 0.67 0.67 0.67 0.67 0.67



TABLE 2.7.8 NORTH SEA HERRING. FRACTION OF NATURAL MORTALITY BEFORE SPAWNING

Units  :  NA 
, , unit = A

   year
age 2012 2013 2014 2015 2016 2017
  0 0.67 0.67 0.67 0.67 0.67 0.67
  1 0.67 0.67 0.67 0.67 0.67 0.67
  2 0.67 0.67 0.67 0.67 0.67 0.67
  3 0.67 0.67 0.67 0.67 0.67 0.67
  4 0.67 0.67 0.67 0.67 0.67 0.67
  5 0.67 0.67 0.67 0.67 0.67 0.67
  6 0.67 0.67 0.67 0.67 0.67 0.67
  7 0.67 0.67 0.67 0.67 0.67 0.67
  8 0.67 0.67 0.67 0.67 0.67 0.67

, , unit = B

   year
age 2012 2013 2014 2015 2016 2017
  0 0.67 0.67 0.67 0.67 0.67 0.67
  1 0.67 0.67 0.67 0.67 0.67 0.67
  2 0.67 0.67 0.67 0.67 0.67 0.67
  3 0.67 0.67 0.67 0.67 0.67 0.67
  4 0.67 0.67 0.67 0.67 0.67 0.67
  5 0.67 0.67 0.67 0.67 0.67 0.67
  6 0.67 0.67 0.67 0.67 0.67 0.67
  7 0.67 0.67 0.67 0.67 0.67 0.67
  8 0.67 0.67 0.67 0.67 0.67 0.67

, , unit = C

   year
age 2012 2013 2014 2015 2016 2017
  0 0.67 0.67 0.67 0.67 0.67 0.67
  1 0.67 0.67 0.67 0.67 0.67 0.67
  2 0.67 0.67 0.67 0.67 0.67 0.67
  3 0.67 0.67 0.67 0.67 0.67 0.67
  4 0.67 0.67 0.67 0.67 0.67 0.67
  5 0.67 0.67 0.67 0.67 0.67 0.67
  6 0.67 0.67 0.67 0.67 0.67 0.67
  7 0.67 0.67 0.67 0.67 0.67 0.67
  8 0.67 0.67 0.67 0.67 0.67 0.67

, , unit = D

   year
age 2012 2013 2014 2015 2016 2017
  0 0.67 0.67 0.67 0.67 0.67 0.67
  1 0.67 0.67 0.67 0.67 0.67 0.67
  2 0.67 0.67 0.67 0.67 0.67 0.67
  3 0.67 0.67 0.67 0.67 0.67 0.67
  4 0.67 0.67 0.67 0.67 0.67 0.67
  5 0.67 0.67 0.67 0.67 0.67 0.67
  6 0.67 0.67 0.67 0.67 0.67 0.67
  7 0.67 0.67 0.67 0.67 0.67 0.67
  8 0.67 0.67 0.67 0.67 0.67 0.67




TABLE 2.7.9 NORTH SEA HERRING. Recruitment in 2016

23231223


TABLE 2.7.10 NORTH SEA HERRING. Recruitment in 2017

23231223


TABLE 2.7.11 NORTH SEA HERRING. FLR, R SOFTWARE VERSIONS

R version 2.13.2 (2011-09-30)

Package  : FLSAM
Version  : 0.99-999
Packaged : 
Built    : R 2.13.2; ; 2014-03-14 11:03:36 UTC; windows

Package  : FLAssess
Version  : 2.4
Packaged : 
Built    : R 2.13.2; i386-pc-mingw32; 2011-10-05 12:21:47 UTC; windows

Package  : FLCore
Version  : 2.4
Packaged : 
Built    : R 2.13.2; i386-pc-mingw32; 2011-10-05 12:21:01 UTC; windows


