TABLE 4.6.2.1.1 Celtic Sea and Division VIIj Herring. CATCH IN NUMBER

Units  :  thousands 
   year
age  1958  1959  1960  1961  1962  1963  1964  1965  1966  1967  1968  1969
  1  1642  1203  2840  2129   772   297  7529    57  7093  7599 12197  9472
  2  3742 25717 72246 16058 18567 51935 15058 70248 19559 39991 54790 93279
  3 33094  2274 24658 32044 19909 13033 17250  9365 59893 20062 39604 55039
  4 25746 19262  3779  5631 48061  4179  6658 15757  9924 49113 11544 33145
  5 12551 11015 13698  2034  8075 20694  1719  3399 13211  9218 22599 12217
  6 55010 34748 19057 14363 21304  9353 12790 25536 21776 26650 15345 28242
   year
age  1970  1971   1972  1973  1974  1975  1976  1977  1978  1979  1980  1981
  1  1319 12658   8422 23547  5507 12768 13317  8159  2800 11335  7162 39361
  2 37260 23313 137690 38133 42808 15429 11113 12516 13385 13913 30093 21285
  3 50087 37563  17855 55805 17184 17783  7286  8610 11948 12399 11726 21861
  4 26481 41904  15842  7012 22530  7333  7011  5280  5583  8636  6585  5505
  5 18763 18759  14531  9651  4225  9006  2872  1585  1580  2889  2812  4438
  6 19746 21900  11051 12216  8445  7494  9777  3794  3356  3785  5215  5410
   year
age  1982   1983  1984  1985  1986  1987  1988  1989  1990  1991  1992  1993
  1 15339  13540 19517 17916  4159  5976  2307  8260  2702  1912 10410  1608
  2 42725 102871 92892 57054 56747 67000 82027 42413 41756 63854 26752 94061
  3  8728  26993 41121 36258 42881 43075 30962 68399 24634 38342 35019  9372
  4  4817   3225 16043 16032 32930 23014  9398 19601 35258 16916 27591 10221
  5  1497   1862  2450  2306  8790 14323  5963  8205  8116 28405 10139  4491
  6  4492   1939  1872   618  1266  4651  4299  7875  6636  9004 28056 10085
   year
age  1994  1995  1996  1997  1998  1999  2000  2001  2002  2003  2004  2005
  1 12130  9450  3476  3849  5818 14274  9953 15724  3495  2711  4276 15419
  2 35768 79159 61923 37440 41510 34072 77378 62153 26472 37006  9470 30710
  3 61737 22591 38244 53040 27102 36086 18952 35816 18532 24444 46243  5766
  4  3289 36541  7943 31442 28274 14642 12060  5953  5309 14763 21863 18666
  5  3025  3686 16114  8318 13178 15515  5230  4249  1416  5719  8638  7349
  6  8665  8772  6195  8720  7405 13305  9787  3771  2061  6628  2151  2495
   year
age  2006  2007  2008
  1  1460  8043  1288
  2 33894 11028 12468
  3 10914 36223  8144
  4  2469  5509 15565
  5  6261  1365  2328
  6  2997  2509   909


TABLE 4.6.2.1.2 Celtic Sea and Division VIIj Herring. WEIGHTS AT AGE IN THE CATCH

Units  :  kg 
   year
age  1958  1959  1960  1961  1962  1963  1964  1965  1966  1967  1968  1969
  1 0.096 0.087 0.093 0.098 0.109 0.103 0.105 0.103 0.122 0.119 0.119 0.122
  2 0.115 0.119 0.122 0.127 0.146 0.139 0.139 0.143 0.154 0.158 0.166 0.164
  3 0.162 0.166 0.156 0.156 0.170 0.194 0.182 0.180 0.191 0.185 0.196 0.200
  4 0.185 0.185 0.191 0.185 0.187 0.205 0.215 0.212 0.212 0.217 0.215 0.217
  5 0.205 0.200 0.205 0.207 0.210 0.217 0.225 0.232 0.237 0.243 0.235 0.237
  6 0.224 0.220 0.222 0.224 0.234 0.241 0.235 0.249 0.250 0.257 0.257 0.252
   year
age  1970  1971  1972  1973  1974  1975  1976  1977  1978  1979  1980  1981
  1 0.128 0.117 0.132 0.125 0.141 0.137 0.137 0.134 0.127 0.127 0.117 0.115
  2 0.162 0.166 0.170 0.174 0.180 0.187 0.174 0.185 0.189 0.174 0.174 0.172
  3 0.200 0.200 0.194 0.205 0.210 0.215 0.205 0.212 0.217 0.212 0.207 0.210
  4 0.225 0.225 0.220 0.215 0.225 0.240 0.235 0.222 0.240 0.230 0.237 0.245
  5 0.240 0.245 0.245 0.245 0.237 0.251 0.259 0.243 0.279 0.253 0.259 0.267
  6 0.262 0.261 0.265 0.269 0.264 0.269 0.278 0.271 0.288 0.282 0.273 0.287
   year
age  1982  1983  1984  1985  1986  1987  1988  1989  1990  1991  1992  1993
  1 0.115 0.109 0.093 0.104 0.112 0.096 0.097 0.106 0.099 0.092 0.096 0.092
  2 0.154 0.148 0.142 0.140 0.155 0.138 0.132 0.129 0.137 0.128 0.123 0.129
  3 0.194 0.198 0.185 0.170 0.172 0.186 0.168 0.151 0.153 0.168 0.150 0.155
  4 0.237 0.220 0.213 0.201 0.187 0.192 0.203 0.169 0.167 0.182 0.177 0.180
  5 0.262 0.276 0.213 0.234 0.215 0.204 0.209 0.194 0.188 0.190 0.191 0.201
  6 0.279 0.305 0.249 0.256 0.252 0.245 0.224 0.208 0.214 0.219 0.205 0.211
   year
age  1994  1995  1996  1997  1998  1999  2000  2001  2002  2003  2004  2005
  1 0.097 0.088 0.088 0.093 0.099 0.090 0.092 0.082 0.096 0.089 0.080 0.077
  2 0.135 0.126 0.118 0.124 0.121 0.120 0.111 0.107 0.115 0.102 0.130 0.102
  3 0.168 0.151 0.147 0.141 0.153 0.149 0.148 0.139 0.139 0.128 0.134 0.142
  4 0.179 0.178 0.159 0.157 0.163 0.167 0.168 0.162 0.156 0.146 0.151 0.147
  5 0.190 0.188 0.185 0.172 0.173 0.180 0.185 0.177 0.185 0.165 0.159 0.158
  6 0.214 0.210 0.210 0.198 0.194 0.191 0.193 0.194 0.201 0.191 0.186 0.174
   year
age  2006  2007  2008
  1 0.093 0.074 0.091
  2 0.105 0.106 0.120
  3 0.127 0.123 0.144
  4 0.151 0.141 0.156
  5 0.155 0.166 0.172
  6 0.168 0.164 0.193


TABLE 4.6.2.1.3 Celtic Sea and Division VIIj Herring. WEIGHTS AT AGE IN THE STOCK

Units  :  kg 
   year
age  1958  1959  1960  1961  1962  1963  1964  1965  1966  1967  1968  1969
  1 0.096 0.087 0.093 0.098 0.109 0.103 0.105 0.103 0.122 0.119 0.119 0.122
  2 0.115 0.119 0.122 0.127 0.146 0.139 0.139 0.143 0.154 0.158 0.166 0.164
  3 0.162 0.166 0.156 0.156 0.170 0.194 0.182 0.180 0.191 0.185 0.196 0.200
  4 0.185 0.185 0.191 0.185 0.187 0.205 0.215 0.212 0.212 0.217 0.215 0.217
  5 0.205 0.200 0.205 0.207 0.210 0.217 0.225 0.232 0.237 0.243 0.235 0.237
  6 0.224 0.220 0.222 0.224 0.234 0.241 0.235 0.249 0.250 0.257 0.257 0.252
   year
age  1970  1971  1972  1973  1974  1975  1976  1977  1978  1979  1980  1981
  1 0.128 0.117 0.132 0.125 0.141 0.137 0.137 0.134 0.127 0.127 0.117 0.115
  2 0.162 0.166 0.170 0.174 0.180 0.187 0.174 0.185 0.189 0.174 0.174 0.172
  3 0.200 0.200 0.194 0.205 0.210 0.215 0.205 0.212 0.217 0.212 0.207 0.210
  4 0.225 0.225 0.220 0.215 0.225 0.240 0.235 0.222 0.240 0.230 0.237 0.245
  5 0.240 0.245 0.245 0.245 0.237 0.251 0.259 0.243 0.279 0.253 0.259 0.267
  6 0.262 0.261 0.265 0.269 0.264 0.269 0.278 0.271 0.288 0.282 0.273 0.287
   year
age  1982  1983  1984  1985  1986  1987  1988  1989  1990  1991  1992  1993
  1 0.115 0.109 0.093 0.104 0.112 0.096 0.097 0.106 0.099 0.092 0.096 0.092
  2 0.154 0.148 0.142 0.140 0.155 0.138 0.132 0.129 0.137 0.128 0.123 0.129
  3 0.194 0.198 0.185 0.170 0.172 0.186 0.168 0.151 0.153 0.168 0.150 0.155
  4 0.237 0.220 0.213 0.201 0.187 0.192 0.203 0.169 0.167 0.182 0.177 0.180
  5 0.262 0.276 0.213 0.234 0.215 0.204 0.209 0.194 0.188 0.190 0.191 0.201
  6 0.279 0.305 0.249 0.256 0.252 0.245 0.224 0.208 0.213 0.219 0.205 0.211
   year
age  1994  1995  1996  1997  1998  1999  2000  2001  2002  2003  2004  2005
  1 0.097 0.088 0.088 0.093 0.099 0.090 0.092 0.082 0.096 0.078 0.077 0.074
  2 0.135 0.126 0.118 0.124 0.121 0.120 0.111 0.107 0.115 0.100 0.127 0.103
  3 0.168 0.151 0.147 0.141 0.153 0.149 0.148 0.139 0.139 0.130 0.133 0.145
  4 0.179 0.178 0.159 0.157 0.163 0.167 0.168 0.162 0.156 0.141 0.151 0.143
  5 0.190 0.188 0.185 0.172 0.173 0.180 0.185 0.177 0.184 0.156 0.156 0.155
  6 0.214 0.210 0.210 0.198 0.194 0.191 0.193 0.194 0.201 0.168 0.187 0.167
   year
age  2006  2007  2008
  1 0.085 0.066 0.083
  2 0.104 0.102 0.117
  3 0.123 0.116 0.140
  4 0.153 0.135 0.156
  5 0.150 0.151 0.170
  6 0.159 0.160 0.180


TABLE 4.6.2.1.4 Celtic Sea and Division VIIj Herring. NATURAL MORTALITY

Units  :  NA 
   year
age 1958 1959 1960 1961 1962 1963 1964 1965 1966 1967 1968 1969 1970 1971 1972
  1  1.0  1.0  1.0  1.0  1.0  1.0  1.0  1.0  1.0  1.0  1.0  1.0  1.0  1.0  1.0
  2  0.3  0.3  0.3  0.3  0.3  0.3  0.3  0.3  0.3  0.3  0.3  0.3  0.3  0.3  0.3
  3  0.2  0.2  0.2  0.2  0.2  0.2  0.2  0.2  0.2  0.2  0.2  0.2  0.2  0.2  0.2
  4  0.1  0.1  0.1  0.1  0.1  0.1  0.1  0.1  0.1  0.1  0.1  0.1  0.1  0.1  0.1
  5  0.1  0.1  0.1  0.1  0.1  0.1  0.1  0.1  0.1  0.1  0.1  0.1  0.1  0.1  0.1
  6  0.1  0.1  0.1  0.1  0.1  0.1  0.1  0.1  0.1  0.1  0.1  0.1  0.1  0.1  0.1
   year
age 1973 1974 1975 1976 1977 1978 1979 1980 1981 1982 1983 1984 1985 1986 1987
  1  1.0  1.0  1.0  1.0  1.0  1.0  1.0  1.0  1.0  1.0  1.0  1.0  1.0  1.0  1.0
  2  0.3  0.3  0.3  0.3  0.3  0.3  0.3  0.3  0.3  0.3  0.3  0.3  0.3  0.3  0.3
  3  0.2  0.2  0.2  0.2  0.2  0.2  0.2  0.2  0.2  0.2  0.2  0.2  0.2  0.2  0.2
  4  0.1  0.1  0.1  0.1  0.1  0.1  0.1  0.1  0.1  0.1  0.1  0.1  0.1  0.1  0.1
  5  0.1  0.1  0.1  0.1  0.1  0.1  0.1  0.1  0.1  0.1  0.1  0.1  0.1  0.1  0.1
  6  0.1  0.1  0.1  0.1  0.1  0.1  0.1  0.1  0.1  0.1  0.1  0.1  0.1  0.1  0.1
   year
age 1988 1989 1990 1991 1992 1993 1994 1995 1996 1997 1998 1999 2000 2001 2002
  1  1.0  1.0  1.0  1.0  1.0  1.0  1.0  1.0  1.0  1.0  1.0  1.0  1.0  1.0  1.0
  2  0.3  0.3  0.3  0.3  0.3  0.3  0.3  0.3  0.3  0.3  0.3  0.3  0.3  0.3  0.3
  3  0.2  0.2  0.2  0.2  0.2  0.2  0.2  0.2  0.2  0.2  0.2  0.2  0.2  0.2  0.2
  4  0.1  0.1  0.1  0.1  0.1  0.1  0.1  0.1  0.1  0.1  0.1  0.1  0.1  0.1  0.1
  5  0.1  0.1  0.1  0.1  0.1  0.1  0.1  0.1  0.1  0.1  0.1  0.1  0.1  0.1  0.1
  6  0.1  0.1  0.1  0.1  0.1  0.1  0.1  0.1  0.1  0.1  0.1  0.1  0.1  0.1  0.1
   year
age 2003 2004 2005 2006 2007 2008
  1  1.0  1.0  1.0  1.0  1.0  1.0
  2  0.3  0.3  0.3  0.3  0.3  0.3
  3  0.2  0.2  0.2  0.2  0.2  0.2
  4  0.1  0.1  0.1  0.1  0.1  0.1
  5  0.1  0.1  0.1  0.1  0.1  0.1
  6  0.1  0.1  0.1  0.1  0.1  0.1


TABLE 4.6.2.1.5 Celtic Sea and Division VIIj Herring. PROPORTION MATURE

Units  :  NA 
   year
age 1958 1959 1960 1961 1962 1963 1964 1965 1966 1967 1968 1969 1970 1971 1972
  1  0.5  0.5  0.5  0.5  0.5  0.5  0.5  0.5  0.5  0.5  0.5  0.5  0.5  0.5  0.5
  2  1.0  1.0  1.0  1.0  1.0  1.0  1.0  1.0  1.0  1.0  1.0  1.0  1.0  1.0  1.0
  3  1.0  1.0  1.0  1.0  1.0  1.0  1.0  1.0  1.0  1.0  1.0  1.0  1.0  1.0  1.0
  4  1.0  1.0  1.0  1.0  1.0  1.0  1.0  1.0  1.0  1.0  1.0  1.0  1.0  1.0  1.0
  5  1.0  1.0  1.0  1.0  1.0  1.0  1.0  1.0  1.0  1.0  1.0  1.0  1.0  1.0  1.0
  6  1.0  1.0  1.0  1.0  1.0  1.0  1.0  1.0  1.0  1.0  1.0  1.0  1.0  1.0  1.0
   year
age 1973 1974 1975 1976 1977 1978 1979 1980 1981 1982 1983 1984 1985 1986 1987
  1  0.5  0.5  0.5  0.5  0.5  0.5  0.5  0.5  0.5  0.5  0.5  0.5  0.5  0.5  0.5
  2  1.0  1.0  1.0  1.0  1.0  1.0  1.0  1.0  1.0  1.0  1.0  1.0  1.0  1.0  1.0
  3  1.0  1.0  1.0  1.0  1.0  1.0  1.0  1.0  1.0  1.0  1.0  1.0  1.0  1.0  1.0
  4  1.0  1.0  1.0  1.0  1.0  1.0  1.0  1.0  1.0  1.0  1.0  1.0  1.0  1.0  1.0
  5  1.0  1.0  1.0  1.0  1.0  1.0  1.0  1.0  1.0  1.0  1.0  1.0  1.0  1.0  1.0
  6  1.0  1.0  1.0  1.0  1.0  1.0  1.0  1.0  1.0  1.0  1.0  1.0  1.0  1.0  1.0
   year
age 1988 1989 1990 1991 1992 1993 1994 1995 1996 1997 1998 1999 2000 2001 2002
  1  0.5  0.5  0.5  0.5  0.5  0.5  0.5  0.5  0.5  0.5  0.5  0.5  0.5  0.5  0.5
  2  1.0  1.0  1.0  1.0  1.0  1.0  1.0  1.0  1.0  1.0  1.0  1.0  1.0  1.0  1.0
  3  1.0  1.0  1.0  1.0  1.0  1.0  1.0  1.0  1.0  1.0  1.0  1.0  1.0  1.0  1.0
  4  1.0  1.0  1.0  1.0  1.0  1.0  1.0  1.0  1.0  1.0  1.0  1.0  1.0  1.0  1.0
  5  1.0  1.0  1.0  1.0  1.0  1.0  1.0  1.0  1.0  1.0  1.0  1.0  1.0  1.0  1.0
  6  1.0  1.0  1.0  1.0  1.0  1.0  1.0  1.0  1.0  1.0  1.0  1.0  1.0  1.0  1.0
   year
age 2003 2004 2005 2006 2007 2008
  1  0.5  0.5  0.5  0.5  0.5  0.5
  2  1.0  1.0  1.0  1.0  1.0  1.0
  3  1.0  1.0  1.0  1.0  1.0  1.0
  4  1.0  1.0  1.0  1.0  1.0  1.0
  5  1.0  1.0  1.0  1.0  1.0  1.0
  6  1.0  1.0  1.0  1.0  1.0  1.0


TABLE 4.6.2.1.6 Celtic Sea and Division VIIj Herring. FRACTION OF HARVEST BEFORE SPAWNING

Units  :  NA 
   year
age 1958 1959 1960 1961 1962 1963 1964 1965 1966 1967 1968 1969 1970 1971 1972
  1  0.2  0.2  0.2  0.2  0.2  0.2  0.2  0.2  0.2  0.2  0.2  0.2  0.2  0.2  0.2
  2  0.2  0.2  0.2  0.2  0.2  0.2  0.2  0.2  0.2  0.2  0.2  0.2  0.2  0.2  0.2
  3  0.2  0.2  0.2  0.2  0.2  0.2  0.2  0.2  0.2  0.2  0.2  0.2  0.2  0.2  0.2
  4  0.2  0.2  0.2  0.2  0.2  0.2  0.2  0.2  0.2  0.2  0.2  0.2  0.2  0.2  0.2
  5  0.2  0.2  0.2  0.2  0.2  0.2  0.2  0.2  0.2  0.2  0.2  0.2  0.2  0.2  0.2
  6  0.2  0.2  0.2  0.2  0.2  0.2  0.2  0.2  0.2  0.2  0.2  0.2  0.2  0.2  0.2
   year
age 1973 1974 1975 1976 1977 1978 1979 1980 1981 1982 1983 1984 1985 1986 1987
  1  0.2  0.2  0.2  0.2  0.2  0.2  0.2  0.2  0.2  0.2  0.2  0.2  0.2  0.2  0.2
  2  0.2  0.2  0.2  0.2  0.2  0.2  0.2  0.2  0.2  0.2  0.2  0.2  0.2  0.2  0.2
  3  0.2  0.2  0.2  0.2  0.2  0.2  0.2  0.2  0.2  0.2  0.2  0.2  0.2  0.2  0.2
  4  0.2  0.2  0.2  0.2  0.2  0.2  0.2  0.2  0.2  0.2  0.2  0.2  0.2  0.2  0.2
  5  0.2  0.2  0.2  0.2  0.2  0.2  0.2  0.2  0.2  0.2  0.2  0.2  0.2  0.2  0.2
  6  0.2  0.2  0.2  0.2  0.2  0.2  0.2  0.2  0.2  0.2  0.2  0.2  0.2  0.2  0.2
   year
age 1988 1989 1990 1991 1992 1993 1994 1995 1996 1997 1998 1999 2000 2001 2002
  1  0.2  0.2  0.2  0.2  0.2  0.2  0.2  0.2  0.2  0.2  0.2  0.2  0.2  0.2  0.2
  2  0.2  0.2  0.2  0.2  0.2  0.2  0.2  0.2  0.2  0.2  0.2  0.2  0.2  0.2  0.2
  3  0.2  0.2  0.2  0.2  0.2  0.2  0.2  0.2  0.2  0.2  0.2  0.2  0.2  0.2  0.2
  4  0.2  0.2  0.2  0.2  0.2  0.2  0.2  0.2  0.2  0.2  0.2  0.2  0.2  0.2  0.2
  5  0.2  0.2  0.2  0.2  0.2  0.2  0.2  0.2  0.2  0.2  0.2  0.2  0.2  0.2  0.2
  6  0.2  0.2  0.2  0.2  0.2  0.2  0.2  0.2  0.2  0.2  0.2  0.2  0.2  0.2  0.2
   year
age  2003  2004  2005  2006  2007  2008
  1 0.551 0.551 0.551 0.551 0.551 0.551
  2 0.551 0.551 0.551 0.551 0.551 0.551
  3 0.551 0.551 0.551 0.551 0.551 0.551
  4 0.551 0.551 0.551 0.551 0.551 0.551
  5 0.551 0.551 0.551 0.551 0.551 0.551
  6 0.551 0.551 0.551 0.551 0.551 0.551


TABLE 4.6.2.1.7 Celtic Sea and Division VIIj Herring. FRACTION OF NATURAL MORTALITY BEFORE SPAWNING

Units  :  NA 
   year
age 1958 1959 1960 1961 1962 1963 1964 1965 1966 1967 1968 1969 1970 1971 1972
  1  0.5  0.5  0.5  0.5  0.5  0.5  0.5  0.5  0.5  0.5  0.5  0.5  0.5  0.5  0.5
  2  0.5  0.5  0.5  0.5  0.5  0.5  0.5  0.5  0.5  0.5  0.5  0.5  0.5  0.5  0.5
  3  0.5  0.5  0.5  0.5  0.5  0.5  0.5  0.5  0.5  0.5  0.5  0.5  0.5  0.5  0.5
  4  0.5  0.5  0.5  0.5  0.5  0.5  0.5  0.5  0.5  0.5  0.5  0.5  0.5  0.5  0.5
  5  0.5  0.5  0.5  0.5  0.5  0.5  0.5  0.5  0.5  0.5  0.5  0.5  0.5  0.5  0.5
  6  0.5  0.5  0.5  0.5  0.5  0.5  0.5  0.5  0.5  0.5  0.5  0.5  0.5  0.5  0.5
   year
age 1973 1974 1975 1976 1977 1978 1979 1980 1981 1982 1983 1984 1985 1986 1987
  1  0.5  0.5  0.5  0.5  0.5  0.5  0.5  0.5  0.5  0.5  0.5  0.5  0.5  0.5  0.5
  2  0.5  0.5  0.5  0.5  0.5  0.5  0.5  0.5  0.5  0.5  0.5  0.5  0.5  0.5  0.5
  3  0.5  0.5  0.5  0.5  0.5  0.5  0.5  0.5  0.5  0.5  0.5  0.5  0.5  0.5  0.5
  4  0.5  0.5  0.5  0.5  0.5  0.5  0.5  0.5  0.5  0.5  0.5  0.5  0.5  0.5  0.5
  5  0.5  0.5  0.5  0.5  0.5  0.5  0.5  0.5  0.5  0.5  0.5  0.5  0.5  0.5  0.5
  6  0.5  0.5  0.5  0.5  0.5  0.5  0.5  0.5  0.5  0.5  0.5  0.5  0.5  0.5  0.5
   year
age 1988 1989 1990 1991 1992 1993 1994 1995 1996 1997 1998 1999 2000 2001 2002
  1  0.5  0.5  0.5  0.5  0.5  0.5  0.5  0.5  0.5  0.5  0.5  0.5  0.5  0.5  0.5
  2  0.5  0.5  0.5  0.5  0.5  0.5  0.5  0.5  0.5  0.5  0.5  0.5  0.5  0.5  0.5
  3  0.5  0.5  0.5  0.5  0.5  0.5  0.5  0.5  0.5  0.5  0.5  0.5  0.5  0.5  0.5
  4  0.5  0.5  0.5  0.5  0.5  0.5  0.5  0.5  0.5  0.5  0.5  0.5  0.5  0.5  0.5
  5  0.5  0.5  0.5  0.5  0.5  0.5  0.5  0.5  0.5  0.5  0.5  0.5  0.5  0.5  0.5
  6  0.5  0.5  0.5  0.5  0.5  0.5  0.5  0.5  0.5  0.5  0.5  0.5  0.5  0.5  0.5
   year
age 2003 2004 2005 2006 2007 2008
  1  0.5  0.5  0.5  0.5  0.5  0.5
  2  0.5  0.5  0.5  0.5  0.5  0.5
  3  0.5  0.5  0.5  0.5  0.5  0.5
  4  0.5  0.5  0.5  0.5  0.5  0.5
  5  0.5  0.5  0.5  0.5  0.5  0.5
  6  0.5  0.5  0.5  0.5  0.5  0.5


TABLE 4.6.2.1.8 Celtic Sea and Division VIIj Herring. SURVEY INDICES

FLT02: Celtic  revised   acoustic   (Catch:   Millions)   (Effort:Unknown) - Configuration

"Celtic Sea   and   Division  VIIj herring . Imported from VPA file."
      min       max plusgroup   minyear   maxyear    startf      endf 
        2         5        NA      2002      2008         1         1 
Index type : number

FLT02: Celtic  revised   acoustic   (Catch:   Millions)   (Effort:Unknown) - Index Values

Units  :  NA 
   year
age  2002 2003 2004  2005  2006 2007 2008
  2 185.2 61.7   -1 137.1 210.5   70  295
  3 150.6 60.4   -1  28.2  47.8  220  111
  4  29.7 17.2   -1  54.2  13.5   31  162
  5   6.6  5.4   -1  21.6  11.0    9   27

FLT02: Celtic  revised   acoustic   (Catch:   Millions)   (Effort:Unknown) - Index Variance (Inverse Weights) 

Units  :  NA 
   year
age 2002 2003 2004 2005 2006 2007 2008
  2    1    1    1    1    1    1    1
  3    1    1    1    1    1    1    1
  4    1    1    1    1    1    1    1
  5    1    1    1    1    1    1    1


TABLE 4.6.2.1.9 Celtic Sea and Division VIIj Herring. STOCK OBJECT CONFIGURATION

      min       max plusgroup   minyear   maxyear   minfbar   maxfbar 
        1         6         6      1958      2008         2         5 


TABLE 4.6.2.1.10 Celtic Sea and Division VIIj Herring. FLICA CONFIGURATION SETTINGS

sep.2       : NA
sep.gradual : TRUE
sr          : FALSE
sr.age      : 1
lambda.age  : 0.1 1 1 1 1 0
lambda.yr   : 1 1 1 1 1 1
lambda.sr   : 0
index.model : linear
index.cor   : 1
sep.nyr     : 6
sep.age     : 3
sep.sel     : 1


TABLE 4.6.2.1.11 Celtic Sea and Division VIIj Herring. FLR, R SOFTWARE VERSIONS

R version 2.8.0 (2008-10-20)

Package  : FLICA
Version  : 1.4-10
Packaged : Sat Mar 21 18:30:56 2009; mpa
Built    : R 2.8.0; ; 2009-03-21 18:30:58; windows

Package  : FLAssess
Version  : 1.99-102
Packaged : Mon Mar 23 08:18:19 2009; mpa
Built    : R 2.8.0; i386-pc-mingw32; 2009-03-23 08:18:21; windows

Package  : FLCore
Version  : 3.0
Packaged : Tue Mar 10 04:42:26 2009; theussl
Built    : R 2.8.1; i386-pc-mingw32; 2009-03-10 04:42:28; windows


TABLE 4.6.2.1.12 Celtic Sea and Division VIIj Herring. STOCK SUMMARY

Year Recruitment    TSB    SSB       Fbar Landings Landings
           Age 1               (Ages 2-5)               SOP
                                        f   tonnes         
1958      295674 111049  80195     0.3622    22978   1.1144
1959      872952 136788  75751     0.3110    15086   1.1238
1960      190690  86866  62372     0.4545    18283   1.1314
1961      219996  75743  53403     0.2845    15372   0.7759
1962      565338 115722  63363     0.6025    21552   1.0137
1963      284233  88243  57952     0.4062    17349   1.0017
1964     1081346 167838  81568     0.2492    10599   1.0234
1965      339817 150427 109928     0.2310    19126   1.1620
1966      698800 191997 117893     0.2770    27030   0.9617
1967      714161 198749 122799     0.3490    27658   1.1093
1968      839600 213584 126571     0.3260    30236   0.9937
1969      444838 175960 115838     0.5110    44389   1.0062
1970      215365 123413  88361     0.4508    31727   1.0041
1971      857772 167619  84213     0.6782    31396   1.0385
1972      264810 114782  71860     0.7145    38203   0.9936
1973      291386  89377  52041     0.7200    26936   1.0461
1974      129813  57903  36099     0.7972    19940   1.0226
1975      144961  46838  27093     0.7358    15588   0.9298
1976      175297  46185  25127     0.6312     9771   1.0604
1977      169900  44012  24199     0.5462     7833   0.9983
1978      134846  41317  24991     0.5080     7559   1.0882
1979      238148  52432  26855     0.6465    10321   0.9954
1980      148152  43995  26163     0.6832    13130   0.9302
1981      405081  69031  30448     0.9770    17103   0.9861
1982      671728 105809  45753     0.6890    13000   0.9865
1983      743311 131525  63068     0.6838    24981   0.9551
1984      572200 114119  63283     0.8570    26779   1.0089
1985      516009 110727  62674     0.4930    20426   0.9760
1986      537975 121656  67225     0.6415    25024   0.9992
1987      976622 152372  74366     0.7338    26200   1.0043
1988      393365 112525  72736     0.4080    20447   0.9962
1989      475553 113213  66550     0.5287    23254   0.9984
1990      429569 100664  61268     0.4480    18404   1.0102
1991      180747  72503  49277     0.6798    25562   0.9873
1992      959501 128674  55440     0.9815    21127   1.0467
1993      330034  89460  56811     0.5722    18618   0.9993
1994      702463 122935  65516     0.4272    19300   1.0049
1995      683183 122449  68768     0.5395    23305   0.9979
1996      341631  93401  61634     0.3945    18816   0.9981
1997      372002  84866  51023     0.6055    20496   1.0037
1998      241493  66646  41577     0.6285    18041   1.0016
1999      491902  77305  38675     0.8640    18485   1.0024
2000      434874  72472  36614     0.8892    17191   1.0001
2001      401671  62576  32458     0.8225    15269   1.0064
2002      479767  75869  38846     0.3408     7465   0.9994
2003      105907  45760  29084     0.4740    11536   0.9977
2004      257960  46938  23736     0.5762    12743   1.0080
2005      760084  78292  32302     0.4970     9494   0.9983
2006      265482  63356  38689     0.2770     6944   0.9976
2007      585465  74872  40553     0.2250     7636   0.9998
2008      360168  77620  55804     0.1252     5793   0.9995


TABLE 4.6.2.1.13 Celtic Sea and Division VIIj Herring. ESTIMATED FISHING MORTALITY

Units  :  f 
   year
age  1958  1959  1960  1961  1962  1963  1964  1965  1966  1967  1968  1969
  1 0.009 0.002 0.024 0.015 0.002 0.002 0.011 0.000 0.016 0.017 0.023 0.034
  2 0.169 0.320 0.300 0.314 0.311 0.339 0.182 0.230 0.199 0.201 0.279 0.437
  3 0.400 0.155 0.624 0.223 0.877 0.401 0.190 0.174 0.334 0.342 0.333 0.538
  4 0.496 0.407 0.392 0.264 0.573 0.425 0.349 0.252 0.267 0.476 0.321 0.487
  5 0.384 0.362 0.502 0.337 0.649 0.460 0.276 0.268 0.308 0.377 0.371 0.582
  6 0.384 0.362 0.502 0.337 0.649 0.460 0.276 0.268 0.308 0.377 0.371 0.582
   year
age  1970  1971  1972  1973  1974  1975  1976  1977  1978  1979  1980  1981
  1 0.010 0.024 0.051 0.135 0.069 0.148 0.127 0.078 0.033 0.078 0.079 0.164
  2 0.315 0.416 0.710 0.634 0.733 0.504 0.325 0.292 0.309 0.404 0.552 0.657
  3 0.477 0.653 0.709 0.779 0.724 0.869 0.510 0.483 0.537 0.565 0.773 1.153
  4 0.512 0.906 0.607 0.643 0.816 0.756 1.017 0.825 0.633 0.913 0.636 1.020
  5 0.499 0.738 0.832 0.824 0.916 0.814 0.673 0.585 0.553 0.704 0.772 1.078
  6 0.499 0.738 0.832 0.824 0.916 0.814 0.673 0.585 0.553 0.704 0.772 1.078
   year
age  1982  1983  1984  1985  1986  1987  1988  1989  1990  1991  1992  1993
  1 0.037 0.029 0.055 0.056 0.012 0.010 0.009 0.028 0.010 0.017 0.017 0.008
  2 0.489 0.676 0.510 0.398 0.449 0.497 0.308 0.414 0.331 0.626 0.628 0.372
  3 0.678 0.718 0.693 0.410 0.639 0.805 0.486 0.488 0.485 0.621 0.951 0.505
  4 0.826 0.544 1.298 0.609 0.768 0.823 0.381 0.620 0.476 0.691 1.274 0.786
  5 0.763 0.797 0.927 0.555 0.710 0.810 0.457 0.593 0.500 0.781 1.073 0.626
  6 0.763 0.797 0.927 0.555 0.710 0.810 0.457 0.593 0.500 0.781 1.073 0.626
   year
age  1994  1995  1996  1997  1998  1999  2000  2001  2002  2003  2004  2005
  1 0.028 0.022 0.016 0.016 0.039 0.047 0.037 0.064 0.012 0.029 0.035 0.030
  2 0.416 0.447 0.341 0.426 0.436 0.606 0.713 0.615 0.248 0.301 0.366 0.316
  3 0.481 0.544 0.434 0.593 0.681 0.936 0.908 0.968 0.399 0.519 0.631 0.544
  4 0.315 0.556 0.353 0.733 0.702 0.957 0.934 0.787 0.336 0.557 0.677 0.584
  5 0.497 0.611 0.450 0.670 0.695 0.957 1.002 0.920 0.380 0.519 0.631 0.544
  6 0.497 0.611 0.450 0.670 0.695 0.957 1.002 0.920 0.380 0.519 0.631 0.544
   year
age  2006  2007  2008
  1 0.017 0.014 0.008
  2 0.176 0.143 0.080
  3 0.303 0.246 0.137
  4 0.326 0.265 0.147
  5 0.303 0.246 0.137
  6 0.303 0.246 0.137


TABLE 4.6.2.1.14 Celtic Sea and Division VIIj Herring. ESTIMATED POPULATION ABUNDANCE

Units  :  NA 
   year
age   1958   1959   1960   1961   1962   1963    1964   1965   1966   1967
  1 295674 872952 190690 219996 565338 284233 1081346 339817 698800 714161
  2  27804 107818 320441  68501  79694 207527  104391 393427 124979 252952
  3 109932  17402  57996 175899  37084  43241  109579  64481 231565  75898
  4  68932  60308  12199  25437 115175  12634   23708  74183  44357 135785
  5  41209  37992  36316   7456  17674  58733    7472  15139  52172  30721
  6 180616 119850  50523  52653  46628  26545   55596 113737  85997  88816
   year
age   1968   1969   1970   1971   1972   1973   1974   1975   1976   1977
  1 839600 444838 215365 857772 264810 291386 129813 144961 175297 169900
  2 258309 301787 158150  78461 308204  92537  93642  44569  45987  56818
  3 153271 144704 144445  85460  38340 112301  36363  33321  19951  24615
  4  44120  89909  69195  73373  36400  15449  42175  14432  11444   9808
  5  76349  28974  49965  37538  26842  17949   7347  16883   6130   3743
  6  51842  66979  52583  43823  20413  22719  14684  14048  20867   8961
   year
age   1978   1979   1980   1981   1982   1983   1984   1985   1986   1987
  1 134846 238148 148152 405081 671728 743311 572200 516009 537975 976622
  2  57785  47982  81055  50361 126419 238215 265588 199194 179450 195492
  3  31437  31419  23735  34592  19350  57458  89722 118099  99124  84819
  4  12437  15041  14627   8973   8940   8046  22946  36734  64160  42826
  5   3888   5973   5459   7007   2929   3540   4227   5667  18071  26941
  6   8259   7826  10125   8541   8788   3686   3230   1519   2603   8748
   year
age   1988   1989   1990   1991   1992   1993   1994   1995   1996   1997
  1 393365 475553 429569 180747 959501 330034 702463 683183 341631 372002
  2 355804 143369 170150 156458  65382 346931 120478 251378 245839 123659
  3  88076 193785  70214  90538  61992  25849 177099  58896 119096 129472
  4  31044  44365  97368  35411  39844  19609  12768  89669  27995  63208
  5  17016  19182  21601  54710  16048  10087   8087   8434  46551  17801
  6  12268  18411  17662  17342  44408  22651  23165  20072  17897  18661
   year
age   1998   1999   2000   2001   2002   2003   2004   2005   2006   2007
  1 241493 491902 434874 401671 479767 105907 257960 760084 265482 585465
  2 134615  85465 172685 154206 138663 174464  37863  91655 271355  96045
  3  59842  64513  34532  62732  61747  80164  95656  19453  49516 168577
  4  58557  24785  20716  11405  19514  33924  39075  41686   9244  29933
  5  27477  26256   8613   7365   4696  12623  17593  17969  21035   6040
  6  15440  22516  16118   6537   6835  17139   4808   6220  12007  12045
   year
age   2008
  1 360168
  2 212473
  3  61669
  4 107869
  5  20788
  6   7442


TABLE 4.6.2.1.15 Celtic Sea and Division VIIj Herring. SURVIVORS AFTER TERMINAL YEAR

Units  :  NA 
   year
age   2009
  1     NA
  2  98648
  3 145357
  4  44017
  5  84239
  6  22269


TABLE 4.6.2.1.16 Celtic Sea and Division VIIj Herring. FITTED SELECTION PATTERN

Units  :  NA 
   year
age  2003  2004  2005  2006  2007  2008
  1 0.055 0.055 0.055 0.055 0.055 0.055
  2 0.580 0.580 0.580 0.580 0.580 0.580
  3 1.000 1.000 1.000 1.000 1.000 1.000
  4 1.073 1.073 1.073 1.073 1.073 1.073
  5 1.000 1.000 1.000 1.000 1.000 1.000
  6 1.000 1.000 1.000 1.000 1.000 1.000


TABLE 4.6.2.1.17 Celtic Sea and Division VIIj Herring. PREDICTED CATCH IN NUMBERS

Units  :  NA 
   year
age  1958  1959  1960  1961  1962  1963  1964  1965  1966  1967  1968  1969
  1  1642  1203  2840  2129   772   297  7529    57  7093  7599 12197  9472
  2  3742 25717 72246 16058 18567 51935 15058 70248 19559 39991 54790 93279
  3 33094  2274 24658 32044 19909 13033 17250  9365 59893 20062 39604 55039
  4 25746 19262  3779  5631 48061  4179  6658 15757  9924 49113 11544 33145
  5 12551 11015 13698  2034  8075 20694  1719  3399 13211  9218 22599 12217
  6 55010 34748 19057 14363 21304  9353 12790 25536 21776 26650 15345 28242
   year
age  1970  1971   1972  1973  1974  1975  1976  1977  1978  1979  1980  1981
  1  1319 12658   8422 23547  5507 12768 13317  8159  2800 11335  7162 39361
  2 37260 23313 137690 38133 42808 15429 11113 12516 13385 13913 30093 21285
  3 50087 37563  17855 55805 17184 17783  7286  8610 11948 12399 11726 21861
  4 26481 41904  15842  7012 22530  7333  7011  5280  5583  8636  6585  5505
  5 18763 18759  14531  9651  4225  9006  2872  1585  1580  2889  2812  4438
  6 19746 21900  11051 12216  8445  7494  9777  3794  3356  3785  5215  5410
   year
age  1982   1983  1984  1985  1986  1987  1988  1989  1990  1991  1992  1993
  1 15339  13540 19517 17916  4159  5976  2307  8260  2702  1912 10410  1608
  2 42725 102871 92892 57054 56747 67000 82027 42413 41756 63854 26752 94061
  3  8728  26993 41121 36258 42881 43075 30962 68399 24634 38342 35019  9372
  4  4817   3225 16043 16032 32930 23014  9398 19601 35258 16916 27591 10221
  5  1497   1862  2450  2306  8790 14323  5963  8205  8116 28405 10139  4491
  6  4492   1939  1872   618  1266  4651  4299  7875  6636  9004 28056 10085
   year
age  1994  1995  1996  1997  1998  1999  2000  2001  2002  2003  2004  2005
  1 12130  9450  3476  3849  5818 14274  9953 15724  3495  1892  5588 14235
  2 35768 79159 61923 37440 41510 34072 77378 62153 26472 39467 10117 21609
  3 61737 22591 38244 53040 27102 36086 18952 35816 18532 29653 40974  7465
  4  3289 36541  7943 31442 28274 14642 12060  5953  5309 13844 18390 17632
  5  3025  3686 16114  8318 13178 15515  5230  4249  1416  4882  7871  7208
  6  8665  8772  6195  8720  7405 13305  9787  3771  2061  6628  2151  2495
   year
age  2006  2007  2008
  1  2787  5001  1288
  2 38007 11099 14077
  3 11801 33514  7182
  4  2451  6636 14074
  5  5251  1258  2539
  6  2997  2509   909


TABLE 4.6.2.1.18 Celtic Sea and Division VIIj Herring. CATCH RESIDUALS

Units  :  thousands NA 
   year
age 2003 2004 2005 2006 2007 2008
  1 0.36   NA   NA   NA   NA   NA
  2   NA   NA   NA   NA   NA   NA
  3   NA   NA   NA   NA   NA   NA
  4   NA   NA   NA   NA   NA   NA
  5   NA   NA   NA   NA   NA   NA
  6   NA   NA   NA   NA   NA   NA


TABLE 4.6.2.1.19 Celtic Sea and Division VIIj Herring. PREDICTED INDEX VALUES

Celtic Sea Herring Acoustic

Units  :  NA NA 
   year
age 2002 2003 2004 2005 2006 2007 2008
  2  121  144   NA   75  255   93  220
  3   80   92   NA   22   71  254  104
  4   23   32   NA   39   11   38  154
  5    4   10   NA   14   21    6   25


TABLE 4.6.2.1.20 Celtic Sea and Division VIIj Herring. INDEX RESIDUALS

Celtic Sea Herring Acoustic

Units  :  NA 
   year
age  2002   2003 2004  2005   2006   2007  2008
  2 0.425 -0.851   NA 0.606 -0.190 -0.286 0.295
  3 0.633 -0.422   NA 0.258 -0.390 -0.145 0.067
  4 0.249 -0.629   NA 0.340  0.198 -0.207 0.048
  5 0.417 -0.633   NA 0.425 -0.648  0.343 0.096


TABLE 4.6.2.1.21 Celtic Sea and Division VIIj Herring. FIT PARAMETERS

                              Value Std.dev Lower.95.pct.CL Upper.95.pct.CL
F, 2003                        0.52    0.16            0.38            0.71
F, 2004                        0.63    0.16            0.46            0.86
F, 2005                        0.54    0.19            0.38            0.78
F, 2006                        0.30    0.22            0.20            0.46
F, 2007                        0.25    0.24            0.15            0.40
F, 2008                        0.14    0.28            0.08            0.24
Selectivity at age 1           0.06    0.35            0.03            0.11
Selectivity at age 2           0.58    0.14            0.44            0.77
Selectivity at age 4           1.07    0.11            0.86            1.34
Terminal year pop, age 1  270188.57    0.85        50865.16      1435203.53
Terminal year pop, age 2  212472.30    0.32       113913.52       396304.83
Terminal year pop, age 3   61667.80    0.26        37075.53       102572.19
Terminal year pop, age 4  107868.04    0.25        66123.43       175966.57
Terminal year pop, age 5   20787.44    0.26        12587.42        34329.35
Last true age pop, 2003    12621.90    0.24         7961.68        20009.89
Last true age pop, 2004    17591.60    0.20        11851.66        26111.48
Last true age pop, 2005    17967.65    0.21        11906.14        27115.13
Last true age pop, 2006    21033.83    0.23        13459.60        32870.36
Last true age pop, 2007     6038.73    0.24         3803.14         9588.47
Index 1, age 2 numbers, Q      0.00    0.24            0.00            0.00
Index 1, age 3 numbers, Q      0.00    0.24            0.00            0.00
Index 1, age 4 numbers, Q      0.00    0.25            0.00            0.00
Index 1, age 5 numbers, Q      0.00    0.27            0.00            0.00


