TABLE 3.6.1 North Sea Herring HERRING. CATCH IN NUMBER

Units  :  thousands 
   year
age    1960    1961    1962    1963    1964    1965    1966    1967    1968
  0  194600 1269200  141800  442800  496900  157100  374500  645400  839300
  1 2392700  336000 2146900 1262200 2971700 3209300 1383100 1674300 2425000
  2 1142300 1889400  269600 2961200 1547500 2217600 2569700 1171500 1795200
  3 1966700  479900  797400  177200 2243100 1324600  741200 1364700 1494300
  4  165900 1455900  335100  158300  148400 2039400  450100  371500  621400
  5  167700  124000 1081800   80600  149000  145100  889800  297800  157100
  6  112900  157900  126900  229700   95000  151900   45300  393100  145000
  7  125800   61400  145100   22400  256300  117600   64800   67900  163400
  8  128600   56000   86300   42000   26300  413000   95500   81600   13700
  9  142000   87500   86800   51000   57700   78400  236300  172800   91800
   year
age    1969    1970    1971    1972    1973   1974    1975   1976   1977   1978
  0  112000  898100  684000  750400  289400 996100  263800 238200 256800 130000
  1 2503300 1196200 4378500 3340600 2368000 846100 2460500 126600 144300 168600
  2 1883000 2002800 1146800 1440500 1344200 772600  541700 901500  44700   4900
  3  296300  883600  662500  343800  659200 362000  259600 117300 186400   5700
  4  133100  125200  208300  130600  150200 126000  140500  52000  10800   5000
  5  190800   50300   26900   32900   59300  56100   57200  34500   7000    300
  6   49900   61000   30500    5000   30600  22300   16100   6100   4100    200
  7   42700    7900   26800     200    3700   5000    9100   4400   1500    200
  8   27400   12000     100    1100    1400   2000    3400   1000    700    200
  9   25100   12200   12400     400     600   1100    1400    400      0    300
   year
age   1979    1980    1981     1982     1983    1984    1985    1986    1987
  0 542000 1262700 9519700 11956700 13296900 6973300 4211000 3724700 8229200
  1 159200  245100  872000  1116400  2448600 1818400 3253000 4801400 6836300
  2  34100  134000  284300   299400   573800 1146200 1326300 1266700 2137200
  3  10000   91800   56900   230100   216400  441400 1182400  840800  667900
  4  10100   32200   39500    33700   105100  201500  368500  465900  467100
  5   2100   21700   28500    14400    26200   81100  124500  129800  245800
  6    200    2300   22700     6800    22800   22600   43600   62100   74700
  7    800    1400   18700     7800    12800   25200   20200   20500   23800
  8    600     400    5500     3600    11000   11100   13100   13600    8000
  9    100     100    1100     1100    12100   18600   16100   14800    8200
   year
age    1988    1989    1990    1991     1992     1993    1994    1995    1996
  0 3164800 3057800 1302800 2386600 10331300 10265400 4498900 7438469 2311226
  1 7867000 3145900 3020000 2138900  2303100  3826800 1785200 1664874 1606393
  2 2232500 1593700  899300 1132800  1284900  1176300 1783200 1444061  642084
  3 1090700 1363800  779100  556700   442700   609000  489100  816703  525601
  4  383700  809300  861000  548900   361500   305500  347600  231794  172099
  5  255800  211800  387500  501200   360500   215600  109000  118536   57586
  6  128100  123700   80200  205300   375600   226000   91800   55128   22534
  7   38000   61000   54400   39300   152400   188000   76400   41409    9264
  8   15300   19500   28800   25600    39200    87300   70000   68955   17195
  9    8500    8700   11900   13000    23300    41700   46600   29245    3948
   year
age   1997    1998    1999    2000    2001   2002    2003    2004    2005
  0 431175  259526 1566349 1105085 1832691 730279  369074  715597 1015554
  1 479702  977680  303520 1171677  614469 837557  617021  206648  715547
  2 687920 1220105  616354  622853  842635 579592 1221992  447918  355453
  3 446909  537932 1058716  463170  485628 970577  529386 1366155  485746
  4 284920  276333  294066  646814  278884 292205  835552  543376 1318647
  5 109178  175817  135648  213466  321743 140701  244780  753231  479961
  6  31389   88927   69299   82481   90918 174570  107751  169324  576154
  7  11832   15232   27998   35706   38252  48908  123291  104945  115212
  8  18770   16766   10174   14624   17910  34620   37671   65341   88311
  9   5697    3784    2054    2463    2692   8702    9044   31801   58497
   year
age   2006   2007   2008   2009
  0 878637 621005 798284 650043
  1 222111 235553 235022 175923
  2 401087 219115 331772 259434
  3 310602 417452 184771 106738
  4 464620 285746 199069  93321
  5 997782 309454 137529  86137
  6 252150 629187 118349  37951
  7 247042 147830 215542  53130
  8  63035 133388  74339 110394
  9  43377  23362  42919  32737


TABLE 3.6.2 North Sea Herring HERRING. WEIGHTS AT AGE IN THE CATCH

Units  :  kg 
   year
age  1960  1961  1962  1963  1964  1965  1966  1967  1968  1969  1970  1971
  0 0.015 0.015 0.015 0.015 0.015 0.015 0.015 0.015 0.015 0.015 0.015 0.015
  1 0.050 0.050 0.050 0.050 0.050 0.050 0.050 0.050 0.050 0.050 0.050 0.050
  2 0.126 0.126 0.126 0.126 0.126 0.126 0.126 0.126 0.126 0.126 0.126 0.126
  3 0.176 0.176 0.176 0.176 0.176 0.176 0.176 0.176 0.176 0.176 0.176 0.176
  4 0.211 0.211 0.211 0.211 0.211 0.211 0.211 0.211 0.211 0.211 0.211 0.211
  5 0.243 0.243 0.243 0.243 0.243 0.243 0.243 0.243 0.243 0.243 0.243 0.243
  6 0.251 0.251 0.251 0.251 0.251 0.251 0.251 0.251 0.251 0.251 0.251 0.251
  7 0.267 0.267 0.267 0.267 0.267 0.267 0.267 0.267 0.267 0.267 0.267 0.267
  8 0.271 0.271 0.271 0.271 0.271 0.271 0.271 0.271 0.271 0.271 0.271 0.271
  9 0.271 0.271 0.271 0.271 0.271 0.271 0.271 0.271 0.271 0.271 0.271 0.271
   year
age  1972  1973  1974  1975  1976  1977  1978  1979  1980  1981  1982  1983
  0 0.015 0.015 0.015 0.015 0.015 0.015 0.015 0.015 0.015 0.007 0.010 0.010
  1 0.050 0.050 0.050 0.050 0.050 0.050 0.050 0.050 0.050 0.049 0.059 0.059
  2 0.126 0.126 0.126 0.126 0.126 0.126 0.126 0.126 0.126 0.118 0.118 0.118
  3 0.176 0.176 0.176 0.176 0.176 0.176 0.176 0.176 0.176 0.142 0.149 0.149
  4 0.211 0.211 0.211 0.211 0.211 0.211 0.211 0.211 0.211 0.189 0.179 0.179
  5 0.243 0.243 0.243 0.243 0.243 0.243 0.243 0.243 0.243 0.211 0.217 0.217
  6 0.251 0.251 0.251 0.251 0.251 0.251 0.251 0.251 0.251 0.222 0.238 0.238
  7 0.267 0.267 0.267 0.267 0.267 0.267 0.267 0.267 0.267 0.267 0.265 0.265
  8 0.271 0.271 0.271 0.271 0.271 0.271 0.271 0.271 0.271 0.271 0.274 0.274
  9 0.271 0.271 0.271 0.271 0.271 0.000 0.271 0.271 0.271 0.271 0.275 0.275
   year
age  1984  1985  1986  1987  1988  1989  1990  1991  1992  1993  1994  1995
  0 0.010 0.009 0.006 0.011 0.011 0.017 0.019 0.017 0.010 0.010 0.006 0.009
  1 0.059 0.036 0.067 0.035 0.055 0.043 0.055 0.058 0.053 0.033 0.056 0.042
  2 0.118 0.128 0.121 0.099 0.111 0.115 0.114 0.130 0.102 0.115 0.130 0.130
  3 0.149 0.164 0.153 0.150 0.145 0.153 0.149 0.166 0.175 0.145 0.159 0.169
  4 0.179 0.194 0.182 0.180 0.174 0.173 0.177 0.184 0.189 0.189 0.181 0.198
  5 0.217 0.211 0.208 0.211 0.197 0.208 0.193 0.203 0.207 0.204 0.214 0.207
  6 0.238 0.220 0.221 0.234 0.216 0.231 0.229 0.217 0.223 0.228 0.240 0.243
  7 0.265 0.258 0.238 0.258 0.237 0.247 0.236 0.235 0.237 0.244 0.255 0.247
  8 0.274 0.270 0.252 0.277 0.253 0.265 0.250 0.259 0.249 0.256 0.273 0.283
  9 0.275 0.292 0.262 0.299 0.263 0.259 0.287 0.271 0.287 0.310 0.281 0.276
   year
age  1996  1997  1998  1999  2000  2001  2002  2003  2004  2005  2006   2007
  0 0.015 0.015 0.021 0.009 0.015 0.012 0.012 0.014 0.014 0.011 0.010 0.0124
  1 0.018 0.044 0.051 0.045 0.033 0.048 0.037 0.037 0.036 0.044 0.049 0.0638
  2 0.112 0.108 0.114 0.115 0.113 0.118 0.118 0.104 0.100 0.099 0.117 0.1214
  3 0.156 0.148 0.145 0.151 0.157 0.149 0.153 0.158 0.138 0.153 0.144 0.1513
  4 0.188 0.195 0.183 0.171 0.179 0.177 0.170 0.174 0.183 0.166 0.172 0.1634
  5 0.204 0.227 0.219 0.207 0.201 0.198 0.199 0.184 0.201 0.208 0.181 0.1933
  6 0.212 0.226 0.238 0.233 0.216 0.213 0.214 0.205 0.216 0.223 0.220 0.1900
  7 0.261 0.235 0.247 0.245 0.246 0.238 0.228 0.222 0.228 0.240 0.237 0.2232
  8 0.280 0.244 0.289 0.261 0.275 0.267 0.250 0.232 0.246 0.257 0.235 0.2349
  9 0.288 0.291 0.283 0.301 0.262 0.288 0.252 0.256 0.272 0.278 0.262 0.2523
   year
age   2008   2009
  0 0.0079 0.0094
  1 0.0535 0.0514
  2 0.1288 0.1440
  3 0.1796 0.1811
  4 0.1812 0.2158
  5 0.1832 0.2162
  6 0.2157 0.2390
  7 0.2161 0.2428
  8 0.2560 0.2476
  9 0.2726 0.2724


TABLE 3.6.3 North Sea Herring HERRING. WEIGHTS AT AGE IN THE STOCK

Units  :  kg 
   year
age  1960  1961  1962  1963  1964  1965  1966  1967  1968  1969  1970  1971
  0 0.015 0.015 0.015 0.015 0.015 0.015 0.015 0.015 0.015 0.015 0.015 0.015
  1 0.050 0.050 0.050 0.050 0.050 0.050 0.050 0.050 0.050 0.050 0.050 0.050
  2 0.155 0.155 0.155 0.155 0.155 0.155 0.155 0.155 0.155 0.155 0.155 0.155
  3 0.187 0.187 0.187 0.187 0.187 0.187 0.187 0.187 0.187 0.187 0.187 0.187
  4 0.223 0.223 0.223 0.223 0.223 0.223 0.223 0.223 0.223 0.223 0.223 0.223
  5 0.239 0.239 0.239 0.239 0.239 0.239 0.239 0.239 0.239 0.239 0.239 0.239
  6 0.276 0.276 0.276 0.276 0.276 0.276 0.276 0.276 0.276 0.276 0.276 0.276
  7 0.299 0.299 0.299 0.299 0.299 0.299 0.299 0.299 0.299 0.299 0.299 0.299
  8 0.306 0.306 0.306 0.306 0.306 0.306 0.306 0.306 0.306 0.306 0.306 0.306
  9 0.312 0.312 0.312 0.312 0.312 0.312 0.312 0.312 0.312 0.312 0.312 0.312
   year
age  1972  1973  1974  1975  1976  1977  1978  1979  1980  1981  1982  1983
  0 0.015 0.015 0.015 0.015 0.015 0.015 0.015 0.015 0.015 0.015 0.015 0.017
  1 0.050 0.050 0.050 0.050 0.050 0.050 0.050 0.050 0.050 0.050 0.050 0.057
  2 0.155 0.155 0.155 0.155 0.155 0.155 0.155 0.155 0.155 0.155 0.155 0.150
  3 0.187 0.187 0.187 0.187 0.187 0.187 0.187 0.187 0.187 0.187 0.187 0.190
  4 0.223 0.223 0.223 0.223 0.223 0.223 0.223 0.223 0.223 0.223 0.223 0.230
  5 0.239 0.239 0.239 0.239 0.239 0.239 0.239 0.239 0.239 0.239 0.239 0.243
  6 0.276 0.276 0.276 0.276 0.276 0.276 0.276 0.276 0.276 0.276 0.276 0.282
  7 0.299 0.299 0.299 0.299 0.299 0.299 0.299 0.299 0.299 0.299 0.299 0.311
  8 0.306 0.306 0.306 0.306 0.306 0.306 0.306 0.306 0.306 0.306 0.306 0.338
  9 0.312 0.312 0.312 0.312 0.312 0.312 0.312 0.312 0.312 0.312 0.312 0.347
   year
age  1984  1985  1986  1987  1988  1989  1990  1991  1992  1993  1994  1995
  0 0.016 0.014 0.009 0.008 0.009 0.012 0.011 0.010 0.006 0.007 0.006 0.006
  1 0.056 0.061 0.050 0.048 0.044 0.052 0.059 0.064 0.061 0.060 0.057 0.054
  2 0.138 0.130 0.122 0.123 0.122 0.126 0.139 0.137 0.134 0.126 0.129 0.130
  3 0.187 0.183 0.170 0.166 0.165 0.174 0.184 0.194 0.184 0.192 0.186 0.199
  4 0.232 0.232 0.212 0.208 0.205 0.212 0.212 0.214 0.213 0.214 0.211 0.227
  5 0.247 0.252 0.230 0.229 0.228 0.244 0.239 0.234 0.234 0.240 0.224 0.234
  6 0.275 0.273 0.242 0.248 0.252 0.271 0.265 0.253 0.262 0.275 0.268 0.274
  7 0.321 0.315 0.275 0.259 0.261 0.284 0.280 0.272 0.273 0.291 0.293 0.301
  8 0.341 0.331 0.268 0.263 0.277 0.298 0.300 0.291 0.302 0.309 0.318 0.323
  9 0.365 0.392 0.343 0.325 0.315 0.331 0.328 0.312 0.320 0.337 0.345 0.343
   year
age  1996  1997  1998  1999  2000  2001  2002  2003  2004  2005  2006  2007
  0 0.005 0.006 0.006 0.006 0.006 0.006 0.007 0.007 0.006 0.007 0.006 0.008
  1 0.049 0.047 0.051 0.051 0.051 0.047 0.047 0.042 0.041 0.041 0.051 0.055
  2 0.123 0.116 0.116 0.116 0.122 0.128 0.123 0.119 0.118 0.126 0.128 0.125
  3 0.183 0.187 0.179 0.184 0.172 0.172 0.173 0.165 0.164 0.155 0.161 0.156
  4 0.230 0.241 0.226 0.221 0.210 0.205 0.202 0.203 0.198 0.191 0.180 0.180
  5 0.237 0.264 0.256 0.248 0.233 0.228 0.222 0.223 0.225 0.216 0.207 0.196
  6 0.257 0.284 0.273 0.279 0.255 0.248 0.242 0.248 0.248 0.242 0.224 0.212
  7 0.280 0.287 0.276 0.286 0.275 0.270 0.266 0.268 0.265 0.252 0.238 0.230
  8 0.303 0.301 0.270 0.281 0.274 0.289 0.285 0.283 0.281 0.266 0.255 0.245
  9 0.334 0.342 0.318 0.303 0.280 0.275 0.283 0.275 0.291 0.277 0.264 0.249
   year
age  2008  2009
  0 0.008 0.007
  1 0.058 0.061
  2 0.130 0.137
  3 0.164 0.181
  4 0.181 0.197
  5 0.195 0.210
  6 0.218 0.223
  7 0.226 0.234
  8 0.253 0.255
  9 0.260 0.259


TABLE 3.6.4 North Sea Herring HERRING. NATURAL MORTALITY

Units  :  NA 
   year
age 1960 1961 1962 1963 1964 1965 1966 1967 1968 1969 1970 1971 1972 1973 1974
  0  1.0  1.0  1.0  1.0  1.0  1.0  1.0  1.0  1.0  1.0  1.0  1.0  1.0  1.0  1.0
  1  1.0  1.0  1.0  1.0  1.0  1.0  1.0  1.0  1.0  1.0  1.0  1.0  1.0  1.0  1.0
  2  0.3  0.3  0.3  0.3  0.3  0.3  0.3  0.3  0.3  0.3  0.3  0.3  0.3  0.3  0.3
  3  0.2  0.2  0.2  0.2  0.2  0.2  0.2  0.2  0.2  0.2  0.2  0.2  0.2  0.2  0.2
  4  0.1  0.1  0.1  0.1  0.1  0.1  0.1  0.1  0.1  0.1  0.1  0.1  0.1  0.1  0.1
  5  0.1  0.1  0.1  0.1  0.1  0.1  0.1  0.1  0.1  0.1  0.1  0.1  0.1  0.1  0.1
  6  0.1  0.1  0.1  0.1  0.1  0.1  0.1  0.1  0.1  0.1  0.1  0.1  0.1  0.1  0.1
  7  0.1  0.1  0.1  0.1  0.1  0.1  0.1  0.1  0.1  0.1  0.1  0.1  0.1  0.1  0.1
  8  0.1  0.1  0.1  0.1  0.1  0.1  0.1  0.1  0.1  0.1  0.1  0.1  0.1  0.1  0.1
  9  0.1  0.1  0.1  0.1  0.1  0.1  0.1  0.1  0.1  0.1  0.1  0.1  0.1  0.1  0.1
   year
age 1975 1976 1977 1978 1979 1980 1981 1982 1983 1984 1985 1986 1987 1988 1989
  0  1.0  1.0  1.0  1.0  1.0  1.0  1.0  1.0  1.0  1.0  1.0  1.0  1.0  1.0  1.0
  1  1.0  1.0  1.0  1.0  1.0  1.0  1.0  1.0  1.0  1.0  1.0  1.0  1.0  1.0  1.0
  2  0.3  0.3  0.3  0.3  0.3  0.3  0.3  0.3  0.3  0.3  0.3  0.3  0.3  0.3  0.3
  3  0.2  0.2  0.2  0.2  0.2  0.2  0.2  0.2  0.2  0.2  0.2  0.2  0.2  0.2  0.2
  4  0.1  0.1  0.1  0.1  0.1  0.1  0.1  0.1  0.1  0.1  0.1  0.1  0.1  0.1  0.1
  5  0.1  0.1  0.1  0.1  0.1  0.1  0.1  0.1  0.1  0.1  0.1  0.1  0.1  0.1  0.1
  6  0.1  0.1  0.1  0.1  0.1  0.1  0.1  0.1  0.1  0.1  0.1  0.1  0.1  0.1  0.1
  7  0.1  0.1  0.1  0.1  0.1  0.1  0.1  0.1  0.1  0.1  0.1  0.1  0.1  0.1  0.1
  8  0.1  0.1  0.1  0.1  0.1  0.1  0.1  0.1  0.1  0.1  0.1  0.1  0.1  0.1  0.1
  9  0.1  0.1  0.1  0.1  0.1  0.1  0.1  0.1  0.1  0.1  0.1  0.1  0.1  0.1  0.1
   year
age 1990 1991 1992 1993 1994 1995 1996 1997 1998 1999 2000 2001 2002 2003 2004
  0  1.0  1.0  1.0  1.0  1.0  1.0  1.0  1.0  1.0  1.0  1.0  1.0  1.0  1.0  1.0
  1  1.0  1.0  1.0  1.0  1.0  1.0  1.0  1.0  1.0  1.0  1.0  1.0  1.0  1.0  1.0
  2  0.3  0.3  0.3  0.3  0.3  0.3  0.3  0.3  0.3  0.3  0.3  0.3  0.3  0.3  0.3
  3  0.2  0.2  0.2  0.2  0.2  0.2  0.2  0.2  0.2  0.2  0.2  0.2  0.2  0.2  0.2
  4  0.1  0.1  0.1  0.1  0.1  0.1  0.1  0.1  0.1  0.1  0.1  0.1  0.1  0.1  0.1
  5  0.1  0.1  0.1  0.1  0.1  0.1  0.1  0.1  0.1  0.1  0.1  0.1  0.1  0.1  0.1
  6  0.1  0.1  0.1  0.1  0.1  0.1  0.1  0.1  0.1  0.1  0.1  0.1  0.1  0.1  0.1
  7  0.1  0.1  0.1  0.1  0.1  0.1  0.1  0.1  0.1  0.1  0.1  0.1  0.1  0.1  0.1
  8  0.1  0.1  0.1  0.1  0.1  0.1  0.1  0.1  0.1  0.1  0.1  0.1  0.1  0.1  0.1
  9  0.1  0.1  0.1  0.1  0.1  0.1  0.1  0.1  0.1  0.1  0.1  0.1  0.1  0.1  0.1
   year
age 2005 2006 2007 2008 2009
  0  1.0  1.0  1.0  1.0  1.0
  1  1.0  1.0  1.0  1.0  1.0
  2  0.3  0.3  0.3  0.3  0.3
  3  0.2  0.2  0.2  0.2  0.2
  4  0.1  0.1  0.1  0.1  0.1
  5  0.1  0.1  0.1  0.1  0.1
  6  0.1  0.1  0.1  0.1  0.1
  7  0.1  0.1  0.1  0.1  0.1
  8  0.1  0.1  0.1  0.1  0.1
  9  0.1  0.1  0.1  0.1  0.1


TABLE 3.6.5 North Sea Herring HERRING. PROPORTION MATURE

Units  :  NA 
   year
age 1960 1961 1962 1963 1964 1965 1966 1967 1968 1969 1970 1971 1972 1973 1974
  0    0    0    0    0    0    0    0    0    0    0    0    0 0.00 0.00 0.00
  1    0    0    0    0    0    0    0    0    0    0    0    0 0.00 0.00 0.00
  2    1    1    1    1    1    1    1    1    1    1    1    1 0.82 0.82 0.82
  3    1    1    1    1    1    1    1    1    1    1    1    1 1.00 1.00 1.00
  4    1    1    1    1    1    1    1    1    1    1    1    1 1.00 1.00 1.00
  5    1    1    1    1    1    1    1    1    1    1    1    1 1.00 1.00 1.00
  6    1    1    1    1    1    1    1    1    1    1    1    1 1.00 1.00 1.00
  7    1    1    1    1    1    1    1    1    1    1    1    1 1.00 1.00 1.00
  8    1    1    1    1    1    1    1    1    1    1    1    1 1.00 1.00 1.00
  9    1    1    1    1    1    1    1    1    1    1    1    1 1.00 1.00 1.00
   year
age 1975 1976 1977 1978 1979 1980 1981 1982 1983 1984 1985 1986 1987 1988 1989
  0 0.00 0.00 0.00 0.00 0.00 0.00 0.00 0.00 0.00 0.00  0.0 0.00  0.0 0.00 0.00
  1 0.00 0.00 0.00 0.00 0.00 0.00 0.00 0.00 0.00 0.00  0.0 0.00  0.0 0.00 0.00
  2 0.82 0.82 0.82 0.82 0.82 0.82 0.82 0.82 0.82 0.82  0.7 0.75  0.8 0.85 0.82
  3 1.00 1.00 1.00 1.00 1.00 1.00 1.00 1.00 1.00 1.00  1.0 1.00  1.0 0.93 0.94
  4 1.00 1.00 1.00 1.00 1.00 1.00 1.00 1.00 1.00 1.00  1.0 1.00  1.0 1.00 1.00
  5 1.00 1.00 1.00 1.00 1.00 1.00 1.00 1.00 1.00 1.00  1.0 1.00  1.0 1.00 1.00
  6 1.00 1.00 1.00 1.00 1.00 1.00 1.00 1.00 1.00 1.00  1.0 1.00  1.0 1.00 1.00
  7 1.00 1.00 1.00 1.00 1.00 1.00 1.00 1.00 1.00 1.00  1.0 1.00  1.0 1.00 1.00
  8 1.00 1.00 1.00 1.00 1.00 1.00 1.00 1.00 1.00 1.00  1.0 1.00  1.0 1.00 1.00
  9 1.00 1.00 1.00 1.00 1.00 1.00 1.00 1.00 1.00 1.00  1.0 1.00  1.0 1.00 1.00
   year
age 1990 1991 1992 1993 1994 1995 1996 1997 1998 1999 2000 2001 2002 2003 2004
  0 0.00 0.00 0.00 0.00 0.00 0.00 0.00 0.00 0.00 0.00 0.00 0.00 0.00 0.00 0.00
  1 0.00 0.00 0.00 0.00 0.00 0.00 0.00 0.00 0.00 0.00 0.00 0.00 0.00 0.00 0.00
  2 0.91 0.86 0.50 0.47 0.73 0.67 0.61 0.64 0.64 0.69 0.67 0.77 0.87 0.43 0.70
  3 0.97 0.99 0.99 0.61 0.93 0.95 0.98 0.94 0.89 0.91 0.96 0.92 0.97 0.93 0.65
  4 1.00 1.00 1.00 1.00 1.00 1.00 1.00 1.00 1.00 1.00 1.00 1.00 1.00 1.00 1.00
  5 1.00 1.00 1.00 1.00 1.00 1.00 1.00 1.00 1.00 1.00 1.00 1.00 1.00 1.00 1.00
  6 1.00 1.00 1.00 1.00 1.00 1.00 1.00 1.00 1.00 1.00 1.00 1.00 1.00 1.00 1.00
  7 1.00 1.00 1.00 1.00 1.00 1.00 1.00 1.00 1.00 1.00 1.00 1.00 1.00 1.00 1.00
  8 1.00 1.00 1.00 1.00 1.00 1.00 1.00 1.00 1.00 1.00 1.00 1.00 1.00 1.00 1.00
  9 1.00 1.00 1.00 1.00 1.00 1.00 1.00 1.00 1.00 1.00 1.00 1.00 1.00 1.00 1.00
   year
age 2005 2006 2007 2008 2009
  0 0.00 0.00 0.00 0.00 0.00
  1 0.00 0.00 0.00 0.00 0.00
  2 0.76 0.66 0.71 0.86 0.89
  3 0.96 0.88 0.92 0.98 1.00
  4 0.96 0.98 0.93 0.99 1.00
  5 1.00 1.00 1.00 1.00 1.00
  6 1.00 1.00 1.00 1.00 1.00
  7 1.00 1.00 1.00 1.00 1.00
  8 1.00 1.00 1.00 1.00 1.00
  9 1.00 1.00 1.00 1.00 1.00


TABLE 3.6.6 North Sea Herring HERRING. FRACTION OF HARVEST BEFORE SPAWNING

Units  :  NA 
   year
age 1960 1961 1962 1963 1964 1965 1966 1967 1968 1969 1970 1971 1972 1973 1974
  0 0.67 0.67 0.67 0.67 0.67 0.67 0.67 0.67 0.67 0.67 0.67 0.67 0.67 0.67 0.67
  1 0.67 0.67 0.67 0.67 0.67 0.67 0.67 0.67 0.67 0.67 0.67 0.67 0.67 0.67 0.67
  2 0.67 0.67 0.67 0.67 0.67 0.67 0.67 0.67 0.67 0.67 0.67 0.67 0.67 0.67 0.67
  3 0.67 0.67 0.67 0.67 0.67 0.67 0.67 0.67 0.67 0.67 0.67 0.67 0.67 0.67 0.67
  4 0.67 0.67 0.67 0.67 0.67 0.67 0.67 0.67 0.67 0.67 0.67 0.67 0.67 0.67 0.67
  5 0.67 0.67 0.67 0.67 0.67 0.67 0.67 0.67 0.67 0.67 0.67 0.67 0.67 0.67 0.67
  6 0.67 0.67 0.67 0.67 0.67 0.67 0.67 0.67 0.67 0.67 0.67 0.67 0.67 0.67 0.67
  7 0.67 0.67 0.67 0.67 0.67 0.67 0.67 0.67 0.67 0.67 0.67 0.67 0.67 0.67 0.67
  8 0.67 0.67 0.67 0.67 0.67 0.67 0.67 0.67 0.67 0.67 0.67 0.67 0.67 0.67 0.67
  9 0.67 0.67 0.67 0.67 0.67 0.67 0.67 0.67 0.67 0.67 0.67 0.67 0.67 0.67 0.67
   year
age 1975 1976 1977 1978 1979 1980 1981 1982 1983 1984 1985 1986 1987 1988 1989
  0 0.67 0.67 0.67 0.67 0.67 0.67 0.67 0.67 0.67 0.67 0.67 0.67 0.67 0.67 0.67
  1 0.67 0.67 0.67 0.67 0.67 0.67 0.67 0.67 0.67 0.67 0.67 0.67 0.67 0.67 0.67
  2 0.67 0.67 0.67 0.67 0.67 0.67 0.67 0.67 0.67 0.67 0.67 0.67 0.67 0.67 0.67
  3 0.67 0.67 0.67 0.67 0.67 0.67 0.67 0.67 0.67 0.67 0.67 0.67 0.67 0.67 0.67
  4 0.67 0.67 0.67 0.67 0.67 0.67 0.67 0.67 0.67 0.67 0.67 0.67 0.67 0.67 0.67
  5 0.67 0.67 0.67 0.67 0.67 0.67 0.67 0.67 0.67 0.67 0.67 0.67 0.67 0.67 0.67
  6 0.67 0.67 0.67 0.67 0.67 0.67 0.67 0.67 0.67 0.67 0.67 0.67 0.67 0.67 0.67
  7 0.67 0.67 0.67 0.67 0.67 0.67 0.67 0.67 0.67 0.67 0.67 0.67 0.67 0.67 0.67
  8 0.67 0.67 0.67 0.67 0.67 0.67 0.67 0.67 0.67 0.67 0.67 0.67 0.67 0.67 0.67
  9 0.67 0.67 0.67 0.67 0.67 0.67 0.67 0.67 0.67 0.67 0.67 0.67 0.67 0.67 0.67
   year
age 1990 1991 1992 1993 1994 1995 1996 1997 1998 1999 2000 2001 2002 2003 2004
  0 0.67 0.67 0.67 0.67 0.67 0.67 0.67 0.67 0.67 0.67 0.67 0.67 0.67 0.67 0.67
  1 0.67 0.67 0.67 0.67 0.67 0.67 0.67 0.67 0.67 0.67 0.67 0.67 0.67 0.67 0.67
  2 0.67 0.67 0.67 0.67 0.67 0.67 0.67 0.67 0.67 0.67 0.67 0.67 0.67 0.67 0.67
  3 0.67 0.67 0.67 0.67 0.67 0.67 0.67 0.67 0.67 0.67 0.67 0.67 0.67 0.67 0.67
  4 0.67 0.67 0.67 0.67 0.67 0.67 0.67 0.67 0.67 0.67 0.67 0.67 0.67 0.67 0.67
  5 0.67 0.67 0.67 0.67 0.67 0.67 0.67 0.67 0.67 0.67 0.67 0.67 0.67 0.67 0.67
  6 0.67 0.67 0.67 0.67 0.67 0.67 0.67 0.67 0.67 0.67 0.67 0.67 0.67 0.67 0.67
  7 0.67 0.67 0.67 0.67 0.67 0.67 0.67 0.67 0.67 0.67 0.67 0.67 0.67 0.67 0.67
  8 0.67 0.67 0.67 0.67 0.67 0.67 0.67 0.67 0.67 0.67 0.67 0.67 0.67 0.67 0.67
  9 0.67 0.67 0.67 0.67 0.67 0.67 0.67 0.67 0.67 0.67 0.67 0.67 0.67 0.67 0.67
   year
age 2005 2006 2007 2008 2009
  0 0.67 0.67 0.67 0.67 0.67
  1 0.67 0.67 0.67 0.67 0.67
  2 0.67 0.67 0.67 0.67 0.67
  3 0.67 0.67 0.67 0.67 0.67
  4 0.67 0.67 0.67 0.67 0.67
  5 0.67 0.67 0.67 0.67 0.67
  6 0.67 0.67 0.67 0.67 0.67
  7 0.67 0.67 0.67 0.67 0.67
  8 0.67 0.67 0.67 0.67 0.67
  9 0.67 0.67 0.67 0.67 0.67


TABLE 3.6.7 North Sea Herring HERRING. FRACTION OF NATURAL MORTALITY BEFORE SPAWNING

Units  :  NA 
   year
age 1960 1961 1962 1963 1964 1965 1966 1967 1968 1969 1970 1971 1972 1973 1974
  0 0.67 0.67 0.67 0.67 0.67 0.67 0.67 0.67 0.67 0.67 0.67 0.67 0.67 0.67 0.67
  1 0.67 0.67 0.67 0.67 0.67 0.67 0.67 0.67 0.67 0.67 0.67 0.67 0.67 0.67 0.67
  2 0.67 0.67 0.67 0.67 0.67 0.67 0.67 0.67 0.67 0.67 0.67 0.67 0.67 0.67 0.67
  3 0.67 0.67 0.67 0.67 0.67 0.67 0.67 0.67 0.67 0.67 0.67 0.67 0.67 0.67 0.67
  4 0.67 0.67 0.67 0.67 0.67 0.67 0.67 0.67 0.67 0.67 0.67 0.67 0.67 0.67 0.67
  5 0.67 0.67 0.67 0.67 0.67 0.67 0.67 0.67 0.67 0.67 0.67 0.67 0.67 0.67 0.67
  6 0.67 0.67 0.67 0.67 0.67 0.67 0.67 0.67 0.67 0.67 0.67 0.67 0.67 0.67 0.67
  7 0.67 0.67 0.67 0.67 0.67 0.67 0.67 0.67 0.67 0.67 0.67 0.67 0.67 0.67 0.67
  8 0.67 0.67 0.67 0.67 0.67 0.67 0.67 0.67 0.67 0.67 0.67 0.67 0.67 0.67 0.67
  9 0.67 0.67 0.67 0.67 0.67 0.67 0.67 0.67 0.67 0.67 0.67 0.67 0.67 0.67 0.67
   year
age 1975 1976 1977 1978 1979 1980 1981 1982 1983 1984 1985 1986 1987 1988 1989
  0 0.67 0.67 0.67 0.67 0.67 0.67 0.67 0.67 0.67 0.67 0.67 0.67 0.67 0.67 0.67
  1 0.67 0.67 0.67 0.67 0.67 0.67 0.67 0.67 0.67 0.67 0.67 0.67 0.67 0.67 0.67
  2 0.67 0.67 0.67 0.67 0.67 0.67 0.67 0.67 0.67 0.67 0.67 0.67 0.67 0.67 0.67
  3 0.67 0.67 0.67 0.67 0.67 0.67 0.67 0.67 0.67 0.67 0.67 0.67 0.67 0.67 0.67
  4 0.67 0.67 0.67 0.67 0.67 0.67 0.67 0.67 0.67 0.67 0.67 0.67 0.67 0.67 0.67
  5 0.67 0.67 0.67 0.67 0.67 0.67 0.67 0.67 0.67 0.67 0.67 0.67 0.67 0.67 0.67
  6 0.67 0.67 0.67 0.67 0.67 0.67 0.67 0.67 0.67 0.67 0.67 0.67 0.67 0.67 0.67
  7 0.67 0.67 0.67 0.67 0.67 0.67 0.67 0.67 0.67 0.67 0.67 0.67 0.67 0.67 0.67
  8 0.67 0.67 0.67 0.67 0.67 0.67 0.67 0.67 0.67 0.67 0.67 0.67 0.67 0.67 0.67
  9 0.67 0.67 0.67 0.67 0.67 0.67 0.67 0.67 0.67 0.67 0.67 0.67 0.67 0.67 0.67
   year
age 1990 1991 1992 1993 1994 1995 1996 1997 1998 1999 2000 2001 2002 2003 2004
  0 0.67 0.67 0.67 0.67 0.67 0.67 0.67 0.67 0.67 0.67 0.67 0.67 0.67 0.67 0.67
  1 0.67 0.67 0.67 0.67 0.67 0.67 0.67 0.67 0.67 0.67 0.67 0.67 0.67 0.67 0.67
  2 0.67 0.67 0.67 0.67 0.67 0.67 0.67 0.67 0.67 0.67 0.67 0.67 0.67 0.67 0.67
  3 0.67 0.67 0.67 0.67 0.67 0.67 0.67 0.67 0.67 0.67 0.67 0.67 0.67 0.67 0.67
  4 0.67 0.67 0.67 0.67 0.67 0.67 0.67 0.67 0.67 0.67 0.67 0.67 0.67 0.67 0.67
  5 0.67 0.67 0.67 0.67 0.67 0.67 0.67 0.67 0.67 0.67 0.67 0.67 0.67 0.67 0.67
  6 0.67 0.67 0.67 0.67 0.67 0.67 0.67 0.67 0.67 0.67 0.67 0.67 0.67 0.67 0.67
  7 0.67 0.67 0.67 0.67 0.67 0.67 0.67 0.67 0.67 0.67 0.67 0.67 0.67 0.67 0.67
  8 0.67 0.67 0.67 0.67 0.67 0.67 0.67 0.67 0.67 0.67 0.67 0.67 0.67 0.67 0.67
  9 0.67 0.67 0.67 0.67 0.67 0.67 0.67 0.67 0.67 0.67 0.67 0.67 0.67 0.67 0.67
   year
age 2005 2006 2007 2008 2009
  0 0.67 0.67 0.67 0.67 0.67
  1 0.67 0.67 0.67 0.67 0.67
  2 0.67 0.67 0.67 0.67 0.67
  3 0.67 0.67 0.67 0.67 0.67
  4 0.67 0.67 0.67 0.67 0.67
  5 0.67 0.67 0.67 0.67 0.67
  6 0.67 0.67 0.67 0.67 0.67
  7 0.67 0.67 0.67 0.67 0.67
  8 0.67 0.67 0.67 0.67 0.67
  9 0.67 0.67 0.67 0.67 0.67


TABLE 3.6.8 North Sea Herring HERRING. SURVEY INDICES

MLAI - Configuration

"Herring" "in" "Sub-area" "IV," "Divisions" "VIId" "&" "IIIa" "(autumn-spawners)"
      min       max plusgroup   minyear   maxyear    startf      endf 
       NA        NA        NA      1973      2009        NA        NA 
Index type : biomass

MLAI - Index Values

Units  :  NA 
     year
age    1973  1974  1975  1976  1977  1978   1979  1980   1981  1982   1983
  all 12.79 7.661 2.737 2.422 5.999 7.184 13.844 9.332 13.704 19.98 25.669
     year
age     1984 1985   1986  1987    1988    1989    1990   1991   1992  1993
  all 46.198 70.6 36.704 64.93 128.721 126.428 163.659 87.107 40.277 28.52
     year
age     1994   1995   1996  1997   1998   1999   2000    2001    2002    2003
  all 19.823 20.849 41.395 53.55 68.327 56.982 38.038 123.398 104.674 253.943
     year
age      2004    2005    2006    2007    2008    2009
  all 307.772 183.443 113.057 163.456 181.327 477.868

MLAI - Index Variance (Inverse Weights) 

Units  :  NA 
     year
age       1973     1974     1975     1976     1977     1978     1979     1980
  all 1.666667 1.666667 1.666667 1.666667 1.666667 1.666667 1.666667 1.666667
     year
age       1981     1982     1983     1984     1985     1986     1987     1988
  all 1.666667 1.666667 1.666667 1.666667 1.666667 1.666667 1.666667 1.666667
     year
age       1989     1990     1991     1992     1993     1994     1995     1996
  all 1.666667 1.666667 1.666667 1.666667 1.666667 1.666667 1.666667 1.666667
     year
age       1997     1998     1999     2000     2001     2002     2003     2004
  all 1.666667 1.666667 1.666667 1.666667 1.666667 1.666667 1.666667 1.666667
     year
age       2005     2006     2007     2008     2009
  all 1.666667 1.666667 1.666667 1.666667 1.666667

IBTS0 - Configuration

"Herring in Sub-area IV, Divisions VIId & IIIa (autumn-spawners) . Imported from VPA file."
      min       max plusgroup   minyear   maxyear    startf      endf 
     0.00      0.00        NA   1992.00   2010.00      0.08      0.17 
Index type : number

IBTS0 - Index Values

Units  :  NA 
   year
age  1992  1993  1994 1995  1996  1997 1998 1999  2000  2001  2002 2003 2004
  0 200.7 190.1 101.7  127 106.5 148.1 53.1  244 137.1 214.8 161.8 54.4 47.3
   year
age 2005 2006 2007 2008 2009 2010
  0 61.3 83.1 37.2 27.8 95.8 77.1

IBTS0 - Index Variance (Inverse Weights) 

Units  :  NA 
   year
age     1992     1993     1994     1995     1996     1997     1998     1999
  0 1.587302 1.587302 1.587302 1.587302 1.587302 1.587302 1.587302 1.587302
   year
age     2000     2001     2002     2003     2004     2005     2006     2007
  0 1.587302 1.587302 1.587302 1.587302 1.587302 1.587302 1.587302 1.587302
   year
age     2008     2009     2010
  0 1.587302 1.587302 1.587302

IBTS-Q1: 1-5+ wr - Configuration

"Herring in Sub-area IV, Divisions VIId & IIIa (autumn-spawners) . Imported from VPA file."
      min       max plusgroup   minyear   maxyear    startf      endf 
     1.00      5.00      5.00   1984.00   2010.00      0.08      0.17 
Index type : number

IBTS-Q1: 1-5+ wr - Index Values

Units  :  NA 
   year
age     1984     1985     1986     1987     1988     1989     1990     1991
  1 1515.627 2097.280 2662.812 3692.965 4394.168 2331.566 1061.572 1286.747
  2  161.480  721.646  782.122  917.550 4163.384  875.336  462.097  693.020
  3   61.428  281.990  276.031  116.315  791.528  338.514  279.780  258.604
  4   26.888   42.088   79.007   59.351   57.957   89.381  269.108  221.523
  5   10.238   27.941   28.076   48.763   25.054    8.519   71.303  146.096
   year
age     1992     1993     1994     1995     1996     1997     1998    1999
  1 1268.145 2794.007 1752.053 1345.754 1890.872 4404.647 2275.845 752.862
  2  436.563  787.421 1167.221 1392.857  197.522  506.536  791.593 450.623
  3  193.085  222.585  213.059  278.544   32.875  162.660   95.660 501.325
  4   54.810   45.042   69.004   36.670   10.193   30.532   20.810  98.179
  5   92.268   65.534   42.503    6.551    8.079   19.935   17.841  35.566
   year
age     2000     2001     2002     2003    2004     2005     2006     2007
  1 3725.131 2499.391 4064.829 2765.059 979.036 1001.585  921.995 1321.005
  2  199.374 1129.308  658.154 1556.082 451.015  214.191 1464.322   50.033
  3  154.691  317.069  338.153  611.890 777.324  356.007  330.037   18.250
  4   58.838   93.886   25.048  359.989 112.374  388.922  251.689    7.937
  5    8.952   68.284   19.936   53.166 171.231  131.481  338.811   41.284
   year
age     2008     2009     2010
  1 1815.860 2344.155 1201.516
  2  232.906  136.269   49.555
  3  146.192   21.459   34.853
  4  202.100   11.223   45.944
  5  232.335   46.427   89.938

IBTS-Q1: 1-5+ wr - Index Variance (Inverse Weights) 

Units  :  NA 
   year
age       1984       1985       1986       1987       1988       1989
  1   2.127660   2.127660   2.127660   2.127660   2.127660   2.127660
  2   3.571429   3.571429   3.571429   3.571429   3.571429   3.571429
  3 100.000000 100.000000 100.000000 100.000000 100.000000 100.000000
  4 100.000000 100.000000 100.000000 100.000000 100.000000 100.000000
  5 100.000000 100.000000 100.000000 100.000000 100.000000 100.000000
   year
age       1990       1991       1992       1993       1994       1995
  1   2.127660   2.127660   2.127660   2.127660   2.127660   2.127660
  2   3.571429   3.571429   3.571429   3.571429   3.571429   3.571429
  3 100.000000 100.000000 100.000000 100.000000 100.000000 100.000000
  4 100.000000 100.000000 100.000000 100.000000 100.000000 100.000000
  5 100.000000 100.000000 100.000000 100.000000 100.000000 100.000000
   year
age       1996       1997       1998       1999       2000       2001
  1   2.127660   2.127660   2.127660   2.127660   2.127660   2.127660
  2   3.571429   3.571429   3.571429   3.571429   3.571429   3.571429
  3 100.000000 100.000000 100.000000 100.000000 100.000000 100.000000
  4 100.000000 100.000000 100.000000 100.000000 100.000000 100.000000
  5 100.000000 100.000000 100.000000 100.000000 100.000000 100.000000
   year
age       2002       2003       2004       2005       2006       2007
  1   2.127660   2.127660   2.127660   2.127660   2.127660   2.127660
  2   3.571429   3.571429   3.571429   3.571429   3.571429   3.571429
  3 100.000000 100.000000 100.000000 100.000000 100.000000 100.000000
  4 100.000000 100.000000 100.000000 100.000000 100.000000 100.000000
  5 100.000000 100.000000 100.000000 100.000000 100.000000 100.000000
   year
age       2008       2009       2010
  1   2.127660   2.127660   2.127660
  2   3.571429   3.571429   3.571429
  3 100.000000 100.000000 100.000000
  4 100.000000 100.000000 100.000000
  5 100.000000 100.000000 100.000000

Acoustic survey (HERAS): 1-9+ wr - Configuration

"Herring in Sub-area IV, Divisions VIId & IIIa (autumn-spawners) . Imported from VPA file."
      min       max plusgroup   minyear   maxyear    startf      endf 
     1.00      9.00      9.00   1989.00   2009.00      0.54      0.56 
Index type : number

Acoustic survey (HERAS): 1-9+ wr - Index Values

Units  :  NA 
   year
age    1989    1990    1991    1992    1993    1994    1995    1996    1997
  1      -1      -1      -1      -1      -1      -1      -1      -1 9361000
  2 4090000 3306000 2634000 3734000 2984000 3185000 3849000 4497000 5960000
  3 3903000 3521000 1700000 1378000 1637000  839000 2041000 2824000 2935000
  4 1633000 3414000 1959000 1147000  902000  399000  672000 1087000 1441000
  5  492000 1366000 1849000 1134000  741000  381000  299000  311000  601000
  6  283000  392000  644000 1246000  777000  321000  203000   99000  215000
  7  120000  210000  228000  395000  551000  326000  138000   83000   46000
  8   44000  133000   94000  114000  180000  219000  119000  133000   78000
  9   22000   43000   51000  104000  116000  131000   93000  206000  159000
   year
age    1998    1999     2000     2001     2002     2003    2004    2005    2006
  1 4449000 5087000 24736000  6837000 23055000  9829400 5183700 3114100 6822800
  2 5747000 3078000  2923000 12290000  4875000 18949400 3415900 2055100 3772300
  3 2520000 4725000  2156000  3083000  8220000  3081000 9191800 3648500 1997200
  4 1625000 1116000  3140000  1462000  1390000  4188900 2167300 5789600 2097500
  5  982000  506000  1007000  1676000   794600   675100 2590700 1212900 4175100
  6  445000  314000   483000   450000  1031000   494800  317100 1174900  618200
  7  170000  139000   266000   170000   244400   568300  327600  139900  562100
  8   45000   54000   120000    98000   121000   145500  342050  126500   84300
  9  121000   87000    97000    59000   149500   177700  185600  106700   70400
   year
age    2007    2008    2009
  1 6261000 3714000 4655000
  2 2750000 2853000 5632000
  3 1848000 1709000 2553000
  4  898000 1485000 1023000
  5  806000  809000 1077000
  6 1323000  712000  674000
  7  243000 1749000  638000
  8  152000  185000 1142000
  9   65000  270000  578000

Acoustic survey (HERAS): 1-9+ wr - Index Variance (Inverse Weights) 

Units  :  NA 
   year
age      1989      1990      1991      1992      1993      1994      1995
  1  1.587302  1.587302  1.587302  1.587302  1.587302  1.587302  1.587302
  2  1.612903  1.612903  1.612903  1.612903  1.612903  1.612903  1.612903
  3  5.882353  5.882353  5.882353  5.882353  5.882353  5.882353  5.882353
  4 10.000000 10.000000 10.000000 10.000000 10.000000 10.000000 10.000000
  5 11.111111 11.111111 11.111111 11.111111 11.111111 11.111111 11.111111
  6 12.500000 12.500000 12.500000 12.500000 12.500000 12.500000 12.500000
  7 14.285714 14.285714 14.285714 14.285714 14.285714 14.285714 14.285714
  8 14.285714 14.285714 14.285714 14.285714 14.285714 14.285714 14.285714
  9 20.000000 20.000000 20.000000 20.000000 20.000000 20.000000 20.000000
   year
age      1996      1997      1998      1999      2000      2001      2002
  1  1.587302  1.587302  1.587302  1.587302  1.587302  1.587302  1.587302
  2  1.612903  1.612903  1.612903  1.612903  1.612903  1.612903  1.612903
  3  5.882353  5.882353  5.882353  5.882353  5.882353  5.882353  5.882353
  4 10.000000 10.000000 10.000000 10.000000 10.000000 10.000000 10.000000
  5 11.111111 11.111111 11.111111 11.111111 11.111111 11.111111 11.111111
  6 12.500000 12.500000 12.500000 12.500000 12.500000 12.500000 12.500000
  7 14.285714 14.285714 14.285714 14.285714 14.285714 14.285714 14.285714
  8 14.285714 14.285714 14.285714 14.285714 14.285714 14.285714 14.285714
  9 20.000000 20.000000 20.000000 20.000000 20.000000 20.000000 20.000000
   year
age      2003      2004      2005      2006      2007      2008      2009
  1  1.587302  1.587302  1.587302  1.587302  1.587302  1.587302  1.587302
  2  1.612903  1.612903  1.612903  1.612903  1.612903  1.612903  1.612903
  3  5.882353  5.882353  5.882353  5.882353  5.882353  5.882353  5.882353
  4 10.000000 10.000000 10.000000 10.000000 10.000000 10.000000 10.000000
  5 11.111111 11.111111 11.111111 11.111111 11.111111 11.111111 11.111111
  6 12.500000 12.500000 12.500000 12.500000 12.500000 12.500000 12.500000
  7 14.285714 14.285714 14.285714 14.285714 14.285714 14.285714 14.285714
  8 14.285714 14.285714 14.285714 14.285714 14.285714 14.285714 14.285714
  9 20.000000 20.000000 20.000000 20.000000 20.000000 20.000000 20.000000


TABLE 3.6.9 North Sea Herring HERRING. STOCK OBJECT CONFIGURATION

      min       max plusgroup   minyear   maxyear   minfbar   maxfbar 
        0         9         9      1960      2009         2         6 


TABLE 3.6.10 North Sea Herring HERRING. FLICA CONFIGURATION SETTINGS

sep.2       : NA
sep.gradual : TRUE
sr          : TRUE
sr.age      : 1
lambda.age  : 0.1 0.1 3.67 2.87 2.23 1.74 1.37 1.04 0.94 0
lambda.yr   : 1 1 1 1 1
lambda.sr   : 0.1
index.model : power linear linear linear
index.cor   : -92559631349317830736220086604086468264682600488620284042662244 0 0 0
sep.nyr     : 5
sep.age     : 4
sep.sel     : 1


TABLE 3.6.11 North Sea Herring HERRING. FLR, R SOFTWARE VERSIONS

R version 2.8.1 (2008-12-22)

Package  : FLICA
Version  : 1.4-12
Packaged : 2009-10-08 15:16:26 UTC; mpa
Built    : R 2.9.1; ; 2009-10-08 15:16:27 UTC; windows

Package  : FLAssess
Version  : 1.99-102
Packaged : Mon Mar 23 08:18:19 2009; mpa
Built    : R 2.8.0; i386-pc-mingw32; 2009-03-23 08:18:21; windows

Package  : FLCore
Version  : 2.2
Packaged : Tue May 19 19:23:18 2009; Administrator
Built    : R 2.8.1; i386-pc-mingw32; 2009-05-19 19:23:22; windows


TABLE 3.6.12 North Sea Herring HERRING. STOCK SUMMARY

Year Recruitment     TSB     SSB       Fbar Landings Landings
           Age 0                 (Ages 2-6)               SOP
                                          f   tonnes         
1960    12090768 3746478 1882223     0.3364   696200   1.1830
1961   108861543 4360094 1658653     0.4320   696700   1.1348
1962    46276860 4397070 1114267     0.5295   627800   1.1705
1963    47657612 4625545 2185898     0.2263   716000   0.8602
1964    62786327 4794715 2028969     0.3433   871200   1.0656
1965    34895460 4341788 1447015     0.6940  1168800   1.1496
1966    27859161 3315305 1279490     0.6193   895500   1.0707
1967    40256722 2817459  922768     0.7976   695500   1.1757
1968    38698764 2521395  412929     1.3357   717800   1.2551
1969    21581831 1905582  424352     1.1052   546700   0.9674
1970    41074820 1922063  374804     1.1050   563100   0.9657
1971    32310757 1849600  266152     1.4043   520100   1.0747
1972    20859936 1549634  288381     0.6959   497500   0.9197
1973    10110449 1156221  233492     1.1344   484000   0.9575
1974    21699013  912254  162118     1.0518   275100   0.9680
1975     2834714  680760   81865     1.4685   312800   0.9343
1976     2730340  359143   78149     1.4356   174800   0.9530
1977     4336046  211132   47923     0.7992    46000   1.1979
1978     4605743  225743   65348     0.0529    11000   1.2152
1979    10608119  383013  107676     0.0639    25100   1.0056
1980    16733214  631546  131652     0.2824    70764   1.0936
1981    37880853 1160044  196399     0.3492   174879   1.0081
1982    64779774 1844956  279373     0.2631   275079   0.9786
1983    61831800 2721495  433963     0.3368   387202   1.0771
1984    53478738 2867348  680726     0.4537   428631   1.0543
1985    80963167 3465361  701031     0.6414   613780   1.0419
1986    97640362 3475714  681122     0.5698   671488   1.1373
1987    86228282 3939554  902635     0.5503   792058   1.0173
1988    42291325 3624335 1196740     0.5350   887686   1.1641
1989    39180848 3313394 1252458     0.5436   787899   1.0335
1990    35881785 2979597 1187888     0.4408   645229   1.0515
1991    33640152 2717680  982873     0.4891   658008   1.0197
1992    62154204 2438944  705749     0.5816   716799   0.9950
1993    50268847 2520666  475182     0.6897   671397   1.0231
1994    34550246 2026648  511922     0.7063   568234   1.0498
1995    41706539 1845906  463485     0.7373   579371   1.0084
1996    49899002 1628068  464038     0.4006   275098   0.9987
1997    29076345 1954866  562971     0.4192   264313   1.0006
1998    27653633 2080662  738121     0.4832   391628   1.0018
1999    67851681 2349729  866536     0.3665   363163   1.0000
2000    40805354 2878784  878518     0.3570   388157   1.0004
2001    93831762 3276485 1317450     0.2889   374065   0.9901
2002    32100605 4019388 1605297     0.2397   394709   0.9974
2003    18624711 3739946 1744930     0.2394   482281   1.0153
2004    23855772 3434390 1814302     0.2946   587698   0.9985
2005    16406534 2957906 1710000     0.3350   663813   1.0033
2006    23687684 2422618 1331695     0.3193   514597   0.9950
2007    30374327 2217142 1046787     0.3055   406482   1.0056
2008    16408903 2129446 1037697     0.2215   257870   1.0040
2009    29750666 2168294 1288866     0.1115   168443   1.0023


TABLE 3.6.13 North Sea Herring HERRING. ESTIMATED FISHING MORTALITY

Units  :  f 
   year
age       1960       1961        1962       1963       1964        1965
  0 0.02573653 0.01858764 0.004857288 0.01478961 0.01258596 0.007143373
  1 0.25584452 0.12934581 0.089669635 0.12405851 0.30843519 0.246123844
  2 0.43597526 0.61703092 0.250154070 0.29751197 0.38894737 0.775346878
  3 0.32798128 0.35221999 0.626820000 0.27544715 0.41236706 0.738803161
  4 0.33721711 0.40790264 0.421247047 0.22690533 0.37020635 0.776634579
  5 0.26594504 0.40212515 0.533032221 0.15031871 0.30759125 0.659702462
  6 0.31476022 0.38086150 0.816366497 0.18116792 0.23716475 0.519296325
  7 0.60237789 0.25161997 0.634480591 0.28411288 0.28066980 0.454932760
  8 0.56123409 0.52231905 0.585560249 0.33427442 0.55411259 0.854099024
  9 0.56123409 0.52231905 0.585560249 0.33427442 0.55411259 0.854099024
   year
age       1966       1967       1968        1969       1970       1971
  0 0.02145712 0.02563499 0.03481121 0.008238046 0.03509943 0.03396689
  1 0.18523485 0.29803787 0.30024224 0.329102536 0.26805613 0.60213401
  2 0.59205917 0.42222287 1.32717592 0.784373633 0.97282657 0.88259020
  3 0.70823916 0.80456789 1.87204183 0.912348709 1.26689231 1.21471911
  4 0.57170050 0.92443571 1.07143565 0.874119133 1.33010461 1.22627509
  5 0.83447694 0.82736910 1.23398059 1.054051823 0.87553462 1.08386974
  6 0.39015505 1.00949903 1.17382272 1.900860456 1.07978275 2.61426500
  7 0.38763531 1.52988270 1.59796416 1.296406855 4.11721707 2.70800341
  8 0.72540111 1.06526152 1.64008174 1.317697105 1.72782551 1.93133669
  9 0.72540111 1.06526152 1.64008174 1.317697105 1.72782551 1.93133669
   year
age      1972       1973      1974      1975      1976       1977       1978
  0 0.0583051 0.04616063 0.0749147 0.1570565 0.1466134 0.09755475 0.04550609
  1 0.5781598 0.67390646 0.4515598 0.6879579 0.2487292 0.29690397 0.20011042
  2 0.8120990 1.02195881 1.0285865 1.3108119 1.3388979 0.22468924 0.02419261
  3 0.8013913 1.33355124 0.9726124 1.5041384 1.4327860 1.41086129 0.04242618
  4 0.7995805 0.98777354 0.9934177 1.3713496 1.7373748 0.42831000 0.10407434
  5 0.5493831 0.95134337 1.1860201 1.8805891 1.5931318 1.20197066 0.01660698
  6 0.5169429 1.37718071 1.0782553 1.2756690 1.0756273 0.73019220 0.07703225
  7 0.0981201 0.80361731 0.7716244 2.0296790 1.5061028 0.74733816 0.06006941
  8 1.0286163 1.55295827 1.3240528 2.0108919 1.6357614 0.96639022 0.17976417
  9 1.0286163 1.55295827 1.3240528 2.0108919 1.6357614 0.96639022 0.17976417
   year
age       1979       1980      1981      1982      1983      1984       1985
  0 0.08368214 0.12574114 0.4819020 0.3343207 0.3995417 0.2262891 0.08524092
  1 0.16659835 0.11320732 0.2854074 0.2249896 0.2516333 0.2051209 0.38270346
  2 0.09471515 0.36364523 0.3241458 0.2605368 0.3020856 0.3144082 0.40420282
  3 0.06642856 0.41938438 0.2753424 0.5084251 0.3244796 0.4295820 0.67098926
  4 0.09357098 0.29696143 0.3037463 0.2471078 0.4366364 0.5371487 0.73748037
  5 0.05227661 0.26471829 0.4123330 0.1545225 0.2754841 0.6276824 0.66375522
  6 0.01241504 0.06715745 0.4306169 0.1448747 0.3452256 0.3597517 0.73067289
  7 0.43532373 0.10155905 0.9665230 0.2290673 0.3910448 0.6975265 0.55687252
  8 0.22938221 0.35897045 0.6201374 0.4277968 0.5113002 0.6120880 0.86459375
  9 0.22938221 0.35897045 0.6201374 0.4277968 0.5113002 0.6120880 0.86459375
   year
age       1986      1987      1988      1989       1990      1991      1992
  0 0.06192094 0.1613442 0.1246397 0.1302858 0.05886135 0.1178355 0.2966463
  1 0.31564667 0.3722177 0.5798632 0.4306860 0.45258827 0.3080990 0.3871329
  2 0.45925244 0.4060541 0.3555465 0.3981703 0.37681465 0.5739059 0.5724119
  3 0.52234398 0.5052709 0.4005383 0.4099049 0.36934058 0.4544153 0.4977866
  4 0.58164944 0.5887661 0.5814643 0.5552764 0.46712122 0.4573225 0.5722693
  5 0.55375405 0.6160072 0.6635026 0.6555182 0.49930023 0.4828682 0.5457022
  6 0.73195799 0.6352591 0.6737688 0.6993101 0.49117812 0.4768081 0.7196872
  7 0.81865802 0.6116233 0.6906228 0.7051044 0.67751248 0.4211040 0.6937771
  8 0.80602414 0.7913245 0.9107549 0.8292803 0.76375318 0.7008746 0.8561446
  9 0.80602414 0.7913245 0.9107549 0.8292803 0.76375318 0.7008746 0.8561446
   year
age      1993      1994      1995       1996       1997       1998       1999
  0 0.3759461 0.2259445 0.3214192 0.07560997 0.02369220 0.01493954 0.03708835
  1 0.4219642 0.2459028 0.2925521 0.25329178 0.04543859 0.15801562 0.04889373
  2 0.6683223 0.6832099 0.5993743 0.30776621 0.28615318 0.26719187 0.24348893
  3 0.6402329 0.7157302 0.8655753 0.48950915 0.39028126 0.40566750 0.41836395
  4 0.7318605 0.9097573 0.8655656 0.41707655 0.51045556 0.42221067 0.38460387
  5 0.7102187 0.5552258 0.8200300 0.47657166 0.45057360 0.60491189 0.33575493
  6 0.6976661 0.6673680 0.5361345 0.31204457 0.45862843 0.71597029 0.45018364
  7 0.8727817 0.4742991 0.6410212 0.14176692 0.23907210 0.37439100 0.45381586
  8 1.0005511 0.8522456 0.9242052 0.53216645 0.41593387 0.54794334 0.40814844
  9 1.0005511 0.8522456 0.9242052 0.53216645 0.41593387 0.54794334 0.40814844
   year
age       2000       2001       2002       2003       2004       2005
  0 0.04362811 0.03130443 0.03654152 0.03176682 0.04842005 0.07709880
  1 0.07965274 0.06962771 0.04027525 0.08895376 0.05029439 0.08571588
  2 0.22836981 0.12668706 0.14566936 0.12700557 0.14480730 0.20171209
  3 0.31035411 0.29782166 0.22321872 0.20375629 0.21656723 0.26679935
  4 0.46256824 0.29515534 0.27901077 0.28872997 0.31479015 0.38512820
  5 0.47162832 0.39085335 0.21265617 0.35347893 0.40521589 0.41817216
  6 0.31221805 0.33403439 0.33812994 0.22381073 0.39163870 0.40343780
  7 0.39146934 0.20823582 0.26906249 0.37676956 0.31442704 0.39278481
  8 0.40296099 0.30897285 0.26325281 0.30480682 0.31217466 0.38512820
  9 0.40296099 0.30897285 0.26325281 0.30480682 0.31217466 0.38512820
   year
age       2006       2007       2008       2009
  0 0.07347715 0.07029336 0.05096677 0.02564845
  1 0.08168946 0.07814982 0.05666316 0.02851510
  2 0.19223686 0.18390716 0.13334337 0.06710355
  3 0.25426670 0.24324923 0.17636982 0.08875613
  4 0.36703716 0.35113330 0.25459204 0.12812058
  5 0.39852892 0.38126051 0.27643601 0.13911331
  6 0.38448668 0.36782673 0.26669574 0.13421163
  7 0.37433411 0.35811407 0.25965350 0.13066770
  8 0.36703716 0.35113330 0.25459204 0.12812058
  9 0.36703716 0.35113330 0.25459204 0.12812058


TABLE 3.6.14 North Sea Herring HERRING. ESTIMATED POPULATION ABUNDANCE

Units  :  NA 
   year
age       1960        1961       1962       1963        1964       1965
  0 12090767.8 108861543.0 46276860.4 47657612.3 62786326.88 34895459.7
  1 16422598.7   4334930.8 39310402.9 16941814.1 17274868.62 22808912.7
  2  3701481.1   4677734.2  1401243.2 13221172.9  5505382.57  4668405.5
  3  7718021.8   1773150.3  1869709.2   808322.4  7274009.01  2764276.4
  4   607328.5   4552046.0  1020750.2   817882.1   502458.92  3942994.8
  5   752981.9    392231.7  2739222.6   606100.6   589817.32   313973.2
  6   438197.3    522223.8   237395.5  1454470.5   471881.23   392376.4
  7   290696.8    289428.7   322865.1    94951.0  1097982.09   336824.7
  8   313183.4    144012.9   203626.8   154896.0    64666.81   750364.8
  9   345816.8    225020.2   204806.6   188088.0   141873.58   142442.1
   year
age       1966        1967        1968        1969         1970          1971
  0 27859160.6 40256722.29 38698763.57 21581830.71 41074819.636 32310757.0384
  1 12745947.2 10031244.99 14434800.73 13749417.17  7874374.424 14589408.8431
  2  6560242.2  3896109.56  2739202.58  3932989.27  3639673.208  2215676.1513
  3  1592763.7  2688459.51  1892229.26   538208.60  1329796.776  1019250.2736
  4  1081096.4   642255.89   984521.51   238285.39   176955.360   306705.8357
  5  1641000.2   552266.38   230569.22   305124.56    89958.635    42342.5668
  6   146878.4   644570.55   218472.77    60738.06    96222.986    33913.5733
  7   211225.3    89967.64   212530.45    61119.97     8212.933    29573.7020
  8   193374.7   129708.55    17629.39    38904.93    15126.253      121.0554
  9   478475.9   274676.92   118129.77    35639.19    15378.357    15010.8692
   year
age          1972          1973         1974        1975         1976
  0 20859935.9580 10110449.2154 21699013.095 2834713.687 2730340.2863
  1 11489497.1254  7239305.5620  3551637.740 7406456.247  891263.1608
  2  2939271.7204  2370909.3413  1357464.778  831810.227 1369429.4009
  3   679068.9681   966632.1969   632114.180  359526.407  166133.6268
  4   247671.5579   249468.1862   208568.354  195675.486   65408.3065
  5    81419.4351   100737.9927    84062.272   69884.868   44930.1040
  6    12960.7188    42530.9003    35204.702   23232.166    9643.2676
  7     2246.8974     6993.4939     9708.970   10836.546    5870.0834
  8     1784.0430     1843.0655     2833.076    4060.986    1288.1993
  9      648.7429      789.8852     1558.192    1672.171     515.2797
   year
age         1977        1978          1979          1980         1981
  0 4336045.9557 4605742.737 10608119.1217 16733214.2875 37880853.273
  1  867458.9261 1446877.973  1618982.4787  3589229.3794  5428454.588
  2  255675.8773  237143.203   435743.1517   504190.8047  1179074.968
  3  265934.9057  151293.446   171480.8465   293635.0924   259643.502
  4   32459.9322   53111.330   118723.2458   131373.3164   158056.638
  5   10415.2851   19138.394    43307.0716    97829.3012    88330.157
  6    8264.5581    2832.908    17031.9245    37189.9786    67931.908
  7    2976.1567    3603.062     2373.2766    15220.9757    31465.191
  8    1177.9386    1275.444     3070.1139     1389.5053    12442.467
  9     317.8919    1913.166      511.6856      347.3763     2488.493
   year
age         1982        1983        1984        1985        1986        1987
  0 64779774.265 61831800.03 53478737.71 80963167.20 97640361.62 86228281.53
  1  8606723.884 17058911.37 15254522.98 15689552.07 27351008.70 33763151.28
  2  1501173.364  2528317.61  4879483.88  4571105.95  3936498.25  7338296.57
  3   631652.658   857023.64  1384679.18  2639610.16  2260423.90  1842344.82
  4   161413.140   311037.84   507240.83   737777.10  1104775.31  1097690.45
  5   105552.363   114075.37   181867.47   268227.94   319309.67   558775.52
  6    52918.268    81833.33    78364.84    87846.92   124971.03   166069.66
  7    39960.400    41424.56    52428.96    49482.72    38279.82    54386.93
  8    10830.421    28755.29    25351.28    23616.19    25655.32    15275.72
  9     3309.295    31630.82    42480.52    29024.48    27919.03    15657.62
   year
age        1988        1989        1990        1991        1992        1993
  0 42291325.49 39180848.48 35881784.79 33640152.09 62154204.04 50268846.66
  1 26995064.71 13734931.34 12653100.79 12445615.95 10999885.90 16995901.11
  2  8560446.57  5561071.78  3284637.63  2960369.33  3364466.61  2747666.42
  3  3622095.17  4444226.65  2766604.05  1669362.28  1235416.49  1406152.92
  4   910071.80  1986778.14  2415004.04  1565617.03   867644.13   614849.10
  5   551255.04   460383.22  1031730.91  1369683.57   896692.32   442974.57
  6   273073.39   256902.06   216272.90   566622.29   764687.14   470130.64
  7    79610.68   125960.93   115513.20   119744.81   318265.14   336897.80
  8    26695.65    36108.40    56309.73    53083.83    71112.20   143898.43
  9    14830.92    16109.90    23266.87    26956.63    42268.22    68734.99
   year
age        1994        1995        1996        1997         1998         1999
  0 34550246.23 41706538.97 49899001.69 29076344.53 27653632.643 67851680.605
  1 12697935.81 10139819.29 11125488.82 17020032.47 10446142.178 10022349.630
  2  4100086.08  3652955.90  2784081.71  3177030.59  5983181.429  3281225.943
  3  1043342.72  1533876.33  1486110.63  1516116.13  1767902.472  3393156.368
  4   606909.65   417571.10   528465.78   745763.49   840188.192   964762.140
  5   267606.17   221101.66   158997.62   315103.61   405026.687   498406.112
  6   197017.72   138974.51    88110.58    89328.23   181694.717   200144.793
  7   211736.92    91462.19    73564.02    58355.18    51095.126    80347.229
  8   127357.47   119228.94    43593.35    57765.35    41574.041    31794.653
  9    84783.69    50567.04    10009.10    17532.72     9383.047     6418.932
   year
age         2000        2001        2002        2003       2004       2005
  0 40805353.693 93831762.35 32100604.85 18624711.28 23855771.6 16406534.2
  1 24052424.484 14370610.52 33454924.29 11385417.27  6637414.1  8361234.9
  2  3511080.531  8170932.71  4931077.27 11821545.26  3831972.1  2321998.1
  3  1905469.031  2070011.22  5332904.42  3157839.59  7713084.5  2456094.0
  4  1828318.367  1143820.62  1258263.22  3492707.72  2108826.9  5085284.3
  5   594236.691  1041673.32   770449.43   861329.29  2367767.0  1392835.6
  6   322357.216   335509.20   637612.23   563584.82   547300.5  1428652.1
  7   115452.297   213458.46   217373.05   411414.15   407690.0   334741.7
  8    46179.767    70625.28   156836.90   150287.86   255400.0   269368.4
  9     7777.678    10615.48    39422.15    36080.89   124301.3   191700.0
   year
age       2006       2007       2008       2009
  0 23687684.4 30374326.5 16408902.6 29750665.8
  1  5587773.4  8096874.4 10415596.7  5736545.8
  2  2823254.4  1894379.7  2754754.4  3620605.2
  3  1405953.8  1725735.6  1167639.6  1786011.5
  4  1539985.4   892658.9  1107831.1   801407.6
  5  3130593.9   965350.3   568539.8   777098.7
  6   829584.4  1901596.6   596590.3   390190.6
  7   863547.5   511035.0  1191087.9   413449.3
  8   204501.3   537385.0   323217.0   831281.8
  9   147919.5    82665.4   200230.7   285768.6


TABLE 3.6.15 North Sea Herring HERRING. SURVIVORS AFTER TERMINAL YEAR

Units  :  NA 
   year
age       2010
  0 26718800.8
  1 10667514.1
  2  2051030.1
  3  2508130.5
  4  1338070.7
  5   637943.1
  6   611829.8
  7   308716.6
  8   328280.1
  9   889203.7


TABLE 3.6.16 North Sea Herring HERRING. FITTED SELECTION PATTERN

Units  :  NA 
   year
age      2005      2006      2007      2008      2009
  0 0.2001900 0.2001900 0.2001900 0.2001900 0.2001900
  1 0.2225645 0.2225645 0.2225645 0.2225645 0.2225645
  2 0.5237531 0.5237531 0.5237531 0.5237531 0.5237531
  3 0.6927546 0.6927546 0.6927546 0.6927546 0.6927546
  4 1.0000000 1.0000000 1.0000000 1.0000000 1.0000000
  5 1.0857999 1.0857999 1.0857999 1.0857999 1.0857999
  6 1.0475416 1.0475416 1.0475416 1.0475416 1.0475416
  7 1.0198807 1.0198807 1.0198807 1.0198807 1.0198807
  8 1.0000000 1.0000000 1.0000000 1.0000000 1.0000000
  9 1.0000000 1.0000000 1.0000000 1.0000000 1.0000000


TABLE 3.6.17 North Sea Herring HERRING. PREDICTED CATCH IN NUMBERS

Units  :  NA 
   year
age    1960    1961    1962    1963    1964    1965    1966    1967    1968
  0  194600 1269200  141800  442800  496900  157100  374500  645400  839300
  1 2392700  336000 2146900 1262200 2971700 3209300 1383100 1674300 2425000
  2 1142300 1889400  269600 2961200 1547500 2217600 2569700 1171500 1795200
  3 1966700  479900  797400  177200 2243100 1324600  741200 1364700 1494300
  4  165900 1455900  335100  158300  148400 2039400  450100  371500  621400
  5  167700  124000 1081800   80600  149000  145100  889800  297800  157100
  6  112900  157900  126900  229700   95000  151900   45300  393100  145000
  7  125800   61400  145100   22400  256300  117600   64800   67900  163400
  8  128600   56000   86300   42000   26300  413000   95500   81600   13700
  9  142000   87500   86800   51000   57700   78400  236300  172800   91800
   year
age    1969    1970    1971    1972    1973   1974    1975   1976   1977   1978
  0  112000  898100  684000  750400  289400 996100  263800 238200 256800 130000
  1 2503300 1196200 4378500 3340600 2368000 846100 2460500 126600 144300 168600
  2 1883000 2002800 1146800 1440500 1344200 772600  541700 901500  44700   4900
  3  296300  883600  662500  343800  659200 362000  259600 117300 186400   5700
  4  133100  125200  208300  130600  150200 126000  140500  52000  10800   5000
  5  190800   50300   26900   32900   59300  56100   57200  34500   7000    300
  6   49900   61000   30500    5000   30600  22300   16100   6100   4100    200
  7   42700    7900   26800     200    3700   5000    9100   4400   1500    200
  8   27400   12000     100    1100    1400   2000    3400   1000    700    200
  9   25100   12200   12400     400     600   1100    1400    400      0    300
   year
age   1979    1980    1981     1982     1983    1984    1985    1986    1987
  0 542000 1262700 9519700 11956700 13296900 6973300 4211000 3724700 8229200
  1 159200  245100  872000  1116400  2448600 1818400 3253000 4801400 6836300
  2  34100  134000  284300   299400   573800 1146200 1326300 1266700 2137200
  3  10000   91800   56900   230100   216400  441400 1182400  840800  667900
  4  10100   32200   39500    33700   105100  201500  368500  465900  467100
  5   2100   21700   28500    14400    26200   81100  124500  129800  245800
  6    200    2300   22700     6800    22800   22600   43600   62100   74700
  7    800    1400   18700     7800    12800   25200   20200   20500   23800
  8    600     400    5500     3600    11000   11100   13100   13600    8000
  9    100     100    1100     1100    12100   18600   16100   14800    8200
   year
age    1988    1989    1990    1991     1992     1993    1994    1995    1996
  0 3164800 3057800 1302800 2386600 10331300 10265400 4498900 7438469 2311226
  1 7867000 3145900 3020000 2138900  2303100  3826800 1785200 1664874 1606393
  2 2232500 1593700  899300 1132800  1284900  1176300 1783200 1444061  642084
  3 1090700 1363800  779100  556700   442700   609000  489100  816703  525601
  4  383700  809300  861000  548900   361500   305500  347600  231794  172099
  5  255800  211800  387500  501200   360500   215600  109000  118536   57586
  6  128100  123700   80200  205300   375600   226000   91800   55128   22534
  7   38000   61000   54400   39300   152400   188000   76400   41409    9264
  8   15300   19500   28800   25600    39200    87300   70000   68955   17195
  9    8500    8700   11900   13000    23300    41700   46600   29245    3948
   year
age   1997    1998    1999    2000    2001   2002    2003    2004       2005
  0 431175  259526 1566349 1105085 1832691 730279  369074  715597  774407.55
  1 479702  977680  303520 1171677  614469 837557  617021  206648  437216.49
  2 687920 1220105  616354  622853  842635 579592 1221992  447918  368293.29
  3 446909  537932 1058716  463170  485628 970577  529386 1366155  523602.23
  4 284920  276333  294066  646814  278884 292205  835552  543376 1551767.94
  5 109178  175817  135648  213466  321743 140701  244780  753231  454551.62
  6  31389   88927   69299   82481   90918 174570  107751  169324  452855.47
  7  11832   15232   27998   35706   38252  48908  123291  104945  103810.93
  8  18770   16766   10174   14624   17910  34620   37671   65341   82197.43
  9   5697    3784    2054    2463    2692   8702    9044   31801   58497.00
   year
age       2006      2007      2008      2009
  0 1067156.70 1310824.0 517557.31 477213.53
  1  278926.02  387224.2 364378.84 102179.19
  2  428622.02  276194.9 298090.27 203351.36
  3  287306.57  339097.7 171619.13 137685.36
  4  451596.68  252273.6 237461.16  91807.44
  5  982472.58  292136.3 130970.84  96151.54
  6  252799.47  558634.3 133197.41  46687.51
  7  257400.31  146819.9 259763.65  48246.30
  8   59969.48  151869.9  69280.86  95229.76
  9   43377.00   23362.0  42919.00  32737.00


TABLE 3.6.18 North Sea Herring HERRING. CATCH RESIDUALS

Units  :  thousands NA 
   year
age        2005        2006        2007                      2008
  0  0.27109127 -0.19438125 -0.74707207  0.4333441621967747403588
  1  0.49261881 -0.22776933 -0.49706800 -0.4385149577687116329017
  2 -0.03548658 -0.06639710 -0.23151016  0.1070516188690235626080
  3 -0.07504644  0.07796250  0.20788136  0.0738395369279551683217
  4 -0.16278867  0.02843038  0.12458905 -0.1763525549467931108349
  5  0.05439337  0.01546238  0.05758911  0.0488601198836770903022
  6  0.24080196 -0.00257243  0.11893339 -0.1181944471825466247417
  7  0.10420265 -0.04107413  0.00685632 -0.1866164102488414300307
  8  0.07174065  0.04985443 -0.12976234  0.0704670614536015149643
  9  0.00000000  0.00000000  0.00000000  0.0000000000000002220446
   year
age                      2009
  0  0.3090744663313004791938
  1  0.5433183240433027139105
  2  0.2435670073903741794652
  3 -0.2545938432823956487638
  4  0.0163518016743469385421
  5 -0.1099863869896855889108
  6 -0.2071807608110373399857
  7  0.0964225775201851681429
  8  0.1477632742195093551452
  9 -0.0000000000000001110223


TABLE 3.6.19 North Sea Herring HERRING. PREDICTED INDEX VALUES

MLAI

Units  :  NA NA 
     year
age       1973     1974     1975     1976     1977     1978     1979    1980
  all 16.46710 10.67595 4.741524 4.486995 2.509997 3.627977 6.566046 8.33715
     year
age       1981     1982     1983     1984     1985     1986     1987     1988
  all 13.40809 20.37830 34.38535 58.69885 60.78452 58.73945 82.07175 114.7349
     year
age       1989     1990     1991     1992     1993     1994     1995     1996
  all 121.1079 113.7275 90.80888 61.27078 38.29888 41.84142 37.18153 37.23421
     year
age       1997     1998     1999     2000     2001     2002     2003     2004
  all 46.84307 64.62347 78.18756 79.47348 128.6090 162.6364 179.5752 188.0872
     year
age       2005     2006     2007     2008     2009
  all 175.3131 130.2626 97.86554 96.85693 125.3012

IBTS0

Units  :  NA NA 
   year
age     1992     1993     1994     1995     1996     1997     1998     1999
  0 173.3789 138.8417 97.23332 115.9805 143.0925 83.92347 79.90445 195.5136
   year
age     2000     2001     2002     2003     2004     2005     2006     2007
  0 117.4839 270.5704 92.50374 53.70254 68.64275 47.03934 67.94595 87.16065
   year
age     2008     2009 2010
  0 47.20005 85.84878 77.1

IBTS-Q1: 1-5+ wr

Units  :  NA NA 
   year
age       1984       1985       1986       1987       1988       1989
  1 2222.41636 2235.61464 3930.06784 4817.24369 3752.90525 1945.39625
  2  610.83850  565.84716  483.94883  908.18141 1066.14351  688.91214
  3  119.03575  220.17236  192.08010  156.88819  312.51062  382.99459
  4   27.99717   39.71456   60.63984   60.19739   49.95395  109.41206
  5   11.67363   13.86704   16.32549   24.70814   28.64346   27.10958
   year
age       1990       1991       1992       1993       1994       1995
  1 1787.26744 1789.99919 1566.51342 2409.90129 1840.54314 1461.20331
  2  407.99245  358.76586  407.81438  329.08164  490.14482  441.29300
  3  239.63241  143.06411  105.30258  117.74032   86.54085  124.86764
  4  134.46812   87.28085   47.67986   33.12060   31.97395   22.12084
  5   44.56288   66.29947   63.65899   43.73044   27.08292   18.64149
   year
age       1996       1997       1998       1999      2000       2001       2002
  1 1611.13098 2529.62310 1530.87566 1488.94075 3559.5649 2129.40125 4975.48919
  2  348.81493  399.12395  753.43868  414.41802  444.2875 1047.16454  630.45576
  3  126.80201  130.97675  152.43503  292.10642  166.2657  180.90634  470.42982
  4   29.60978   41.30001   47.04529   54.27519  101.8593   65.07211   71.72737
  5   11.77317   16.83087   21.04238   25.70360   34.0194   52.76743   58.09796
   year
age      2003     2004      2005     2006       2007       2008      2009
  1 1682.9921 985.8952 1236.4579 826.7349 1198.49727 1545.86030 854.40666
  2 1514.9568 489.9841  294.8033 358.8681  241.04827  352.74822 467.47573
  3  279.2400 680.9578  215.4816 123.5426  151.85109  103.60558 160.21930
  4  198.8603 119.6774  286.0671  86.8263   50.42938   63.34504  46.55413
  5   64.1161 116.3943  113.4020 162.5904  125.94343   91.89725  87.51390
   year
age       2010
  1 1588.82982
  2  264.81948
  3  224.99907
  4   77.72913
  5   90.41637

Acoustic survey (HERAS): 1-9+ wr

Units  :  NA NA 
   year
age       1989       1990       1991       1992      1993      1994       1995
  1         NA         NA         NA         NA        NA        NA         NA
  2 5874737.75 3510900.25 2839221.82 3229434.71 2501871.2 3702864.6 3454732.50
  3 5568714.61 3544827.02 2041162.19 1474961.12 1552296.7 1104932.5 1495914.53
  4 2417698.04 3084803.26 2010646.33 1046008.88  678956.6  607721.7  428417.13
  5  543811.90 1328037.05 1779053.36 1125132.17  507740.9  334026.8  238575.38
  6  289029.52  272829.63  720469.37  850728.71  529402.4  225584.7  171035.48
  7  129970.59  121012.86  144445.11  330448.65  316997.4  248048.4   97759.26
  8   35172.94   56863.80   55492.46   68253.94  127569.4  122500.9  110232.13
  9   37687.28   56427.63   67676.65   97431.43  146342.3  195852.3  112278.23
   year
age       1996        1997       1998       1999        2000        2001
  1         NA 10962077.00 6324089.76 6442830.60 15202634.91  9133344.17
  2 3091050.15  3569505.04 6792785.68 3774101.78  4072205.11 10021866.88
  3 1782360.21  1920341.97 2220389.80 4231965.26  2521967.92  2758696.27
  4  693873.41   930164.59 1100052.99 1289555.73  2341256.34  1605992.97
  5  207235.12   416616.12  491927.14  701926.86   776627.89  1423243.23
  6  122660.77   114723.67  202552.41  258241.32   448718.09   461455.17
  7  103474.80    77804.73   63238.79   95192.65   141555.68   289471.38
  8   50002.29    70631.86   47274.11   39043.34    56870.06    91588.78
  9   27571.88    51485.40   25623.98   18930.28    23002.94    33061.55
   year
age       2002       2003       2004      2005      2006      2007      2008
  1 21608560.7  7159575.9  4263551.5 5267228.7 3527867.7 5121962.5 6667077.4
  2  5985282.5 14496900.7  4653407.7 2732865.3 3340178.3 2251522.6 3366432.7
  3  7404824.9  4431899.4 10748995.2 3329555.2 1919136.5 2369958.4 1663605.0
  4  1782434.3  4921332.8  2929116.5 6795319.2 2078416.1 1215346.9 1590553.6
  5  1161064.2  1201279.7  3209636.7 1874657.9 4259326.4 1325940.1  827253.0
  6   874990.7   823592.9   729275.2 1891358.0 1109773.9 2567271.3  851502.4
  7   285081.3   508528.4   521503.6  410128.9 1068818.4  638179.3 1570197.7
  8   208569.7   195344.5   330626.9  334994.9  256867.3  680921.6  431882.8
  9   125905.5   112630.5   386451.2  572552.2  446210.4  251557.3  642545.3
   year
age      2009
  1 3729282.7
  2 4588707.8
  3 2670258.1
  4 1233495.1
  5 1219424.5
  6  599007.0
  7  585116.8
  8 1190773.4
  9  983098.0


TABLE 3.6.20 North Sea Herring HERRING. INDEX RESIDUALS

MLAI

Units  :  NA 
     year
age        1973      1974       1975       1976      1977      1978    1979
  all -0.252701 -0.331851 -0.5494961 -0.6165895 0.8713111 0.6831811 0.74594
     year
age       1980       1981        1982       1983       1984      1985
  all 0.112728 0.02182936 -0.01973869 -0.2923465 -0.2394837 0.1496950
     year
age         1986       1987      1988       1989      1990        1991
  all -0.4702258 -0.2342842 0.1150229 0.04299075 0.3639796 -0.04161979
     year
age         1992      1993       1994       1995      1996      1997       1998
  all -0.4195225 -0.294815 -0.7470439 -0.5785061 0.1059321 0.1338127 0.05572738
     year
age         1999       2000        2001       2002      2003      2004
  all -0.3163752 -0.7368377 -0.04136227 -0.4406661 0.3465158 0.4924538
     year
age         2005       2006      2007      2008     2009
  all 0.04533035 -0.1416604 0.5129494 0.6270671 1.338614

IBTS0

Units  :  NA 
   year
age      1992      1993       1994       1995       1996      1997       1998
  0 0.1463317 0.3142161 0.04491382 0.09076468 -0.2953466 0.5679824 -0.4086546
   year
age      1999      2000       2001     2002       2003       2004      2005
  0 0.2215382 0.1544089 -0.2308249 0.559112 0.01290387 -0.3724053 0.2647956
   year
age      2006       2007      2008      2009                   2010
  0 0.2013322 -0.8514442 -0.529359 0.1096754 0.00000000000004796163

IBTS-Q1: 1-5+ wr

Units  :  NA 
   year
age        1984        1985       1986        1987       1988       1989
  1 -0.38276584 -0.06387493 -0.3892740 -0.26577226  0.1577479  0.1810745
  2 -1.33045130  0.24321071  0.4800316  0.01026292  1.3622803  0.2394941
  3 -0.66155808  0.24746092  0.3626007 -0.29923134  0.9293268 -0.1234554
  4 -0.04042330  0.05804488  0.2645843 -0.01416002  0.1485998 -0.2022130
  5 -0.13122650  0.70058040  0.5421877  0.67983915 -0.1338916 -1.1575882
   year
age       1990       1991        1992      1993        1994        1995
  1 -0.5209371 -0.3300978 -0.21129719 0.1478910 -0.04927247 -0.08230583
  2  0.1245261  0.6583889  0.06812057 0.8724572  0.86768008  1.14940325
  3  0.1548975  0.5920051  0.60629257 0.6368275  0.90095257  0.80232176
  4  0.6937856  0.9313954  0.13936358 0.3074400  0.76924311  0.50543876
  5  0.4700371  0.7900820  0.37115689 0.4045246  0.45067153 -1.04577185
   year
age       1996       1997        1998       1999        2000       2001
  1  0.1601017  0.5545898  0.39651151 -0.6819383  0.04546370 0.16020627
  2 -0.5686915  0.2383234  0.04939974  0.0837559 -0.80128932 0.07551898
  3 -1.3499144  0.2166423 -0.46593823  0.5401364 -0.07215746 0.56113999
  4 -1.0664034 -0.3020874 -0.81567702  0.5927252 -0.54880405 0.36658525
  5 -0.3765550  0.1692625 -0.16503911  0.3247589 -1.33505389 0.25778124
   year
age        2002        2003         2004       2005      2006        2007
  1 -0.20215202  0.49648873 -0.006981622 -0.2106670 0.1090557  0.09732431
  2  0.04299597  0.02678419 -0.082872253 -0.3194401 1.4061928 -1.57231442
  3 -0.33014832  0.78448084  0.132356877  0.5020749 0.9826190 -2.11873527
  4 -1.05207841  0.59347107 -0.062966838  0.3071525 1.0642845 -1.84903859
  5 -1.06960349 -0.18727631  0.386029785  0.1479233 0.7342081 -1.11535780
   year
age       2008       2009         2010
  1  0.1609786  1.0092730 -0.279413690
  2 -0.4151196 -1.2327166 -1.675965226
  3  0.3443297 -2.0103994 -1.864957031
  4  1.1601661 -1.4226505 -0.525806825
  5  0.9275092 -0.6339164 -0.005304806

Acoustic survey (HERAS): 1-9+ wr

Units  :  NA 
   year
age        1989         1990        1991         1992        1993       1994
  1          NA           NA          NA           NA          NA         NA
  2 -0.36211645 -0.060133488 -0.07502641  0.145172935  0.17622574 -0.1506545
  3 -0.35541877 -0.006744322 -0.18289110 -0.067998456  0.05312975 -0.2753288
  4 -0.39239705  0.101396742 -0.02602209  0.092167982  0.28405733 -0.4207556
  5 -0.10012470  0.028184813  0.03856355  0.007850696  0.37802934  0.1315780
  6 -0.02108192  0.362414317 -0.11220418  0.381600415  0.38369162  0.3527454
  7 -0.07981649  0.551210699  0.45644603  0.178434495  0.55284127  0.2732734
  8  0.22391262  0.849690249  0.52704771  0.512963272  0.34429647  0.5809531
  9 -0.53828022 -0.271758878 -0.28291555  0.065242007 -0.23235795 -0.4021637
   year
age       1995       1996        1997        1998       1999        2000
  1         NA         NA -0.15788965 -0.35168676 -0.2362797  0.48679091
  2  0.1080683  0.3748996  0.51264354 -0.16718314 -0.2038824 -0.33157416
  3  0.3107021  0.4602159  0.42420417  0.12657614  0.1102011 -0.15678487
  4  0.4501610  0.4488873  0.43773104  0.39014947 -0.1445469  0.29353512
  5  0.2257583  0.4059389  0.36642972  0.69126070 -0.3272925  0.25976957
  6  0.1713349 -0.2143027  0.62811167  0.78707560  0.1954985  0.07362183
  7  0.3447458 -0.2204875 -0.52556087  0.98888049  0.3785712  0.63080314
  8  0.0765351  0.9782804  0.09922756 -0.04930039  0.3243118  0.74672278
  9 -0.1883805  2.0110799  1.12760597  1.55226194  1.5251451  1.43908880
   year
age        2001       2002       2003        2004        2005         2006
  1 -0.28958287  0.0647931  0.3169271  0.19541660 -0.52556418  0.659576296
  2  0.20401653 -0.2051834  0.2678374 -0.30915878 -0.28502610  0.121660707
  3  0.11114494  0.1044384 -0.3635740 -0.15650050  0.09147739  0.039870840
  4 -0.09393688 -0.2486763 -0.1611412 -0.30121869 -0.16017082  0.009140065
  5  0.16347177 -0.3792535 -0.5762818 -0.21422966 -0.43541200 -0.019972721
  6 -0.02513733  0.1640712 -0.5095228 -0.83283392 -0.47611204 -0.585099538
  7 -0.53225799 -0.1539683  0.1111285 -0.46492277 -1.07554359 -0.642629250
  8  0.06765869 -0.5444826 -0.2945884  0.03396641 -0.97387303 -1.114177892
  9  0.57916635  0.1717648  0.4559841 -0.73341183 -1.68008272 -1.846597242
   year
age       2007        2008        2009
  1  0.2008022 -0.58507213  0.22172599
  2  0.1999942 -0.16548257  0.20486616
  3 -0.2487684  0.02692145 -0.04490600
  4 -0.3026147 -0.06866737 -0.18711224
  5 -0.4977932 -0.02231170 -0.12419960
  6 -0.6629417 -0.17892443  0.11795684
  7 -0.9655578  0.10784265  0.08652684
  8 -1.4995667 -0.84779836 -0.04182193
  9 -1.3532833 -0.86701530 -0.53113498


TABLE 3.6.21 North Sea Herring HERRING. FIT PARAMETERS

                                          Value    Std.dev
F, 2005                          0.385127198213 0.09613405
F, 2006                          0.367036162732 0.09915385
F, 2007                          0.351132303949 0.10581213
F, 2008                          0.254591035684 0.11151484
F, 2009                          0.128119579604 0.11382501
Selectivity at age 0             0.200188955568 0.32533050
Selectivity at age 1             0.222563544460 0.32000737
Selectivity at age 2             0.523752110371 0.09499432
Selectivity at age 3             0.692753647255 0.09379766
Selectivity at age 5             1.085798901158 0.09739734
Selectivity at age 6             1.047540564799 0.10462344
Selectivity at age 7             1.019879672369 0.12077228
Terminal year pop, age 0  29750664.775947965682 0.20554052
Terminal year pop, age 1   5736544.837425526232 0.15621731
Terminal year pop, age 2   3620604.248853356112 0.11284001
Terminal year pop, age 3   1786010.494761534734 0.10329279
Terminal year pop, age 4    801406.638239621185 0.09961968
Terminal year pop, age 5    777097.731002684333 0.10373307
Terminal year pop, age 6    390189.555837564636 0.11325649
Terminal year pop, age 7    413448.265405998507 0.13402472
Terminal year pop, age 8    831280.826170201995 0.14939942
Last true age pop, 2005     269367.432158573240 0.23782458
Last true age pop, 2006     204500.320499489084 0.18781756
Last true age pop, 2007     537384.007890093839 0.16594734
Last true age pop, 2008     323216.038465606631 0.15807537
Recruitment prediction    26718800.770215295255 0.29473292
Index 1, biomass, K              1.187890633621 0.04851129
Index 1, biomass, Q              0.000006913480 0.63846018
Index 2, age 0 numbers, Q        0.000003280323 0.07021656
Index 3, age 1 numbers, Q        0.000169374865 0.06535943
Index 3, age 2 numbers, Q        0.000135178236 0.08359855
Index 3, age 3 numbers, Q        0.000093004986 0.43744271
Index 3, age 4 numbers, Q        0.000059770748 0.43744781
Index 3, age 5 numbers, Q        0.000033395953 0.43762484
Index 4, age 1 numbers, Q        1.144584816555 0.08280620
Index 4, age 2 numbers, Q        1.550944668965 0.06453140
Index 4, age 3 numbers, Q        1.752434716953 0.12106803
Index 4, age 4 numbers, Q        1.744911072122 0.15747953
Index 4, age 5 numbers, Q        1.789755813060 0.16616129
Index 4, age 6 numbers, Q        1.746221737158 0.17651591
Index 4, age 7 numbers, Q        1.606638121615 0.18916946
Index 4, age 8 numbers, Q        1.623940761397 0.18985950
Index 4, age 9 numbers, Q        3.900063619777 0.22274145
SRR, a                    55355510.369478613138 0.22186003
SRR, b                      373888.386506047042 0.49121475
                                Lower.95.pct.CL       Upper.95.pct.CL
F, 2005                          0.318987187053        0.464980929717
F, 2006                          0.302209000622        0.445769465753
F, 2007                          0.285365640411        0.432055851919
F, 2008                          0.204606656695        0.316786347510
F, 2009                          0.102500433820        0.160142021514
Selectivity at age 0             0.105806707731        0.378762545314
Selectivity at age 1             0.118866165506        0.416725239781
Selectivity at age 2             0.434775422724        0.630937856146
Selectivity at age 3             0.576416815284        0.832570464740
Selectivity at age 5             0.897104646068        1.314182530346
Selectivity at age 6             0.853323253284        1.285961950147
Selectivity at age 7             0.804906620008        1.292267351585
Terminal year pop, age 0  19885524.584381010383 44509867.006778903306
Terminal year pop, age 1   4223529.525653629564  7791574.907174505293
Terminal year pop, age 2   2902215.815435534809  4516816.102060881443
Terminal year pop, age 3   1458677.919247438433  2186797.678437500261
Terminal year pop, age 4    659257.309930498479   974206.262320003589
Terminal year pop, age 5    634127.041059679817   952302.684522622381
Terminal year pop, age 6    312514.211422734486   487171.091489250481
Terminal year pop, age 7    317934.041069948929   537657.017134634079
Terminal year pop, age 8    620263.766213852679  1114087.021681616316
Last true age pop, 2005     169007.009622987913   429324.284652831906
Last true age pop, 2006     141520.859389644756   295506.833867162059
Last true age pop, 2007     388174.952823438973   743946.949269991834
Last true age pop, 2008     237102.664803775988   440604.948948413483
Recruitment prediction    14994611.978768020868 47610055.906035661697
Index 1, biomass, K              1.092808496111        1.282972771131
Index 1, biomass, Q              0.000001978010        0.000024163786
Index 2, age 0 numbers, Q        0.000002858558        0.000003764317
Index 3, age 1 numbers, Q        0.000149009477        0.000192523625
Index 3, age 2 numbers, Q        0.000114748297        0.000159245548
Index 3, age 3 numbers, Q        0.000039459128        0.000219212333
Index 3, age 4 numbers, Q        0.000025358619        0.000140880790
Index 3, age 5 numbers, Q        0.000014163809        0.000078742214
Index 4, age 1 numbers, Q        0.973109962404        1.346275809419
Index 4, age 2 numbers, Q        1.366677582662        1.760056209823
Index 4, age 3 numbers, Q        1.382250189612        2.221759461683
Index 4, age 4 numbers, Q        1.281515952632        2.375869487509
Index 4, age 5 numbers, Q        1.292273489051        2.478752290070
Index 4, age 6 numbers, Q        1.235509277157        2.468043269040
Index 4, age 7 numbers, Q        1.108903554341        2.327782288839
Index 4, age 8 numbers, Q        1.119330947209        2.356035632807
Index 4, age 9 numbers, Q        2.520405073069        6.034941129439
SRR, a                    35835196.713758006692 85509019.323703631759
SRR, b                      142761.643774853059   979202.269375376636


