TABLE 2.7.1 NORTH SEA HERRING. WEIGHTS AT AGE IN THE CATCH

Units  :  kg 
, , unit = A

   year
age      2016      2017      2018      2019      2020      2021
  0 0.0071000 0.0090000 0.0054000 0.0000000 0.0000000 0.0000000
  1 0.0265000 0.0380000 0.0394000 0.0890300 0.0890300 0.0890300
  2 0.1267000 0.0990000 0.1085000 0.1175900 0.1175900 0.1175900
  3 0.1549000 0.1560000 0.1451000 0.1453400 0.1453400 0.1453400
  4 0.1803000 0.1730000 0.1838000 0.1838400 0.1838400 0.1838400
  5 0.2059000 0.1880000 0.1914000 0.1914100 0.1914100 0.1914100
  6 0.2151000 0.2150000 0.2151000 0.2151200 0.2151200 0.2151200
  7 0.2313000 0.2200000 0.2342000 0.2342400 0.2342400 0.2342400
  8 0.2299244 0.2305184 0.2455776 0.2455873 0.2455873 0.2455873

, , unit = B

   year
age      2016      2017      2018        2019        2020        2021
  0 0.0071000 0.0090000 0.0054000 0.005449234 0.005449234 0.005449234
  1 0.0265000 0.0380000 0.0394000 0.026532076 0.026532076 0.026532076
  2 0.1267000 0.0990000 0.1085000 0.029537017 0.029537017 0.029537017
  3 0.1549000 0.1560000 0.1451000 0.048000000 0.048000000 0.048000000
  4 0.1803000 0.1730000 0.1838000 0.000000000 0.000000000 0.000000000
  5 0.2059000 0.1880000 0.1914000 0.000000000 0.000000000 0.000000000
  6 0.2151000 0.2150000 0.2151000 0.000000000 0.000000000 0.000000000
  7 0.2313000 0.2200000 0.2342000 0.000000000 0.000000000 0.000000000
  8 0.2299244 0.2305184 0.2455776 0.000000000 0.000000000 0.000000000

, , unit = C

   year
age      2016      2017      2018    2019    2020    2021
  0 0.0071000 0.0090000 0.0054000 0.02163 0.02163 0.02163
  1 0.0265000 0.0380000 0.0394000 0.04951 0.04951 0.04951
  2 0.1267000 0.0990000 0.1085000 0.05690 0.05690 0.05690
  3 0.1549000 0.1560000 0.1451000 0.10484 0.10484 0.10484
  4 0.1803000 0.1730000 0.1838000 0.15789 0.15789 0.15789
  5 0.2059000 0.1880000 0.1914000 0.18110 0.18110 0.18110
  6 0.2151000 0.2150000 0.2151000 0.18925 0.18925 0.18925
  7 0.2313000 0.2200000 0.2342000 0.18664 0.18664 0.18664
  8 0.2299244 0.2305184 0.2455776 0.20210 0.20210 0.20210

, , unit = D

   year
age      2016      2017      2018        2019        2020        2021
  0 0.0071000 0.0090000 0.0054000 0.005449234 0.005449234 0.005449234
  1 0.0265000 0.0380000 0.0394000 0.026532076 0.026532076 0.026532076
  2 0.1267000 0.0990000 0.1085000 0.029537017 0.029537017 0.029537017
  3 0.1549000 0.1560000 0.1451000 0.048000000 0.048000000 0.048000000
  4 0.1803000 0.1730000 0.1838000 0.000000000 0.000000000 0.000000000
  5 0.2059000 0.1880000 0.1914000 0.000000000 0.000000000 0.000000000
  6 0.2151000 0.2150000 0.2151000 0.000000000 0.000000000 0.000000000
  7 0.2313000 0.2200000 0.2342000 0.000000000 0.000000000 0.000000000
  8 0.2299244 0.2305184 0.2455776 0.000000000 0.000000000 0.000000000



TABLE 2.7.2 NORTH SEA HERRING. WEIGHTS AT AGE IN THE STOCK

Units  :  kg 
, , unit = A

   year
age       2016        2017        2018        2019        2020        2021
  0 0.00500000 0.004166667 0.004566667 0.004566667 0.004566667 0.004566667
  1 0.04333333 0.042866667 0.039966667 0.039966667 0.039966667 0.039966667
  2 0.12100000 0.110866667 0.101300000 0.101300000 0.101300000 0.101300000
  3 0.16033333 0.153166667 0.152966667 0.152966667 0.152966667 0.152966667
  4 0.18866667 0.182966667 0.185766667 0.185766667 0.185766667 0.185766667
  5 0.21600000 0.207100000 0.215033333 0.215033333 0.215033333 0.215033333
  6 0.22433333 0.226533333 0.229200000 0.229200000 0.229200000 0.229200000
  7 0.22433333 0.227066667 0.238766667 0.238766667 0.238766667 0.238766667
  8 0.23372066 0.229232697 0.246755779 0.246755779 0.246755779 0.246755779

, , unit = B

   year
age       2016        2017        2018        2019        2020        2021
  0 0.00500000 0.004166667 0.004566667 0.004566667 0.004566667 0.004566667
  1 0.04333333 0.042866667 0.039966667 0.039966667 0.039966667 0.039966667
  2 0.12100000 0.110866667 0.101300000 0.101300000 0.101300000 0.101300000
  3 0.16033333 0.153166667 0.152966667 0.152966667 0.152966667 0.152966667
  4 0.18866667 0.182966667 0.185766667 0.185766667 0.185766667 0.185766667
  5 0.21600000 0.207100000 0.215033333 0.215033333 0.215033333 0.215033333
  6 0.22433333 0.226533333 0.229200000 0.229200000 0.229200000 0.229200000
  7 0.22433333 0.227066667 0.238766667 0.238766667 0.238766667 0.238766667
  8 0.23372066 0.229232697 0.246755779 0.246755779 0.246755779 0.246755779

, , unit = C

   year
age       2016        2017        2018        2019        2020        2021
  0 0.00500000 0.004166667 0.004566667 0.004566667 0.004566667 0.004566667
  1 0.04333333 0.042866667 0.039966667 0.039966667 0.039966667 0.039966667
  2 0.12100000 0.110866667 0.101300000 0.101300000 0.101300000 0.101300000
  3 0.16033333 0.153166667 0.152966667 0.152966667 0.152966667 0.152966667
  4 0.18866667 0.182966667 0.185766667 0.185766667 0.185766667 0.185766667
  5 0.21600000 0.207100000 0.215033333 0.215033333 0.215033333 0.215033333
  6 0.22433333 0.226533333 0.229200000 0.229200000 0.229200000 0.229200000
  7 0.22433333 0.227066667 0.238766667 0.238766667 0.238766667 0.238766667
  8 0.23372066 0.229232697 0.246755779 0.246755779 0.246755779 0.246755779

, , unit = D

   year
age       2016        2017        2018        2019        2020        2021
  0 0.00500000 0.004166667 0.004566667 0.004566667 0.004566667 0.004566667
  1 0.04333333 0.042866667 0.039966667 0.039966667 0.039966667 0.039966667
  2 0.12100000 0.110866667 0.101300000 0.101300000 0.101300000 0.101300000
  3 0.16033333 0.153166667 0.152966667 0.152966667 0.152966667 0.152966667
  4 0.18866667 0.182966667 0.185766667 0.185766667 0.185766667 0.185766667
  5 0.21600000 0.207100000 0.215033333 0.215033333 0.215033333 0.215033333
  6 0.22433333 0.226533333 0.229200000 0.229200000 0.229200000 0.229200000
  7 0.22433333 0.227066667 0.238766667 0.238766667 0.238766667 0.238766667
  8 0.23372066 0.229232697 0.246755779 0.246755779 0.246755779 0.246755779



TABLE 2.7.3 NORTH SEA HERRING. STOCK IN NUMBER

Units  :  NA 
, , unit = A

   year
age             2016             2017             2018             2019 2020
  0 32864572.1982792 20022378.5438691 36780644.9986734 26191234.2954591     
  1 7078298.47485307 12461780.4632969 8790338.38775819 14066353.7125384     
  2 15229436.6772419 3274372.24091002 5620370.59126947 4397586.71662877     
  3 8061943.95994707 9410218.05087865 2275811.40001591 3450200.45994231     
  4 2220745.99421665 5291507.42164728 6114577.54446698 1377760.90770897     
  5 1439131.47051777  1416926.3383966 3498836.39498844 3252467.16908494     
  6 1308824.73951356 726788.516449269 922321.158046961 1771075.29332844     
  7 744497.522629405 606557.215311485  462910.57800222 473265.556244519     
  8 768926.326306758 610748.673754474 656236.133506867 463287.375059649     
   year
age 2021
  0     
  1     
  2     
  3     
  4     
  5     
  6     
  7     
  8     

, , unit = B

   year
age             2016             2017             2018             2019 2020
  0 32864572.1982792 20022378.5438691 36780644.9986734 26191234.2954591     
  1 7078298.47485307 12461780.4632969 8790338.38775819 14066353.7125384     
  2 15229436.6772419 3274372.24091002 5620370.59126947 4397586.71662877     
  3 8061943.95994707 9410218.05087865 2275811.40001591 3450200.45994231     
  4 2220745.99421665 5291507.42164728 6114577.54446698 1377760.90770897     
  5 1439131.47051777  1416926.3383966 3498836.39498844 3252467.16908494     
  6 1308824.73951356 726788.516449269 922321.158046961 1771075.29332844     
  7 744497.522629405 606557.215311485  462910.57800222 473265.556244519     
  8 768926.326306758 610748.673754474 656236.133506867 463287.375059649     
   year
age 2021
  0     
  1     
  2     
  3     
  4     
  5     
  6     
  7     
  8     

, , unit = C

   year
age             2016             2017             2018             2019 2020
  0 32864572.1982792 20022378.5438691 36780644.9986734 26191234.2954591     
  1 7078298.47485307 12461780.4632969 8790338.38775819 14066353.7125384     
  2 15229436.6772419 3274372.24091002 5620370.59126947 4397586.71662877     
  3 8061943.95994707 9410218.05087865 2275811.40001591 3450200.45994231     
  4 2220745.99421665 5291507.42164728 6114577.54446698 1377760.90770897     
  5 1439131.47051777  1416926.3383966 3498836.39498844 3252467.16908494     
  6 1308824.73951356 726788.516449269 922321.158046961 1771075.29332844     
  7 744497.522629405 606557.215311485  462910.57800222 473265.556244519     
  8 768926.326306758 610748.673754474 656236.133506867 463287.375059649     
   year
age 2021
  0     
  1     
  2     
  3     
  4     
  5     
  6     
  7     
  8     

, , unit = D

   year
age             2016             2017             2018             2019 2020
  0 32864572.1982792 20022378.5438691 36780644.9986734 26191234.2954591     
  1 7078298.47485307 12461780.4632969 8790338.38775819 14066353.7125384     
  2 15229436.6772419 3274372.24091002 5620370.59126947 4397586.71662877     
  3 8061943.95994707 9410218.05087865 2275811.40001591 3450200.45994231     
  4 2220745.99421665 5291507.42164728 6114577.54446698 1377760.90770897     
  5 1439131.47051777  1416926.3383966 3498836.39498844 3252467.16908494     
  6 1308824.73951356 726788.516449269 922321.158046961 1771075.29332844     
  7 744497.522629405 606557.215311485  462910.57800222 473265.556244519     
  8 768926.326306758 610748.673754474 656236.133506867 463287.375059649     
   year
age 2021
  0     
  1     
  2     
  3     
  4     
  5     
  6     
  7     
  8     



TABLE 2.7.4 NORTH SEA HERRING. FISHING MORTALITY AT AGE IN THE STOCK

Units  :  f 
, , unit = A

   year
age                2016                2017                2018
  0                   0                   0                   0
  1 0.00213553270308146 0.00178187471952473 0.00196477044018395
  2    0.04404244234495  0.0364601231951371  0.0407408812850615
  3   0.118911471705668   0.112198035338471   0.126700452890064
  4   0.192024321064914   0.183634595888351   0.223639564071739
  5   0.266230449826544   0.231532733052615   0.285323668529867
  6   0.397922134751574   0.286990588070257   0.368199097436437
  7   0.606073233271232   0.440272526544234   0.579597408165244
  8   0.606073233271232   0.440272526544234   0.579597408165244
   year
age                2019 2020 2021
  0                   0          
  1 0.00181278361319734          
  2  0.0375892114133988          
  3   0.116898709997796          
  4   0.206337919183299          
  5   0.263249261104588          
  6   0.339717800646427          
  7   0.534762008166153          
  8   0.534762008166153          

, , unit = B

   year
age                 2016                 2017                 2018
  0   0.0606280616950362   0.0449054044983217   0.0460893024752511
  1   0.0198506936062589   0.0125754651421044  0.00879320337483452
  2   0.0024879934578992  0.00132303806882611 0.000922364556026154
  3 9.28067291012815e-05 3.29316055177431e-05 2.30379230484216e-05
  4 9.28067291012815e-05 3.29316055177431e-05 2.30379230484216e-05
  5 9.28067291012815e-05 3.29316055177431e-05 2.30379230484216e-05
  6                    0                    0                    0
  7                    0                    0                    0
  8                    0                    0                    0
   year
age                 2019 2020 2021
  0   0.0779679785143802          
  1   0.0148735428105978          
  2  0.00155921493828285          
  3 3.89305558249836e-05          
  4 3.89305558249836e-05          
  5 3.89305558249836e-05          
  6                    0          
  7                    0          
  8                    0          

, , unit = C

   year
age                 2016                 2017                 2018
  0                    0                    0                    0
  1  0.00612533349603077  0.00736892608361964  0.00640269546930037
  2  0.00818464200473725  0.00938425056759042  0.00845729536341852
  3 0.000690117098911749  0.00104131941797153 0.000761603769562726
  4 0.000281855047969147 0.000425292153168109 0.000311051809436457
  5 0.000281855047969147 0.000425292153168109 0.000311051809436457
  6 0.000281855047969147 0.000425292153168109 0.000311051809436457
  7                    0                    0                    0
  8                    0                    0                    0
   year
age                 2019 2020 2021
  0                    0          
  1  0.00344141998022404          
  2   0.0045455208003248          
  3 0.000409459359904231          
  4 0.000167230100295184          
  5 0.000167230100295184          
  6 0.000167230100295184          
  7                    0          
  8                    0          

, , unit = D

   year
age                 2016                 2017                 2018
  0   0.0606280616950362   0.0449054044983217   0.0460893024752511
  1   0.0198506936062589   0.0125754651421044  0.00879320337483452
  2   0.0024879934578992  0.00132303806882611 0.000922364556026154
  3 9.28067291012815e-05 3.29316055177431e-05 2.30379230484216e-05
  4 9.28067291012815e-05 3.29316055177431e-05 2.30379230484216e-05
  5 9.28067291012815e-05 3.29316055177431e-05 2.30379230484216e-05
  6                    0                    0                    0
  7                    0                    0                    0
  8                    0                    0                    0
   year
age                 2019 2020 2021
  0  0.00415895145451765          
  1 0.000793381381493137          
  2 8.31713141604806e-05          
  3 2.07662549239536e-06          
  4 2.07662549239536e-06          
  5 2.07662549239536e-06          
  6                    0          
  7                    0          
  8                    0          



TABLE 2.7.5 NORTH SEA HERRING. NATURAL MORTALITY

Units  :  NA 
, , unit = A

   year
age      2016      2017      2018      2019      2020      2021
  0 0.8495409 0.8693360 0.8495409 0.8761926 0.8761926 0.8761926
  1 0.6800092 0.6758221 0.6800092 0.6747189 0.6747189 0.6747189
  2 0.4419012 0.4408952 0.4419012 0.4406956 0.4406956 0.4406956
  3 0.3873211 0.3883200 0.3873211 0.3886898 0.3886898 0.3886898
  4 0.3783272 0.3782252 0.3783272 0.3781066 0.3781066 0.3781066
  5 0.3639009 0.3633887 0.3639009 0.3631137 0.3631137 0.3631137
  6 0.3562775 0.3547852 0.3562775 0.3541554 0.3541554 0.3541554
  7 0.3523502 0.3499350 0.3523502 0.3489671 0.3489671 0.3489671
  8 0.3430125 0.3403759 0.3430125 0.3393622 0.3393622 0.3393622

, , unit = B

   year
age      2016      2017      2018      2019      2020      2021
  0 0.8495409 0.8693360 0.8495409 0.8761926 0.8761926 0.8761926
  1 0.6800092 0.6758221 0.6800092 0.6747189 0.6747189 0.6747189
  2 0.4419012 0.4408952 0.4419012 0.4406956 0.4406956 0.4406956
  3 0.3873211 0.3883200 0.3873211 0.3886898 0.3886898 0.3886898
  4 0.3783272 0.3782252 0.3783272 0.3781066 0.3781066 0.3781066
  5 0.3639009 0.3633887 0.3639009 0.3631137 0.3631137 0.3631137
  6 0.3562775 0.3547852 0.3562775 0.3541554 0.3541554 0.3541554
  7 0.3523502 0.3499350 0.3523502 0.3489671 0.3489671 0.3489671
  8 0.3430125 0.3403759 0.3430125 0.3393622 0.3393622 0.3393622

, , unit = C

   year
age      2016      2017      2018      2019      2020      2021
  0 0.8495409 0.8693360 0.8495409 0.8761926 0.8761926 0.8761926
  1 0.6800092 0.6758221 0.6800092 0.6747189 0.6747189 0.6747189
  2 0.4419012 0.4408952 0.4419012 0.4406956 0.4406956 0.4406956
  3 0.3873211 0.3883200 0.3873211 0.3886898 0.3886898 0.3886898
  4 0.3783272 0.3782252 0.3783272 0.3781066 0.3781066 0.3781066
  5 0.3639009 0.3633887 0.3639009 0.3631137 0.3631137 0.3631137
  6 0.3562775 0.3547852 0.3562775 0.3541554 0.3541554 0.3541554
  7 0.3523502 0.3499350 0.3523502 0.3489671 0.3489671 0.3489671
  8 0.3430125 0.3403759 0.3430125 0.3393622 0.3393622 0.3393622

, , unit = D

   year
age      2016      2017      2018      2019      2020      2021
  0 0.8495409 0.8693360 0.8495409 0.8761926 0.8761926 0.8761926
  1 0.6800092 0.6758221 0.6800092 0.6747189 0.6747189 0.6747189
  2 0.4419012 0.4408952 0.4419012 0.4406956 0.4406956 0.4406956
  3 0.3873211 0.3883200 0.3873211 0.3886898 0.3886898 0.3886898
  4 0.3783272 0.3782252 0.3783272 0.3781066 0.3781066 0.3781066
  5 0.3639009 0.3633887 0.3639009 0.3631137 0.3631137 0.3631137
  6 0.3562775 0.3547852 0.3562775 0.3541554 0.3541554 0.3541554
  7 0.3523502 0.3499350 0.3523502 0.3489671 0.3489671 0.3489671
  8 0.3430125 0.3403759 0.3430125 0.3393622 0.3393622 0.3393622



TABLE 2.7.6 NORTH SEA HERRING. PROPORTION MATURE

Units  :  NA 
, , unit = A

   year
age 2016 2017 2018      2019      2020      2021
  0 0.00 0.00 0.00 0.0000000 0.0000000 0.0000000
  1 0.00 0.00 0.00 0.0000000 0.0000000 0.0000000
  2 0.71 0.55 0.37 0.5433333 0.5433333 0.5433333
  3 0.89 0.96 0.91 0.9200000 0.9200000 0.9200000
  4 0.95 0.97 0.98 0.9666667 0.9666667 0.9666667
  5 1.00 1.00 1.00 1.0000000 1.0000000 1.0000000
  6 1.00 1.00 1.00 1.0000000 1.0000000 1.0000000
  7 1.00 1.00 1.00 1.0000000 1.0000000 1.0000000
  8 1.00 1.00 1.00 1.0000000 1.0000000 1.0000000

, , unit = B

   year
age 2016 2017 2018      2019      2020      2021
  0 0.00 0.00 0.00 0.0000000 0.0000000 0.0000000
  1 0.00 0.00 0.00 0.0000000 0.0000000 0.0000000
  2 0.71 0.55 0.37 0.5433333 0.5433333 0.5433333
  3 0.89 0.96 0.91 0.9200000 0.9200000 0.9200000
  4 0.95 0.97 0.98 0.9666667 0.9666667 0.9666667
  5 1.00 1.00 1.00 1.0000000 1.0000000 1.0000000
  6 1.00 1.00 1.00 1.0000000 1.0000000 1.0000000
  7 1.00 1.00 1.00 1.0000000 1.0000000 1.0000000
  8 1.00 1.00 1.00 1.0000000 1.0000000 1.0000000

, , unit = C

   year
age 2016 2017 2018      2019      2020      2021
  0 0.00 0.00 0.00 0.0000000 0.0000000 0.0000000
  1 0.00 0.00 0.00 0.0000000 0.0000000 0.0000000
  2 0.71 0.55 0.37 0.5433333 0.5433333 0.5433333
  3 0.89 0.96 0.91 0.9200000 0.9200000 0.9200000
  4 0.95 0.97 0.98 0.9666667 0.9666667 0.9666667
  5 1.00 1.00 1.00 1.0000000 1.0000000 1.0000000
  6 1.00 1.00 1.00 1.0000000 1.0000000 1.0000000
  7 1.00 1.00 1.00 1.0000000 1.0000000 1.0000000
  8 1.00 1.00 1.00 1.0000000 1.0000000 1.0000000

, , unit = D

   year
age 2016 2017 2018      2019      2020      2021
  0 0.00 0.00 0.00 0.0000000 0.0000000 0.0000000
  1 0.00 0.00 0.00 0.0000000 0.0000000 0.0000000
  2 0.71 0.55 0.37 0.5433333 0.5433333 0.5433333
  3 0.89 0.96 0.91 0.9200000 0.9200000 0.9200000
  4 0.95 0.97 0.98 0.9666667 0.9666667 0.9666667
  5 1.00 1.00 1.00 1.0000000 1.0000000 1.0000000
  6 1.00 1.00 1.00 1.0000000 1.0000000 1.0000000
  7 1.00 1.00 1.00 1.0000000 1.0000000 1.0000000
  8 1.00 1.00 1.00 1.0000000 1.0000000 1.0000000



TABLE 2.7.7 NORTH SEA HERRING. FRACTION OF HARVEST BEFORE SPAWNING

Units  :  NA 
, , unit = A

   year
age 2016 2017 2018 2019 2020 2021
  0 0.67 0.67 0.67 0.67 0.67 0.67
  1 0.67 0.67 0.67 0.67 0.67 0.67
  2 0.67 0.67 0.67 0.67 0.67 0.67
  3 0.67 0.67 0.67 0.67 0.67 0.67
  4 0.67 0.67 0.67 0.67 0.67 0.67
  5 0.67 0.67 0.67 0.67 0.67 0.67
  6 0.67 0.67 0.67 0.67 0.67 0.67
  7 0.67 0.67 0.67 0.67 0.67 0.67
  8 0.67 0.67 0.67 0.67 0.67 0.67

, , unit = B

   year
age 2016 2017 2018 2019 2020 2021
  0 0.67 0.67 0.67 0.67 0.67 0.67
  1 0.67 0.67 0.67 0.67 0.67 0.67
  2 0.67 0.67 0.67 0.67 0.67 0.67
  3 0.67 0.67 0.67 0.67 0.67 0.67
  4 0.67 0.67 0.67 0.67 0.67 0.67
  5 0.67 0.67 0.67 0.67 0.67 0.67
  6 0.67 0.67 0.67 0.67 0.67 0.67
  7 0.67 0.67 0.67 0.67 0.67 0.67
  8 0.67 0.67 0.67 0.67 0.67 0.67

, , unit = C

   year
age 2016 2017 2018 2019 2020 2021
  0 0.67 0.67 0.67 0.67 0.67 0.67
  1 0.67 0.67 0.67 0.67 0.67 0.67
  2 0.67 0.67 0.67 0.67 0.67 0.67
  3 0.67 0.67 0.67 0.67 0.67 0.67
  4 0.67 0.67 0.67 0.67 0.67 0.67
  5 0.67 0.67 0.67 0.67 0.67 0.67
  6 0.67 0.67 0.67 0.67 0.67 0.67
  7 0.67 0.67 0.67 0.67 0.67 0.67
  8 0.67 0.67 0.67 0.67 0.67 0.67

, , unit = D

   year
age 2016 2017 2018 2019 2020 2021
  0 0.67 0.67 0.67 0.67 0.67 0.67
  1 0.67 0.67 0.67 0.67 0.67 0.67
  2 0.67 0.67 0.67 0.67 0.67 0.67
  3 0.67 0.67 0.67 0.67 0.67 0.67
  4 0.67 0.67 0.67 0.67 0.67 0.67
  5 0.67 0.67 0.67 0.67 0.67 0.67
  6 0.67 0.67 0.67 0.67 0.67 0.67
  7 0.67 0.67 0.67 0.67 0.67 0.67
  8 0.67 0.67 0.67 0.67 0.67 0.67



TABLE 2.7.8 NORTH SEA HERRING. FRACTION OF NATURAL MORTALITY BEFORE SPAWNING

Units  :  NA 
, , unit = A

   year
age 2016 2017 2018 2019 2020 2021
  0 0.67 0.67 0.67 0.67 0.67 0.67
  1 0.67 0.67 0.67 0.67 0.67 0.67
  2 0.67 0.67 0.67 0.67 0.67 0.67
  3 0.67 0.67 0.67 0.67 0.67 0.67
  4 0.67 0.67 0.67 0.67 0.67 0.67
  5 0.67 0.67 0.67 0.67 0.67 0.67
  6 0.67 0.67 0.67 0.67 0.67 0.67
  7 0.67 0.67 0.67 0.67 0.67 0.67
  8 0.67 0.67 0.67 0.67 0.67 0.67

, , unit = B

   year
age 2016 2017 2018 2019 2020 2021
  0 0.67 0.67 0.67 0.67 0.67 0.67
  1 0.67 0.67 0.67 0.67 0.67 0.67
  2 0.67 0.67 0.67 0.67 0.67 0.67
  3 0.67 0.67 0.67 0.67 0.67 0.67
  4 0.67 0.67 0.67 0.67 0.67 0.67
  5 0.67 0.67 0.67 0.67 0.67 0.67
  6 0.67 0.67 0.67 0.67 0.67 0.67
  7 0.67 0.67 0.67 0.67 0.67 0.67
  8 0.67 0.67 0.67 0.67 0.67 0.67

, , unit = C

   year
age 2016 2017 2018 2019 2020 2021
  0 0.67 0.67 0.67 0.67 0.67 0.67
  1 0.67 0.67 0.67 0.67 0.67 0.67
  2 0.67 0.67 0.67 0.67 0.67 0.67
  3 0.67 0.67 0.67 0.67 0.67 0.67
  4 0.67 0.67 0.67 0.67 0.67 0.67
  5 0.67 0.67 0.67 0.67 0.67 0.67
  6 0.67 0.67 0.67 0.67 0.67 0.67
  7 0.67 0.67 0.67 0.67 0.67 0.67
  8 0.67 0.67 0.67 0.67 0.67 0.67

, , unit = D

   year
age 2016 2017 2018 2019 2020 2021
  0 0.67 0.67 0.67 0.67 0.67 0.67
  1 0.67 0.67 0.67 0.67 0.67 0.67
  2 0.67 0.67 0.67 0.67 0.67 0.67
  3 0.67 0.67 0.67 0.67 0.67 0.67
  4 0.67 0.67 0.67 0.67 0.67 0.67
  5 0.67 0.67 0.67 0.67 0.67 0.67
  6 0.67 0.67 0.67 0.67 0.67 0.67
  7 0.67 0.67 0.67 0.67 0.67 0.67
  8 0.67 0.67 0.67 0.67 0.67 0.67




TABLE 2.7.9 NORTH SEA HERRING. Recruitment in 2020

33943979


TABLE 2.7.10 NORTH SEA HERRING. Recruitment in 2021

33943979


TABLE 2.7.11 NORTH SEA HERRING. FLR, R SOFTWARE VERSIONS

R version 3.5.3 (2019-03-11)

Package  : FLSAM
Version  : 2.1.0
Packaged : 
Built    : R 3.5.2; ; 2019-02-08 08:52:52 UTC; windows

Package  : FLCore
Version  : 2.6.13
Packaged : 2019-04-03 16:07:10 UTC; mosquia
Built    : R 3.5.3; ; 2019-04-03 20:15:59 UTC; windows


