TABLE 7.6.3.1 Irish Sea Herring. CATCH IN NUMBER

Units  :  thousands 
   year
age  1961  1962 1963  1964  1965  1966  1967  1968  1969  1970  1971  1972
  1  4541   381 4837  1508   846   940  4440  1020  1321  5605 12168 40640
  2 11471 12296 9441 18095 27077 15048 40922 30181 42799 31177 66921 46660
  3  2629  7340 2341  4346  8180 15635  5598 13459 16908 33630 31940 26950
  4 12427  1811 2887   710   987  1999  4633  4079 12681 16465 29405 13180
  5   239  5433 2263   532   705   118  1351   816  1321 12611  5070 13750
  6   478   191 2263   710   987   353     0   612  2642  1752  3549  6760
  7  1195   191  546     0   423   118     0     0   528  2102  1014  2660
  8  2151   667  624   177   705     0     0     0     0  1051  1014  1670
   year
age  1973   1974  1975  1976  1977  1978  1979  1980  1981  1982  1983 1984
  1 42150  43250 33330 34740 30280 15540 11770  5840  5050  5100  1305 1168
  2 32740 109550 48240 56160 39040 36950 38270 25760 15790 16030 12162 8424
  3 38240  39750 39410 20780 22690 13410 23490 19510  3200  5670  5598 7237
  4 11490  24510 10840 15220  6750  6780  4250  8520  2790  2150  2820 3841
  5  6920  10650  7870  4580  4520  1740  2200  1980  2300   330   445 2221
  6  5070   4990  4210  2810  1460  1340  1050   910   330  1110   484  380
  7  2590   5150  2090  2420   910   670   400   360   290   140   255  229
  8  2600   1630  1640  1270  1120   350   290   230   240   380    59  479
   year
age  1985  1986  1987  1988  1989  1990 1991  1992  1993  1994  1995  1996
  1  2429  4491  2225  2607  1156  2313 1999 12145   646  1970  3204  5335
  2 10050 15266 12981 21250  6385 12835 9754  6885 14636  7002 21330 17529
  3 17336  7462  6146 13343 12039  5726 6743  6744  3008 12165  3391  9761
  4 13287  8550  2998  7159  4708  9697 2833  6690  3017  1826  5269  1160
  5  7206  4528  4180  4610  1876  3598 5068  3256  2903  2566  1199  3603
  6  2651  3198  2777  5084  1255  1661 1493  5122  1606  2104  1154   780
  7   667  1464  2328  3232  1559  1042  719  1036  2181  1278   926   961
  8   724   877  1671  4213  1956  1615  815   392   848  1991  1452  1364
   year
age  1997  1998  1999 2000  2001 2002 2003 2004  2005  2006  2007  2008 2009
  1  9551  3069  1810 1221  2713  179  694 3225  8692  5669 20290  8939   NA
  2 21387 11879 16929 3743 11473 9021 4694 8833 13980 15253 18291 18974   NA
  3  7562  3875  5936 5873  7151 1894 3345 5405 10555  8198  4980  7487   NA
  4  7341  4450  1566 2065 13050 1866 2559 2161  3287  6318  1655  2696   NA
  5  1641  6674  1477  558  3386 2395  882  623  1422  1325  1062  2082   NA
  6  2281  1030  1989  347   936  953 2945  213   415   605   325  1761   NA
  7   840  2049   444  251   650  474  872  673   292   262   122   328   NA
  8  1432   451   622  147   803  337  605  127   368   246   111   216   NA
   year
age  2010  2011  2012
  1  9588  7454  2491
  2 17627 17598  9664
  3  6679  8984 12247
  4  6201  3982  7944
  5  3200  3671  3061
  6   925  1751  3158
  7   370   690  1591
  8   185   425   652


TABLE 7.6.3.2 Irish Sea Herring. WEIGHTS AT AGE IN THE CATCH

Units  :  kg 
   year
age  1961  1962  1963  1964  1965  1966  1967  1968  1969  1970  1971  1972
  1 0.082 0.067 0.067 0.078 0.065 0.092 0.093 0.091 0.074 0.101 0.108 0.074
  2 0.123 0.125 0.131 0.129 0.132 0.140 0.149 0.153 0.152 0.162 0.158 0.155
  3 0.178 0.152 0.184 0.156 0.176 0.185 0.180 0.196 0.204 0.206 0.189 0.195
  4 0.198 0.177 0.208 0.171 0.192 0.218 0.199 0.231 0.231 0.225 0.214 0.219
  5 0.232 0.199 0.228 0.226 0.210 0.258 0.223 0.246 0.254 0.245 0.225 0.232
  6 0.226 0.214 0.234 0.240 0.230 0.253 0.243 0.269 0.266 0.251 0.266 0.251
  7 0.253 0.275 0.266 0.269 0.272 0.225 0.227 0.234 0.239 0.269 0.241 0.258
  8 0.248 0.251 0.258 0.296 0.265 0.264 0.275 0.264 0.270 0.258 0.241 0.278
   year
age  1973  1974  1975  1976  1977  1978  1979  1980  1981  1982  1983  1984
  1 0.074 0.074 0.074 0.074 0.074 0.074 0.074 0.074 0.074 0.074 0.074 0.076
  2 0.155 0.155 0.155 0.155 0.155 0.155 0.155 0.155 0.155 0.155 0.155 0.142
  3 0.195 0.195 0.195 0.195 0.195 0.195 0.195 0.195 0.195 0.195 0.195 0.187
  4 0.219 0.219 0.219 0.219 0.219 0.219 0.219 0.219 0.219 0.219 0.219 0.213
  5 0.232 0.232 0.232 0.232 0.232 0.232 0.232 0.232 0.232 0.232 0.232 0.221
  6 0.251 0.251 0.251 0.251 0.251 0.251 0.251 0.251 0.251 0.251 0.251 0.243
  7 0.258 0.258 0.258 0.258 0.258 0.258 0.258 0.258 0.258 0.258 0.258 0.240
  8 0.278 0.278 0.278 0.278 0.278 0.278 0.278 0.278 0.278 0.278 0.278 0.273
   year
age  1985  1986  1987  1988  1989  1990  1991  1992  1993  1994  1995  1996
  1 0.087 0.068 0.058 0.070 0.081 0.096 0.073 0.062 0.089 0.070 0.075 0.067
  2 0.125 0.143 0.130 0.124 0.128 0.140 0.123 0.114 0.127 0.123 0.121 0.116
  3 0.157 0.167 0.160 0.160 0.155 0.166 0.155 0.140 0.157 0.153 0.146 0.148
  4 0.186 0.188 0.175 0.170 0.174 0.175 0.171 0.155 0.171 0.170 0.164 0.162
  5 0.202 0.215 0.194 0.180 0.184 0.187 0.181 0.165 0.182 0.180 0.176 0.177
  6 0.209 0.228 0.210 0.198 0.195 0.195 0.190 0.174 0.191 0.189 0.181 0.199
  7 0.222 0.239 0.218 0.212 0.205 0.207 0.198 0.181 0.198 0.202 0.193 0.200
  8 0.258 0.254 0.229 0.232 0.218 0.218 0.217 0.197 0.212 0.212 0.207 0.214
   year
age  1997  1998  1999  2000  2001  2002  2003  2004  2005  2006  2007  2008
  1 0.064 0.080 0.069 0.064 0.067 0.085 0.081 0.073 0.067 0.064 0.067 0.071
  2 0.118 0.123 0.120 0.120 0.106 0.113 0.116 0.107 0.103 0.105 0.112 0.110
  3 0.146 0.148 0.145 0.148 0.139 0.144 0.136 0.130 0.136 0.131 0.135 0.135
  4 0.165 0.163 0.167 0.168 0.156 0.167 0.160 0.157 0.156 0.149 0.158 0.153
  5 0.176 0.181 0.176 0.188 0.168 0.180 0.167 0.165 0.166 0.164 0.173 0.156
  6 0.188 0.177 0.188 0.204 0.185 0.184 0.172 0.187 0.180 0.177 0.183 0.182
  7 0.204 0.188 0.190 0.200 0.198 0.191 0.186 0.200 0.191 0.184 0.199 0.196
  8 0.216 0.222 0.210 0.213 0.205 0.217 0.199 0.205 0.209 0.211 0.227 0.206
   year
age   2009  2010  2011  2012
  1 0.0620 0.053 0.058 0.070
  2 0.1080 0.106 0.106 0.120
  3 0.1330 0.131 0.134 0.138
  4 0.1490 0.145 0.152 0.152
  5 0.1545 0.153 0.159 0.164
  6 0.1730 0.164 0.175 0.174
  7 0.1855 0.175 0.187 0.179
  8 0.1890 0.172 0.196 0.191


TABLE 7.6.3.3 Irish Sea Herring. WEIGHTS AT AGE IN THE STOCK

Units  :  kg 
   year
age  1961  1962  1963  1964  1965  1966  1967  1968  1969  1970  1971  1972
  1 0.082 0.067 0.067 0.078 0.065 0.092 0.093 0.091 0.074 0.101 0.108 0.074
  2 0.123 0.125 0.131 0.129 0.132 0.140 0.149 0.153 0.152 0.162 0.158 0.155
  3 0.178 0.152 0.184 0.156 0.176 0.185 0.180 0.196 0.204 0.206 0.189 0.195
  4 0.198 0.177 0.208 0.171 0.192 0.218 0.199 0.231 0.231 0.225 0.214 0.219
  5 0.232 0.199 0.228 0.226 0.210 0.258 0.223 0.246 0.254 0.245 0.225 0.232
  6 0.226 0.214 0.234 0.240 0.230 0.253 0.243 0.269 0.266 0.251 0.266 0.251
  7 0.253 0.275 0.266 0.269 0.272 0.225 0.227 0.234 0.239 0.269 0.241 0.258
  8 0.248 0.251 0.258 0.296 0.265 0.264 0.275 0.264 0.270 0.258 0.241 0.278
   year
age  1973  1974  1975  1976  1977  1978  1979  1980  1981  1982  1983  1984
  1 0.074 0.074 0.074 0.074 0.074 0.074 0.074 0.074 0.074 0.074 0.074 0.076
  2 0.155 0.155 0.155 0.155 0.155 0.155 0.155 0.155 0.155 0.155 0.155 0.142
  3 0.195 0.195 0.195 0.195 0.195 0.195 0.195 0.195 0.195 0.195 0.195 0.187
  4 0.219 0.219 0.219 0.219 0.219 0.219 0.219 0.219 0.219 0.219 0.219 0.213
  5 0.232 0.232 0.232 0.232 0.232 0.232 0.232 0.232 0.232 0.232 0.232 0.221
  6 0.251 0.251 0.251 0.251 0.251 0.251 0.251 0.251 0.251 0.251 0.251 0.243
  7 0.258 0.258 0.258 0.258 0.258 0.258 0.258 0.258 0.258 0.258 0.258 0.240
  8 0.278 0.278 0.278 0.278 0.278 0.278 0.278 0.278 0.278 0.278 0.278 0.273
   year
age  1985  1986  1987  1988  1989  1990  1991  1992  1993  1994  1995  1996
  1 0.087 0.068 0.058 0.070 0.081 0.077 0.070 0.061 0.088 0.073 0.072 0.067
  2 0.125 0.143 0.130 0.124 0.128 0.135 0.121 0.111 0.126 0.126 0.120 0.115
  3 0.157 0.167 0.160 0.160 0.155 0.163 0.153 0.136 0.157 0.154 0.147 0.148
  4 0.186 0.188 0.175 0.170 0.174 0.175 0.167 0.151 0.171 0.174 0.168 0.162
  5 0.202 0.215 0.194 0.180 0.184 0.188 0.180 0.159 0.183 0.181 0.180 0.177
  6 0.209 0.229 0.210 0.198 0.195 0.196 0.189 0.171 0.191 0.190 0.185 0.195
  7 0.222 0.239 0.218 0.212 0.205 0.207 0.195 0.179 0.198 0.203 0.197 0.199
  8 0.258 0.254 0.229 0.232 0.218 0.217 0.214 0.191 0.214 0.214 0.212 0.212
   year
age  1997  1998  1999  2000  2001  2002  2003  2004  2005  2006  2007  2008
  1 0.063 0.073 0.068 0.063 0.066 0.085 0.081 0.067 0.067 0.064 0.073 0.071
  2 0.119 0.121 0.121 0.120 0.105 0.113 0.116 0.114 0.103 0.105 0.114 0.110
  3 0.148 0.150 0.145 0.149 0.139 0.144 0.136 0.144 0.136 0.131 0.137 0.135
  4 0.167 0.166 0.168 0.171 0.156 0.167 0.160 0.161 0.156 0.149 0.158 0.153
  5 0.178 0.179 0.178 0.188 0.167 0.180 0.167 0.170 0.166 0.164 0.174 0.156
  6 0.189 0.190 0.189 0.204 0.183 0.184 0.172 0.192 0.180 0.177 0.183 0.182
  7 0.206 0.200 0.199 0.205 0.199 0.191 0.186 0.202 0.191 0.184 0.199 0.196
  8 0.214 0.230 0.214 0.215 0.205 0.217 0.199 0.214 0.209 0.211 0.227 0.206
   year
age   2009  2010  2011  2012
  1 0.0660 0.060 0.057 0.059
  2 0.1140 0.118 0.109 0.109
  3 0.1350 0.134 0.136 0.131
  4 0.1500 0.147 0.155 0.149
  5 0.1550 0.153 0.162 0.153
  6 0.1740 0.165 0.177 0.162
  7 0.1860 0.176 0.188 0.168
  8 0.1895 0.173 0.197 0.190


TABLE 7.6.3.4 Irish Sea Herring. NATURAL MORTALITY

Units  :  NA 
   year
age  1961  1962  1963  1964  1965  1966  1967  1968  1969  1970  1971  1972
  1 0.787 0.787 0.787 0.787 0.787 0.787 0.787 0.787 0.787 0.787 0.787 0.787
  2 0.380 0.380 0.380 0.380 0.380 0.380 0.380 0.380 0.380 0.380 0.380 0.380
  3 0.353 0.353 0.353 0.353 0.353 0.353 0.353 0.353 0.353 0.353 0.353 0.353
  4 0.335 0.335 0.335 0.335 0.335 0.335 0.335 0.335 0.335 0.335 0.335 0.335
  5 0.315 0.315 0.315 0.315 0.315 0.315 0.315 0.315 0.315 0.315 0.315 0.315
  6 0.311 0.311 0.311 0.311 0.311 0.311 0.311 0.311 0.311 0.311 0.311 0.311
  7 0.304 0.304 0.304 0.304 0.304 0.304 0.304 0.304 0.304 0.304 0.304 0.304
  8 0.304 0.304 0.304 0.304 0.304 0.304 0.304 0.304 0.304 0.304 0.304 0.304
   year
age  1973  1974  1975  1976  1977  1978  1979  1980  1981  1982  1983  1984
  1 0.787 0.787 0.787 0.787 0.787 0.787 0.787 0.787 0.787 0.787 0.787 0.787
  2 0.380 0.380 0.380 0.380 0.380 0.380 0.380 0.380 0.380 0.380 0.380 0.380
  3 0.353 0.353 0.353 0.353 0.353 0.353 0.353 0.353 0.353 0.353 0.353 0.353
  4 0.335 0.335 0.335 0.335 0.335 0.335 0.335 0.335 0.335 0.335 0.335 0.335
  5 0.315 0.315 0.315 0.315 0.315 0.315 0.315 0.315 0.315 0.315 0.315 0.315
  6 0.311 0.311 0.311 0.311 0.311 0.311 0.311 0.311 0.311 0.311 0.311 0.311
  7 0.304 0.304 0.304 0.304 0.304 0.304 0.304 0.304 0.304 0.304 0.304 0.304
  8 0.304 0.304 0.304 0.304 0.304 0.304 0.304 0.304 0.304 0.304 0.304 0.304
   year
age  1985  1986  1987  1988  1989  1990  1991  1992  1993  1994  1995  1996
  1 0.787 0.787 0.787 0.787 0.787 0.787 0.787 0.787 0.787 0.787 0.787 0.787
  2 0.380 0.380 0.380 0.380 0.380 0.380 0.380 0.380 0.380 0.380 0.380 0.380
  3 0.353 0.353 0.353 0.353 0.353 0.353 0.353 0.353 0.353 0.353 0.353 0.353
  4 0.335 0.335 0.335 0.335 0.335 0.335 0.335 0.335 0.335 0.335 0.335 0.335
  5 0.315 0.315 0.315 0.315 0.315 0.315 0.315 0.315 0.315 0.315 0.315 0.315
  6 0.311 0.311 0.311 0.311 0.311 0.311 0.311 0.311 0.311 0.311 0.311 0.311
  7 0.304 0.304 0.304 0.304 0.304 0.304 0.304 0.304 0.304 0.304 0.304 0.304
  8 0.304 0.304 0.304 0.304 0.304 0.304 0.304 0.304 0.304 0.304 0.304 0.304
   year
age  1997  1998  1999  2000  2001  2002  2003  2004  2005  2006  2007  2008
  1 0.787 0.787 0.787 0.787 0.787 0.787 0.787 0.787 0.787 0.787 0.787 0.787
  2 0.380 0.380 0.380 0.380 0.380 0.380 0.380 0.380 0.380 0.380 0.380 0.380
  3 0.353 0.353 0.353 0.353 0.353 0.353 0.353 0.353 0.353 0.353 0.353 0.353
  4 0.335 0.335 0.335 0.335 0.335 0.335 0.335 0.335 0.335 0.335 0.335 0.335
  5 0.315 0.315 0.315 0.315 0.315 0.315 0.315 0.315 0.315 0.315 0.315 0.315
  6 0.311 0.311 0.311 0.311 0.311 0.311 0.311 0.311 0.311 0.311 0.311 0.311
  7 0.304 0.304 0.304 0.304 0.304 0.304 0.304 0.304 0.304 0.304 0.304 0.304
  8 0.304 0.304 0.304 0.304 0.304 0.304 0.304 0.304 0.304 0.304 0.304 0.304
   year
age  2009  2010  2011  2012
  1 0.787 0.787 0.787 0.787
  2 0.380 0.380 0.380 0.380
  3 0.353 0.353 0.353 0.353
  4 0.335 0.335 0.335 0.335
  5 0.315 0.315 0.315 0.315
  6 0.311 0.311 0.311 0.311
  7 0.304 0.304 0.304 0.304
  8 0.304 0.304 0.304 0.304


TABLE 7.6.3.5 Irish Sea Herring. PROPORTION MATURE

Units  :  NA 
   year
age 1961 1962 1963 1964 1965 1966 1967 1968 1969 1970 1971 1972 1973 1974 1975
  1 0.00 0.00 0.00 0.00 0.00 0.00 0.02 0.00 0.00 0.02 0.15 0.11 0.12 0.36 0.40
  2 0.22 0.24 0.34 0.53 0.61 0.47 0.37 0.88 0.71 0.92 0.87 0.88 0.77 0.99 0.99
  3 0.63 0.83 0.88 0.81 0.90 0.91 0.75 0.94 0.92 0.94 0.97 0.90 0.89 0.96 1.00
  4 1.00 0.92 0.89 1.00 1.00 1.00 0.83 0.94 0.94 0.96 0.98 1.00 0.97 1.00 0.94
  5 1.00 1.00 1.00 1.00 1.00 1.00 1.00 1.00 1.00 1.00 1.00 1.00 1.00 1.00 1.00
  6 1.00 1.00 1.00 1.00 1.00 1.00 1.00 1.00 1.00 1.00 1.00 1.00 1.00 1.00 1.00
  7 1.00 1.00 1.00 1.00 1.00 1.00 1.00 1.00 1.00 1.00 1.00 1.00 1.00 1.00 1.00
  8 1.00 1.00 1.00 1.00 1.00 1.00 1.00 1.00 1.00 1.00 1.00 1.00 1.00 1.00 1.00
   year
age 1976 1977 1978 1979 1980 1981 1982 1983 1984 1985 1986 1987 1988 1989 1990
  1 0.07 0.03 0.04 0.00 0.20 0.19 0.10 0.02 0.00 0.14 0.31 0.00 0.00 0.07 0.06
  2 0.96 0.92 0.81 0.84 0.88 0.89 0.80 0.73 0.69 0.62 0.73 0.85 0.90 0.63 0.66
  3 0.98 0.96 0.88 0.81 0.95 0.90 0.89 0.88 0.83 0.71 0.66 0.91 0.96 0.93 0.90
  4 1.00 1.00 0.91 0.78 0.95 0.94 0.91 0.90 0.93 0.88 0.81 0.87 0.99 0.95 0.95
  5 1.00 1.00 1.00 1.00 1.00 1.00 1.00 1.00 1.00 1.00 1.00 1.00 1.00 1.00 1.00
  6 1.00 1.00 1.00 1.00 1.00 1.00 1.00 1.00 1.00 1.00 1.00 1.00 1.00 1.00 1.00
  7 1.00 1.00 1.00 1.00 1.00 1.00 1.00 1.00 1.00 1.00 1.00 1.00 1.00 1.00 1.00
  8 1.00 1.00 1.00 1.00 1.00 1.00 1.00 1.00 1.00 1.00 1.00 1.00 1.00 1.00 1.00
   year
age 1991 1992 1993 1994 1995 1996 1997 1998 1999 2000 2001 2002 2003  2004 2005
  1 0.04 0.28 0.00 0.19 0.10 0.02 0.04 0.30 0.02 0.14 0.15 0.02 0.11 0.114 0.20
  2 0.30 0.48 0.46 0.68 0.86 0.60 0.82 0.83 0.84 0.79 0.54 0.92 0.76 1.000 0.97
  3 0.74 0.72 0.99 0.99 0.94 0.96 0.95 0.97 0.95 0.99 0.88 0.95 0.95 0.970 0.99
  4 0.82 0.81 1.00 0.97 0.99 0.83 1.00 0.99 0.97 1.00 0.97 0.98 0.97 1.000 1.00
  5 1.00 1.00 1.00 1.00 1.00 1.00 1.00 1.00 1.00 1.00 1.00 1.00 1.00 1.000 1.00
  6 1.00 1.00 1.00 1.00 1.00 1.00 1.00 1.00 1.00 1.00 1.00 1.00 1.00 1.000 1.00
  7 1.00 1.00 1.00 1.00 1.00 1.00 1.00 1.00 1.00 1.00 1.00 1.00 1.00 1.000 1.00
  8 1.00 1.00 1.00 1.00 1.00 1.00 1.00 1.00 1.00 1.00 1.00 1.00 1.00 1.000 1.00
   year
age 2006 2007 2008 2009 2010 2011 2012
  1 0.19 0.16 0.16 0.13 0.11 0.08 0.10
  2 0.89 0.94 0.84 0.82 0.92 0.90 0.84
  3 1.00 0.98 1.00 0.97 1.00 1.00 1.00
  4 1.00 1.00 1.00 0.98 0.98 1.00 1.00
  5 1.00 1.00 1.00 1.00 0.97 1.00 1.00
  6 1.00 1.00 1.00 1.00 1.00 1.00 1.00
  7 1.00 1.00 1.00 1.00 1.00 1.00 1.00
  8 1.00 1.00 1.00 1.00 1.00 1.00 1.00


TABLE 7.6.3.6 Irish Sea Herring. FRACTION OF HARVEST BEFORE SPAWNING

Units  :  NA 
   year
age 1961 1962 1963 1964 1965 1966 1967 1968 1969 1970 1971 1972 1973 1974 1975
  1  0.9  0.9  0.9  0.9  0.9  0.9  0.9  0.9  0.9  0.9  0.9  0.9  0.9  0.9  0.9
  2  0.9  0.9  0.9  0.9  0.9  0.9  0.9  0.9  0.9  0.9  0.9  0.9  0.9  0.9  0.9
  3  0.9  0.9  0.9  0.9  0.9  0.9  0.9  0.9  0.9  0.9  0.9  0.9  0.9  0.9  0.9
  4  0.9  0.9  0.9  0.9  0.9  0.9  0.9  0.9  0.9  0.9  0.9  0.9  0.9  0.9  0.9
  5  0.9  0.9  0.9  0.9  0.9  0.9  0.9  0.9  0.9  0.9  0.9  0.9  0.9  0.9  0.9
  6  0.9  0.9  0.9  0.9  0.9  0.9  0.9  0.9  0.9  0.9  0.9  0.9  0.9  0.9  0.9
  7  0.9  0.9  0.9  0.9  0.9  0.9  0.9  0.9  0.9  0.9  0.9  0.9  0.9  0.9  0.9
  8  0.9  0.9  0.9  0.9  0.9  0.9  0.9  0.9  0.9  0.9  0.9  0.9  0.9  0.9  0.9
   year
age 1976 1977 1978 1979 1980 1981 1982 1983 1984 1985 1986 1987 1988 1989 1990
  1  0.9  0.9  0.9  0.9  0.9  0.9  0.9  0.9  0.9  0.9  0.9  0.9  0.9  0.9  0.9
  2  0.9  0.9  0.9  0.9  0.9  0.9  0.9  0.9  0.9  0.9  0.9  0.9  0.9  0.9  0.9
  3  0.9  0.9  0.9  0.9  0.9  0.9  0.9  0.9  0.9  0.9  0.9  0.9  0.9  0.9  0.9
  4  0.9  0.9  0.9  0.9  0.9  0.9  0.9  0.9  0.9  0.9  0.9  0.9  0.9  0.9  0.9
  5  0.9  0.9  0.9  0.9  0.9  0.9  0.9  0.9  0.9  0.9  0.9  0.9  0.9  0.9  0.9
  6  0.9  0.9  0.9  0.9  0.9  0.9  0.9  0.9  0.9  0.9  0.9  0.9  0.9  0.9  0.9
  7  0.9  0.9  0.9  0.9  0.9  0.9  0.9  0.9  0.9  0.9  0.9  0.9  0.9  0.9  0.9
  8  0.9  0.9  0.9  0.9  0.9  0.9  0.9  0.9  0.9  0.9  0.9  0.9  0.9  0.9  0.9
   year
age 1991 1992 1993 1994 1995 1996 1997 1998 1999 2000 2001 2002 2003 2004 2005
  1  0.9  0.9  0.9  0.9  0.9  0.9  0.9  0.9  0.9  0.9  0.9  0.9  0.9  0.9  0.9
  2  0.9  0.9  0.9  0.9  0.9  0.9  0.9  0.9  0.9  0.9  0.9  0.9  0.9  0.9  0.9
  3  0.9  0.9  0.9  0.9  0.9  0.9  0.9  0.9  0.9  0.9  0.9  0.9  0.9  0.9  0.9
  4  0.9  0.9  0.9  0.9  0.9  0.9  0.9  0.9  0.9  0.9  0.9  0.9  0.9  0.9  0.9
  5  0.9  0.9  0.9  0.9  0.9  0.9  0.9  0.9  0.9  0.9  0.9  0.9  0.9  0.9  0.9
  6  0.9  0.9  0.9  0.9  0.9  0.9  0.9  0.9  0.9  0.9  0.9  0.9  0.9  0.9  0.9
  7  0.9  0.9  0.9  0.9  0.9  0.9  0.9  0.9  0.9  0.9  0.9  0.9  0.9  0.9  0.9
  8  0.9  0.9  0.9  0.9  0.9  0.9  0.9  0.9  0.9  0.9  0.9  0.9  0.9  0.9  0.9
   year
age 2006 2007 2008 2009 2010 2011 2012
  1  0.9  0.9  0.9  0.9  0.9  0.9  0.9
  2  0.9  0.9  0.9  0.9  0.9  0.9  0.9
  3  0.9  0.9  0.9  0.9  0.9  0.9  0.9
  4  0.9  0.9  0.9  0.9  0.9  0.9  0.9
  5  0.9  0.9  0.9  0.9  0.9  0.9  0.9
  6  0.9  0.9  0.9  0.9  0.9  0.9  0.9
  7  0.9  0.9  0.9  0.9  0.9  0.9  0.9
  8  0.9  0.9  0.9  0.9  0.9  0.9  0.9


TABLE 7.6.3.7 Irish Sea Herring. FRACTION OF NATURAL MORTALITY BEFORE SPAWNING

Units  :  NA 
   year
age 1961 1962 1963 1964 1965 1966 1967 1968 1969 1970 1971 1972 1973 1974 1975
  1 0.75 0.75 0.75 0.75 0.75 0.75 0.75 0.75 0.75 0.75 0.75 0.75 0.75 0.75 0.75
  2 0.75 0.75 0.75 0.75 0.75 0.75 0.75 0.75 0.75 0.75 0.75 0.75 0.75 0.75 0.75
  3 0.75 0.75 0.75 0.75 0.75 0.75 0.75 0.75 0.75 0.75 0.75 0.75 0.75 0.75 0.75
  4 0.75 0.75 0.75 0.75 0.75 0.75 0.75 0.75 0.75 0.75 0.75 0.75 0.75 0.75 0.75
  5 0.75 0.75 0.75 0.75 0.75 0.75 0.75 0.75 0.75 0.75 0.75 0.75 0.75 0.75 0.75
  6 0.75 0.75 0.75 0.75 0.75 0.75 0.75 0.75 0.75 0.75 0.75 0.75 0.75 0.75 0.75
  7 0.75 0.75 0.75 0.75 0.75 0.75 0.75 0.75 0.75 0.75 0.75 0.75 0.75 0.75 0.75
  8 0.75 0.75 0.75 0.75 0.75 0.75 0.75 0.75 0.75 0.75 0.75 0.75 0.75 0.75 0.75
   year
age 1976 1977 1978 1979 1980 1981 1982 1983 1984 1985 1986 1987 1988 1989 1990
  1 0.75 0.75 0.75 0.75 0.75 0.75 0.75 0.75 0.75 0.75 0.75 0.75 0.75 0.75 0.75
  2 0.75 0.75 0.75 0.75 0.75 0.75 0.75 0.75 0.75 0.75 0.75 0.75 0.75 0.75 0.75
  3 0.75 0.75 0.75 0.75 0.75 0.75 0.75 0.75 0.75 0.75 0.75 0.75 0.75 0.75 0.75
  4 0.75 0.75 0.75 0.75 0.75 0.75 0.75 0.75 0.75 0.75 0.75 0.75 0.75 0.75 0.75
  5 0.75 0.75 0.75 0.75 0.75 0.75 0.75 0.75 0.75 0.75 0.75 0.75 0.75 0.75 0.75
  6 0.75 0.75 0.75 0.75 0.75 0.75 0.75 0.75 0.75 0.75 0.75 0.75 0.75 0.75 0.75
  7 0.75 0.75 0.75 0.75 0.75 0.75 0.75 0.75 0.75 0.75 0.75 0.75 0.75 0.75 0.75
  8 0.75 0.75 0.75 0.75 0.75 0.75 0.75 0.75 0.75 0.75 0.75 0.75 0.75 0.75 0.75
   year
age 1991 1992 1993 1994 1995 1996 1997 1998 1999 2000 2001 2002 2003 2004 2005
  1 0.75 0.75 0.75 0.75 0.75 0.75 0.75 0.75 0.75 0.75 0.75 0.75 0.75 0.75 0.75
  2 0.75 0.75 0.75 0.75 0.75 0.75 0.75 0.75 0.75 0.75 0.75 0.75 0.75 0.75 0.75
  3 0.75 0.75 0.75 0.75 0.75 0.75 0.75 0.75 0.75 0.75 0.75 0.75 0.75 0.75 0.75
  4 0.75 0.75 0.75 0.75 0.75 0.75 0.75 0.75 0.75 0.75 0.75 0.75 0.75 0.75 0.75
  5 0.75 0.75 0.75 0.75 0.75 0.75 0.75 0.75 0.75 0.75 0.75 0.75 0.75 0.75 0.75
  6 0.75 0.75 0.75 0.75 0.75 0.75 0.75 0.75 0.75 0.75 0.75 0.75 0.75 0.75 0.75
  7 0.75 0.75 0.75 0.75 0.75 0.75 0.75 0.75 0.75 0.75 0.75 0.75 0.75 0.75 0.75
  8 0.75 0.75 0.75 0.75 0.75 0.75 0.75 0.75 0.75 0.75 0.75 0.75 0.75 0.75 0.75
   year
age 2006 2007 2008 2009 2010 2011 2012
  1 0.75 0.75 0.75 0.75 0.75 0.75 0.75
  2 0.75 0.75 0.75 0.75 0.75 0.75 0.75
  3 0.75 0.75 0.75 0.75 0.75 0.75 0.75
  4 0.75 0.75 0.75 0.75 0.75 0.75 0.75
  5 0.75 0.75 0.75 0.75 0.75 0.75 0.75
  6 0.75 0.75 0.75 0.75 0.75 0.75 0.75
  7 0.75 0.75 0.75 0.75 0.75 0.75 0.75
  8 0.75 0.75 0.75 0.75 0.75 0.75 0.75


TABLE 7.6.3.8 Irish Sea Herring. SURVEY INDICES

AC(VIIaN) - Configuration

Irish Sea herring (Division VIIa) (run name: ICAMDC20) . Imported from VPA file.
      min       max plusgroup   minyear   maxyear    startf      endf 
      1.0       8.0       8.0    1994.0    2012.0       0.7       0.8 
Index type : number

AC(VIIaN) - Index Values

Units  :  NA 
   year
age  1994   1995  1996   1997   1998   1999   2000   2001   2002   2003   2004
  1 66830 319116 11340 134146 110438 157756  78524 387559 390982 349216 241014
  2 68290  82256 42372  49977  27312  77722 103439  93402  71935 220014 115529
  3 73529  11935 67473  14812   8083  34017 105291  10194  31701  31984  29593
  4 11860  29246  8954  10985   9266   5108  27543  17489  24804   4735  15398
  5  9299   4574 26469   1751   6479  10260   8072   7704  31277   3921   2067
  6  7550   3500  4171   4553   1778  13521   5432   1372  14830   4089   2299
  7  3867   4887  5911    571   2254   1586   4899    626   2756    977    238
  8 10118   6894  5815   1910    780   6289   2359   2263   4461    906    240
   year
age   2005   2006    2007   2008   2009   2010    2011   2012
  1  94330 374731 1316673 475675 371230 580602 1927032 369094
  2 109938  96623  251276 452364 182643 561245  330180 191900
  3  97111  15625   46570 114210 177813 117699   43855 160980
  4  17023   9982   21101  39076  92741 120777   14978  51363
  5   8029    530   20818  26370  32490  34325   21896  21643
  6    810    369    1200  17063  15071  16759    6308  19285
  7    607    478     718   4254  13940   4336    2715  12105
  8   5804    469     556    599   6871   6453    1959   3128

NINEL - Configuration

FLT04: Combined larvae (Catch: Unknown) (Effort: Unknown)
      min       max plusgroup   minyear   maxyear    startf      endf 
       NA        NA        NA      1993      2012        NA        NA 
Index type : biomass

NINEL - Index Values

Units  :  NA 
     year
age   1993 1994 1995 1996 1997 1998 1999 2000 2001 2002 2003 2004 2005 2006
  all 38.3 71.2 15.1  4.7 29.1  5.8 16.7 35.5 55.3 31.5 15.8 22.7 26.4 43.8
     year
age   2007 2008 2009 2010 2011  2012
  all 12.6 16.8 16.9 20.4 13.8 112.2


TABLE 7.6.3.9 Irish Sea Herring. STOCK OBJECT CONFIGURATION

      min       max plusgroup   minyear   maxyear   minfbar   maxfbar 
        1         8         8      1961      2012         4         6 


TABLE 7.6.3.10 Irish Sea Herring. FLSAM CONFIGURATION SETTINGS

name           : 
desc           : 
range          :       min       max plusgroup   minyear   maxyear   minfbar   maxfbar 
range          :         1         8         8      1961      2012         4         6 
fleets         :     catch AC(VIIaN)     NINEL 
fleets         :         0         2         3 
plus.group     : TRUE
states         :            age
states         : fleet        1  2  3  4  5  6  7  8
states         :   catch      1  2  3  4  5  6  7  7
states         :   AC(VIIaN) NA NA NA NA NA NA NA NA
states         :   NINEL     NA NA NA NA NA NA NA NA
logN.vars      : 1 2 2 2 2 2 2 2
catchabilities :            age
catchabilities : fleet        1  2  3  4  5  6  7  8
catchabilities :   catch     NA NA NA NA NA NA NA NA
catchabilities :   AC(VIIaN)  1  2  3  4  4  4  4  4
catchabilities :   NINEL     NA NA NA NA NA NA NA NA
power.law.exps :            age
power.law.exps : fleet        1  2  3  4  5  6  7  8
power.law.exps :   catch     NA NA NA NA NA NA NA NA
power.law.exps :   AC(VIIaN) NA NA NA NA NA NA NA NA
power.law.exps :   NINEL     NA NA NA NA NA NA NA NA
f.vars         :            age
f.vars         : fleet        1  2  3  4  5  6  7  8
f.vars         :   catch      1  1  1  1  1  1  1  1
f.vars         :   AC(VIIaN) NA NA NA NA NA NA NA NA
f.vars         :   NINEL     NA NA NA NA NA NA NA NA
obs.vars       :            age
obs.vars       : fleet        1  2  3  4  5  6  7  8
obs.vars       :   catch      1  2  3  3  4  4  4  4
obs.vars       :   AC(VIIaN)  5  6  6  7  7  8  8  8
obs.vars       :   NINEL     NA NA NA NA NA NA NA NA
srr            : 0
cor.F          : FALSE
nohess         : FALSE
timeout        : 3600
sam.binary     : 


TABLE 7.6.3.11 Irish Sea Herring. FLR, R SOFTWARE VERSIONS

R version 2.13.1 (2011-07-08)

Package  : FLSAM
Version  : 0.99-99
Packaged : 
Built    : R 2.13.2; ; 2013-03-17 22:10:20 UTC; windows

Package  : FLAssess
Version  : 2.4
Packaged : 
Built    : R 2.13.2; i386-pc-mingw32; 2011-10-05 12:21:47 UTC; windows

Package  : FLCore
Version  : 2.4
Packaged : 
Built    : R 2.13.2; i386-pc-mingw32; 2011-10-05 12:21:01 UTC; windows


TABLE 7.6.3.12 Irish Sea Herring. STOCK SUMMARY

Year Recruitment   TSB   SSB       Fbar Landings Landings
           Age 1             (Ages 4-6)               SOP
                                      f   tonnes         
1961       81146 14222  7968     0.3118     5710   1.0002
1962       85648 10875  5955     0.3000     4343   0.9995
1963      127644 11450  5201     0.3138     3947   0.9992
1964      169566 14368  5193     0.2919     3593   1.0004
1965      184057 16867  7688     0.3065     5923   1.0021
1966      269952 25938  9113     0.2739     5666   1.0003
1967      331042 36231 10855     0.2795     8721   1.0023
1968      385001 46634 25203     0.2795     8660   0.9995
1969      386930 53546 31396     0.3169    14141   1.0004
1970      441529 66832 40746     0.3749    20622   0.9997
1971      447754 68649 43702     0.4074    26807   0.9994
1972      431490 56848 38717     0.4551    27350   0.8928
1973      467428 52371 32090     0.4859    22600   0.9927
1974      374745 47728 38096     0.5824    38640   1.0043
1975      332036 36242 28396     0.6334    24500   0.9747
1976      278452 29236 18942     0.6728    21250   1.0073
1977      261712 24360 13971     0.6476    15410   1.0484
1978      217510 22264 12219     0.6021    11080   1.0819
1979      172992 19765 10997     0.5642    12338   1.0757
1980      166875 17044 11040     0.5106    10613   1.0308
1981      178260 17436 10852     0.4115     4377   1.0999
1982      184795 20791 12231     0.3255     4855   1.0166
1983      174556 24330 14374     0.2743     3933   1.0165
1984      163244 26702 16309     0.2660     4066   1.0392
1985      176840 27496 16100     0.3097     9187   0.9802
1986      189852 26806 18059     0.3148     7440   1.0238
1987      194853 23726 15948     0.3230     5823   0.9632
1988      148449 24464 17780     0.3676    10172   0.9505
1989      143344 22361 14272     0.3433     4949   0.9966
1990      126500 21400 13901     0.3424     6312   0.9872
1991      110857 17796  9537     0.3230     4398   0.9994
1992      129703 14585  8998     0.3401     5270   0.9890
1993      100208 16514  8918     0.3350     4409   0.9869
1994      119491 14625  9966     0.3478     4828   0.9757
1995      113210 13846  9233     0.3545     5076   1.0007
1996      101722 12180  7272     0.3747     5301   0.9999
1997      104820 10945  7036     0.4295     6651   0.9996
1998      109864 10722  7214     0.4656     4905   0.9951
1999       84965 10884  7065     0.4236     4127   1.0001
2000       86336 10434  7417     0.3787     2002   0.9993
2001       93526  9862  5773     0.4474     5461   1.0004
2002       95511 10500  5896     0.4435     2393   0.9984
2003      121662 11060  5540     0.4719     2399   1.0010
2004      142629 12445  7823     0.4209     2531   0.9979
2005      168721 14311  9309     0.4218     4387   1.0062
2006      218819 16337  9783     0.3793     4402   1.0005
2007      265136 22760 13603     0.2860     4629   1.0012
2008      249946 26108 16779     0.2739     4895   1.0008
2009      270222 27817 18014     0.2581     4594   0.0000
2010      284361 29318 20319     0.2433     4894   0.9989
2011      258074 29757 21536     0.2418     5202   1.0014
2012      241832 29628 21544     0.2527     5693   0.9999


TABLE 7.6.3.13 Irish Sea Herring. ESTIMATED FISHING MORTALITY

Units  :  f 
   year
age       1961       1962       1963       1964       1965       1966
  1 0.02174438 0.01927204 0.01870995 0.01651312 0.01495514 0.01448705
  2 0.44331708 0.52348861 0.48460556 0.44557486 0.40002029 0.34965791
  3 0.31307891 0.38792238 0.40299948 0.46526879 0.43820870 0.39194647
  4 0.33561185 0.31073961 0.32781692 0.27759280 0.29399280 0.28083162
  5 0.24019601 0.27337795 0.28670542 0.23997993 0.22295173 0.17920946
  6 0.35965861 0.31584617 0.32680226 0.35804378 0.40260474 0.36171452
  7 0.69066526 0.60045955 0.62743826 0.47642260 0.38298862 0.32481483
  8 0.69066526 0.60045955 0.62743826 0.47642260 0.38298862 0.32481483
   year
age       1967       1968       1969       1970       1971      1972       1973
  1 0.01547081 0.01619585 0.01934348 0.02604056 0.03627233 0.0501970 0.06285027
  2 0.33641828 0.29147530 0.27898424 0.28739434 0.35243115 0.3443144 0.37293915
  3 0.30458655 0.27494066 0.29156276 0.33608203 0.40353986 0.4447024 0.52576023
  4 0.30218979 0.32719466 0.35615117 0.41198844 0.44636869 0.4433304 0.46875736
  5 0.19349570 0.18407721 0.23135545 0.31742935 0.34767053 0.4202019 0.47257917
  6 0.34273422 0.32732556 0.36305534 0.39539896 0.42812931 0.5018570 0.51641736
  7 0.34514178 0.37319284 0.41475388 0.52651787 0.55166186 0.6519679 0.76834994
  8 0.34514178 0.37319284 0.41475388 0.52651787 0.55166186 0.6519679 0.76834994
   year
age       1974       1975      1976       1977      1978       1979       1980
  1 0.07493756 0.08201116 0.0852472 0.08145537 0.0733436 0.06401742 0.05284459
  2 0.52855945 0.56763311 0.6038799 0.60384967 0.5430575 0.58501371 0.55159014
  3 0.64759486 0.69044428 0.7116138 0.71902439 0.6976484 0.64705110 0.60354782
  4 0.60795768 0.65024894 0.7088226 0.67801220 0.6481715 0.61550021 0.55094516
  5 0.55535929 0.63207956 0.6476272 0.63197844 0.5500369 0.52345720 0.48930953
  6 0.58385653 0.61796096 0.6618145 0.63279422 0.6082252 0.55364034 0.49168353
  7 0.83609754 0.83545399 0.8481736 0.79561490 0.6395631 0.51634507 0.43410450
  8 0.83609754 0.83545399 0.8481736 0.79561490 0.6395631 0.51634507 0.43410450
   year
age       1981       1982       1983      1984       1985       1986       1987
  1 0.04345628 0.03591501 0.02947243 0.0264685 0.02574023 0.02561185 0.02483503
  2 0.36972714 0.27310471 0.20217937 0.1691617 0.19363119 0.22020420 0.21099940
  3 0.36323691 0.26965821 0.22038043 0.2172080 0.26392244 0.26289515 0.25120147
  4 0.45455789 0.35144572 0.26577638 0.2503488 0.30897343 0.30083300 0.28207000
  5 0.35583078 0.25007360 0.22809342 0.2492996 0.29147530 0.30143526 0.32010699
  6 0.42413648 0.37487224 0.32893339 0.2982868 0.32870322 0.34208364 0.36688751
  7 0.37598351 0.33692329 0.25256163 0.3083869 0.40341479 0.46161688 0.52334729
  8 0.37598351 0.33692329 0.25256163 0.3083869 0.40341479 0.46161688 0.52334729
   year
age       1988       1989       1990       1991       1992       1993      1994
  1 0.02516755 0.02529623 0.02731553 0.02956098 0.03201662 0.03083515 0.0325851
  2 0.21634087 0.19229974 0.21998410 0.23330702 0.25095039 0.27634644 0.3243928
  3 0.27560131 0.24994860 0.24470546 0.24341195 0.26654825 0.27299549 0.3132668
  4 0.32184024 0.28897936 0.27912376 0.26100910 0.28845967 0.27365147 0.2771490
  5 0.35911953 0.33500829 0.33581328 0.32049135 0.33712550 0.34372959 0.3648752
  6 0.42182700 0.40603334 0.41225631 0.38763930 0.39479841 0.38763930 0.4014750
  7 0.62836127 0.59605043 0.57996936 0.51061469 0.44000464 0.44332595 0.4832361
  8 0.62836127 0.59605043 0.57996936 0.51061469 0.44000464 0.44332595 0.4832361
   year
age       1995       1996       1997       1998       1999       2000
  1 0.03569302 0.03862715 0.03910519 0.03536615 0.03194946 0.02864432
  2 0.40857083 0.49747499 0.56597238 0.42760304 0.33888312 0.25890347
  3 0.33736158 0.35409147 0.38935257 0.37770191 0.33834134 0.29293633
  4 0.28820017 0.29858519 0.37901102 0.41651200 0.36853485 0.35632929
  5 0.37544248 0.40291889 0.45609234 0.49279599 0.42875055 0.36996014
  6 0.40000029 0.42265882 0.45326878 0.48762920 0.47340217 0.40978608
  7 0.51055342 0.59878062 0.73698333 0.67297305 0.55110496 0.41433104
  8 0.51055342 0.59878062 0.73698333 0.67297305 0.55110496 0.41433104
   year
age       2001       2002       2003       2004       2005      2006      2007
  1 0.02640505 0.02334669 0.02490218 0.02938708 0.03429691 0.0371534 0.0402639
  2 0.32206561 0.28038265 0.21127388 0.21934707 0.26780398 0.2724500 0.2419317
  3 0.35081369 0.28007440 0.29039884 0.32090826 0.32403621 0.3101498 0.2393807
  4 0.46723637 0.45240386 0.48232361 0.42862194 0.41776341 0.3472189 0.2369515
  5 0.41806431 0.39907736 0.41764228 0.41041354 0.41854118 0.3727676 0.2820700
  6 0.45703285 0.47898787 0.51580835 0.42355157 0.42923531 0.4179431 0.3391204
  7 0.55673829 0.60245036 0.75803934 0.60688862 0.54831244 0.4804366 0.3529602
  8 0.55673829 0.60245036 0.75803934 0.60688862 0.54831244 0.4804366 0.3529602
   year
age       2008      2009       2010       2011       2012
  1 0.04014329 0.0388130 0.03757561 0.03568589 0.03328994
  2 0.21205704 0.2009297 0.18383806 0.16257758 0.14016990
  3 0.20597510 0.1965576 0.18894487 0.18757059 0.18676577
  4 0.21491772 0.2125028 0.21140068 0.21912783 0.23591116
  5 0.27667825 0.2623699 0.24942425 0.24299850 0.24800658
  6 0.32995467 0.2994823 0.26895801 0.26334245 0.27414448
  7 0.32595368 0.2768720 0.23459375 0.25869643 0.27712129
  8 0.32595368 0.2768720 0.23459375 0.25869643 0.27712129


TABLE 7.6.3.14 Irish Sea Herring. ESTIMATED POPULATION ABUNDANCE

Units  :  NA 
   year
age      1961      1962        1963        1964       1965        1966
  1 81145.572 85647.901 127643.9466 169566.4221 184056.858 269952.1500
  2 42701.956 32208.961  31824.7638  58104.5934  89054.160  69633.4267
  3 14971.445 20449.220  10773.0185  11926.2842  25463.466  44846.4629
  4 46258.476  8664.591   9408.7934   4705.5597   4397.977  11228.3825
  5  1756.538 22674.586   5332.6309   4185.9962   2739.964   1935.2659
  6  1368.951  1086.373  11638.8044   2903.0001   2272.873   1557.9093
  7  2474.268   652.297    671.4234   5996.9123   1501.170    951.6526
  8  4163.453  2300.082   1211.9671    694.0195   2980.660   2291.1290
   year
age        1967        1968       1969       1970       1971       1972
  1 331041.8230 385000.5339 386930.357 441529.449 447754.334 431490.166
  2 146532.1299 152055.3685 208355.284 170586.879 217075.392 203007.865
  3  31382.3214  77419.9672  83700.481 129702.676  95606.874  99210.586
  4  21031.9923  16809.5087  48050.124  48678.854  75962.874  45478.729
  5   6356.2890  11062.3198   8907.955  27667.120  23860.986  36717.178
  6   1198.4688   3686.3792   7888.017   5545.821  14361.410  13291.766
  7    803.2773    632.7656   2060.286   4453.297   2864.932   7041.666
  8   1768.6998   1388.9454   1077.609   1758.647   2839.264   2717.045
   year
age       1973       1974       1975       1976       1977       1978
  1 467427.717 374744.598 332036.440 278451.729 261712.015 217509.977
  2 161619.486 237518.311 140224.502 139944.333 102436.667 114806.112
  3 106510.622  79618.360  92318.515  50463.218  50919.437  33894.228
  4  44891.332  47382.110  28001.126  31445.149  16627.280  16871.819
  5  21778.968  22381.724  17444.854  10306.190  10246.587   5895.237
  6  17569.153  10403.525   9820.232   6244.773   3816.542   3610.133
  7   5785.442   8044.147   4231.027   4000.601   2145.869   1464.399
  8   4034.348   3324.917   3558.520   2480.958   2001.596   1221.580
   year
age       1979        1980        1981        1982        1983       1984
  1 172991.891 166874.9486 178260.2785 184794.5599 174555.8453 163243.789
  2  92874.091  62692.6817  67171.2092  79459.2825  86163.3334  82289.599
  3  51225.872  33322.8958  18943.1942  31824.7638  42150.4230  54393.503
  4  10913.982  20088.4439  10022.6218   8621.3762  18077.0779  26876.296
  5   6186.347   3919.8160   8256.0373   3762.7299   4078.1552  11736.982
  6   2558.816   2618.8747   1474.2431   4133.9969   2141.5818   2504.138
  7   1330.221   1083.6606   1141.5018    638.6777   2044.2781   1151.246
  8    973.989    946.2436    945.2033   1037.4282    734.4339   1799.745
   year
age       1985       1986       1987       1988       1989       1990
  1 176839.885 189851.981 194852.862 148449.483 143343.625 126500.305
  2  68665.351  80097.506  85647.901 109425.584  55547.845  70969.111
  3  60536.393  36938.144  40457.204  49961.101  67104.072  31602.768
  4  38292.143  35171.803  18797.892  22426.532  24909.387  41689.309
  5  19262.202  20720.939  19242.949  10831.350  10291.772  13209.612
  6   7917.256  11837.172  11606.261  10767.633   5228.083   5120.974
  7   1582.878   4575.631   6819.899   6277.958   4883.415   2532.089
  8   1844.752   1915.243   3446.795   5312.937   4617.922   3812.346
   year
age       1991       1992       1993       1994       1995       1996
  1 110857.403 129702.676 100207.669 119491.438 113210.025 101722.114
  2  56443.759  40014.613  70827.314  34752.264  66105.022  49761.656
  3  40700.677  30976.992  18445.948  44311.521  14704.370  36206.719
  4  17655.454  24514.008  16218.373   9358.123  23813.311   6962.543
  5  24391.744  10831.350  12904.095   8900.832   4951.768  13373.093
  6   6658.836  14437.727   5989.121   6696.900   4517.888   2572.414
  7   2310.456   3376.855   7534.140   3183.065   3232.787   2364.921
  8   2466.363   1930.241   2612.597   5284.324   4055.381   3362.029
   year
age       1997       1998       1999      2000      2001      2002        2003
  1 104820.013 109864.163 84965.4515 86335.833 93526.491 95511.315 121661.7583
  2  44311.521  42616.637 61697.5808 30576.897 38101.160 39854.875  39143.9048
  3  22203.384  14489.797 21598.9504 36901.224 16720.654 14647.135  18204.0614
  4  20490.159  11205.948  6706.9528 11342.364 23956.621  7406.402   6907.0644
  5   4009.412  10855.205  5108.1879  3537.587  6542.012 10644.515   3023.5896
  6   6768.265   2069.992  4850.3202  2274.692  2055.964  3146.355   5037.1715
  7   1259.160   3338.911   966.4214  1989.821  1165.727  1045.238   1334.3506
  8   2356.894   1197.510  1710.7720  1021.983  1605.676  1175.090    899.3749
   year
age        2004        2005        2006        2007        2008       2009
  1 142628.6959 168720.7061 218818.9599 265136.4823 249945.9566 270222.237
  2  59337.6921  61882.9515  69772.8329  99608.2230 124492.4064  97148.887
  3  21095.1830  38522.5861  29027.5309  33090.4500  54230.5673  71825.870
  4   8691.4929   9922.8951  19535.7227  13733.5909  18295.3096  32048.319
  5   2694.3169   3871.8976   3964.7576   9510.9591   8535.5920  10798.905
  6   1304.7934   1275.8910   1612.7563   1962.1577   5698.1680   4677.879
  7   1921.7663    638.6139    611.6132    711.4463   1174.6200   2932.469
  8    619.9259   1072.9853    691.6638    559.5316    695.6175   1059.656
   year
age       2010       2011       2012
  1 284361.046 258073.576 241832.351
  2 122027.292 135266.204 101823.887
  3  49711.919  63640.160  83700.481
  4  40700.677  25848.297  39183.068
  5  18184.048  22606.664  15137.040
  6   5818.513  10135.506  13405.227
  7   2385.824   3180.202   6146.266
  8   1946.718   2360.668   3093.010


TABLE 7.6.3.15 Irish Sea Herring. PREDICTED CATCH NUMBERS AT AGE

Units  :  NA 
   year
age       1961       1962       1963       1964       1965       1966
  1  1210.1505  1133.4485  1639.6859  1925.0361 24745.5264 17283.1964
  2 12903.5791 11097.1101 10328.6824 17629.5191  7706.3504 12389.1950
  3  3422.2380  5602.8462  3046.3213  3789.3887   959.7569  2354.3030
  4 11314.3827  1983.6225  2255.0784   976.6907   472.4585   273.6445
  5   323.7462  4686.7282  1148.8308   770.9704   654.1129   410.2103
  6   358.7013   254.9303  2812.1090   757.8383   415.8481   229.4488
  7  1082.6424   257.7629   274.1019   229.5406   825.6822  3522.7950
  8  1821.7266   908.9136   494.7339  1892.4925  2690.9781 35182.3565
   year
age       1967       1968       1969      1970      1971      1972      1973
  1  7003.2528   891.9589  7867.6917 11072.059 14664.428 19797.085 18813.877
  2  4700.4334  5136.2062 35767.6810 54263.115 49746.729 42348.996 82495.580
  3   964.0952 42565.5279 31486.0541 27067.797 30412.227 37275.815 32594.538
  4  4287.5896 17995.1940 14133.0316 23538.673 14015.372 14458.388 18642.701
  5 32292.8138 12354.5538  6509.1880  6065.183 10928.398  7122.898  8299.910
  6 15803.3939  1587.8084  1572.5440  4346.082  4566.124  6171.764  4013.745
  7  4022.1425  2083.2407  1592.7861  1062.054  2956.111  2726.898  4012.702
  8  1603.2210   609.4519   629.0244  1052.528  1140.657  1901.446  1658.668
   year
age      1974      1975       1976       1977       1978       1979       1980
  1 18195.326 15833.924 14245.6945 10696.8010  7458.7267  5969.2108  5260.4929
  2 51420.901 53766.184 39351.9182 40708.8177 34846.2219 22487.1654 17465.6260
  3 39588.739 22105.904 22451.2147 14633.9580 20948.0324 12948.4323  4913.1964
  4 11583.651 13832.968  7087.3728  6961.5679  4335.4037  7341.3645  3150.1331
  5  7126.746  4285.875  4185.7032  2170.1900  2192.1542  1317.8014  2140.3401
  6  3952.288  2642.419  1563.0745  1436.0765   948.3466   885.3473   442.7521
  7  2109.487  2014.568  1035.6350   606.2606   468.6471   332.6830   311.3912
  8  1774.191  1249.277   965.9673   505.7032   343.1371   290.4932   257.8660
   year
age       1981       1982       1983       1984       1985      1986      1987
  1  4524.2179  3515.7213  2955.4612  3115.7650  3330.3078  3312.704  2558.919
  2 15937.9765 13212.1217 10715.4296 10121.0228 13260.4341 13641.338 17839.672
  3  6387.8945  7068.0507  9000.7213 11927.3576  7250.4586  7625.933 10223.252
  4  2192.1761  3611.6500  5095.5353  8724.3217  7826.1815  3956.796  5291.251
  5   718.8265   717.7203  2236.0809  4209.7140  4662.1873  4559.645  2829.740
  6  1121.5198   520.3023   559.3358  1922.4391  2973.6636  3092.577  3219.528
  7   158.8738   395.9627   265.5014   457.7073  1475.8952  2427.944  2565.580
  8   258.0698   142.2520   415.0546   533.4632   617.7229  1227.015  2171.297
   year
age      1988       1989      1990      1991       1992      1993      1994
  1  2483.813  2364.6611 2238.5419 2835.7451  2111.0485  2656.620  2753.423
  2  8137.270 11743.9090 9842.9427 7448.8132 14345.6207  8088.107 18676.102
  3 12595.313  5821.5976 7463.4272 6155.9846  3742.8401 10133.885  3582.980
  4  5352.880  8698.0140 3471.7359 5264.0712  3324.5846  1939.664  5107.320
  5  2535.282  3260.7744 5787.7564 2682.5416  3248.7968  2356.706  1342.716
  6  1515.166  1502.7169 1857.5060 4088.9357  1670.6867  1922.977  1293.375
  7  1919.193   974.9732  806.9163 1048.0641  2352.6085  1064.712  1129.014
  8  1814.872  1467.9468  861.4009  599.0709   815.7843  1767.498  1416.296
   year
age       1995       1996       1997       1998      1999      2000      2001
  1  2675.7366  2790.0645  2650.0665  1852.4604 1690.1626 1689.9429 1527.3661
  2 16488.5256 16221.1301 12498.7010 14906.7588 5850.3689 8819.1432 8180.5118
  3  9195.4125  6104.1857  3883.1036  5275.8232 7966.0975 4211.3140 3039.3228
  4  1539.8496  5550.5372  3281.4150  1774.7237 2917.6098 7698.4940 2319.0665
  5  3844.5045  1274.7304  3669.7910  1544.9858  947.4745 1938.4811 3036.2546
  6   770.4309  2144.8824   695.2281  1591.3532  664.2244  655.8617 1041.9195
  7   932.6220   576.6757  1434.1534   357.9954  588.1371  435.1671  414.0596
  8  1325.8380  1079.4533   514.3788   633.7028  302.0825  599.3885  465.5176
   year
age      2002      2003       2004       2005       2006       2007       2008
  1 2075.0697 2863.7579  3946.3643  5536.8997  7263.5212  6826.8592  7279.4457
  2 6242.7745 9791.6964 12203.0354 13962.4938 17944.3396 19917.2207 17139.1397
  3 3898.3552 4925.2485  9064.9445  6579.5393  5975.4220  8557.6423  7250.2411
  4 2276.0118 2605.2919  2912.9454  4916.8335  2478.1064  3024.4665  6630.7288
  5  895.1757  786.4192  1148.3599  1068.6164  2020.0550  1782.6031  3465.6310
  6 1767.7627  391.4235   386.9517   478.6023   489.2336  1388.1678  1187.4459
  7  623.1330  765.4853   235.6388   203.6311   184.0689   284.0783   432.7369
  8  419.9938  246.9263   395.9429   230.2878   144.7662   168.2364   353.0960
   year
age       2010      2011       2012
  1  6276.3256  5493.221  1210.1505
  2 16965.0394 11123.108 12903.5791
  3  9216.8628 12080.526  3422.2380
  4  4348.9512  7041.032 11314.3827
  5  4209.5877  2870.610   323.7462
  6  2030.4445  2782.235   358.7013
  7   629.1691  1291.823  1082.6424
  8   467.0424   650.122  1821.7266


TABLE 7.6.3.16 Irish Sea Herring. CATCH AT AGE RESIDUALS

Units  :  NA 
   year
age      1961      1962      1963      1964       1965      1966       1967
  1  1.524520 -1.256850  1.247130 -0.281472  0.3693770 -0.567929 -0.7194780
  2 -0.482610  0.420707 -0.368543  0.106885  0.1916050  0.747473 -0.0464252
  3 -0.847089  0.867561 -0.845994  0.440254  0.0898994 -0.525554  0.7997230
  4  0.301305 -0.292461  0.793580 -1.024440  0.9486770 -1.993680 -1.6553800
  5 -0.719350  0.350224  1.606870 -0.879365  0.9750720 -0.356005 -0.2773040
  6  0.680540 -0.684311 -0.514919 -0.154542  0.0404236 -1.576170 -0.5158210
  7  0.234035 -0.710499  1.633360 -0.616094 -0.3745210  0.266763  0.0450788
  8  0.393803 -0.733477  0.550191 -0.928184 -1.2125300  0.619843 -1.6007400
   year
age       1968      1969       1970      1971       1972       1973       1974
  1 -0.8928370 -0.390932  0.1088110  1.175120  0.8712040  0.9596260  0.6978110
  2 -1.5654700 -0.563170  0.8598020 -0.262763 -1.0554400  1.1632700 -0.2619720
  3  0.0225051  0.211682  0.5317620 -0.388382  0.0819359  0.6375510 -0.0144855
  4 -0.2001990  0.490596  0.7148420 -0.197429 -0.7381890  0.8790090 -0.2131420
  5  0.0837643  1.567550 -0.4248100  0.544375 -0.0685065  0.5909330  0.2351410
  6 -0.4360370  0.256130 -0.4802320  0.929982 -0.4660920  0.5160270  0.1497230
  7  0.5631880  0.657517 -0.1097370 -0.250182 -0.1220820  0.5914390 -0.0219910
  8 -0.3400380  1.216690 -0.0884004  0.903578  0.7416270 -0.0413196 -0.1864030
   year
age       1975       1976       1977        1978       1979       1980
  1  0.9058270  0.8692740  0.4305550  0.52589300 -0.0252306 -0.0470723
  2  0.1784340 -0.0327734 -0.3972470  0.38441400  0.5570890 -0.4136280
  3 -0.1985490  0.0339985 -0.2805890  0.36792900  1.3169100 -1.3773900
  4  0.3069490 -0.1566650 -0.0849019 -0.06391620  0.4782900 -0.3899980
  5  0.1573290  0.1821100 -0.5236600  0.00845766  0.9649970  0.1705130
  6  0.1457420 -0.1616830 -0.1641280  0.24134200  0.0650967 -0.6966440
  7  0.4345970 -0.3065390  0.2369360 -0.37539700  0.1870440 -0.1686750
  8  0.0390049  0.3506790 -0.8722740 -0.39879300 -0.5534350 -0.1701870
   year
age       1981      1982       1983       1984       1985       1986     1987
  1  0.1381050 -1.142510 -1.0702500 -0.2870500  0.3447060 -0.4588430 0.021466
  2  0.0236114 -0.339620 -0.9866850 -0.0288899  0.5775980 -0.2034850 0.717386
  3 -0.3829610 -0.749043 -0.7006280  1.2012800  0.0923746 -0.6930820 0.855551
  4 -0.0623908 -0.794818 -0.9079270  1.3513400  0.2841480 -0.8914010 0.971170
  5 -1.8452700 -1.132980 -0.0160402  1.2740400 -0.0692161 -0.2060580 1.156760
  6 -0.0244664 -0.171417 -0.9162650  0.7616610  0.1723960 -0.2551130 1.082870
  7 -0.2997600 -1.043020 -0.3505550  0.8925240 -0.0191856 -0.0996294 0.547332
  8  0.9171290 -2.085940  0.3396270  0.7238710  0.8306760  0.7320140 1.571090
   year
age      1988       1989       1990       1991       1992      1993       1994
  1 -0.881730 -0.0254679 -0.1304770  1.6769400 -1.3651200 -0.344723  0.1747210
  2 -0.994507  0.3643330 -0.0372296 -0.3227930  0.0821627 -0.591355  0.5449100
  3 -0.145113 -0.0531859 -0.3261040  0.2930690 -0.7021430  0.586838 -0.1768910
  4 -0.412386  0.3492560 -0.6531300  0.7700270 -0.3118730 -0.193981  0.1001190
  5 -0.713818  0.2332710 -0.3147630  0.4591840 -0.2667330  0.201658 -0.2683270
  6 -0.446528  0.2373590 -0.5177670  0.5339200 -0.0935899  0.213226 -0.2702550
  7 -0.492675  0.1575970 -0.2734140 -0.0274423 -0.1795320  0.432780 -0.4698420
  8  0.177509  0.2262840 -0.1312500 -1.0052500  0.0918051  0.282224  0.0590176
   year
age       1995     1996        1997       1998      1999     2000      2001
  1  0.7955270 1.418670  0.16919800 -0.0267269 -0.374853 0.545706 -2.471580
  2  0.2509480 1.133780 -0.20853400  0.5216930 -1.831580 1.078850  0.401089
  3  0.1917530 0.687971 -0.00670601  0.3787380 -0.979224 1.700880 -1.519280
  4 -0.9099440 0.898117  0.97858300 -0.4019410 -1.110320 1.695370 -0.698282
  5 -0.1537830 0.598649  1.41759000 -0.1066700 -1.254890 1.321960 -0.562311
  6  0.0292667 0.145832  0.93167500  0.5286700 -1.538970 0.842994 -0.211442
  7  0.0710354 0.891487  0.84563800  0.5103270 -2.018260 0.951040  0.320446
  8  0.0672505 0.669871 -0.31167700 -0.0441924 -1.707190 0.693147 -0.765734
   year
age       2002      2003      2004      2005       2006      2007      2008
  1 -1.2626800  0.136950  0.910287 0.0271809  1.1842600  0.310758  0.317563
  2 -1.1693600 -0.422561  0.557495 0.3625500  0.0784845 -0.198975  0.115100
  3 -0.4917930  0.298591  0.488890 0.7064790 -0.5853760 -0.429370 -0.263624
  4  0.3764640 -0.600621  0.388095 0.8054730 -1.2968200 -0.369318 -0.215247
  5 -0.0351409 -0.552121  0.506594 0.5097120 -1.5239700  0.367989 -0.189002
  6  1.2097400 -1.442270  0.165858 0.5554890 -0.9694630  0.563864 -0.591999
  7  0.7964580 -0.305197  0.508306 0.5973650 -0.9748310  0.340749 -0.371234
  8  0.8650940 -1.575970 -0.173474 0.1564430 -0.6295130  0.592338 -1.532060
   year
age       2010        2011      2012
  1  0.1982480 -0.91170100  1.524520
  2  0.1502410 -0.57666100 -0.482610
  3 -0.0821878  0.04397930 -0.847089
  4 -0.2831600  0.38761900  0.301305
  5 -0.3244920  0.15220400 -0.719350
  6 -0.3509620  0.30026600  0.680540
  7  0.2187600  0.49373100  0.234035
  8 -0.2235730  0.00684417  0.393803



TABLE 7.6.3.18 Irish Sea Herring. PREDICTED INDEX AT AGE NINEL

Units  :  NA 
     year
age       1993     1994     1995     1996     1997   1998     1999   2000
  all 20.06025 22.41925 20.76959 16.36492 15.83132 16.229 15.89302 16.688
     year
age       2001     2002     2003     2004     2005     2006     2007     2008
  all 12.99052 13.26687 12.46369 17.60143 20.94291 22.00721 30.60275 37.74489
     year
age       2009     2010     2011     2012
  all 40.51855 45.70419 48.43584 48.46103


TABLE 7.6.3.19 Irish Sea Herring. INDEX AT AGE RESIDUALS NINEL

Units  :  NA 
     year
age       1993   1994      1995     1996     1997     1998      1999     2000
  all 0.767383 1.3712 -0.378282 -1.48037 0.722344 -1.22094 0.0587716 0.895694
     year
age      2001    2002     2003     2004    2005     2006     2007      2008
  all 1.71885 1.02608 0.281454 0.301854 0.27477 0.816695 -1.05299 -0.960519
     year
age       2009      2010     2011     2012
  all -1.03762 -0.957174 -1.48987 0.996173


TABLE 7.6.3.20 Irish Sea Herring. PREDICTED INDEX AT AGE AC(VIIaN)

Units  :  NA 
   year
age       1994       1995       1996       1997       1998       1999
  1 190956.322 180502.517 161943.049 166758.177 175343.117 135821.934
  2  64828.461 115774.545  81601.261  69009.538  73585.259 113868.551
  3  59148.115  19277.039  46896.579  28001.126  18429.354  28293.857
  4  12957.629  32702.277   9486.927  26286.217  13976.743   8671.439
  5  11714.703   6465.916  17105.238   4928.057  12979.676   6408.369
  6   8601.140   5808.978   3251.852   8361.641   2492.222   5902.493
  7   3865.321   3846.081   2633.397   1264.030   3516.671   1115.290
  8   6416.705   4824.730   3743.701   2366.057   1261.302   1974.242
   year
age       2000       2001       2002        2003        2004        2005
  1 138371.863 150196.543 153675.728 195633.8346 228456.2489 269358.9081
  2  59940.040  71246.431  76895.297  79514.9235 119826.4830 120547.6031
  3  50031.095  21700.053  20044.699  24718.3213  27998.3260  50980.5772
  4  14799.520  28770.332   8992.534   8200.0866  10742.7888  12365.4306
  5   4638.007   8273.559  13655.396   3824.9857   3427.1353   4894.9043
  6   2903.232   2532.773   3812.842   5937.5389   1648.1851   1604.9694
  7   2544.400   1339.578   1160.655   1318.5527   2126.9621    738.5066
  8   1306.870   1845.102   1304.885    888.7091    686.1114   1240.9097
   year
age        2006        2007        2008       2009       2010       2011
  1 348571.9695 421510.5138 397360.8147 430025.591 453023.826 411514.691
  2 135387.9987 197758.1305 252685.2697 198809.031 252938.081 284873.357
  3  38824.2372  46676.6818  78464.3766 104610.583  72831.221  93302.296
  4  25667.9908  19597.9451  26542.4336  46588.080  59219.135  37387.810
  5   5187.0997  13319.5745  12001.6570  15348.147  26095.026  32594.538
  6   2045.8733   2640.6754   7721.6241   6485.732   8253.478  14438.016
  7    744.2225    952.5475   1604.9373   4156.838   3490.883   4570.144
  8    841.6380    749.1656    950.4637   1502.146   2848.421   3392.492
   year
age       2012
  1 386389.034
  2 218098.048
  3 122847.619
  4  55943.638
  5  21746.541
  6  18942.058
  7   8710.897
  8   4383.839


TABLE 7.6.3.21 Irish Sea Herring. INDEX AT AGE RESIDUALS AC(VIIaN)

Units  :  NA 
   year
age         1994      1995      1996      1997      1998      1999      2000
  1 -1.115660000  0.605470 -2.825320 -0.231270 -0.491251  0.159051 -0.601996
  2  0.095342000 -0.626566 -1.201360 -0.591537 -1.816880 -0.700015  1.000220
  3  0.398943000 -0.878847  0.666933 -1.167400 -1.510790  0.337686  1.363910
  4 -0.126363000 -0.159434 -0.082527 -1.245510 -0.586783 -0.755496  0.886721
  5 -0.329677000 -0.494147  0.623249 -1.477160 -0.991888  0.671873  0.791028
  6 -0.158652000 -0.616642  0.302970 -0.739837 -0.410997  1.008820  0.762493
  7  0.000528209  0.291520  0.984083 -0.967192 -0.541377  0.428545  0.797371
  8  0.554282000  0.434381  0.535977 -0.260610 -0.584953  1.410160  0.718827
   year
age      2001      2002       2003       2004      2005       2006        2007
  1  1.007240  0.992265  0.6156780  0.0568092 -1.114890  0.0769273  1.21036000
  2  0.496275 -0.122182  1.8656900 -0.0670016 -0.168963 -0.6183040  0.43896100
  3 -1.384920  0.840252  0.4723350  0.1015140  1.181230 -1.6684500 -0.00412459
  4 -0.710547  1.448400 -0.7839590  0.5139230  0.456329 -1.3482300  0.10548300
  5 -0.101817  1.183070  0.0353959 -0.7217970  0.706444 -3.2563000  0.63751900
  6 -0.746143  1.653170 -0.4539780  0.4050460 -0.832284 -2.0846400 -0.95995100
  7 -0.925920  1.052550 -0.3648960 -2.6656800 -0.238672 -0.5388460 -0.34403600
  8  0.248474  1.496130  0.0234478 -1.2784400  1.877630 -0.7117010 -0.36292500
   year
age      2008      2009     2010      2011        2012
  1  0.191190 -0.156200 0.263648  1.640560 -0.04864480
  2  1.067490 -0.155545 1.461060  0.270495 -0.23449400
  3  0.688219  0.972370 0.879866 -1.383930  0.49557900
  4  0.552120  0.982831 1.017360 -1.305880 -0.12199100
  5  1.123730  1.070560 0.391292 -0.567994 -0.00681449
  6  0.965026  1.026220 0.862076 -1.007820  0.02183880
  7  1.186410  1.472700 0.263865 -0.633806  0.40048100
  8 -0.561928  1.850510 0.995324 -0.668344 -0.41080500



TABLE 7.6.3.23 Irish Sea Herring. FIT PARAMETERS

           name     value  std.dev
1       logFpar  1.083800 0.234650
2       logFpar  1.152200 0.152710
3       logFpar  0.788490 0.154220
4       logFpar  0.784590 0.141630
5  logSdLogFsta -1.350800 0.163110
6     logSdLogN -1.397700 0.211960
7     logSdLogN -1.564100 0.177100
8   logSdLogObs -0.142230 0.140420
9   logSdLogObs -1.411200 0.249660
10  logSdLogObs -1.167000 0.150270
11  logSdLogObs -0.862980 0.095256
12  logSdLogObs -0.060723 0.169680
13  logSdLogObs -0.606000 0.133010
14  logSdLogObs -0.355950 0.126580
15  logSdLogObs -0.196480 0.104970
16  logScaleSSB -6.096900 0.206310
17     logSdSSB -0.170890 0.162260


TABLE 7.6.3.24 Irish Sea Herring. NEGATIVE LOG-LIKELIHOOD

603.622


