TABLE 5.6.1 Herring in VIa (combined) and VIIbc. CATCH IN NUMBER

Units  :  thousands 
   year
age  1957   1958   1959   1960  1961  1962  1963  1964   1965   1966   1967
  1  6496  15695  54063   3940 14473 55278 11890 26609 299701 211675 207947
  2 80817  33616  74615 115501 50809 99167 82849 87652  23351 517616  28648
  3 66094 152801  38547  65703 72914 27189 57688 74309  72085  45317 273723
  4 26882  43895 124307  25388 38321 76706 13310 29583  67768  70793  49755
  5 38989  28108  27898  50558 24455 49002 42796  8857  24525  38471  48320
  6 21547  32025  18942  12196 14296 22707 28698 27075   7001  22691  36143
  7  9643  19986  18833  11096  5791 27787 10171 21347  28806  12656  15226
  8  1658  10795   8158   6770  5370  7614 14585 10109  21475  20790  10397
  9  4817   8887   9364   4856  2887  8435  7885 17655  23515  33175  33967
   year
age   1968   1969   1970   1971   1972   1973   1974   1975   1976   1977  1978
  1 220870  39160 238361 208594 535964  57593 312390 180239  85666  39321 32695
  2 105348 107189 134128 341260 650282 276017 154350 243395 348615  92251 86604
  3  26031  84565 279726 419854 195671 855656 192141 114183 139060 109230 47666
  4 243304  27604 125140 313064  60396 148347 563757  92893  62046  39293 54000
  5  19679 264558  31636 110783  77859  70503 100323 211920  50512  22292 17564
  6  28436  25795 182580  29495  35773  67025  58565  41304  91289  22135  9189
  7  17699  45908  24591 194977  14585  27433  45530  18206  16126  26526  6370
  8   7275  27932  28740  19104 102945   8475  32742  22499   7510   4118  9916
  9  14389  29258  25993  34159  20936  83203  51591  45727  27717   5636  4868
   year
age  1979  1980   1981   1982   1983   1984   1985   1986   1987   1988   1989
  1  6166  5548  38360  14052  83440   5001  50400  34686  31612   1708   8457
  2 50213 40337 100226 268146 121498 270259  83988 182073 110114 148511  43682
  3 19238 65041 147394  89183 142277  78488 215754 113890 125676  88035 188343
  4 19988 25191  92801 121764  54578  52855  29970 185243  73529  69429  45072
  5  9362 22139  34285  76732  74317  22138  26452  33480 149341  43142  39590
  6  8430  7757  25369  31701  45638  24202  14269  25988  23655  74247  22597
  7  5447  6954  15044  15605  21404  15274  16092   8274  19946  10198  39929
  8  4424  4345   4044  17063  11766   6435  10910   6849   9590   4704   5835
  9  4090  5334   6546   6902  12735   5979   4357   4098  16170   4324   6541
   year
age   1990   1991   1992   1993  1994   1995   1996   1997   1998   1999  2000
  1  15172  27071   7845  17910 13437    550   6728   8651  16529  10027  4702
  2  65844  57450  39988 115850 92710 116647  62278 112139 146944  86506 43523
  3  60279  53039  67454  41376 71418  65812 100206  60912 115183 155239 44491
  4 226257  40632  50572  52945 22884  39889  40347  70399  70231  59979 93387
  5  50882 137961  34382  36648 29205  24509  17350  37701  53037  23456 38884
  6  33469  31454 107176  28348 21745  20286  17815  23477  23510  13416 22549
  7  26192  22446  14886  86451 19112  14554  12858  18682  13923   5131 71163
  8  29640  18203  12520  12382 43887  16556  20921   8631   6259   2343  9507
  9   6652  12116  11797   9753 20299  24002  37580  14147   6269   2038  6589
   year
age   2001   2002   2003  2004   2005  2006  2007  2008  2009  2010  2011  2012
  1  11856   1276   4832  7458   7620   730   207   483  2126 11345  1788  6122
  2 139474  72953  57756 63565  82410 28727 58903 20163 24083 33847 54795 27797
  3  46549 129389 116173 49429 103849 45886 61713 32700 22553 36458 25098 63034
  4  26447  27631  84985 68164  58928 44226 29954 33911 28683 16499 19448 13746
  5  46947  37247  17305 62977  40403 63024 28003 14330 20906 22196 10576  9873
  6  23189  44097  19659 10129  18921 36862 36040 11678 10928 13102  8851  6865
  7  15411  14789  20976 16451   6297 23391 23342 17570  9555  6885  6035  4415
  8  36471  10133  21651 12442   4629  3874 13816  8887 12647  6050  3591  1233
  9  11122  15638   7880  8530   4373  5458  4374  9236  9461 13388  7321  4035
   year
age  2013  2014
  1    61    34
  2 16799  9171
  3 22714 23970
  4 65355 27799
  5 13347 54375
  6  8885  9537
  7  5524  3989
  8  4607  3291
  9  5234  3175


TABLE 5.6.2 Herring in VIa (combined) and VIIbc. WEIGHTS AT AGE IN THE CATCH

Units  :  kg 
   year
age  1957  1958  1959  1960  1961  1962  1963  1964  1965  1966  1967  1968
  1 0.079 0.079 0.080 0.086 0.085 0.079 0.080 0.079 0.079 0.079 0.079 0.079
  2 0.108 0.109 0.107 0.112 0.111 0.107 0.108 0.108 0.109 0.105 0.105 0.106
  3 0.139 0.134 0.134 0.138 0.142 0.140 0.137 0.136 0.136 0.139 0.137 0.135
  4 0.161 0.167 0.161 0.168 0.169 0.165 0.170 0.169 0.164 0.163 0.166 0.165
  5 0.176 0.176 0.171 0.168 0.172 0.171 0.171 0.187 0.170 0.215 0.172 0.173
  6 0.178 0.185 0.176 0.176 0.185 0.180 0.182 0.185 0.188 0.178 0.179 0.176
  7 0.188 0.195 0.187 0.189 0.189 0.191 0.201 0.198 0.194 0.209 0.192 0.184
  8 0.199 0.193 0.190 0.192 0.195 0.199 0.192 0.202 0.191 0.191 0.208 0.188
  9 0.194 0.209 0.191 0.192 0.198 0.199 0.220 0.207 0.197 0.195 0.198 0.195
   year
age  1969  1970  1971  1972  1973  1974  1975  1976  1977  1978  1979  1980
  1 0.080 0.079 0.079 0.079 0.092 0.090 0.091 0.094 0.092 0.096 0.109 0.100
  2 0.108 0.111 0.104 0.105 0.122 0.123 0.122 0.122 0.125 0.125 0.129 0.129
  3 0.136 0.133 0.131 0.134 0.158 0.159 0.160 0.160 0.159 0.162 0.165 0.165
  4 0.164 0.161 0.159 0.161 0.177 0.176 0.180 0.182 0.182 0.179 0.191 0.191
  5 0.174 0.170 0.168 0.170 0.188 0.190 0.189 0.198 0.199 0.200 0.209 0.209
  6 0.181 0.181 0.177 0.185 0.209 0.208 0.210 0.209 0.213 0.215 0.222 0.222
  7 0.184 0.186 0.191 0.195 0.222 0.221 0.222 0.222 0.221 0.227 0.231 0.231
  8 0.187 0.186 0.189 0.208 0.227 0.228 0.229 0.230 0.228 0.229 0.237 0.237
  9 0.192 0.189 0.189 0.197 0.234 0.234 0.236 0.234 0.237 0.236 0.241 0.241
   year
age  1981  1982  1983  1984  1985  1986  1987  1988  1989  1990  1991  1992
  1 0.091 0.082 0.080 0.095 0.071 0.113 0.078 0.080 0.081 0.080 0.084 0.092
  2 0.123 0.139 0.136 0.140 0.106 0.144 0.127 0.109 0.140 0.132 0.128 0.128
  3 0.160 0.173 0.172 0.177 0.142 0.171 0.162 0.144 0.143 0.165 0.152 0.160
  4 0.180 0.202 0.199 0.207 0.171 0.195 0.187 0.163 0.175 0.167 0.189 0.175
  5 0.195 0.226 0.222 0.229 0.188 0.214 0.191 0.183 0.181 0.193 0.179 0.204
  6 0.214 0.245 0.241 0.245 0.203 0.228 0.209 0.180 0.193 0.203 0.204 0.186
  7 0.221 0.260 0.258 0.259 0.212 0.240 0.218 0.201 0.201 0.207 0.211 0.207
  8 0.233 0.275 0.271 0.272 0.224 0.217 0.229 0.201 0.196 0.229 0.227 0.215
  9 0.238 0.273 0.277 0.263 0.231 0.274 0.233 0.216 0.224 0.242 0.245 0.236
   year
age  1993  1994  1995  1996  1997  1998  1999  2000  2001  2002  2003  2004
  1 0.089 0.081 0.093 0.084 0.092 0.096 0.083 0.084 0.086 0.104 0.102 0.085
  2 0.130 0.141 0.141 0.134 0.135 0.137 0.138 0.133 0.133 0.137 0.140 0.142
  3 0.155 0.166 0.170 0.174 0.168 0.149 0.153 0.159 0.147 0.156 0.154 0.161
  4 0.176 0.180 0.183 0.188 0.192 0.177 0.168 0.178 0.173 0.161 0.168 0.179
  5 0.190 0.191 0.186 0.212 0.214 0.194 0.189 0.189 0.188 0.167 0.184 0.208
  6 0.207 0.192 0.201 0.212 0.221 0.209 0.203 0.196 0.191 0.185 0.197 0.204
  7 0.202 0.220 0.202 0.235 0.218 0.218 0.216 0.206 0.214 0.193 0.203 0.210
  8 0.242 0.212 0.216 0.239 0.235 0.217 0.220 0.218 0.222 0.222 0.200 0.197
  9 0.246 0.243 0.241 0.282 0.256 0.207 0.224 0.208 0.218 0.231 0.240 0.294
   year
age  2005  2006  2007  2008  2009  2010  2011  2012  2013  2014
  1 0.105 0.103 0.116 0.111 0.109 0.084 0.064 0.087 0.083 0.105
  2 0.135 0.142 0.157 0.157 0.159 0.145 0.146 0.141 0.140 0.145
  3 0.153 0.146 0.157 0.172 0.191 0.177 0.171 0.187 0.168 0.169
  4 0.170 0.169 0.174 0.176 0.219 0.203 0.197 0.204 0.192 0.191
  5 0.183 0.194 0.195 0.188 0.218 0.223 0.221 0.216 0.199 0.215
  6 0.208 0.213 0.216 0.216 0.231 0.225 0.223 0.227 0.209 0.227
  7 0.205 0.240 0.215 0.244 0.249 0.230 0.233 0.239 0.228 0.241
  8 0.242 0.253 0.261 0.277 0.252 0.238 0.239 0.278 0.234 0.251
  9 0.281 0.273 0.301 0.286 0.273 0.255 0.252 0.247 0.247 0.278


TABLE 5.6.3 Herring in VIa (combined) and VIIbc. WEIGHTS AT AGE IN THE STOCK

Units  :  kg 
   year
age  1957  1958  1959  1960  1961  1962  1963  1964  1965  1966  1967  1968
  1 0.090 0.090 0.090 0.090 0.090 0.090 0.090 0.090 0.090 0.090 0.090 0.090
  2 0.164 0.164 0.164 0.164 0.164 0.164 0.164 0.164 0.164 0.164 0.164 0.164
  3 0.208 0.208 0.208 0.208 0.208 0.208 0.208 0.208 0.208 0.208 0.208 0.208
  4 0.233 0.233 0.233 0.233 0.233 0.233 0.233 0.233 0.233 0.233 0.233 0.233
  5 0.246 0.246 0.246 0.246 0.246 0.246 0.246 0.246 0.246 0.246 0.246 0.246
  6 0.252 0.252 0.252 0.252 0.252 0.252 0.252 0.252 0.252 0.252 0.252 0.252
  7 0.258 0.258 0.258 0.258 0.258 0.258 0.258 0.258 0.258 0.258 0.258 0.258
  8 0.269 0.269 0.269 0.269 0.269 0.269 0.269 0.269 0.269 0.269 0.269 0.269
  9 0.292 0.292 0.292 0.292 0.292 0.292 0.292 0.292 0.292 0.292 0.292 0.292
   year
age  1969  1970  1971  1972  1973  1974  1975  1976  1977  1978  1979  1980
  1 0.090 0.090 0.090 0.090 0.090 0.090 0.090 0.090 0.090 0.090 0.090 0.090
  2 0.164 0.164 0.164 0.164 0.164 0.164 0.164 0.164 0.164 0.164 0.164 0.164
  3 0.208 0.208 0.208 0.208 0.208 0.208 0.208 0.208 0.208 0.208 0.208 0.208
  4 0.233 0.233 0.233 0.233 0.233 0.233 0.233 0.233 0.233 0.233 0.233 0.233
  5 0.246 0.246 0.246 0.246 0.246 0.246 0.246 0.246 0.246 0.246 0.246 0.246
  6 0.252 0.252 0.252 0.252 0.252 0.252 0.252 0.252 0.252 0.252 0.252 0.252
  7 0.258 0.258 0.258 0.258 0.258 0.258 0.258 0.258 0.258 0.258 0.258 0.258
  8 0.269 0.269 0.269 0.269 0.269 0.269 0.269 0.269 0.269 0.269 0.269 0.269
  9 0.292 0.292 0.292 0.292 0.292 0.292 0.292 0.292 0.292 0.292 0.292 0.292
   year
age  1981  1982  1983  1984  1985  1986  1987  1988  1989  1990  1991  1992
  1 0.090 0.090 0.090 0.090 0.090 0.090 0.090 0.090 0.090 0.090 0.090 0.068
  2 0.164 0.164 0.164 0.164 0.164 0.164 0.164 0.164 0.164 0.164 0.164 0.152
  3 0.208 0.208 0.208 0.208 0.208 0.208 0.208 0.208 0.208 0.208 0.208 0.186
  4 0.233 0.233 0.233 0.233 0.233 0.233 0.233 0.233 0.233 0.233 0.233 0.206
  5 0.246 0.246 0.246 0.246 0.246 0.246 0.246 0.246 0.246 0.246 0.246 0.233
  6 0.252 0.252 0.252 0.252 0.252 0.252 0.252 0.252 0.252 0.252 0.252 0.253
  7 0.258 0.258 0.258 0.258 0.258 0.258 0.258 0.258 0.258 0.258 0.258 0.273
  8 0.269 0.269 0.269 0.269 0.269 0.269 0.269 0.269 0.269 0.269 0.269 0.299
  9 0.292 0.292 0.292 0.292 0.292 0.292 0.292 0.292 0.292 0.292 0.292 0.302
   year
age  1993  1994  1995  1996  1997  1998  1999  2000  2001  2002  2003  2004
  1 0.073 0.052 0.042 0.045 0.054 0.066 0.054 0.062 0.062 0.062 0.064 0.059
  2 0.164 0.150 0.144 0.140 0.142 0.138 0.137 0.141 0.132 0.153 0.138 0.138
  3 0.196 0.192 0.191 0.180 0.180 0.176 0.166 0.173 0.170 0.177 0.176 0.159
  4 0.206 0.220 0.202 0.209 0.199 0.194 0.188 0.183 0.190 0.198 0.190 0.180
  5 0.225 0.221 0.225 0.219 0.213 0.214 0.203 0.194 0.198 0.212 0.204 0.189
  6 0.234 0.233 0.227 0.222 0.222 0.226 0.219 0.204 0.212 0.215 0.213 0.202
  7 0.253 0.241 0.247 0.229 0.231 0.234 0.225 0.211 0.220 0.225 0.217 0.213
  8 0.259 0.270 0.260 0.242 0.242 0.225 0.235 0.222 0.236 0.243 0.223 0.214
  9 0.276 0.296 0.293 0.263 0.263 0.249 0.245 0.230 0.254 0.259 0.228 0.206
   year
age   2005  2006   2007   2008   2009   2010   2011   2012       2013  2014
  1 0.0751 0.075 0.0750 0.0546 0.1013 0.0642 0.0570 0.0659 0.06236667 0.064
  2 0.1296 0.135 0.1675 0.1721 0.1734 0.0923 0.1323 0.1501 0.15300000 0.108
  3 0.1538 0.166 0.1830 0.1913 0.2064 0.1677 0.1597 0.1828 0.16500000 0.157
  4 0.1665 0.185 0.1914 0.2083 0.2233 0.1983 0.2078 0.1888 0.20200000 0.180
  5 0.1802 0.192 0.1951 0.2143 0.2331 0.2114 0.2356 0.2059 0.21000000 0.206
  6 0.1911 0.204 0.1951 0.2139 0.2313 0.2148 0.2447 0.2164 0.23600000 0.214
  7 0.2125 0.211 0.2021 0.2206 0.2318 0.2091 0.2379 0.2135 0.24300000 0.231
  8 0.2030 0.224 0.2034 0.2242 0.2323 0.2193 0.2224 0.2179 0.24400000 0.244
  9 0.2284 0.231 0.2138 0.2385 0.2382 0.2153 0.2526 0.2144 0.25300000 0.264


TABLE 5.6.4 Herring in VIa (combined) and VIIbc. NATURAL MORTALITY

Units  :  NA 
   year
age     1957     1958     1959     1960     1961     1962     1963     1964
  1 0.767005 0.767005 0.767005 0.767005 0.767005 0.767005 0.767005 0.767005
  2 0.384728 0.384728 0.384728 0.384728 0.384728 0.384728 0.384728 0.384728
  3 0.355633 0.355633 0.355633 0.355633 0.355633 0.355633 0.355633 0.355633
  4 0.338791 0.338791 0.338791 0.338791 0.338791 0.338791 0.338791 0.338791
  5 0.319385 0.319385 0.319385 0.319385 0.319385 0.319385 0.319385 0.319385
  6 0.313574 0.313574 0.313574 0.313574 0.313574 0.313574 0.313574 0.313574
  7 0.306805 0.306805 0.306805 0.306805 0.306805 0.306805 0.306805 0.306805
  8 0.306805 0.306805 0.306805 0.306805 0.306805 0.306805 0.306805 0.306805
  9 0.306805 0.306805 0.306805 0.306805 0.306805 0.306805 0.306805 0.306805
   year
age     1965     1966     1967     1968     1969     1970     1971     1972
  1 0.767005 0.767005 0.767005 0.767005 0.767005 0.767005 0.767005 0.767005
  2 0.384728 0.384728 0.384728 0.384728 0.384728 0.384728 0.384728 0.384728
  3 0.355633 0.355633 0.355633 0.355633 0.355633 0.355633 0.355633 0.355633
  4 0.338791 0.338791 0.338791 0.338791 0.338791 0.338791 0.338791 0.338791
  5 0.319385 0.319385 0.319385 0.319385 0.319385 0.319385 0.319385 0.319385
  6 0.313574 0.313574 0.313574 0.313574 0.313574 0.313574 0.313574 0.313574
  7 0.306805 0.306805 0.306805 0.306805 0.306805 0.306805 0.306805 0.306805
  8 0.306805 0.306805 0.306805 0.306805 0.306805 0.306805 0.306805 0.306805
  9 0.306805 0.306805 0.306805 0.306805 0.306805 0.306805 0.306805 0.306805
   year
age     1973     1974     1975     1976     1977     1978     1979     1980
  1 0.767005 0.767005 0.767005 0.767005 0.767005 0.767005 0.767005 0.767005
  2 0.384728 0.384728 0.384728 0.384728 0.384728 0.384728 0.384728 0.384728
  3 0.355633 0.355633 0.355633 0.355633 0.355633 0.355633 0.355633 0.355633
  4 0.338791 0.338791 0.338791 0.338791 0.338791 0.338791 0.338791 0.338791
  5 0.319385 0.319385 0.319385 0.319385 0.319385 0.319385 0.319385 0.319385
  6 0.313574 0.313574 0.313574 0.313574 0.313574 0.313574 0.313574 0.313574
  7 0.306805 0.306805 0.306805 0.306805 0.306805 0.306805 0.306805 0.306805
  8 0.306805 0.306805 0.306805 0.306805 0.306805 0.306805 0.306805 0.306805
  9 0.306805 0.306805 0.306805 0.306805 0.306805 0.306805 0.306805 0.306805
   year
age     1981     1982     1983     1984     1985     1986     1987     1988
  1 0.767005 0.767005 0.767005 0.767005 0.767005 0.767005 0.767005 0.767005
  2 0.384728 0.384728 0.384728 0.384728 0.384728 0.384728 0.384728 0.384728
  3 0.355633 0.355633 0.355633 0.355633 0.355633 0.355633 0.355633 0.355633
  4 0.338791 0.338791 0.338791 0.338791 0.338791 0.338791 0.338791 0.338791
  5 0.319385 0.319385 0.319385 0.319385 0.319385 0.319385 0.319385 0.319385
  6 0.313574 0.313574 0.313574 0.313574 0.313574 0.313574 0.313574 0.313574
  7 0.306805 0.306805 0.306805 0.306805 0.306805 0.306805 0.306805 0.306805
  8 0.306805 0.306805 0.306805 0.306805 0.306805 0.306805 0.306805 0.306805
  9 0.306805 0.306805 0.306805 0.306805 0.306805 0.306805 0.306805 0.306805
   year
age     1989     1990     1991     1992     1993     1994     1995     1996
  1 0.767005 0.767005 0.767005 0.767005 0.767005 0.767005 0.767005 0.767005
  2 0.384728 0.384728 0.384728 0.384728 0.384728 0.384728 0.384728 0.384728
  3 0.355633 0.355633 0.355633 0.355633 0.355633 0.355633 0.355633 0.355633
  4 0.338791 0.338791 0.338791 0.338791 0.338791 0.338791 0.338791 0.338791
  5 0.319385 0.319385 0.319385 0.319385 0.319385 0.319385 0.319385 0.319385
  6 0.313574 0.313574 0.313574 0.313574 0.313574 0.313574 0.313574 0.313574
  7 0.306805 0.306805 0.306805 0.306805 0.306805 0.306805 0.306805 0.306805
  8 0.306805 0.306805 0.306805 0.306805 0.306805 0.306805 0.306805 0.306805
  9 0.306805 0.306805 0.306805 0.306805 0.306805 0.306805 0.306805 0.306805
   year
age     1997     1998     1999     2000     2001     2002     2003     2004
  1 0.767005 0.767005 0.767005 0.767005 0.767005 0.767005 0.767005 0.767005
  2 0.384728 0.384728 0.384728 0.384728 0.384728 0.384728 0.384728 0.384728
  3 0.355633 0.355633 0.355633 0.355633 0.355633 0.355633 0.355633 0.355633
  4 0.338791 0.338791 0.338791 0.338791 0.338791 0.338791 0.338791 0.338791
  5 0.319385 0.319385 0.319385 0.319385 0.319385 0.319385 0.319385 0.319385
  6 0.313574 0.313574 0.313574 0.313574 0.313574 0.313574 0.313574 0.313574
  7 0.306805 0.306805 0.306805 0.306805 0.306805 0.306805 0.306805 0.306805
  8 0.306805 0.306805 0.306805 0.306805 0.306805 0.306805 0.306805 0.306805
  9 0.306805 0.306805 0.306805 0.306805 0.306805 0.306805 0.306805 0.306805
   year
age     2005     2006     2007     2008     2009     2010     2011     2012
  1 0.767005 0.767005 0.767005 0.767005 0.767005 0.767005 0.767005 0.767005
  2 0.384728 0.384728 0.384728 0.384728 0.384728 0.384728 0.384728 0.384728
  3 0.355633 0.355633 0.355633 0.355633 0.355633 0.355633 0.355633 0.355633
  4 0.338791 0.338791 0.338791 0.338791 0.338791 0.338791 0.338791 0.338791
  5 0.319385 0.319385 0.319385 0.319385 0.319385 0.319385 0.319385 0.319385
  6 0.313574 0.313574 0.313574 0.313574 0.313574 0.313574 0.313574 0.313574
  7 0.306805 0.306805 0.306805 0.306805 0.306805 0.306805 0.306805 0.306805
  8 0.306805 0.306805 0.306805 0.306805 0.306805 0.306805 0.306805 0.306805
  9 0.306805 0.306805 0.306805 0.306805 0.306805 0.306805 0.306805 0.306805
   year
age     2013     2014
  1 0.767005 0.767005
  2 0.384728 0.384728
  3 0.355633 0.355633
  4 0.338791 0.338791
  5 0.319385 0.319385
  6 0.313574 0.313574
  7 0.306805 0.306805
  8 0.306805 0.306805
  9 0.306805 0.306805


TABLE 5.6.5 Herring in VIa (combined) and VIIbc. PROPORTION MATURE

Units  :  NA 
   year
age 1957 1958 1959 1960 1961 1962 1963 1964 1965 1966 1967 1968 1969 1970 1971
  1 0.00 0.00 0.00 0.00 0.00 0.00 0.00 0.00 0.00 0.00 0.00 0.00 0.00 0.00 0.00
  2 0.57 0.57 0.57 0.57 0.57 0.57 0.57 0.57 0.57 0.57 0.57 0.57 0.57 0.57 0.57
  3 0.96 0.96 0.96 0.96 0.96 0.96 0.96 0.96 0.96 0.96 0.96 0.96 0.96 0.96 0.96
  4 1.00 1.00 1.00 1.00 1.00 1.00 1.00 1.00 1.00 1.00 1.00 1.00 1.00 1.00 1.00
  5 1.00 1.00 1.00 1.00 1.00 1.00 1.00 1.00 1.00 1.00 1.00 1.00 1.00 1.00 1.00
  6 1.00 1.00 1.00 1.00 1.00 1.00 1.00 1.00 1.00 1.00 1.00 1.00 1.00 1.00 1.00
  7 1.00 1.00 1.00 1.00 1.00 1.00 1.00 1.00 1.00 1.00 1.00 1.00 1.00 1.00 1.00
  8 1.00 1.00 1.00 1.00 1.00 1.00 1.00 1.00 1.00 1.00 1.00 1.00 1.00 1.00 1.00
  9 1.00 1.00 1.00 1.00 1.00 1.00 1.00 1.00 1.00 1.00 1.00 1.00 1.00 1.00 1.00
   year
age 1972 1973 1974 1975 1976 1977 1978 1979 1980 1981 1982 1983 1984 1985 1986
  1 0.00 0.00 0.00 0.00 0.00 0.00 0.00 0.00 0.00 0.00 0.00 0.00 0.00 0.00 0.00
  2 0.57 0.57 0.57 0.57 0.57 0.57 0.57 0.57 0.57 0.57 0.57 0.57 0.57 0.57 0.57
  3 0.96 0.96 0.96 0.96 0.96 0.96 0.96 0.96 0.96 0.96 0.96 0.96 0.96 0.96 0.96
  4 1.00 1.00 1.00 1.00 1.00 1.00 1.00 1.00 1.00 1.00 1.00 1.00 1.00 1.00 1.00
  5 1.00 1.00 1.00 1.00 1.00 1.00 1.00 1.00 1.00 1.00 1.00 1.00 1.00 1.00 1.00
  6 1.00 1.00 1.00 1.00 1.00 1.00 1.00 1.00 1.00 1.00 1.00 1.00 1.00 1.00 1.00
  7 1.00 1.00 1.00 1.00 1.00 1.00 1.00 1.00 1.00 1.00 1.00 1.00 1.00 1.00 1.00
  8 1.00 1.00 1.00 1.00 1.00 1.00 1.00 1.00 1.00 1.00 1.00 1.00 1.00 1.00 1.00
  9 1.00 1.00 1.00 1.00 1.00 1.00 1.00 1.00 1.00 1.00 1.00 1.00 1.00 1.00 1.00
   year
age 1987 1988 1989 1990 1991 1992 1993 1994 1995 1996 1997 1998 1999 2000 2001
  1 0.00 0.00 0.00 0.00 0.00 0.00 0.00 0.00 0.00 0.00 0.00 0.00 0.00 0.00 0.00
  2 0.57 0.57 0.57 0.57 0.57 0.47 0.93 0.59 0.21 0.76 0.55 0.85 0.57 0.45 0.93
  3 0.96 0.96 0.96 0.96 0.96 1.00 0.96 0.93 0.98 0.94 0.95 0.97 0.98 0.92 0.99
  4 1.00 1.00 1.00 1.00 1.00 1.00 1.00 1.00 1.00 1.00 1.00 1.00 1.00 1.00 1.00
  5 1.00 1.00 1.00 1.00 1.00 1.00 1.00 1.00 1.00 1.00 1.00 1.00 1.00 1.00 1.00
  6 1.00 1.00 1.00 1.00 1.00 1.00 1.00 1.00 1.00 1.00 1.00 1.00 1.00 1.00 1.00
  7 1.00 1.00 1.00 1.00 1.00 1.00 1.00 1.00 1.00 1.00 1.00 1.00 1.00 1.00 1.00
  8 1.00 1.00 1.00 1.00 1.00 1.00 1.00 1.00 1.00 1.00 1.00 1.00 1.00 1.00 1.00
  9 1.00 1.00 1.00 1.00 1.00 1.00 1.00 1.00 1.00 1.00 1.00 1.00 1.00 1.00 1.00
   year
age 2002 2003 2004 2005 2006 2007 2008 2009 2010 2011 2012 2013  2014
  1 0.00 0.00 0.00 0.00 0.00    0 0.01 0.00 0.00 0.50 0.66 0.00 0.000
  2 0.92 0.76 0.83 0.84 0.81    1 0.76 0.67 0.41 0.93 0.99 0.35 0.178
  3 1.00 1.00 0.97 1.00 0.97    1 1.00 0.99 0.96 1.00 1.00 0.72 0.730
  4 1.00 1.00 1.00 1.00 1.00    1 1.00 1.00 0.98 1.00 1.00 0.98 0.990
  5 1.00 1.00 1.00 1.00 1.00    1 1.00 1.00 1.00 1.00 1.00 0.98 1.000
  6 1.00 1.00 1.00 1.00 1.00    1 1.00 1.00 1.00 1.00 1.00 1.00 1.000
  7 1.00 1.00 1.00 1.00 1.00    1 1.00 1.00 1.00 1.00 1.00 1.00 1.000
  8 1.00 1.00 1.00 1.00 1.00    1 1.00 1.00 1.00 1.00 1.00 1.00 1.000
  9 1.00 1.00 1.00 1.00 1.00    1 1.00 1.00 1.00 1.00 1.00 1.00 1.000


TABLE 5.6.6 Herring in VIa (combined) and VIIbc. FRACTION OF HARVEST BEFORE SPAWNING

Units  :  NA 
   year
age 1957 1958 1959 1960 1961 1962 1963 1964 1965 1966 1967 1968 1969 1970 1971
  1 0.67 0.67 0.67 0.67 0.67 0.67 0.67 0.67 0.67 0.67 0.67 0.67 0.67 0.67 0.67
  2 0.67 0.67 0.67 0.67 0.67 0.67 0.67 0.67 0.67 0.67 0.67 0.67 0.67 0.67 0.67
  3 0.67 0.67 0.67 0.67 0.67 0.67 0.67 0.67 0.67 0.67 0.67 0.67 0.67 0.67 0.67
  4 0.67 0.67 0.67 0.67 0.67 0.67 0.67 0.67 0.67 0.67 0.67 0.67 0.67 0.67 0.67
  5 0.67 0.67 0.67 0.67 0.67 0.67 0.67 0.67 0.67 0.67 0.67 0.67 0.67 0.67 0.67
  6 0.67 0.67 0.67 0.67 0.67 0.67 0.67 0.67 0.67 0.67 0.67 0.67 0.67 0.67 0.67
  7 0.67 0.67 0.67 0.67 0.67 0.67 0.67 0.67 0.67 0.67 0.67 0.67 0.67 0.67 0.67
  8 0.67 0.67 0.67 0.67 0.67 0.67 0.67 0.67 0.67 0.67 0.67 0.67 0.67 0.67 0.67
  9 0.67 0.67 0.67 0.67 0.67 0.67 0.67 0.67 0.67 0.67 0.67 0.67 0.67 0.67 0.67
   year
age 1972 1973 1974 1975 1976 1977 1978 1979 1980 1981 1982 1983 1984 1985 1986
  1 0.67 0.67 0.67 0.67 0.67 0.67 0.67 0.67 0.67 0.67 0.67 0.67 0.67 0.67 0.67
  2 0.67 0.67 0.67 0.67 0.67 0.67 0.67 0.67 0.67 0.67 0.67 0.67 0.67 0.67 0.67
  3 0.67 0.67 0.67 0.67 0.67 0.67 0.67 0.67 0.67 0.67 0.67 0.67 0.67 0.67 0.67
  4 0.67 0.67 0.67 0.67 0.67 0.67 0.67 0.67 0.67 0.67 0.67 0.67 0.67 0.67 0.67
  5 0.67 0.67 0.67 0.67 0.67 0.67 0.67 0.67 0.67 0.67 0.67 0.67 0.67 0.67 0.67
  6 0.67 0.67 0.67 0.67 0.67 0.67 0.67 0.67 0.67 0.67 0.67 0.67 0.67 0.67 0.67
  7 0.67 0.67 0.67 0.67 0.67 0.67 0.67 0.67 0.67 0.67 0.67 0.67 0.67 0.67 0.67
  8 0.67 0.67 0.67 0.67 0.67 0.67 0.67 0.67 0.67 0.67 0.67 0.67 0.67 0.67 0.67
  9 0.67 0.67 0.67 0.67 0.67 0.67 0.67 0.67 0.67 0.67 0.67 0.67 0.67 0.67 0.67
   year
age 1987 1988 1989 1990 1991 1992 1993 1994 1995 1996 1997 1998 1999 2000 2001
  1 0.67 0.67 0.67 0.67 0.67 0.67 0.67 0.67 0.67 0.67 0.67 0.67 0.67 0.67 0.67
  2 0.67 0.67 0.67 0.67 0.67 0.67 0.67 0.67 0.67 0.67 0.67 0.67 0.67 0.67 0.67
  3 0.67 0.67 0.67 0.67 0.67 0.67 0.67 0.67 0.67 0.67 0.67 0.67 0.67 0.67 0.67
  4 0.67 0.67 0.67 0.67 0.67 0.67 0.67 0.67 0.67 0.67 0.67 0.67 0.67 0.67 0.67
  5 0.67 0.67 0.67 0.67 0.67 0.67 0.67 0.67 0.67 0.67 0.67 0.67 0.67 0.67 0.67
  6 0.67 0.67 0.67 0.67 0.67 0.67 0.67 0.67 0.67 0.67 0.67 0.67 0.67 0.67 0.67
  7 0.67 0.67 0.67 0.67 0.67 0.67 0.67 0.67 0.67 0.67 0.67 0.67 0.67 0.67 0.67
  8 0.67 0.67 0.67 0.67 0.67 0.67 0.67 0.67 0.67 0.67 0.67 0.67 0.67 0.67 0.67
  9 0.67 0.67 0.67 0.67 0.67 0.67 0.67 0.67 0.67 0.67 0.67 0.67 0.67 0.67 0.67
   year
age 2002 2003 2004 2005 2006 2007 2008 2009 2010 2011 2012 2013 2014
  1 0.67 0.67 0.67 0.67 0.67 0.67 0.67 0.67 0.67 0.67 0.67 0.67 0.67
  2 0.67 0.67 0.67 0.67 0.67 0.67 0.67 0.67 0.67 0.67 0.67 0.67 0.67
  3 0.67 0.67 0.67 0.67 0.67 0.67 0.67 0.67 0.67 0.67 0.67 0.67 0.67
  4 0.67 0.67 0.67 0.67 0.67 0.67 0.67 0.67 0.67 0.67 0.67 0.67 0.67
  5 0.67 0.67 0.67 0.67 0.67 0.67 0.67 0.67 0.67 0.67 0.67 0.67 0.67
  6 0.67 0.67 0.67 0.67 0.67 0.67 0.67 0.67 0.67 0.67 0.67 0.67 0.67
  7 0.67 0.67 0.67 0.67 0.67 0.67 0.67 0.67 0.67 0.67 0.67 0.67 0.67
  8 0.67 0.67 0.67 0.67 0.67 0.67 0.67 0.67 0.67 0.67 0.67 0.67 0.67
  9 0.67 0.67 0.67 0.67 0.67 0.67 0.67 0.67 0.67 0.67 0.67 0.67 0.67


TABLE 5.6.7 Herring in VIa (combined) and VIIbc. FRACTION OF NATURAL MORTALITY BEFORE SPAWNING

Units  :  NA 
   year
age 1957 1958 1959 1960 1961 1962 1963 1964 1965 1966 1967 1968 1969 1970 1971
  1 0.67 0.67 0.67 0.67 0.67 0.67 0.67 0.67 0.67 0.67 0.67 0.67 0.67 0.67 0.67
  2 0.67 0.67 0.67 0.67 0.67 0.67 0.67 0.67 0.67 0.67 0.67 0.67 0.67 0.67 0.67
  3 0.67 0.67 0.67 0.67 0.67 0.67 0.67 0.67 0.67 0.67 0.67 0.67 0.67 0.67 0.67
  4 0.67 0.67 0.67 0.67 0.67 0.67 0.67 0.67 0.67 0.67 0.67 0.67 0.67 0.67 0.67
  5 0.67 0.67 0.67 0.67 0.67 0.67 0.67 0.67 0.67 0.67 0.67 0.67 0.67 0.67 0.67
  6 0.67 0.67 0.67 0.67 0.67 0.67 0.67 0.67 0.67 0.67 0.67 0.67 0.67 0.67 0.67
  7 0.67 0.67 0.67 0.67 0.67 0.67 0.67 0.67 0.67 0.67 0.67 0.67 0.67 0.67 0.67
  8 0.67 0.67 0.67 0.67 0.67 0.67 0.67 0.67 0.67 0.67 0.67 0.67 0.67 0.67 0.67
  9 0.67 0.67 0.67 0.67 0.67 0.67 0.67 0.67 0.67 0.67 0.67 0.67 0.67 0.67 0.67
   year
age 1972 1973 1974 1975 1976 1977 1978 1979 1980 1981 1982 1983 1984 1985 1986
  1 0.67 0.67 0.67 0.67 0.67 0.67 0.67 0.67 0.67 0.67 0.67 0.67 0.67 0.67 0.67
  2 0.67 0.67 0.67 0.67 0.67 0.67 0.67 0.67 0.67 0.67 0.67 0.67 0.67 0.67 0.67
  3 0.67 0.67 0.67 0.67 0.67 0.67 0.67 0.67 0.67 0.67 0.67 0.67 0.67 0.67 0.67
  4 0.67 0.67 0.67 0.67 0.67 0.67 0.67 0.67 0.67 0.67 0.67 0.67 0.67 0.67 0.67
  5 0.67 0.67 0.67 0.67 0.67 0.67 0.67 0.67 0.67 0.67 0.67 0.67 0.67 0.67 0.67
  6 0.67 0.67 0.67 0.67 0.67 0.67 0.67 0.67 0.67 0.67 0.67 0.67 0.67 0.67 0.67
  7 0.67 0.67 0.67 0.67 0.67 0.67 0.67 0.67 0.67 0.67 0.67 0.67 0.67 0.67 0.67
  8 0.67 0.67 0.67 0.67 0.67 0.67 0.67 0.67 0.67 0.67 0.67 0.67 0.67 0.67 0.67
  9 0.67 0.67 0.67 0.67 0.67 0.67 0.67 0.67 0.67 0.67 0.67 0.67 0.67 0.67 0.67
   year
age 1987 1988 1989 1990 1991 1992 1993 1994 1995 1996 1997 1998 1999 2000 2001
  1 0.67 0.67 0.67 0.67 0.67 0.67 0.67 0.67 0.67 0.67 0.67 0.67 0.67 0.67 0.67
  2 0.67 0.67 0.67 0.67 0.67 0.67 0.67 0.67 0.67 0.67 0.67 0.67 0.67 0.67 0.67
  3 0.67 0.67 0.67 0.67 0.67 0.67 0.67 0.67 0.67 0.67 0.67 0.67 0.67 0.67 0.67
  4 0.67 0.67 0.67 0.67 0.67 0.67 0.67 0.67 0.67 0.67 0.67 0.67 0.67 0.67 0.67
  5 0.67 0.67 0.67 0.67 0.67 0.67 0.67 0.67 0.67 0.67 0.67 0.67 0.67 0.67 0.67
  6 0.67 0.67 0.67 0.67 0.67 0.67 0.67 0.67 0.67 0.67 0.67 0.67 0.67 0.67 0.67
  7 0.67 0.67 0.67 0.67 0.67 0.67 0.67 0.67 0.67 0.67 0.67 0.67 0.67 0.67 0.67
  8 0.67 0.67 0.67 0.67 0.67 0.67 0.67 0.67 0.67 0.67 0.67 0.67 0.67 0.67 0.67
  9 0.67 0.67 0.67 0.67 0.67 0.67 0.67 0.67 0.67 0.67 0.67 0.67 0.67 0.67 0.67
   year
age 2002 2003 2004 2005 2006 2007 2008 2009 2010 2011 2012 2013 2014
  1 0.67 0.67 0.67 0.67 0.67 0.67 0.67 0.67 0.67 0.67 0.67 0.67 0.67
  2 0.67 0.67 0.67 0.67 0.67 0.67 0.67 0.67 0.67 0.67 0.67 0.67 0.67
  3 0.67 0.67 0.67 0.67 0.67 0.67 0.67 0.67 0.67 0.67 0.67 0.67 0.67
  4 0.67 0.67 0.67 0.67 0.67 0.67 0.67 0.67 0.67 0.67 0.67 0.67 0.67
  5 0.67 0.67 0.67 0.67 0.67 0.67 0.67 0.67 0.67 0.67 0.67 0.67 0.67
  6 0.67 0.67 0.67 0.67 0.67 0.67 0.67 0.67 0.67 0.67 0.67 0.67 0.67
  7 0.67 0.67 0.67 0.67 0.67 0.67 0.67 0.67 0.67 0.67 0.67 0.67 0.67
  8 0.67 0.67 0.67 0.67 0.67 0.67 0.67 0.67 0.67 0.67 0.67 0.67 0.67
  9 0.67 0.67 0.67 0.67 0.67 0.67 0.67 0.67 0.67 0.67 0.67 0.67 0.67


TABLE 5.6.8 Herring in VIa (combined) and VIIbc. SURVEY INDICES

MS HERAS - Configuration

Malin Shelf assessment  . Imported from VPA file.
      min       max plusgroup   minyear   maxyear    startf      endf 
     1.00      9.00      9.00   2008.00   2014.00      0.52      0.57 
Index type : number

MS HERAS - Index Values

Units  :  NA 
   year
age   2008   2009   2010   2011   2012   2013    2014
  1 239751 927909 174529  62834 808494     -1 1031086
  2 284621 265151 375531 257258 549590 212212  280735
  3 997573 273910 373804 899637 832257 435049  242596
  4 719782 443603 242388 484732 517544 671542  502471
  5 363484 380436 173333 212913 249024 194706  534430
  6 331462 225046 145891 227515 114507  70507  148258
  7 743706 192866 101960 205093 111385  61392   32565
  8 386202 500074 100421 113298  56526  28597   18677
  9 273892 456113 297021 263837 104571  37398   13002

WoS HERAS - Configuration

Malin Shelf assessment  . Imported from VPA file.
      min       max plusgroup   minyear   maxyear    startf      endf 
     1.00      9.00      9.00   1991.00   2007.00      0.52      0.57 
Index type : number

WoS HERAS - Index Values

Units  :  NA 
   year
age   1991   1992   1993   1994    1995   1996   1997    1998    1999   2000
  1 338312  74310   2357 494150  441200  41220 792320 1221700  534200 447600
  2 294484 503430 579320 542080 1103400 576460 641860  794630  322400 316200
  3 327902 210980 689510 607720  473300 802530 286170  666780 1388000 337100
  4 367830 258090 688740 285610  450300 329110 167040  471070  432000 899500
  5 488288 414750 564850 306760  153000  95360  66100  179050  308000 393400
  6 176348 240110 900410 268130  187200  60600  49520   79270  138700 247600
  7  98741 105670 295610 406840  169200  77380  16280   28050   86500 199500
  8  89830  56710 157870 173740  236700  78190  28990   13850   27600  95000
  9  58043  63440 161450 131880  201700 114810  24440   36770   35400  65000
   year
age    2001    2002    2003   2004   2005   2006   2007
  1  313100  424700  438800 564000  50200 112300     -1
  2 1062000  436000 1039400 274500 243400 835200 126000
  3  217700 1436900  932500 760200 230300 387900 294400
  4  172800  199800 1471800 442300 423100 284500 202500
  5  437500  161700  181300 577200 245100 582200 145300
  6  132600  424300  129200  55700 152800 414700 346900
  7  102800  152300  346700  61800  12600 227000 242900
  8   52400   67500  114300  82200  39000  21700 163500
  9   34700   59500   75200  76300  26800  59300  32100

IBTS_Q1 - Configuration

Malin Shelf assessment  . Imported from VPA file.
      min       max plusgroup   minyear   maxyear    startf      endf 
     2.00      9.00      9.00   1986.00   2010.00      0.00      0.25 
Index type : number

IBTS_Q1 - Index Values

Units  :  NA 
   year
age   1986    1987     1988     1989    1990    1991    1992    1993    1994
  2 95.170  46.731 3438.321   25.140  58.847 631.824  53.058 122.721 116.670
  3 44.373 336.260  430.836 1075.835  83.597 885.241 132.183 294.270 377.264
  4 96.605 209.288  134.714  145.932 344.779 567.790 122.177 128.267 104.271
  5 16.946 215.407   82.220   87.593  97.848 998.826 152.380 169.440  65.612
  6 14.884  43.763   47.236   66.886  66.287 294.298 135.749 192.090  68.307
  7  6.117   9.183   13.417   17.304  65.323 187.461  46.193 146.600  49.543
  8  3.420  10.353    2.682    6.474  10.261 105.718  32.468  49.505  12.015
  9  1.442   6.284    1.586    1.824   3.787  22.696  21.117  17.329   2.941
   year
age    1995    1996    1997    1998    1999    2000    2001     2002    2003
  2 965.178 383.453 417.688  11.914 189.848 765.224  49.296 1758.926 245.946
  3 169.909 248.635 382.687 113.931 307.107 104.293 123.270  368.190 158.991
  4 117.504  43.605 134.279  41.107 135.236 106.222  94.196  104.680 198.292
  5  38.275  46.867  50.933  22.230  63.084  56.808 189.256   62.439  59.814
  6  55.458  27.309  50.221   6.916  30.863  35.995  93.351  130.905  50.395
  7  38.004  16.139  21.929   7.377  23.276  32.187  69.284   73.802  71.241
  8  43.710  27.261  37.923   5.146  12.944   9.561  30.127   51.218  29.538
  9  15.584  54.021  45.719  14.489  20.234  17.026  25.699   57.611  34.697
   year
age    2004    2005    2006    2007    2008    2009    2010
  2 730.099 185.102 378.437  31.209  66.197  55.510  22.061
  3 624.188 138.260 198.644 135.312  72.550 344.224 165.554
  4 398.109 273.585  76.948 106.356  82.434 338.236 115.321
  5 470.369 297.606 235.485  86.229  54.089 219.906  88.455
  6 149.337 269.862 243.195 186.224  47.992 122.567  67.458
  7 127.694  67.092 183.140 138.694  75.033 123.955  96.971
  8 100.189  67.482  35.001  76.793 100.226 328.967  81.877
  9  85.306  59.980  89.679  54.908  46.867 338.018 254.166

IBTS_Q4 - Configuration

Malin Shelf assessment  . Imported from VPA file.
      min       max plusgroup   minyear   maxyear    startf      endf 
     2.00      9.00      9.00   1996.00   2009.00      0.75      1.00 
Index type : number

IBTS_Q4 - Index Values

Units  :  NA 
   year
age   1996   1997   1998   1999   2000    2001   2002    2003    2004   2005
  2 65.191 23.234 23.441 13.030 14.581 183.761  7.749 329.065  53.062 13.928
  3 90.015 36.181 29.796 22.109  9.441  57.258 10.613  66.029 118.066 12.961
  4 18.107 27.526 27.177 18.793 14.501  36.430  1.290  65.713  96.276 24.377
  5 15.804 18.355 28.670 13.005  7.548  62.726  2.155   8.094 106.528 26.049
  6  5.792 11.855 13.800 16.471  7.410  36.270  3.151  11.257  14.917 16.079
  7  4.813  3.001  3.173  6.424  4.527  22.954  2.089  11.194  19.443  1.609
  8  9.257  7.461  1.384  1.738  2.358  12.784  1.584   5.998  13.908  3.818
  9 13.181 10.209  6.996  4.634  2.087   4.980  0.848   6.118   7.874  4.864
   year
age   2006   2007   2008   2009
  2 39.061 45.410  9.684 76.799
  3 22.908 41.669 36.972 34.133
  4 22.019 25.189 23.107 36.367
  5 38.832 43.059 17.782 26.475
  6 41.902 42.058 18.095  9.901
  7 26.687 39.495 33.708 14.979
  8  5.658 10.882 18.720 22.104
  9 10.420  3.489 15.816 27.149


TABLE 5.6.9 Herring in VIa (combined) and VIIbc. STOCK OBJECT CONFIGURATION

      min       max plusgroup   minyear   maxyear   minfbar   maxfbar 
        1         9         9      1957      2014         3         6 


TABLE 5.6.10 Herring in VIa (combined) and VIIbc. sam CONFIGURATION SETTINGS

name           : 
desc           : 
range          :       min       max plusgroup   minyear   maxyear   minfbar   maxfbar 
range          :         1         9         9      1957      2014         3         6 
fleets         :     catch  MS HERAS WoS HERAS   IBTS_Q1   IBTS_Q4 
fleets         :         0         2         2         2         2 
plus.group     : TRUE
states         :            age
states         : fleet        1  2  3  4  5  6  7  8  9
states         :   catch      1  2  3  4  5  6  7  8  8
states         :   MS HERAS  NA NA NA NA NA NA NA NA NA
states         :   WoS HERAS NA NA NA NA NA NA NA NA NA
states         :   IBTS_Q1   NA NA NA NA NA NA NA NA NA
states         :   IBTS_Q4   NA NA NA NA NA NA NA NA NA
logN.vars      : 1 2 2 2 2 2 2 2 2
catchabilities :            age
catchabilities : fleet        1  2  3  4  5  6  7  8  9
catchabilities :   catch     NA NA NA NA NA NA NA NA NA
catchabilities :   MS HERAS   1  2  3  3  3  3  3  3  3
catchabilities :   WoS HERAS  4  5  6  6  6  6  6  6  6
catchabilities :   IBTS_Q1   NA  7  7  7  7  7  7  7  7
catchabilities :   IBTS_Q4   NA  8  8  8  8  8  8  8  8
power.law.exps :            age
power.law.exps : fleet        1  2  3  4  5  6  7  8  9
power.law.exps :   catch     NA NA NA NA NA NA NA NA NA
power.law.exps :   MS HERAS  NA NA NA NA NA NA NA NA NA
power.law.exps :   WoS HERAS NA NA NA NA NA NA NA NA NA
power.law.exps :   IBTS_Q1   NA NA NA NA NA NA NA NA NA
power.law.exps :   IBTS_Q4   NA NA NA NA NA NA NA NA NA
f.vars         :            age
f.vars         : fleet        1  2  3  4  5  6  7  8  9
f.vars         :   catch      1  2  2  2  2  2  2  2  2
f.vars         :   MS HERAS  NA NA NA NA NA NA NA NA NA
f.vars         :   WoS HERAS NA NA NA NA NA NA NA NA NA
f.vars         :   IBTS_Q1   NA NA NA NA NA NA NA NA NA
f.vars         :   IBTS_Q4   NA NA NA NA NA NA NA NA NA
obs.vars       :            age
obs.vars       : fleet        1  2  3  4  5  6  7  8  9
obs.vars       :   catch      1  2  2  2  2  2  2  3  3
obs.vars       :   MS HERAS   4  5  5  5  5  5  5  5  5
obs.vars       :   WoS HERAS  6  7  7  7  7  7  7  7  7
obs.vars       :   IBTS_Q1   NA  8  9  9  9  9  9  9  9
obs.vars       :   IBTS_Q4   NA 10 11 11 11 11 11 11 11
srr            : 0
cor.F          : TRUE
nohess         : FALSE
timeout        : 3600
sam.binary     : 


TABLE 5.6.11 Herring in VIa (combined) and VIIbc. FLR, R SOFTWARE VERSIONS

FLSAM.version                        0.99-99
FLCore.version                           2.4
R.version      R version 2.13.2 (2011-09-30)
platform                     i386-pc-mingw32
run.date                 2015-03-18 15:30:34

TABLE 5.6.12 Herring in VIa (combined) and VIIbc. STOCK SUMMARY

Year Recruitment     Low     High     TSB     Low    High    SSB    Low    High       Fbar    Low   High Landings Landings
           Age 1                                                                (Ages 3-6)                             SOP
                                                                                         f      f      f   tonnes         
1957     1279526  688134  2379168  709986  498480 1011234 350459 239726  512343     0.1396 0.0938 0.2078    36598   0.9982
1958     2069878 1180490  3629334  729416  513096 1036936 351512 237179  520961     0.1851 0.1247 0.2747    51398   1.0004
1959     2972756 1659452  5325419  808552  556381 1175015 331042 221666  494387     0.1817 0.1208 0.2731    52499   0.9991
1960     2189098 1238710  3868662  848309  586181 1227655 385386 259078  573272     0.1356 0.0899 0.2046    41613   0.9991
1961     2946121 1698506  5110156  898966  624958 1293110 419157 284701  617112     0.1017 0.0682 0.1516    33280   0.9995
1962     3460764 1993021  6009415  996496  698692 1421232 423793 291603  615906     0.1354 0.0923 0.1985    52367   1.0008
1963     3246214 1890207  5575002 1023767  722500 1450657 451351 313556  649700     0.1057 0.0725 0.1540    39235   0.9987
1964     2376169 1335529  4227670 1005505  722849 1398687 494845 348173  703305     0.1033 0.0719 0.1484    43254   1.0002
1965     6274473 3207787 12272947 1250432  842921 1854956 463703 330263  651058     0.1129 0.0797 0.1600    66974   0.9996
1966     2376169 1326165  4257523 1516628 1091082 2108145 679424 479685  962333     0.1550 0.1110 0.2165   114203   1.0009
1967     3638201 2184699  6058735 1425453 1050924 1933455 744896 527045 1052796     0.1465 0.1059 0.2027    91852   0.9993
1968     4122622 2495122  6811698 1485111 1118376 1972105 728687 530709 1000520     0.1228 0.0901 0.1674    88116   1.0000
1969     3921560 2398875  6410768 1463000 1137692 1881326 693842 524556  917761     0.1718 0.1296 0.2276   100768   0.9996
1970     5147388 3181923  8326915 1570650 1239930 1989581 668639 518772  861802     0.2399 0.1849 0.3112   144481   0.9989
1971     7542015 4310131 13197279 1819368 1391226 2379270 610480 476777  781676     0.3790 0.2949 0.4871   227810   1.0003
1972     4077522 2535337  6557781 1722005 1341706 2210098 681465 523248  887522     0.2811 0.2186 0.3614   194841   0.9998
1973     2380926 1433451  3954658 1515112 1214917 1889483 736747 563195  963780     0.3607 0.2853 0.4562   255607   0.9983
1974     2652465 1646482  4273093 1097999  894590 1347658 463703 359544  598037     0.4793 0.3806 0.6035   237999   0.9988
1975     2833434 1730028  4640588  832343  660828 1048374 291560 226760  374876     0.4792 0.3755 0.6116   149727   1.0005
1976     1922237 1152382  3206396  685566  528796  888812 245487 183358  328668     0.4697 0.3557 0.6202   124784   1.0017
1977     1841332 1094080  3098957  544161  404257  732483 214058 154904  295800     0.2863 0.2080 0.3942    56924   1.0006
1978     2080253 1240166  3489413  538746  392320  739824 205870 147616  287113     0.1982 0.1415 0.2777    41682   1.0006
1979     1949337 1168721  3251346  541447  394812  742542 216642 157119  298715     0.1142 0.0814 0.1604    21261   1.0001
1980     2063677 1244277  3422681  629071  470950  840281 274581 202762  371837     0.1327 0.0969 0.1817    31570   1.0001
1981     2810857 1694085  4663825  789378  598481 1041164 320616 239046  430021     0.2355 0.1755 0.3159    74037   1.0001
1982     2388079 1410819  4042277  814231  613381 1080851 320937 236571  435389     0.3187 0.2359 0.4305   114211   0.9998
1983     3953058 2264867  6899595  847461  608362 1180531 272665 194532  382181     0.3363 0.2405 0.4701    98134   1.0014
1984     2757955 1586848  4793348  916209  645390 1300669 344552 237526  499803     0.2288 0.1580 0.3312    81509   0.9989
1985     3481591 1990566  6089463 1004500  697381 1446869 422101 283849  627690     0.1938 0.1314 0.2861    63077   0.9984
1986     3220348 1803839  5749204 1103503  755024 1612821 480220 318382  724323     0.2089 0.1395 0.3129   103425   1.0000
1987     4168221 2234622  7774947 1178791  780259 1780882 488454 311905  764935     0.2192 0.1405 0.3421    94365   0.9997
1988     2380926 1259488  4500884 1209842  777991 1881405 587717 366128  943415     0.1433 0.0886 0.2317    65555   0.9993
1989     2568930 1360913  4849247 1275693  802809 2027124 706445 428583 1164452     0.1154 0.0702 0.1897    63886   0.9984
1990     2741457 1433138  5244145 1364093  841118 2212232 753889 445274 1276400     0.1263 0.0756 0.2108    88141   0.9992
1991     2780107 1420784  5439950 1351871  810416 2255083 751630 434165 1301229     0.1008 0.0585 0.1735    68315   1.0000
1992     3756507 1932727  7301261 1225672  727997 2063571 665304 379778 1165497     0.0910 0.0524 0.1580    61051   0.9990
1993     3700580 1884424  7267095 1325102  774961 2265786 769118 434586 1361163     0.0931 0.0529 0.1641    68042   1.0005
1994     4333994 2236235  8399611 1156606  679861 1967661 606828 342959 1073714     0.0884 0.0501 0.1561    58367   0.9994
1995     3002633 1526258  5907129 1040280  611592 1769450 486991 274961  862521     0.0923 0.0524 0.1628    55984   0.9989
1996     3453850 1798348  6633355  889131  529920 1491836 501320 286378  877588     0.1094 0.0622 0.1925    60030   0.9996
1997     4189115 2182810  8039492  907093  545340 1508816 412916 236878  719779     0.1414 0.0805 0.2481    62693   0.9995
1998     3440062 1749395  6764640 1015610  604744 1705621 537132 308476  935280     0.1400 0.0801 0.2445    72271   0.9991
1999     2839107 1409121  5720253  984609  574229 1688271 556265 315487  980802     0.0811 0.0459 0.1432    55843   0.9999
2000     4497355 2322299  8709558  977741  580497 1646825 456800 259690  803518     0.1074 0.0614 0.1877    43008   1.3893
2001     3968902 2047415  7693694 1085987  639654 1843760 609260 347295 1068824     0.0988 0.0561 0.1741    40007   1.4513
2002     3602001 1839806  7052052 1158921  682893 1966776 682147 389026 1196126     0.0982 0.0555 0.1738    50740   1.1402
2003     3638201 1837291  7204362 1225672  712623 2108090 705738 397767 1252157     0.0845 0.0473 0.1508    44583   1.3073
2004     3580453 1792953  7150016 1150837  663029 1997539 678744 380258 1211531     0.0752 0.0416 0.1360    40186   1.3288
2005     2882014 1441449  5762260 1083817  621694 1889452 633490 354460 1132174     0.0711 0.0394 0.1283    30360   1.7392
2006     2665761 1316385  5398329 1116825  636771 1958783 674684 375325 1212811     0.0637 0.0351 0.1155    46539   0.9990
2007     2045187  961833  4348772 1101298  617520 1964077 726505 400125 1319109     0.0629 0.0344 0.1152    46509   1.0183
2008     2299035 1072477  4928368 1054946  576433 1930685 694537 373663 1290950     0.0438 0.0232 0.0825    47420   0.6204
2009     2867640 1317534  6241481 1205012  639756 2269700 661986 347504 1261066     0.0457 0.0237 0.0884    29432   1.0153
2010     3801856 1693195  8536592  883812  461483 1692638 438011 225075  852401     0.0535 0.0271 0.1054    29901   1.0033
2011     2623448 1166411  5900561  915293  467590 1791659 620946 313209 1231044     0.0456 0.0227 0.0919    30012   0.8216
2012     1753282  758680  4051772  900765  450989 1799108 650828 321311 1318276     0.0410 0.0200 0.0840    24695   1.0176
2013      992518  389932  2526317  759944  374029 1544039 450900 216099  940822     0.0519 0.0248 0.1084    25109   1.0699
2014      860269  241193  3068342  612314  289806 1293722 384231 177405  832184     0.0531 0.0247 0.1144    26833   1.0144


TABLE 5.6.13 Herring in VIa (combined) and VIIbc. ESTIMATED FISHING MORTALITY

Units  :  f 
   year
age       1957       1958       1959       1960        1961       1962
  1 0.01212725 0.02015909 0.01968497 0.01180656 0.007175377 0.01210908
  2 0.07446694 0.09943014 0.09911247 0.07541870 0.057343258 0.07655085
  3 0.11554445 0.15269696 0.14923993 0.11144768 0.083534129 0.11098059
  4 0.13098139 0.17426119 0.17206207 0.12849054 0.096713720 0.12925087
  5 0.15233092 0.20193690 0.19855284 0.14861444 0.111414255 0.14715041
  6 0.15958158 0.21135840 0.20680065 0.15396962 0.115048673 0.15410825
  7 0.19879125 0.26453016 0.25978524 0.19372803 0.144901656 0.19303187
  8 0.22382294 0.29873452 0.29355214 0.21919358 0.164737826 0.22121947
  9 0.22382294 0.29873452 0.29355214 0.21919358 0.164737826 0.22121947
   year
age        1963       1964       1965       1966       1967       1968
  1 0.007864471 0.00765191 0.00901559 0.01581178 0.01403782 0.01000070
  2 0.059635753 0.05813427 0.06291315 0.08675216 0.08092763 0.06782666
  3 0.086943221 0.08514497 0.09296799 0.12753047 0.12050067 0.10155041
  4 0.101246211 0.09975880 0.11008527 0.15169247 0.14377582 0.12013971
  5 0.113846981 0.11030566 0.11969601 0.16301713 0.15352375 0.12845200
  6 0.120548876 0.11792576 0.12888948 0.17790599 0.16841906 0.14098525
  7 0.150393513 0.14756301 0.16173437 0.22166235 0.20792039 0.17297642
  8 0.174034800 0.17168395 0.18843541 0.25828284 0.24341195 0.20238165
  9 0.174034800 0.17168395 0.18843541 0.25828284 0.24341195 0.20238165
   year
age       1969       1970       1971       1972       1973       1974
  1 0.01756583 0.03073971 0.06691715 0.03832319 0.05748105 0.09197854
  2 0.09418447 0.13179600 0.21061994 0.15889685 0.20558412 0.27466585
  3 0.14301582 0.20256388 0.32335645 0.23964419 0.30586850 0.40245983
  4 0.16691009 0.23214340 0.36443758 0.26793791 0.34321438 0.45526755
  5 0.17987376 0.25022369 0.39371421 0.29159192 0.37356248 0.49572200
  6 0.19720726 0.27458347 0.43463443 0.32510730 0.42036159 0.56363410
  7 0.24082133 0.33213957 0.51798448 0.38317633 0.48661112 0.64528061
  8 0.28201359 0.38857076 0.60747151 0.45011148 0.57454319 0.76225815
  9 0.28201359 0.38857076 0.60747151 0.45011148 0.57454319 0.76225815
   year
age       1975       1976       1977       1978        1979        1980
  1 0.08895719 0.08302612 0.03318027 0.01666908 0.006027638 0.007568957
  2 0.27812072 0.27494066 0.16756231 0.11617007 0.066503547 0.076619781
  3 0.40084518 0.39187593 0.23787737 0.16412942 0.094505240 0.110548604
  4 0.45401729 0.44523190 0.27182413 0.18922850 0.108696031 0.125732330
  5 0.49528100 0.48431973 0.29508259 0.20433387 0.117937554 0.137793375
  6 0.56675396 0.55740678 0.34051367 0.23520448 0.135796206 0.156875936
  7 0.64758190 0.63748151 0.39013205 0.27122677 0.157993719 0.183948399
  8 0.76575730 0.75269890 0.45824560 0.31882912 0.184187688 0.212885674
  9 0.76575730 0.75269890 0.45824560 0.31882912 0.184187688 0.212885674
   year
age       1981       1982       1983       1984       1985       1986
  1 0.02021764 0.03349363 0.03580743 0.01755353 0.01280269 0.01426281
  2 0.13609529 0.18453798 0.19341832 0.13129613 0.11054860 0.11883729
  3 0.19708898 0.26713530 0.28294578 0.19363119 0.16442512 0.17728441
  4 0.22177321 0.29864491 0.31307891 0.21201463 0.17886928 0.19293537
  5 0.24441199 0.33160857 0.35053315 0.23844896 0.20213894 0.21844959
  6 0.27856607 0.37726025 0.39845927 0.27103698 0.22997147 0.24711536
  7 0.32455509 0.43842786 0.46403746 0.31559359 0.26756306 0.28667675
  8 0.37390632 0.50571096 0.53357267 0.36131685 0.30409960 0.32309787
  9 0.37390632 0.50571096 0.53357267 0.36131685 0.30409960 0.32309787
   year
age       1987        1988        1989        1990        1991        1992
  1 0.01521155 0.006967492 0.004683545 0.005409492 0.003555712 0.002891442
  2 0.12414563 0.081170776 0.065841825 0.072795583 0.058871393 0.053906727
  3 0.18609462 0.122187320 0.099053022 0.108859197 0.087510193 0.079898356
  4 0.20280710 0.133120573 0.107776030 0.118766013 0.095073976 0.086466346
  5 0.22974162 0.150093027 0.120923157 0.132099481 0.105157085 0.094401341
  6 0.25825702 0.167780282 0.133801222 0.145322481 0.115290529 0.103219241
  7 0.30137498 0.195420819 0.156359099 0.168570705 0.132655465 0.117878600
  8 0.33851056 0.217360068 0.172889952 0.184944407 0.143517256 0.125656913
  9 0.33851056 0.217360068 0.172889952 0.184944407 0.143517256 0.125656913
   year
age        1993        1994        1995       1996        1997       1998
  1 0.002954872 0.002619688 0.002731512 0.00361957 0.005578139 0.00536317
  2 0.056455645 0.054193191 0.056630929 0.06706453 0.086700121 0.08600929
  3 0.082496451 0.079111265 0.083075952 0.09909265 0.128631957 0.12921211
  4 0.089090729 0.084694891 0.088903835 0.10608655 0.137903654 0.13760060
  5 0.096723392 0.091849859 0.095741828 0.11298502 0.146460428 0.14497413
  6 0.104235762 0.098087043 0.101591034 0.11957637 0.152437592 0.14805077
  7 0.119935642 0.111871991 0.115452048 0.13662709 0.176312022 0.17206207
  8 0.125192841 0.116460863 0.117619552 0.13555199 0.167696413 0.15975722
  9 0.125192841 0.116460863 0.117619552 0.13555199 0.167696413 0.15975722
   year
age        1999        2000        2001        2002        2003        2004
  1 0.001989643 0.003214768 0.002711102 0.002594659 0.001945765 0.001554968
  2 0.050161875 0.065901110 0.060446295 0.059367995 0.050976018 0.045716317
  3 0.076153823 0.101286717 0.094005687 0.093658508 0.081130201 0.072454246
  4 0.080274762 0.106235176 0.097432057 0.096858900 0.083592623 0.074930070
  5 0.084011633 0.111581501 0.102982110 0.102930631 0.088557785 0.079016388
  6 0.083927663 0.110438111 0.100932833 0.099420197 0.084661020 0.074578725
  7 0.097891065 0.129315516 0.115706323 0.111659636 0.094382463 0.083001218
  8 0.089842243 0.117819675 0.106927954 0.102642829 0.085161996 0.072715552
  9 0.089842243 0.117819675 0.106927954 0.102642829 0.085161996 0.072715552
   year
age        2005        2006        2007         2008         2009         2010
  1 0.001370746 0.001093141 0.001048075 0.0005427835 0.0005827805 0.0007655623
  2 0.043339102 0.038430648 0.038170207 0.0264182558 0.0274469563 0.0319782274
  3 0.069397808 0.061939325 0.061157670 0.0422859669 0.0439720972 0.0512417833
  4 0.071062181 0.063908686 0.063279111 0.0441615844 0.0460098396 0.0536003329
  5 0.074422274 0.066790128 0.065907700 0.0458078411 0.0479162780 0.0561347628
  6 0.069481135 0.062187579 0.061433499 0.0428392732 0.0450041757 0.0529397926
  7 0.076704109 0.067031005 0.064744922 0.0442588468 0.0457163169 0.0530139602
  8 0.065644596 0.056886342 0.054573874 0.0370309955 0.0378887896 0.0438184639
  9 0.065644596 0.056886342 0.054573874 0.0370309955 0.0378887896 0.0438184639
   year
age         2011        2012         2013         2014
  1 0.0005714692 0.000464848 0.0006919478 0.0007113116
  2 0.0272064827 0.024178294 0.0302034235 0.0306323083
  3 0.0434649679 0.038867378 0.0488109796 0.0500616517
  4 0.0457666326 0.041007512 0.0521099171 0.0533863598
  5 0.0478588129 0.042899290 0.0543397106 0.0557654933
  6 0.0454564752 0.041069070 0.0521881407 0.0533116712
  7 0.0451574503 0.040376797 0.0510627505 0.0520838687
  8 0.0372017305 0.033309921 0.0426256114 0.0436566352
  9 0.0372017305 0.033309921 0.0426256114 0.0436566352


TABLE 5.6.14 Herring in VIa (combined) and VIIbc. ESTIMATED POPULATION ABUNDANCE

Units  :  NA 
   year
age       1957       1958       1959       1960       1961       1962
  1 1279525.67 2069877.53 2972755.92 2189097.68 2946121.15 3460764.24
  2 1550363.53  510936.20 1007517.56 1676133.15  877647.23 1422604.64
  3  637302.69 1187071.61  353981.52  722158.56 1087073.74  360410.88
  4  269143.51  336717.64  781523.11  265933.09  510425.52  727231.40
  5  308352.84  179512.48  181861.37  406362.14  229808.12  396329.02
  6  159372.58  181679.60  114576.73   99111.42  206075.94  164062.05
  7   64925.78   90944.07   91858.07   70544.57   56783.44  166208.78
  8   10106.16   41940.20   41689.31   42574.04   42446.51   39854.87
  9   33489.93   30242.39   37835.38   34132.32   34200.65   49315.81
   year
age       1963       1964       1965       1966       1967       1968      1969
  1 3246214.16 2376168.80 6274472.65 2376168.80 3638201.41 4122622.30 3921559.6
  2 1664441.18 1656139.75  686251.87 5075826.87  615998.62 1701464.66 1832148.7
  3  783087.72 1068749.68  994504.60  483110.17 3213913.78  349759.13  925417.3
  4  181498.02  410856.79  678744.47  622189.51  365492.12 2390468.67  227977.0
  5  458630.43  109644.65  254740.33  361493.74  401514.93  215130.48 1677810.1
  6  278173.42  295670.22   77497.43  159372.58  245241.81  270222.24  156216.8
  7   95798.28  186651.78  203414.29   66105.02   92967.01  144784.25  205870.0
  8  108879.82   67710.73  129443.53  118539.32   44489.12   52470.16  101113.6
  9   55994.01  118066.11  131926.47  163570.60  162917.63  111524.55  108771.0
   year
age       1970       1971       1972       1973       1974       1975
  1 5147388.21 7542015.41 4077521.96 2380925.89 2652465.12 2833434.11
  2 1620102.54 2154350.84 4694959.29 1651178.78  857691.71 1107925.60
  3 1551914.67 1190638.17 1109034.08 3282119.63  747134.13  425917.10
  4  645641.71  983624.99  418737.70  588893.13 1644587.25  325461.68
  5  158102.68  368059.54  409216.65  252963.38  281813.28  638578.57
  6  969950.19   96278.47  165545.27  226839.95  133652.71  110084.11
  7   96857.88  588893.13   48971.80   93246.33  112307.96   47098.67
  8  109864.16   50412.78  308970.17   23813.31   54284.82   46397.46
  9  104297.22  100107.51   63767.57  207938.99  112532.80   74087.34
   year
age       1976       1977       1978       1979       1980       1981
  1 1922236.67 1841332.40 2080252.84 1949337.25 2063677.20 2810857.06
  2 1400024.09  738960.69  785440.51  997492.59  875018.23  900765.29
  3  503832.93  622812.01  399113.05  346278.97  727231.40  802911.68
  4  205458.63  210659.84  305895.86  245487.18  250947.74  513497.27
  5  156216.79   99508.66  114347.80  123747.69  180231.97  179512.48
  6  250196.03   77188.06   55770.48   71040.12   76114.95  112983.83
  7   40619.36   95130.03   36534.05   38177.44   42361.70   60596.96
  8   17149.08   14813.59   43521.05   23623.56   23908.76   20418.57
  9   46490.35   20669.20   17765.26   30212.17   31039.01   28254.27
   year
age       1982       1983       1984       1985       1986       1987
  1 2388079.39 3953057.94 2757954.94 3481591.24 3220348.04 4168221.48
  2 1503039.58  910728.40 2388079.39 1122422.66 1734101.55 1311917.02
  3  474017.73  714258.34  497823.06 1671112.28  757667.57 1000489.56
  4  512984.03  243531.12  338744.02  258073.58 1153140.91  506865.01
  5  302247.05  272120.43  126121.37  186838.52  179153.81  795717.90
  6  112645.39  153430.04  127007.32   75962.87  123377.00  116541.18
  7   56387.34   59456.49   68940.56   71682.36   42830.25   71969.67
  8   39261.51   28254.27   24934.31   36790.69   35632.02   28282.54
  9   22994.26   29673.21   22948.32   20891.55   23552.80   38292.14
   year
age       1988       1989       1990      1991      1992      1993      1994
  1 2380925.89 2568929.93 2741456.76 2780107.1 3756506.6 3700579.5 4333993.7
  2 2551010.21  967044.70 1191829.41 1265528.0 1077334.0 1994691.6 1769132.7
  3  905280.39 2378546.16  717838.58  850857.5  905280.4  686251.9 1094709.9
  4  635393.65  584785.27 2067808.69  596002.4  652130.5  679423.6  398315.6
  5  346278.97  415401.17  453159.75 1518145.4  487965.5  483593.5  401514.9
  6  482627.30  237280.91  292143.38  323838.4 1042362.2  396329.0  299239.6
  7   65512.75  280688.28  192336.17  205048.1  187587.4  705033.1  262761.0
  8   31856.60   38987.64  161457.95  140505.2  122149.4  138136.8  361493.7
  9   27945.18   35171.80   42319.36  110084.1  129573.0  138551.9  163898.1
   year
age      1995      1996       1997       1998       1999       2000      2001
  1 3002632.6 3453849.6 4189114.78 3440061.82 2839106.65 4497354.98 3968901.8
  2 2299034.9 1273144.0 1662777.58 2200070.58 1492555.04  980678.54 2592154.7
  3  945056.5 1291093.4  757667.57 1101297.95 1821188.74  652130.52  598989.9
  4  548531.5  495340.2  669308.25  572060.48  758425.61 1073033.24  414571.2
  5  275130.3  246964.5  292143.38  424216.83  365126.81  453159.75  677388.3
  6  240145.4  166042.7  165545.27  171957.05  282377.47  259107.94  301643.2
  7  187962.9  126247.6   97051.79   87378.10   95320.48  361132.43  179153.8
  8  188527.7  136216.4   73791.59   45297.18   45752.42   80257.86  228205.1
  9  272120.4  252205.6  137173.25   81064.47   58395.84   73644.15  101113.6
   year
age      2002      2003      2004       2005       2006      2007      2008
  1 3602000.7 3638201.4 3580453.4 2882014.25 2665760.66 2045187.4 2299034.9
  2 1770902.7 1703167.0 1669442.0 1681169.10 1261737.12 1394435.2  913464.7
  3 1735836.5 1524230.1 1178791.1 1196606.27  916209.20 1024791.8  958380.3
  4  344551.9 1309295.8 1107925.6 1012567.76  747881.63  568638.4  783871.2
  5  345241.7  241349.2  918043.5  750879.15  968012.23  496331.8  389648.4
  6  476870.4  266732.1  163080.6  467895.38  665970.06  722158.6  346972.2
  7  197402.5  300138.7  201591.8   94750.27  407175.67  472597.8  544160.8
  8  111636.1  169905.9  183689.1  108662.28   69772.83  295670.2  341806.5
  9  160011.3  140927.4  161457.9  132190.59  141633.78  116774.5  297747.2
   year
age      2009      2010      2011       2012       2013       2014
  1 2867640.1 3801856.3 2623447.9 1753281.97  992517.58  860268.65
  2 1075181.5 1240468.9 2122276.7 1282087.29  746387.36  438011.31
  3  615998.6  766814.3  765282.3 1756792.04  719275.69  523347.00
  4  700815.5  393564.4  499818.3  464167.15 1381941.57  580125.65
  5  509915.3  419576.0  269143.5  290105.52  304674.72 1036126.71
  6  280127.5  283225.9  243287.7  184979.45  173859.02  213202.99
  7  256529.8  173165.0  157156.9  139944.33  119014.43   95034.95
  8  428909.0  168720.7  115844.0   72984.33   87029.29   73276.85
  9  424641.3  443742.6  289815.6  180412.29  123377.00   92781.26


TABLE 5.6.15 Herring in VIa (combined) and VIIbc. PREDICTED CATCH NUMBERS AT AGE

Units  :  NA 
   year
age      1957       1958       1959       1960      1961      1962      1963
  1 10787.248  28885.644  40550.363  17960.138 14715.108 29126.392 17772.010
  2 92605.147  40279.583  79165.826 101275.520 40692.537 87203.522 80169.626
  3 58735.524 142158.797  41460.647  64299.041 73460.270 31961.905 55022.639
  4 28138.668  45912.836 105334.892  27296.124 40034.626 75071.780 14861.362
  5 37436.446  28254.274  28180.908  48223.416 20811.687 46616.042 42391.366
  6 20256.682  29860.744  18467.912  12188.279 19289.766 20204.891 27192.596
  7 10126.591  18333.037  18223.368  10756.333  6617.348 25240.371 11561.432
  8  1755.256   9399.107   9199.367   7256.624  5575.236  6851.960 15037.164
  9  5818.978   6775.578   8350.361   5815.255  4491.805  8479.867  7738.398
   year
age      1964      1965      1966      1967       1968      1969      1970
  1 12655.536 39371.599  26061.12  35464.94  28669.812  47767.46 109065.07
  2 77776.919 34804.432 350915.24  39862.85  92855.519 137063.55 166791.53
  3 73577.901 74495.947  48869.07 307952.24  28518.264 104224.24 240915.13
  4 33196.509 60180.280  74585.40  41668.47 230406.403  29869.70 114187.83
  5  9827.403 24688.677  46742.07  49138.59  22272.322 237470.81  30175.93
  6 28324.998  8069.284  22408.60  32761.19  30625.859  24122.49 201329.87
  7 22143.516 26278.332  11377.69  15114.35  19893.732  38158.35  23777.62
  8  9234.669 19227.561  23388.51   8330.26   8318.689  21546.74  30776.29
  9 16113.940 19596.181  32289.58  30509.70  17683.902  23178.95  29210.98
   year
age      1971      1972       1973      1974      1975       1976       1977
  1 342593.54 107366.12  93199.720 163816.14 169447.77 107516.543  42074.621
  2 342045.83 575273.01 256375.898 172439.20 225212.57 281785.099  95101.498
  3 279539.81 200185.56 734540.197 210701.98 119790.54 139079.362 111736.645
  4 257480.69  84136.86 146502.826 516845.88 101986.94  63424.151  42873.106
  5 103611.13  89321.72  68165.919  95520.87 216360.22  51979.256  21935.684
  6  29469.17  39791.16  67534.915  50136.27  41502.13  93069.332  19302.309
  7 207814.26  13557.97  31335.283  46732.73  19660.37  16748.433  26728.882
  8  20071.38  97567.53   9096.273  25430.39  21785.07   7960.125   4744.256
  9  39838.94  20133.90  79443.392  52706.81  34787.03  21570.890   6619.135
   year
age      1978      1979      1980       1981       1982      1983       1984
  1 24035.808  8185.258 10875.306  39351.918  55044.653  97314.18  33536.846
  2 71775.610 53385.796 53701.703  95587.755 211440.730 133826.57 244849.741
  3 51072.425 26362.557 64260.473 121625.265  94258.850 149312.99  74131.810
  4 44954.224 21518.321 25230.276  87194.802 113311.960  56022.01  55237.646
  5 18182.775 11816.238 19934.158  33526.787  73666.247  69494.30  23051.820
  6 10098.276  7769.569  9526.284  23753.852  30687.172  43721.71  26066.337
  7  7528.567  4822.511  6158.140  14577.288  17434.914  19241.03  16195.521
  8 10319.494  3440.218  3969.637   5537.841  13590.279  10198.85   6573.292
  9  4210.388  4397.669  5155.709   7664.082   7962.593  10712.32   6050.160
   year
age       1985       1986       1987       1988       1989       1990
  1  30955.315  31878.912  43984.826  11552.417   8385.087  10330.542
  2  97880.243 161943.049 127605.659 165495.619  51246.367  69612.540
  3 214228.825 104140.893 143702.433  87912.739 189283.279  62523.640
  4  36029.740 172559.951  79379.863  67399.980  50807.538 196968.678
  5  29430.888  30272.652 140744.293  41464.794  40643.736  48189.672
  6  13480.777  23334.775  22929.968  64286.183  25609.022  34036.883
  7  14595.083   9263.804  16252.955  10068.429  35143.677  25806.973
  8   8375.366   8542.338   7051.601   5391.937   5356.735  23578.723
  9   4753.850   5645.872   9550.130   4729.383   4831.972   6182.636
   year
age       1991      1992      1993     1994      1995       1996      1997
  1   6890.783  7570.694  7624.866  7914.09   5720.72   8710.374  16268.57
  2  60192.317 46995.165 91016.856 77621.52 105219.09  68713.434 114943.96
  3  60126.142 58653.352 45853.188 70206.77  63576.55 102847.234  77242.11
  4  45977.159 45954.176 49227.121 27490.62  39683.87  42433.779  73401.53
  5 130131.402 37722.047 38242.395 30248.44  21548.90  22656.453  34210.91
  6  30372.716 87983.097 33762.297 24064.67  19964.68  16109.590  20174.40
  7  22014.355 18020.765 68809.700 24009.38  17696.82  13927.213  13567.74
  8  16236.872 12463.754 14045.678 34320.56  18065.15  14922.419   9848.85
  9  12723.297 13224.679 14088.723 15570.60  26071.55  27636.703  18310.68
   year
age       1998       1999      2000       2001       2002       2003      2004
  1  12842.818   3938.755 10081.023   7500.613   6518.959   4935.800  3885.590
  2 150949.406  60700.062 52026.059 126475.008  84863.554  70382.505 62044.056
  3 112803.202 112577.821 53045.218  45333.430 130953.817 100187.629 69459.561
  4  62617.496  49731.808 92032.771  32748.093  27067.797  89294.931 68009.318
  5  49173.001  25252.994 41064.530  56891.430  28986.921  17545.802 59850.197
  6  20401.220  19552.531 23330.108  24919.353  38828.120  18623.509 10082.938
  7  11942.037   7674.666 37854.305  16899.343  18016.981  23327.775 13850.685
  8   5782.608   3392.390  7705.272  19974.865   9403.056  11967.381 11109.990
  9  10350.809   4331.417  7070.878   8851.126  13483.203   9927.361  9770.471
   year
age      2005      2006      2007       2008      2009      2010      2011
  1  2755.240  2032.191  1496.104   871.1376  1166.671  2031.135  1046.252
  2 59302.100 39533.354 43386.343 19777.6937 24180.456 32457.928 47344.219
  3 67643.057 46411.382 51241.242 33443.0744 22319.143 32270.217 27421.976
  4 59018.132 39347.983 29643.555 28773.2093 26771.683 17452.357 18985.485
  5 46203.000 53605.127 27157.268 14960.3702 20448.197 19644.251 10782.503
  6 27000.212 34537.467 36986.194 12503.4514 10598.948 12555.700  9288.014
  7  6036.804 22774.574 25545.080 20311.8553  9880.219  7710.667  5981.281
  8  5955.914  3325.516 13536.161 10706.3254 13743.208  6235.849  3645.687
  9  7245.240  6752.918  5345.979  9331.4902 13611.904 16405.140  9119.224
   year
age       2012       2013       2014
  1   568.6926   479.1866   426.9556
  2 25440.5592 18448.5305 10981.0902
  3 56443.7587 28879.8674 21538.9887
  4 15840.8924 59587.4345 25632.0807
  5 10437.2874 13814.5823 48194.4911
  6  6397.9954  7597.9215  9510.9591
  7  4775.7199  5109.7206  4158.7923
  8  2060.5743  3131.4455  2698.5773
  9  5093.5993  4440.2679  3416.5618


TABLE 5.6.16 Herring in VIa (combined) and VIIbc. CATCH AT AGE RESIDUALS

Units  :  NA 
   year
age      1957       1958       1959        1960       1961       1962
  1 -0.425263 -0.5114440  0.2411910 -1.27197000 -0.0139112  0.5372210
  2 -0.636558 -0.8458520 -0.2766720  0.61462000  1.0383300  0.6010530
  3  0.552144  0.3377010 -0.3407160  0.10079800 -0.0349166 -0.7565520
  4 -0.213724 -0.2100800  0.7746370 -0.33898800 -0.2047590  0.1005920
  5  0.190210 -0.0242091 -0.0472542  0.22100700  0.7544380  0.2332360
  6  0.288807  0.3272180  0.1185280  0.00294942 -1.4010900  0.5459950
  7 -0.228833  0.4037480  0.1538950  0.14541700 -0.6238320  0.4497590
  8 -0.183400  0.4455130 -0.3865240 -0.22332400 -0.1206600  0.3392920
  9 -0.608002  0.8727860  0.3686200 -0.58001800 -1.4222300 -0.0170578
   year
age       1963       1964       1965       1966       1967      1968      1969
  1 -0.3370110  0.6231270  1.7018900  1.7562600  1.4831000  1.712000 -0.166557
  2  0.1537970  0.5591550 -1.8666600  1.8176700 -1.5449800  0.590233 -1.149850
  3  0.2214240  0.0464637 -0.1537980 -0.3530280 -0.5512510 -0.426714 -0.977391
  4 -0.5156170 -0.5387440  0.5552330 -0.2438910  0.8295450  0.254507 -0.368787
  5  0.0443008 -0.4862420 -0.0312427 -0.9108100 -0.0786392 -0.579069  0.505190
  6  0.2518230 -0.2110680 -0.6641590  0.0585552  0.4593830 -0.347021  0.313543
  7 -0.5992300 -0.1711200  0.4293280  0.4979460  0.0344057 -0.546696  0.864800
  8 -0.0982243  0.2910480  0.3556770 -0.3790420  0.7130450 -0.431328  0.835077
  9  0.0603732  0.2938690  0.5865580  0.0870636  0.3452650 -0.663415  0.749461
   year
age      1970        1971      1972       1973      1974       1975
  1  0.655605 -0.41605900  1.348150 -0.4036060  0.541260  0.0518005
  2 -1.019410 -0.01088970  0.573060  0.3451190 -0.518154  0.3632220
  3  0.698365  1.90228000 -0.106562  0.7136730 -0.431108 -0.2240190
  4  0.428390  0.91409700 -1.550500  0.0584964  0.406292 -0.4366520
  5  0.221024  0.31318300 -0.642292  0.1578820  0.229515 -0.0968238
  6 -0.457277  0.00404852 -0.497644 -0.0356446  0.726841 -0.0225929
  7  0.157099 -0.29804600  0.341486 -0.6217730 -0.121879 -0.3594280
  8 -0.220368 -0.15893200  0.172459 -0.2276310  0.813135  0.1037490
  9 -0.375564 -0.49503300  0.125705  0.1489280 -0.068895  0.8798000
   year
age         1976       1977      1978      1979        1980       1981
  1 -0.190535000 -0.0567155  0.257956 -0.237529 -0.56434700 -0.0214158
  2  0.995208000 -0.1423220  0.878421 -0.286678 -1.33825000  0.2216350
  3 -0.000710662 -0.1061440 -0.322986 -1.473200  0.05640520  0.8988050
  4 -0.102711000 -0.4079810  0.857608 -0.345026 -0.00735241  0.2915370
  5 -0.134026000  0.0753494 -0.161925 -1.088820  0.49060800  0.1044270
  6 -0.090444100  0.6403980 -0.441259  0.381543 -0.96085100  0.3074310
  7 -0.177130000 -0.0356592 -0.781499  0.569473  0.56841100  0.1473930
  8 -0.187291000 -0.4554970 -0.128322  0.809235  0.29070000 -1.0114800
  9  0.806621000 -0.5173200  0.466942 -0.233376  0.10939600 -0.5073530
   year
age      1982      1983       1984       1985       1986      1987        1988
  1 -1.144900 -0.128950 -1.5956800  0.4087310  0.0707775 -0.276964 -1.60283000
  2  1.110960 -0.451806  0.4615350 -0.7156530  0.5479610 -0.689610 -0.50623500
  3 -0.258932 -0.225694  0.2669050  0.0331249  0.4183700 -0.626681  0.00657719
  4  0.336447 -0.122355 -0.2062610 -0.8613180  0.3316840 -0.358232  0.13860500
  5  0.190654  0.313611 -0.1892470 -0.4990180  0.4711790  0.277322  0.18539300
  6  0.151926  0.200535 -0.3469570  0.2657410  0.5038410  0.145522  0.67391800
  7 -0.518567  0.498222 -0.2739880  0.4566110 -0.5284400  0.957559  0.05981370
  8  0.732170  0.459899 -0.0684191  0.8506570 -0.7108430  0.989269 -0.43915400
  9 -0.459917  0.556495 -0.0380560 -0.2804720 -1.0309700  1.694320 -0.28833700
   year
age        1989       1990       1991       1992      1993       1994
  1  0.00716001  0.3222690  1.1472900  0.0298458  0.716020  0.4438640
  2 -0.74696900 -0.2601320 -0.2181000 -0.7552950  1.128120  0.8307770
  3 -0.02341040 -0.1708990 -0.5864520  0.6536460 -0.480600  0.0801087
  4 -0.56008100  0.6480950 -0.5780350  0.4478820  0.340283 -0.8576230
  5 -0.12300600  0.2543630  0.2732940 -0.4334920 -0.199309 -0.1643360
  6 -0.58515100 -0.0787071  0.1638080  0.9226630 -0.817498 -0.4739360
  7  0.59695500  0.0693792  0.0907953 -0.8937450  1.067310 -1.0668100
  8  0.27515700  0.7361080  0.3677510  0.0144732 -0.405623  0.7909750
  9  0.97434800  0.2354220 -0.1573710 -0.3675750 -1.183380  0.8532380
   year
age       1995      1996      1997       1998      1999      2000      2001
  1 -1.9636800 -0.216532 -0.529557  0.2115740  0.783498 -0.639484  0.383900
  2  0.4824080 -0.459828 -0.115403 -0.1256690  1.656700 -0.834628  0.457372
  3  0.1614530 -0.121639 -1.110720  0.0975108  1.502580 -0.822248  0.123911
  4  0.0239763 -0.235959 -0.195412  0.5364750  0.876101  0.068172 -0.999200
  5  0.6019700 -1.248060  0.454377  0.3536780 -0.345101 -0.255043 -0.898714
  6  0.0746876  0.470618  0.709033  0.6633220 -1.761530 -0.159148 -0.336458
  7 -0.9143800 -0.373566  1.495900  0.7177710 -1.882950  2.952120 -0.431149
  8 -0.2806920  1.087150 -0.424694  0.2547220 -1.190780  0.676077  1.937050
  9 -0.2659790  0.988794 -0.830053 -1.6133700 -2.425710 -0.227095  0.734799
   year
age       2002       2003       2004       2005       2006       2007
  1 -1.3675600 -0.0178202  0.5467080  0.8529670 -0.8584630 -1.6584500
  2 -0.7074220 -0.9246880  0.1131960  1.5387500 -1.4931600  1.4297400
  3 -0.0563236  0.6924050 -1.5912400  2.0050100 -0.0532224  0.8696170
  4  0.0963986 -0.2311340  0.0105276 -0.0072163  0.5463360  0.0487140
  5  1.1726700 -0.0646262  0.2381040 -0.6274000  0.7569120  0.1436510
  6  0.5949750  0.2530750  0.0213139 -1.6628000  0.3044960 -0.1210860
  7 -0.9233440 -0.4968500  0.8046210  0.1973500  0.1248540 -0.4217620
  8  0.2405350  1.9075300  0.3643190 -0.8109460  0.4911810  0.0658217
  9  0.4770030 -0.7431150 -0.4368590 -1.6244600 -0.6849750 -0.6456380
   year
age       2008       2009       2010       2011      2012      2013       2014
  1 -0.4945270  0.5031640  1.4423500  0.4493290  1.992500 -1.728310 -2.1216400
  2  0.0902419 -0.0190624  0.1960650  0.6835820  0.414234 -0.438051 -0.8424170
  3 -0.1050170  0.0487180  0.5708620 -0.4140690  0.516335 -1.123040  0.5001030
  4  0.7685830  0.3226200 -0.2627230  0.1125610 -0.663373  0.431993  0.3796980
  5 -0.2013080  0.1035600  0.5711550 -0.0904168 -0.259948 -0.161044  0.5640690
  6 -0.3194100  0.1429710  0.1991730 -0.2254050  0.329463  0.731863  0.0127644
  7 -0.6781740 -0.1565270 -0.5296670  0.0418013 -0.367316  0.364585 -0.1949260
  8 -0.5992350 -0.2674410 -0.0973452 -0.0486246 -1.652260  1.242200  0.6385520
  9 -0.0330951 -1.1704000 -0.6538860 -0.7066860 -0.749606  0.529141 -0.2359200



TABLE 5.6.18 Herring in VIa (combined) and VIIbc. PREDICTED INDEX AT AGE IBTS_Q1

Units  :  NA 
   year
age       1986       1987       1988       1989       1990      1991      1992
  2 371.790305 280.948113 549.280917 208.612820 256.905933 273.40111 232.72325
  3 161.833819 213.355545 194.614368 512.920058 154.658583 183.69559 195.75816
  4 246.294999 108.149010 136.682402 126.181330 445.585880 128.89009 141.22297
  5  38.236479 169.660605  74.511241  89.772617  97.793685 328.74422 105.76927
  6  26.248268  24.771901 103.746456  51.235877  62.948064  70.08018 225.85202
  7   9.079871  15.226084  14.047016  60.487698  41.369339  44.30467  40.61307
  8   7.515894   5.951599   6.812574   8.383538  34.638300  30.31249  26.41812
  9   4.967467   8.060374   5.975454   7.562259   9.082686  23.75303  28.03097
   year
age      1993      1994      1995      1996      1997      1998       1999
  2 430.73369 382.36666 496.38409 274.70561 357.80566 473.52751 322.589301
  3 148.35232 236.57375 204.28580 278.55346 162.76867 236.67550 393.676694
  4 146.97316  86.19912 118.71551 107.00440 143.91891 123.03022 164.266482
  5 104.74408  87.09592  59.60265  53.41705  62.92478  91.33372  79.279533
  6  85.85072  64.88718  52.04142  35.89256  35.65324  37.06859  61.321468
  7 152.51607  56.89571  40.68624  27.25208  20.84992  18.77845  20.685439
  8  29.87584  78.24774  40.79665  29.42045  15.86761   9.75344   9.936154
  9  29.96740  35.49813  58.87520  54.48797  29.50058  17.45838  12.686520
   year
age      2000      2001      2002      2003      2004      2005      2006
  2 211.57510 559.73866 382.28255 368.16824 361.22824 363.90396 273.11692
  3 140.65218 129.18558 374.55176 329.36943 254.96595 258.93576 198.56371
  4 231.74555  89.64165  74.51422 283.54760 240.22837 219.50829 162.34602
  5  97.97869 146.64871  74.75380  52.33315 199.43134 163.19732 210.43567
  6  56.11202  65.36455 103.35400  57.91868  35.47435 101.78167 145.10244
  7  78.06408  38.77284  42.77911  65.14073  43.80859  20.61832  88.71509
  8  17.37444  49.44298  24.21107  36.91950  39.97403  23.68116  15.21269
  9  15.94396  21.90884  34.71667  30.62602  35.15476  28.80733  30.89147
   year
age      2007      2008      2009      2010
  2 301.76543 197.96099 233.03997 268.88130
  3 221.96062 208.16687 133.68149 166.26618
  4 123.48504 170.61508 152.46575  85.54478
  5 107.99447  85.00924 111.15660  91.40681
  6 157.25992  75.75163  61.16774  61.76581
  7 102.93729 118.89967  56.01727  37.79323
  8  64.49579  74.72390  93.77141  36.86638
  9  25.47200  65.12835  92.87551  96.98730


TABLE 5.6.19 Herring in VIa (combined) and VIIbc. INDEX AT AGE RESIDUALS IBTS_Q1

Units  :  NA 
   year
age      1986      1987       1988       1989         1990       1991      1992
  2 -0.865550 -1.139370  1.1650100 -1.3440700 -0.936122000  0.5320760 -0.939102
  3 -1.762730  0.619742  1.0826300  1.0090900 -0.838107000  2.1423200 -0.534967
  4 -1.274970  0.899385 -0.0197650  0.1981100 -0.349405000  2.0200000 -0.197360
  5 -1.108580  0.325215  0.1341190 -0.0334831  0.000752367  1.5139200  0.497400
  6 -0.772849  0.775247 -1.0718400  0.3631200  0.070403200  1.9548300 -0.693513
  7 -0.538093 -0.688846 -0.0625185 -1.7049100  0.622305000  1.9650900  0.175380
  8 -1.072640  0.754193 -1.2699400 -0.3521210 -1.657390000  1.7017900  0.280915
  9 -1.685000 -0.339147 -1.8070100 -1.9373800 -1.191730000 -0.0620201 -0.385842
   year
age       1993      1994       1995       1996       1997      1998      1999
  2 -0.7975290 -0.753986  0.4223760  0.2118460  0.0982890 -2.339080 -0.336749
  3  0.9330450  0.635764 -0.2510150 -0.1547940  1.1646100 -0.995970 -0.338298
  4 -0.1854620  0.259289 -0.0139764 -1.2229300 -0.0944449 -1.493420 -0.264918
  5  0.6552420 -0.385877 -0.6033680 -0.1782110 -0.2880340 -1.925030 -0.311301
  6  1.0971200  0.069977  0.0866229 -0.3723340  0.4667130 -2.287200 -0.935317
  7 -0.0538949 -0.188511 -0.0929125 -0.7136990  0.0687481 -1.272850  0.160741
  8  0.6879900 -2.552560  0.0939652 -0.1038540  1.1869300 -0.871045  0.360265
  9 -0.7461730 -3.393110 -1.8107200 -0.0117253  0.5968230 -0.253979  0.635956
   year
age       2000       2001       2002      2003     2004      2005         2006
  2  0.8165900 -1.5432700  0.9694840 -0.256251 0.446962 -0.429378  0.207165000
  3 -0.4074360 -0.0638524 -0.0233401 -0.992203 1.219690 -0.854767  0.000549554
  4 -1.0627300  0.0675134  0.4630690 -0.487208 0.688146  0.300014 -1.017080000
  5 -0.7425560  0.3474620 -0.2452320  0.182015 1.168920  0.818484  0.153209000
  6 -0.6048110  0.4855010  0.3219290 -0.189558 1.958160  1.328340  0.703518000
  7 -1.2069500  0.7908060  0.7429100  0.121956 1.457390  1.607350  0.987417000
  8 -0.8137080 -0.6748830  1.0207400 -0.303871 1.251710  1.426570  1.135130000
  9  0.0894469  0.2173640  0.6899950  0.170026 1.207660  0.999082  1.451880000
   year
age      2007      2008      2009        2010
  2 -1.441200 -0.695804 -0.911267 -1.58826000
  3 -0.674225 -1.435940  1.288510 -0.00584516
  4 -0.203434 -0.990948  1.085490  0.40688800
  5 -0.306614 -0.615927  0.929434 -0.04472220
  6  0.230300 -0.621781  0.946846  0.12008700
  7  0.406163 -0.627135  1.082020  1.28366000
  8  0.237739  0.400008  1.709810  1.08700000
  9  1.046360 -0.448258  1.759860  1.31245000


TABLE 5.6.20 Herring in VIa (combined) and VIIbc. PREDICTED INDEX AT AGE WoS HERAS

Units  :  NA 
   year
age      1991      1992      1993      1994      1995      1996      1997
  1 172767.15 233421.24 230061.05 269331.97 186745.13 214528.96 259938.41
  2 386659.60 329819.23 609808.35 541825.89 702710.30 387201.30 500168.34
  3 438361.85 468644.61 354761.14 566538.32 488404.87 661522.98 381780.07
  4 308784.84 339557.98 352991.76 207399.05 285129.86 255148.24 338642.41
  5 790641.56 255531.25 252811.64 210638.78 143918.15 128053.06 148731.81
  6 168232.12 544977.62 207067.48 156905.66 125655.59  86008.38  84263.16
  7 105884.06  97665.14 366480.28 137173.25  97948.78  65023.24  48927.75
  8  72113.75  63322.75  71625.04 188282.73  98125.25  70227.83  37369.12
  9  56511.53  67191.36  71847.42  85416.96 141605.46 130066.35  69473.45
   year
age      1998      1999      2000      2001      2002      2003      2004
  1 213437.64 176504.21 279595.73 246668.35 224022.10 226205.69 222815.64
  2 662118.62 457897.21 298343.27 791116.09 540581.13 522458.06 513702.71
  3 554987.02 943923.12 333700.78 307429.17 891445.87 788115.55 612313.69
  4 289525.89 395972.48 552550.44 214528.96 178367.27 682556.10 580357.75
  5 216014.32 192374.64 235013.91 353027.06 179961.82 126740.88 484949.48
  6  87772.19 149163.75 134982.44 157865.71 249771.06 140842.85  86629.87
  7  44143.46  50166.36 186838.52  93330.29 103145.92 158213.39 106905.44
  8  23047.21  24178.04  41785.30 119455.60  58600.59  90012.16  97978.17
  9  41253.86  30871.85  38345.79  52928.65  84027.55  74667.48  86163.33
   year
age      2005      2006     2007
  1 179243.41 165777.20 430498.9
  2 518035.99 389609.41 535577.0
  3 622625.19 478925.34 299808.7
  4 531203.25 394036.96 264051.6
  5 397599.30 514319.53 386157.3
  6 249097.58 356183.03 253140.5
  7  50448.08 217945.43 159277.0
  8  58215.10  37533.91  62906.2
  9  70813.15  76221.59 172767.1


TABLE 5.6.21 Herring in VIa (combined) and VIIbc. INDEX AT AGE RESIDUALS WoS HERAS

Units  :  NA 
   year
age       1991      1992       1993         1994       1995      1996      1997
  1  0.4436250 -0.755592 -3.0239300  0.400594000  0.5675630 -1.088870  0.735697
  2 -0.5226280  0.811421 -0.0984323  0.000818278  0.8658270  0.763719  0.478605
  3 -0.5570780 -1.531370  1.2751500  0.134668000 -0.0602523  0.370867 -0.553056
  4  0.3358290 -0.526334  1.2826700  0.613965000  0.8768180  0.488359 -1.356000
  5 -0.9247550  0.929383  1.5426600  0.721309000  0.1174760 -0.565577 -1.556170
  6  0.0903447 -1.572700  2.8204400  1.028240000  0.7649360 -0.671940 -1.020070
  7 -0.1340740  0.151080 -0.4122860  2.086160000  1.0489900  0.333832 -2.111440
  8  0.4214530 -0.211695  1.5164800 -0.154289000  1.6897300  0.206042 -0.487216
  9  0.0513316 -0.110218  1.5536300  0.833408000  0.6788200 -0.239425 -2.004770
   year
age      1998      1999      2000      2001      2002       2003      2004
  1  1.151630  0.730991 0.3106500  0.157406  0.422263  0.4374000  0.613027
  2  0.350038 -0.673304 0.1115010  0.565035 -0.412466  1.3199900 -1.202600
  3  0.352193  0.739875 0.0194494 -0.662283  0.915970  0.3228850  0.415208
  4  0.934096  0.167102 0.9349630 -0.415121  0.217669  1.4744500 -0.521359
  5 -0.360167  0.903171 0.9886220  0.411718 -0.205230  0.6869460  0.334242
  6 -0.195515 -0.139567 1.1641500 -0.334687  1.016750 -0.1655690 -0.847507
  7 -0.870124  1.045440 0.1258650  0.185470  0.747763  1.5054400 -1.051690
  8 -0.977165  0.253988 1.5760600 -1.581170  0.271372  0.4583220 -0.336855
  9 -0.220772  0.262692 1.0127400 -0.810244 -0.662274  0.0135585 -0.233245
   year
age      2005       2006       2007
  1 -0.840135 -0.2571180 -2.3577100
  2 -1.449420  1.4632200 -1.1481900
  3 -1.908400 -0.4045840 -0.7529170
  4 -0.436542 -0.6250180 -1.1461700
  5 -0.928261  0.2378620 -0.2057500
  6 -0.937726  0.2917970 -0.0792299
  7 -2.662000  0.0780245  0.0501248
  8 -0.768612 -1.0514100 -1.2910300
  9 -1.864500 -0.4816080  0.4436250


TABLE 5.6.22 Herring in VIa (combined) and VIIbc. PREDICTED INDEX AT AGE IBTS_Q4

Units  :  NA 
   year
age      1996      1997      1998      1999      2000      2001      2002
  2 48.393233 62.110807 82.241497 57.553215 37.303979 99.095100 67.734117
  3 48.963249 27.984198 40.672411 70.399066 24.682636 22.794288 66.106032
  4 18.948410 24.884124 21.277283 29.656461 41.032728 15.976997 13.286520
  5  9.548270 10.968856 15.938858 14.482340 17.532039 26.410720 13.463334
  6  6.411928  6.214157  6.482135 11.251596 10.092979 11.841496 18.744868
  7  4.830983  3.587659  3.241545  3.774999 13.914480  6.982032  7.726917
  8  5.219596  2.748101  1.699269  1.824296  3.123737  8.962238  4.402709
  9  9.666922  5.109186  3.041680  2.329268  2.866581  3.971326  6.313120
   year
age      2003      2004      2005      2006      2007     2008     2009
  2 65.644906 64.661761 65.257436 49.157528 54.324211 35.95291 42.29082
  3 58.680061 45.721105 46.539434 35.888970 40.141070 38.18299 24.48964
  4 51.064524 43.545223 39.904536 29.671886 22.580123 31.64848 28.24256
  5  9.527382 36.567505 30.027091 38.941090 19.997555 15.98035 20.86285
  6 10.621391  6.554816 18.878996 27.061715 29.345817 14.33422 11.55583
  7 11.919313  8.084753  3.823094 16.569439 19.258837 22.58961 10.63095
  8  6.802295  7.434267  4.427566  2.863000 12.159126 14.27386 17.90088
  9  5.642741  6.537926  5.385984  5.813716  4.802084 12.44091 17.72986


TABLE 5.6.23 Herring in VIa (combined) and VIIbc. INDEX AT AGE RESIDUALS IBTS_Q4

Units  :  NA 
   year
age        1996      1997       1998       1999      2000     2001     2002
  2  0.25990100 -0.857691 -1.0948300 -1.2956900 -0.819380 0.538660 -1.89106
  3  0.82731800  0.349047 -0.4227970 -1.5736400 -1.305750 1.251440 -2.48530
  4 -0.06170870  0.137091  0.3325200 -0.6198380 -1.413250 1.119890 -3.16863
  5  0.68465100  0.699511  0.7976750 -0.1461970 -1.145040 1.175290 -2.48938
  6 -0.13816200  0.877611  1.0266600  0.5177920 -0.419855 1.520910 -2.42283
  7 -0.00507374 -0.242604 -0.0290449  0.7223360 -1.525650 1.617060 -1.77721
  8  0.77848000  1.357040 -0.2788320 -0.0658414 -0.382095 0.482570 -1.38895
  9  0.42128900  0.940531  1.1317000  0.9346030 -0.431238 0.307521 -2.72760
   year
age       2003      2004      2005        2006      2007       2008      2009
  2  1.4060700 -0.172455 -1.347140 -0.20053600 -0.156341 -1.1441600  0.520401
  3  0.1603180  1.288970 -1.736900 -0.60997600  0.050754 -0.0437962  0.451111
  4  0.3426730  1.078020 -0.669634 -0.40529100  0.148561 -0.4273860  0.343521
  5 -0.2215310  1.452780 -0.193098 -0.00381352  1.042070  0.1451470  0.323691
  6  0.0789736  1.117260 -0.218115  0.59403900  0.489001  0.3165590 -0.209989
  7 -0.0853015  1.192270 -1.175880  0.64757900  0.975829  0.5438170  0.465869
  8 -0.1709740  0.851038 -0.201252  0.92555100 -0.150768  0.3684290  0.286564
  9  0.1098680  0.252640 -0.138505  0.79281500 -0.434017  0.3261320  0.578929


TABLE 5.6.24 Herring in VIa (combined) and VIIbc. PREDICTED INDEX AT AGE MS HERAS

Units  :  NA 
   year
age     2008     2009     2010      2011       2012      2013      2014
  1 380332.1 474397.1 628631.2 433826.52  289902.52 223775.81 131334.13
  2 274361.0 322836.1 371795.8 637685.18  385655.59 467848.59 340169.74
  3 625683.5 401514.9 497823.1 499069.18 1149226.88 905189.87 379989.92
  4 516019.6 460791.1 257712.5 328535.44  306018.24 201491.00 684949.23
  5 259030.2 338405.4 277312.4 178652.88  193010.52 115462.38 141478.07
  6 231677.1 186913.3 188113.4 162153.71  123661.10  79419.56  63373.43
  7 364470.2 171596.3 115427.7 105177.01   93957.70  58349.15  49094.39
  8 229739.2 288197.1 113029.0  77870.31   49168.08  82735.16  62155.84
  9 200245.6 285443.7 297360.4 194774.94  121540.16 142229.89 380332.06


TABLE 5.6.25 Herring in VIa (combined) and VIIbc. INDEX AT AGE RESIDUALS MS HERAS

Units  :  NA 
   year
age       2008       2009        2010      2011      2012       2013       2014
  1 -0.3329260  0.4841000 -0.92468400 -1.394190  0.740031 -0.1083570  1.5503900
  2  0.0749247 -0.4017270  0.02047720 -1.852570  0.722896 -0.1482530 -0.6898430
  3  0.9520690 -0.7804020 -0.58478900  1.202590 -0.658619 -0.6092300  0.5701690
  4  0.6791510 -0.0774986 -0.12506400  0.793753  1.072270 -0.0699253 -0.5064900
  5  0.6913550  0.2388790 -0.95910400  0.358008  0.520081 -1.0066100  0.0954445
  6  0.7309200  0.3789660 -0.51865300  0.691185 -0.156909 -0.5254400 -1.3587100
  7  1.4555100  0.2383730 -0.25308900  1.362780  0.347294 -1.4553200 -1.9721900
  8  1.0599300  1.1246100 -0.24134200  0.765262  0.284654 -1.6204300 -3.1927600
  9  0.6391520  0.9564150 -0.00225604  0.619276 -0.306843  1.4293300 -0.3329260



TABLE 5.6.27 Herring in VIa (combined) and VIIbc. FIT PARAMETERS

           name    value  std.dev
1       logFpar -1.38110 0.674550
2       logFpar -0.97821 0.389580
3       logFpar -0.20969 0.347730
4       logFpar -2.35840 0.460290
5       logFpar -0.94432 0.289780
6       logFpar -0.42141 0.291030
7       logFpar -8.38500 0.270040
8       logFpar -9.78250 0.308620
9  logSdLogFsta -0.68286 0.180820
10 logSdLogFsta -1.26230 0.115060
11    logSdLogN -0.82675 0.254130
12    logSdLogN -1.37000 0.093575
13  logSdLogObs  0.17616 0.109030
14  logSdLogObs -1.54260 0.097832
15  logSdLogObs -1.16860 0.132490
16  logSdLogObs  0.32634 0.311010
17  logSdLogObs -0.71332 0.129350
18  logSdLogObs  0.41535 0.181230
19  logSdLogObs -0.65173 0.074639
20  logSdLogObs  0.45384 0.144900
21  logSdLogObs -0.30917 0.062306
22  logSdLogObs  0.13668 0.196710
23  logSdLogObs -0.30653 0.076189
24          rho  0.97774 0.012808


TABLE 5.6.28 Herring in VIa (combined) and VIIbc. NEGATIVE LOG-LIKELIHOOD

996.033


