TABLE 5.6.2.1 HERRING in VIa (N). CATCH IN NUMBER

Units  :  Thousands 
   year
age  1957   1958   1959   1960  1961  1962  1963  1964   1965   1966   1967
  1  6496  15616  53092   3561 13081 55048 11796 26546 299483 211675 207947
  2 74622  30980  67972 102124 45195 92805 78247 82611  19767 500853  27416
  3 58086 145394  35263  60290 61619 22278 53455 70076  62642  33456 218689
  4 25762  39070 116390  22781 33125 67454 11859 26680  59375  60502  37069
  5 33979  24908  24946  48881 22501 44357 40517  7283  22265  40908  39246
  6 19890  27630  17332  11631 12412 19759 26170 24227   5120  19344  29793
  7  8885  17405  16999  10347  5345 24139  8687 18637  22891   5563  11770
  8  1427   9857   7372   6346  4814  6147 13662  8797  18925  17811   5533
  9  4423   7159   8595   4617  2582  7082  6088 15103  19531  27083  25799
   year
age   1968   1969   1970   1971   1972   1973   1974   1975   1976  1977  1978
  1 220255  37706 238226 207711 534963  51170 309016 172879  69053 34836 22525
  2  94438  92561  99014 335083 621496 235627 124944 202087 319604 47739 46284
  3  20998  71907 253719 412816 175137 808267 151025  89066 101548 95834 20587
  4 159122  23314 111897 302208  54205 131484 519178  63701  35502 22117 40692
  5  13988 211243  27741 101957  66714  63071  82466 188202  25195 10083  6879
  6  23582  21011 142399  25557  25716  54642  49683  30601  76289 12211  3833
  7  15677  42762  21609 154424  10342  18242  34629  12297  10918 20992  2100
  8   6377  26031  27073  16818  55763   6506  22470  13121   3914  2758  6278
  9  10814  26207  24082  31999  16631  32223  21042  13698  12014  1486  1544
   year
age 1979 1980   1981   1982  1983   1984   1985   1986  1987   1988   1989
  1  247 2692  36740  13304 81923   2207  40794  33768 19463   1708   6216
  2  142  279  77961 250010 77810 188778  68845 154963 65954 119376  36763
  3   77   95 105600  72179 92743  49828 148399  86072 45463  41735 109501
  4   19   51  61341  93544 29262  35001  17214 118860 32025  28421  18923
  5   13   13  21473  58452 42535  14948  15211  18836 50119  19761  18109
  6    8    9  12623  23580 27318  11366   6631  18000  8429  28555   7589
  7    4    8  11583  11516 14709   9300   6907   2578  7307   3252  15012
  8    1    1   1309  13814  8437   4427   3323   1427  3508   2222   1622
  9    0    0   1326   4027  8484   1959   2189   1971  5983   2360   3505
   year
age  1990  1991  1992  1993  1994  1995  1996  1997  1998  1999  2000  2001
  1 14294 26396  5253 17719  1728   266  1952  1193  9092  7635  3569   143
  2 40867 23013 24469 95288 36554 82176 37854 55810 74167 35252 18162 81030
  3 40779 25229 24922 18710 40193 30398 30899 34966 34571 93910 17264 14943
  4 74279 28212 23733 10978  6007 21272  9219 31657 31905 25078 40674  9306
  5 26520 37517 21817 13269  7433  5376  7508 23118 22872 13364 12264 24482
  6 13305 13533 33869 14801  8101  4205  2501 17500 14372  7529  7121  9281
  7  9878  7581  6351 19186 10515  8805  4700 10331  8641  3251  3083  6625
  8 21456  6892  4317  4711 12158  7971  8458  5213  2825  1257  1452  4611
  9  5522  4456  5511  3740 10206  9787 31108  9883  3327  1089   456  1001
   year
age  2002  2003  2004  2005  2006  2007  2008
  1   992    56     0   182   132   131     0
  2 38482 33332  6844  9633  6691 34326  7898
  3 93975 46866 22223 23237  9186 17755 13039
  4  9014 53767 27815 20602 13645  6555  5428
  5 18114  7463 45782 10238 41068 14265  3220
  6 28016  4345  3916  9783 27782 30566  5689
  7  9040 12818  7642  1015 20973 21517 14832
  8  1548  9188  8481  1195  3042 13585  8142
  9  1423  1408  4008  1431  5089  4243  8969


TABLE 5.6.2.2 HERRING in VIa (N). WEIGHTS AT AGE IN THE CATCH

Units  :  Kg 
   year
age  1957  1958  1959  1960  1961  1962  1963  1964  1965  1966  1967  1968
  1 0.079 0.079 0.079 0.079 0.079 0.079 0.079 0.079 0.079 0.079 0.079 0.079
  2 0.104 0.104 0.104 0.104 0.104 0.104 0.104 0.104 0.104 0.104 0.104 0.104
  3 0.130 0.130 0.130 0.130 0.130 0.130 0.130 0.130 0.130 0.130 0.130 0.130
  4 0.158 0.158 0.158 0.158 0.158 0.158 0.158 0.158 0.158 0.158 0.158 0.158
  5 0.164 0.164 0.164 0.164 0.164 0.164 0.164 0.164 0.164 0.164 0.164 0.164
  6 0.170 0.170 0.170 0.170 0.170 0.170 0.170 0.170 0.170 0.170 0.170 0.170
  7 0.180 0.180 0.180 0.180 0.180 0.180 0.180 0.180 0.180 0.180 0.180 0.180
  8 0.183 0.183 0.183 0.183 0.183 0.183 0.183 0.183 0.183 0.183 0.183 0.183
  9 0.185 0.185 0.185 0.185 0.185 0.185 0.185 0.185 0.185 0.185 0.185 0.185
   year
age  1969  1970  1971  1972  1973  1974  1975  1976  1977  1978  1979  1980
  1 0.079 0.079 0.079 0.079 0.090 0.090 0.090 0.090 0.090 0.090 0.090 0.090
  2 0.104 0.104 0.104 0.104 0.121 0.121 0.121 0.121 0.121 0.121 0.121 0.121
  3 0.130 0.130 0.130 0.130 0.158 0.158 0.158 0.158 0.158 0.158 0.158 0.158
  4 0.158 0.158 0.158 0.158 0.175 0.175 0.175 0.175 0.175 0.175 0.175 0.175
  5 0.164 0.164 0.164 0.164 0.186 0.186 0.186 0.186 0.186 0.186 0.186 0.186
  6 0.170 0.170 0.170 0.170 0.206 0.206 0.206 0.206 0.206 0.206 0.206 0.206
  7 0.180 0.180 0.180 0.180 0.218 0.218 0.218 0.218 0.218 0.218 0.218 0.218
  8 0.183 0.183 0.183 0.183 0.224 0.224 0.224 0.224 0.224 0.224 0.224 0.224
  9 0.185 0.185 0.185 0.185 0.224 0.224 0.224 0.224 0.224 0.224 0.000 0.000
   year
age  1981  1982  1983  1984  1985  1986  1987  1988  1989  1990  1991  1992
  1 0.090 0.080 0.080 0.080 0.069 0.113 0.073 0.080 0.082 0.079 0.084 0.091
  2 0.121 0.140 0.140 0.140 0.103 0.145 0.143 0.112 0.142 0.129 0.118 0.119
  3 0.158 0.175 0.175 0.175 0.134 0.173 0.183 0.157 0.145 0.173 0.160 0.183
  4 0.175 0.205 0.205 0.205 0.161 0.196 0.211 0.177 0.191 0.182 0.203 0.196
  5 0.186 0.231 0.231 0.231 0.182 0.215 0.220 0.203 0.190 0.209 0.211 0.227
  6 0.206 0.253 0.253 0.253 0.199 0.230 0.238 0.194 0.213 0.224 0.229 0.219
  7 0.218 0.270 0.270 0.270 0.213 0.242 0.241 0.240 0.216 0.228 0.236 0.244
  8 0.224 0.284 0.284 0.284 0.223 0.251 0.253 0.213 0.204 0.237 0.261 0.256
  9 0.224 0.295 0.295 0.295 0.231 0.258 0.256 0.228 0.243 0.247 0.271 0.256
   year
age  1993  1994  1995  1996  1997  1998  1999  2000  2001  2002  2003  2004
  1 0.089 0.083 0.106 0.081 0.089 0.097 0.076 0.083 0.049 0.107 0.060   NaN
  2 0.128 0.142 0.142 0.134 0.136 0.138 0.130 0.137 0.140 0.146 0.145 0.154
  3 0.158 0.167 0.181 0.178 0.177 0.159 0.158 0.164 0.163 0.163 0.160 0.173
  4 0.197 0.190 0.191 0.210 0.205 0.182 0.175 0.183 0.183 0.173 0.169 0.195
  5 0.206 0.195 0.198 0.230 0.222 0.199 0.191 0.201 0.192 0.160 0.186 0.216
  6 0.228 0.201 0.214 0.233 0.223 0.218 0.210 0.215 0.196 0.179 0.200 0.220
  7 0.223 0.244 0.208 0.262 0.219 0.227 0.225 0.239 0.205 0.187 0.194 0.199
  8 0.262 0.234 0.227 0.247 0.238 0.212 0.223 0.281 0.225 0.245 0.186 0.190
  9 0.263 0.266 0.277 0.291 0.263 0.199 0.226 0.253 0.272 0.281 0.294 0.311
   year
age  2005  2006  2007  2008
  1 0.108 0.091 0.115   NaN
  2 0.133 0.158 0.167 0.170
  3 0.163 0.168 0.188 0.206
  4 0.184 0.193 0.197 0.231
  5 0.211 0.208 0.210 0.231
  6 0.226 0.225 0.221 0.249
  7 0.234 0.244 0.216 0.253
  8 0.256 0.262 0.262 0.284
  9 0.250 0.275 0.303 0.288


TABLE 5.6.2.3 HERRING in VIa (N). WEIGHTS AT AGE IN THE STOCK

Units  :  Kg 
   year
age  1957  1958  1959  1960  1961  1962  1963  1964  1965  1966  1967  1968
  1 0.090 0.090 0.090 0.090 0.090 0.090 0.090 0.090 0.090 0.090 0.090 0.090
  2 0.164 0.164 0.164 0.164 0.164 0.164 0.164 0.164 0.164 0.164 0.164 0.164
  3 0.208 0.208 0.208 0.208 0.208 0.208 0.208 0.208 0.208 0.208 0.208 0.208
  4 0.233 0.233 0.233 0.233 0.233 0.233 0.233 0.233 0.233 0.233 0.233 0.233
  5 0.246 0.246 0.246 0.246 0.246 0.246 0.246 0.246 0.246 0.246 0.246 0.246
  6 0.252 0.252 0.252 0.252 0.252 0.252 0.252 0.252 0.252 0.252 0.252 0.252
  7 0.258 0.258 0.258 0.258 0.258 0.258 0.258 0.258 0.258 0.258 0.258 0.258
  8 0.269 0.269 0.269 0.269 0.269 0.269 0.269 0.269 0.269 0.269 0.269 0.269
  9 0.292 0.292 0.292 0.292 0.292 0.292 0.292 0.292 0.292 0.292 0.292 0.292
   year
age  1969  1970  1971  1972  1973  1974  1975  1976  1977  1978  1979  1980
  1 0.090 0.090 0.090 0.090 0.090 0.090 0.090 0.090 0.090 0.090 0.090 0.090
  2 0.164 0.164 0.164 0.164 0.164 0.164 0.164 0.164 0.164 0.164 0.164 0.164
  3 0.208 0.208 0.208 0.208 0.208 0.208 0.208 0.208 0.208 0.208 0.208 0.208
  4 0.233 0.233 0.233 0.233 0.233 0.233 0.233 0.233 0.233 0.233 0.233 0.233
  5 0.246 0.246 0.246 0.246 0.246 0.246 0.246 0.246 0.246 0.246 0.246 0.246
  6 0.252 0.252 0.252 0.252 0.252 0.252 0.252 0.252 0.252 0.252 0.252 0.252
  7 0.258 0.258 0.258 0.258 0.258 0.258 0.258 0.258 0.258 0.258 0.258 0.258
  8 0.269 0.269 0.269 0.269 0.269 0.269 0.269 0.269 0.269 0.269 0.269 0.269
  9 0.292 0.292 0.292 0.292 0.292 0.292 0.292 0.292 0.292 0.292 0.000 0.000
   year
age  1981  1982  1983  1984  1985  1986  1987  1988  1989  1990  1991  1992
  1 0.090 0.090 0.090 0.090 0.090 0.090 0.090 0.090 0.090 0.090 0.090 0.090
  2 0.164 0.164 0.164 0.164 0.164 0.164 0.164 0.164 0.164 0.164 0.164 0.164
  3 0.208 0.208 0.208 0.208 0.208 0.208 0.208 0.208 0.208 0.208 0.208 0.208
  4 0.233 0.233 0.233 0.233 0.233 0.233 0.233 0.233 0.233 0.233 0.233 0.233
  5 0.246 0.246 0.246 0.246 0.246 0.246 0.246 0.246 0.246 0.246 0.246 0.246
  6 0.252 0.252 0.252 0.252 0.252 0.252 0.252 0.252 0.252 0.252 0.252 0.252
  7 0.258 0.258 0.258 0.258 0.258 0.258 0.258 0.258 0.258 0.258 0.258 0.258
  8 0.269 0.269 0.269 0.269 0.269 0.269 0.269 0.269 0.269 0.269 0.269 0.269
  9 0.292 0.292 0.292 0.292 0.292 0.292 0.292 0.292 0.292 0.292 0.292 0.292
   year
age  1993  1994  1995  1996  1997  1998  1999  2000  2001  2002  2003  2004
  1 0.075 0.052 0.042 0.045 0.057 0.066 0.054 0.062 0.062 0.062 0.064 0.059
  2 0.162 0.150 0.144 0.140 0.150 0.138 0.137 0.141 0.132 0.153 0.138 0.138
  3 0.196 0.192 0.191 0.180 0.189 0.176 0.166 0.173 0.170 0.177 0.176 0.159
  4 0.206 0.220 0.202 0.209 0.209 0.194 0.188 0.183 0.190 0.198 0.190 0.180
  5 0.226 0.221 0.225 0.219 0.225 0.214 0.203 0.194 0.198 0.212 0.204 0.189
  6 0.234 0.233 0.227 0.222 0.233 0.226 0.219 0.204 0.212 0.215 0.213 0.202
  7 0.254 0.241 0.247 0.229 0.248 0.234 0.225 0.211 0.220 0.225 0.217 0.213
  8 0.260 0.270 0.260 0.242 0.266 0.225 0.235 0.222 0.236 0.243 0.223 0.214
  9 0.276 0.296 0.293 0.263 0.287 0.249 0.245 0.230 0.254 0.259 0.228 0.206
   year
age  2005  2006  2007  2008
  1 0.075 0.075 0.075 0.055
  2 0.130 0.135 0.168 0.172
  3 0.154 0.166 0.183 0.191
  4 0.166 0.185 0.191 0.208
  5 0.180 0.192 0.195 0.214
  6 0.191 0.204 0.195 0.214
  7 0.212 0.211 0.202 0.221
  8 0.203 0.224 0.203 0.224
  9 0.228 0.231 0.214 0.239


TABLE 5.6.2.4 HERRING in VIa (N). NATURAL MORTALITY

Units  :  NA 
   year
age 1957 1958 1959 1960 1961 1962 1963 1964 1965 1966 1967 1968 1969 1970 1971
  1  1.0  1.0  1.0  1.0  1.0  1.0  1.0  1.0  1.0  1.0  1.0  1.0  1.0  1.0  1.0
  2  0.3  0.3  0.3  0.3  0.3  0.3  0.3  0.3  0.3  0.3  0.3  0.3  0.3  0.3  0.3
  3  0.2  0.2  0.2  0.2  0.2  0.2  0.2  0.2  0.2  0.2  0.2  0.2  0.2  0.2  0.2
  4  0.1  0.1  0.1  0.1  0.1  0.1  0.1  0.1  0.1  0.1  0.1  0.1  0.1  0.1  0.1
  5  0.1  0.1  0.1  0.1  0.1  0.1  0.1  0.1  0.1  0.1  0.1  0.1  0.1  0.1  0.1
  6  0.1  0.1  0.1  0.1  0.1  0.1  0.1  0.1  0.1  0.1  0.1  0.1  0.1  0.1  0.1
  7  0.1  0.1  0.1  0.1  0.1  0.1  0.1  0.1  0.1  0.1  0.1  0.1  0.1  0.1  0.1
  8  0.1  0.1  0.1  0.1  0.1  0.1  0.1  0.1  0.1  0.1  0.1  0.1  0.1  0.1  0.1
  9  0.1  0.1  0.1  0.1  0.1  0.1  0.1  0.1  0.1  0.1  0.1  0.1  0.1  0.1  0.1
   year
age 1972 1973 1974 1975 1976 1977 1978 1979 1980 1981 1982 1983 1984 1985 1986
  1  1.0  1.0  1.0  1.0  1.0  1.0  1.0  1.0  1.0  1.0  1.0  1.0  1.0  1.0  1.0
  2  0.3  0.3  0.3  0.3  0.3  0.3  0.3  0.3  0.3  0.3  0.3  0.3  0.3  0.3  0.3
  3  0.2  0.2  0.2  0.2  0.2  0.2  0.2  0.2  0.2  0.2  0.2  0.2  0.2  0.2  0.2
  4  0.1  0.1  0.1  0.1  0.1  0.1  0.1  0.1  0.1  0.1  0.1  0.1  0.1  0.1  0.1
  5  0.1  0.1  0.1  0.1  0.1  0.1  0.1  0.1  0.1  0.1  0.1  0.1  0.1  0.1  0.1
  6  0.1  0.1  0.1  0.1  0.1  0.1  0.1  0.1  0.1  0.1  0.1  0.1  0.1  0.1  0.1
  7  0.1  0.1  0.1  0.1  0.1  0.1  0.1  0.1  0.1  0.1  0.1  0.1  0.1  0.1  0.1
  8  0.1  0.1  0.1  0.1  0.1  0.1  0.1  0.1  0.1  0.1  0.1  0.1  0.1  0.1  0.1
  9  0.1  0.1  0.1  0.1  0.1  0.1  0.1  0.1  0.1  0.1  0.1  0.1  0.1  0.1  0.1
   year
age 1987 1988 1989 1990 1991 1992 1993 1994 1995 1996 1997 1998 1999 2000 2001
  1  1.0  1.0  1.0  1.0  1.0  1.0  1.0  1.0  1.0  1.0  1.0  1.0  1.0  1.0  1.0
  2  0.3  0.3  0.3  0.3  0.3  0.3  0.3  0.3  0.3  0.3  0.3  0.3  0.3  0.3  0.3
  3  0.2  0.2  0.2  0.2  0.2  0.2  0.2  0.2  0.2  0.2  0.2  0.2  0.2  0.2  0.2
  4  0.1  0.1  0.1  0.1  0.1  0.1  0.1  0.1  0.1  0.1  0.1  0.1  0.1  0.1  0.1
  5  0.1  0.1  0.1  0.1  0.1  0.1  0.1  0.1  0.1  0.1  0.1  0.1  0.1  0.1  0.1
  6  0.1  0.1  0.1  0.1  0.1  0.1  0.1  0.1  0.1  0.1  0.1  0.1  0.1  0.1  0.1
  7  0.1  0.1  0.1  0.1  0.1  0.1  0.1  0.1  0.1  0.1  0.1  0.1  0.1  0.1  0.1
  8  0.1  0.1  0.1  0.1  0.1  0.1  0.1  0.1  0.1  0.1  0.1  0.1  0.1  0.1  0.1
  9  0.1  0.1  0.1  0.1  0.1  0.1  0.1  0.1  0.1  0.1  0.1  0.1  0.1  0.1  0.1
   year
age 2002 2003 2004 2005 2006 2007 2008
  1  1.0  1.0  1.0  1.0  1.0  1.0  1.0
  2  0.3  0.3  0.3  0.3  0.3  0.3  0.3
  3  0.2  0.2  0.2  0.2  0.2  0.2  0.2
  4  0.1  0.1  0.1  0.1  0.1  0.1  0.1
  5  0.1  0.1  0.1  0.1  0.1  0.1  0.1
  6  0.1  0.1  0.1  0.1  0.1  0.1  0.1
  7  0.1  0.1  0.1  0.1  0.1  0.1  0.1
  8  0.1  0.1  0.1  0.1  0.1  0.1  0.1
  9  0.1  0.1  0.1  0.1  0.1  0.1  0.1


TABLE 5.6.2.5 HERRING in VIa (N). PROPORTION MATURE

Units  :  NA 
   year
age 1957 1958 1959 1960 1961 1962 1963 1964 1965 1966 1967 1968 1969 1970 1971
  1 0.00 0.00 0.00 0.00 0.00 0.00 0.00 0.00 0.00 0.00 0.00 0.00 0.00 0.00 0.00
  2 0.57 0.57 0.57 0.57 0.57 0.57 0.57 0.57 0.57 0.57 0.57 0.57 0.57 0.57 0.57
  3 0.96 0.96 0.96 0.96 0.96 0.96 0.96 0.96 0.96 0.96 0.96 0.96 0.96 0.96 0.96
  4 1.00 1.00 1.00 1.00 1.00 1.00 1.00 1.00 1.00 1.00 1.00 1.00 1.00 1.00 1.00
  5 1.00 1.00 1.00 1.00 1.00 1.00 1.00 1.00 1.00 1.00 1.00 1.00 1.00 1.00 1.00
  6 1.00 1.00 1.00 1.00 1.00 1.00 1.00 1.00 1.00 1.00 1.00 1.00 1.00 1.00 1.00
  7 1.00 1.00 1.00 1.00 1.00 1.00 1.00 1.00 1.00 1.00 1.00 1.00 1.00 1.00 1.00
  8 1.00 1.00 1.00 1.00 1.00 1.00 1.00 1.00 1.00 1.00 1.00 1.00 1.00 1.00 1.00
  9 1.00 1.00 1.00 1.00 1.00 1.00 1.00 1.00 1.00 1.00 1.00 1.00 1.00 1.00 1.00
   year
age 1972 1973 1974 1975 1976 1977 1978 1979 1980 1981 1982 1983 1984 1985 1986
  1 0.00 0.00 0.00 0.00 0.00 0.00 0.00 0.00 0.00 0.00 0.00 0.00 0.00 0.00 0.00
  2 0.57 0.57 0.57 0.57 0.57 0.57 0.57 0.57 0.57 0.57 0.57 0.57 0.57 0.57 0.57
  3 0.96 0.96 0.96 0.96 0.96 0.96 0.96 0.96 0.96 0.96 0.96 0.96 0.96 0.96 0.96
  4 1.00 1.00 1.00 1.00 1.00 1.00 1.00 1.00 1.00 1.00 1.00 1.00 1.00 1.00 1.00
  5 1.00 1.00 1.00 1.00 1.00 1.00 1.00 1.00 1.00 1.00 1.00 1.00 1.00 1.00 1.00
  6 1.00 1.00 1.00 1.00 1.00 1.00 1.00 1.00 1.00 1.00 1.00 1.00 1.00 1.00 1.00
  7 1.00 1.00 1.00 1.00 1.00 1.00 1.00 1.00 1.00 1.00 1.00 1.00 1.00 1.00 1.00
  8 1.00 1.00 1.00 1.00 1.00 1.00 1.00 1.00 1.00 1.00 1.00 1.00 1.00 1.00 1.00
  9 1.00 1.00 1.00 1.00 1.00 1.00 1.00 1.00 1.00 1.00 1.00 1.00 1.00 1.00 1.00
   year
age 1987 1988 1989 1990 1991 1992 1993 1994 1995 1996 1997 1998 1999 2000 2001
  1 0.00 0.00 0.00 0.00 0.00 0.00 0.00 0.00 0.00 0.00 0.00 0.00 0.00 0.00 0.00
  2 0.57 0.57 0.57 0.57 0.57 0.47 0.93 0.48 0.19 0.76 0.57 0.85 0.57 0.45 0.93
  3 0.96 0.96 0.96 0.96 0.96 1.00 0.96 0.92 0.98 0.94 0.96 0.97 0.98 0.92 0.99
  4 1.00 1.00 1.00 1.00 1.00 1.00 1.00 1.00 1.00 1.00 1.00 1.00 1.00 1.00 1.00
  5 1.00 1.00 1.00 1.00 1.00 1.00 1.00 1.00 1.00 1.00 1.00 1.00 1.00 1.00 1.00
  6 1.00 1.00 1.00 1.00 1.00 1.00 1.00 1.00 1.00 1.00 1.00 1.00 1.00 1.00 1.00
  7 1.00 1.00 1.00 1.00 1.00 1.00 1.00 1.00 1.00 1.00 1.00 1.00 1.00 1.00 1.00
  8 1.00 1.00 1.00 1.00 1.00 1.00 1.00 1.00 1.00 1.00 1.00 1.00 1.00 1.00 1.00
  9 1.00 1.00 1.00 1.00 1.00 1.00 1.00 1.00 1.00 1.00 1.00 1.00 1.00 1.00 1.00
   year
age 2002 2003 2004 2005 2006 2007 2008
  1 0.00 0.00 0.00 0.00 0.00    0 0.00
  2 0.92 0.76 0.83 0.84 0.81    1 0.98
  3 1.00 1.00 0.97 1.00 0.96    1 1.00
  4 1.00 1.00 1.00 1.00 1.00    1 1.00
  5 1.00 1.00 1.00 1.00 1.00    1 1.00
  6 1.00 1.00 1.00 1.00 1.00    1 1.00
  7 1.00 1.00 1.00 1.00 1.00    1 1.00
  8 1.00 1.00 1.00 1.00 1.00    1 1.00
  9 1.00 1.00 1.00 1.00 1.00    1 1.00


TABLE 5.6.2.6 HERRING in VIa (N). FRACTION OF HARVEST BEFORE SPAWNING

Units  :  NA 
   year
age 1957 1958 1959 1960 1961 1962 1963 1964 1965 1966 1967 1968 1969 1970 1971
  1 0.67 0.67 0.67 0.67 0.67 0.67 0.67 0.67 0.67 0.67 0.67 0.67 0.67 0.67 0.67
  2 0.67 0.67 0.67 0.67 0.67 0.67 0.67 0.67 0.67 0.67 0.67 0.67 0.67 0.67 0.67
  3 0.67 0.67 0.67 0.67 0.67 0.67 0.67 0.67 0.67 0.67 0.67 0.67 0.67 0.67 0.67
  4 0.67 0.67 0.67 0.67 0.67 0.67 0.67 0.67 0.67 0.67 0.67 0.67 0.67 0.67 0.67
  5 0.67 0.67 0.67 0.67 0.67 0.67 0.67 0.67 0.67 0.67 0.67 0.67 0.67 0.67 0.67
  6 0.67 0.67 0.67 0.67 0.67 0.67 0.67 0.67 0.67 0.67 0.67 0.67 0.67 0.67 0.67
  7 0.67 0.67 0.67 0.67 0.67 0.67 0.67 0.67 0.67 0.67 0.67 0.67 0.67 0.67 0.67
  8 0.67 0.67 0.67 0.67 0.67 0.67 0.67 0.67 0.67 0.67 0.67 0.67 0.67 0.67 0.67
  9 0.67 0.67 0.67 0.67 0.67 0.67 0.67 0.67 0.67 0.67 0.67 0.67 0.67 0.67 0.67
   year
age 1972 1973 1974 1975 1976 1977 1978 1979 1980 1981 1982 1983 1984 1985 1986
  1 0.67 0.67 0.67 0.67 0.67 0.67 0.67 0.67 0.67 0.67 0.67 0.67 0.67 0.67 0.67
  2 0.67 0.67 0.67 0.67 0.67 0.67 0.67 0.67 0.67 0.67 0.67 0.67 0.67 0.67 0.67
  3 0.67 0.67 0.67 0.67 0.67 0.67 0.67 0.67 0.67 0.67 0.67 0.67 0.67 0.67 0.67
  4 0.67 0.67 0.67 0.67 0.67 0.67 0.67 0.67 0.67 0.67 0.67 0.67 0.67 0.67 0.67
  5 0.67 0.67 0.67 0.67 0.67 0.67 0.67 0.67 0.67 0.67 0.67 0.67 0.67 0.67 0.67
  6 0.67 0.67 0.67 0.67 0.67 0.67 0.67 0.67 0.67 0.67 0.67 0.67 0.67 0.67 0.67
  7 0.67 0.67 0.67 0.67 0.67 0.67 0.67 0.67 0.67 0.67 0.67 0.67 0.67 0.67 0.67
  8 0.67 0.67 0.67 0.67 0.67 0.67 0.67 0.67 0.67 0.67 0.67 0.67 0.67 0.67 0.67
  9 0.67 0.67 0.67 0.67 0.67 0.67 0.67 0.67 0.67 0.67 0.67 0.67 0.67 0.67 0.67
   year
age 1987 1988 1989 1990 1991 1992 1993 1994 1995 1996 1997 1998 1999 2000 2001
  1 0.67 0.67 0.67 0.67 0.67 0.67 0.67 0.67 0.67 0.67 0.67 0.67 0.67 0.67 0.67
  2 0.67 0.67 0.67 0.67 0.67 0.67 0.67 0.67 0.67 0.67 0.67 0.67 0.67 0.67 0.67
  3 0.67 0.67 0.67 0.67 0.67 0.67 0.67 0.67 0.67 0.67 0.67 0.67 0.67 0.67 0.67
  4 0.67 0.67 0.67 0.67 0.67 0.67 0.67 0.67 0.67 0.67 0.67 0.67 0.67 0.67 0.67
  5 0.67 0.67 0.67 0.67 0.67 0.67 0.67 0.67 0.67 0.67 0.67 0.67 0.67 0.67 0.67
  6 0.67 0.67 0.67 0.67 0.67 0.67 0.67 0.67 0.67 0.67 0.67 0.67 0.67 0.67 0.67
  7 0.67 0.67 0.67 0.67 0.67 0.67 0.67 0.67 0.67 0.67 0.67 0.67 0.67 0.67 0.67
  8 0.67 0.67 0.67 0.67 0.67 0.67 0.67 0.67 0.67 0.67 0.67 0.67 0.67 0.67 0.67
  9 0.67 0.67 0.67 0.67 0.67 0.67 0.67 0.67 0.67 0.67 0.67 0.67 0.67 0.67 0.67
   year
age 2002 2003 2004 2005 2006 2007 2008
  1 0.67 0.67 0.67 0.67 0.67 0.67 0.67
  2 0.67 0.67 0.67 0.67 0.67 0.67 0.67
  3 0.67 0.67 0.67 0.67 0.67 0.67 0.67
  4 0.67 0.67 0.67 0.67 0.67 0.67 0.67
  5 0.67 0.67 0.67 0.67 0.67 0.67 0.67
  6 0.67 0.67 0.67 0.67 0.67 0.67 0.67
  7 0.67 0.67 0.67 0.67 0.67 0.67 0.67
  8 0.67 0.67 0.67 0.67 0.67 0.67 0.67
  9 0.67 0.67 0.67 0.67 0.67 0.67 0.67


TABLE 5.6.2.7 HERRING in VIa (N). FRACTION OF NATURAL MORTALITY BEFORE SPAWNING

Units  :  NA 
   year
age 1957 1958 1959 1960 1961 1962 1963 1964 1965 1966 1967 1968 1969 1970 1971
  1 0.67 0.67 0.67 0.67 0.67 0.67 0.67 0.67 0.67 0.67 0.67 0.67 0.67 0.67 0.67
  2 0.67 0.67 0.67 0.67 0.67 0.67 0.67 0.67 0.67 0.67 0.67 0.67 0.67 0.67 0.67
  3 0.67 0.67 0.67 0.67 0.67 0.67 0.67 0.67 0.67 0.67 0.67 0.67 0.67 0.67 0.67
  4 0.67 0.67 0.67 0.67 0.67 0.67 0.67 0.67 0.67 0.67 0.67 0.67 0.67 0.67 0.67
  5 0.67 0.67 0.67 0.67 0.67 0.67 0.67 0.67 0.67 0.67 0.67 0.67 0.67 0.67 0.67
  6 0.67 0.67 0.67 0.67 0.67 0.67 0.67 0.67 0.67 0.67 0.67 0.67 0.67 0.67 0.67
  7 0.67 0.67 0.67 0.67 0.67 0.67 0.67 0.67 0.67 0.67 0.67 0.67 0.67 0.67 0.67
  8 0.67 0.67 0.67 0.67 0.67 0.67 0.67 0.67 0.67 0.67 0.67 0.67 0.67 0.67 0.67
  9 0.67 0.67 0.67 0.67 0.67 0.67 0.67 0.67 0.67 0.67 0.67 0.67 0.67 0.67 0.67
   year
age 1972 1973 1974 1975 1976 1977 1978 1979 1980 1981 1982 1983 1984 1985 1986
  1 0.67 0.67 0.67 0.67 0.67 0.67 0.67 0.67 0.67 0.67 0.67 0.67 0.67 0.67 0.67
  2 0.67 0.67 0.67 0.67 0.67 0.67 0.67 0.67 0.67 0.67 0.67 0.67 0.67 0.67 0.67
  3 0.67 0.67 0.67 0.67 0.67 0.67 0.67 0.67 0.67 0.67 0.67 0.67 0.67 0.67 0.67
  4 0.67 0.67 0.67 0.67 0.67 0.67 0.67 0.67 0.67 0.67 0.67 0.67 0.67 0.67 0.67
  5 0.67 0.67 0.67 0.67 0.67 0.67 0.67 0.67 0.67 0.67 0.67 0.67 0.67 0.67 0.67
  6 0.67 0.67 0.67 0.67 0.67 0.67 0.67 0.67 0.67 0.67 0.67 0.67 0.67 0.67 0.67
  7 0.67 0.67 0.67 0.67 0.67 0.67 0.67 0.67 0.67 0.67 0.67 0.67 0.67 0.67 0.67
  8 0.67 0.67 0.67 0.67 0.67 0.67 0.67 0.67 0.67 0.67 0.67 0.67 0.67 0.67 0.67
  9 0.67 0.67 0.67 0.67 0.67 0.67 0.67 0.67 0.67 0.67 0.67 0.67 0.67 0.67 0.67
   year
age 1987 1988 1989 1990 1991 1992 1993 1994 1995 1996 1997 1998 1999 2000 2001
  1 0.67 0.67 0.67 0.67 0.67 0.67 0.67 0.67 0.67 0.67 0.67 0.67 0.67 0.67 0.67
  2 0.67 0.67 0.67 0.67 0.67 0.67 0.67 0.67 0.67 0.67 0.67 0.67 0.67 0.67 0.67
  3 0.67 0.67 0.67 0.67 0.67 0.67 0.67 0.67 0.67 0.67 0.67 0.67 0.67 0.67 0.67
  4 0.67 0.67 0.67 0.67 0.67 0.67 0.67 0.67 0.67 0.67 0.67 0.67 0.67 0.67 0.67
  5 0.67 0.67 0.67 0.67 0.67 0.67 0.67 0.67 0.67 0.67 0.67 0.67 0.67 0.67 0.67
  6 0.67 0.67 0.67 0.67 0.67 0.67 0.67 0.67 0.67 0.67 0.67 0.67 0.67 0.67 0.67
  7 0.67 0.67 0.67 0.67 0.67 0.67 0.67 0.67 0.67 0.67 0.67 0.67 0.67 0.67 0.67
  8 0.67 0.67 0.67 0.67 0.67 0.67 0.67 0.67 0.67 0.67 0.67 0.67 0.67 0.67 0.67
  9 0.67 0.67 0.67 0.67 0.67 0.67 0.67 0.67 0.67 0.67 0.67 0.67 0.67 0.67 0.67
   year
age 2002 2003 2004 2005 2006 2007 2008
  1 0.67 0.67 0.67 0.67 0.67 0.67 0.67
  2 0.67 0.67 0.67 0.67 0.67 0.67 0.67
  3 0.67 0.67 0.67 0.67 0.67 0.67 0.67
  4 0.67 0.67 0.67 0.67 0.67 0.67 0.67
  5 0.67 0.67 0.67 0.67 0.67 0.67 0.67
  6 0.67 0.67 0.67 0.67 0.67 0.67 0.67
  7 0.67 0.67 0.67 0.67 0.67 0.67 0.67
  8 0.67 0.67 0.67 0.67 0.67 0.67 0.67
  9 0.67 0.67 0.67 0.67 0.67 0.67 0.67


TABLE 5.6.2.8 HERRING in VIa (N). SURVEY INDICES

FLT01:West Scotland Summer Acoustic Survey (Catch:Thousands)(Effort:Unknown) - Configuration

"Herring in Division VIa (North)(runname:ICAPGF08) . Imported from VPA file."
      min       max plusgroup   minyear   maxyear    startf      endf 
     1.00      9.00      9.00   1987.00   2008.00      0.52      0.57 
Index type : number

FLT01:West Scotland Summer Acoustic Survey (Catch:Thousands)(Effort:Unknown) - Index Values

Units  :  NA 
   year
age   1987 1988 1989 1990   1991   1992   1993   1994    1995   1996   1997
  1 249100   -1   -1   -1 338312  74310   2760 494150  460630  41220 792320
  2 578400   -1   -1   -1 294484 503430 750270 542080 1085090 576460 641860
  3 551100   -1   -1   -1 327902 210980 681170 607720  472710 802530 286170
  4 353100   -1   -1   -1 367830 258090 653050 285610  450250 329110 167040
  5 752600   -1   -1   -1 488288 414750 544000 306760  153000  95360  66100
  6 111600   -1   -1   -1 176348 240110 865150 268130  187060  60600  49520
  7  48100   -1   -1   -1  98741 105670 284110 406840  169180  77380  16280
  8  15900   -1   -1   -1  89830  56710 151730 173740  236580  78190  28990
  9   6500   -1   -1   -1  58043  63440 156180 131880  201510 114810  24440
   year
age    1998    1999   2000    2001    2002    2003   2004   2005   2006   2007
  1 1221700  534200 447600  313100  424700  438800 564000  50200 112300     -1
  2  794630  322400 316200 1062000  436000 1039400 274500 243400 835200 126000
  3  666780 1388000 337100  217700 1436900  932500 760200 230300 387900 294400
  4  471070  432000 899500  172800  199800 1471800 442300 423100 284500 202500
  5  179050  308000 393400  437500  161700  181300 577200 245100 582200 145300
  6   79270  138700 247600  132600  424300  129200  55700 152800 414700 346900
  7   28050   86500 199500  102800  152300  346700  61800  12600 227000 242900
  8   13850   27600  95000   52400   67500  114300  82200  39000  21700 163500
  9   36770   35400  65000   34700   59500   75200  76300  26800  59300  32100
   year
age   2008
  1  47840
  2 232570
  3 911950
  4 668870
  5 339920
  6 272230
  7 720860
  8 365890
  9 263740

FLT01:West Scotland Summer Acoustic Survey (Catch:Thousands)(Effort:Unknown) - Index Variance (Inverse Weights) 

Units  :  NA 
   year
age 1987 1988 1989 1990 1991 1992 1993 1994 1995 1996 1997 1998 1999 2000 2001
  1   10   10   10   10   10   10   10   10   10   10   10   10   10   10   10
  2    1    1    1    1    1    1    1    1    1    1    1    1    1    1    1
  3    1    1    1    1    1    1    1    1    1    1    1    1    1    1    1
  4    1    1    1    1    1    1    1    1    1    1    1    1    1    1    1
  5    1    1    1    1    1    1    1    1    1    1    1    1    1    1    1
  6    1    1    1    1    1    1    1    1    1    1    1    1    1    1    1
  7    1    1    1    1    1    1    1    1    1    1    1    1    1    1    1
  8    1    1    1    1    1    1    1    1    1    1    1    1    1    1    1
  9    1    1    1    1    1    1    1    1    1    1    1    1    1    1    1
   year
age 2002 2003 2004 2005 2006 2007 2008
  1   10   10   10   10   10   10   10
  2    1    1    1    1    1    1    1
  3    1    1    1    1    1    1    1
  4    1    1    1    1    1    1    1
  5    1    1    1    1    1    1    1
  6    1    1    1    1    1    1    1
  7    1    1    1    1    1    1    1
  8    1    1    1    1    1    1    1
  9    1    1    1    1    1    1    1


TABLE 5.6.2.9 HERRING in VIa (N). STOCK OBJECT CONFIGURATION

      min       max plusgroup   minyear   maxyear   minfbar   maxfbar 
        1         9         9      1957      2008         3         6 


TABLE 5.6.2.10 HERRING in VIa (N). FLICA CONFIGURATION SETTINGS

sep.2       : NA
sep.gradual : TRUE
sr          : FALSE
sr.age      : 1
lambda.age  : 0.1 1 1 1 1 1 1 1 0
lambda.yr   : 1 1 1 1 1 1 1 1
lambda.sr   : 0.01
index.model : linear
index.cor   : 1
sep.nyr     : 8
sep.age     : 4
sep.sel     : 1


TABLE 5.6.2.11 HERRING in VIa (N). FLR, R SOFTWARE VERSIONS

R version 2.8.1 (2008-12-22)

Package  : FLICA
Version  : 1.4-10
Packaged : Sat Mar 21 18:30:56 2009; mpa
Built    : R 2.8.0; ; 2009-03-21 18:30:58; windows

Package  : FLAssess
Version  : 1.99-102
Packaged : Mon Mar 23 08:18:19 2009; mpa
Built    : R 2.8.0; i386-pc-mingw32; 2009-03-23 08:18:21; windows

Package  : FLCore
Version  : 3.0
Packaged : Tue Mar 10 04:42:26 2009; theussl
Built    : R 2.8.1; i386-pc-mingw32; 2009-03-10 04:42:28; windows


TABLE 5.6.2.12 HERRING in VIa (N). STOCK SUMMARY

Year Recruitment     TSB    SSB       Fbar Landings Landings
           Age 1                (Ages 3-6)               SOP
                                         f   Tonnes         
1957     1085415  405341 184542     0.2832    43438   0.7258
1958     2129925  498370 200966     0.3315    59669   0.7470
1959     2124103  533658 214361     0.3042    65221   0.7248
1960      628969  428836 248252     0.1948    63759   0.5679
1961     1282671  435629 248296     0.1290    46353   0.5846
1962     2323456  543692 237651     0.2055    58195   0.7727
1963     2128325  576715 261562     0.1830    49030   0.6970
1964      979318  526206 307678     0.1530    64234   0.5774
1965     7855652 1121416 316322     0.1580    68669   0.8586
1966     1065520  850597 427781     0.1920   100619   1.0136
1967     2499919  833400 460184     0.1885    90400   0.8072
1968     4100323  955297 437487     0.1425    84614   0.7964
1969     2998830  984297 475825     0.2415   107170   0.7573
1970     3440170 1002417 444140     0.3580   165930   0.7343
1971     9572399 1515913 316111     0.7885   207167   1.0162
1972     2675839 1116445 443971     0.3648   164756   1.0239
1973     1074339  801989 385359     0.6055   210270   1.0438
1974     1672283  576517 204084     0.9570   178160   1.1255
1975     2101533  434638 107141     0.9092   114001   1.0108
1976      608221  263752  73429     1.0677    93642   0.9984
1977      621969  162995  51907     0.9935    41341   0.9154
1978      913517  170722  48526     0.6768    22156   1.0056
1979     1216369  215915  72378     0.0008       60   1.0011
1980      885405  252213 122146     0.0002      306   1.0007
1981     1660598  364460 131858     0.3622    51420   0.9698
1982      770261  305592 109542     0.6750    92360   1.0347
1983     2977418  426873  81150     0.7138    63523   1.0277
1984     1132203  353359 120051     0.5182    56012   0.9494
1985     1199475  348549 147680     0.3157    39142   1.0058
1986      887707  314089 133119     0.5272    70764   1.0479
1987     2097344  380177 123340     0.3442    44360   0.9725
1988      899294  334214 147822     0.2858    35591   1.0236
1989      844942  318192 163947     0.2480    34026   1.0199
1990      433443  269972 154485     0.3500    44693   0.9889
1991      380590  208207 125793     0.2610    28529   1.0693
1992      792557  217242 102884     0.2858    28985   1.0018
1993      580372  183534  98509     0.2482    31778   0.9912
1994      869256  178629  89016     0.2280    24430   0.9984
1995      631358  159081  71728     0.2660    29575   1.0001
1996      835046  193038 115212     0.1703    26105   1.0477
1997     1491824  216559  75352     0.5070    35233   1.0079
1998      481352  183267  98427     0.4900    33353   0.9992
1999      305133  141290  81928     0.3025    29736   1.0015
2000     1636643  199079  69449     0.2368    18322   0.9997
2001     1090588  221386 113982     0.2410    24556   1.0049
2002     1143083  255345 134943     0.2668    32914   1.0021
2003      434105  214036 133947     0.2315    28081   1.0074
2004      251977  169809 119690     0.1948    25021   1.0172
2005      299915  140337  98238     0.1202    14129   1.0021
2006      554435  163066  93270     0.2272    27346   0.9997
2007      323159  145629  91848     0.2875    29616   1.0004
2008      145843  120613  91884     0.1555    16054   1.0022


TABLE 5.6.2.13 HERRING in VIa (N). ESTIMATED FISHING MORTALITY

Units  :  f 
   year
age  1957  1958  1959  1960  1961  1962  1963  1964  1965  1966  1967  1968
  1 0.010 0.012 0.040 0.009 0.016 0.038 0.009 0.044 0.062 0.364 0.139 0.088
  2 0.099 0.095 0.107 0.171 0.257 0.261 0.116 0.131 0.069 0.238 0.123 0.146
  3 0.321 0.302 0.157 0.138 0.156 0.206 0.251 0.153 0.147 0.168 0.165 0.139
  4 0.216 0.351 0.398 0.137 0.099 0.243 0.153 0.181 0.178 0.196 0.268 0.164
  5 0.299 0.297 0.353 0.258 0.175 0.168 0.201 0.119 0.203 0.161 0.169 0.137
  6 0.297 0.376 0.309 0.246 0.086 0.205 0.127 0.159 0.104 0.243 0.152 0.130
  7 0.186 0.407 0.372 0.274 0.153 0.215 0.117 0.113 0.199 0.141 0.204 0.100
  8 0.228 0.288 0.269 0.206 0.177 0.235 0.163 0.150 0.144 0.210 0.182 0.146
  9 0.228 0.288 0.269 0.206 0.177 0.235 0.163 0.150 0.144 0.210 0.182 0.146
   year
age  1969  1970  1971  1972  1973  1974  1975  1976  1977  1978  1979  1980
  1 0.020 0.115 0.035 0.367 0.078 0.335 0.138 0.195 0.092 0.040 0.000 0.005
  2 0.081 0.112 0.416 0.236 0.502 0.495 0.738 0.774 0.353 0.294 0.001 0.001
  3 0.168 0.349 0.983 0.428 0.587 0.772 0.884 1.219 0.607 0.269 0.001 0.000
  4 0.214 0.401 0.864 0.299 0.629 0.911 0.855 1.086 0.945 0.535 0.000 0.001
  5 0.304 0.375 0.686 0.410 0.594 0.931 0.905 0.892 0.959 0.780 0.000 0.000
  6 0.280 0.307 0.621 0.322 0.612 1.214 0.993 1.074 1.463 1.123 0.002 0.000
  7 0.326 0.457 0.562 0.487 0.354 0.891 1.044 1.107 0.883 1.003 0.002 0.002
  8 0.215 0.315 0.689 0.359 0.573 0.857 0.921 1.042 0.836 0.635 0.001 0.001
  9 0.215 0.315 0.689 0.359 0.573 0.857 0.921 1.042 0.836 0.635 0.001 0.001
   year
age  1981  1982  1983  1984  1985  1986  1987  1988  1989  1990  1991  1992
  1 0.036 0.028 0.044 0.003 0.055 0.062 0.015 0.003 0.012 0.053 0.115 0.011
  2 0.323 0.660 0.391 0.232 0.212 0.551 0.284 0.199 0.138 0.166 0.193 0.256
  3 0.430 0.604 0.595 0.502 0.308 0.476 0.328 0.311 0.302 0.236 0.156 0.351
  4 0.398 0.806 0.501 0.445 0.306 0.410 0.308 0.333 0.215 0.327 0.242 0.204
  5 0.307 0.720 0.973 0.457 0.314 0.566 0.269 0.282 0.326 0.462 0.243 0.267
  6 0.314 0.570 0.786 0.669 0.335 0.657 0.472 0.217 0.149 0.375 0.403 0.321
  7 0.318 0.465 0.753 0.598 1.014 0.187 0.541 0.298 0.152 0.263 0.338 0.298
  8 0.365 0.678 0.650 0.469 0.391 0.515 0.371 0.276 0.213 0.299 0.264 0.292
  9 0.365 0.678 0.650 0.469 0.391 0.515 0.371 0.276 0.213 0.299 0.264 0.292
   year
age  1993  1994  1995  1996  1997  1998  1999  2000  2001  2002  2003  2004
  1 0.049 0.003 0.001 0.004 0.001 0.030 0.040 0.003 0.001 0.001 0.001 0.000
  2 0.475 0.232 0.351 0.208 0.236 0.170 0.269 0.216 0.121 0.134 0.117 0.098
  3 0.338 0.402 0.328 0.228 0.321 0.238 0.357 0.217 0.236 0.262 0.227 0.191
  4 0.244 0.163 0.365 0.148 0.365 0.515 0.258 0.245 0.222 0.245 0.213 0.179
  5 0.151 0.231 0.193 0.189 0.579 0.434 0.374 0.174 0.271 0.300 0.260 0.219
  6 0.260 0.116 0.178 0.116 0.763 0.773 0.221 0.311 0.235 0.260 0.226 0.190
  7 0.270 0.266 0.160 0.274 0.817 0.977 0.346 0.119 0.283 0.314 0.272 0.229
  8 0.335 0.245 0.294 0.204 0.489 0.483 0.312 0.229 0.222 0.245 0.213 0.179
  9 0.335 0.245 0.294 0.204 0.489 0.483 0.312 0.229 0.222 0.245 0.213 0.179
   year
age  2005  2006  2007  2008
  1 0.000 0.001 0.001 0.000
  2 0.061 0.115 0.145 0.078
  3 0.118 0.223 0.282 0.152
  4 0.111 0.209 0.265 0.143
  5 0.135 0.255 0.323 0.175
  6 0.117 0.222 0.280 0.152
  7 0.141 0.267 0.338 0.183
  8 0.111 0.209 0.265 0.143
  9 0.111 0.209 0.265 0.143


TABLE 5.6.2.14 HERRING in VIa (N). ESTIMATED POPULATION ABUNDANCE

Units  :  NA 
   year
age    1957    1958    1959   1960    1961    1962    1963   1964    1965
  1 1085415 2129925 2124103 628969 1282671 2323456 2128325 979318 7855652
  2  913169  395524  774476 750617  229314  464266  822815 776107  344877
  3  232469  612663  266509 515616  468872  131373  264873 542654  504347
  4  139260  138137  370923 186429  367813  328362   87503 168773  381147
  5  137641  101556   87951 225323  147051  301341  233106  67915  127382
  6   81042   92315   68267  55931  157503  111694  230547 172463   54534
  7   55022   54464   57341  45333   39572  130721   82309 183751  133046
  8    7338   41351   32788  35771   31203   30730   95370  66225  148561
  9   22744   30033   38227  26025   16736   35405   42499 113697  153318
   year
age    1966    1967    1968    1969    1970    1971    1972    1973    1974
  1 1065520 2499919 4100323 2998830 3440170 9572399 2675839 1074339 1672283
  2 2716521  272376  800018 1381162 1081300 1128222 3400950  682171  365637
  3  238570 1585514  178344  511983  943979  716380  551427 1989683  305815
  4  356476  165187 1101101  127092  354402  544997  219543  294381  905922
  5  288504  265120  114299  845226   92869  214635  207816  147239  141996
  6   94125  222205  202626   90137  564442   57736   97813  124822   73552
  7   44480   66812  172767  160945   61628  375675   28066   64118   61250
  8   98655   34964   49282  141432  105080   35295  193775   15601   40722
  9  150013  163029   83571  142389   93471   67154   57792   77270   38135
   year
age    1975   1976   1977   1978    1979   1980    1981   1982    1983    1984
  1 2101533 608221 621969 913517 1216369 885405 1660598 770261 2977418 1132203
  2  440179 673625 184197 208688  322998 447333  324156 589580  275638 1047826
  3  165039 155923 230141  95878  115201 239161  331153 173825  225850  138121
  4  115674  55822  37717 102716   59985  94249  195723 176411   77762  101952
  5  329734  44521  17051  13261   54421  54258   85232 118964   71266   42654
  6   50667 120730  16503   5916    5500  49230   49082  56756   52394   24362
  7   19775  16985  37335   3457    1742   4969   44536  32441   29039   21601
  8   22735   6300   5080  13966    1148   1572    4488  29314   18446   12377
  9   23735  19337   2737   3435    8347   8583    4547   8545   18549    5477
   year
age    1985   1986    1987   1988   1989   1990   1991   1992   1993   1994
  1 1199475 887707 2097344 899294 844942 433443 380590 792557 580372 869256
  2  415230 417628  307016 760256 329838 307223 151172 124793 288511 203237
  3  615308 248887  178306 171286 461356 212934 192698  92352  71600 132981
  4   68445 370401  126630 105140 102731 279305 137643 135037  53229  41814
  5   59093  45606  222520  84207  68185  74994 182290  97774  99658  37747
  6   24435  39044   23439 153796  57448  44525  42738 129343  67771  77574
  7   11296  15822   18306  13226 112058  44774  27676  25846  84916  47279
  8   10746   3708   11869   9647   8883  87139  31142  17854  17363  58633
  9    7079   5121   20243  10246  19194  22426  20134  22793  13784  49220
   year
age   1995   1996    1997   1998   1999    2000    2001    2002   2003   2004
  1 631358 835046 1491824 481352 305133 1636643 1090588 1143083 434105 251977
  2 318776 232109  306061 548117 171801  107823  600011  400991 420269 159617
  3 119397 166302  139659 179159 342726   97247   64387  393648 259682 277014
  4  72809  70444  108350  82925 115577  196270   64080   41624 248129 169403
  5  32131  45716   54985  68030  44827   80785  138998   46452  29466 181406
  6  27101  23970   34238  27876  39887   27893   61453   95941  31148  20551
  7  62496  20530   19313  14444  11645   28945   18486   43964  66935  22486
  8  32804  48188   14117   7718   4919    7454   23262   12601  29074  46125
  9  40277 177233   26764   9090   4262    2341    5277    6855   7692  25632
   year
age   2005   2006   2007   2008
  1 299915 554435 323159 145843
  2  92657 110303 203863 118808
  3 107187  64604  72865 130644
  4 187377  77997  42325  45002
  5 128133 151785  57253  29395
  6 131884 101287 106383  37504
  7  15380 106134  73431  72730
  8  16183  12082  73513  47388
  9  14340  28281  19136  70635


TABLE 5.6.2.15 HERRING in VIa (N). SURVIVORS AFTER TERMINAL YEAR

Units  :  NA 
   year
age  2009
  1    NA
  2 53634
  3 81381
  4 91844
  5 35293
  6 22336
  7 29164
  8 54820
  9 92560


TABLE 5.6.2.16 HERRING in VIa (N). FITTED SELECTION PATTERN

Units  :  NA 
   year
age  2001  2002  2003  2004  2005  2006  2007  2008
  1 0.002 0.002 0.002 0.002 0.002 0.002 0.002 0.002
  2 0.548 0.548 0.548 0.548 0.548 0.548 0.548 0.548
  3 1.066 1.066 1.066 1.066 1.066 1.066 1.066 1.066
  4 1.000 1.000 1.000 1.000 1.000 1.000 1.000 1.000
  5 1.221 1.221 1.221 1.221 1.221 1.221 1.221 1.221
  6 1.059 1.059 1.059 1.059 1.059 1.059 1.059 1.059
  7 1.277 1.277 1.277 1.277 1.277 1.277 1.277 1.277
  8 1.000 1.000 1.000 1.000 1.000 1.000 1.000 1.000
  9 1.000 1.000 1.000 1.000 1.000 1.000 1.000 1.000


TABLE 5.6.2.17 HERRING in VIa (N). PREDICTED CATCH IN NUMBERS

Units  :  NA 
   year
age  1957   1958   1959   1960  1961  1962  1963  1964   1965   1966   1967
  1  6496  15616  53092   3561 13081 55048 11796 26546 299483 211675 207947
  2 74622  30980  67972 102124 45195 92805 78247 82611  19767 500853  27416
  3 58086 145394  35263  60290 61619 22278 53455 70076  62642  33456 218689
  4 25762  39070 116390  22781 33125 67454 11859 26680  59375  60502  37069
  5 33979  24908  24946  48881 22501 44357 40517  7283  22265  40908  39246
  6 19890  27630  17332  11631 12412 19759 26170 24227   5120  19344  29793
  7  8885  17405  16999  10347  5345 24139  8687 18637  22891   5563  11770
  8  1427   9857   7372   6346  4814  6147 13662  8797  18925  17811   5533
  9  4423   7159   8595   4617  2582  7082  6088 15103  19531  27083  25799
   year
age   1968   1969   1970   1971   1972   1973   1974   1975   1976  1977  1978
  1 220255  37706 238226 207711 534963  51170 309016 172879  69053 34836 22525
  2  94438  92561  99014 335083 621496 235627 124944 202087 319604 47739 46284
  3  20998  71907 253719 412816 175137 808267 151025  89066 101548 95834 20587
  4 159122  23314 111897 302208  54205 131484 519178  63701  35502 22117 40692
  5  13988 211243  27741 101957  66714  63071  82466 188202  25195 10083  6879
  6  23582  21011 142399  25557  25716  54642  49683  30601  76289 12211  3833
  7  15677  42762  21609 154424  10342  18242  34629  12297  10918 20992  2100
  8   6377  26031  27073  16818  55763   6506  22470  13121   3914  2758  6278
  9  10814  26207  24082  31999  16631  32223  21042  13698  12014  1486  1544
   year
age 1979 1980   1981   1982  1983   1984   1985   1986  1987   1988   1989
  1  247 2692  36740  13304 81923   2207  40794  33768 19463   1708   6216
  2  142  279  77961 250010 77810 188778  68845 154963 65954 119376  36763
  3   77   95 105600  72179 92743  49828 148399  86072 45463  41735 109501
  4   19   51  61341  93544 29262  35001  17214 118860 32025  28421  18923
  5   13   13  21473  58452 42535  14948  15211  18836 50119  19761  18109
  6    8    9  12623  23580 27318  11366   6631  18000  8429  28555   7589
  7    4    8  11583  11516 14709   9300   6907   2578  7307   3252  15012
  8    1    1   1309  13814  8437   4427   3323   1427  3508   2222   1622
  9    0    0   1326   4027  8484   1959   2189   1971  5983   2360   3505
   year
age  1990  1991  1992  1993  1994  1995  1996  1997  1998  1999  2000  2001
  1 14294 26396  5253 17719  1728   266  1952  1193  9092  7635  3569   367
  2 40867 23013 24469 95288 36554 82176 37854 55810 74167 35252 18162 59482
  3 40779 25229 24922 18710 40193 30398 30899 34966 34571 93910 17264 12327
  4 74279 28212 23733 10978  6007 21272  9219 31657 31905 25078 40674 12149
  5 26520 37517 21817 13269  7433  5376  7508 23118 22872 13364 12264 31442
  6 13305 13533 33869 14801  8101  4205  2501 17500 14372  7529  7121 12266
  7  9878  7581  6351 19186 10515  8805  4700 10331  8641  3251  3083  4349
  8 21456  6892  4317  4711 12158  7971  8458  5213  2825  1257  1452  4410
  9  5522  4456  5511  3740 10206  9787 31108  9883  3327  1089   456  1001
   year
age  2002  2003  2004  2005  2006  2007  2008
  1   426   140    68    50   176   130    32
  2 43739 40152 12929  4717 10350 23855  7752
  3 82457 48011 43781 10826 11742 16299 16779
  4  8638 45420 26489 18696 14035  9384  5714
  5 11475  6441 33989 15427 32628 15081  4489
  6 20949  6004  3387 13896 19195 24803  5024
  7 11289 15222  4387  1932 23738 20097 11575
  8  2615  5322  7212  1615  2174 16298  6017
  9  1423  1408  4008  1431  5089  4243  8969


TABLE 5.6.2.18 HERRING in VIa (N). CATCH RESIDUALS

Units  :  Thousands NA 
   year
age   2001   2002   2003   2004   2005   2006   2007   2008
  1 -0.942  0.847 -0.917   -Inf  1.288 -0.284  0.008   -Inf
  2  0.309 -0.128 -0.186 -0.636  0.714 -0.436  0.364  0.019
  3  0.192  0.131 -0.024 -0.678  0.764 -0.246  0.086 -0.252
  4 -0.267  0.043  0.169  0.049  0.097 -0.028 -0.359 -0.051
  5 -0.250  0.457  0.147  0.298 -0.410  0.230 -0.056 -0.332
  6 -0.279  0.291 -0.324  0.145 -0.351  0.370  0.209  0.124
  7  0.421 -0.222 -0.172  0.555 -0.643 -0.124  0.068  0.248
  8  0.044 -0.524  0.546  0.162 -0.301  0.336 -0.182  0.303
  9  0.000  0.000  0.000  0.000  0.000  0.000  0.000  0.000


TABLE 5.6.2.19 HERRING in VIa (N). PREDICTED INDEX VALUES

WoS Summer Acoustic Survey

Units  :  NA NA 
   year
age   1987 1988 1989 1990   1991   1992   1993   1994   1995   1996   1997
  1 682591   NA   NA   NA 117276 258538 185364 284701 207064 273414 489108
  2 640701   NA   NA   NA 331472 264432 542572 436236 641347 504743 655656
  3 626683   NA   NA   NA 744080 320579 250330 448870 419769 617154 492713
  4 510127   NA   NA   NA 574798 575780 222081 182260 284277 309679 423038
  5 833771   NA   NA   NA 692875 366926 398408 144400 125511 178955 174010
  6  77222   NA   NA   NA 146224 462791 250646 310317 104833  95893  96267
  7  56256   NA   NA   NA  94962  90661 302356 168787 236323  72935  51045
  8  36773   NA   NA   NA 102246  57725  54858 194496 105959 163522  41013
  9  63909   NA   NA   NA  67363  75090  44378 166370 132570 612848  79231
   year
age    1998    1999   2000    2001    2002    2003    2004   2005   2006   2007
  1  155341   97937 535949  357702  374908  142384   82651  98384 181852     NA
  2 1217173  361367 233507 1367776  907644  960476  368509 218343 252389 458814
  3  661291 1185524 363122  237930 1434755  964354 1049233 422477 240474 262641
  4  298401  478423 818273  270575  173497 1052578  732058 840555 331595 174589
  5  233044  158619 318932  520439  171204  110955  698716 516563 573076 208343
  6   77959  150723 100316  230419  354845  117365   78972 527256 382539 389139
  7   34988   39787 111952   65361  152901  238072   81891  58751 378548 252001
  8   22490   15736  24953   78158   41793   98139  158607  57764  40871 241293
  9   26990   13892   7985   18068   23169   26456   89815  52158  97489  64004
   year
age   2008
  1  47840
  2 277274
  3 505343
  4 198345
  5 115977
  6 147159
  7 271638
  8 166194
  9 252432


TABLE 5.6.2.20 HERRING in VIa (N). INDEX RESIDUALS

WoS Summer Acoustic Survey

Units  :  NA 
   year
age   1987 1988 1989 1990   1991   1992   1993   1994   1995   1996   1997
  1 -1.008   NA   NA   NA  1.059 -1.247 -4.207  0.551  0.800 -1.892  0.482
  2 -0.102   NA   NA   NA -0.118  0.644  0.324  0.217  0.526  0.133 -0.021
  3 -0.129   NA   NA   NA -0.819 -0.418  1.001  0.303  0.119  0.263 -0.543
  4 -0.368   NA   NA   NA -0.446 -0.802  1.079  0.449  0.460  0.061 -0.929
  5 -0.102   NA   NA   NA -0.350  0.123  0.311  0.753  0.198 -0.629 -0.968
  6  0.368   NA   NA   NA  0.187 -0.656  1.239 -0.146  0.579 -0.459 -0.665
  7 -0.157   NA   NA   NA  0.039  0.153 -0.062  0.880 -0.334  0.059 -1.143
  8 -0.838   NA   NA   NA -0.129 -0.018  1.017 -0.113  0.803 -0.738 -0.347
  9 -2.286   NA   NA   NA -0.149 -0.169  1.258 -0.232  0.419 -1.675 -1.176
   year
age   1998   1999   2000   2001   2002   2003   2004   2005   2006   2007
  1  2.062  1.696 -0.180 -0.133  0.125  1.126  1.920 -0.673 -0.482     NA
  2 -0.426 -0.114  0.303 -0.253 -0.733  0.079 -0.295  0.109  1.197 -1.292
  3  0.008  0.158 -0.074 -0.089  0.001 -0.034 -0.322 -0.607  0.478  0.114
  4  0.457 -0.102  0.095 -0.448  0.141  0.335 -0.504 -0.686 -0.153  0.148
  5 -0.264  0.664  0.210 -0.174 -0.057  0.491 -0.191 -0.746  0.016 -0.360
  6  0.017 -0.083  0.903 -0.553  0.179  0.096 -0.349 -1.239  0.081 -0.115
  7 -0.221  0.777  0.578  0.453 -0.004  0.376 -0.281 -1.540 -0.511 -0.037
  8 -0.485  0.562  1.337 -0.400  0.479  0.152 -0.657 -0.393 -0.633 -0.389
  9  0.309  0.935  2.097  0.653  0.943  1.045 -0.163 -0.666 -0.497 -0.690
   year
age   2008
  1  0.000
  2 -0.176
  3  0.590
  4  1.216
  5  1.075
  6  0.615
  7  0.976
  8  0.789
  9  0.044


TABLE 5.6.2.21 HERRING in VIa (N). FIT PARAMETERS

                              Value Std.dev Lower.95.pct.CL Upper.95.pct.CL
F, 2001                        0.22    0.15            0.16            0.30
F, 2002                        0.25    0.15            0.18            0.33
F, 2003                        0.21    0.15            0.16            0.29
F, 2004                        0.18    0.16            0.13            0.25
F, 2005                        0.11    0.16            0.08            0.15
F, 2006                        0.21    0.17            0.15            0.29
F, 2007                        0.26    0.20            0.18            0.39
F, 2008                        0.14    0.24            0.09            0.23
Selectivity at age 1           0.00    0.37            0.00            0.00
Selectivity at age 2           0.55    0.15            0.41            0.73
Selectivity at age 3           1.07    0.13            0.82            1.38
Selectivity at age 5           1.22    0.12            0.96            1.55
Selectivity at age 6           1.06    0.12            0.84            1.33
Selectivity at age 7           1.28    0.12            1.02            1.61
Terminal year pop, age 1  145841.95    2.60          885.52     24019607.83
Terminal year pop, age 2  118807.23    0.34        60791.89       232188.20
Terminal year pop, age 3  130643.13    0.27        76944.66       221816.94
Terminal year pop, age 4   45001.03    0.24        27893.19        72601.68
Terminal year pop, age 5   29393.52    0.23        18868.87        45788.59
Terminal year pop, age 6   37502.81    0.22        24222.56        58064.08
Terminal year pop, age 7   72729.21    0.22        47596.02       111134.05
Terminal year pop, age 8   47386.74    0.22        30675.35        73202.19
Last true age pop, 2001    23261.08    0.28        13359.14        40502.44
Last true age pop, 2002    12599.74    0.22         8150.90        19476.79
Last true age pop, 2003    29073.00    0.20        19578.23        43172.40
Last true age pop, 2004    46124.03    0.19        31766.52        66970.69
Last true age pop, 2005    16181.63    0.19        11183.39        23413.76
Last true age pop, 2006    12080.81    0.18         8539.26        17091.18
Last true age pop, 2007    73511.93    0.19        50907.54       106153.31
Index 1, age 1 numbers, Q      0.57    0.62            0.17            1.89
Index 1, age 2 numbers, Q      2.87    0.19            1.97            4.17
Index 1, age 3 numbers, Q      4.69    0.19            3.23            6.80
Index 1, age 4 numbers, Q      5.03    0.19            3.47            7.30
Index 1, age 5 numbers, Q      4.58    0.19            3.16            6.65
Index 1, age 6 numbers, Q      4.50    0.19            3.10            6.54
Index 1, age 7 numbers, Q      4.36    0.19            2.99            6.35
Index 1, age 8 numbers, Q      4.00    0.19            2.73            5.87
Index 1, age 9 numbers, Q      4.08    0.19            2.80            5.95


