TABLE 2.7.1 NORTH SEA HERRING. WEIGHTS AT AGE IN THE CATCH

Units  :  kg 
, , unit = A

   year
age      2015      2016      2017      2018      2019      2020
  0 0.0087000 0.0071000 0.0090000 0.0000000 0.0000000 0.0000000
  1 0.0261000 0.0265000 0.0380000 0.0832800 0.0832800 0.0832800
  2 0.1135000 0.1267000 0.0990000 0.1136900 0.1136900 0.1136900
  3 0.1538000 0.1549000 0.1560000 0.1561400 0.1561400 0.1561400
  4 0.1883000 0.1803000 0.1730000 0.1732200 0.1732200 0.1732200
  5 0.2001000 0.2059000 0.1880000 0.1884900 0.1884900 0.1884900
  6 0.2212000 0.2151000 0.2150000 0.2145200 0.2145200 0.2145200
  7 0.2170000 0.2313000 0.2200000 0.2203100 0.2203100 0.2203100
  8 0.2347182 0.2299244 0.2305184 0.2307355 0.2307355 0.2307355

, , unit = B

   year
age      2015      2016      2017       2018       2019       2020
  0 0.0087000 0.0071000 0.0090000 0.00890000 0.00890000 0.00890000
  1 0.0261000 0.0265000 0.0380000 0.02636988 0.02636988 0.02636988
  2 0.1135000 0.1267000 0.0990000 0.02479000 0.02479000 0.02479000
  3 0.1538000 0.1549000 0.1560000 0.07500000 0.07500000 0.07500000
  4 0.1883000 0.1803000 0.1730000 0.00000000 0.00000000 0.00000000
  5 0.2001000 0.2059000 0.1880000 0.00000000 0.00000000 0.00000000
  6 0.2212000 0.2151000 0.2150000 0.00000000 0.00000000 0.00000000
  7 0.2170000 0.2313000 0.2200000 0.00000000 0.00000000 0.00000000
  8 0.2347182 0.2299244 0.2305184 0.00000000 0.00000000 0.00000000

, , unit = C

   year
age      2015      2016      2017    2018    2019    2020
  0 0.0087000 0.0071000 0.0090000 0.03380 0.03380 0.03380
  1 0.0261000 0.0265000 0.0380000 0.05160 0.05160 0.05160
  2 0.1135000 0.1267000 0.0990000 0.08015 0.08015 0.08015
  3 0.1538000 0.1549000 0.1560000 0.10318 0.10318 0.10318
  4 0.1883000 0.1803000 0.1730000 0.13839 0.13839 0.13839
  5 0.2001000 0.2059000 0.1880000 0.17196 0.17196 0.17196
  6 0.2212000 0.2151000 0.2150000 0.15292 0.15292 0.15292
  7 0.2170000 0.2313000 0.2200000 0.14710 0.14710 0.14710
  8 0.2347182 0.2299244 0.2305184 0.15980 0.15980 0.15980

, , unit = D

   year
age      2015      2016      2017       2018       2019       2020
  0 0.0087000 0.0071000 0.0090000 0.00890000 0.00890000 0.00890000
  1 0.0261000 0.0265000 0.0380000 0.02636988 0.02636988 0.02636988
  2 0.1135000 0.1267000 0.0990000 0.02479000 0.02479000 0.02479000
  3 0.1538000 0.1549000 0.1560000 0.07500000 0.07500000 0.07500000
  4 0.1883000 0.1803000 0.1730000 0.00000000 0.00000000 0.00000000
  5 0.2001000 0.2059000 0.1880000 0.00000000 0.00000000 0.00000000
  6 0.2212000 0.2151000 0.2150000 0.00000000 0.00000000 0.00000000
  7 0.2170000 0.2313000 0.2200000 0.00000000 0.00000000 0.00000000
  8 0.2347182 0.2299244 0.2305184 0.00000000 0.00000000 0.00000000



TABLE 2.7.2 NORTH SEA HERRING. WEIGHTS AT AGE IN THE STOCK

Units  :  kg 
, , unit = A

   year
age        2015       2016        2017        2018        2019        2020
  0 0.005333333 0.00500000 0.004166667 0.004166667 0.004166667 0.004166667
  1 0.043666667 0.04333333 0.042866667 0.042866667 0.042866667 0.042866667
  2 0.127333333 0.12100000 0.110866667 0.110866667 0.110866667 0.110866667
  3 0.161333333 0.16033333 0.153166667 0.153166667 0.153166667 0.153166667
  4 0.200000000 0.18866667 0.182966667 0.182966667 0.182966667 0.182966667
  5 0.211666667 0.21600000 0.207100000 0.207100000 0.207100000 0.207100000
  6 0.224666667 0.22433333 0.226533333 0.226533333 0.226533333 0.226533333
  7 0.229000000 0.22433333 0.227066667 0.227066667 0.227066667 0.227066667
  8 0.239358137 0.23372066 0.229232697 0.229232697 0.229232697 0.229232697

, , unit = B

   year
age        2015       2016        2017        2018        2019        2020
  0 0.005333333 0.00500000 0.004166667 0.004166667 0.004166667 0.004166667
  1 0.043666667 0.04333333 0.042866667 0.042866667 0.042866667 0.042866667
  2 0.127333333 0.12100000 0.110866667 0.110866667 0.110866667 0.110866667
  3 0.161333333 0.16033333 0.153166667 0.153166667 0.153166667 0.153166667
  4 0.200000000 0.18866667 0.182966667 0.182966667 0.182966667 0.182966667
  5 0.211666667 0.21600000 0.207100000 0.207100000 0.207100000 0.207100000
  6 0.224666667 0.22433333 0.226533333 0.226533333 0.226533333 0.226533333
  7 0.229000000 0.22433333 0.227066667 0.227066667 0.227066667 0.227066667
  8 0.239358137 0.23372066 0.229232697 0.229232697 0.229232697 0.229232697

, , unit = C

   year
age        2015       2016        2017        2018        2019        2020
  0 0.005333333 0.00500000 0.004166667 0.004166667 0.004166667 0.004166667
  1 0.043666667 0.04333333 0.042866667 0.042866667 0.042866667 0.042866667
  2 0.127333333 0.12100000 0.110866667 0.110866667 0.110866667 0.110866667
  3 0.161333333 0.16033333 0.153166667 0.153166667 0.153166667 0.153166667
  4 0.200000000 0.18866667 0.182966667 0.182966667 0.182966667 0.182966667
  5 0.211666667 0.21600000 0.207100000 0.207100000 0.207100000 0.207100000
  6 0.224666667 0.22433333 0.226533333 0.226533333 0.226533333 0.226533333
  7 0.229000000 0.22433333 0.227066667 0.227066667 0.227066667 0.227066667
  8 0.239358137 0.23372066 0.229232697 0.229232697 0.229232697 0.229232697

, , unit = D

   year
age        2015       2016        2017        2018        2019        2020
  0 0.005333333 0.00500000 0.004166667 0.004166667 0.004166667 0.004166667
  1 0.043666667 0.04333333 0.042866667 0.042866667 0.042866667 0.042866667
  2 0.127333333 0.12100000 0.110866667 0.110866667 0.110866667 0.110866667
  3 0.161333333 0.16033333 0.153166667 0.153166667 0.153166667 0.153166667
  4 0.200000000 0.18866667 0.182966667 0.182966667 0.182966667 0.182966667
  5 0.211666667 0.21600000 0.207100000 0.207100000 0.207100000 0.207100000
  6 0.224666667 0.22433333 0.226533333 0.226533333 0.226533333 0.226533333
  7 0.229000000 0.22433333 0.227066667 0.227066667 0.227066667 0.227066667
  8 0.239358137 0.23372066 0.229232697 0.229232697 0.229232697 0.229232697



TABLE 2.7.3 NORTH SEA HERRING. STOCK IN NUMBER

Units  :  NA 
, , unit = A

   year
age             2015             2016             2017             2018 2019
  0 16493130.8769689 32135411.8681768 18500940.9771861 35689956.0216189     
  1 25056849.3396488 6638457.44247331 12337711.3230384 7862030.88344504     
  2 11107568.1351872 13980151.4103632 2920179.81624436  6104646.2536249     
  3 3448124.14453631 7425503.66595139 8225307.40562636 1789111.48602628     
  4 2173934.07315193  2051363.6285745  4632301.5430303 4722098.70325369     
  5 2189220.63035952 1313758.44645827 1266081.86710122 2507295.63681821     
  6 1415994.75990697 1200542.97340495 603163.970354888 693766.889376386     
  7 785951.220679026 691327.850564273 507365.415784417 292902.628316822     
  8  831284.76552076  707969.19960978  504485.47755377 382823.144710232     
   year
age 2020
  0     
  1     
  2     
  3     
  4     
  5     
  6     
  7     
  8     

, , unit = B

   year
age             2015             2016             2017             2018 2019
  0 16493130.8769689 32135411.8681768 18500940.9771861 35689956.0216189     
  1 25056849.3396488 6638457.44247331 12337711.3230384 7862030.88344504     
  2 11107568.1351872 13980151.4103632 2920179.81624436  6104646.2536249     
  3 3448124.14453631 7425503.66595139 8225307.40562636 1789111.48602628     
  4 2173934.07315193  2051363.6285745  4632301.5430303 4722098.70325369     
  5 2189220.63035952 1313758.44645827 1266081.86710122 2507295.63681821     
  6 1415994.75990697 1200542.97340495 603163.970354888 693766.889376386     
  7 785951.220679026 691327.850564273 507365.415784417 292902.628316822     
  8  831284.76552076  707969.19960978  504485.47755377 382823.144710232     
   year
age 2020
  0     
  1     
  2     
  3     
  4     
  5     
  6     
  7     
  8     

, , unit = C

   year
age             2015             2016             2017             2018 2019
  0 16493130.8769689 32135411.8681768 18500940.9771861 35689956.0216189     
  1 25056849.3396488 6638457.44247331 12337711.3230384 7862030.88344504     
  2 11107568.1351872 13980151.4103632 2920179.81624436  6104646.2536249     
  3 3448124.14453631 7425503.66595139 8225307.40562636 1789111.48602628     
  4 2173934.07315193  2051363.6285745  4632301.5430303 4722098.70325369     
  5 2189220.63035952 1313758.44645827 1266081.86710122 2507295.63681821     
  6 1415994.75990697 1200542.97340495 603163.970354888 693766.889376386     
  7 785951.220679026 691327.850564273 507365.415784417 292902.628316822     
  8  831284.76552076  707969.19960978  504485.47755377 382823.144710232     
   year
age 2020
  0     
  1     
  2     
  3     
  4     
  5     
  6     
  7     
  8     

, , unit = D

   year
age             2015             2016             2017             2018 2019
  0 16493130.8769689 32135411.8681768 18500940.9771861 35689956.0216189     
  1 25056849.3396488 6638457.44247331 12337711.3230384 7862030.88344504     
  2 11107568.1351872 13980151.4103632 2920179.81624436  6104646.2536249     
  3 3448124.14453631 7425503.66595139 8225307.40562636 1789111.48602628     
  4 2173934.07315193  2051363.6285745  4632301.5430303 4722098.70325369     
  5 2189220.63035952 1313758.44645827 1266081.86710122 2507295.63681821     
  6 1415994.75990697 1200542.97340495 603163.970354888 693766.889376386     
  7 785951.220679026 691327.850564273 507365.415784417 292902.628316822     
  8  831284.76552076  707969.19960978  504485.47755377 382823.144710232     
   year
age 2020
  0     
  1     
  2     
  3     
  4     
  5     
  6     
  7     
  8     



TABLE 2.7.4 NORTH SEA HERRING. FISHING MORTALITY AT AGE IN THE STOCK

Units  :  f 
, , unit = A

   year
age               2015               2016               2017
  0 0.0497587156113601 0.0669553992650131 0.0404979710509544
  1 0.0227520053180427 0.0229811961047548  0.023601164993274
  2 0.0632996583468551 0.0564524381084088 0.0480248473120584
  3 0.0980562502527821  0.138680406488407  0.167641195363157
  4  0.174259762074959   0.18990344935474  0.235521906351646
  5  0.281861371368902  0.284577271367316  0.237645321073558
  6  0.395877008485513  0.425530688762617  0.366071396712919
  7  0.536042663836295  0.711296560650591  0.624279653409926
  8  0.536042663836295  0.711296560650591  0.624279653409926
   year
age                2018 2019 2020
  0                   0          
  1 0.00387202601316234          
  2  0.0784467532979464          
  3   0.248431443059493          
  4   0.379695392370915          
  5   0.478626553341657          
  6    0.70504599795688          
  7    1.09983694628785          
  8    1.09983694628785          

, , unit = B

   year
age               2015               2016               2017
  0 0.0497587156113601 0.0669553992650131 0.0404979710509544
  1 0.0227520053180427 0.0229811961047548  0.023601164993274
  2 0.0632996583468551 0.0564524381084088 0.0480248473120584
  3 0.0980562502527821  0.138680406488407  0.167641195363157
  4  0.174259762074959   0.18990344935474  0.235521906351646
  5  0.281861371368902  0.284577271367316  0.237645321073558
  6  0.395877008485513  0.425530688762617  0.366071396712919
  7  0.536042663836295  0.711296560650591  0.624279653409926
  8  0.536042663836295  0.711296560650591  0.624279653409926
   year
age                  2018 2019 2020
  0    0.0368054534760562          
  1    0.0125935574344411          
  2   0.00168186890486817          
  3 0.0000485651552447626          
  4 0.0000485651552447626          
  5 0.0000485651552447626          
  6                     0          
  7                     0          
  8                     0          

, , unit = C

   year
age               2015               2016               2017
  0 0.0497587156113601 0.0669553992650131 0.0404979710509544
  1 0.0227520053180427 0.0229811961047548  0.023601164993274
  2 0.0632996583468551 0.0564524381084088 0.0480248473120584
  3 0.0980562502527821  0.138680406488407  0.167641195363157
  4  0.174259762074959   0.18990344935474  0.235521906351646
  5  0.281861371368902  0.284577271367316  0.237645321073558
  6  0.395877008485513  0.425530688762617  0.366071396712919
  7  0.536042663836295  0.711296560650591  0.624279653409926
  8  0.536042663836295  0.711296560650591  0.624279653409926
   year
age                 2018 2019 2020
  0                    0          
  1  0.00947312685706143          
  2   0.0116707587097831          
  3  0.00140237435329865          
  4 0.000569005903688763          
  5 0.000569005903688763          
  6 0.000569005903688763          
  7                    0          
  8                    0          

, , unit = D

   year
age               2015               2016               2017
  0 0.0497587156113601 0.0669553992650131 0.0404979710509544
  1 0.0227520053180427 0.0229811961047548  0.023601164993274
  2 0.0632996583468551 0.0564524381084088 0.0480248473120584
  3 0.0980562502527821  0.138680406488407  0.167641195363157
  4  0.174259762074959   0.18990344935474  0.235521906351646
  5  0.281861371368902  0.284577271367316  0.237645321073558
  6  0.395877008485513  0.425530688762617  0.366071396712919
  7  0.536042663836295  0.711296560650591  0.624279653409926
  8  0.536042663836295  0.711296560650591  0.624279653409926
   year
age                   2018 2019 2020
  0    0.00699598242365565          
  1    0.00239378402224997          
  2   0.000319689724920935          
  3 0.00000923126711957234          
  4 0.00000923126711957234          
  5 0.00000923126711957234          
  6                      0          
  7                      0          
  8                      0          



TABLE 2.7.5 NORTH SEA HERRING. NATURAL MORTALITY

Units  :  NA 
, , unit = A

   year
age      2015      2016      2017      2018      2019      2020
  0 0.8891311 0.8495409 0.8495409 0.8927682 0.8927682 0.8927682
  1 0.6716350 0.6800092 0.6800092 0.6724730 0.6724730 0.6724730
  2 0.4398892 0.4419012 0.4419012 0.4404188 0.4404188 0.4404188
  3 0.3893188 0.3873211 0.3873211 0.3896643 0.3896643 0.3896643
  4 0.3781232 0.3783272 0.3783272 0.3777974 0.3777974 0.3777974
  5 0.3628765 0.3639009 0.3639009 0.3624111 0.3624111 0.3624111
  6 0.3532930 0.3562775 0.3562775 0.3525814 0.3525814 0.3525814
  7 0.3475198 0.3523502 0.3523502 0.3465527 0.3465527 0.3465527
  8 0.3377392 0.3430125 0.3430125 0.3368645 0.3368645 0.3368645

, , unit = B

   year
age      2015      2016      2017      2018      2019      2020
  0 0.8891311 0.8495409 0.8495409 0.8927682 0.8927682 0.8927682
  1 0.6716350 0.6800092 0.6800092 0.6724730 0.6724730 0.6724730
  2 0.4398892 0.4419012 0.4419012 0.4404188 0.4404188 0.4404188
  3 0.3893188 0.3873211 0.3873211 0.3896643 0.3896643 0.3896643
  4 0.3781232 0.3783272 0.3783272 0.3777974 0.3777974 0.3777974
  5 0.3628765 0.3639009 0.3639009 0.3624111 0.3624111 0.3624111
  6 0.3532930 0.3562775 0.3562775 0.3525814 0.3525814 0.3525814
  7 0.3475198 0.3523502 0.3523502 0.3465527 0.3465527 0.3465527
  8 0.3377392 0.3430125 0.3430125 0.3368645 0.3368645 0.3368645

, , unit = C

   year
age      2015      2016      2017      2018      2019      2020
  0 0.8891311 0.8495409 0.8495409 0.8927682 0.8927682 0.8927682
  1 0.6716350 0.6800092 0.6800092 0.6724730 0.6724730 0.6724730
  2 0.4398892 0.4419012 0.4419012 0.4404188 0.4404188 0.4404188
  3 0.3893188 0.3873211 0.3873211 0.3896643 0.3896643 0.3896643
  4 0.3781232 0.3783272 0.3783272 0.3777974 0.3777974 0.3777974
  5 0.3628765 0.3639009 0.3639009 0.3624111 0.3624111 0.3624111
  6 0.3532930 0.3562775 0.3562775 0.3525814 0.3525814 0.3525814
  7 0.3475198 0.3523502 0.3523502 0.3465527 0.3465527 0.3465527
  8 0.3377392 0.3430125 0.3430125 0.3368645 0.3368645 0.3368645

, , unit = D

   year
age      2015      2016      2017      2018      2019      2020
  0 0.8891311 0.8495409 0.8495409 0.8927682 0.8927682 0.8927682
  1 0.6716350 0.6800092 0.6800092 0.6724730 0.6724730 0.6724730
  2 0.4398892 0.4419012 0.4419012 0.4404188 0.4404188 0.4404188
  3 0.3893188 0.3873211 0.3873211 0.3896643 0.3896643 0.3896643
  4 0.3781232 0.3783272 0.3783272 0.3777974 0.3777974 0.3777974
  5 0.3628765 0.3639009 0.3639009 0.3624111 0.3624111 0.3624111
  6 0.3532930 0.3562775 0.3562775 0.3525814 0.3525814 0.3525814
  7 0.3475198 0.3523502 0.3523502 0.3465527 0.3465527 0.3465527
  8 0.3377392 0.3430125 0.3430125 0.3368645 0.3368645 0.3368645



TABLE 2.7.6 NORTH SEA HERRING. PROPORTION MATURE

Units  :  NA 
, , unit = A

   year
age 2015 2016 2017      2018      2019      2020
  0 0.00 0.00 0.00 0.0000000 0.0000000 0.0000000
  1 0.00 0.00 0.00 0.0000000 0.0000000 0.0000000
  2 0.70 0.71 0.55 0.6533333 0.6533333 0.6533333
  3 0.90 0.89 0.96 0.9166667 0.9166667 0.9166667
  4 0.96 0.95 0.97 0.9600000 0.9600000 0.9600000
  5 1.00 1.00 1.00 1.0000000 1.0000000 1.0000000
  6 1.00 1.00 1.00 1.0000000 1.0000000 1.0000000
  7 1.00 1.00 1.00 1.0000000 1.0000000 1.0000000
  8 1.00 1.00 1.00 1.0000000 1.0000000 1.0000000

, , unit = B

   year
age 2015 2016 2017      2018      2019      2020
  0 0.00 0.00 0.00 0.0000000 0.0000000 0.0000000
  1 0.00 0.00 0.00 0.0000000 0.0000000 0.0000000
  2 0.70 0.71 0.55 0.6533333 0.6533333 0.6533333
  3 0.90 0.89 0.96 0.9166667 0.9166667 0.9166667
  4 0.96 0.95 0.97 0.9600000 0.9600000 0.9600000
  5 1.00 1.00 1.00 1.0000000 1.0000000 1.0000000
  6 1.00 1.00 1.00 1.0000000 1.0000000 1.0000000
  7 1.00 1.00 1.00 1.0000000 1.0000000 1.0000000
  8 1.00 1.00 1.00 1.0000000 1.0000000 1.0000000

, , unit = C

   year
age 2015 2016 2017      2018      2019      2020
  0 0.00 0.00 0.00 0.0000000 0.0000000 0.0000000
  1 0.00 0.00 0.00 0.0000000 0.0000000 0.0000000
  2 0.70 0.71 0.55 0.6533333 0.6533333 0.6533333
  3 0.90 0.89 0.96 0.9166667 0.9166667 0.9166667
  4 0.96 0.95 0.97 0.9600000 0.9600000 0.9600000
  5 1.00 1.00 1.00 1.0000000 1.0000000 1.0000000
  6 1.00 1.00 1.00 1.0000000 1.0000000 1.0000000
  7 1.00 1.00 1.00 1.0000000 1.0000000 1.0000000
  8 1.00 1.00 1.00 1.0000000 1.0000000 1.0000000

, , unit = D

   year
age 2015 2016 2017      2018      2019      2020
  0 0.00 0.00 0.00 0.0000000 0.0000000 0.0000000
  1 0.00 0.00 0.00 0.0000000 0.0000000 0.0000000
  2 0.70 0.71 0.55 0.6533333 0.6533333 0.6533333
  3 0.90 0.89 0.96 0.9166667 0.9166667 0.9166667
  4 0.96 0.95 0.97 0.9600000 0.9600000 0.9600000
  5 1.00 1.00 1.00 1.0000000 1.0000000 1.0000000
  6 1.00 1.00 1.00 1.0000000 1.0000000 1.0000000
  7 1.00 1.00 1.00 1.0000000 1.0000000 1.0000000
  8 1.00 1.00 1.00 1.0000000 1.0000000 1.0000000



TABLE 2.7.7 NORTH SEA HERRING. FRACTION OF HARVEST BEFORE SPAWNING

Units  :  NA 
, , unit = A

   year
age 2015 2016 2017 2018 2019 2020
  0 0.67 0.67 0.67 0.67 0.67 0.67
  1 0.67 0.67 0.67 0.67 0.67 0.67
  2 0.67 0.67 0.67 0.67 0.67 0.67
  3 0.67 0.67 0.67 0.67 0.67 0.67
  4 0.67 0.67 0.67 0.67 0.67 0.67
  5 0.67 0.67 0.67 0.67 0.67 0.67
  6 0.67 0.67 0.67 0.67 0.67 0.67
  7 0.67 0.67 0.67 0.67 0.67 0.67
  8 0.67 0.67 0.67 0.67 0.67 0.67

, , unit = B

   year
age 2015 2016 2017 2018 2019 2020
  0 0.67 0.67 0.67 0.67 0.67 0.67
  1 0.67 0.67 0.67 0.67 0.67 0.67
  2 0.67 0.67 0.67 0.67 0.67 0.67
  3 0.67 0.67 0.67 0.67 0.67 0.67
  4 0.67 0.67 0.67 0.67 0.67 0.67
  5 0.67 0.67 0.67 0.67 0.67 0.67
  6 0.67 0.67 0.67 0.67 0.67 0.67
  7 0.67 0.67 0.67 0.67 0.67 0.67
  8 0.67 0.67 0.67 0.67 0.67 0.67

, , unit = C

   year
age 2015 2016 2017 2018 2019 2020
  0 0.67 0.67 0.67 0.67 0.67 0.67
  1 0.67 0.67 0.67 0.67 0.67 0.67
  2 0.67 0.67 0.67 0.67 0.67 0.67
  3 0.67 0.67 0.67 0.67 0.67 0.67
  4 0.67 0.67 0.67 0.67 0.67 0.67
  5 0.67 0.67 0.67 0.67 0.67 0.67
  6 0.67 0.67 0.67 0.67 0.67 0.67
  7 0.67 0.67 0.67 0.67 0.67 0.67
  8 0.67 0.67 0.67 0.67 0.67 0.67

, , unit = D

   year
age 2015 2016 2017 2018 2019 2020
  0 0.67 0.67 0.67 0.67 0.67 0.67
  1 0.67 0.67 0.67 0.67 0.67 0.67
  2 0.67 0.67 0.67 0.67 0.67 0.67
  3 0.67 0.67 0.67 0.67 0.67 0.67
  4 0.67 0.67 0.67 0.67 0.67 0.67
  5 0.67 0.67 0.67 0.67 0.67 0.67
  6 0.67 0.67 0.67 0.67 0.67 0.67
  7 0.67 0.67 0.67 0.67 0.67 0.67
  8 0.67 0.67 0.67 0.67 0.67 0.67



TABLE 2.7.8 NORTH SEA HERRING. FRACTION OF NATURAL MORTALITY BEFORE SPAWNING

Units  :  NA 
, , unit = A

   year
age 2015 2016 2017 2018 2019 2020
  0 0.67 0.67 0.67 0.67 0.67 0.67
  1 0.67 0.67 0.67 0.67 0.67 0.67
  2 0.67 0.67 0.67 0.67 0.67 0.67
  3 0.67 0.67 0.67 0.67 0.67 0.67
  4 0.67 0.67 0.67 0.67 0.67 0.67
  5 0.67 0.67 0.67 0.67 0.67 0.67
  6 0.67 0.67 0.67 0.67 0.67 0.67
  7 0.67 0.67 0.67 0.67 0.67 0.67
  8 0.67 0.67 0.67 0.67 0.67 0.67

, , unit = B

   year
age 2015 2016 2017 2018 2019 2020
  0 0.67 0.67 0.67 0.67 0.67 0.67
  1 0.67 0.67 0.67 0.67 0.67 0.67
  2 0.67 0.67 0.67 0.67 0.67 0.67
  3 0.67 0.67 0.67 0.67 0.67 0.67
  4 0.67 0.67 0.67 0.67 0.67 0.67
  5 0.67 0.67 0.67 0.67 0.67 0.67
  6 0.67 0.67 0.67 0.67 0.67 0.67
  7 0.67 0.67 0.67 0.67 0.67 0.67
  8 0.67 0.67 0.67 0.67 0.67 0.67

, , unit = C

   year
age 2015 2016 2017 2018 2019 2020
  0 0.67 0.67 0.67 0.67 0.67 0.67
  1 0.67 0.67 0.67 0.67 0.67 0.67
  2 0.67 0.67 0.67 0.67 0.67 0.67
  3 0.67 0.67 0.67 0.67 0.67 0.67
  4 0.67 0.67 0.67 0.67 0.67 0.67
  5 0.67 0.67 0.67 0.67 0.67 0.67
  6 0.67 0.67 0.67 0.67 0.67 0.67
  7 0.67 0.67 0.67 0.67 0.67 0.67
  8 0.67 0.67 0.67 0.67 0.67 0.67

, , unit = D

   year
age 2015 2016 2017 2018 2019 2020
  0 0.67 0.67 0.67 0.67 0.67 0.67
  1 0.67 0.67 0.67 0.67 0.67 0.67
  2 0.67 0.67 0.67 0.67 0.67 0.67
  3 0.67 0.67 0.67 0.67 0.67 0.67
  4 0.67 0.67 0.67 0.67 0.67 0.67
  5 0.67 0.67 0.67 0.67 0.67 0.67
  6 0.67 0.67 0.67 0.67 0.67 0.67
  7 0.67 0.67 0.67 0.67 0.67 0.67
  8 0.67 0.67 0.67 0.67 0.67 0.67




TABLE 2.7.9 NORTH SEA HERRING. Recruitment in 2019

32695655


TABLE 2.7.10 NORTH SEA HERRING. Recruitment in 2020

32695655


TABLE 2.7.11 NORTH SEA HERRING. FLR, R SOFTWARE VERSIONS

R version 3.4.1 (2017-06-30)

Package  : FLSAM
Version  : 2.1.0
Packaged : 
Built    : R 3.4.1; ; 2018-03-16 23:51:30 UTC; windows

Package  : FLCore
Version  : 2.6.5
Packaged : 2017-09-18 09:08:34 UTC; mosquia
Built    : R 3.4.1; ; 2017-09-18 09:38:44 UTC; windows


