TABLE 2.7.1 NORTH SEA HERRING. WEIGHTS AT AGE IN THE CATCH

Units  :  kg 
, , unit = A

   year
age      2015      2016      2017       2018       2019       2020
  0 0.0087000 0.0071000 0.0035000 0.00000000 0.00000000 0.00000000
  1 0.0261000 0.0265000 0.0426000 0.07940147 0.07940147 0.07940147
  2 0.1135000 0.1267000 0.0996000 0.12872677 0.12872677 0.12872677
  3 0.1538000 0.1549000 0.1555000 0.15583714 0.15583714 0.15583714
  4 0.1883000 0.1803000 0.1779000 0.17773190 0.17773190 0.17773190
  5 0.2001000 0.2059000 0.1983000 0.19908518 0.19908518 0.19908518
  6 0.2212000 0.2151000 0.2246000 0.21776280 0.21776280 0.21776280
  7 0.2170000 0.2313000 0.2332000 0.22361609 0.22361609 0.22361609
  8 0.2347182 0.2299244 0.2337749 0.23183184 0.23183184 0.23183184

, , unit = B

   year
age      2015      2016      2017        2018        2019        2020
  0 0.0087000 0.0071000 0.0035000 0.007632428 0.007632428 0.007632428
  1 0.0261000 0.0265000 0.0426000 0.021159966 0.021159966 0.021159966
  2 0.1135000 0.1267000 0.0996000 0.055300000 0.055300000 0.055300000
  3 0.1538000 0.1549000 0.1555000 0.084400000 0.084400000 0.084400000
  4 0.1883000 0.1803000 0.1779000 0.093000000 0.093000000 0.093000000
  5 0.2001000 0.2059000 0.1983000 0.000000000 0.000000000 0.000000000
  6 0.2212000 0.2151000 0.2246000 0.146000000 0.146000000 0.146000000
  7 0.2170000 0.2313000 0.2332000 0.000000000 0.000000000 0.000000000
  8 0.2347182 0.2299244 0.2337749 0.000000000 0.000000000 0.000000000

, , unit = C

   year
age      2015      2016      2017       2018       2019       2020
  0 0.0087000 0.0071000 0.0035000 0.01589524 0.01589524 0.01589524
  1 0.0261000 0.0265000 0.0426000 0.04821344 0.04821344 0.04821344
  2 0.1135000 0.1267000 0.0996000 0.06993825 0.06993825 0.06993825
  3 0.1538000 0.1549000 0.1555000 0.11975775 0.11975775 0.11975775
  4 0.1883000 0.1803000 0.1779000 0.14457274 0.14457274 0.14457274
  5 0.2001000 0.2059000 0.1983000 0.17875737 0.17875737 0.17875737
  6 0.2212000 0.2151000 0.2246000 0.19483715 0.19483715 0.19483715
  7 0.2170000 0.2313000 0.2332000 0.19734824 0.19734824 0.19734824
  8 0.2347182 0.2299244 0.2337749 0.21767587 0.21767587 0.21767587

, , unit = D

   year
age      2015      2016      2017        2018        2019        2020
  0 0.0087000 0.0071000 0.0035000 0.008383937 0.008383937 0.008383937
  1 0.0261000 0.0265000 0.0426000 0.023910947 0.023910947 0.023910947
  2 0.1135000 0.1267000 0.0996000 0.045360301 0.045360301 0.045360301
  3 0.1538000 0.1549000 0.1555000 0.088761142 0.088761142 0.088761142
  4 0.1883000 0.1803000 0.1779000 0.000000000 0.000000000 0.000000000
  5 0.2001000 0.2059000 0.1983000 0.078000000 0.078000000 0.078000000
  6 0.2212000 0.2151000 0.2246000 0.000000000 0.000000000 0.000000000
  7 0.2170000 0.2313000 0.2332000 0.000000000 0.000000000 0.000000000
  8 0.2347182 0.2299244 0.2337749 0.000000000 0.000000000 0.000000000



TABLE 2.7.2 NORTH SEA HERRING. WEIGHTS AT AGE IN THE STOCK

Units  :  kg 
, , unit = A

   year
age        2015       2016       2017       2018       2019       2020
  0 0.005333333 0.00500000 0.00600000 0.00600000 0.00600000 0.00600000
  1 0.043666667 0.04333333 0.04133333 0.04133333 0.04133333 0.04133333
  2 0.127333333 0.12100000 0.11066667 0.11066667 0.11066667 0.11066667
  3 0.161333333 0.16033333 0.15333333 0.15333333 0.15333333 0.15333333
  4 0.200000000 0.18866667 0.18133333 0.18133333 0.18133333 0.18133333
  5 0.211666667 0.21600000 0.20366667 0.20366667 0.20366667 0.20366667
  6 0.224666667 0.22433333 0.22333333 0.22333333 0.22333333 0.22333333
  7 0.229000000 0.22433333 0.22266667 0.22266667 0.22266667 0.22266667
  8 0.239358137 0.23372066 0.22814721 0.22814721 0.22814721 0.22814721

, , unit = B

   year
age        2015       2016       2017       2018       2019       2020
  0 0.005333333 0.00500000 0.00600000 0.00600000 0.00600000 0.00600000
  1 0.043666667 0.04333333 0.04133333 0.04133333 0.04133333 0.04133333
  2 0.127333333 0.12100000 0.11066667 0.11066667 0.11066667 0.11066667
  3 0.161333333 0.16033333 0.15333333 0.15333333 0.15333333 0.15333333
  4 0.200000000 0.18866667 0.18133333 0.18133333 0.18133333 0.18133333
  5 0.211666667 0.21600000 0.20366667 0.20366667 0.20366667 0.20366667
  6 0.224666667 0.22433333 0.22333333 0.22333333 0.22333333 0.22333333
  7 0.229000000 0.22433333 0.22266667 0.22266667 0.22266667 0.22266667
  8 0.239358137 0.23372066 0.22814721 0.22814721 0.22814721 0.22814721

, , unit = C

   year
age        2015       2016       2017       2018       2019       2020
  0 0.005333333 0.00500000 0.00600000 0.00600000 0.00600000 0.00600000
  1 0.043666667 0.04333333 0.04133333 0.04133333 0.04133333 0.04133333
  2 0.127333333 0.12100000 0.11066667 0.11066667 0.11066667 0.11066667
  3 0.161333333 0.16033333 0.15333333 0.15333333 0.15333333 0.15333333
  4 0.200000000 0.18866667 0.18133333 0.18133333 0.18133333 0.18133333
  5 0.211666667 0.21600000 0.20366667 0.20366667 0.20366667 0.20366667
  6 0.224666667 0.22433333 0.22333333 0.22333333 0.22333333 0.22333333
  7 0.229000000 0.22433333 0.22266667 0.22266667 0.22266667 0.22266667
  8 0.239358137 0.23372066 0.22814721 0.22814721 0.22814721 0.22814721

, , unit = D

   year
age        2015       2016       2017       2018       2019       2020
  0 0.005333333 0.00500000 0.00600000 0.00600000 0.00600000 0.00600000
  1 0.043666667 0.04333333 0.04133333 0.04133333 0.04133333 0.04133333
  2 0.127333333 0.12100000 0.11066667 0.11066667 0.11066667 0.11066667
  3 0.161333333 0.16033333 0.15333333 0.15333333 0.15333333 0.15333333
  4 0.200000000 0.18866667 0.18133333 0.18133333 0.18133333 0.18133333
  5 0.211666667 0.21600000 0.20366667 0.20366667 0.20366667 0.20366667
  6 0.224666667 0.22433333 0.22333333 0.22333333 0.22333333 0.22333333
  7 0.229000000 0.22433333 0.22266667 0.22266667 0.22266667 0.22266667
  8 0.239358137 0.23372066 0.22814721 0.22814721 0.22814721 0.22814721



TABLE 2.7.3 NORTH SEA HERRING. STOCK IN NUMBER

Units  :  NA 
, , unit = A

   year
age             2015             2016             2017             2018 2019
  0 16528114.0019496 32148871.6046838 19152075.8903872 36177718.2823151     
  1 25073177.0860086 6643206.03729109 12304615.0190795 7666986.13670666     
  2 11108463.7215838 13988528.3367892 2920186.39957396 6152153.94232648     
  3 3447114.88031279 7422919.95897569 8238985.79882019 1792143.36288381     
  4 2172822.10504108 2049947.86511385 4628414.97552899 4711764.49595418     
  5 2187818.00572113 1312438.91632837 1264108.97091708 2507869.20425446     
  6  1415261.4045516 1198931.75768077 601630.530674794 694459.882338215     
  7  785575.60184723 690614.651436727 505559.429096537 293914.614898675     
  8 830852.743549266 707199.266610051 502585.235083069 385041.180000347     
   year
age 2020
  0     
  1     
  2     
  3     
  4     
  5     
  6     
  7     
  8     

, , unit = B

   year
age             2015             2016             2017             2018 2019
  0 16528114.0019496 32148871.6046838 19152075.8903872 36177718.2823151     
  1 25073177.0860086 6643206.03729109 12304615.0190795 7666986.13670666     
  2 11108463.7215838 13988528.3367892 2920186.39957396 6152153.94232648     
  3 3447114.88031279 7422919.95897569 8238985.79882019 1792143.36288381     
  4 2172822.10504108 2049947.86511385 4628414.97552899 4711764.49595418     
  5 2187818.00572113 1312438.91632837 1264108.97091708 2507869.20425446     
  6  1415261.4045516 1198931.75768077 601630.530674794 694459.882338215     
  7  785575.60184723 690614.651436727 505559.429096537 293914.614898675     
  8 830852.743549266 707199.266610051 502585.235083069 385041.180000347     
   year
age 2020
  0     
  1     
  2     
  3     
  4     
  5     
  6     
  7     
  8     

, , unit = C

   year
age             2015             2016             2017             2018 2019
  0 16528114.0019496 32148871.6046838 19152075.8903872 36177718.2823151     
  1 25073177.0860086 6643206.03729109 12304615.0190795 7666986.13670666     
  2 11108463.7215838 13988528.3367892 2920186.39957396 6152153.94232648     
  3 3447114.88031279 7422919.95897569 8238985.79882019 1792143.36288381     
  4 2172822.10504108 2049947.86511385 4628414.97552899 4711764.49595418     
  5 2187818.00572113 1312438.91632837 1264108.97091708 2507869.20425446     
  6  1415261.4045516 1198931.75768077 601630.530674794 694459.882338215     
  7  785575.60184723 690614.651436727 505559.429096537 293914.614898675     
  8 830852.743549266 707199.266610051 502585.235083069 385041.180000347     
   year
age 2020
  0     
  1     
  2     
  3     
  4     
  5     
  6     
  7     
  8     

, , unit = D

   year
age             2015             2016             2017             2018 2019
  0 16528114.0019496 32148871.6046838 19152075.8903872 36177718.2823151     
  1 25073177.0860086 6643206.03729109 12304615.0190795 7666986.13670666     
  2 11108463.7215838 13988528.3367892 2920186.39957396 6152153.94232648     
  3 3447114.88031279 7422919.95897569 8238985.79882019 1792143.36288381     
  4 2172822.10504108 2049947.86511385 4628414.97552899 4711764.49595418     
  5 2187818.00572113 1312438.91632837 1264108.97091708 2507869.20425446     
  6  1415261.4045516 1198931.75768077 601630.530674794 694459.882338215     
  7  785575.60184723 690614.651436727 505559.429096537 293914.614898675     
  8 830852.743549266 707199.266610051 502585.235083069 385041.180000347     
   year
age 2020
  0     
  1     
  2     
  3     
  4     
  5     
  6     
  7     
  8     



TABLE 2.7.4 NORTH SEA HERRING. FISHING MORTALITY AT AGE IN THE STOCK

Units  :  f 
, , unit = A

   year
age               2015               2016               2017
  0 0.0496656910502788 0.0668785135970011 0.0402811498861511
  1 0.0227387563202176 0.0229629200133941 0.0235595283486479
  2 0.0632921523492116 0.0564177381463268 0.0479952000409876
  3 0.0981357990875848  0.138714554432713  0.167628195296539
  4  0.174392073651919  0.190060383469399  0.235578186849078
  5   0.28204753242008  0.284856129272268  0.237790295934096
  6  0.396186775368709   0.42633217696486  0.366333154622285
  7  0.536428613040281  0.712558228985623  0.624713015531057
  8  0.536428613040281  0.712558228985623  0.624713015531057
   year
age                2018 2019 2020
  0                   0          
  1 0.00220626176214249          
  2  0.0564042591192825          
  3   0.286363600861178          
  4   0.403582180551579          
  5   0.406633842305681          
  6   0.629408295137386          
  7    1.07407690293398          
  8    1.07407690293398          

, , unit = B

   year
age               2015               2016               2017               2018
  0 0.0496656910502788 0.0668785135970011 0.0402811498861511 0.0443554713940332
  1 0.0227387563202176 0.0229629200133941 0.0235595283486479 0.0151126422428298
  2 0.0632921523492116 0.0564177381463268 0.0479952000409876                  0
  3 0.0981357990875848  0.138714554432713  0.167628195296539                  0
  4  0.174392073651919  0.190060383469399  0.235578186849078                  0
  5   0.28204753242008  0.284856129272268  0.237790295934096                  0
  6  0.396186775368709   0.42633217696486  0.366333154622285                  0
  7  0.536428613040281  0.712558228985623  0.624713015531057                  0
  8  0.536428613040281  0.712558228985623  0.624713015531057                  0
   year
age 2019 2020
  0          
  1          
  2          
  3          
  4          
  5          
  6          
  7          
  8          

, , unit = C

   year
age               2015               2016               2017
  0 0.0496656910502788 0.0668785135970011 0.0402811498861511
  1 0.0227387563202176 0.0229629200133941 0.0235595283486479
  2 0.0632921523492116 0.0564177381463268 0.0479952000409876
  3 0.0981357990875848  0.138714554432713  0.167628195296539
  4  0.174392073651919  0.190060383469399  0.235578186849078
  5   0.28204753242008  0.284856129272268  0.237790295934096
  6  0.396186775368709   0.42633217696486  0.366333154622285
  7  0.536428613040281  0.712558228985623  0.624713015531057
  8  0.536428613040281  0.712558228985623  0.624713015531057
   year
age                   2018 2019 2020
  0 0.00000947742467342046          
  1    0.00925217011208855          
  2     0.0128175191099667          
  3    0.00116460134459185          
  4   0.000917150112717407          
  5    0.00139246611981357          
  6   0.000273739634298207          
  7                      0          
  8                      0          

, , unit = D

   year
age               2015               2016               2017
  0 0.0496656910502788 0.0668785135970011 0.0402811498861511
  1 0.0227387563202176 0.0229629200133941 0.0235595283486479
  2 0.0632921523492116 0.0564177381463268 0.0479952000409876
  3 0.0981357990875848  0.138714554432713  0.167628195296539
  4  0.174392073651919  0.190060383469399  0.235578186849078
  5   0.28204753242008  0.284856129272268  0.237790295934096
  6  0.396186775368709   0.42633217696486  0.366333154622285
  7  0.536428613040281  0.712558228985623  0.624713015531057
  8  0.536428613040281  0.712558228985623  0.624713015531057
   year
age                 2018 2019 2020
  0                    0          
  1 0.000110844836808112          
  2  0.00836983893515353          
  3                    0          
  4                    0          
  5                    0          
  6                    0          
  7                    0          
  8                    0          



TABLE 2.7.5 NORTH SEA HERRING. NATURAL MORTALITY

Units  :  NA 
, , unit = A

   year
age      2015      2016      2017      2018      2019      2020
  0 0.8891311 0.8495409 0.9180322 0.9064665 0.9064665 0.9064665
  1 0.6716350 0.6800092 0.6696126 0.6703937 0.6703937 0.6703937
  2 0.4398892 0.4419012 0.4402399 0.4400865 0.4400865 0.4400865
  3 0.3893188 0.3873211 0.3911866 0.3904374 0.3904374 0.3904374
  4 0.3781232 0.3783272 0.3772028 0.3775725 0.3775725 0.3775725
  5 0.3628765 0.3639009 0.3611981 0.3618706 0.3618706 0.3618706
  6 0.3532930 0.3562775 0.3500211 0.3513302 0.3513302 0.3513302
  7 0.3475198 0.3523502 0.3426862 0.3446199 0.3446199 0.3446199
  8 0.3377392 0.3430125 0.3329161 0.3348453 0.3348453 0.3348453

, , unit = B

   year
age      2015      2016      2017      2018      2019      2020
  0 0.8891311 0.8495409 0.9180322 0.9064665 0.9064665 0.9064665
  1 0.6716350 0.6800092 0.6696126 0.6703937 0.6703937 0.6703937
  2 0.4398892 0.4419012 0.4402399 0.4400865 0.4400865 0.4400865
  3 0.3893188 0.3873211 0.3911866 0.3904374 0.3904374 0.3904374
  4 0.3781232 0.3783272 0.3772028 0.3775725 0.3775725 0.3775725
  5 0.3628765 0.3639009 0.3611981 0.3618706 0.3618706 0.3618706
  6 0.3532930 0.3562775 0.3500211 0.3513302 0.3513302 0.3513302
  7 0.3475198 0.3523502 0.3426862 0.3446199 0.3446199 0.3446199
  8 0.3377392 0.3430125 0.3329161 0.3348453 0.3348453 0.3348453

, , unit = C

   year
age      2015      2016      2017      2018      2019      2020
  0 0.8891311 0.8495409 0.9180322 0.9064665 0.9064665 0.9064665
  1 0.6716350 0.6800092 0.6696126 0.6703937 0.6703937 0.6703937
  2 0.4398892 0.4419012 0.4402399 0.4400865 0.4400865 0.4400865
  3 0.3893188 0.3873211 0.3911866 0.3904374 0.3904374 0.3904374
  4 0.3781232 0.3783272 0.3772028 0.3775725 0.3775725 0.3775725
  5 0.3628765 0.3639009 0.3611981 0.3618706 0.3618706 0.3618706
  6 0.3532930 0.3562775 0.3500211 0.3513302 0.3513302 0.3513302
  7 0.3475198 0.3523502 0.3426862 0.3446199 0.3446199 0.3446199
  8 0.3377392 0.3430125 0.3329161 0.3348453 0.3348453 0.3348453

, , unit = D

   year
age      2015      2016      2017      2018      2019      2020
  0 0.8891311 0.8495409 0.9180322 0.9064665 0.9064665 0.9064665
  1 0.6716350 0.6800092 0.6696126 0.6703937 0.6703937 0.6703937
  2 0.4398892 0.4419012 0.4402399 0.4400865 0.4400865 0.4400865
  3 0.3893188 0.3873211 0.3911866 0.3904374 0.3904374 0.3904374
  4 0.3781232 0.3783272 0.3772028 0.3775725 0.3775725 0.3775725
  5 0.3628765 0.3639009 0.3611981 0.3618706 0.3618706 0.3618706
  6 0.3532930 0.3562775 0.3500211 0.3513302 0.3513302 0.3513302
  7 0.3475198 0.3523502 0.3426862 0.3446199 0.3446199 0.3446199
  8 0.3377392 0.3430125 0.3329161 0.3348453 0.3348453 0.3348453



TABLE 2.7.6 NORTH SEA HERRING. PROPORTION MATURE

Units  :  NA 
, , unit = A

   year
age 2015 2016 2017      2018      2019      2020
  0 0.00 0.00 0.00 0.0000000 0.0000000 0.0000000
  1 0.00 0.01 0.02 0.0100000 0.0100000 0.0100000
  2 0.70 0.71 0.55 0.6533333 0.6533333 0.6533333
  3 0.90 0.89 0.96 0.9166667 0.9166667 0.9166667
  4 0.96 0.95 0.97 0.9600000 0.9600000 0.9600000
  5 1.00 1.00 1.00 1.0000000 1.0000000 1.0000000
  6 1.00 1.00 1.00 1.0000000 1.0000000 1.0000000
  7 1.00 1.00 1.00 1.0000000 1.0000000 1.0000000
  8 1.00 1.00 1.00 1.0000000 1.0000000 1.0000000

, , unit = B

   year
age 2015 2016 2017      2018      2019      2020
  0 0.00 0.00 0.00 0.0000000 0.0000000 0.0000000
  1 0.00 0.01 0.02 0.0100000 0.0100000 0.0100000
  2 0.70 0.71 0.55 0.6533333 0.6533333 0.6533333
  3 0.90 0.89 0.96 0.9166667 0.9166667 0.9166667
  4 0.96 0.95 0.97 0.9600000 0.9600000 0.9600000
  5 1.00 1.00 1.00 1.0000000 1.0000000 1.0000000
  6 1.00 1.00 1.00 1.0000000 1.0000000 1.0000000
  7 1.00 1.00 1.00 1.0000000 1.0000000 1.0000000
  8 1.00 1.00 1.00 1.0000000 1.0000000 1.0000000

, , unit = C

   year
age 2015 2016 2017      2018      2019      2020
  0 0.00 0.00 0.00 0.0000000 0.0000000 0.0000000
  1 0.00 0.01 0.02 0.0100000 0.0100000 0.0100000
  2 0.70 0.71 0.55 0.6533333 0.6533333 0.6533333
  3 0.90 0.89 0.96 0.9166667 0.9166667 0.9166667
  4 0.96 0.95 0.97 0.9600000 0.9600000 0.9600000
  5 1.00 1.00 1.00 1.0000000 1.0000000 1.0000000
  6 1.00 1.00 1.00 1.0000000 1.0000000 1.0000000
  7 1.00 1.00 1.00 1.0000000 1.0000000 1.0000000
  8 1.00 1.00 1.00 1.0000000 1.0000000 1.0000000

, , unit = D

   year
age 2015 2016 2017      2018      2019      2020
  0 0.00 0.00 0.00 0.0000000 0.0000000 0.0000000
  1 0.00 0.01 0.02 0.0100000 0.0100000 0.0100000
  2 0.70 0.71 0.55 0.6533333 0.6533333 0.6533333
  3 0.90 0.89 0.96 0.9166667 0.9166667 0.9166667
  4 0.96 0.95 0.97 0.9600000 0.9600000 0.9600000
  5 1.00 1.00 1.00 1.0000000 1.0000000 1.0000000
  6 1.00 1.00 1.00 1.0000000 1.0000000 1.0000000
  7 1.00 1.00 1.00 1.0000000 1.0000000 1.0000000
  8 1.00 1.00 1.00 1.0000000 1.0000000 1.0000000



TABLE 2.7.7 NORTH SEA HERRING. FRACTION OF HARVEST BEFORE SPAWNING

Units  :  NA 
, , unit = A

   year
age 2015 2016 2017 2018 2019 2020
  0 0.67 0.67 0.67 0.67 0.67 0.67
  1 0.67 0.67 0.67 0.67 0.67 0.67
  2 0.67 0.67 0.67 0.67 0.67 0.67
  3 0.67 0.67 0.67 0.67 0.67 0.67
  4 0.67 0.67 0.67 0.67 0.67 0.67
  5 0.67 0.67 0.67 0.67 0.67 0.67
  6 0.67 0.67 0.67 0.67 0.67 0.67
  7 0.67 0.67 0.67 0.67 0.67 0.67
  8 0.67 0.67 0.67 0.67 0.67 0.67

, , unit = B

   year
age 2015 2016 2017 2018 2019 2020
  0 0.67 0.67 0.67 0.67 0.67 0.67
  1 0.67 0.67 0.67 0.67 0.67 0.67
  2 0.67 0.67 0.67 0.67 0.67 0.67
  3 0.67 0.67 0.67 0.67 0.67 0.67
  4 0.67 0.67 0.67 0.67 0.67 0.67
  5 0.67 0.67 0.67 0.67 0.67 0.67
  6 0.67 0.67 0.67 0.67 0.67 0.67
  7 0.67 0.67 0.67 0.67 0.67 0.67
  8 0.67 0.67 0.67 0.67 0.67 0.67

, , unit = C

   year
age 2015 2016 2017 2018 2019 2020
  0 0.67 0.67 0.67 0.67 0.67 0.67
  1 0.67 0.67 0.67 0.67 0.67 0.67
  2 0.67 0.67 0.67 0.67 0.67 0.67
  3 0.67 0.67 0.67 0.67 0.67 0.67
  4 0.67 0.67 0.67 0.67 0.67 0.67
  5 0.67 0.67 0.67 0.67 0.67 0.67
  6 0.67 0.67 0.67 0.67 0.67 0.67
  7 0.67 0.67 0.67 0.67 0.67 0.67
  8 0.67 0.67 0.67 0.67 0.67 0.67

, , unit = D

   year
age 2015 2016 2017 2018 2019 2020
  0 0.67 0.67 0.67 0.67 0.67 0.67
  1 0.67 0.67 0.67 0.67 0.67 0.67
  2 0.67 0.67 0.67 0.67 0.67 0.67
  3 0.67 0.67 0.67 0.67 0.67 0.67
  4 0.67 0.67 0.67 0.67 0.67 0.67
  5 0.67 0.67 0.67 0.67 0.67 0.67
  6 0.67 0.67 0.67 0.67 0.67 0.67
  7 0.67 0.67 0.67 0.67 0.67 0.67
  8 0.67 0.67 0.67 0.67 0.67 0.67



TABLE 2.7.8 NORTH SEA HERRING. FRACTION OF NATURAL MORTALITY BEFORE SPAWNING

Units  :  NA 
, , unit = A

   year
age 2015 2016 2017 2018 2019 2020
  0 0.67 0.67 0.67 0.67 0.67 0.67
  1 0.67 0.67 0.67 0.67 0.67 0.67
  2 0.67 0.67 0.67 0.67 0.67 0.67
  3 0.67 0.67 0.67 0.67 0.67 0.67
  4 0.67 0.67 0.67 0.67 0.67 0.67
  5 0.67 0.67 0.67 0.67 0.67 0.67
  6 0.67 0.67 0.67 0.67 0.67 0.67
  7 0.67 0.67 0.67 0.67 0.67 0.67
  8 0.67 0.67 0.67 0.67 0.67 0.67

, , unit = B

   year
age 2015 2016 2017 2018 2019 2020
  0 0.67 0.67 0.67 0.67 0.67 0.67
  1 0.67 0.67 0.67 0.67 0.67 0.67
  2 0.67 0.67 0.67 0.67 0.67 0.67
  3 0.67 0.67 0.67 0.67 0.67 0.67
  4 0.67 0.67 0.67 0.67 0.67 0.67
  5 0.67 0.67 0.67 0.67 0.67 0.67
  6 0.67 0.67 0.67 0.67 0.67 0.67
  7 0.67 0.67 0.67 0.67 0.67 0.67
  8 0.67 0.67 0.67 0.67 0.67 0.67

, , unit = C

   year
age 2015 2016 2017 2018 2019 2020
  0 0.67 0.67 0.67 0.67 0.67 0.67
  1 0.67 0.67 0.67 0.67 0.67 0.67
  2 0.67 0.67 0.67 0.67 0.67 0.67
  3 0.67 0.67 0.67 0.67 0.67 0.67
  4 0.67 0.67 0.67 0.67 0.67 0.67
  5 0.67 0.67 0.67 0.67 0.67 0.67
  6 0.67 0.67 0.67 0.67 0.67 0.67
  7 0.67 0.67 0.67 0.67 0.67 0.67
  8 0.67 0.67 0.67 0.67 0.67 0.67

, , unit = D

   year
age 2015 2016 2017 2018 2019 2020
  0 0.67 0.67 0.67 0.67 0.67 0.67
  1 0.67 0.67 0.67 0.67 0.67 0.67
  2 0.67 0.67 0.67 0.67 0.67 0.67
  3 0.67 0.67 0.67 0.67 0.67 0.67
  4 0.67 0.67 0.67 0.67 0.67 0.67
  5 0.67 0.67 0.67 0.67 0.67 0.67
  6 0.67 0.67 0.67 0.67 0.67 0.67
  7 0.67 0.67 0.67 0.67 0.67 0.67
  8 0.67 0.67 0.67 0.67 0.67 0.67




TABLE 2.7.9 NORTH SEA HERRING. Recruitment in 2019

32808585


TABLE 2.7.10 NORTH SEA HERRING. Recruitment in 2020

32808585


TABLE 2.7.11 NORTH SEA HERRING. FLR, R SOFTWARE VERSIONS

R version 3.4.3 (2017-11-30)

Package  : FLSAM
Version  : 2.1.0
Packaged : 
Built    : R 3.4.3; ; 2018-02-13 09:36:39 UTC; windows

Package  : FLCore
Version  : 2.6.5
Packaged : 2017-09-18 09:08:34 UTC; mosquia
Built    : R 3.4.1; ; 2017-09-18 09:38:44 UTC; windows


