TABLE 2.7.1 NORTH SEA HERRING. WEIGHTS AT AGE IN THE CATCH

Units  :  kg 
, , unit = A

   year
age      2017      2018      2019      2020      2021      2022
  0 0.0090000 0.0054000 0.0064000 0.0000000 0.0000000 0.0000000
  1 0.0380000 0.0394000 0.0395000 0.0574700 0.0574700 0.0574700
  2 0.0990000 0.1085000 0.1210000 0.1923500 0.1923500 0.1923500
  3 0.1560000 0.1451000 0.1465000 0.1498000 0.1498000 0.1498000
  4 0.1730000 0.1838000 0.1688000 0.1700300 0.1700300 0.1700300
  5 0.1880000 0.1914000 0.2036000 0.2041100 0.2041100 0.2041100
  6 0.2150000 0.2151000 0.2081000 0.2081100 0.2081100 0.2081100
  7 0.2200000 0.2342000 0.2195000 0.2190000 0.2190000 0.2190000
  8 0.2305184 0.2455776 0.2434812 0.2434669 0.2434669 0.2434669

, , unit = B

   year
age      2017      2018      2019        2020        2021        2022
  0 0.0090000 0.0054000 0.0064000 0.006064374 0.006064374 0.006064374
  1 0.0380000 0.0394000 0.0395000 0.031531002 0.031531002 0.031531002
  2 0.0990000 0.1085000 0.1210000 0.039000000 0.039000000 0.039000000
  3 0.1560000 0.1451000 0.1465000 0.065000000 0.065000000 0.065000000
  4 0.1730000 0.1838000 0.1688000 0.000000000 0.000000000 0.000000000
  5 0.1880000 0.1914000 0.2036000 0.000000000 0.000000000 0.000000000
  6 0.2150000 0.2151000 0.2081000 0.000000000 0.000000000 0.000000000
  7 0.2200000 0.2342000 0.2195000 0.000000000 0.000000000 0.000000000
  8 0.2305184 0.2455776 0.2434812 0.000000000 0.000000000 0.000000000

, , unit = C

   year
age      2017      2018      2019  2020  2021  2022
  0 0.0090000 0.0054000 0.0064000 0.022 0.022 0.022
  1 0.0380000 0.0394000 0.0395000 0.042 0.042 0.042
  2 0.0990000 0.1085000 0.1210000 0.062 0.062 0.062
  3 0.1560000 0.1451000 0.1465000 0.085 0.085 0.085
  4 0.1730000 0.1838000 0.1688000 0.116 0.116 0.116
  5 0.1880000 0.1914000 0.2036000 0.118 0.118 0.118
  6 0.2150000 0.2151000 0.2081000 0.165 0.165 0.165
  7 0.2200000 0.2342000 0.2195000 0.202 0.202 0.202
  8 0.2305184 0.2455776 0.2434812 0.000 0.000 0.000

, , unit = D

   year
age      2017      2018      2019        2020        2021        2022
  0 0.0090000 0.0054000 0.0064000 0.006064374 0.006064374 0.006064374
  1 0.0380000 0.0394000 0.0395000 0.031531002 0.031531002 0.031531002
  2 0.0990000 0.1085000 0.1210000 0.039000000 0.039000000 0.039000000
  3 0.1560000 0.1451000 0.1465000 0.065000000 0.065000000 0.065000000
  4 0.1730000 0.1838000 0.1688000 0.000000000 0.000000000 0.000000000
  5 0.1880000 0.1914000 0.2036000 0.000000000 0.000000000 0.000000000
  6 0.2150000 0.2151000 0.2081000 0.000000000 0.000000000 0.000000000
  7 0.2200000 0.2342000 0.2195000 0.000000000 0.000000000 0.000000000
  8 0.2305184 0.2455776 0.2434812 0.000000000 0.000000000 0.000000000



TABLE 2.7.2 NORTH SEA HERRING. WEIGHTS AT AGE IN THE STOCK

Units  :  kg 
, , unit = A

   year
age        2017        2018       2019       2020       2021       2022
  0 0.004166667 0.004566667 0.00400000 0.00400000 0.00400000 0.00400000
  1 0.042866667 0.039966667 0.04023333 0.04023333 0.04023333 0.04023333
  2 0.110866667 0.101300000 0.09900000 0.09900000 0.09900000 0.09900000
  3 0.153166667 0.152966667 0.14846667 0.14846667 0.14846667 0.14846667
  4 0.182966667 0.185766667 0.17736667 0.17736667 0.17736667 0.17736667
  5 0.207100000 0.215033333 0.20896667 0.20896667 0.20896667 0.20896667
  6 0.226533333 0.229200000 0.22613333 0.22613333 0.22613333 0.22613333
  7 0.227066667 0.238766667 0.23786667 0.23786667 0.23786667 0.23786667
  8 0.229232697 0.246755779 0.25411003 0.25411003 0.25411003 0.25411003

, , unit = B

   year
age        2017        2018       2019       2020       2021       2022
  0 0.004166667 0.004566667 0.00400000 0.00400000 0.00400000 0.00400000
  1 0.042866667 0.039966667 0.04023333 0.04023333 0.04023333 0.04023333
  2 0.110866667 0.101300000 0.09900000 0.09900000 0.09900000 0.09900000
  3 0.153166667 0.152966667 0.14846667 0.14846667 0.14846667 0.14846667
  4 0.182966667 0.185766667 0.17736667 0.17736667 0.17736667 0.17736667
  5 0.207100000 0.215033333 0.20896667 0.20896667 0.20896667 0.20896667
  6 0.226533333 0.229200000 0.22613333 0.22613333 0.22613333 0.22613333
  7 0.227066667 0.238766667 0.23786667 0.23786667 0.23786667 0.23786667
  8 0.229232697 0.246755779 0.25411003 0.25411003 0.25411003 0.25411003

, , unit = C

   year
age        2017        2018       2019       2020       2021       2022
  0 0.004166667 0.004566667 0.00400000 0.00400000 0.00400000 0.00400000
  1 0.042866667 0.039966667 0.04023333 0.04023333 0.04023333 0.04023333
  2 0.110866667 0.101300000 0.09900000 0.09900000 0.09900000 0.09900000
  3 0.153166667 0.152966667 0.14846667 0.14846667 0.14846667 0.14846667
  4 0.182966667 0.185766667 0.17736667 0.17736667 0.17736667 0.17736667
  5 0.207100000 0.215033333 0.20896667 0.20896667 0.20896667 0.20896667
  6 0.226533333 0.229200000 0.22613333 0.22613333 0.22613333 0.22613333
  7 0.227066667 0.238766667 0.23786667 0.23786667 0.23786667 0.23786667
  8 0.229232697 0.246755779 0.25411003 0.25411003 0.25411003 0.25411003

, , unit = D

   year
age        2017        2018       2019       2020       2021       2022
  0 0.004166667 0.004566667 0.00400000 0.00400000 0.00400000 0.00400000
  1 0.042866667 0.039966667 0.04023333 0.04023333 0.04023333 0.04023333
  2 0.110866667 0.101300000 0.09900000 0.09900000 0.09900000 0.09900000
  3 0.153166667 0.152966667 0.14846667 0.14846667 0.14846667 0.14846667
  4 0.182966667 0.185766667 0.17736667 0.17736667 0.17736667 0.17736667
  5 0.207100000 0.215033333 0.20896667 0.20896667 0.20896667 0.20896667
  6 0.226533333 0.229200000 0.22613333 0.22613333 0.22613333 0.22613333
  7 0.227066667 0.238766667 0.23786667 0.23786667 0.23786667 0.23786667
  8 0.229232697 0.246755779 0.25411003 0.25411003 0.25411003 0.25411003



TABLE 2.7.3 NORTH SEA HERRING. STOCK IN NUMBER

Units  :  NA 
, , unit = A

   year
age             2017             2018             2019             2020 2021
  0 19642966.8025061 33126845.7438852 32307999.6699621 29574086.3069463     
  1 12499279.0823701 8351984.91955681 11680453.8092219 13806386.2791063     
  2 3354906.36882592 5535803.33542342  3453792.1578139 5804262.74841232     
  3 9858235.06654929 2356908.34602406 2978775.00895099 2134501.17515475     
  4 5539876.80112357 6690358.62894564 1637735.28527272 1775298.66771893     
  5 1478295.48378166 3806497.12926803  3874659.5394946 953626.155621443     
  6 766882.127994315 967431.650208087 2268738.46967197 2085549.90574986     
  7 629709.531720175 514085.131811052 519202.193408224 1172039.93018475     
  8 634840.556699656 729185.004829067 635240.360042729 538392.029227712     
   year
age 2022
  0     
  1     
  2     
  3     
  4     
  5     
  6     
  7     
  8     

, , unit = B

   year
age             2017             2018             2019             2020 2021
  0 19642966.8025061 33126845.7438852 32307999.6699621 29574086.3069463     
  1 12499279.0823701 8351984.91955681 11680453.8092219 13806386.2791063     
  2 3354906.36882592 5535803.33542342  3453792.1578139 5804262.74841232     
  3 9858235.06654929 2356908.34602406 2978775.00895099 2134501.17515475     
  4 5539876.80112357 6690358.62894564 1637735.28527272 1775298.66771893     
  5 1478295.48378166 3806497.12926803  3874659.5394946 953626.155621443     
  6 766882.127994315 967431.650208087 2268738.46967197 2085549.90574986     
  7 629709.531720175 514085.131811052 519202.193408224 1172039.93018475     
  8 634840.556699656 729185.004829067 635240.360042729 538392.029227712     
   year
age 2022
  0     
  1     
  2     
  3     
  4     
  5     
  6     
  7     
  8     

, , unit = C

   year
age             2017             2018             2019             2020 2021
  0 19642966.8025061 33126845.7438852 32307999.6699621 29574086.3069463     
  1 12499279.0823701 8351984.91955681 11680453.8092219 13806386.2791063     
  2 3354906.36882592 5535803.33542342  3453792.1578139 5804262.74841232     
  3 9858235.06654929 2356908.34602406 2978775.00895099 2134501.17515475     
  4 5539876.80112357 6690358.62894564 1637735.28527272 1775298.66771893     
  5 1478295.48378166 3806497.12926803  3874659.5394946 953626.155621443     
  6 766882.127994315 967431.650208087 2268738.46967197 2085549.90574986     
  7 629709.531720175 514085.131811052 519202.193408224 1172039.93018475     
  8 634840.556699656 729185.004829067 635240.360042729 538392.029227712     
   year
age 2022
  0     
  1     
  2     
  3     
  4     
  5     
  6     
  7     
  8     

, , unit = D

   year
age             2017             2018             2019             2020 2021
  0 19642966.8025061 33126845.7438852 32307999.6699621 29574086.3069463     
  1 12499279.0823701 8351984.91955681 11680453.8092219 13806386.2791063     
  2 3354906.36882592 5535803.33542342  3453792.1578139 5804262.74841232     
  3 9858235.06654929 2356908.34602406 2978775.00895099 2134501.17515475     
  4 5539876.80112357 6690358.62894564 1637735.28527272 1775298.66771893     
  5 1478295.48378166 3806497.12926803  3874659.5394946 953626.155621443     
  6 766882.127994315 967431.650208087 2268738.46967197 2085549.90574986     
  7 629709.531720175 514085.131811052 519202.193408224 1172039.93018475     
  8 634840.556699656 729185.004829067 635240.360042729 538392.029227712     
   year
age 2022
  0     
  1     
  2     
  3     
  4     
  5     
  6     
  7     
  8     



TABLE 2.7.4 NORTH SEA HERRING. FISHING MORTALITY AT AGE IN THE STOCK

Units  :  f 
, , unit = A

   year
age                2017                2018                2019
  0                   0                   0                   0
  1 0.00162196435903867 0.00168936545386629 0.00135341402180879
  2  0.0340138152849586  0.0358978109064467  0.0284080598445723
  3   0.109761746457617   0.120792173066154   0.102631449762346
  4   0.172016932337931   0.199590204674801   0.169035473811824
  5   0.221502184438228   0.265382580151793   0.238837695096718
  6   0.274018045408509   0.340673488450521   0.305324360099415
  7     0.4036902778064   0.493117011728254   0.447185054620161
  8     0.4036902778064   0.493117011728254   0.447185054620161
   year
age                2020 2021 2022
  0                   0          
  1 0.00157789078009969          
  2  0.0331198470038944          
  3   0.119654118806833          
  4   0.197072238326228          
  5   0.278452317681551          
  6   0.355964945494572          
  7   0.521355042091801          
  8   0.521355042091801          

, , unit = B

   year
age                  2017                  2018                  2019
  0    0.0439175110762724    0.0431116941314846    0.0310507500723322
  1    0.0124227198159301   0.00901278843879588   0.00706593160330234
  2   0.00098327137818118  0.000641878324613127  0.000495025822392719
  3 0.0000338624805754017 0.0000239318648574648 0.0000216814516655035
  4 0.0000338624805754017 0.0000239318648574648 0.0000216814516655035
  5 0.0000338624805754017 0.0000239318648574648 0.0000216814516655035
  6                     0                     0                     0
  7                     0                     0                     0
  8                     0                     0                     0
   year
age                  2020 2021 2022
  0    0.0291192544660515          
  1   0.00662527010816391          
  2  0.000464163564329118          
  3 0.0000203299812404659          
  4 0.0000203299812404659          
  5 0.0000203299812404659          
  6                     0          
  7                     0          
  8                     0          

, , unit = C

   year
age                 2017                 2018                 2019
  0                    0                    0                    0
  1  0.00696618834308407  0.00598369409727457  0.00452575155770971
  2  0.00899138322214859  0.00796776553369297  0.00636705458062903
  3  0.00121875653732213 0.000841811727745168 0.000418389920514752
  4 0.000369069438404365 0.000242207330050316  0.00011101265852381
  5 0.000369069438404365 0.000242207330050316  0.00011101265852381
  6 0.000369069438404365 0.000242207330050316  0.00011101265852381
  7                    0                    0                    0
  8                    0                    0                    0
   year
age                  2020 2021 2022
  0                     0          
  1   0.00393525170744172          
  2   0.00553639254424978          
  3  0.000363769393948173          
  4 0.0000965201916224287          
  5 0.0000965201916224287          
  6 0.0000965201916224287          
  7                     0          
  8                     0          

, , unit = D

   year
age                  2017                  2018                  2019
  0    0.0439175110762724    0.0431116941314846    0.0310507500723322
  1    0.0124227198159301   0.00901278843879588   0.00706593160330234
  2   0.00098327137818118  0.000641878324613127  0.000495025822392719
  3 0.0000338624805754017 0.0000239318648574648 0.0000216814516655035
  4 0.0000338624805754017 0.0000239318648574648 0.0000216814516655035
  5 0.0000338624805754017 0.0000239318648574648 0.0000216814516655035
  6                     0                     0                     0
  7                     0                     0                     0
  8                     0                     0                     0
   year
age                    2020 2021 2022
  0     0.00125051413467238          
  1    0.000284519438021341          
  2   0.0000199333090299472          
  3 0.000000873062493013553          
  4 0.000000873062493013553          
  5 0.000000873062493013553          
  6                       0          
  7                       0          
  8                       0          



TABLE 2.7.5 NORTH SEA HERRING. NATURAL MORTALITY

Units  :  NA 
, , unit = A

   year
age      2017      2018      2019      2020      2021      2022
  0 0.8873620 0.8693360 0.8495409 0.8689822 0.8689822 0.8689822
  1 0.6725878 0.6758221 0.6800092 0.6760127 0.6760127 0.6760127
  2 0.4402272 0.4408952 0.4419012 0.4409628 0.4409628 0.4409628
  3 0.3892692 0.3883200 0.3873211 0.3883101 0.3883101 0.3883101
  4 0.3779935 0.3782252 0.3783272 0.3781993 0.3781993 0.3781993
  5 0.3627596 0.3633887 0.3639009 0.3633653 0.3633653 0.3633653
  6 0.3532380 0.3547852 0.3562775 0.3547742 0.3547742 0.3547742
  7 0.3475167 0.3499350 0.3523502 0.3499344 0.3499344 0.3499344
  8 0.3378075 0.3403759 0.3430125 0.3403895 0.3403895 0.3403895

, , unit = B

   year
age      2017      2018      2019      2020      2021      2022
  0 0.8873620 0.8693360 0.8495409 0.8689822 0.8689822 0.8689822
  1 0.6725878 0.6758221 0.6800092 0.6760127 0.6760127 0.6760127
  2 0.4402272 0.4408952 0.4419012 0.4409628 0.4409628 0.4409628
  3 0.3892692 0.3883200 0.3873211 0.3883101 0.3883101 0.3883101
  4 0.3779935 0.3782252 0.3783272 0.3781993 0.3781993 0.3781993
  5 0.3627596 0.3633887 0.3639009 0.3633653 0.3633653 0.3633653
  6 0.3532380 0.3547852 0.3562775 0.3547742 0.3547742 0.3547742
  7 0.3475167 0.3499350 0.3523502 0.3499344 0.3499344 0.3499344
  8 0.3378075 0.3403759 0.3430125 0.3403895 0.3403895 0.3403895

, , unit = C

   year
age      2017      2018      2019      2020      2021      2022
  0 0.8873620 0.8693360 0.8495409 0.8689822 0.8689822 0.8689822
  1 0.6725878 0.6758221 0.6800092 0.6760127 0.6760127 0.6760127
  2 0.4402272 0.4408952 0.4419012 0.4409628 0.4409628 0.4409628
  3 0.3892692 0.3883200 0.3873211 0.3883101 0.3883101 0.3883101
  4 0.3779935 0.3782252 0.3783272 0.3781993 0.3781993 0.3781993
  5 0.3627596 0.3633887 0.3639009 0.3633653 0.3633653 0.3633653
  6 0.3532380 0.3547852 0.3562775 0.3547742 0.3547742 0.3547742
  7 0.3475167 0.3499350 0.3523502 0.3499344 0.3499344 0.3499344
  8 0.3378075 0.3403759 0.3430125 0.3403895 0.3403895 0.3403895

, , unit = D

   year
age      2017      2018      2019      2020      2021      2022
  0 0.8873620 0.8693360 0.8495409 0.8689822 0.8689822 0.8689822
  1 0.6725878 0.6758221 0.6800092 0.6760127 0.6760127 0.6760127
  2 0.4402272 0.4408952 0.4419012 0.4409628 0.4409628 0.4409628
  3 0.3892692 0.3883200 0.3873211 0.3883101 0.3883101 0.3883101
  4 0.3779935 0.3782252 0.3783272 0.3781993 0.3781993 0.3781993
  5 0.3627596 0.3633887 0.3639009 0.3633653 0.3633653 0.3633653
  6 0.3532380 0.3547852 0.3562775 0.3547742 0.3547742 0.3547742
  7 0.3475167 0.3499350 0.3523502 0.3499344 0.3499344 0.3499344
  8 0.3378075 0.3403759 0.3430125 0.3403895 0.3403895 0.3403895



TABLE 2.7.6 NORTH SEA HERRING. PROPORTION MATURE

Units  :  NA 
, , unit = A

   year
age 2017 2018 2019      2020      2021      2022
  0 0.00 0.00 0.00 0.0000000 0.0000000 0.0000000
  1 0.00 0.00 0.00 0.0000000 0.0000000 0.0000000
  2 0.55 0.37 0.59 0.5033333 0.5033333 0.5033333
  3 0.96 0.91 0.97 0.9466667 0.9466667 0.9466667
  4 0.97 0.98 0.99 0.9800000 0.9800000 0.9800000
  5 1.00 1.00 1.00 1.0000000 1.0000000 1.0000000
  6 1.00 1.00 1.00 1.0000000 1.0000000 1.0000000
  7 1.00 1.00 1.00 1.0000000 1.0000000 1.0000000
  8 1.00 1.00 1.00 1.0000000 1.0000000 1.0000000

, , unit = B

   year
age 2017 2018 2019      2020      2021      2022
  0 0.00 0.00 0.00 0.0000000 0.0000000 0.0000000
  1 0.00 0.00 0.00 0.0000000 0.0000000 0.0000000
  2 0.55 0.37 0.59 0.5033333 0.5033333 0.5033333
  3 0.96 0.91 0.97 0.9466667 0.9466667 0.9466667
  4 0.97 0.98 0.99 0.9800000 0.9800000 0.9800000
  5 1.00 1.00 1.00 1.0000000 1.0000000 1.0000000
  6 1.00 1.00 1.00 1.0000000 1.0000000 1.0000000
  7 1.00 1.00 1.00 1.0000000 1.0000000 1.0000000
  8 1.00 1.00 1.00 1.0000000 1.0000000 1.0000000

, , unit = C

   year
age 2017 2018 2019      2020      2021      2022
  0 0.00 0.00 0.00 0.0000000 0.0000000 0.0000000
  1 0.00 0.00 0.00 0.0000000 0.0000000 0.0000000
  2 0.55 0.37 0.59 0.5033333 0.5033333 0.5033333
  3 0.96 0.91 0.97 0.9466667 0.9466667 0.9466667
  4 0.97 0.98 0.99 0.9800000 0.9800000 0.9800000
  5 1.00 1.00 1.00 1.0000000 1.0000000 1.0000000
  6 1.00 1.00 1.00 1.0000000 1.0000000 1.0000000
  7 1.00 1.00 1.00 1.0000000 1.0000000 1.0000000
  8 1.00 1.00 1.00 1.0000000 1.0000000 1.0000000

, , unit = D

   year
age 2017 2018 2019      2020      2021      2022
  0 0.00 0.00 0.00 0.0000000 0.0000000 0.0000000
  1 0.00 0.00 0.00 0.0000000 0.0000000 0.0000000
  2 0.55 0.37 0.59 0.5033333 0.5033333 0.5033333
  3 0.96 0.91 0.97 0.9466667 0.9466667 0.9466667
  4 0.97 0.98 0.99 0.9800000 0.9800000 0.9800000
  5 1.00 1.00 1.00 1.0000000 1.0000000 1.0000000
  6 1.00 1.00 1.00 1.0000000 1.0000000 1.0000000
  7 1.00 1.00 1.00 1.0000000 1.0000000 1.0000000
  8 1.00 1.00 1.00 1.0000000 1.0000000 1.0000000



TABLE 2.7.7 NORTH SEA HERRING. FRACTION OF HARVEST BEFORE SPAWNING

Units  :  NA 
, , unit = A

   year
age 2017 2018 2019 2020 2021 2022
  0 0.67 0.67 0.67 0.67 0.67 0.67
  1 0.67 0.67 0.67 0.67 0.67 0.67
  2 0.67 0.67 0.67 0.67 0.67 0.67
  3 0.67 0.67 0.67 0.67 0.67 0.67
  4 0.67 0.67 0.67 0.67 0.67 0.67
  5 0.67 0.67 0.67 0.67 0.67 0.67
  6 0.67 0.67 0.67 0.67 0.67 0.67
  7 0.67 0.67 0.67 0.67 0.67 0.67
  8 0.67 0.67 0.67 0.67 0.67 0.67

, , unit = B

   year
age 2017 2018 2019 2020 2021 2022
  0 0.67 0.67 0.67 0.67 0.67 0.67
  1 0.67 0.67 0.67 0.67 0.67 0.67
  2 0.67 0.67 0.67 0.67 0.67 0.67
  3 0.67 0.67 0.67 0.67 0.67 0.67
  4 0.67 0.67 0.67 0.67 0.67 0.67
  5 0.67 0.67 0.67 0.67 0.67 0.67
  6 0.67 0.67 0.67 0.67 0.67 0.67
  7 0.67 0.67 0.67 0.67 0.67 0.67
  8 0.67 0.67 0.67 0.67 0.67 0.67

, , unit = C

   year
age 2017 2018 2019 2020 2021 2022
  0 0.67 0.67 0.67 0.67 0.67 0.67
  1 0.67 0.67 0.67 0.67 0.67 0.67
  2 0.67 0.67 0.67 0.67 0.67 0.67
  3 0.67 0.67 0.67 0.67 0.67 0.67
  4 0.67 0.67 0.67 0.67 0.67 0.67
  5 0.67 0.67 0.67 0.67 0.67 0.67
  6 0.67 0.67 0.67 0.67 0.67 0.67
  7 0.67 0.67 0.67 0.67 0.67 0.67
  8 0.67 0.67 0.67 0.67 0.67 0.67

, , unit = D

   year
age 2017 2018 2019 2020 2021 2022
  0 0.67 0.67 0.67 0.67 0.67 0.67
  1 0.67 0.67 0.67 0.67 0.67 0.67
  2 0.67 0.67 0.67 0.67 0.67 0.67
  3 0.67 0.67 0.67 0.67 0.67 0.67
  4 0.67 0.67 0.67 0.67 0.67 0.67
  5 0.67 0.67 0.67 0.67 0.67 0.67
  6 0.67 0.67 0.67 0.67 0.67 0.67
  7 0.67 0.67 0.67 0.67 0.67 0.67
  8 0.67 0.67 0.67 0.67 0.67 0.67



TABLE 2.7.8 NORTH SEA HERRING. FRACTION OF NATURAL MORTALITY BEFORE SPAWNING

Units  :  NA 
, , unit = A

   year
age 2017 2018 2019 2020 2021 2022
  0 0.67 0.67 0.67 0.67 0.67 0.67
  1 0.67 0.67 0.67 0.67 0.67 0.67
  2 0.67 0.67 0.67 0.67 0.67 0.67
  3 0.67 0.67 0.67 0.67 0.67 0.67
  4 0.67 0.67 0.67 0.67 0.67 0.67
  5 0.67 0.67 0.67 0.67 0.67 0.67
  6 0.67 0.67 0.67 0.67 0.67 0.67
  7 0.67 0.67 0.67 0.67 0.67 0.67
  8 0.67 0.67 0.67 0.67 0.67 0.67

, , unit = B

   year
age 2017 2018 2019 2020 2021 2022
  0 0.67 0.67 0.67 0.67 0.67 0.67
  1 0.67 0.67 0.67 0.67 0.67 0.67
  2 0.67 0.67 0.67 0.67 0.67 0.67
  3 0.67 0.67 0.67 0.67 0.67 0.67
  4 0.67 0.67 0.67 0.67 0.67 0.67
  5 0.67 0.67 0.67 0.67 0.67 0.67
  6 0.67 0.67 0.67 0.67 0.67 0.67
  7 0.67 0.67 0.67 0.67 0.67 0.67
  8 0.67 0.67 0.67 0.67 0.67 0.67

, , unit = C

   year
age 2017 2018 2019 2020 2021 2022
  0 0.67 0.67 0.67 0.67 0.67 0.67
  1 0.67 0.67 0.67 0.67 0.67 0.67
  2 0.67 0.67 0.67 0.67 0.67 0.67
  3 0.67 0.67 0.67 0.67 0.67 0.67
  4 0.67 0.67 0.67 0.67 0.67 0.67
  5 0.67 0.67 0.67 0.67 0.67 0.67
  6 0.67 0.67 0.67 0.67 0.67 0.67
  7 0.67 0.67 0.67 0.67 0.67 0.67
  8 0.67 0.67 0.67 0.67 0.67 0.67

, , unit = D

   year
age 2017 2018 2019 2020 2021 2022
  0 0.67 0.67 0.67 0.67 0.67 0.67
  1 0.67 0.67 0.67 0.67 0.67 0.67
  2 0.67 0.67 0.67 0.67 0.67 0.67
  3 0.67 0.67 0.67 0.67 0.67 0.67
  4 0.67 0.67 0.67 0.67 0.67 0.67
  5 0.67 0.67 0.67 0.67 0.67 0.67
  6 0.67 0.67 0.67 0.67 0.67 0.67
  7 0.67 0.67 0.67 0.67 0.67 0.67
  8 0.67 0.67 0.67 0.67 0.67 0.67




TABLE 2.7.9 NORTH SEA HERRING. Recruitment in 2021

32850653


TABLE 2.7.10 NORTH SEA HERRING. Recruitment in 2022

32850653


TABLE 2.7.11 NORTH SEA HERRING. FLR, R SOFTWARE VERSIONS

R version 3.6.3 (2020-02-29)

Package  : FLSAM
Version  : 2.1.0
Packaged : 2019-11-12 15:05:31 UTC; mosqu003
Built    : R 3.6.1; ; 2019-11-18 22:10:44 UTC; windows

Package  : FLCore
Version  : 2.6.14
Packaged : 2019-11-18 21:54:10 UTC; mosquia
Built    : R 3.6.1; ; 2019-11-18 22:11:38 UTC; windows


