TABLE 2.7.1 NORTH SEA HERRING. WEIGHTS AT AGE IN THE CATCH

Units  :  kg 
, , unit = A

   year
age      2018      2019      2020      2021      2022      2023
  0 0.0054000 0.0064000 0.0040000 0.0040000 0.0040000 0.0040000
  1 0.0394000 0.0395000 0.0706000 0.1070000 0.1070000 0.1070000
  2 0.1085000 0.1210000 0.1303000 0.1390000 0.1390000 0.1390000
  3 0.1451000 0.1465000 0.1553000 0.1570000 0.1570000 0.1570000
  4 0.1838000 0.1688000 0.1707000 0.1720000 0.1720000 0.1720000
  5 0.1914000 0.2036000 0.1888000 0.1910000 0.1910000 0.1910000
  6 0.2151000 0.2081000 0.2135000 0.2150000 0.2150000 0.2150000
  7 0.2342000 0.2195000 0.2190000 0.2210000 0.2210000 0.2210000
  8 0.2455776 0.2434812 0.2434723 0.2448866 0.2448866 0.2448866

, , unit = B

   year
age      2018      2019      2020        2021        2022        2023
  0 0.0054000 0.0064000 0.0040000 0.004027121 0.004027121 0.004027121
  1 0.0394000 0.0395000 0.0706000 0.039253292 0.039253292 0.039253292
  2 0.1085000 0.1210000 0.1303000 0.114007663 0.114007663 0.114007663
  3 0.1451000 0.1465000 0.1553000 0.147642308 0.147642308 0.147642308
  4 0.1838000 0.1688000 0.1707000 0.147292013 0.147292013 0.147292013
  5 0.1914000 0.2036000 0.1888000 0.149199461 0.149199461 0.149199461
  6 0.2151000 0.2081000 0.2135000 0.168793674 0.168793674 0.168793674
  7 0.2342000 0.2195000 0.2190000 0.175000000 0.175000000 0.175000000
  8 0.2455776 0.2434812 0.2434723 0.198961759 0.198961759 0.198961759

, , unit = C

   year
age      2018      2019      2020  2021  2022  2023
  0 0.0054000 0.0064000 0.0040000 0.014 0.014 0.014
  1 0.0394000 0.0395000 0.0706000 0.034 0.034 0.034
  2 0.1085000 0.1210000 0.1303000 0.065 0.065 0.065
  3 0.1451000 0.1465000 0.1553000 0.140 0.140 0.140
  4 0.1838000 0.1688000 0.1707000 0.171 0.171 0.171
  5 0.1914000 0.2036000 0.1888000 0.178 0.178 0.178
  6 0.2151000 0.2081000 0.2135000 0.200 0.200 0.200
  7 0.2342000 0.2195000 0.2190000 0.218 0.218 0.218
  8 0.2455776 0.2434812 0.2434723 0.000 0.000 0.000

, , unit = D

   year
age      2018      2019      2020        2021        2022        2023
  0 0.0054000 0.0064000 0.0040000 0.004027121 0.004027121 0.004027121
  1 0.0394000 0.0395000 0.0706000 0.039253292 0.039253292 0.039253292
  2 0.1085000 0.1210000 0.1303000 0.114007663 0.114007663 0.114007663
  3 0.1451000 0.1465000 0.1553000 0.147642308 0.147642308 0.147642308
  4 0.1838000 0.1688000 0.1707000 0.147292013 0.147292013 0.147292013
  5 0.1914000 0.2036000 0.1888000 0.149199461 0.149199461 0.149199461
  6 0.2151000 0.2081000 0.2135000 0.168793674 0.168793674 0.168793674
  7 0.2342000 0.2195000 0.2190000 0.175000000 0.175000000 0.175000000
  8 0.2455776 0.2434812 0.2434723 0.198961759 0.198961759 0.198961759



TABLE 2.7.2 NORTH SEA HERRING. WEIGHTS AT AGE IN THE STOCK

Units  :  kg 
, , unit = A

   year
age        2018       2019        2020        2021        2022        2023
  0 0.004566667 0.00400000 0.003733333 0.003733333 0.003733333 0.003733333
  1 0.039966667 0.04023333 0.040733333 0.040733333 0.040733333 0.040733333
  2 0.101300000 0.09900000 0.107233333 0.107233333 0.107233333 0.107233333
  3 0.152966667 0.14846667 0.149533333 0.149533333 0.149533333 0.149533333
  4 0.185766667 0.17736667 0.181633333 0.181633333 0.181633333 0.181633333
  5 0.215033333 0.20896667 0.216833333 0.216833333 0.216833333 0.216833333
  6 0.229200000 0.22613333 0.229066667 0.229066667 0.229066667 0.229066667
  7 0.238766667 0.23786667 0.242400000 0.242400000 0.242400000 0.242400000
  8 0.246755779 0.25411003 0.264199521 0.264199521 0.264199521 0.264199521

, , unit = B

   year
age        2018       2019        2020        2021        2022        2023
  0 0.004566667 0.00400000 0.003733333 0.003733333 0.003733333 0.003733333
  1 0.039966667 0.04023333 0.040733333 0.040733333 0.040733333 0.040733333
  2 0.101300000 0.09900000 0.107233333 0.107233333 0.107233333 0.107233333
  3 0.152966667 0.14846667 0.149533333 0.149533333 0.149533333 0.149533333
  4 0.185766667 0.17736667 0.181633333 0.181633333 0.181633333 0.181633333
  5 0.215033333 0.20896667 0.216833333 0.216833333 0.216833333 0.216833333
  6 0.229200000 0.22613333 0.229066667 0.229066667 0.229066667 0.229066667
  7 0.238766667 0.23786667 0.242400000 0.242400000 0.242400000 0.242400000
  8 0.246755779 0.25411003 0.264199521 0.264199521 0.264199521 0.264199521

, , unit = C

   year
age        2018       2019        2020        2021        2022        2023
  0 0.004566667 0.00400000 0.003733333 0.003733333 0.003733333 0.003733333
  1 0.039966667 0.04023333 0.040733333 0.040733333 0.040733333 0.040733333
  2 0.101300000 0.09900000 0.107233333 0.107233333 0.107233333 0.107233333
  3 0.152966667 0.14846667 0.149533333 0.149533333 0.149533333 0.149533333
  4 0.185766667 0.17736667 0.181633333 0.181633333 0.181633333 0.181633333
  5 0.215033333 0.20896667 0.216833333 0.216833333 0.216833333 0.216833333
  6 0.229200000 0.22613333 0.229066667 0.229066667 0.229066667 0.229066667
  7 0.238766667 0.23786667 0.242400000 0.242400000 0.242400000 0.242400000
  8 0.246755779 0.25411003 0.264199521 0.264199521 0.264199521 0.264199521

, , unit = D

   year
age        2018       2019        2020        2021        2022        2023
  0 0.004566667 0.00400000 0.003733333 0.003733333 0.003733333 0.003733333
  1 0.039966667 0.04023333 0.040733333 0.040733333 0.040733333 0.040733333
  2 0.101300000 0.09900000 0.107233333 0.107233333 0.107233333 0.107233333
  3 0.152966667 0.14846667 0.149533333 0.149533333 0.149533333 0.149533333
  4 0.185766667 0.17736667 0.181633333 0.181633333 0.181633333 0.181633333
  5 0.215033333 0.20896667 0.216833333 0.216833333 0.216833333 0.216833333
  6 0.229200000 0.22613333 0.229066667 0.229066667 0.229066667 0.229066667
  7 0.238766667 0.23786667 0.242400000 0.242400000 0.242400000 0.242400000
  8 0.246755779 0.25411003 0.264199521 0.264199521 0.264199521 0.264199521



TABLE 2.7.3 NORTH SEA HERRING. STOCK IN NUMBER

Units  :  NA 
, , unit = A

   year
age             2018             2019             2020             2021 2022
  0  35440319.058243 31544082.4634323 35171565.4129422 42198527.8445561     
  1 8182040.87940277 12745040.4420479 12904560.3164386 14431037.2944513     
  2 5604191.82251567 3223878.45635339 7031856.19091171 6481644.76752426     
  3 2463385.29130885 3164432.76347486 1978711.20551672 4135254.98361953     
  4 6890189.04483849  1831705.4989209 2149857.88479393 1169629.35564504     
  5 3805855.11222855 4222994.50589098 1371040.76365099 1240939.62968612     
  6 969276.431790059 2191363.18707573  2449982.6115729 825494.929121869     
  7 516989.082941273 521193.122091489 1047222.64564814 1288281.75577981     
  8 733888.912195272 642712.308807864  554927.26682668 703913.966831035     
   year
age 2023
  0     
  1     
  2     
  3     
  4     
  5     
  6     
  7     
  8     

, , unit = B

   year
age             2018             2019             2020             2021 2022
  0  35440319.058243 31544082.4634323 35171565.4129422 42198527.8445561     
  1 8182040.87940277 12745040.4420479 12904560.3164386 14431037.2944513     
  2 5604191.82251567 3223878.45635339 7031856.19091171 6481644.76752426     
  3 2463385.29130885 3164432.76347486 1978711.20551672 4135254.98361953     
  4 6890189.04483849  1831705.4989209 2149857.88479393 1169629.35564504     
  5 3805855.11222855 4222994.50589098 1371040.76365099 1240939.62968612     
  6 969276.431790059 2191363.18707573  2449982.6115729 825494.929121869     
  7 516989.082941273 521193.122091489 1047222.64564814 1288281.75577981     
  8 733888.912195272 642712.308807864  554927.26682668 703913.966831035     
   year
age 2023
  0     
  1     
  2     
  3     
  4     
  5     
  6     
  7     
  8     

, , unit = C

   year
age             2018             2019             2020             2021 2022
  0  35440319.058243 31544082.4634323 35171565.4129422 42198527.8445561     
  1 8182040.87940277 12745040.4420479 12904560.3164386 14431037.2944513     
  2 5604191.82251567 3223878.45635339 7031856.19091171 6481644.76752426     
  3 2463385.29130885 3164432.76347486 1978711.20551672 4135254.98361953     
  4 6890189.04483849  1831705.4989209 2149857.88479393 1169629.35564504     
  5 3805855.11222855 4222994.50589098 1371040.76365099 1240939.62968612     
  6 969276.431790059 2191363.18707573  2449982.6115729 825494.929121869     
  7 516989.082941273 521193.122091489 1047222.64564814 1288281.75577981     
  8 733888.912195272 642712.308807864  554927.26682668 703913.966831035     
   year
age 2023
  0     
  1     
  2     
  3     
  4     
  5     
  6     
  7     
  8     

, , unit = D

   year
age             2018             2019             2020             2021 2022
  0  35440319.058243 31544082.4634323 35171565.4129422 42198527.8445561     
  1 8182040.87940277 12745040.4420479 12904560.3164386 14431037.2944513     
  2 5604191.82251567 3223878.45635339 7031856.19091171 6481644.76752426     
  3 2463385.29130885 3164432.76347486 1978711.20551672 4135254.98361953     
  4 6890189.04483849  1831705.4989209 2149857.88479393 1169629.35564504     
  5 3805855.11222855 4222994.50589098 1371040.76365099 1240939.62968612     
  6 969276.431790059 2191363.18707573  2449982.6115729 825494.929121869     
  7 516989.082941273 521193.122091489 1047222.64564814 1288281.75577981     
  8 733888.912195272 642712.308807864  554927.26682668 703913.966831035     
   year
age 2023
  0     
  1     
  2     
  3     
  4     
  5     
  6     
  7     
  8     



TABLE 2.7.4 NORTH SEA HERRING. FISHING MORTALITY AT AGE IN THE STOCK

Units  :  f 
, , unit = A

   year
age                2018                2019                2020
  0                   0                   0                   0
  1 0.00320205849894898 0.00294939639679885 0.00430219704736629
  2  0.0610501515393991  0.0558383212909425  0.0830234291464522
  3   0.165505050942666   0.148065190537657   0.190080616813493
  4   0.254831437734526   0.216149880845151   0.241636846367109
  5   0.322475721412228   0.277591831597103   0.274671017461351
  6   0.454579051591188   0.405021990180696   0.407387089113174
  7    0.64612148053387   0.597412978565005   0.637290009740175
  8    0.64612148053387   0.597412978565005   0.637290009740175
   year
age                2021 2022 2023
  0                   0          
  1 0.00310938757140122          
  2  0.0600049788237797          
  3   0.137380901625128          
  4   0.174643915907746          
  5   0.198520235410178          
  6   0.294433154811961          
  7   0.460594757530688          
  8   0.460594757530688          

, , unit = B

   year
age                 2018                 2019                2020
  0   0.0832163455366697   0.0722220469658261  0.0905037314975082
  1   0.0128890079033509  0.00829700559460209 0.00545638588595498
  2  0.00126715627826521  0.00106966405479884 0.00111949086459648
  3 9.18172952315083e-05 0.000122226464096956  0.0001959552126645
  4 9.18172952315083e-05 0.000122226464096956  0.0001959552126645
  5 9.18172952315083e-05 0.000122226464096956  0.0001959552126645
  6                    0                    0                   0
  7                    0                    0                   0
  8                    0                    0                   0
   year
age                 2021 2022 2023
  0   0.0423288889368904          
  1  0.00255266922676054          
  2  0.00052398757270031          
  3 9.17417089596234e-05          
  4 9.17417089596234e-05          
  5 9.17417089596234e-05          
  6                    0          
  7                    0          
  8                    0          

, , unit = C

   year
age                 2018                 2019                 2020
  0                    0                    0                    0
  1  0.00781929118367922  0.00639266287903166  0.00992143551950025
  2   0.0112737264628136  0.00956985024397627   0.0138308711648841
  3  0.00137217012148146 0.000818886668074818  0.00276322189366276
  4 0.000330668889217216 0.000163776254021152 0.000567779253480637
  5 0.000330668889217216 0.000163776254021152 0.000567779253480637
  6 0.000330668889217216 0.000163776254021152 0.000567779253480637
  7                    0                    0                    0
  8                    0                    0                    0
   year
age                 2021 2022 2023
  0                    0          
  1  0.00331093225566654          
  2  0.00461581702638408          
  3 0.000921854640331917          
  4 0.000189423081645677          
  5 0.000189423081645677          
  6 0.000189423081645677          
  7                    0          
  8                    0          

, , unit = D

   year
age                 2018                 2019                2020
  0   0.0832163455366697   0.0722220469658261  0.0905037314975082
  1   0.0128890079033509  0.00829700559460209 0.00545638588595498
  2  0.00126715627826521  0.00106966405479884 0.00111949086459648
  3 9.18172952315083e-05 0.000122226464096956  0.0001959552126645
  4 9.18172952315083e-05 0.000122226464096956  0.0001959552126645
  5 9.18172952315083e-05 0.000122226464096956  0.0001959552126645
  6                    0                    0                   0
  7                    0                    0                   0
  8                    0                    0                   0
   year
age                 2021 2022 2023
  0  0.00243167933808049          
  1 0.000146643891951006          
  2 3.01016583696774e-05          
  3 5.27031121582042e-06          
  4 5.27031121582042e-06          
  5 5.27031121582042e-06          
  6                    0          
  7                    0          
  8                    0          



TABLE 2.7.5 NORTH SEA HERRING. NATURAL MORTALITY

Units  :  NA 
, , unit = A

   year
age      2018      2019      2020      2021      2022      2023
  0 0.9035751 0.8873620 0.8693360 0.8855692 0.8855692 0.8855692
  1 0.6705889 0.6725878 0.6758221 0.6737241 0.6737241 0.6737241
  2 0.4400481 0.4402272 0.4408952 0.4406624 0.4406624 0.4406624
  3 0.3902501 0.3892692 0.3883200 0.3892694 0.3892694 0.3892694
  4 0.3776649 0.3779935 0.3782252 0.3778827 0.3778827 0.3778827
  5 0.3620387 0.3627596 0.3633887 0.3626572 0.3626572 0.3626572
  6 0.3516574 0.3532380 0.3547852 0.3531958 0.3531958 0.3531958
  7 0.3451034 0.3475167 0.3499350 0.3475183 0.3475183 0.3475183
  8 0.3353275 0.3378075 0.3403759 0.3378879 0.3378879 0.3378879

, , unit = B

   year
age      2018      2019      2020      2021      2022      2023
  0 0.9035751 0.8873620 0.8693360 0.8855692 0.8855692 0.8855692
  1 0.6705889 0.6725878 0.6758221 0.6737241 0.6737241 0.6737241
  2 0.4400481 0.4402272 0.4408952 0.4406624 0.4406624 0.4406624
  3 0.3902501 0.3892692 0.3883200 0.3892694 0.3892694 0.3892694
  4 0.3776649 0.3779935 0.3782252 0.3778827 0.3778827 0.3778827
  5 0.3620387 0.3627596 0.3633887 0.3626572 0.3626572 0.3626572
  6 0.3516574 0.3532380 0.3547852 0.3531958 0.3531958 0.3531958
  7 0.3451034 0.3475167 0.3499350 0.3475183 0.3475183 0.3475183
  8 0.3353275 0.3378075 0.3403759 0.3378879 0.3378879 0.3378879

, , unit = C

   year
age      2018      2019      2020      2021      2022      2023
  0 0.9035751 0.8873620 0.8693360 0.8855692 0.8855692 0.8855692
  1 0.6705889 0.6725878 0.6758221 0.6737241 0.6737241 0.6737241
  2 0.4400481 0.4402272 0.4408952 0.4406624 0.4406624 0.4406624
  3 0.3902501 0.3892692 0.3883200 0.3892694 0.3892694 0.3892694
  4 0.3776649 0.3779935 0.3782252 0.3778827 0.3778827 0.3778827
  5 0.3620387 0.3627596 0.3633887 0.3626572 0.3626572 0.3626572
  6 0.3516574 0.3532380 0.3547852 0.3531958 0.3531958 0.3531958
  7 0.3451034 0.3475167 0.3499350 0.3475183 0.3475183 0.3475183
  8 0.3353275 0.3378075 0.3403759 0.3378879 0.3378879 0.3378879

, , unit = D

   year
age      2018      2019      2020      2021      2022      2023
  0 0.9035751 0.8873620 0.8693360 0.8855692 0.8855692 0.8855692
  1 0.6705889 0.6725878 0.6758221 0.6737241 0.6737241 0.6737241
  2 0.4400481 0.4402272 0.4408952 0.4406624 0.4406624 0.4406624
  3 0.3902501 0.3892692 0.3883200 0.3892694 0.3892694 0.3892694
  4 0.3776649 0.3779935 0.3782252 0.3778827 0.3778827 0.3778827
  5 0.3620387 0.3627596 0.3633887 0.3626572 0.3626572 0.3626572
  6 0.3516574 0.3532380 0.3547852 0.3531958 0.3531958 0.3531958
  7 0.3451034 0.3475167 0.3499350 0.3475183 0.3475183 0.3475183
  8 0.3353275 0.3378075 0.3403759 0.3378879 0.3378879 0.3378879



TABLE 2.7.6 NORTH SEA HERRING. PROPORTION MATURE

Units  :  NA 
, , unit = A

   year
age 2018 2019 2020      2021      2022      2023
  0 0.00 0.00 0.00 0.0000000 0.0000000 0.0000000
  1 0.00 0.00 0.00 0.0000000 0.0000000 0.0000000
  2 0.37 0.59 0.75 0.5700000 0.5700000 0.5700000
  3 0.91 0.97 0.98 0.9533333 0.9533333 0.9533333
  4 0.98 0.99 1.00 0.9900000 0.9900000 0.9900000
  5 1.00 1.00 1.00 1.0000000 1.0000000 1.0000000
  6 1.00 1.00 1.00 1.0000000 1.0000000 1.0000000
  7 1.00 1.00 1.00 1.0000000 1.0000000 1.0000000
  8 1.00 1.00 1.00 1.0000000 1.0000000 1.0000000

, , unit = B

   year
age 2018 2019 2020      2021      2022      2023
  0 0.00 0.00 0.00 0.0000000 0.0000000 0.0000000
  1 0.00 0.00 0.00 0.0000000 0.0000000 0.0000000
  2 0.37 0.59 0.75 0.5700000 0.5700000 0.5700000
  3 0.91 0.97 0.98 0.9533333 0.9533333 0.9533333
  4 0.98 0.99 1.00 0.9900000 0.9900000 0.9900000
  5 1.00 1.00 1.00 1.0000000 1.0000000 1.0000000
  6 1.00 1.00 1.00 1.0000000 1.0000000 1.0000000
  7 1.00 1.00 1.00 1.0000000 1.0000000 1.0000000
  8 1.00 1.00 1.00 1.0000000 1.0000000 1.0000000

, , unit = C

   year
age 2018 2019 2020      2021      2022      2023
  0 0.00 0.00 0.00 0.0000000 0.0000000 0.0000000
  1 0.00 0.00 0.00 0.0000000 0.0000000 0.0000000
  2 0.37 0.59 0.75 0.5700000 0.5700000 0.5700000
  3 0.91 0.97 0.98 0.9533333 0.9533333 0.9533333
  4 0.98 0.99 1.00 0.9900000 0.9900000 0.9900000
  5 1.00 1.00 1.00 1.0000000 1.0000000 1.0000000
  6 1.00 1.00 1.00 1.0000000 1.0000000 1.0000000
  7 1.00 1.00 1.00 1.0000000 1.0000000 1.0000000
  8 1.00 1.00 1.00 1.0000000 1.0000000 1.0000000

, , unit = D

   year
age 2018 2019 2020      2021      2022      2023
  0 0.00 0.00 0.00 0.0000000 0.0000000 0.0000000
  1 0.00 0.00 0.00 0.0000000 0.0000000 0.0000000
  2 0.37 0.59 0.75 0.5700000 0.5700000 0.5700000
  3 0.91 0.97 0.98 0.9533333 0.9533333 0.9533333
  4 0.98 0.99 1.00 0.9900000 0.9900000 0.9900000
  5 1.00 1.00 1.00 1.0000000 1.0000000 1.0000000
  6 1.00 1.00 1.00 1.0000000 1.0000000 1.0000000
  7 1.00 1.00 1.00 1.0000000 1.0000000 1.0000000
  8 1.00 1.00 1.00 1.0000000 1.0000000 1.0000000



TABLE 2.7.7 NORTH SEA HERRING. FRACTION OF HARVEST BEFORE SPAWNING

Units  :  NA 
, , unit = A

   year
age 2018 2019 2020 2021 2022 2023
  0 0.67 0.67 0.67 0.67 0.67 0.67
  1 0.67 0.67 0.67 0.67 0.67 0.67
  2 0.67 0.67 0.67 0.67 0.67 0.67
  3 0.67 0.67 0.67 0.67 0.67 0.67
  4 0.67 0.67 0.67 0.67 0.67 0.67
  5 0.67 0.67 0.67 0.67 0.67 0.67
  6 0.67 0.67 0.67 0.67 0.67 0.67
  7 0.67 0.67 0.67 0.67 0.67 0.67
  8 0.67 0.67 0.67 0.67 0.67 0.67

, , unit = B

   year
age 2018 2019 2020 2021 2022 2023
  0 0.67 0.67 0.67 0.67 0.67 0.67
  1 0.67 0.67 0.67 0.67 0.67 0.67
  2 0.67 0.67 0.67 0.67 0.67 0.67
  3 0.67 0.67 0.67 0.67 0.67 0.67
  4 0.67 0.67 0.67 0.67 0.67 0.67
  5 0.67 0.67 0.67 0.67 0.67 0.67
  6 0.67 0.67 0.67 0.67 0.67 0.67
  7 0.67 0.67 0.67 0.67 0.67 0.67
  8 0.67 0.67 0.67 0.67 0.67 0.67

, , unit = C

   year
age 2018 2019 2020 2021 2022 2023
  0 0.67 0.67 0.67 0.67 0.67 0.67
  1 0.67 0.67 0.67 0.67 0.67 0.67
  2 0.67 0.67 0.67 0.67 0.67 0.67
  3 0.67 0.67 0.67 0.67 0.67 0.67
  4 0.67 0.67 0.67 0.67 0.67 0.67
  5 0.67 0.67 0.67 0.67 0.67 0.67
  6 0.67 0.67 0.67 0.67 0.67 0.67
  7 0.67 0.67 0.67 0.67 0.67 0.67
  8 0.67 0.67 0.67 0.67 0.67 0.67

, , unit = D

   year
age 2018 2019 2020 2021 2022 2023
  0 0.67 0.67 0.67 0.67 0.67 0.67
  1 0.67 0.67 0.67 0.67 0.67 0.67
  2 0.67 0.67 0.67 0.67 0.67 0.67
  3 0.67 0.67 0.67 0.67 0.67 0.67
  4 0.67 0.67 0.67 0.67 0.67 0.67
  5 0.67 0.67 0.67 0.67 0.67 0.67
  6 0.67 0.67 0.67 0.67 0.67 0.67
  7 0.67 0.67 0.67 0.67 0.67 0.67
  8 0.67 0.67 0.67 0.67 0.67 0.67



TABLE 2.7.8 NORTH SEA HERRING. FRACTION OF NATURAL MORTALITY BEFORE SPAWNING

Units  :  NA 
, , unit = A

   year
age 2018 2019 2020 2021 2022 2023
  0 0.67 0.67 0.67 0.67 0.67 0.67
  1 0.67 0.67 0.67 0.67 0.67 0.67
  2 0.67 0.67 0.67 0.67 0.67 0.67
  3 0.67 0.67 0.67 0.67 0.67 0.67
  4 0.67 0.67 0.67 0.67 0.67 0.67
  5 0.67 0.67 0.67 0.67 0.67 0.67
  6 0.67 0.67 0.67 0.67 0.67 0.67
  7 0.67 0.67 0.67 0.67 0.67 0.67
  8 0.67 0.67 0.67 0.67 0.67 0.67

, , unit = B

   year
age 2018 2019 2020 2021 2022 2023
  0 0.67 0.67 0.67 0.67 0.67 0.67
  1 0.67 0.67 0.67 0.67 0.67 0.67
  2 0.67 0.67 0.67 0.67 0.67 0.67
  3 0.67 0.67 0.67 0.67 0.67 0.67
  4 0.67 0.67 0.67 0.67 0.67 0.67
  5 0.67 0.67 0.67 0.67 0.67 0.67
  6 0.67 0.67 0.67 0.67 0.67 0.67
  7 0.67 0.67 0.67 0.67 0.67 0.67
  8 0.67 0.67 0.67 0.67 0.67 0.67

, , unit = C

   year
age 2018 2019 2020 2021 2022 2023
  0 0.67 0.67 0.67 0.67 0.67 0.67
  1 0.67 0.67 0.67 0.67 0.67 0.67
  2 0.67 0.67 0.67 0.67 0.67 0.67
  3 0.67 0.67 0.67 0.67 0.67 0.67
  4 0.67 0.67 0.67 0.67 0.67 0.67
  5 0.67 0.67 0.67 0.67 0.67 0.67
  6 0.67 0.67 0.67 0.67 0.67 0.67
  7 0.67 0.67 0.67 0.67 0.67 0.67
  8 0.67 0.67 0.67 0.67 0.67 0.67

, , unit = D

   year
age 2018 2019 2020 2021 2022 2023
  0 0.67 0.67 0.67 0.67 0.67 0.67
  1 0.67 0.67 0.67 0.67 0.67 0.67
  2 0.67 0.67 0.67 0.67 0.67 0.67
  3 0.67 0.67 0.67 0.67 0.67 0.67
  4 0.67 0.67 0.67 0.67 0.67 0.67
  5 0.67 0.67 0.67 0.67 0.67 0.67
  6 0.67 0.67 0.67 0.67 0.67 0.67
  7 0.67 0.67 0.67 0.67 0.67 0.67
  8 0.67 0.67 0.67 0.67 0.67 0.67




TABLE 2.7.9 NORTH SEA HERRING. Recruitment in 2022

33014169


TABLE 2.7.10 NORTH SEA HERRING. Recruitment in 2023

33014169


TABLE 2.7.11 NORTH SEA HERRING. FLR, R SOFTWARE VERSIONS

R version 3.6.3 (2020-02-29)

Package  : FLSAM
Version  : 2.1.1
Packaged : 2020-05-26 20:10:50 UTC; mosquia
Built    : R 3.6.3; ; 2020-11-09 15:24:50 UTC; windows

Package  : FLCore
Version  : 2.6.14.9012
Packaged : 2020-04-19 06:46:26 UTC; mosquia
Built    : R 3.6.3; ; 2020-06-11 05:22:06 UTC; windows


