TABLE 2.7.1 NORTH SEA HERRING. WEIGHTS AT AGE IN THE CATCH

Units  :  kg 
, , unit = A

   year
age      2018      2019      2020      2021      2022      2023
  0 0.0054000 0.0064000 0.0040000 0.0040000 0.0040000 0.0040000
  1 0.0394000 0.0395000 0.0706000 0.1070000 0.1070000 0.1070000
  2 0.1085000 0.1210000 0.1303000 0.1390000 0.1390000 0.1390000
  3 0.1451000 0.1465000 0.1553000 0.1570000 0.1570000 0.1570000
  4 0.1838000 0.1688000 0.1707000 0.1720000 0.1720000 0.1720000
  5 0.1914000 0.2036000 0.1888000 0.1910000 0.1910000 0.1910000
  6 0.2151000 0.2081000 0.2135000 0.2150000 0.2150000 0.2150000
  7 0.2342000 0.2195000 0.2190000 0.2210000 0.2210000 0.2210000
  8 0.2455776 0.2434812 0.2434723 0.2448866 0.2448866 0.2448866

, , unit = B

   year
age      2018      2019      2020        2021        2022        2023
  0 0.0054000 0.0064000 0.0040000 0.004027121 0.004027121 0.004027121
  1 0.0394000 0.0395000 0.0706000 0.039253292 0.039253292 0.039253292
  2 0.1085000 0.1210000 0.1303000 0.114007663 0.114007663 0.114007663
  3 0.1451000 0.1465000 0.1553000 0.147642308 0.147642308 0.147642308
  4 0.1838000 0.1688000 0.1707000 0.147292013 0.147292013 0.147292013
  5 0.1914000 0.2036000 0.1888000 0.149199461 0.149199461 0.149199461
  6 0.2151000 0.2081000 0.2135000 0.168793674 0.168793674 0.168793674
  7 0.2342000 0.2195000 0.2190000 0.175000000 0.175000000 0.175000000
  8 0.2455776 0.2434812 0.2434723 0.198961759 0.198961759 0.198961759

, , unit = C

   year
age      2018      2019      2020  2021  2022  2023
  0 0.0054000 0.0064000 0.0040000 0.014 0.014 0.014
  1 0.0394000 0.0395000 0.0706000 0.034 0.034 0.034
  2 0.1085000 0.1210000 0.1303000 0.065 0.065 0.065
  3 0.1451000 0.1465000 0.1553000 0.140 0.140 0.140
  4 0.1838000 0.1688000 0.1707000 0.171 0.171 0.171
  5 0.1914000 0.2036000 0.1888000 0.178 0.178 0.178
  6 0.2151000 0.2081000 0.2135000 0.200 0.200 0.200
  7 0.2342000 0.2195000 0.2190000 0.218 0.218 0.218
  8 0.2455776 0.2434812 0.2434723 0.000 0.000 0.000

, , unit = D

   year
age      2018      2019      2020        2021        2022        2023
  0 0.0054000 0.0064000 0.0040000 0.004027121 0.004027121 0.004027121
  1 0.0394000 0.0395000 0.0706000 0.039253292 0.039253292 0.039253292
  2 0.1085000 0.1210000 0.1303000 0.114007663 0.114007663 0.114007663
  3 0.1451000 0.1465000 0.1553000 0.147642308 0.147642308 0.147642308
  4 0.1838000 0.1688000 0.1707000 0.147292013 0.147292013 0.147292013
  5 0.1914000 0.2036000 0.1888000 0.149199461 0.149199461 0.149199461
  6 0.2151000 0.2081000 0.2135000 0.168793674 0.168793674 0.168793674
  7 0.2342000 0.2195000 0.2190000 0.175000000 0.175000000 0.175000000
  8 0.2455776 0.2434812 0.2434723 0.198961759 0.198961759 0.198961759



TABLE 2.7.2 NORTH SEA HERRING. WEIGHTS AT AGE IN THE STOCK

Units  :  kg 
, , unit = A

   year
age        2018       2019        2020        2021        2022        2023
  0 0.004566667 0.00400000 0.003733333 0.003733333 0.003733333 0.003733333
  1 0.039966667 0.04023333 0.040733333 0.040733333 0.040733333 0.040733333
  2 0.101300000 0.09900000 0.107233333 0.107233333 0.107233333 0.107233333
  3 0.152966667 0.14846667 0.149533333 0.149533333 0.149533333 0.149533333
  4 0.185766667 0.17736667 0.181633333 0.181633333 0.181633333 0.181633333
  5 0.215033333 0.20896667 0.216833333 0.216833333 0.216833333 0.216833333
  6 0.229200000 0.22613333 0.229066667 0.229066667 0.229066667 0.229066667
  7 0.238766667 0.23786667 0.242400000 0.242400000 0.242400000 0.242400000
  8 0.246755779 0.25411003 0.264199521 0.264199521 0.264199521 0.264199521

, , unit = B

   year
age        2018       2019        2020        2021        2022        2023
  0 0.004566667 0.00400000 0.003733333 0.003733333 0.003733333 0.003733333
  1 0.039966667 0.04023333 0.040733333 0.040733333 0.040733333 0.040733333
  2 0.101300000 0.09900000 0.107233333 0.107233333 0.107233333 0.107233333
  3 0.152966667 0.14846667 0.149533333 0.149533333 0.149533333 0.149533333
  4 0.185766667 0.17736667 0.181633333 0.181633333 0.181633333 0.181633333
  5 0.215033333 0.20896667 0.216833333 0.216833333 0.216833333 0.216833333
  6 0.229200000 0.22613333 0.229066667 0.229066667 0.229066667 0.229066667
  7 0.238766667 0.23786667 0.242400000 0.242400000 0.242400000 0.242400000
  8 0.246755779 0.25411003 0.264199521 0.264199521 0.264199521 0.264199521

, , unit = C

   year
age        2018       2019        2020        2021        2022        2023
  0 0.004566667 0.00400000 0.003733333 0.003733333 0.003733333 0.003733333
  1 0.039966667 0.04023333 0.040733333 0.040733333 0.040733333 0.040733333
  2 0.101300000 0.09900000 0.107233333 0.107233333 0.107233333 0.107233333
  3 0.152966667 0.14846667 0.149533333 0.149533333 0.149533333 0.149533333
  4 0.185766667 0.17736667 0.181633333 0.181633333 0.181633333 0.181633333
  5 0.215033333 0.20896667 0.216833333 0.216833333 0.216833333 0.216833333
  6 0.229200000 0.22613333 0.229066667 0.229066667 0.229066667 0.229066667
  7 0.238766667 0.23786667 0.242400000 0.242400000 0.242400000 0.242400000
  8 0.246755779 0.25411003 0.264199521 0.264199521 0.264199521 0.264199521

, , unit = D

   year
age        2018       2019        2020        2021        2022        2023
  0 0.004566667 0.00400000 0.003733333 0.003733333 0.003733333 0.003733333
  1 0.039966667 0.04023333 0.040733333 0.040733333 0.040733333 0.040733333
  2 0.101300000 0.09900000 0.107233333 0.107233333 0.107233333 0.107233333
  3 0.152966667 0.14846667 0.149533333 0.149533333 0.149533333 0.149533333
  4 0.185766667 0.17736667 0.181633333 0.181633333 0.181633333 0.181633333
  5 0.215033333 0.20896667 0.216833333 0.216833333 0.216833333 0.216833333
  6 0.229200000 0.22613333 0.229066667 0.229066667 0.229066667 0.229066667
  7 0.238766667 0.23786667 0.242400000 0.242400000 0.242400000 0.242400000
  8 0.246755779 0.25411003 0.264199521 0.264199521 0.264199521 0.264199521



TABLE 2.7.3 NORTH SEA HERRING. STOCK IN NUMBER

Units  :  NA 
, , unit = A

   year
age             2018             2019             2020             2021 2022
  0  19996709.558684 17910523.7459212 20239435.1439362 24135096.8203873     
  1 4861733.99757287 7808537.82455521 7910582.69713505 8791810.63754436     
  2 3563123.18627292 2143581.78696369 4695871.97997933 4402803.14923336     
  3 1685313.25114639 2170491.67399826 1397615.65811533 2984257.26408708     
  4 4781556.45186427 1280868.79627192 1516416.45652861  876120.17001297     
  5 2693279.66459101 2953737.96048171 947809.786560819 917039.130911247     
  6 705719.446546054  1563670.2384426 1746557.00372137 595989.973325981     
  7 394777.486058683 390885.756645275 756093.907778147 914185.790695403     
  8 504316.902238974 457671.793952128 399947.811671611 466856.132699836     
   year
age 2023
  0     
  1     
  2     
  3     
  4     
  5     
  6     
  7     
  8     

, , unit = B

   year
age             2018             2019             2020             2021 2022
  0  19996709.558684 17910523.7459212 20239435.1439362 24135096.8203873     
  1 4861733.99757287 7808537.82455521 7910582.69713505 8791810.63754436     
  2 3563123.18627292 2143581.78696369 4695871.97997933 4402803.14923336     
  3 1685313.25114639 2170491.67399826 1397615.65811533 2984257.26408708     
  4 4781556.45186427 1280868.79627192 1516416.45652861  876120.17001297     
  5 2693279.66459101 2953737.96048171 947809.786560819 917039.130911247     
  6 705719.446546054  1563670.2384426 1746557.00372137 595989.973325981     
  7 394777.486058683 390885.756645275 756093.907778147 914185.790695403     
  8 504316.902238974 457671.793952128 399947.811671611 466856.132699836     
   year
age 2023
  0     
  1     
  2     
  3     
  4     
  5     
  6     
  7     
  8     

, , unit = C

   year
age             2018             2019             2020             2021 2022
  0  19996709.558684 17910523.7459212 20239435.1439362 24135096.8203873     
  1 4861733.99757287 7808537.82455521 7910582.69713505 8791810.63754436     
  2 3563123.18627292 2143581.78696369 4695871.97997933 4402803.14923336     
  3 1685313.25114639 2170491.67399826 1397615.65811533 2984257.26408708     
  4 4781556.45186427 1280868.79627192 1516416.45652861  876120.17001297     
  5 2693279.66459101 2953737.96048171 947809.786560819 917039.130911247     
  6 705719.446546054  1563670.2384426 1746557.00372137 595989.973325981     
  7 394777.486058683 390885.756645275 756093.907778147 914185.790695403     
  8 504316.902238974 457671.793952128 399947.811671611 466856.132699836     
   year
age 2023
  0     
  1     
  2     
  3     
  4     
  5     
  6     
  7     
  8     

, , unit = D

   year
age             2018             2019             2020             2021 2022
  0  19996709.558684 17910523.7459212 20239435.1439362 24135096.8203873     
  1 4861733.99757287 7808537.82455521 7910582.69713505 8791810.63754436     
  2 3563123.18627292 2143581.78696369 4695871.97997933 4402803.14923336     
  3 1685313.25114639 2170491.67399826 1397615.65811533 2984257.26408708     
  4 4781556.45186427 1280868.79627192 1516416.45652861  876120.17001297     
  5 2693279.66459101 2953737.96048171 947809.786560819 917039.130911247     
  6 705719.446546054  1563670.2384426 1746557.00372137 595989.973325981     
  7 394777.486058683 390885.756645275 756093.907778147 914185.790695403     
  8 504316.902238974 457671.793952128 399947.811671611 466856.132699836     
   year
age 2023
  0     
  1     
  2     
  3     
  4     
  5     
  6     
  7     
  8     



TABLE 2.7.4 NORTH SEA HERRING. FISHING MORTALITY AT AGE IN THE STOCK

Units  :  f 
, , unit = A

   year
age                2018                2019                2020
  0                   0                   0                   0
  1 0.00320205849894898 0.00294939639679885 0.00430219704736629
  2  0.0610501515393991  0.0558383212909425  0.0830234291464522
  3   0.165505050942666   0.148065190537657   0.190080616813493
  4   0.254831437734526   0.216149880845151   0.241636846367109
  5   0.322475721412228   0.277591831597103   0.274671017461351
  6   0.454579051591188   0.405021990180696   0.407387089113174
  7    0.64612148053387   0.597412978565005   0.637290009740175
  8    0.64612148053387   0.597412978565005   0.637290009740175
   year
age                2021 2022 2023
  0                   0          
  1 0.00440305263466626          
  2  0.0849701344834521          
  3   0.194538418567343          
  4    0.24730476224278          
  5   0.281114857985827          
  6   0.416932482123381          
  7   0.652225852869494          
  8   0.652225852869494          

, , unit = B

   year
age                 2018                 2019                2020
  0   0.0832163455366697   0.0722220469658261  0.0905037314975082
  1   0.0128890079033509  0.00829700559460209 0.00545638588595498
  2  0.00126715627826521  0.00106966405479884 0.00111949086459648
  3 9.18172952315083e-05 0.000122226464096956  0.0001959552126645
  4 9.18172952315083e-05 0.000122226464096956  0.0001959552126645
  5 9.18172952315083e-05 0.000122226464096956  0.0001959552126645
  6                    0                    0                   0
  7                    0                    0                   0
  8                    0                    0                   0
   year
age                 2021 2022 2023
  0   0.0696820565153615          
  1  0.00420221852714708          
  2 0.000862591307527298          
  3 0.000151025720473587          
  4 0.000151025720473587          
  5 0.000151025720473587          
  6                    0          
  7                    0          
  8                    0          

, , unit = C

   year
age                 2018                 2019                 2020
  0                    0                    0                    0
  1  0.00781929118367922  0.00639266287903166  0.00992143551950025
  2   0.0112737264628136  0.00956985024397627   0.0138308711648841
  3  0.00137217012148146 0.000818886668074818  0.00276322189366276
  4 0.000330668889217216 0.000163776254021152 0.000567779253480637
  5 0.000330668889217216 0.000163776254021152 0.000567779253480637
  6 0.000330668889217216 0.000163776254021152 0.000567779253480637
  7                    0                    0                    0
  8                    0                    0                    0
   year
age                 2021 2022 2023
  0                    0          
  1  0.00482359432549485          
  2  0.00672464040237711          
  3  0.00134302138149334          
  4 0.000275964601867064          
  5 0.000275964601867064          
  6 0.000275964601867064          
  7                    0          
  8                    0          

, , unit = D

   year
age                 2018                 2019                2020
  0   0.0832163455366697   0.0722220469658261  0.0905037314975082
  1   0.0128890079033509  0.00829700559460209 0.00545638588595498
  2  0.00126715627826521  0.00106966405479884 0.00111949086459648
  3 9.18172952315083e-05 0.000122226464096956  0.0001959552126645
  4 9.18172952315083e-05 0.000122226464096956  0.0001959552126645
  5 9.18172952315083e-05 0.000122226464096956  0.0001959552126645
  6                    0                    0                   0
  7                    0                    0                   0
  8                    0                    0                   0
   year
age                 2021 2022 2023
  0  0.00400304428759131          
  1 0.000241406004809834          
  2 4.95535203580258e-05          
  3 8.67601614897629e-06          
  4 8.67601614897629e-06          
  5 8.67601614897629e-06          
  6                    0          
  7                    0          
  8                    0          



TABLE 2.7.5 NORTH SEA HERRING. NATURAL MORTALITY

Units  :  NA 
, , unit = A

   year
age      2018      2019      2020      2021      2022      2023
  0 0.7935751 0.7773620 0.7593360 0.7755692 0.7755692 0.7755692
  1 0.5605889 0.5625878 0.5658221 0.5637241 0.5637241 0.5637241
  2 0.3300481 0.3302272 0.3308952 0.3306624 0.3306624 0.3306624
  3 0.2802501 0.2792692 0.2783200 0.2792694 0.2792694 0.2792694
  4 0.2676649 0.2679935 0.2682252 0.2678827 0.2678827 0.2678827
  5 0.2520387 0.2527596 0.2533887 0.2526572 0.2526572 0.2526572
  6 0.2416574 0.2432380 0.2447852 0.2431958 0.2431958 0.2431958
  7 0.2351034 0.2375167 0.2399350 0.2375183 0.2375183 0.2375183
  8 0.2253275 0.2278075 0.2303759 0.2278879 0.2278879 0.2278879

, , unit = B

   year
age      2018      2019      2020      2021      2022      2023
  0 0.7935751 0.7773620 0.7593360 0.7755692 0.7755692 0.7755692
  1 0.5605889 0.5625878 0.5658221 0.5637241 0.5637241 0.5637241
  2 0.3300481 0.3302272 0.3308952 0.3306624 0.3306624 0.3306624
  3 0.2802501 0.2792692 0.2783200 0.2792694 0.2792694 0.2792694
  4 0.2676649 0.2679935 0.2682252 0.2678827 0.2678827 0.2678827
  5 0.2520387 0.2527596 0.2533887 0.2526572 0.2526572 0.2526572
  6 0.2416574 0.2432380 0.2447852 0.2431958 0.2431958 0.2431958
  7 0.2351034 0.2375167 0.2399350 0.2375183 0.2375183 0.2375183
  8 0.2253275 0.2278075 0.2303759 0.2278879 0.2278879 0.2278879

, , unit = C

   year
age      2018      2019      2020      2021      2022      2023
  0 0.7935751 0.7773620 0.7593360 0.7755692 0.7755692 0.7755692
  1 0.5605889 0.5625878 0.5658221 0.5637241 0.5637241 0.5637241
  2 0.3300481 0.3302272 0.3308952 0.3306624 0.3306624 0.3306624
  3 0.2802501 0.2792692 0.2783200 0.2792694 0.2792694 0.2792694
  4 0.2676649 0.2679935 0.2682252 0.2678827 0.2678827 0.2678827
  5 0.2520387 0.2527596 0.2533887 0.2526572 0.2526572 0.2526572
  6 0.2416574 0.2432380 0.2447852 0.2431958 0.2431958 0.2431958
  7 0.2351034 0.2375167 0.2399350 0.2375183 0.2375183 0.2375183
  8 0.2253275 0.2278075 0.2303759 0.2278879 0.2278879 0.2278879

, , unit = D

   year
age      2018      2019      2020      2021      2022      2023
  0 0.7935751 0.7773620 0.7593360 0.7755692 0.7755692 0.7755692
  1 0.5605889 0.5625878 0.5658221 0.5637241 0.5637241 0.5637241
  2 0.3300481 0.3302272 0.3308952 0.3306624 0.3306624 0.3306624
  3 0.2802501 0.2792692 0.2783200 0.2792694 0.2792694 0.2792694
  4 0.2676649 0.2679935 0.2682252 0.2678827 0.2678827 0.2678827
  5 0.2520387 0.2527596 0.2533887 0.2526572 0.2526572 0.2526572
  6 0.2416574 0.2432380 0.2447852 0.2431958 0.2431958 0.2431958
  7 0.2351034 0.2375167 0.2399350 0.2375183 0.2375183 0.2375183
  8 0.2253275 0.2278075 0.2303759 0.2278879 0.2278879 0.2278879



TABLE 2.7.6 NORTH SEA HERRING. PROPORTION MATURE

Units  :  NA 
, , unit = A

   year
age 2018 2019 2020      2021      2022      2023
  0 0.00 0.00 0.00 0.0000000 0.0000000 0.0000000
  1 0.00 0.00 0.00 0.0000000 0.0000000 0.0000000
  2 0.37 0.59 0.75 0.5700000 0.5700000 0.5700000
  3 0.91 0.97 0.98 0.9533333 0.9533333 0.9533333
  4 0.98 0.99 1.00 0.9900000 0.9900000 0.9900000
  5 1.00 1.00 1.00 1.0000000 1.0000000 1.0000000
  6 1.00 1.00 1.00 1.0000000 1.0000000 1.0000000
  7 1.00 1.00 1.00 1.0000000 1.0000000 1.0000000
  8 1.00 1.00 1.00 1.0000000 1.0000000 1.0000000

, , unit = B

   year
age 2018 2019 2020      2021      2022      2023
  0 0.00 0.00 0.00 0.0000000 0.0000000 0.0000000
  1 0.00 0.00 0.00 0.0000000 0.0000000 0.0000000
  2 0.37 0.59 0.75 0.5700000 0.5700000 0.5700000
  3 0.91 0.97 0.98 0.9533333 0.9533333 0.9533333
  4 0.98 0.99 1.00 0.9900000 0.9900000 0.9900000
  5 1.00 1.00 1.00 1.0000000 1.0000000 1.0000000
  6 1.00 1.00 1.00 1.0000000 1.0000000 1.0000000
  7 1.00 1.00 1.00 1.0000000 1.0000000 1.0000000
  8 1.00 1.00 1.00 1.0000000 1.0000000 1.0000000

, , unit = C

   year
age 2018 2019 2020      2021      2022      2023
  0 0.00 0.00 0.00 0.0000000 0.0000000 0.0000000
  1 0.00 0.00 0.00 0.0000000 0.0000000 0.0000000
  2 0.37 0.59 0.75 0.5700000 0.5700000 0.5700000
  3 0.91 0.97 0.98 0.9533333 0.9533333 0.9533333
  4 0.98 0.99 1.00 0.9900000 0.9900000 0.9900000
  5 1.00 1.00 1.00 1.0000000 1.0000000 1.0000000
  6 1.00 1.00 1.00 1.0000000 1.0000000 1.0000000
  7 1.00 1.00 1.00 1.0000000 1.0000000 1.0000000
  8 1.00 1.00 1.00 1.0000000 1.0000000 1.0000000

, , unit = D

   year
age 2018 2019 2020      2021      2022      2023
  0 0.00 0.00 0.00 0.0000000 0.0000000 0.0000000
  1 0.00 0.00 0.00 0.0000000 0.0000000 0.0000000
  2 0.37 0.59 0.75 0.5700000 0.5700000 0.5700000
  3 0.91 0.97 0.98 0.9533333 0.9533333 0.9533333
  4 0.98 0.99 1.00 0.9900000 0.9900000 0.9900000
  5 1.00 1.00 1.00 1.0000000 1.0000000 1.0000000
  6 1.00 1.00 1.00 1.0000000 1.0000000 1.0000000
  7 1.00 1.00 1.00 1.0000000 1.0000000 1.0000000
  8 1.00 1.00 1.00 1.0000000 1.0000000 1.0000000



TABLE 2.7.7 NORTH SEA HERRING. FRACTION OF HARVEST BEFORE SPAWNING

Units  :  NA 
, , unit = A

   year
age 2018 2019 2020 2021 2022 2023
  0 0.67 0.67 0.67 0.67 0.67 0.67
  1 0.67 0.67 0.67 0.67 0.67 0.67
  2 0.67 0.67 0.67 0.67 0.67 0.67
  3 0.67 0.67 0.67 0.67 0.67 0.67
  4 0.67 0.67 0.67 0.67 0.67 0.67
  5 0.67 0.67 0.67 0.67 0.67 0.67
  6 0.67 0.67 0.67 0.67 0.67 0.67
  7 0.67 0.67 0.67 0.67 0.67 0.67
  8 0.67 0.67 0.67 0.67 0.67 0.67

, , unit = B

   year
age 2018 2019 2020 2021 2022 2023
  0 0.67 0.67 0.67 0.67 0.67 0.67
  1 0.67 0.67 0.67 0.67 0.67 0.67
  2 0.67 0.67 0.67 0.67 0.67 0.67
  3 0.67 0.67 0.67 0.67 0.67 0.67
  4 0.67 0.67 0.67 0.67 0.67 0.67
  5 0.67 0.67 0.67 0.67 0.67 0.67
  6 0.67 0.67 0.67 0.67 0.67 0.67
  7 0.67 0.67 0.67 0.67 0.67 0.67
  8 0.67 0.67 0.67 0.67 0.67 0.67

, , unit = C

   year
age 2018 2019 2020 2021 2022 2023
  0 0.67 0.67 0.67 0.67 0.67 0.67
  1 0.67 0.67 0.67 0.67 0.67 0.67
  2 0.67 0.67 0.67 0.67 0.67 0.67
  3 0.67 0.67 0.67 0.67 0.67 0.67
  4 0.67 0.67 0.67 0.67 0.67 0.67
  5 0.67 0.67 0.67 0.67 0.67 0.67
  6 0.67 0.67 0.67 0.67 0.67 0.67
  7 0.67 0.67 0.67 0.67 0.67 0.67
  8 0.67 0.67 0.67 0.67 0.67 0.67

, , unit = D

   year
age 2018 2019 2020 2021 2022 2023
  0 0.67 0.67 0.67 0.67 0.67 0.67
  1 0.67 0.67 0.67 0.67 0.67 0.67
  2 0.67 0.67 0.67 0.67 0.67 0.67
  3 0.67 0.67 0.67 0.67 0.67 0.67
  4 0.67 0.67 0.67 0.67 0.67 0.67
  5 0.67 0.67 0.67 0.67 0.67 0.67
  6 0.67 0.67 0.67 0.67 0.67 0.67
  7 0.67 0.67 0.67 0.67 0.67 0.67
  8 0.67 0.67 0.67 0.67 0.67 0.67



TABLE 2.7.8 NORTH SEA HERRING. FRACTION OF NATURAL MORTALITY BEFORE SPAWNING

Units  :  NA 
, , unit = A

   year
age 2018 2019 2020 2021 2022 2023
  0 0.67 0.67 0.67 0.67 0.67 0.67
  1 0.67 0.67 0.67 0.67 0.67 0.67
  2 0.67 0.67 0.67 0.67 0.67 0.67
  3 0.67 0.67 0.67 0.67 0.67 0.67
  4 0.67 0.67 0.67 0.67 0.67 0.67
  5 0.67 0.67 0.67 0.67 0.67 0.67
  6 0.67 0.67 0.67 0.67 0.67 0.67
  7 0.67 0.67 0.67 0.67 0.67 0.67
  8 0.67 0.67 0.67 0.67 0.67 0.67

, , unit = B

   year
age 2018 2019 2020 2021 2022 2023
  0 0.67 0.67 0.67 0.67 0.67 0.67
  1 0.67 0.67 0.67 0.67 0.67 0.67
  2 0.67 0.67 0.67 0.67 0.67 0.67
  3 0.67 0.67 0.67 0.67 0.67 0.67
  4 0.67 0.67 0.67 0.67 0.67 0.67
  5 0.67 0.67 0.67 0.67 0.67 0.67
  6 0.67 0.67 0.67 0.67 0.67 0.67
  7 0.67 0.67 0.67 0.67 0.67 0.67
  8 0.67 0.67 0.67 0.67 0.67 0.67

, , unit = C

   year
age 2018 2019 2020 2021 2022 2023
  0 0.67 0.67 0.67 0.67 0.67 0.67
  1 0.67 0.67 0.67 0.67 0.67 0.67
  2 0.67 0.67 0.67 0.67 0.67 0.67
  3 0.67 0.67 0.67 0.67 0.67 0.67
  4 0.67 0.67 0.67 0.67 0.67 0.67
  5 0.67 0.67 0.67 0.67 0.67 0.67
  6 0.67 0.67 0.67 0.67 0.67 0.67
  7 0.67 0.67 0.67 0.67 0.67 0.67
  8 0.67 0.67 0.67 0.67 0.67 0.67

, , unit = D

   year
age 2018 2019 2020 2021 2022 2023
  0 0.67 0.67 0.67 0.67 0.67 0.67
  1 0.67 0.67 0.67 0.67 0.67 0.67
  2 0.67 0.67 0.67 0.67 0.67 0.67
  3 0.67 0.67 0.67 0.67 0.67 0.67
  4 0.67 0.67 0.67 0.67 0.67 0.67
  5 0.67 0.67 0.67 0.67 0.67 0.67
  6 0.67 0.67 0.67 0.67 0.67 0.67
  7 0.67 0.67 0.67 0.67 0.67 0.67
  8 0.67 0.67 0.67 0.67 0.67 0.67




TABLE 2.7.9 NORTH SEA HERRING. Recruitment in 2022

18470655


TABLE 2.7.10 NORTH SEA HERRING. Recruitment in 2023

18470655


TABLE 2.7.11 NORTH SEA HERRING. FLR, R SOFTWARE VERSIONS

R version 3.6.3 (2020-02-29)

Package  : FLSAM
Version  : 2.1.1
Packaged : 2020-05-26 20:10:50 UTC; mosquia
Built    : R 3.6.3; ; 2020-11-09 15:24:50 UTC; windows

Package  : FLCore
Version  : 2.6.14.9012
Packaged : 2020-04-19 06:46:26 UTC; mosquia
Built    : R 3.6.3; ; 2020-06-11 05:22:06 UTC; windows


