line 79, file ssass.cpp, noFleets =
5

line 81, file ssass.cpp, fleetTypes =
 0 2 2 2 3

line 84, file ssass.cpp, ssbPhase =
1

line 86, file ssass.cpp, fleetTimes =
 0 0.55 0.125 0.125 0

line 88, file ssass.cpp, noYears =
51

line 90, file ssass.cpp, years =
 1960 1961 1962 1963 1964 1965 1966 1967 1968 1969 1970 1971 1972 1973 1974 1975 1976 1977 1978 1979 1980 1981 1982 1983 1984 1985 1986 1987 1988 1989 1990 1991 1992 1993 1994 1995 1996 1997 1998 1999 2000 2001 2002 2003 2004 2005 2006 2007 2008 2009 2010

line 94, file ssass.cpp, times =
 1959 1960 1961 1962 1963 1964 1965 1966 1967 1968 1969 1970 1971 1972 1973 1974 1975 1976 1977 1978 1979 1980 1981 1982 1983 1984 1985 1986 1987 1988 1989 1990 1991 1992 1993 1994 1995 1996 1997 1998 1999 2000 2001 2002 2003 2004 2005 2006 2007 2008 2009 2010

line 96, file ssass.cpp, noObs =
871

line 98, file ssass.cpp, idx1 =
 1 11 21 31 41 51 61 71 81 91 101 111 121 131 142 153 164 175 185 196 207 218 229 240 251 267 283 299 315 331 355 379 403 428 453 478 503 528 554 580 606 632 658 684 710 736 762 788 814 840 866

line 100, file ssass.cpp, idx2 =
 10 20 30 40 50 60 70 80 90 100 110 120 130 141 152 163 174 184 195 206 217 228 239 250 266 282 298 314 330 354 378 402 427 452 477 502 527 553 579 605 631 657 683 709 735 761 787 813 839 865 871

line 102, file ssass.cpp, data =
 1960 1 0 194600
 1960 1 1 2.3927e+06
 1960 1 2 1.1423e+06
 1960 1 3 1.9667e+06
 1960 1 4 165900
 1960 1 5 167700
 1960 1 6 112900
 1960 1 7 125800
 1960 1 8 128600
 1960 1 9 142000
 1961 1 0 1.2692e+06
 1961 1 1 336000
 1961 1 2 1.8894e+06
 1961 1 3 479900
 1961 1 4 1.4559e+06
 1961 1 5 124000
 1961 1 6 157900
 1961 1 7 61400
 1961 1 8 56000
 1961 1 9 87500
 1962 1 0 141800
 1962 1 1 2.1469e+06
 1962 1 2 269600
 1962 1 3 797400
 1962 1 4 335100
 1962 1 5 1.0818e+06
 1962 1 6 126900
 1962 1 7 145100
 1962 1 8 86300
 1962 1 9 86800
 1963 1 0 442800
 1963 1 1 1.2622e+06
 1963 1 2 2.9612e+06
 1963 1 3 177200
 1963 1 4 158300
 1963 1 5 80600
 1963 1 6 229700
 1963 1 7 22400
 1963 1 8 42000
 1963 1 9 51000
 1964 1 0 496900
 1964 1 1 2.9717e+06
 1964 1 2 1.5475e+06
 1964 1 3 2.2431e+06
 1964 1 4 148400
 1964 1 5 149000
 1964 1 6 95000
 1964 1 7 256300
 1964 1 8 26300
 1964 1 9 57700
 1965 1 0 157100
 1965 1 1 3.2093e+06
 1965 1 2 2.2176e+06
 1965 1 3 1.3246e+06
 1965 1 4 2.0394e+06
 1965 1 5 145100
 1965 1 6 151900
 1965 1 7 117600
 1965 1 8 413000
 1965 1 9 78400
 1966 1 0 374500
 1966 1 1 1.3831e+06
 1966 1 2 2.5697e+06
 1966 1 3 741200
 1966 1 4 450100
 1966 1 5 889800
 1966 1 6 45300
 1966 1 7 64800
 1966 1 8 95500
 1966 1 9 236300
 1967 1 0 645400
 1967 1 1 1.6743e+06
 1967 1 2 1.1715e+06
 1967 1 3 1.3647e+06
 1967 1 4 371500
 1967 1 5 297800
 1967 1 6 393100
 1967 1 7 67900
 1967 1 8 81600
 1967 1 9 172800
 1968 1 0 839300
 1968 1 1 2.425e+06
 1968 1 2 1.7952e+06
 1968 1 3 1.4943e+06
 1968 1 4 621400
 1968 1 5 157100
 1968 1 6 145000
 1968 1 7 163400
 1968 1 8 13700
 1968 1 9 91800
 1969 1 0 112000
 1969 1 1 2.5033e+06
 1969 1 2 1.883e+06
 1969 1 3 296300
 1969 1 4 133100
 1969 1 5 190800
 1969 1 6 49900
 1969 1 7 42700
 1969 1 8 27400
 1969 1 9 25100
 1970 1 0 898100
 1970 1 1 1.1962e+06
 1970 1 2 2.0028e+06
 1970 1 3 883600
 1970 1 4 125200
 1970 1 5 50300
 1970 1 6 61000
 1970 1 7 7900
 1970 1 8 12000
 1970 1 9 12200
 1971 1 0 684000
 1971 1 1 4.3785e+06
 1971 1 2 1.1468e+06
 1971 1 3 662500
 1971 1 4 208300
 1971 1 5 26900
 1971 1 6 30500
 1971 1 7 26800
 1971 1 8 100
 1971 1 9 12400
 1972 1 0 750400
 1972 1 1 3.3406e+06
 1972 1 2 1.4405e+06
 1972 1 3 343800
 1972 1 4 130600
 1972 1 5 32900
 1972 1 6 5000
 1972 1 7 200
 1972 1 8 1100
 1972 1 9 400
 1973 1 0 289400
 1973 1 1 2.368e+06
 1973 1 2 1.3442e+06
 1973 1 3 659200
 1973 1 4 150200
 1973 1 5 59300
 1973 1 6 30600
 1973 1 7 3700
 1973 1 8 1400
 1973 1 9 600
 1973 5 2 12.79
 1974 1 0 996100
 1974 1 1 846100
 1974 1 2 772600
 1974 1 3 362000
 1974 1 4 126000
 1974 1 5 56100
 1974 1 6 22300
 1974 1 7 5000
 1974 1 8 2000
 1974 1 9 1100
 1974 5 2 7.661
 1975 1 0 263800
 1975 1 1 2.4605e+06
 1975 1 2 541700
 1975 1 3 259600
 1975 1 4 140500
 1975 1 5 57200
 1975 1 6 16100
 1975 1 7 9100
 1975 1 8 3400
 1975 1 9 1400
 1975 5 2 2.737
 1976 1 0 238200
 1976 1 1 126600
 1976 1 2 901500
 1976 1 3 117300
 1976 1 4 52000
 1976 1 5 34500
 1976 1 6 6100
 1976 1 7 4400
 1976 1 8 1000
 1976 1 9 400
 1976 5 2 2.422
 1977 1 0 256800
 1977 1 1 144300
 1977 1 2 44700
 1977 1 3 186400
 1977 1 4 10800
 1977 1 5 7000
 1977 1 6 4100
 1977 1 7 1500
 1977 1 8 700
 1977 5 2 5.999
 1978 1 0 130000
 1978 1 1 168600
 1978 1 2 4900
 1978 1 3 5700
 1978 1 4 5000
 1978 1 5 300
 1978 1 6 200
 1978 1 7 200
 1978 1 8 200
 1978 1 9 300
 1978 5 2 7.184
 1979 1 0 542000
 1979 1 1 159200
 1979 1 2 34100
 1979 1 3 10000
 1979 1 4 10100
 1979 1 5 2100
 1979 1 6 200
 1979 1 7 800
 1979 1 8 600
 1979 1 9 100
 1979 5 2 13.844
 1980 1 0 1.2627e+06
 1980 1 1 245100
 1980 1 2 134000
 1980 1 3 91800
 1980 1 4 32200
 1980 1 5 21700
 1980 1 6 2300
 1980 1 7 1400
 1980 1 8 400
 1980 1 9 100
 1980 5 2 9.332
 1981 1 0 9.5197e+06
 1981 1 1 872000
 1981 1 2 284300
 1981 1 3 56900
 1981 1 4 39500
 1981 1 5 28500
 1981 1 6 22700
 1981 1 7 18700
 1981 1 8 5500
 1981 1 9 1100
 1981 5 2 13.704
 1982 1 0 1.19567e+07
 1982 1 1 1.1164e+06
 1982 1 2 299400
 1982 1 3 230100
 1982 1 4 33700
 1982 1 5 14400
 1982 1 6 6800
 1982 1 7 7800
 1982 1 8 3600
 1982 1 9 1100
 1982 5 2 19.98
 1983 1 0 1.32969e+07
 1983 1 1 2.4486e+06
 1983 1 2 573800
 1983 1 3 216400
 1983 1 4 105100
 1983 1 5 26200
 1983 1 6 22800
 1983 1 7 12800
 1983 1 8 11000
 1983 1 9 12100
 1983 5 2 25.669
 1984 1 0 6.9733e+06
 1984 1 1 1.8184e+06
 1984 1 2 1.1462e+06
 1984 1 3 441400
 1984 1 4 201500
 1984 1 5 81100
 1984 1 6 22600
 1984 1 7 25200
 1984 1 8 11100
 1984 1 9 18600
 1984 3 1 1515.63
 1984 3 2 161.48
 1984 3 3 61.428
 1984 3 4 26.888
 1984 3 5 10.238
 1984 5 2 46.198
 1985 1 0 4.211e+06
 1985 1 1 3.253e+06
 1985 1 2 1.3263e+06
 1985 1 3 1.1824e+06
 1985 1 4 368500
 1985 1 5 124500
 1985 1 6 43600
 1985 1 7 20200
 1985 1 8 13100
 1985 1 9 16100
 1985 3 1 2097.28
 1985 3 2 721.646
 1985 3 3 281.99
 1985 3 4 42.088
 1985 3 5 27.941
 1985 5 2 70.6
 1986 1 0 3.7247e+06
 1986 1 1 4.8014e+06
 1986 1 2 1.2667e+06
 1986 1 3 840800
 1986 1 4 465900
 1986 1 5 129800
 1986 1 6 62100
 1986 1 7 20500
 1986 1 8 13600
 1986 1 9 14800
 1986 3 1 2662.81
 1986 3 2 782.122
 1986 3 3 276.031
 1986 3 4 79.007
 1986 3 5 28.076
 1986 5 2 36.704
 1987 1 0 8.2292e+06
 1987 1 1 6.8363e+06
 1987 1 2 2.1372e+06
 1987 1 3 667900
 1987 1 4 467100
 1987 1 5 245800
 1987 1 6 74700
 1987 1 7 23800
 1987 1 8 8000
 1987 1 9 8200
 1987 3 1 3692.97
 1987 3 2 917.55
 1987 3 3 116.315
 1987 3 4 59.351
 1987 3 5 48.763
 1987 5 2 64.93
 1988 1 0 3.1648e+06
 1988 1 1 7.867e+06
 1988 1 2 2.2325e+06
 1988 1 3 1.0907e+06
 1988 1 4 383700
 1988 1 5 255800
 1988 1 6 128100
 1988 1 7 38000
 1988 1 8 15300
 1988 1 9 8500
 1988 3 1 4394.17
 1988 3 2 4163.38
 1988 3 3 791.528
 1988 3 4 57.957
 1988 3 5 25.054
 1988 5 2 128.721
 1989 1 0 3.0578e+06
 1989 1 1 3.1459e+06
 1989 1 2 1.5937e+06
 1989 1 3 1.3638e+06
 1989 1 4 809300
 1989 1 5 211800
 1989 1 6 123700
 1989 1 7 61000
 1989 1 8 19500
 1989 1 9 8700
 1989 2 2 4.09e+06
 1989 2 3 3.903e+06
 1989 2 4 1.633e+06
 1989 2 5 492000
 1989 2 6 283000
 1989 2 7 120000
 1989 2 8 44000
 1989 2 9 22000
 1989 3 1 2331.57
 1989 3 2 875.336
 1989 3 3 338.514
 1989 3 4 89.381
 1989 3 5 8.519
 1989 5 2 126.428
 1990 1 0 1.3028e+06
 1990 1 1 3.02e+06
 1990 1 2 899300
 1990 1 3 779100
 1990 1 4 861000
 1990 1 5 387500
 1990 1 6 80200
 1990 1 7 54400
 1990 1 8 28800
 1990 1 9 11900
 1990 2 2 3.306e+06
 1990 2 3 3.521e+06
 1990 2 4 3.414e+06
 1990 2 5 1.366e+06
 1990 2 6 392000
 1990 2 7 210000
 1990 2 8 133000
 1990 2 9 43000
 1990 3 1 1061.57
 1990 3 2 462.097
 1990 3 3 279.78
 1990 3 4 269.108
 1990 3 5 71.303
 1990 5 2 163.659
 1991 1 0 2.3866e+06
 1991 1 1 2.1389e+06
 1991 1 2 1.1328e+06
 1991 1 3 556700
 1991 1 4 548900
 1991 1 5 501200
 1991 1 6 205300
 1991 1 7 39300
 1991 1 8 25600
 1991 1 9 13000
 1991 2 2 2.634e+06
 1991 2 3 1.7e+06
 1991 2 4 1.959e+06
 1991 2 5 1.849e+06
 1991 2 6 644000
 1991 2 7 228000
 1991 2 8 94000
 1991 2 9 51000
 1991 3 1 1286.75
 1991 3 2 693.02
 1991 3 3 258.604
 1991 3 4 221.523
 1991 3 5 146.096
 1991 5 2 87.107
 1992 1 0 1.03313e+07
 1992 1 1 2.3031e+06
 1992 1 2 1.2849e+06
 1992 1 3 442700
 1992 1 4 361500
 1992 1 5 360500
 1992 1 6 375600
 1992 1 7 152400
 1992 1 8 39200
 1992 1 9 23300
 1992 2 2 3.734e+06
 1992 2 3 1.378e+06
 1992 2 4 1.147e+06
 1992 2 5 1.134e+06
 1992 2 6 1.246e+06
 1992 2 7 395000
 1992 2 8 114000
 1992 2 9 104000
 1992 3 1 1268.14
 1992 3 2 436.563
 1992 3 3 193.085
 1992 3 4 54.81
 1992 3 5 92.268
 1992 4 0 200.7
 1992 5 2 40.277
 1993 1 0 1.02654e+07
 1993 1 1 3.8268e+06
 1993 1 2 1.1763e+06
 1993 1 3 609000
 1993 1 4 305500
 1993 1 5 215600
 1993 1 6 226000
 1993 1 7 188000
 1993 1 8 87300
 1993 1 9 41700
 1993 2 2 2.984e+06
 1993 2 3 1.637e+06
 1993 2 4 902000
 1993 2 5 741000
 1993 2 6 777000
 1993 2 7 551000
 1993 2 8 180000
 1993 2 9 116000
 1993 3 1 2794.01
 1993 3 2 787.421
 1993 3 3 222.585
 1993 3 4 45.042
 1993 3 5 65.534
 1993 4 0 190.1
 1993 5 2 28.52
 1994 1 0 4.4989e+06
 1994 1 1 1.7852e+06
 1994 1 2 1.7832e+06
 1994 1 3 489100
 1994 1 4 347600
 1994 1 5 109000
 1994 1 6 91800
 1994 1 7 76400
 1994 1 8 70000
 1994 1 9 46600
 1994 2 2 3.185e+06
 1994 2 3 839000
 1994 2 4 399000
 1994 2 5 381000
 1994 2 6 321000
 1994 2 7 326000
 1994 2 8 219000
 1994 2 9 131000
 1994 3 1 1752.05
 1994 3 2 1167.22
 1994 3 3 213.059
 1994 3 4 69.004
 1994 3 5 42.503
 1994 4 0 101.7
 1994 5 2 19.823
 1995 1 0 7.43847e+06
 1995 1 1 1.66487e+06
 1995 1 2 1.44406e+06
 1995 1 3 816703
 1995 1 4 231794
 1995 1 5 118536
 1995 1 6 55128
 1995 1 7 41409
 1995 1 8 68955
 1995 1 9 29245
 1995 2 2 3.849e+06
 1995 2 3 2.041e+06
 1995 2 4 672000
 1995 2 5 299000
 1995 2 6 203000
 1995 2 7 138000
 1995 2 8 119000
 1995 2 9 93000
 1995 3 1 1345.75
 1995 3 2 1392.86
 1995 3 3 278.544
 1995 3 4 36.67
 1995 3 5 6.551
 1995 4 0 127
 1995 5 2 20.849
 1996 1 0 2.31123e+06
 1996 1 1 1.60639e+06
 1996 1 2 642084
 1996 1 3 525601
 1996 1 4 172099
 1996 1 5 57586
 1996 1 6 22534
 1996 1 7 9264
 1996 1 8 17195
 1996 1 9 3948
 1996 2 2 4.497e+06
 1996 2 3 2.824e+06
 1996 2 4 1.087e+06
 1996 2 5 311000
 1996 2 6 99000
 1996 2 7 83000
 1996 2 8 133000
 1996 2 9 206000
 1996 3 1 1890.87
 1996 3 2 197.522
 1996 3 3 32.875
 1996 3 4 10.193
 1996 3 5 8.079
 1996 4 0 106.5
 1996 5 2 41.395
 1997 1 0 431175
 1997 1 1 479702
 1997 1 2 687920
 1997 1 3 446909
 1997 1 4 284920
 1997 1 5 109178
 1997 1 6 31389
 1997 1 7 11832
 1997 1 8 18770
 1997 1 9 5697
 1997 2 1 9.361e+06
 1997 2 2 5.96e+06
 1997 2 3 2.935e+06
 1997 2 4 1.441e+06
 1997 2 5 601000
 1997 2 6 215000
 1997 2 7 46000
 1997 2 8 78000
 1997 2 9 159000
 1997 3 1 4404.65
 1997 3 2 506.536
 1997 3 3 162.66
 1997 3 4 30.532
 1997 3 5 19.935
 1997 4 0 148.1
 1997 5 2 53.55
 1998 1 0 259526
 1998 1 1 977680
 1998 1 2 1.2201e+06
 1998 1 3 537932
 1998 1 4 276333
 1998 1 5 175817
 1998 1 6 88927
 1998 1 7 15232
 1998 1 8 16766
 1998 1 9 3784
 1998 2 1 4.449e+06
 1998 2 2 5.747e+06
 1998 2 3 2.52e+06
 1998 2 4 1.625e+06
 1998 2 5 982000
 1998 2 6 445000
 1998 2 7 170000
 1998 2 8 45000
 1998 2 9 121000
 1998 3 1 2275.84
 1998 3 2 791.593
 1998 3 3 95.66
 1998 3 4 20.81
 1998 3 5 17.841
 1998 4 0 53.1
 1998 5 2 68.327
 1999 1 0 1.56635e+06
 1999 1 1 303520
 1999 1 2 616354
 1999 1 3 1.05872e+06
 1999 1 4 294066
 1999 1 5 135648
 1999 1 6 69299
 1999 1 7 27998
 1999 1 8 10174
 1999 1 9 2054
 1999 2 1 5.087e+06
 1999 2 2 3.078e+06
 1999 2 3 4.725e+06
 1999 2 4 1.116e+06
 1999 2 5 506000
 1999 2 6 314000
 1999 2 7 139000
 1999 2 8 54000
 1999 2 9 87000
 1999 3 1 752.862
 1999 3 2 450.623
 1999 3 3 501.325
 1999 3 4 98.179
 1999 3 5 35.566
 1999 4 0 244
 1999 5 2 56.982
 2000 1 0 1.10508e+06
 2000 1 1 1.17168e+06
 2000 1 2 622853
 2000 1 3 463170
 2000 1 4 646814
 2000 1 5 213466
 2000 1 6 82481
 2000 1 7 35706
 2000 1 8 14624
 2000 1 9 2463
 2000 2 1 2.4736e+07
 2000 2 2 2.923e+06
 2000 2 3 2.156e+06
 2000 2 4 3.14e+06
 2000 2 5 1.007e+06
 2000 2 6 483000
 2000 2 7 266000
 2000 2 8 120000
 2000 2 9 97000
 2000 3 1 3725.13
 2000 3 2 199.374
 2000 3 3 154.691
 2000 3 4 58.838
 2000 3 5 8.952
 2000 4 0 137.1
 2000 5 2 38.038
 2001 1 0 1.83269e+06
 2001 1 1 614469
 2001 1 2 842635
 2001 1 3 485628
 2001 1 4 278884
 2001 1 5 321743
 2001 1 6 90918
 2001 1 7 38252
 2001 1 8 17910
 2001 1 9 2692
 2001 2 1 6.837e+06
 2001 2 2 1.229e+07
 2001 2 3 3.083e+06
 2001 2 4 1.462e+06
 2001 2 5 1.676e+06
 2001 2 6 450000
 2001 2 7 170000
 2001 2 8 98000
 2001 2 9 59000
 2001 3 1 2499.39
 2001 3 2 1129.31
 2001 3 3 317.069
 2001 3 4 93.886
 2001 3 5 68.284
 2001 4 0 214.8
 2001 5 2 123.398
 2002 1 0 730279
 2002 1 1 837557
 2002 1 2 579592
 2002 1 3 970577
 2002 1 4 292205
 2002 1 5 140701
 2002 1 6 174570
 2002 1 7 48908
 2002 1 8 34620
 2002 1 9 8702
 2002 2 1 2.3055e+07
 2002 2 2 4.875e+06
 2002 2 3 8.22e+06
 2002 2 4 1.39e+06
 2002 2 5 794600
 2002 2 6 1.031e+06
 2002 2 7 244400
 2002 2 8 121000
 2002 2 9 149500
 2002 3 1 4064.83
 2002 3 2 658.154
 2002 3 3 338.153
 2002 3 4 25.048
 2002 3 5 19.936
 2002 4 0 161.8
 2002 5 2 104.674
 2003 1 0 369074
 2003 1 1 617021
 2003 1 2 1.22199e+06
 2003 1 3 529386
 2003 1 4 835552
 2003 1 5 244780
 2003 1 6 107751
 2003 1 7 123291
 2003 1 8 37671
 2003 1 9 9044
 2003 2 1 9.8294e+06
 2003 2 2 1.89494e+07
 2003 2 3 3.081e+06
 2003 2 4 4.1889e+06
 2003 2 5 675100
 2003 2 6 494800
 2003 2 7 568300
 2003 2 8 145500
 2003 2 9 177700
 2003 3 1 2765.06
 2003 3 2 1556.08
 2003 3 3 611.89
 2003 3 4 359.989
 2003 3 5 53.166
 2003 4 0 54.4
 2003 5 2 253.943
 2004 1 0 715597
 2004 1 1 206648
 2004 1 2 447918
 2004 1 3 1.36616e+06
 2004 1 4 543376
 2004 1 5 753231
 2004 1 6 169324
 2004 1 7 104945
 2004 1 8 65341
 2004 1 9 31801
 2004 2 1 5.1837e+06
 2004 2 2 3.4159e+06
 2004 2 3 9.1918e+06
 2004 2 4 2.1673e+06
 2004 2 5 2.5907e+06
 2004 2 6 317100
 2004 2 7 327600
 2004 2 8 342050
 2004 2 9 185600
 2004 3 1 979.036
 2004 3 2 451.015
 2004 3 3 777.324
 2004 3 4 112.374
 2004 3 5 171.231
 2004 4 0 47.3
 2004 5 2 307.772
 2005 1 0 1.01555e+06
 2005 1 1 715547
 2005 1 2 355453
 2005 1 3 485746
 2005 1 4 1.31865e+06
 2005 1 5 479961
 2005 1 6 576154
 2005 1 7 115212
 2005 1 8 88311
 2005 1 9 58497
 2005 2 1 3.1141e+06
 2005 2 2 2.0551e+06
 2005 2 3 3.6485e+06
 2005 2 4 5.7896e+06
 2005 2 5 1.2129e+06
 2005 2 6 1.1749e+06
 2005 2 7 139900
 2005 2 8 126500
 2005 2 9 106700
 2005 3 1 1001.59
 2005 3 2 214.191
 2005 3 3 356.007
 2005 3 4 388.922
 2005 3 5 131.481
 2005 4 0 61.3
 2005 5 2 183.443
 2006 1 0 878637
 2006 1 1 222111
 2006 1 2 401087
 2006 1 3 310602
 2006 1 4 464620
 2006 1 5 997782
 2006 1 6 252150
 2006 1 7 247042
 2006 1 8 63035
 2006 1 9 43377
 2006 2 1 6.8228e+06
 2006 2 2 3.7723e+06
 2006 2 3 1.9972e+06
 2006 2 4 2.0975e+06
 2006 2 5 4.1751e+06
 2006 2 6 618200
 2006 2 7 562100
 2006 2 8 84300
 2006 2 9 70400
 2006 3 1 921.995
 2006 3 2 1464.32
 2006 3 3 330.037
 2006 3 4 251.689
 2006 3 5 338.811
 2006 4 0 83.1
 2006 5 2 113.057
 2007 1 0 621005
 2007 1 1 235553
 2007 1 2 219115
 2007 1 3 417452
 2007 1 4 285746
 2007 1 5 309454
 2007 1 6 629187
 2007 1 7 147830
 2007 1 8 133388
 2007 1 9 23362
 2007 2 1 6.261e+06
 2007 2 2 2.75e+06
 2007 2 3 1.848e+06
 2007 2 4 898000
 2007 2 5 806000
 2007 2 6 1.323e+06
 2007 2 7 243000
 2007 2 8 152000
 2007 2 9 65000
 2007 3 1 1321.01
 2007 3 2 50.033
 2007 3 3 18.25
 2007 3 4 7.937
 2007 3 5 41.284
 2007 4 0 37.2
 2007 5 2 163.456
 2008 1 0 798284
 2008 1 1 235022
 2008 1 2 331772
 2008 1 3 184771
 2008 1 4 199069
 2008 1 5 137529
 2008 1 6 118349
 2008 1 7 215542
 2008 1 8 74339
 2008 1 9 42919
 2008 2 1 3.714e+06
 2008 2 2 2.853e+06
 2008 2 3 1.709e+06
 2008 2 4 1.485e+06
 2008 2 5 809000
 2008 2 6 712000
 2008 2 7 1.749e+06
 2008 2 8 185000
 2008 2 9 270000
 2008 3 1 1815.86
 2008 3 2 232.906
 2008 3 3 146.192
 2008 3 4 202.1
 2008 3 5 232.335
 2008 4 0 27.8
 2008 5 2 181.327
 2009 1 0 650043
 2009 1 1 175923
 2009 1 2 259434
 2009 1 3 106738
 2009 1 4 93321
 2009 1 5 86137
 2009 1 6 37951
 2009 1 7 53130
 2009 1 8 110394
 2009 1 9 32737
 2009 2 1 4.655e+06
 2009 2 2 5.632e+06
 2009 2 3 2.553e+06
 2009 2 4 1.023e+06
 2009 2 5 1.077e+06
 2009 2 6 674000
 2009 2 7 638000
 2009 2 8 1.142e+06
 2009 2 9 578000
 2009 3 1 2344.16
 2009 3 2 136.269
 2009 3 3 21.459
 2009 3 4 11.223
 2009 3 5 46.427
 2009 4 0 95.8
 2009 5 2 477.868
 2010 3 1 1201.52
 2010 3 2 49.555
 2010 3 3 34.853
 2010 3 4 45.944
 2010 3 5 89.938
 2010 4 0 77.1

line 105, file ssass.cpp, logObs =
 12.1787 14.6879 13.9486 14.4919 12.0191 12.0299 11.6343 11.7424 11.7645 11.8636 14.0539 12.7249 14.4518 13.0813 14.1911 11.728 11.9697 11.0252 10.9331 11.3794 11.8622 14.5795 12.5047 13.5891 12.7222 13.8941 11.7512 11.8852 11.3656 11.3714 13.0009 14.0484 14.9011 12.085 11.9722 11.2973 12.3445 10.0168 10.6454 10.8396 13.1161 14.9046 14.2522 14.6234 11.9077 11.9117 11.4616 12.4541 10.1773 10.963 11.9646 14.9816 14.6119 14.0966 14.5282 11.8852 11.931 11.675 12.9312 11.2696 12.8333 14.1398 14.7593 13.516 13.0172 13.6988 10.7211 11.0791 11.4669 12.3729 13.3776 14.3309 13.9738 14.1264 12.8253 12.6042 12.8818 11.1258 11.3096 12.0599 13.6403 14.7013 14.4006 14.2172 13.3397 11.9646 11.8845 12.004 9.52515 11.4274 11.6263 14.7331 14.4484 12.5991 11.7989 12.159 10.8178 10.662 10.2183 10.1306 13.708 13.9947 14.5101 13.6918 11.7377 10.8258 11.0186 8.97462 9.39266 9.40919 13.4357 15.2922 13.9525 13.4038 12.2467 10.1999 10.3255 10.1962 4.60517 9.42545 13.5284 15.0217 14.1805 12.7478 11.7799 10.4012 8.51719 5.29832 7.00307 5.99146 12.5756 14.6776 14.1113 13.3988 11.9197 10.9904 10.3288 8.21609 7.24423 6.39693 2.54866 13.8116 13.6484 13.5575 12.7994 11.744 10.9349 10.0123 8.51719 7.6009 7.00307 2.03614 12.4829 14.7159 13.2025 12.4669 11.853 10.9543 9.68657 9.11603 8.13153 7.24423 1.00686 12.3809 11.7488 13.7118 11.6725 10.859 10.4487 8.71604 8.38936 6.90776 5.99146 0.884594 12.4561 11.8796 10.7077 12.1357 9.2873 8.85367 8.31874 7.31322 6.55108 1.79159 11.7753 12.0353 8.49699 8.64822 8.51719 5.70378 5.29832 5.29832 5.29832 5.70378 1.97186 13.203 11.9779 10.4371 9.21034 9.22029 7.64969 5.29832 6.68461 6.39693 4.60517 2.62785 14.0488 12.4094 11.8056 11.4274 10.3797 9.98507 7.74066 7.24423 5.99146 4.60517 2.23345 16.0689 13.6785 12.5578 10.9491 10.5841 10.2577 10.0301 9.83628 8.6125 7.00307 2.61769 16.2968 13.9256 12.6095 12.3463 10.4253 9.57498 8.82468 8.96188 8.18869 7.00307 2.99473 16.403 14.711 13.26 12.2849 11.5627 10.1735 10.0345 9.4572 9.30565 9.40096 3.24528 15.7576 14.4135 13.952 12.9977 12.2135 11.3034 10.0257 10.1346 9.3147 9.83092 7.32358 5.08438 4.11787 3.29168 2.32611 3.83294 15.2532 14.9951 14.0979 13.9831 12.8172 11.7321 10.6828 9.91344 9.48037 9.68657 7.6484 6.58153 5.64187 3.73976 3.3301 4.25703 15.1305 15.3844 14.0519 13.6421 13.0517 11.7738 11.0365 9.92818 9.51783 9.60238 7.88714 6.66201 5.62051 4.36954 3.33492 3.60289 15.9232 15.7378 14.575 13.4119 13.0543 12.4123 11.2212 10.0774 8.9872 9.01189 8.21418 6.82171 4.7563 4.08347 3.88697 4.17331 14.9676 15.8782 14.6186 13.9023 12.8576 12.4522 11.7606 10.5453 9.63561 9.04782 8.38803 8.33408 6.67397 4.0597 3.22103 4.85765 14.9332 14.9616 14.2816 14.1258 13.6039 12.2634 11.7256 11.0186 9.87817 9.07108 15.2241 15.1773 14.3059 13.1062 12.5532 11.6952 10.6919 9.9988 7.7543 6.77461 5.82457 4.49291 2.1423 4.83967 14.08 14.9208 13.7094 13.5659 13.6658 12.8675 11.2923 10.9041 10.2681 9.38429 15.0112 15.0743 15.0434 14.1274 12.879 12.2549 11.7981 10.669 6.96751 6.13577 5.634 5.59511 4.26694 5.09778 14.6854 14.5758 13.9402 13.2298 13.2157 13.1248 12.2322 10.579 10.1503 9.4727 14.784 14.3461 14.4879 14.4302 13.3755 12.3371 11.4511 10.8396 7.15987 6.54106 5.5553 5.40053 4.98426 4.46714 16.1507 14.6498 14.0662 13.0006 12.798 12.7952 12.8363 11.9343 10.5764 10.0562 15.133 14.1361 13.9527 13.9413 14.0354 12.8866 11.644 11.5521 7.14531 6.07893 5.26313 4.00387 4.5247 5.30181 3.69578 16.1443 15.1575 13.9779 13.3196 12.6297 12.2812 12.3283 12.1442 11.3771 10.6383 14.9088 14.3084 13.7124 13.5158 13.5632 13.2195 12.1007 11.6613 7.93523 6.66876 5.40531 3.8076 4.18257 5.24755 3.35061 15.3193 14.395 14.3939 13.1003 12.7588 11.5991 11.4274 11.2437 11.1563 10.7494 14.974 13.64 12.8967 12.8506 12.6792 12.6947 12.2968 11.783 7.46854 7.06238 5.36157 4.23416 3.74957 4.62203 2.98684 15.8222 14.3253 14.183 13.613 12.3536 11.683 10.9174 10.6313 11.1412 10.2835 15.1633 14.529 13.418 12.6082 12.221 11.835 11.6869 11.4404 7.20471 7.23911 5.62958 3.60196 1.87962 4.84419 3.03731 14.6533 14.2895 13.3725 13.1723 12.0558 10.961 10.0228 9.13389 9.75237 8.28096 15.3189 14.8537 13.8989 12.6475 11.5029 11.3266 11.7981 12.2356 7.54479 5.28585 3.49271 2.3217 2.08927 4.66814 3.72316 12.9743 13.0809 13.4414 13.0101 12.56 11.6007 10.3542 9.37856 9.84002 8.64769 16.0521 15.6006 14.8922 14.1808 13.3064 12.2784 10.7364 11.2645 11.9767 8.39042 6.2276 5.09166 3.41878 2.99248 4.99789 3.98062 12.4666 13.7929 14.0144 13.1955 12.5294 12.0772 11.3956 9.63115 9.72711 8.23854 15.3082 15.5642 14.7398 14.301 13.7973 13.0058 12.0436 10.7144 11.7035 7.73011 6.67405 4.5608 3.03543 2.8815 3.97218 4.22431 14.2643 12.6232 13.3316 13.8726 12.5916 11.8178 11.1462 10.2399 9.22759 7.62754 15.4422 14.9398 15.3684 13.9253 13.1343 12.6571 11.8422 10.8967 11.3737 6.62388 6.11063 6.21725 4.58679 3.57139 5.49717 4.04274 13.9154 13.9739 13.3421 13.0458 13.3798 12.2712 11.3203 10.4831 9.59042 7.80914 17.0238 14.8881 14.5838 14.9597 13.8225 13.0878 12.4913 11.6952 11.4825 8.22286 5.29518 5.04143 4.07479 2.19188 4.92071 3.63859 14.4213 13.3285 13.6443 13.0932 12.5386 12.6815 11.4177 10.552 9.79311 7.89804 15.7379 16.3243 14.9414 14.1953 14.3319 13.017 12.0436 11.4927 10.9853 7.8238 7.02936 5.75912 4.54208 4.22368 5.36971 4.81541 13.5012 13.6382 13.2701 13.7856 12.5852 11.8544 12.0701 10.7977 10.4522 9.07131 16.9534 15.3996 15.9221 14.1448 13.5856 13.846 12.4066 11.7035 11.9151 8.31013 6.48944 5.8235 3.22079 2.99253 5.08636 4.65085 12.8188 13.3327 14.016 13.1795 13.6358 12.4081 11.5876 11.7223 10.5366 9.10986 16.1009 16.7573 14.9408 15.2479 13.4226 13.1119 13.2504 11.8879 12.0879 7.92482 7.34993 6.41655 5.88607 3.97342 3.99636 5.53711 13.4809 12.2388 13.0124 14.1275 13.2056 13.5321 12.0396 11.5612 11.0874 10.3673 15.461 15.044 16.0338 14.589 14.7674 12.667 12.6995 12.7427 12.1313 6.88657 6.1115 6.65586 4.72183 5.14301 3.85651 5.72936 13.8309 13.4808 12.7811 13.0934 14.0921 13.0815 13.2641 11.6545 11.3886 10.9767 14.9515 14.5358 15.1098 15.5716 14.0085 13.9767 11.8487 11.748 11.5778 6.90934 5.36687 5.87495 5.96338 4.87886 4.11578 5.2119 13.6861 12.3109 12.9019 12.6463 13.049 13.8133 12.4378 12.4173 11.0514 10.6777 15.7358 15.1432 14.5073 14.5563 15.2446 13.3346 13.2394 11.3421 11.1619 6.82654 7.28915 5.7992 5.52819 5.82544 4.42004 4.72789 13.3391 12.3697 12.2974 12.9419 12.5629 12.6426 13.3522 11.9038 11.801 10.0589 15.6499 14.8271 14.4296 13.7079 13.5998 14.0954 12.4008 11.9316 11.0821 7.18615 3.91268 2.90417 2.07154 3.72048 3.61631 5.09654 13.5902 12.3674 12.7122 12.1269 12.2014 11.8316 11.6814 12.2809 11.2164 10.6671 15.1276 14.8639 14.3514 14.2109 13.6036 13.4758 14.3746 12.1281 12.5062 7.50431 5.45063 4.98492 5.30876 5.44818 3.32504 5.2003 13.3848 12.0778 12.4663 11.5781 11.4438 11.3637 10.5441 10.8805 11.6118 10.3963 15.3535 15.544 14.7528 13.8383 13.8897 13.421 13.3661 13.9483 13.2673 7.75968 4.91463 3.06614 2.41797 3.83788 4.56226 6.16933 7.09134 3.90308 3.55114 3.82742 4.49912 4.3451

line 107, file ssass.cpp, minAgeObs =
0

line 109, file ssass.cpp, maxAgeObs =
9

line 111, file ssass.cpp, propMature =
 0 0 1 1 1 1 1 1 1 1
 0 0 1 1 1 1 1 1 1 1
 0 0 1 1 1 1 1 1 1 1
 0 0 1 1 1 1 1 1 1 1
 0 0 1 1 1 1 1 1 1 1
 0 0 1 1 1 1 1 1 1 1
 0 0 1 1 1 1 1 1 1 1
 0 0 1 1 1 1 1 1 1 1
 0 0 1 1 1 1 1 1 1 1
 0 0 1 1 1 1 1 1 1 1
 0 0 1 1 1 1 1 1 1 1
 0 0 1 1 1 1 1 1 1 1
 0 0 0.82 1 1 1 1 1 1 1
 0 0 0.82 1 1 1 1 1 1 1
 0 0 0.82 1 1 1 1 1 1 1
 0 0 0.82 1 1 1 1 1 1 1
 0 0 0.82 1 1 1 1 1 1 1
 0 0 0.82 1 1 1 1 1 1 1
 0 0 0.82 1 1 1 1 1 1 1
 0 0 0.82 1 1 1 1 1 1 1
 0 0 0.82 1 1 1 1 1 1 1
 0 0 0.82 1 1 1 1 1 1 1
 0 0 0.82 1 1 1 1 1 1 1
 0 0 0.82 1 1 1 1 1 1 1
 0 0 0.82 1 1 1 1 1 1 1
 0 0 0.7 1 1 1 1 1 1 1
 0 0 0.75 1 1 1 1 1 1 1
 0 0 0.8 1 1 1 1 1 1 1
 0 0 0.85 0.93 1 1 1 1 1 1
 0 0 0.82 0.94 1 1 1 1 1 1
 0 0 0.91 0.97 1 1 1 1 1 1
 0 0 0.86 0.99 1 1 1 1 1 1
 0 0 0.5 0.99 1 1 1 1 1 1
 0 0 0.47 0.61 1 1 1 1 1 1
 0 0 0.73 0.93 1 1 1 1 1 1
 0 0 0.67 0.95 1 1 1 1 1 1
 0 0 0.61 0.98 1 1 1 1 1 1
 0 0 0.64 0.94 1 1 1 1 1 1
 0 0 0.64 0.89 1 1 1 1 1 1
 0 0 0.69 0.91 1 1 1 1 1 1
 0 0 0.67 0.96 1 1 1 1 1 1
 0 0 0.77 0.92 1 1 1 1 1 1
 0 0 0.87 0.97 1 1 1 1 1 1
 0 0 0.43 0.93 1 1 1 1 1 1
 0 0 0.7 0.65 1 1 1 1 1 1
 0 0 0.76 0.96 0.96 1 1 1 1 1
 0 0 0.66 0.88 0.98 1 1 1 1 1
 0 0 0.71 0.92 0.93 1 1 1 1 1
 0 0 0.86 0.98 0.99 1 1 1 1 1
 0 0 0.89 1 1 1 1 1 1 1
 0 0 0.89 1 1 1 1 1 1 1

line 113, file ssass.cpp, stockMeanWeight =
 0.015 0.05 0.155 0.187 0.223 0.239 0.276 0.299 0.306 0.312
 0.015 0.05 0.155 0.187 0.223 0.239 0.276 0.299 0.306 0.312
 0.015 0.05 0.155 0.187 0.223 0.239 0.276 0.299 0.306 0.312
 0.015 0.05 0.155 0.187 0.223 0.239 0.276 0.299 0.306 0.312
 0.015 0.05 0.155 0.187 0.223 0.239 0.276 0.299 0.306 0.312
 0.015 0.05 0.155 0.187 0.223 0.239 0.276 0.299 0.306 0.312
 0.015 0.05 0.155 0.187 0.223 0.239 0.276 0.299 0.306 0.312
 0.015 0.05 0.155 0.187 0.223 0.239 0.276 0.299 0.306 0.312
 0.015 0.05 0.155 0.187 0.223 0.239 0.276 0.299 0.306 0.312
 0.015 0.05 0.155 0.187 0.223 0.239 0.276 0.299 0.306 0.312
 0.015 0.05 0.155 0.187 0.223 0.239 0.276 0.299 0.306 0.312
 0.015 0.05 0.155 0.187 0.223 0.239 0.276 0.299 0.306 0.312
 0.015 0.05 0.155 0.187 0.223 0.239 0.276 0.299 0.306 0.312
 0.015 0.05 0.155 0.187 0.223 0.239 0.276 0.299 0.306 0.312
 0.015 0.05 0.155 0.187 0.223 0.239 0.276 0.299 0.306 0.312
 0.015 0.05 0.155 0.187 0.223 0.239 0.276 0.299 0.306 0.312
 0.015 0.05 0.155 0.187 0.223 0.239 0.276 0.299 0.306 0.312
 0.015 0.05 0.155 0.187 0.223 0.239 0.276 0.299 0.306 0.312
 0.015 0.05 0.155 0.187 0.223 0.239 0.276 0.299 0.306 0.312
 0.015 0.05 0.155 0.187 0.223 0.239 0.276 0.299 0.306 0.312
 0.015 0.05 0.155 0.187 0.223 0.239 0.276 0.299 0.306 0.312
 0.015 0.05 0.155 0.187 0.223 0.239 0.276 0.299 0.306 0.312
 0.015 0.05 0.155 0.187 0.223 0.239 0.276 0.299 0.306 0.312
 0.017 0.057 0.15 0.19 0.23 0.243 0.282 0.311 0.338 0.347
 0.016 0.056 0.138 0.187 0.232 0.247 0.275 0.321 0.341 0.365
 0.014 0.061 0.13 0.183 0.232 0.252 0.273 0.315 0.331 0.392
 0.009 0.05 0.122 0.17 0.212 0.23 0.242 0.275 0.268 0.343
 0.008 0.048 0.123 0.166 0.208 0.229 0.248 0.259 0.263 0.325
 0.009 0.044 0.122 0.165 0.205 0.228 0.252 0.261 0.277 0.315
 0.012 0.052 0.126 0.174 0.212 0.244 0.271 0.284 0.298 0.331
 0.011 0.059 0.139 0.184 0.212 0.239 0.265 0.28 0.3 0.328
 0.01 0.064 0.137 0.194 0.214 0.234 0.253 0.272 0.291 0.312
 0.006 0.061 0.134 0.184 0.213 0.234 0.262 0.273 0.302 0.32
 0.007 0.06 0.126 0.192 0.214 0.24 0.275 0.291 0.309 0.337
 0.006 0.057 0.129 0.186 0.211 0.224 0.268 0.293 0.318 0.345
 0.006 0.054 0.13 0.199 0.227 0.234 0.274 0.301 0.323 0.343
 0.005 0.049 0.123 0.183 0.23 0.237 0.257 0.28 0.303 0.334
 0.006 0.047 0.116 0.187 0.241 0.264 0.284 0.287 0.301 0.342
 0.006 0.051 0.116 0.179 0.226 0.256 0.273 0.276 0.27 0.318
 0.006 0.051 0.116 0.184 0.221 0.248 0.279 0.286 0.281 0.303
 0.006 0.051 0.122 0.172 0.21 0.233 0.255 0.275 0.274 0.28
 0.006 0.047 0.128 0.172 0.205 0.228 0.248 0.27 0.289 0.275
 0.007 0.047 0.123 0.173 0.202 0.222 0.242 0.266 0.285 0.283
 0.007 0.042 0.119 0.165 0.203 0.223 0.248 0.268 0.283 0.275
 0.006 0.041 0.118 0.164 0.198 0.225 0.248 0.265 0.281 0.291
 0.007 0.041 0.126 0.155 0.191 0.216 0.242 0.252 0.266 0.277
 0.006 0.051 0.128 0.161 0.18 0.207 0.224 0.238 0.255 0.264
 0.008 0.055 0.125 0.156 0.18 0.196 0.212 0.23 0.245 0.249
 0.008 0.058 0.13 0.164 0.181 0.195 0.218 0.226 0.253 0.26
 0.007 0.061 0.137 0.181 0.197 0.21 0.223 0.234 0.255 0.259
 0.007 0.061 0.137 0.181 0.197 0.21 0.223 0.234 0.255 0.259

line 115, file ssass.cpp, catchMeanWeight =
 0.015 0.05 0.155 0.187 0.223 0.239 0.276 0.299 0.306 0.312
 0.015 0.05 0.155 0.187 0.223 0.239 0.276 0.299 0.306 0.312
 0.015 0.05 0.155 0.187 0.223 0.239 0.276 0.299 0.306 0.312
 0.015 0.05 0.155 0.187 0.223 0.239 0.276 0.299 0.306 0.312
 0.015 0.05 0.155 0.187 0.223 0.239 0.276 0.299 0.306 0.312
 0.015 0.05 0.155 0.187 0.223 0.239 0.276 0.299 0.306 0.312
 0.015 0.05 0.155 0.187 0.223 0.239 0.276 0.299 0.306 0.312
 0.015 0.05 0.155 0.187 0.223 0.239 0.276 0.299 0.306 0.312
 0.015 0.05 0.155 0.187 0.223 0.239 0.276 0.299 0.306 0.312
 0.015 0.05 0.155 0.187 0.223 0.239 0.276 0.299 0.306 0.312
 0.015 0.05 0.155 0.187 0.223 0.239 0.276 0.299 0.306 0.312
 0.015 0.05 0.155 0.187 0.223 0.239 0.276 0.299 0.306 0.312
 0.015 0.05 0.155 0.187 0.223 0.239 0.276 0.299 0.306 0.312
 0.015 0.05 0.155 0.187 0.223 0.239 0.276 0.299 0.306 0.312
 0.015 0.05 0.155 0.187 0.223 0.239 0.276 0.299 0.306 0.312
 0.015 0.05 0.155 0.187 0.223 0.239 0.276 0.299 0.306 0.312
 0.015 0.05 0.155 0.187 0.223 0.239 0.276 0.299 0.306 0.312
 0.015 0.05 0.155 0.187 0.223 0.239 0.276 0.299 0.306 0.312
 0.015 0.05 0.155 0.187 0.223 0.239 0.276 0.299 0.306 0.312
 0.015 0.05 0.155 0.187 0.223 0.239 0.276 0.299 0.306 0.312
 0.015 0.05 0.155 0.187 0.223 0.239 0.276 0.299 0.306 0.312
 0.015 0.05 0.155 0.187 0.223 0.239 0.276 0.299 0.306 0.312
 0.015 0.05 0.155 0.187 0.223 0.239 0.276 0.299 0.306 0.312
 0.017 0.057 0.15 0.19 0.23 0.243 0.282 0.311 0.338 0.347
 0.016 0.056 0.138 0.187 0.232 0.247 0.275 0.321 0.341 0.365
 0.014 0.061 0.13 0.183 0.232 0.252 0.273 0.315 0.331 0.392
 0.009 0.05 0.122 0.17 0.212 0.23 0.242 0.275 0.268 0.343
 0.008 0.048 0.123 0.166 0.208 0.229 0.248 0.259 0.263 0.325
 0.009 0.044 0.122 0.165 0.205 0.228 0.252 0.261 0.277 0.315
 0.012 0.052 0.126 0.174 0.212 0.244 0.271 0.284 0.298 0.331
 0.011 0.059 0.139 0.184 0.212 0.239 0.265 0.28 0.3 0.328
 0.01 0.064 0.137 0.194 0.214 0.234 0.253 0.272 0.291 0.312
 0.006 0.061 0.134 0.184 0.213 0.234 0.262 0.273 0.302 0.32
 0.007 0.06 0.126 0.192 0.214 0.24 0.275 0.291 0.309 0.337
 0.006 0.057 0.129 0.186 0.211 0.224 0.268 0.293 0.318 0.345
 0.006 0.054 0.13 0.199 0.227 0.234 0.274 0.301 0.323 0.343
 0.005 0.049 0.123 0.183 0.23 0.237 0.257 0.28 0.303 0.334
 0.006 0.047 0.116 0.187 0.241 0.264 0.284 0.287 0.301 0.342
 0.006 0.051 0.116 0.179 0.226 0.256 0.273 0.276 0.27 0.318
 0.006 0.051 0.116 0.184 0.221 0.248 0.279 0.286 0.281 0.303
 0.006 0.051 0.122 0.172 0.21 0.233 0.255 0.275 0.274 0.28
 0.006 0.047 0.128 0.172 0.205 0.228 0.248 0.27 0.289 0.275
 0.007 0.047 0.123 0.173 0.202 0.222 0.242 0.266 0.285 0.283
 0.007 0.042 0.119 0.165 0.203 0.223 0.248 0.268 0.283 0.275
 0.006 0.041 0.118 0.164 0.198 0.225 0.248 0.265 0.281 0.291
 0.007 0.041 0.126 0.155 0.191 0.216 0.242 0.252 0.266 0.277
 0.006 0.051 0.128 0.161 0.18 0.207 0.224 0.238 0.255 0.264
 0.008 0.055 0.125 0.156 0.18 0.196 0.212 0.23 0.245 0.249
 0.008 0.058 0.13 0.164 0.181 0.195 0.218 0.226 0.253 0.26
 0.007 0.061 0.137 0.181 0.197 0.21 0.223 0.234 0.255 0.259
 0.007 0.061 0.137 0.181 0.197 0.21 0.223 0.234 0.255 0.259

line 117, file ssass.cpp, natMor =
 1 1 0.3 0.2 0.1 0.1 0.1 0.1 0.1 0.1
 1 1 0.3 0.2 0.1 0.1 0.1 0.1 0.1 0.1
 1 1 0.3 0.2 0.1 0.1 0.1 0.1 0.1 0.1
 1 1 0.3 0.2 0.1 0.1 0.1 0.1 0.1 0.1
 1 1 0.3 0.2 0.1 0.1 0.1 0.1 0.1 0.1
 1 1 0.3 0.2 0.1 0.1 0.1 0.1 0.1 0.1
 1 1 0.3 0.2 0.1 0.1 0.1 0.1 0.1 0.1
 1 1 0.3 0.2 0.1 0.1 0.1 0.1 0.1 0.1
 1 1 0.3 0.2 0.1 0.1 0.1 0.1 0.1 0.1
 1 1 0.3 0.2 0.1 0.1 0.1 0.1 0.1 0.1
 1 1 0.3 0.2 0.1 0.1 0.1 0.1 0.1 0.1
 1 1 0.3 0.2 0.1 0.1 0.1 0.1 0.1 0.1
 1 1 0.3 0.2 0.1 0.1 0.1 0.1 0.1 0.1
 1 1 0.3 0.2 0.1 0.1 0.1 0.1 0.1 0.1
 1 1 0.3 0.2 0.1 0.1 0.1 0.1 0.1 0.1
 1 1 0.3 0.2 0.1 0.1 0.1 0.1 0.1 0.1
 1 1 0.3 0.2 0.1 0.1 0.1 0.1 0.1 0.1
 1 1 0.3 0.2 0.1 0.1 0.1 0.1 0.1 0.1
 1 1 0.3 0.2 0.1 0.1 0.1 0.1 0.1 0.1
 1 1 0.3 0.2 0.1 0.1 0.1 0.1 0.1 0.1
 1 1 0.3 0.2 0.1 0.1 0.1 0.1 0.1 0.1
 1 1 0.3 0.2 0.1 0.1 0.1 0.1 0.1 0.1
 1 1 0.3 0.2 0.1 0.1 0.1 0.1 0.1 0.1
 1 1 0.3 0.2 0.1 0.1 0.1 0.1 0.1 0.1
 1 1 0.3 0.2 0.1 0.1 0.1 0.1 0.1 0.1
 1 1 0.3 0.2 0.1 0.1 0.1 0.1 0.1 0.1
 1 1 0.3 0.2 0.1 0.1 0.1 0.1 0.1 0.1
 1 1 0.3 0.2 0.1 0.1 0.1 0.1 0.1 0.1
 1 1 0.3 0.2 0.1 0.1 0.1 0.1 0.1 0.1
 1 1 0.3 0.2 0.1 0.1 0.1 0.1 0.1 0.1
 1 1 0.3 0.2 0.1 0.1 0.1 0.1 0.1 0.1
 1 1 0.3 0.2 0.1 0.1 0.1 0.1 0.1 0.1
 1 1 0.3 0.2 0.1 0.1 0.1 0.1 0.1 0.1
 1 1 0.3 0.2 0.1 0.1 0.1 0.1 0.1 0.1
 1 1 0.3 0.2 0.1 0.1 0.1 0.1 0.1 0.1
 1 1 0.3 0.2 0.1 0.1 0.1 0.1 0.1 0.1
 1 1 0.3 0.2 0.1 0.1 0.1 0.1 0.1 0.1
 1 1 0.3 0.2 0.1 0.1 0.1 0.1 0.1 0.1
 1 1 0.3 0.2 0.1 0.1 0.1 0.1 0.1 0.1
 1 1 0.3 0.2 0.1 0.1 0.1 0.1 0.1 0.1
 1 1 0.3 0.2 0.1 0.1 0.1 0.1 0.1 0.1
 1 1 0.3 0.2 0.1 0.1 0.1 0.1 0.1 0.1
 1 1 0.3 0.2 0.1 0.1 0.1 0.1 0.1 0.1
 1 1 0.3 0.2 0.1 0.1 0.1 0.1 0.1 0.1
 1 1 0.3 0.2 0.1 0.1 0.1 0.1 0.1 0.1
 1 1 0.3 0.2 0.1 0.1 0.1 0.1 0.1 0.1
 1 1 0.3 0.2 0.1 0.1 0.1 0.1 0.1 0.1
 1 1 0.3 0.2 0.1 0.1 0.1 0.1 0.1 0.1
 1 1 0.3 0.2 0.1 0.1 0.1 0.1 0.1 0.1
 1 1 0.3 0.2 0.1 0.1 0.1 0.1 0.1 0.1
 1 1 0.3 0.2 0.1 0.1 0.1 0.1 0.1 0.1

line 119, file ssass.cpp, landFrac =
 1 1 1 1 1 1 1 1 1 1
 1 1 1 1 1 1 1 1 1 1
 1 1 1 1 1 1 1 1 1 1
 1 1 1 1 1 1 1 1 1 1
 1 1 1 1 1 1 1 1 1 1
 1 1 1 1 1 1 1 1 1 1
 1 1 1 1 1 1 1 1 1 1
 1 1 1 1 1 1 1 1 1 1
 1 1 1 1 1 1 1 1 1 1
 1 1 1 1 1 1 1 1 1 1
 1 1 1 1 1 1 1 1 1 1
 1 1 1 1 1 1 1 1 1 1
 1 1 1 1 1 1 1 1 1 1
 1 1 1 1 1 1 1 1 1 1
 1 1 1 1 1 1 1 1 1 1
 1 1 1 1 1 1 1 1 1 1
 1 1 1 1 1 1 1 1 1 1
 1 1 1 1 1 1 1 1 1 1
 1 1 1 1 1 1 1 1 1 1
 1 1 1 1 1 1 1 1 1 1
 1 1 1 1 1 1 1 1 1 1
 1 1 1 1 1 1 1 1 1 1
 1 1 1 1 1 1 1 1 1 1
 1 1 1 1 1 1 1 1 1 1
 1 1 1 1 1 1 1 1 1 1
 1 1 1 1 1 1 1 1 1 1
 1 1 1 1 1 1 1 1 1 1
 1 1 1 1 1 1 1 1 1 1
 1 1 1 1 1 1 1 1 1 1
 1 1 1 1 1 1 1 1 1 1
 1 1 1 1 1 1 1 1 1 1
 1 1 1 1 1 1 1 1 1 1
 1 1 1 1 1 1 1 1 1 1
 1 1 1 1 1 1 1 1 1 1
 1 1 1 1 1 1 1 1 1 1
 1 1 1 1 1 1 1 1 1 1
 1 1 1 1 1 1 1 1 1 1
 1 1 1 1 1 1 1 1 1 1
 1 1 1 1 1 1 1 1 1 1
 1 1 1 1 1 1 1 1 1 1
 1 1 1 1 1 1 1 1 1 1
 1 1 1 1 1 1 1 1 1 1
 1 1 1 1 1 1 1 1 1 1
 1 1 1 1 1 1 1 1 1 1
 1 1 1 1 1 1 1 1 1 1
 1 1 1 1 1 1 1 1 1 1
 1 1 1 1 1 1 1 1 1 1
 1 1 1 1 1 1 1 1 1 1
 1 1 1 1 1 1 1 1 1 1
 1 1 1 1 1 1 1 1 1 1
 1 1 1 1 1 1 1 1 1 1

line 121, file ssass.cpp, Fprop =
 0.67 0.67 0.67 0.67 0.67 0.67 0.67 0.67 0.67 0.67
 0.67 0.67 0.67 0.67 0.67 0.67 0.67 0.67 0.67 0.67
 0.67 0.67 0.67 0.67 0.67 0.67 0.67 0.67 0.67 0.67
 0.67 0.67 0.67 0.67 0.67 0.67 0.67 0.67 0.67 0.67
 0.67 0.67 0.67 0.67 0.67 0.67 0.67 0.67 0.67 0.67
 0.67 0.67 0.67 0.67 0.67 0.67 0.67 0.67 0.67 0.67
 0.67 0.67 0.67 0.67 0.67 0.67 0.67 0.67 0.67 0.67
 0.67 0.67 0.67 0.67 0.67 0.67 0.67 0.67 0.67 0.67
 0.67 0.67 0.67 0.67 0.67 0.67 0.67 0.67 0.67 0.67
 0.67 0.67 0.67 0.67 0.67 0.67 0.67 0.67 0.67 0.67
 0.67 0.67 0.67 0.67 0.67 0.67 0.67 0.67 0.67 0.67
 0.67 0.67 0.67 0.67 0.67 0.67 0.67 0.67 0.67 0.67
 0.67 0.67 0.67 0.67 0.67 0.67 0.67 0.67 0.67 0.67
 0.67 0.67 0.67 0.67 0.67 0.67 0.67 0.67 0.67 0.67
 0.67 0.67 0.67 0.67 0.67 0.67 0.67 0.67 0.67 0.67
 0.67 0.67 0.67 0.67 0.67 0.67 0.67 0.67 0.67 0.67
 0.67 0.67 0.67 0.67 0.67 0.67 0.67 0.67 0.67 0.67
 0.67 0.67 0.67 0.67 0.67 0.67 0.67 0.67 0.67 0.67
 0.67 0.67 0.67 0.67 0.67 0.67 0.67 0.67 0.67 0.67
 0.67 0.67 0.67 0.67 0.67 0.67 0.67 0.67 0.67 0.67
 0.67 0.67 0.67 0.67 0.67 0.67 0.67 0.67 0.67 0.67
 0.67 0.67 0.67 0.67 0.67 0.67 0.67 0.67 0.67 0.67
 0.67 0.67 0.67 0.67 0.67 0.67 0.67 0.67 0.67 0.67
 0.67 0.67 0.67 0.67 0.67 0.67 0.67 0.67 0.67 0.67
 0.67 0.67 0.67 0.67 0.67 0.67 0.67 0.67 0.67 0.67
 0.67 0.67 0.67 0.67 0.67 0.67 0.67 0.67 0.67 0.67
 0.67 0.67 0.67 0.67 0.67 0.67 0.67 0.67 0.67 0.67
 0.67 0.67 0.67 0.67 0.67 0.67 0.67 0.67 0.67 0.67
 0.67 0.67 0.67 0.67 0.67 0.67 0.67 0.67 0.67 0.67
 0.67 0.67 0.67 0.67 0.67 0.67 0.67 0.67 0.67 0.67
 0.67 0.67 0.67 0.67 0.67 0.67 0.67 0.67 0.67 0.67
 0.67 0.67 0.67 0.67 0.67 0.67 0.67 0.67 0.67 0.67
 0.67 0.67 0.67 0.67 0.67 0.67 0.67 0.67 0.67 0.67
 0.67 0.67 0.67 0.67 0.67 0.67 0.67 0.67 0.67 0.67
 0.67 0.67 0.67 0.67 0.67 0.67 0.67 0.67 0.67 0.67
 0.67 0.67 0.67 0.67 0.67 0.67 0.67 0.67 0.67 0.67
 0.67 0.67 0.67 0.67 0.67 0.67 0.67 0.67 0.67 0.67
 0.67 0.67 0.67 0.67 0.67 0.67 0.67 0.67 0.67 0.67
 0.67 0.67 0.67 0.67 0.67 0.67 0.67 0.67 0.67 0.67
 0.67 0.67 0.67 0.67 0.67 0.67 0.67 0.67 0.67 0.67
 0.67 0.67 0.67 0.67 0.67 0.67 0.67 0.67 0.67 0.67
 0.67 0.67 0.67 0.67 0.67 0.67 0.67 0.67 0.67 0.67
 0.67 0.67 0.67 0.67 0.67 0.67 0.67 0.67 0.67 0.67
 0.67 0.67 0.67 0.67 0.67 0.67 0.67 0.67 0.67 0.67
 0.67 0.67 0.67 0.67 0.67 0.67 0.67 0.67 0.67 0.67
 0.67 0.67 0.67 0.67 0.67 0.67 0.67 0.67 0.67 0.67
 0.67 0.67 0.67 0.67 0.67 0.67 0.67 0.67 0.67 0.67
 0.67 0.67 0.67 0.67 0.67 0.67 0.67 0.67 0.67 0.67
 0.67 0.67 0.67 0.67 0.67 0.67 0.67 0.67 0.67 0.67
 0.67 0.67 0.67 0.67 0.67 0.67 0.67 0.67 0.67 0.67
 0.67 0.67 0.67 0.67 0.67 0.67 0.67 0.67 0.67 0.67

line 123, file ssass.cpp, Mprop =
 0.67 0.67 0.67 0.67 0.67 0.67 0.67 0.67 0.67 0.67
 0.67 0.67 0.67 0.67 0.67 0.67 0.67 0.67 0.67 0.67
 0.67 0.67 0.67 0.67 0.67 0.67 0.67 0.67 0.67 0.67
 0.67 0.67 0.67 0.67 0.67 0.67 0.67 0.67 0.67 0.67
 0.67 0.67 0.67 0.67 0.67 0.67 0.67 0.67 0.67 0.67
 0.67 0.67 0.67 0.67 0.67 0.67 0.67 0.67 0.67 0.67
 0.67 0.67 0.67 0.67 0.67 0.67 0.67 0.67 0.67 0.67
 0.67 0.67 0.67 0.67 0.67 0.67 0.67 0.67 0.67 0.67
 0.67 0.67 0.67 0.67 0.67 0.67 0.67 0.67 0.67 0.67
 0.67 0.67 0.67 0.67 0.67 0.67 0.67 0.67 0.67 0.67
 0.67 0.67 0.67 0.67 0.67 0.67 0.67 0.67 0.67 0.67
 0.67 0.67 0.67 0.67 0.67 0.67 0.67 0.67 0.67 0.67
 0.67 0.67 0.67 0.67 0.67 0.67 0.67 0.67 0.67 0.67
 0.67 0.67 0.67 0.67 0.67 0.67 0.67 0.67 0.67 0.67
 0.67 0.67 0.67 0.67 0.67 0.67 0.67 0.67 0.67 0.67
 0.67 0.67 0.67 0.67 0.67 0.67 0.67 0.67 0.67 0.67
 0.67 0.67 0.67 0.67 0.67 0.67 0.67 0.67 0.67 0.67
 0.67 0.67 0.67 0.67 0.67 0.67 0.67 0.67 0.67 0.67
 0.67 0.67 0.67 0.67 0.67 0.67 0.67 0.67 0.67 0.67
 0.67 0.67 0.67 0.67 0.67 0.67 0.67 0.67 0.67 0.67
 0.67 0.67 0.67 0.67 0.67 0.67 0.67 0.67 0.67 0.67
 0.67 0.67 0.67 0.67 0.67 0.67 0.67 0.67 0.67 0.67
 0.67 0.67 0.67 0.67 0.67 0.67 0.67 0.67 0.67 0.67
 0.67 0.67 0.67 0.67 0.67 0.67 0.67 0.67 0.67 0.67
 0.67 0.67 0.67 0.67 0.67 0.67 0.67 0.67 0.67 0.67
 0.67 0.67 0.67 0.67 0.67 0.67 0.67 0.67 0.67 0.67
 0.67 0.67 0.67 0.67 0.67 0.67 0.67 0.67 0.67 0.67
 0.67 0.67 0.67 0.67 0.67 0.67 0.67 0.67 0.67 0.67
 0.67 0.67 0.67 0.67 0.67 0.67 0.67 0.67 0.67 0.67
 0.67 0.67 0.67 0.67 0.67 0.67 0.67 0.67 0.67 0.67
 0.67 0.67 0.67 0.67 0.67 0.67 0.67 0.67 0.67 0.67
 0.67 0.67 0.67 0.67 0.67 0.67 0.67 0.67 0.67 0.67
 0.67 0.67 0.67 0.67 0.67 0.67 0.67 0.67 0.67 0.67
 0.67 0.67 0.67 0.67 0.67 0.67 0.67 0.67 0.67 0.67
 0.67 0.67 0.67 0.67 0.67 0.67 0.67 0.67 0.67 0.67
 0.67 0.67 0.67 0.67 0.67 0.67 0.67 0.67 0.67 0.67
 0.67 0.67 0.67 0.67 0.67 0.67 0.67 0.67 0.67 0.67
 0.67 0.67 0.67 0.67 0.67 0.67 0.67 0.67 0.67 0.67
 0.67 0.67 0.67 0.67 0.67 0.67 0.67 0.67 0.67 0.67
 0.67 0.67 0.67 0.67 0.67 0.67 0.67 0.67 0.67 0.67
 0.67 0.67 0.67 0.67 0.67 0.67 0.67 0.67 0.67 0.67
 0.67 0.67 0.67 0.67 0.67 0.67 0.67 0.67 0.67 0.67
 0.67 0.67 0.67 0.67 0.67 0.67 0.67 0.67 0.67 0.67
 0.67 0.67 0.67 0.67 0.67 0.67 0.67 0.67 0.67 0.67
 0.67 0.67 0.67 0.67 0.67 0.67 0.67 0.67 0.67 0.67
 0.67 0.67 0.67 0.67 0.67 0.67 0.67 0.67 0.67 0.67
 0.67 0.67 0.67 0.67 0.67 0.67 0.67 0.67 0.67 0.67
 0.67 0.67 0.67 0.67 0.67 0.67 0.67 0.67 0.67 0.67
 0.67 0.67 0.67 0.67 0.67 0.67 0.67 0.67 0.67 0.67
 0.67 0.67 0.67 0.67 0.67 0.67 0.67 0.67 0.67 0.67
 0.67 0.67 0.67 0.67 0.67 0.67 0.67 0.67 0.67 0.67

line 126, file ssass.cpp, minAge =
0

line 128, file ssass.cpp, maxAge =
9

line 130, file ssass.cpp, maxAgePlusGroup =
1

line 136, file ssass.cpp, keyLogFsta =
 1 2 3 4 5 6 6 6 6 6
 0 0 0 0 0 0 0 0 0 0
 0 0 0 0 0 0 0 0 0 0
 0 0 0 0 0 0 0 0 0 0
 0 0 0 0 0 0 0 0 0 0

line 138, file ssass.cpp, noLogFsta =
6

line 140, file ssass.cpp, keyLogFpar =
 0 0 0 0 0 0 0 0 0 0
 0 1 2 3 4 5 5 5 5 5
 0 6 7 8 9 10 0 0 0 0
 11 0 0 0 0 0 0 0 0 0
 0 0 0 0 0 0 0 0 0 0

line 142, file ssass.cpp, noLogFpar =
11

line 144, file ssass.cpp, keyQpow =
 0 0 0 0 0 0 0 0 0 0
 0 0 0 0 0 0 0 0 0 0
 0 0 0 0 0 0 0 0 0 0
 0 0 0 0 0 0 0 0 0 0
 0 0 0 0 0 0 0 0 0 0

line 146, file ssass.cpp, noQpow =
0

line 148, file ssass.cpp, keyVarF =
 1 1 1 1 1 1 1 1 1 1
 0 0 0 0 0 0 0 0 0 0
 0 0 0 0 0 0 0 0 0 0
 0 0 0 0 0 0 0 0 0 0
 0 0 0 0 0 0 0 0 0 0

line 150, file ssass.cpp, noVarF =
1

line 152, file ssass.cpp, keyVarLogN =
 1 2 2 2 2 2 2 2 2 2

line 154, file ssass.cpp, noVarLogN =
2

line 156, file ssass.cpp, keyVarObs =
 1 2 2 2 2 2 2 2 2 2
 0 3 3 3 3 3 3 3 3 3
 0 4 4 4 4 4 0 0 0 0
 5 0 0 0 0 0 0 0 0 0
 0 0 0 0 0 0 0 0 0 0

line 158, file ssass.cpp, noVarObs =
5

line 160, file ssass.cpp, stockRecruitmentModelCode =
0

line 162, file ssass.cpp, noScaledYears =
0

line 168, file ssass.cpp, noScaledPar =
0

line 170, file ssass.cpp, stateDim =
16

line 172, file ssass.cpp, fbarRange =
 2 6

