TABLE 7.6.3.1 Irish Sea Herring. CATCH IN NUMBER

Units  :  thousands 
   year
age  1980  1981  1982  1983 1984  1985  1986  1987  1988  1989  1990 1991  1992
  1  5840  5050  5100  1305 1168  2429  4491  2225  2607  1156  2313 1999 12145
  2 25760 15790 16030 12162 8424 10050 15266 12981 21250  6385 12835 9754  6885
  3 19510  3200  5670  5598 7237 17336  7462  6146 13343 12039  5726 6743  6744
  4  8520  2790  2150  2820 3841 13287  8550  2998  7159  4708  9697 2833  6690
  5  1980  2300   330   445 2221  7206  4528  4180  4610  1876  3598 5068  3256
  6   910   330  1110   484  380  2651  3198  2777  5084  1255  1661 1493  5122
  7   360   290   140   255  229   667  1464  2328  3232  1559  1042  719  1036
  8   230   240   380    59  479   724   877  1671  4213  1956  1615  815   392
   year
age  1993  1994  1995  1996  1997  1998  1999 2000  2001 2002 2003 2004  2005
  1   646  1970  3204  5335  9551  3069  1810 1221  2713  179  694 3225  8692
  2 14636  7002 21330 17529 21387 11879 16929 3743 11473 9021 4694 8833 13980
  3  3008 12165  3391  9761  7562  3875  5936 5873  7151 1894 3345 5405 10555
  4  3017  1826  5269  1160  7341  4450  1566 2065 13050 1866 2559 2161  3287
  5  2903  2566  1199  3603  1641  6674  1477  558  3386 2395  882  623  1422
  6  1606  2104  1154   780  2281  1030  1989  347   936  953 2945  213   415
  7  2181  1278   926   961   840  2049   444  251   650  474  872  673   292
  8   848  1991  1452  1364  1432   451   622  147   803  337  605  127   368
   year
age  2006  2007  2008 2009  2010  2011  2012  2013  2014  2015  2016  2017
  1  5669 20290  8939   NA  9588  7454  2491  3889 27377  1654  2216  2112
  2 15253 18291 18974   NA 17627 17598  9664 18916  9567 15414 19064 12844
  3  8198  4980  7487   NA  6679  8984 12247  6836  7917  4840  5992 12419
  4  6318  1655  2696   NA  6201  3982  7944  6631  1997  7376  4677  4407
  5  1325  1062  2082   NA  3200  3671  3061  2901  1759  1613  2050   609
  6   605   325  1761   NA   925  1751  3158  1472   964  4276  1421  1065
  7   262   122   328   NA   370   690  1591   625   409  1678   896   487
  8   246   111   216   NA   185   425   652   352   830  1112   759   623
   year
age  2018  2019
  1  7991 12176
  2 22903 23112
  3 15657 11083
  4 12364  6776
  5  3240  6661
  6   538  1360
  7   391   182
  8    50   194


TABLE 7.6.3.2 Irish Sea Herring. WEIGHTS AT AGE IN THE CATCH

Units  :  kg 
   year
age  1980  1981  1982  1983  1984  1985  1986  1987  1988  1989  1990  1991
  1 0.074 0.074 0.074 0.074 0.076 0.087 0.068 0.058 0.070 0.081 0.096 0.073
  2 0.155 0.155 0.155 0.155 0.142 0.125 0.143 0.130 0.124 0.128 0.140 0.123
  3 0.195 0.195 0.195 0.195 0.187 0.157 0.167 0.160 0.160 0.155 0.166 0.155
  4 0.219 0.219 0.219 0.219 0.213 0.186 0.188 0.175 0.170 0.174 0.175 0.171
  5 0.232 0.232 0.232 0.232 0.221 0.202 0.215 0.194 0.180 0.184 0.187 0.181
  6 0.251 0.251 0.251 0.251 0.243 0.209 0.228 0.210 0.198 0.195 0.195 0.190
  7 0.258 0.258 0.258 0.258 0.240 0.222 0.239 0.218 0.212 0.205 0.207 0.198
  8 0.278 0.278 0.278 0.278 0.273 0.258 0.254 0.229 0.232 0.218 0.218 0.217
   year
age  1992  1993  1994  1995  1996  1997  1998  1999  2000  2001  2002  2003
  1 0.062 0.089 0.070 0.075 0.067 0.064 0.080 0.069 0.064 0.067 0.085 0.081
  2 0.114 0.127 0.123 0.121 0.116 0.118 0.123 0.120 0.120 0.106 0.113 0.116
  3 0.140 0.157 0.153 0.146 0.148 0.146 0.148 0.145 0.148 0.139 0.144 0.136
  4 0.155 0.171 0.170 0.164 0.162 0.165 0.163 0.167 0.168 0.156 0.167 0.160
  5 0.165 0.182 0.180 0.176 0.177 0.176 0.181 0.176 0.188 0.168 0.180 0.167
  6 0.174 0.191 0.189 0.181 0.199 0.188 0.177 0.188 0.204 0.185 0.184 0.172
  7 0.181 0.198 0.202 0.193 0.200 0.204 0.188 0.190 0.200 0.198 0.191 0.186
  8 0.197 0.212 0.212 0.207 0.214 0.216 0.222 0.210 0.213 0.205 0.217 0.199
   year
age  2004  2005  2006  2007  2008   2009  2010  2011  2012  2013  2014  2015
  1 0.073 0.067 0.064 0.067 0.071 0.0620 0.053 0.058 0.070 0.059 0.066 0.070
  2 0.107 0.103 0.105 0.112 0.110 0.1080 0.106 0.106 0.120 0.100 0.110 0.106
  3 0.130 0.136 0.131 0.135 0.135 0.1330 0.131 0.134 0.138 0.130 0.146 0.136
  4 0.157 0.156 0.149 0.158 0.153 0.1490 0.145 0.152 0.152 0.142 0.177 0.148
  5 0.165 0.166 0.164 0.173 0.156 0.1545 0.153 0.159 0.164 0.157 0.174 0.155
  6 0.187 0.180 0.177 0.183 0.182 0.1730 0.164 0.175 0.174 0.165 0.176 0.157
  7 0.200 0.191 0.184 0.199 0.196 0.1855 0.175 0.187 0.179 0.170 0.196 0.167
  8 0.205 0.209 0.211 0.227 0.206 0.1890 0.172 0.196 0.191 0.180 0.198 0.171
   year
age  2016  2017  2018  2019
  1 0.054 0.072 0.060 0.057
  2 0.102 0.093 0.096 0.096
  3 0.126 0.121 0.120 0.119
  4 0.143 0.140 0.132 0.137
  5 0.159 0.147 0.147 0.143
  6 0.161 0.154 0.159 0.156
  7 0.167 0.154 0.164 0.159
  8 0.177 0.162 0.204 0.181


TABLE 7.6.3.3 Irish Sea Herring. WEIGHTS AT AGE IN THE STOCK

Units  :  kg 
   year
age  1980  1981  1982  1983  1984  1985  1986  1987  1988  1989  1990  1991
  1 0.074 0.074 0.074 0.074 0.076 0.087 0.068 0.058 0.070 0.081 0.077 0.070
  2 0.155 0.155 0.155 0.155 0.142 0.125 0.143 0.130 0.124 0.128 0.135 0.121
  3 0.195 0.195 0.195 0.195 0.187 0.157 0.167 0.160 0.160 0.155 0.163 0.153
  4 0.219 0.219 0.219 0.219 0.213 0.186 0.188 0.175 0.170 0.174 0.175 0.167
  5 0.232 0.232 0.232 0.232 0.221 0.202 0.215 0.194 0.180 0.184 0.188 0.180
  6 0.251 0.251 0.251 0.251 0.243 0.209 0.229 0.210 0.198 0.195 0.196 0.189
  7 0.258 0.258 0.258 0.258 0.240 0.222 0.239 0.218 0.212 0.205 0.207 0.195
  8 0.278 0.278 0.278 0.278 0.273 0.258 0.254 0.229 0.232 0.218 0.217 0.214
   year
age  1992  1993  1994  1995  1996  1997  1998  1999  2000  2001  2002  2003
  1 0.061 0.088 0.073 0.072 0.067 0.063 0.073 0.068 0.063 0.066 0.085 0.081
  2 0.111 0.126 0.126 0.120 0.115 0.119 0.121 0.121 0.120 0.105 0.113 0.116
  3 0.136 0.157 0.154 0.147 0.148 0.148 0.150 0.145 0.149 0.139 0.144 0.136
  4 0.151 0.171 0.174 0.168 0.162 0.167 0.166 0.168 0.171 0.156 0.167 0.160
  5 0.159 0.183 0.181 0.180 0.177 0.178 0.179 0.178 0.188 0.167 0.180 0.167
  6 0.171 0.191 0.190 0.185 0.195 0.189 0.190 0.189 0.204 0.183 0.184 0.172
  7 0.179 0.198 0.203 0.197 0.199 0.206 0.200 0.199 0.205 0.199 0.191 0.186
  8 0.191 0.214 0.214 0.212 0.212 0.214 0.230 0.214 0.215 0.205 0.217 0.199
   year
age  2004  2005  2006  2007  2008   2009  2010  2011  2012  2013  2014  2015
  1 0.067 0.067 0.064 0.073 0.071 0.0660 0.060 0.057 0.059 0.057 0.069 0.070
  2 0.114 0.103 0.105 0.114 0.110 0.1140 0.118 0.109 0.109 0.100 0.112 0.106
  3 0.144 0.136 0.131 0.137 0.135 0.1350 0.134 0.136 0.131 0.131 0.150 0.136
  4 0.161 0.156 0.149 0.158 0.153 0.1500 0.147 0.155 0.149 0.142 0.178 0.148
  5 0.170 0.166 0.164 0.174 0.156 0.1550 0.153 0.162 0.153 0.157 0.174 0.155
  6 0.192 0.180 0.177 0.183 0.182 0.1740 0.165 0.177 0.162 0.167 0.176 0.157
  7 0.202 0.191 0.184 0.199 0.196 0.1860 0.176 0.188 0.168 0.175 0.196 0.167
  8 0.214 0.209 0.211 0.227 0.206 0.1895 0.173 0.197 0.190 0.180 0.202 0.171
   year
age  2016  2017  2018  2019
  1 0.054 0.072 0.060 0.057
  2 0.102 0.093 0.096 0.096
  3 0.126 0.121 0.120 0.119
  4 0.143 0.140 0.132 0.137
  5 0.159 0.147 0.147 0.143
  6 0.161 0.154 0.159 0.156
  7 0.167 0.154 0.164 0.159
  8 0.177 0.162 0.204 0.181


TABLE 7.6.3.4 Irish Sea Herring. NATURAL MORTALITY

Units  :  NA 
   year
age  1980  1981  1982  1983  1984  1985  1986  1987  1988  1989  1990  1991
  1 0.787 0.787 0.787 0.787 0.787 0.787 0.787 0.787 0.787 0.787 0.787 0.787
  2 0.380 0.380 0.380 0.380 0.380 0.380 0.380 0.380 0.380 0.380 0.380 0.380
  3 0.353 0.353 0.353 0.353 0.353 0.353 0.353 0.353 0.353 0.353 0.353 0.353
  4 0.335 0.335 0.335 0.335 0.335 0.335 0.335 0.335 0.335 0.335 0.335 0.335
  5 0.315 0.315 0.315 0.315 0.315 0.315 0.315 0.315 0.315 0.315 0.315 0.315
  6 0.311 0.311 0.311 0.311 0.311 0.311 0.311 0.311 0.311 0.311 0.311 0.311
  7 0.304 0.304 0.304 0.304 0.304 0.304 0.304 0.304 0.304 0.304 0.304 0.304
  8 0.304 0.304 0.304 0.304 0.304 0.304 0.304 0.304 0.304 0.304 0.304 0.304
   year
age  1992  1993  1994  1995  1996  1997  1998  1999  2000  2001  2002  2003
  1 0.787 0.787 0.787 0.787 0.787 0.787 0.787 0.787 0.787 0.787 0.787 0.787
  2 0.380 0.380 0.380 0.380 0.380 0.380 0.380 0.380 0.380 0.380 0.380 0.380
  3 0.353 0.353 0.353 0.353 0.353 0.353 0.353 0.353 0.353 0.353 0.353 0.353
  4 0.335 0.335 0.335 0.335 0.335 0.335 0.335 0.335 0.335 0.335 0.335 0.335
  5 0.315 0.315 0.315 0.315 0.315 0.315 0.315 0.315 0.315 0.315 0.315 0.315
  6 0.311 0.311 0.311 0.311 0.311 0.311 0.311 0.311 0.311 0.311 0.311 0.311
  7 0.304 0.304 0.304 0.304 0.304 0.304 0.304 0.304 0.304 0.304 0.304 0.304
  8 0.304 0.304 0.304 0.304 0.304 0.304 0.304 0.304 0.304 0.304 0.304 0.304
   year
age  2004  2005  2006  2007  2008  2009  2010  2011  2012  2013  2014  2015
  1 0.787 0.787 0.787 0.787 0.787 0.787 0.787 0.787 0.787 0.787 0.787 0.787
  2 0.380 0.380 0.380 0.380 0.380 0.380 0.380 0.380 0.380 0.380 0.380 0.380
  3 0.353 0.353 0.353 0.353 0.353 0.353 0.353 0.353 0.353 0.353 0.353 0.353
  4 0.335 0.335 0.335 0.335 0.335 0.335 0.335 0.335 0.335 0.335 0.335 0.335
  5 0.315 0.315 0.315 0.315 0.315 0.315 0.315 0.315 0.315 0.315 0.315 0.315
  6 0.311 0.311 0.311 0.311 0.311 0.311 0.311 0.311 0.311 0.311 0.311 0.311
  7 0.304 0.304 0.304 0.304 0.304 0.304 0.304 0.304 0.304 0.304 0.304 0.304
  8 0.304 0.304 0.304 0.304 0.304 0.304 0.304 0.304 0.304 0.304 0.304 0.304
   year
age  2016  2017  2018  2019
  1 0.787 0.787 0.787 0.787
  2 0.380 0.380 0.380 0.380
  3 0.353 0.353 0.353 0.353
  4 0.335 0.335 0.335 0.335
  5 0.315 0.315 0.315 0.315
  6 0.311 0.311 0.311 0.311
  7 0.304 0.304 0.304 0.304
  8 0.304 0.304 0.304 0.304


TABLE 7.6.3.5 Irish Sea Herring. PROPORTION MATURE

Units  :  NA 
   year
age 1980 1981 1982 1983 1984 1985 1986 1987 1988 1989 1990 1991 1992 1993 1994
  1 0.20 0.19 0.10 0.02 0.00 0.14 0.31 0.00 0.00 0.07 0.06 0.04 0.28 0.00 0.19
  2 0.88 0.89 0.80 0.73 0.69 0.62 0.73 0.85 0.90 0.63 0.66 0.30 0.48 0.46 0.68
  3 0.95 0.90 0.89 0.88 0.83 0.71 0.66 0.91 0.96 0.93 0.90 0.74 0.72 0.99 0.99
  4 0.95 0.94 0.91 0.90 0.93 0.88 0.81 0.87 0.99 0.95 0.95 0.82 0.81 1.00 0.97
  5 1.00 1.00 1.00 1.00 1.00 1.00 1.00 1.00 1.00 1.00 1.00 1.00 1.00 1.00 1.00
  6 1.00 1.00 1.00 1.00 1.00 1.00 1.00 1.00 1.00 1.00 1.00 1.00 1.00 1.00 1.00
  7 1.00 1.00 1.00 1.00 1.00 1.00 1.00 1.00 1.00 1.00 1.00 1.00 1.00 1.00 1.00
  8 1.00 1.00 1.00 1.00 1.00 1.00 1.00 1.00 1.00 1.00 1.00 1.00 1.00 1.00 1.00
   year
age 1995 1996 1997 1998 1999 2000 2001 2002 2003  2004 2005 2006 2007 2008 2009
  1 0.10 0.02 0.04 0.30 0.02 0.14 0.15 0.02 0.11 0.114 0.20 0.19 0.16 0.16 0.13
  2 0.86 0.60 0.82 0.83 0.84 0.79 0.54 0.92 0.76 1.000 0.97 0.89 0.94 0.84 0.82
  3 0.94 0.96 0.95 0.97 0.95 0.99 0.88 0.95 0.95 0.970 0.99 1.00 0.98 1.00 0.97
  4 0.99 0.83 1.00 0.99 0.97 1.00 0.97 0.98 0.97 1.000 1.00 1.00 1.00 1.00 0.98
  5 1.00 1.00 1.00 1.00 1.00 1.00 1.00 1.00 1.00 1.000 1.00 1.00 1.00 1.00 1.00
  6 1.00 1.00 1.00 1.00 1.00 1.00 1.00 1.00 1.00 1.000 1.00 1.00 1.00 1.00 1.00
  7 1.00 1.00 1.00 1.00 1.00 1.00 1.00 1.00 1.00 1.000 1.00 1.00 1.00 1.00 1.00
  8 1.00 1.00 1.00 1.00 1.00 1.00 1.00 1.00 1.00 1.000 1.00 1.00 1.00 1.00 1.00
   year
age 2010 2011 2012 2013 2014 2015 2016 2017 2018 2019
  1 0.11 0.08 0.10 0.06 0.16 0.11 0.07 0.10 0.08 0.16
  2 0.92 0.90 0.84 0.82 0.94 0.87 0.81 0.85 0.67 0.90
  3 1.00 1.00 1.00 0.99 1.00 1.00 0.99 1.00 0.97 0.90
  4 0.98 1.00 1.00 1.00 1.00 1.00 1.00 1.00 1.00 1.00
  5 0.97 1.00 1.00 1.00 1.00 1.00 1.00 1.00 1.00 1.00
  6 1.00 1.00 1.00 1.00 1.00 1.00 1.00 1.00 1.00 1.00
  7 1.00 1.00 1.00 1.00 1.00 1.00 1.00 1.00 1.00 1.00
  8 1.00 1.00 1.00 1.00 1.00 1.00 1.00 1.00 1.00 1.00


TABLE 7.6.3.6 Irish Sea Herring. FRACTION OF HARVEST BEFORE SPAWNING

Units  :  NA 
   year
age 1980 1981 1982 1983 1984 1985 1986 1987 1988 1989 1990 1991 1992 1993 1994
  1  0.9  0.9  0.9  0.9  0.9  0.9  0.9  0.9  0.9  0.9  0.9  0.9  0.9  0.9  0.9
  2  0.9  0.9  0.9  0.9  0.9  0.9  0.9  0.9  0.9  0.9  0.9  0.9  0.9  0.9  0.9
  3  0.9  0.9  0.9  0.9  0.9  0.9  0.9  0.9  0.9  0.9  0.9  0.9  0.9  0.9  0.9
  4  0.9  0.9  0.9  0.9  0.9  0.9  0.9  0.9  0.9  0.9  0.9  0.9  0.9  0.9  0.9
  5  0.9  0.9  0.9  0.9  0.9  0.9  0.9  0.9  0.9  0.9  0.9  0.9  0.9  0.9  0.9
  6  0.9  0.9  0.9  0.9  0.9  0.9  0.9  0.9  0.9  0.9  0.9  0.9  0.9  0.9  0.9
  7  0.9  0.9  0.9  0.9  0.9  0.9  0.9  0.9  0.9  0.9  0.9  0.9  0.9  0.9  0.9
  8  0.9  0.9  0.9  0.9  0.9  0.9  0.9  0.9  0.9  0.9  0.9  0.9  0.9  0.9  0.9
   year
age 1995 1996 1997 1998 1999 2000 2001 2002 2003 2004 2005 2006 2007 2008 2009
  1  0.9  0.9  0.9  0.9  0.9  0.9  0.9  0.9  0.9  0.9  0.9  0.9  0.9  0.9  0.9
  2  0.9  0.9  0.9  0.9  0.9  0.9  0.9  0.9  0.9  0.9  0.9  0.9  0.9  0.9  0.9
  3  0.9  0.9  0.9  0.9  0.9  0.9  0.9  0.9  0.9  0.9  0.9  0.9  0.9  0.9  0.9
  4  0.9  0.9  0.9  0.9  0.9  0.9  0.9  0.9  0.9  0.9  0.9  0.9  0.9  0.9  0.9
  5  0.9  0.9  0.9  0.9  0.9  0.9  0.9  0.9  0.9  0.9  0.9  0.9  0.9  0.9  0.9
  6  0.9  0.9  0.9  0.9  0.9  0.9  0.9  0.9  0.9  0.9  0.9  0.9  0.9  0.9  0.9
  7  0.9  0.9  0.9  0.9  0.9  0.9  0.9  0.9  0.9  0.9  0.9  0.9  0.9  0.9  0.9
  8  0.9  0.9  0.9  0.9  0.9  0.9  0.9  0.9  0.9  0.9  0.9  0.9  0.9  0.9  0.9
   year
age 2010 2011 2012 2013 2014 2015 2016 2017 2018 2019
  1  0.9  0.9  0.9  0.9  0.9  0.9  0.9  0.9  0.9  0.9
  2  0.9  0.9  0.9  0.9  0.9  0.9  0.9  0.9  0.9  0.9
  3  0.9  0.9  0.9  0.9  0.9  0.9  0.9  0.9  0.9  0.9
  4  0.9  0.9  0.9  0.9  0.9  0.9  0.9  0.9  0.9  0.9
  5  0.9  0.9  0.9  0.9  0.9  0.9  0.9  0.9  0.9  0.9
  6  0.9  0.9  0.9  0.9  0.9  0.9  0.9  0.9  0.9  0.9
  7  0.9  0.9  0.9  0.9  0.9  0.9  0.9  0.9  0.9  0.9
  8  0.9  0.9  0.9  0.9  0.9  0.9  0.9  0.9  0.9  0.9


TABLE 7.6.3.7 Irish Sea Herring. FRACTION OF NATURAL MORTALITY BEFORE SPAWNING

Units  :  NA 
   year
age 1980 1981 1982 1983 1984 1985 1986 1987 1988 1989 1990 1991 1992 1993 1994
  1 0.75 0.75 0.75 0.75 0.75 0.75 0.75 0.75 0.75 0.75 0.75 0.75 0.75 0.75 0.75
  2 0.75 0.75 0.75 0.75 0.75 0.75 0.75 0.75 0.75 0.75 0.75 0.75 0.75 0.75 0.75
  3 0.75 0.75 0.75 0.75 0.75 0.75 0.75 0.75 0.75 0.75 0.75 0.75 0.75 0.75 0.75
  4 0.75 0.75 0.75 0.75 0.75 0.75 0.75 0.75 0.75 0.75 0.75 0.75 0.75 0.75 0.75
  5 0.75 0.75 0.75 0.75 0.75 0.75 0.75 0.75 0.75 0.75 0.75 0.75 0.75 0.75 0.75
  6 0.75 0.75 0.75 0.75 0.75 0.75 0.75 0.75 0.75 0.75 0.75 0.75 0.75 0.75 0.75
  7 0.75 0.75 0.75 0.75 0.75 0.75 0.75 0.75 0.75 0.75 0.75 0.75 0.75 0.75 0.75
  8 0.75 0.75 0.75 0.75 0.75 0.75 0.75 0.75 0.75 0.75 0.75 0.75 0.75 0.75 0.75
   year
age 1995 1996 1997 1998 1999 2000 2001 2002 2003 2004 2005 2006 2007 2008 2009
  1 0.75 0.75 0.75 0.75 0.75 0.75 0.75 0.75 0.75 0.75 0.75 0.75 0.75 0.75 0.75
  2 0.75 0.75 0.75 0.75 0.75 0.75 0.75 0.75 0.75 0.75 0.75 0.75 0.75 0.75 0.75
  3 0.75 0.75 0.75 0.75 0.75 0.75 0.75 0.75 0.75 0.75 0.75 0.75 0.75 0.75 0.75
  4 0.75 0.75 0.75 0.75 0.75 0.75 0.75 0.75 0.75 0.75 0.75 0.75 0.75 0.75 0.75
  5 0.75 0.75 0.75 0.75 0.75 0.75 0.75 0.75 0.75 0.75 0.75 0.75 0.75 0.75 0.75
  6 0.75 0.75 0.75 0.75 0.75 0.75 0.75 0.75 0.75 0.75 0.75 0.75 0.75 0.75 0.75
  7 0.75 0.75 0.75 0.75 0.75 0.75 0.75 0.75 0.75 0.75 0.75 0.75 0.75 0.75 0.75
  8 0.75 0.75 0.75 0.75 0.75 0.75 0.75 0.75 0.75 0.75 0.75 0.75 0.75 0.75 0.75
   year
age 2010 2011 2012 2013 2014 2015 2016 2017 2018 2019
  1 0.75 0.75 0.75 0.75 0.75 0.75 0.75 0.75 0.75 0.75
  2 0.75 0.75 0.75 0.75 0.75 0.75 0.75 0.75 0.75 0.75
  3 0.75 0.75 0.75 0.75 0.75 0.75 0.75 0.75 0.75 0.75
  4 0.75 0.75 0.75 0.75 0.75 0.75 0.75 0.75 0.75 0.75
  5 0.75 0.75 0.75 0.75 0.75 0.75 0.75 0.75 0.75 0.75
  6 0.75 0.75 0.75 0.75 0.75 0.75 0.75 0.75 0.75 0.75
  7 0.75 0.75 0.75 0.75 0.75 0.75 0.75 0.75 0.75 0.75
  8 0.75 0.75 0.75 0.75 0.75 0.75 0.75 0.75 0.75 0.75


TABLE 7.6.3.8 Irish Sea Herring. SURVEY INDICES

AC(VIIaN) - Configuration

Irish Sea herring (Division VIIa) (run name: ICAMDC20) . Imported from VPA file.
      min       max plusgroup   minyear   maxyear    startf      endf 
      1.0       8.0       8.0    1994.0    2019.0       0.7       0.8 
Index type : number

AC(VIIaN) - Index Values

Units  :  NA 
   year
age  1994   1995  1996   1997   1998   1999   2000   2001   2002   2003   2004
  1 66830 319116 11340 134146 110438 157756  78524 387559 390982 349216 241014
  2 68290  82256 42372  49977  27312  77722 103439  93402  71935 220014 115529
  3 73529  11935 67473  14812   8083  34017 105291  10194  31701  31984  29593
  4 11860  29246  8954  10985   9266   5108  27543  17489  24804   4735  15398
  5  9299   4574 26469   1751   6479  10260   8072   7704  31277   3921   2067
  6  7550   3500  4171   4553   1778  13521   5432   1372  14830   4089   2299
  7  3867   4887  5911    571   2254   1586   4899    626   2756    977    238
  8 10118   6894  5815   1910    780   6289   2359   2263   4461    906    240
   year
age   2005   2006    2007   2008   2009   2010    2011   2012   2013   2014
  1  94330 374731 1316673 475675 371230 580602 1927032 369094 100023 299689
  2 109938  96623  251276 452364 182643 561245  330180 191900 285238 193267
  3  97111  15625   46570 114210 177813 117699   43855 160980  81601 127352
  4  17023   9982   21101  39076  92741 120777   14978  51363  54347  29691
  5   8029    530   20818  26370  32490  34325   21896  21643  41153  43057
  6    810    369    1200  17063  15071  16759    6308  19285  13441  17342
  7    607    478     718   4254  13940   4336    2715  12105  11132   7848
  8   5804    469     556    599   6871   6453    1959   3128   6776  12481
   year
age   2015   2016   2017   2018   2019
  1 491894 131512  42175 237857 548867
  2 141854 449316  89653 120683 247509
  3  25153 257152 104059  63334  44690
  4  17018 110196  56474 110874  21226
  5  10340  32232   9007  29555  34595
  6   8954  18312  20297   7645   8952
  7   1890   8157   4395   7926   1849
  8   4342   7042  11779   5053    882

VIIaNSpawn - Configuration

FLT05: SSB acoustic (Catch: Unknown) (Effort: Unknown)
      min       max plusgroup   minyear   maxyear    startf      endf 
       NA        NA        NA      2007      2019        NA        NA 
Index type : biomass

VIIaNSpawn - Index Values

Units  :  NA 
     year
age       2007     2008     2009     2010     2011     2012     2013     2014
  all 47582.61 41909.97 76786.97 91388.88 61907.54 52071.02 114044.2 28396.84
     year
age       2015     2016    2017    2018    2019
  all 60328.27 74275.73 41683.6 38973.8 41184.9


TABLE 7.6.3.9 Irish Sea Herring. STOCK OBJECT CONFIGURATION

      min       max plusgroup   minyear   maxyear   minfbar   maxfbar 
        1         8         8      1980      2019         4         6 


TABLE 7.6.3.10 Irish Sea Herring. sam CONFIGURATION SETTINGS

name           : 
desc           : 
range          :       min       max plusgroup   minyear   maxyear   minfbar   maxfbar 
range          :         1         8         8      1980      2019         4         6 
fleets         :      catch  AC(VIIaN) VIIaNSpawn 
fleets         :          0          2          3 
plus.group     : TRUE
states         :             age
states         : fleet         1  2  3  4  5  6  7  8
states         :   catch       1  2  3  4  5  6  7  7
states         :   AC(VIIaN)  NA NA NA NA NA NA NA NA
states         :   VIIaNSpawn NA NA NA NA NA NA NA NA
logN.vars      : 1 1 1 1 1 1 1 1
catchabilities :             age
catchabilities : fleet         1  2  3  4  5  6  7  8
catchabilities :   catch      NA NA NA NA NA NA NA NA
catchabilities :   AC(VIIaN)   1  2  3  4  4  4  4  4
catchabilities :   VIIaNSpawn NA NA NA NA NA NA NA NA
power.law.exps :             age
power.law.exps : fleet         1  2  3  4  5  6  7  8
power.law.exps :   catch      NA NA NA NA NA NA NA NA
power.law.exps :   AC(VIIaN)  NA NA NA NA NA NA NA NA
power.law.exps :   VIIaNSpawn NA NA NA NA NA NA NA NA
f.vars         :             age
f.vars         : fleet         1  2  3  4  5  6  7  8
f.vars         :   catch       1  1  2  2  2  3  4  4
f.vars         :   AC(VIIaN)  NA NA NA NA NA NA NA NA
f.vars         :   VIIaNSpawn NA NA NA NA NA NA NA NA
obs.vars       :             age
obs.vars       : fleet         1  2  3  4  5  6  7  8
obs.vars       :   catch       1  2  2  2  3  3  3  3
obs.vars       :   AC(VIIaN)   4  5  5  5  5  6  6  6
obs.vars       :   VIIaNSpawn NA NA NA NA NA NA NA NA
srr            : 0
cor.F          : FALSE
nohess         : FALSE
timeout        : 3600
sam.binary     : C:/Users/Matt Lundy/Documents/GIT_HUB/wg_HAWG/IrishSea/UpdateAssessment/SAM/sam.exe


TABLE 7.6.3.11 Irish Sea Herring. FLR, R SOFTWARE VERSIONS

FLSAM.version                          1.02
FLCore.version                        2.6.6
R.version      R version 3.2.0 (2015-04-16)
platform                   i386-w64-mingw32
run.date                2020-03-12 10:01:42

TABLE 7.6.3.12 Irish Sea Herring. STOCK SUMMARY

Year Recruitment    Low    High   TSB   Low   High   SSB   Low  High       Fbar    Low   High Landings Landings
           Age 1                                                     (Ages 4-6)                             SOP
                                                                              f      f      f   tonnes         
1980      174381  86086  353237 37421 26150  53551 14596  9852 21624     0.2939 0.2012 0.4293    10613   1.0308
1981      196614  97201  397704 36975 25660  53280 13712  9519 19750     0.2854 0.1988 0.4097     4377   1.0999
1982      211928 104622  429293 40987 28174  59625 13941  9544 20364     0.2764 0.1955 0.3908     4855   1.0166
1983      167376  80289  348924 41940 29016  60620 15042 10245 22086     0.2724 0.1958 0.3790     3933   1.0165
1984      125116  61802  253294 41357 30103  56819 16079 11355 22770     0.2761 0.2033 0.3750     4066   1.0392
1985      169566  84322  340988 45388 33302  61861 15859 11824 21272     0.2889 0.2191 0.3810     9187   0.9802
1986      209400 104271  420521 46817 34654  63248 18348 13724 24532     0.2951 0.2267 0.3840     7440   1.0238
1987      257558 126819  523076 45342 33111  62093 16573 12112 22676     0.3011 0.2330 0.3891     5823   0.9632
1988      113097  56229  227480 42531 31883  56737 19351 13849 27039     0.3113 0.2413 0.4016    10172   0.9505
1989      144495  71493  292038 38754 28516  52669 14558 10620 19956     0.3100 0.2409 0.3988     4949   0.9966
1990      127772  64085  254750 36754 27567  49002 13975 10352 18865     0.3117 0.2430 0.3997     6312   0.9872
1991       80098  40168  159720 28481 21905  37031  9658  7198 12957     0.3107 0.2433 0.3968     4398   0.9994
1992      250697 125426  501083 32598 22683  46847 10324  7763 13729     0.3155 0.2476 0.4020     5270   0.9890
1993       63831  32996  123482 29941 22461  39914 10335  7723 13831     0.3164 0.2480 0.4038     4409   0.9869
1994      158261  84387  296804 30699 22762  41404 11653  8712 15586     0.3200 0.2498 0.4100     4828   0.9757
1995      140365  73467  268178 30242 22285  41041 11350  8369 15393     0.3227 0.2505 0.4156     5076   1.0007
1996       89680  45915  175160 25286 18911  33809  9347  6760 12923     0.3281 0.2524 0.4265     5301   0.9999
1997      131137  68531  250937 24612 17817  34000  8830  6271 12434     0.3373 0.2553 0.4457     6651   0.9996
1998      167042  89426  312022 27228 19427  38162  9873  7207 13527     0.3412 0.2539 0.4584     4905   0.9951
1999       80902  42648  153472 23272 17279  31344  9429  6691 13286     0.3330 0.2471 0.4489     4127   1.0001
2000       83700  43661  160460 20677 15375  27809  9115  6568 12650     0.3235 0.2392 0.4375     2002   0.9993
2001      118421  60477  231882 21448 14860  30958  7291  5017 10596     0.3289 0.2383 0.4539     5461   1.0004
2002       83366  43084  161311 20010 14351  27901  7458  5179 10742     0.3219 0.2306 0.4494     2393   0.9984
2003      145801  76964  276206 23017 15720  33702  6592  4699  9248     0.3168 0.2240 0.4481     2399   1.0010
2004      164555  85573  316436 25489 17626  36860  9476  6597 13611     0.2997 0.2122 0.4233     2531   0.9979
2005      183689  95271  354166 29115 19952  42486 11540  7946 16760     0.2872 0.2026 0.4071     4387   1.0062
2006      313953 165487  595616 37835 25448  56253 12577  8923 17725     0.2684 0.1894 0.3803     4402   1.0005
2007      566368 284741 1126545 68460 43384 108029 20179 14211 28654     0.2422 0.1689 0.3474     4629   1.0012
2008      284646 136907  591811 61390 42581  88507 25822 17898 37256     0.2288 0.1574 0.3326     4895   1.0008
2009      356468 175570  723754 64023 44000  93159 25952 17789 37860     0.2178 0.1477 0.3213     4594       NA
2010      408808 211618  789742 65578 45798  93903 27119 18820 39078     0.2074 0.1388 0.3099     4894   0.9989
2011      271848 133209  554777 57584 40900  81074 27011 18959 38482     0.2013 0.1340 0.3022     5202   1.0014
2012      290686 151574  557474 54502 38955  76254 24294 16852 35024     0.1971 0.1310 0.2967     5693   0.9999
2013      162592  84667  312239 44356 32090  61310 21829 15149 31454     0.1903 0.1249 0.2901     4828   0.9982
2014      348015 176548  686012 56050 38445  81716 23017 16257 32588     0.1842 0.1193 0.2843     5083   0.9405
2015      367692 192484  702381 57642 40395  82252 21214 14980 30040     0.1853 0.1210 0.2836     4891   1.0001
2016      199786 104629  381482 49021 35982  66785 23179 16318 32924     0.1819 0.1178 0.2809     4327   0.9999
2017      196614  99392  388939 46911 34002  64719 21401 15192 30147     0.1769 0.1125 0.2781     3896   0.9999
2018      363669 172343  767397 55548 37647  81961 20823 14320 30279     0.1772 0.1123 0.2797     6804   1.0031
2019      637303 172057 2360578 74013 37236 147114 26370 17435 39885     0.1782 0.1119 0.2838     6377   1.0018


TABLE 7.6.3.13 Irish Sea Herring. ESTIMATED FISHING MORTALITY

Units  :  f 
   year
age       1980       1981       1982       1983       1984       1985
  1 0.02679607 0.02637338 0.02571965 0.02487729 0.02456089 0.02462729
  2 0.31886100 0.29150445 0.26453016 0.24014797 0.22575611 0.22643440
  3 0.31717551 0.29205884 0.27318665 0.25978524 0.25604553 0.26205523
  4 0.32624717 0.31774694 0.30385642 0.28765311 0.28207000 0.28923956
  5 0.27345998 0.25970731 0.24642441 0.24763485 0.25861883 0.27400745
  6 0.28209821 0.27870539 0.27898424 0.28201359 0.28762435 0.30343132
  7 0.25024871 0.20380329 0.18146364 0.10280719 0.18697133 0.33307087
  8 0.25024871 0.20380329 0.18146364 0.10280719 0.18697133 0.33307087
   year
age       1986       1987       1988       1989       1990       1991
  1 0.02480029 0.02482014 0.02528611 0.02556835 0.02638921 0.02723643
  2 0.22781987 0.22503485 0.22661562 0.22855006 0.23794874 0.24765961
  3 0.26181949 0.25962941 0.26223873 0.25890347 0.25955154 0.26085254
  4 0.28707838 0.28334218 0.28707838 0.28091588 0.27789832 0.27469332
  5 0.28266297 0.29185447 0.30358307 0.30382603 0.30795550 0.30962295
  6 0.31546738 0.32807928 0.34314575 0.34514178 0.34916873 0.34774007
  7 0.39609547 0.47571326 0.67907751 0.56077810 0.54406857 0.42849338
  8 0.39609547 0.47571326 0.67907751 0.56077810 0.54406857 0.42849338
   year
age       1992       1993       1994      1995       1996       1997       1998
  1 0.02789522 0.02787849 0.02832813 0.0291267 0.02983718 0.02972699 0.02863573
  2 0.25991516 0.27082024 0.29194204 0.3122347 0.32978973 0.33594763 0.31204746
  3 0.26641501 0.27025211 0.27723216 0.2830024 0.28584659 0.28912389 0.28484788
  4 0.27806511 0.27601502 0.27706587 0.2800184 0.28613258 0.30110387 0.30912795
  5 0.31654179 0.32087617 0.32742377 0.3317081 0.33763157 0.34676776 0.34843625
  6 0.35186771 0.35243115 0.35565291 0.3562937 0.36045073 0.36400051 0.36586166
  7 0.32400381 0.34352342 0.40319297 0.4015995 0.50964035 0.78735977 0.60838340
  8 0.32400381 0.34352342 0.40319297 0.4015995 0.50964035 0.78735977 0.60838340
   year
age       1999       2000      2001       2002       2003       2004      2005
  1 0.02763423 0.02654802 0.0256503 0.02461006 0.02491712 0.02608747 0.0272446
  2 0.28699227 0.26384328 0.2588258 0.24019601 0.21936901 0.20992604 0.2071525
  3 0.27529831 0.26505975 0.2659625 0.25223351 0.24672029 0.24409446 0.2363835
  4 0.30660347 0.30617452 0.3191481 0.31445950 0.31120606 0.29499408 0.2807193
  5 0.33360421 0.31828757 0.3180648 0.30617452 0.29879427 0.28748057 0.2760702
  6 0.35894001 0.34610953 0.3493783 0.34510726 0.34044558 0.31654179 0.3048608
  7 0.39646798 0.20690407 0.4533866 0.47013283 0.83197740 0.49013226 0.4336793
  8 0.39646798 0.20690407 0.4533866 0.47013283 0.83197740 0.49013226 0.4336793
   year
age       2006      2007       2008       2009       2010       2011       2012
  1 0.02776442 0.0283338 0.02844736 0.02820094 0.02795666 0.02756523 0.02690616
  2 0.19827506 0.1837462 0.17152950 0.16706038 0.16207437 0.15896043 0.15894453
  3 0.22458523 0.2064700 0.19343766 0.18732691 0.18095625 0.17726668 0.17508215
  4 0.25781835 0.2292138 0.21506822 0.20800358 0.20133200 0.20018767 0.20042804
  5 0.25789571 0.2313555 0.21858070 0.20684201 0.19590998 0.18670975 0.17904824
  6 0.28947105 0.2661487 0.25286488 0.23856821 0.22485489 0.21694748 0.21186627
  7 0.37881398 0.2129495 0.21696917 0.16278906 0.12138354 0.16594481 0.17996372
  8 0.37881398 0.2129495 0.21696917 0.16278906 0.12138354 0.16594481 0.17996372
   year
age       2013       2014       2015       2016       2017       2018
  1 0.02679607 0.02650028 0.02521793 0.02485988 0.02478789 0.02501699
  2 0.16220408 0.16385064 0.16480373 0.16712721 0.17440066 0.18290288
  3 0.17337472 0.17067400 0.16995867 0.16982276 0.17648842 0.18697133
  4 0.19774044 0.19624331 0.20290853 0.20488632 0.20242213 0.20525545
  5 0.16895886 0.15927867 0.15606230 0.15275805 0.15098119 0.15494269
  6 0.20433387 0.19695106 0.19687230 0.18802130 0.17728441 0.17144376
  7 0.10265309 0.12314411 0.20351817 0.14868876 0.10839211 0.04496819
  8 0.10265309 0.12314411 0.20351817 0.14868876 0.10839211 0.04496819
   year
age       2019
  1 0.02508714
  2 0.18303095
  3 0.19046249
  4 0.20806599
  5 0.15703289
  6 0.16939873
  7 0.05004163
  8 0.05004163


TABLE 7.6.3.14 Irish Sea Herring. ESTIMATED POPULATION ABUNDANCE

Units  :  NA 
   year
age       1980       1981       1982       1983       1984       1985
  1 174381.377 196614.453 211927.603 167376.325 125116.427 169566.422
  2  56669.986  72692.973  84035.953  91035.061  80498.997  59041.744
  3  35596.408  20870.668  34578.936  43001.918  53960.091  58688.554
  4  27119.275  12470.236   9413.499  18911.018  27038.039  37797.566
  5   4968.136  12403.079   4529.650   4240.769  12158.697  20108.542
  6   3677.175   2165.269   6334.081   2559.584   2562.914   8438.839
  7   1736.801   1922.151   1061.778   3409.770   1463.520   1717.801
  8   1138.993   1577.348   1978.116   1441.731   3302.384   3041.481
   year
age       1986       1987       1988       1989       1990      1991       1992
  1 209399.670 257557.944 113096.871 144494.973 127771.654 80097.506 250696.920
  2  76573.014  90762.365 122516.378  48727.557  69424.839 56613.344  34440.897
  3  34132.319  39616.461  52052.078  70969.111  28969.534 39815.040  31101.148
  4  35454.306  18648.109  22516.418  26238.944  43303.988 17010.737  24391.744
  5  21021.479  20152.830  11441.473  10641.322  14163.167 25565.524  10987.351
  6  12567.885  11954.942  11864.428   5675.421   5535.848  7307.818  15750.069
  7   4985.056   7340.043   6626.950   5476.930   2849.503  2604.771   3946.167
  8   2740.512   4321.682   6305.642   4882.438   4225.953  2800.631   2301.692
   year
age       1993       1994       1995      1996       1997       1998      1999
  1  63831.367 158260.866 140364.796 89679.726 131137.281 167041.907 80902.500
  2 100911.583  30151.803  79062.978 57757.010  42277.064  51174.672 77497.426
  3  17309.314  54995.135  14724.970 44355.855  27065.090  16599.038 27119.275
  4  16560.904   9433.288  28681.282  7584.788  24318.679  13730.844  7850.245
  5  13245.326   9399.389   5154.369 16061.815   4458.644  13554.854  6406.703
  6   6370.925   7240.170   4950.283  2829.061   8180.430   2600.867  6591.920
  7   8568.946   3607.246   3654.812  2748.471   1418.705   4263.305  1343.589
  8   3389.711   6727.104   5178.652  4270.986   2916.968   1324.513  2257.244
   year
age      2000       2001      2002       2003        2004        2005
  1 83700.481 118420.840 83366.348 145801.298 164554.9770 183689.1122
  2 33657.796  38445.618 46863.762  40700.677  69286.1286  70615.1507
  3 44444.656  18741.583 15983.305  21967.075  22994.2623  45116.3506
  4 14563.883  27805.802  9197.620   7615.188  10963.2056  11460.9399
  5  4231.873   8411.878 13460.301   3852.972   3213.4487   5224.9473
  6  2787.220   2530.823  4091.226   6328.383   1658.0542   1607.9253
  7  2774.151   1445.340  1377.052   1725.721   2412.4546    847.7621
  8  1512.017   2435.726  1629.454   1220.725    683.6869   1420.2668
   year
age        2006        2007       2008       2009       2010       2011
  1 313953.4483 566368.3837 284645.550 356468.088 408807.637 271848.444
  2  78668.6495 138829.2445 215992.724 115266.256 156686.144 171785.176
  3  34717.5291  40336.0141  74682.420 118184.235  58923.779  75886.949
  4  23271.8557  17795.4841  23017.268  45478.729  58337.477  29260.683
  5   4555.0874  12180.6024  11796.994  14065.778  23908.755  29056.573
  6   2181.5698   2458.2377   7891.172   6917.433   7613.665  12773.142
  7    821.8846   1016.0725   1683.617   4376.042   3657.737   4248.410
  8    933.9286    794.4897   1091.600   1787.727   3135.676   3682.695
   year
age       2012       2013       2014       2015       2016       2017
  1 290686.312 162592.118 348014.700 367691.665 199785.586 196614.453
  2  99508.665 136899.177  73130.442 135131.006 182043.327  96182.240
  3  95034.950  50362.393  71111.191  38870.854  73497.010 110414.859
  4  43870.614  48971.805  23040.297  37384.072  23647.200  39379.474
  5  17394.337  22742.712  24884.490  12955.815  19944.327   9596.944
  6  16723.998   9641.192  11205.948  15296.816   8161.637  11182.440
  7   7865.961   8827.261   5103.593   6420.813   7755.054   4310.029
  8   4435.963   6219.843   8852.011   7503.313   6978.575   6963.935
   year
age       2018       2019
  1 363669.221 637302.689
  2 103880.866 163407.114
  3  65316.502  60415.441
  4  74161.468  36534.051
  5  22426.532  43870.614
  6   5479.669  12395.639
  7   6660.168   3375.504
  8   4272.268   5647.115


TABLE 7.6.3.15 Irish Sea Herring. PREDICTED CATCH NUMBERS AT AGE

Units  :  NA 
<0 x 0 matrix>


TABLE 7.6.3.16 Irish Sea Herring. CATCH AT AGE RESIDUALS

Units  :  NA 
<0 x 0 matrix>



TABLE 7.6.3.18 Irish Sea Herring. PREDICTED INDEX AT AGE Fleet 1

Units  :  NA 
   year
age       1980       1981       1982       1983       1984       1985      1986
  1  3198.2850  3547.8959  3731.6658  2851.2421  2105.2089  2860.4665  3554.679
  2 12997.7299 15435.4177 16391.8576 16299.3417 13627.5669 10022.0205 13075.035
  3  8226.1222  4492.0300  7022.7489  8349.0246 10344.9111 11492.5008  6676.439
  4  6470.1851  2910.0339  2113.7523  4049.0599  5690.0824  8130.5187  7576.450
  5  1026.9618  2450.1144   854.1613   803.1086  2392.7294  4163.9108  4472.890
  6   782.5204   455.8984  1334.8844   544.4957   554.6959  1912.9656  2946.019
  7   333.6758   307.1788   152.6412   288.0056   216.2186   423.1302  1420.025
  8   218.8267   252.0809   284.3682   121.7744   487.9193   749.1805   780.668
   year
age      1987      1988      1989      1990       1991      1992       1993
  1  4378.494  1957.846  2528.850  2306.600  1492.0108 4783.1280  1217.2141
  2 15322.383 20824.386  8345.686 12324.199 10412.4762 6609.7427 20091.4574
  3  7691.799 10190.794 13742.795  5622.322  7763.1232 6174.0481  3481.0874
  4  3940.528  4811.143  5503.998  8999.101  3498.4665 5071.0339  3420.3905
  5  4409.383  2590.432  2410.622  3246.459  5885.1058 2578.5951  3145.0026
  6  2898.330  2988.091  1436.335  1414.894  1861.4667 4051.9762  1641.1787
  7  2424.911  2864.904  2055.882  1045.207   791.2469  949.4473  2166.7421
  8  1427.629  2726.080  1832.726  1550.124   850.8025  553.7869   857.1732
   year
age      1994      1995       1996       1997       1998       1999      2000
  1  3064.225  2795.399  1829.2476  2664.4155  3271.6509  1529.2765 1520.4171
  2  6409.394 17816.673 13641.8834 10140.8794 11526.9148 16235.5734 6545.0872
  3 11311.781  3083.313  9367.3920  5772.5546  3495.5290  5544.6568 8784.0249
  4  1954.911  5997.212  1616.5346  5415.6057  3129.3481  1776.4282 3291.7348
  5  2270.647  1258.996  3982.7587  1130.8898  3452.3485  1572.5755  997.7972
  6  1879.517  1286.988   742.6538  2165.2043   691.3664  1724.6855  707.1409
  7  1042.534  1052.896   958.5675   679.7941  1701.0143   382.9675  449.4389
  8  1944.519  1492.070  1489.5957  1398.1847   528.5091   643.4730  244.9612
   year
age      2001      2002     2003       2004       2005       2006       2007
  1 2079.0368 1404.8980 2486.944  2937.4878  3422.4433  5962.1116 10971.7602
  2 7351.8701 8387.2670 6712.522 10985.4835 11068.7378 11839.8945 19499.6150
  3 3716.5088 3024.4060 4075.994  4228.2776  8059.9288  5920.8186  6380.7441
  4 6512.7691 2127.3237 1745.541  2399.2705  2402.4396  4528.2915  3117.5415
  5 1982.4723 3069.4694  860.385   693.8390  1088.8746   894.3078  2171.5142
  6  647.1189 1035.5003 1582.894   389.8297   365.9366   474.6131   497.1093
  7  459.4821  450.6721  858.211   815.9393   260.0750   225.6195   168.9512
  8  774.5018  533.3565  607.110   231.2617   435.6373   256.3798   132.0895
   year
age       2008       2010       2011       2012       2013      2014      2015
  1  5535.6263  7815.9360  5126.7130  5349.0807  2979.7658 6313.5917  6352.032
  2 28475.5186 19601.8651 21100.8795 12224.1649 17145.4824 9247.0513 17168.816
  3 11129.1158  8259.0100 10435.8263 12929.8000  6786.9030 9445.7483  5146.386
  4  3809.0306  9088.9076  4537.0849  6810.5625  7505.7900 3507.8549  5865.541
  5  1998.4557  3668.3601  4264.9255  2457.6478  3046.0471 3155.5560  1612.482
  6  1525.7632  1325.4006  2152.7686  2759.5144  1539.6032 1730.4729  2361.235
  7   284.7923   361.6186   562.5050  1122.1592   744.5872  511.5319  1024.736
  8   184.5352   310.0706   487.6266   632.8035   524.5863  887.1464  1197.726
   year
age       2016       2017       2018       2019
  1  3399.7936  3337.0084  6230.1769 10950.9337
  2 23435.3302 12879.6007 14528.3908 22863.5679
  3  9717.2701 15122.3642  9436.4960  8875.9442
  4  3744.2253  6165.3489 11756.8344  5863.8402
  5  2433.3885  1158.1741  2771.5444  5494.2645
  6  1208.3125  1568.4921   745.2502  1667.3987
  7   927.4232   382.8717   252.8458   142.2819
  8   834.5061   618.5450   162.1919   237.9475


TABLE 7.6.3.19 Irish Sea Herring. INDEX AT AGE RESIDUALS Fleet 1

Units  :  NA 
   year
age     1980       1981       1982      1983       1984       1985      1986
  1 0.733636  0.4301400  0.3806210 -0.952266 -0.7178030 -0.1992210 0.2848780
  2 1.727650  0.0573504 -0.0563788 -0.739512 -1.2148600  0.0070379 0.3912760
  3 2.181170 -0.8565860 -0.5403920 -1.009580 -0.9023840  1.0382600 0.2809580
  4 0.695092 -0.1063840  0.0429348 -0.913636 -0.9925610  1.2404800 0.3053170
  5 1.520730 -0.1464650 -2.2030200 -1.367680 -0.1725200  1.2705000 0.0283694
  6 0.349617 -0.7486350 -0.4273500 -0.272823 -0.8762020  0.7558110 0.1901200
  7 0.175908 -0.1333220 -0.2002520 -0.281953  0.1330450  1.0542400 0.0706502
  8 0.115362 -0.1137700  0.6715430 -1.678580 -0.0427392 -0.0792073 0.2695450
   year
age       1987      1988      1989        1990       1991      1992       1993
  1 -0.8248160 0.3489060 -0.953786  0.00337163  0.3564170  1.135360 -0.7719030
  2 -0.4188180 0.0511113 -0.676334  0.10258100 -0.1650020  0.103056 -0.8001320
  3 -0.5666300 0.6806710 -0.334293  0.04613810 -0.3558180  0.222998 -0.3689080
  4 -0.6904390 1.0037800 -0.394536  0.18864300 -0.5328760  0.699763 -0.3169540
  5 -0.1237570 1.3352200 -0.580840  0.23817000 -0.3462580  0.540338 -0.1854830
  6 -0.0990673 1.2311200 -0.312623  0.37148000 -0.5109500  0.542830 -0.0501941
  7 -0.0944739 0.2792840 -0.640881 -0.00711630 -0.2218080  0.202098  0.0151930
  8  0.3646190 1.0083800  0.150784  0.09498680 -0.0995908 -0.800391 -0.0249212
   year
age       1994       1995        1996      1997       1998       1999      2000
  1 -0.5382560  0.1662260  1.30419000 1.5555200 -0.0779122  0.2053390 -0.267218
  2  0.2233510  0.4545610  0.63320700 1.8846400  0.0759944  0.1056290 -1.411380
  3  0.1836660  0.2402500  0.10396100 0.6819640  0.2602870  0.1722430 -1.016740
  4 -0.1722900 -0.3269530 -0.83816500 0.7682690  0.8892080 -0.3184330 -1.177660
  5  0.2832550 -0.1130990 -0.23213000 0.8624240  1.5269300 -0.1452540 -1.346300
  6  0.2613650 -0.2526580  0.11366200 0.1206940  0.9234340  0.3302990 -1.649100
  7  0.4717340 -0.2974960  0.00586592 0.4901890  0.4311540  0.3425350 -1.349440
  8  0.0547308 -0.0630671 -0.20404900 0.0553513 -0.3673680 -0.0786246 -1.182940
   year
age      2001      2002        2003      2004      2005       2006      2007
  1 0.3242890 -2.510370 -1.55513000  0.113772  1.135640 -0.0614247  0.749091
  2 1.1240100  0.183959 -0.90339100 -0.550777  0.589742  0.6397560 -0.161595
  3 1.6529400 -1.182050 -0.49918500  0.620107  0.681148  0.8218680 -0.625990
  4 1.7553700 -0.331016  0.96617100 -0.264167  0.791763  0.8411670 -1.599340
  5 1.2400200 -0.574761  0.05747570 -0.249478  0.618315  0.9106490 -1.656900
  6 0.8549790 -0.192331  1.43819000 -1.400120  0.291444  0.5622790 -0.984466
  7 0.8035160  0.116895  0.03691730 -0.446128  0.268203  0.3462890 -0.754212
  8 0.0837008 -1.063510 -0.00806283 -1.388390 -0.390859 -0.0957300 -0.402952
   year
age      2008      2010      2011       2012       2013       2014         2015
  1  0.583898  0.248979  0.456040 -0.9311730  0.3244810  1.7874300 -1.639490000
  2 -1.025340 -0.268192 -0.458465 -0.5935300  0.2482140  0.0859095 -0.272305000
  3 -1.001140 -0.536275 -0.378328 -0.1370360  0.0182168 -0.4459030 -0.155026000
  4 -0.872873 -0.965660 -0.329607  0.3888060 -0.3129780 -1.4228400  0.578716000
  5  0.094876 -0.316421 -0.347380  0.5085490 -0.1130110 -1.3537900  0.000743148
  6  0.332162 -0.833182 -0.478498  0.3124580 -0.1040090 -1.3552600  1.375600000
  7  0.327199  0.053086  0.473243  0.8086890 -0.4055640 -0.5181880  1.142400000
  8  0.364697 -1.196320 -0.318430  0.0692171 -0.9242130 -0.1542460 -0.172030000
   year
age       2016        2017      2018       2019
  1 -0.5214970 -0.55735100  0.303279  0.1292040
  2 -0.5215210 -0.00698284  1.149580  0.0273471
  3 -1.2211000 -0.49741000  1.278810  0.5608670
  4  0.5617990 -0.84798100  0.127185  0.3651610
  5 -0.3971550 -1.48898000  0.361760  0.4460800
  6  0.3755890 -0.89680600 -0.754841 -0.4720480
  7 -0.0798366  0.55725100  1.009820  0.5703120
  8 -0.2196890  0.01663370 -2.725920 -0.4730090


TABLE 7.6.3.20 Irish Sea Herring. PREDICTED INDEX AT AGE Fleet 2

Units  :  NA 
   year
age       1994       1995      1996       1997       1998       1999      2000
  1 174294.208 154616.015 98745.390 144379.424 184093.673  89196.760 92336.981
  2  46681.350 120583.773 86942.304  63329.086  78065.227 120475.296 53204.593
  3  61525.069  16400.056 49286.229  29995.421  18460.526  30384.868 50151.314
  4   9631.555  29210.982  7691.338  24374.676  13685.881   7839.027 14548.163
  5   9381.172   5127.482 15906.132   4385.592  13317.310   6364.112  4252.235
  6   7095.883   4849.350  2762.552   7966.496   2529.432   6445.452  2751.413
  7   3429.741   3479.347  2413.106   1010.975   3474.966   1284.019  3056.574
  8   6397.100   4930.620  3749.958   2079.349   1079.669   2157.445  1665.965
   year
age       2001      2002        2003        2004        2005        2006
  1 130718.312 92097.217 161006.4975 181570.6295 202500.9790 346071.2646
  2  61010.423 75425.448  66516.1464 114073.6989 116576.1516 130626.8416
  3  21141.221 18216.262  25139.6108  26378.3796  52046.8732  40384.4464
  4  27501.615  9130.448   7577.8894  11041.8734  11669.2213  24115.2572
  5   8454.888 13646.659   3928.4884   3303.9698   5417.7181   4789.1585
  6   2491.774  4041.738   6271.3693   1673.1277   1636.4426   2245.6718
  7   1323.374  1245.223   1189.2522   2147.3719    787.5446    795.3880
  8   2230.676  1473.683    841.2846    608.6297   1319.1726    903.8198
   year
age        2007       2008       2009       2010       2011       2012
  1 623996.4761 313545.574 392935.203 450539.035 299748.779 320487.964
  2 233141.3031 366004.168 196084.310 267399.748 293754.599 170194.980
  3  47595.8095  88947.359 141407.348  70820.232  91454.787 114783.153
  4  18833.0767  24629.495  48883.735  63032.138  31653.373  47453.236
  5  13064.9715  12775.059  15365.039  26338.842  32215.404  19401.196
  6   2576.2239   8355.539   7402.255   8230.072  13887.716  18254.557
  7   1113.5852   1840.753   4983.661   4295.787   4824.344   8839.362
  8    870.6238   1192.742   2035.690   3683.431   4182.189   4984.658
   year
age       2013      2014       2015       2016       2017       2018       2019
  1 179279.263 384116.05 406280.871 220598.591 217183.957 401715.739 704187.546
  2 233701.514 124704.22 230130.082 309588.724 162689.703 174555.845 274498.205
  3  60882.436  86137.49  47141.076  89071.972 133132.480  78174.595  72113.749
  4  53050.523  24994.22  40340.048  25486.393  42505.978  79873.547  39269.366
  5  25557.855  28164.00  14702.458  22688.194  10931.021  25460.920  49771.609
  6  10583.696  12368.03  16882.789   9069.297  12525.477   6164.486  13966.544
  7  10512.917   5985.11   7086.735   8920.524   5110.436   8280.097   4180.433
  8   7406.698  10379.94   8283.079   8026.870   8256.120   5311.449   6991.218


TABLE 7.6.3.21 Irish Sea Herring. INDEX AT AGE RESIDUALS Fleet 2

Units  :  NA 
   year
age       1994        1995      1996       1997      1998      1999      2000
  1 -1.0354100  0.78266500 -2.337490 -0.0793512 -0.551878  0.615872 -0.175061
  2  0.6248100 -0.62829100 -1.180540 -0.3888740 -1.724980 -0.719865  1.092080
  3  0.2928260 -0.52199700  0.515919 -1.1590400 -1.356500  0.185386  1.218250
  4  0.3418500  0.00196084  0.249671 -1.3091500 -0.640590 -0.703493  1.048390
  5 -0.0144455 -0.18762500  0.836469 -1.5080500 -1.183420  0.784417  1.052770
  6  0.0804097 -0.42267900  0.534048 -0.7251890 -0.456929  0.960337  0.881691
  7  0.1555400  0.44037500  1.161290 -0.7405090 -0.561107  0.273794  0.611478
  8  0.5942890  0.43447800  0.568659 -0.1101130 -0.421430  1.386820  0.450880
   year
age       2001       2002        2003       2004       2005       2006
  1  1.1738800  1.5615600  0.83627100  0.3058500 -0.8251090  0.0859125
  2  0.6995380 -0.0778199  1.96490000  0.0208807 -0.0962558 -0.4952280
  3 -1.1980800  0.9100000  0.39548300  0.1888450  1.0244100 -1.5596000
  4 -0.7435840  1.6415000 -0.77239100  0.5462020  0.6202230 -1.4487900
  5 -0.1527670  1.3622700 -0.00313581 -0.7703830  0.6461400 -3.6155300
  6 -0.7734940  1.6850800 -0.55439200  0.4119180 -0.9115790 -2.3409600
  7 -0.9703510  1.0298100 -0.25482800 -2.8513700 -0.3375250 -0.6600650
  8  0.0186458  1.4357200  0.09605770 -1.2062400  1.9204300 -0.8503660
   year
age       2007      2008       2009      2010      2011       2012       2013
  1  0.8065680  0.450165 -0.0614238 0.2739360  2.009780  0.1525090 -0.6302720
  2  0.1230780  0.347938 -0.1166880 1.2178200  0.191933  0.1971190  0.3273210
  3 -0.0357813  0.410565  0.3762260 0.8344230 -1.207100  0.5554840  0.4811420
  4  0.1867680  0.758200  1.0518400 1.0681800 -1.229000  0.1300280  0.0395915
  5  0.7652110  1.190370  1.2299600 0.4350620 -0.634304  0.1796050  0.7824670
  6 -0.9903260  0.925501  0.9216120 0.9218030 -1.022970  0.0711802  0.3097930
  7 -0.5688760  1.085840  1.3333100 0.0120746 -0.745184  0.4075450  0.0741657
  8 -0.5812870 -0.892777  1.5768400 0.7267970 -0.983062 -0.6040060 -0.1153610
   year
age      2014      2015      2016      2017       2018      2019
  1 -0.268097  0.206540 -0.558699 -1.770150 -0.5660700 -0.269104
  2  0.719563 -0.794795  0.611798 -0.978829 -0.6061440 -0.169942
  3  0.642197 -1.031720  1.741350 -0.404681 -0.3457550 -0.785881
  4  0.282817 -1.417540  2.404790  0.466624  0.5385850 -1.010460
  5  0.697251 -0.578159  0.576754 -0.317987  0.2449420 -0.597468
  6  0.438147 -0.822064  0.910819  0.625700  0.2790100 -0.576551
  7  0.351254 -1.713170 -0.115986 -0.195500 -0.0566582 -1.057430
  8  0.238934 -0.837209 -0.169674  0.460639 -0.0646573 -2.683500


TABLE 7.6.3.22 Irish Sea Herring. PREDICTED INDEX AT AGE Fleet 3

Units  :  NA 
   year
age     2007     2008     2009     2010     2011     2012     2013     2014
  8 20178.24 25827.63 25962.28 27119.27 27002.91 24299.23 21826.93 23026.48
   year
age    2015     2016     2017     2018     2019
  8 21211.1 23188.23 21399.23 20821.26 26365.19


TABLE 7.6.3.23 Irish Sea Herring. INDEX AT AGE RESIDUALS Fleet 3

Units  :  NA 
   year
age   2007     2008    2009    2010    2011    2012    2013     2014    2015
  8 1.3564 0.765378 1.71452 1.92088 1.31183 1.20506 2.61432 0.331487 1.65272
   year
age    2016    2017     2018     2019
  8 1.84071 1.05422 0.991238 0.705215



TABLE 7.6.3.25 Irish Sea Herring. FIT PARAMETERS

           name     value  std.dev
1       logFpar  0.708490 0.216880
2       logFpar  0.941180 0.169290
3       logFpar  0.584720 0.175110
4       logFpar  0.479800 0.178310
5  logSdLogFsta -2.024400 0.633960
6  logSdLogFsta -2.181600 0.379060
7  logSdLogFsta -2.172100 0.499410
8  logSdLogFsta -0.658980 0.230360
9     logSdLogN -1.339000 0.199400
10  logSdLogObs -0.197560 0.144260
11  logSdLogObs -0.926490 0.128780
12  logSdLogObs -0.840040 0.108810
13  logSdLogObs -0.077034 0.159160
14  logSdLogObs -0.496220 0.080362
15  logSdLogObs -0.258530 0.096238


TABLE 7.6.3.26 Irish Sea Herring. NEGATIVE LOG-LIKELIHOOD

549.809


