TABLE 5.6.1 Herring in VIa (combined) and VIIbc. CATCH IN NUMBER

Units  :  thousands 
   year
age  1957   1958   1959   1960  1961  1962  1963  1964   1965   1966   1967
  1  6496  15695  54063   3940 14473 55278 11890 26609 299701 211675 207947
  2 80817  33616  74615 115501 50809 99167 82849 87652  23351 517616  28648
  3 66094 152801  38547  65703 72914 27189 57688 74309  72085  45317 273723
  4 26882  43895 124307  25388 38321 76706 13310 29583  67768  70793  49755
  5 38989  28108  27898  50558 24455 49002 42796  8857  24525  38471  48320
  6 21547  32025  18942  12196 14296 22707 28698 27075   7001  22691  36143
  7  9643  19986  18833  11096  5791 27787 10171 21347  28806  12656  15226
  8  1658  10795   8158   6770  5370  7614 14585 10109  21475  20790  10397
  9  4817   8887   9364   4856  2887  8435  7885 17655  23515  33175  33967
   year
age   1968   1969   1970   1971   1972   1973   1974   1975   1976   1977  1978
  1 220870  39160 238361 208594 535964  57593 312390 180239  85666  39321 32695
  2 105348 107189 134128 341260 650282 276017 154350 243395 348615  92251 86604
  3  26031  84565 279726 419854 195671 855656 192141 114183 139060 109230 47666
  4 243304  27604 125140 313064  60396 148347 563757  92893  62046  39293 54000
  5  19679 264558  31636 110783  77859  70503 100323 211920  50512  22292 17564
  6  28436  25795 182580  29495  35773  67025  58565  41304  91289  22135  9189
  7  17699  45908  24591 194977  14585  27433  45530  18206  16126  26526  6370
  8   7275  27932  28740  19104 102945   8475  32742  22499   7510   4118  9916
  9  14389  29258  25993  34159  20936  83203  51591  45727  27717   5636  4868
   year
age  1979  1980   1981   1982   1983   1984   1985   1986   1987   1988   1989
  1  6166  5548  38360  14052  83440   5001  50400  34686  31612   1708   8457
  2 50213 40337 100226 268146 121498 270259  83988 182073 110114 148511  43682
  3 19238 65041 147394  89183 142277  78488 215754 113890 125676  88035 188343
  4 19988 25191  92801 121764  54578  52855  29970 185243  73529  69429  45072
  5  9362 22139  34285  76732  74317  22138  26452  33480 149341  43142  39590
  6  8430  7757  25369  31701  45638  24202  14269  25988  23655  74247  22597
  7  5447  6954  15044  15605  21404  15274  16092   8274  19946  10198  39929
  8  4424  4345   4044  17063  11766   6435  10910   6849   9590   4704   5835
  9  4090  5334   6546   6902  12735   5979   4357   4098  16170   4324   6541
   year
age   1990   1991   1992   1993  1994   1995   1996   1997   1998   1999  2000
  1  15172  27071   7845  17910 13437    550   6728   8651  16529  10027  8612
  2  65844  57450  39988 115850 92710 116647  62278 112139 146944  86506 57525
  3  60279  53039  67454  41376 71418  65812 100206  60912 115183 155239 60750
  4 226257  40632  50572  52945 22884  39889  40347  70399  70231  59979 82126
  5  50882 137961  34382  36648 29205  24509  17350  37701  53037  23456 28850
  6  33469  31454 107176  28348 21745  20286  17815  23477  23510  13416 11737
  7  26192  22446  14886  86451 19112  14554  12858  18682  13923   5131  5362
  8  29640  18203  12520  12382 43887  16556  20921   8631   6259   2343  2526
  9   6652  12116  11797   9753 20299  24002  37580  14147   6269   2038  2178
   year
age   2001   2002  2003  2004  2005  2006  2007  2008  2009  2010  2011  2012
  1   2463   5050  1787  1401   392   730   207   483  2126 11345  1788  6122
  2 105035  71122 66151 22358 37756 28727 58903 20163 24083 33847 54795 27797
  3  37149 131724 75580 56475 54133 45886 61713 32700 22553 36458 25098 63034
  4  27103  27896 77956 49142 47489 44226 29954 33911 28683 16499 19448 13746
  5  43625  29737 16895 57400 21012 63024 28003 14330 20906 22196 10576  9873
  6  19498  38231  9521  9076 15235 36862 36040 11678 10928 13102  8851  6865
  7   8555  11787 15343  9647  2363 23391 23342 17570  9555  6885  6035  4415
  8   5769   3153 10111  9999  2053  3874 13816  8887 12647  6050  3591  1233
  9   1537   2067  1711  4589  1674  5458  4374  9236  9461 13388  7321  4035
   year
age  2013  2014  2015
  1    61    34   258
  2 16799  9171 12697
  3 22714 23970 14536
  4 65355 27799 18270
  5 13347 54375 21086
  6  8885  9537 22306
  7  5524  3989  6493
  8  4707  3291  1942
  9  5234  3715  1251


TABLE 5.6.2 Herring in VIa (combined) and VIIbc. WEIGHTS AT AGE IN THE CATCH

Units  :  kg 
   year
age  1957  1958  1959  1960  1961  1962  1963  1964  1965  1966  1967  1968
  1 0.079 0.079 0.080 0.086 0.085 0.079 0.080 0.079 0.079 0.079 0.079 0.079
  2 0.108 0.109 0.107 0.112 0.111 0.107 0.108 0.108 0.109 0.105 0.105 0.106
  3 0.139 0.134 0.134 0.138 0.142 0.140 0.137 0.136 0.136 0.139 0.137 0.135
  4 0.161 0.167 0.161 0.168 0.169 0.165 0.170 0.169 0.164 0.163 0.166 0.165
  5 0.176 0.176 0.171 0.168 0.172 0.171 0.171 0.187 0.170 0.215 0.172 0.173
  6 0.178 0.185 0.176 0.176 0.185 0.180 0.182 0.185 0.188 0.178 0.179 0.176
  7 0.188 0.195 0.187 0.189 0.189 0.191 0.201 0.198 0.194 0.209 0.192 0.184
  8 0.199 0.193 0.190 0.192 0.195 0.199 0.192 0.202 0.191 0.191 0.208 0.188
  9 0.194 0.209 0.191 0.192 0.198 0.199 0.220 0.207 0.197 0.195 0.198 0.195
   year
age  1969  1970  1971  1972  1973  1974  1975  1976  1977  1978  1979  1980
  1 0.080 0.079 0.079 0.079 0.092 0.090 0.091 0.094 0.092 0.096 0.109 0.100
  2 0.108 0.111 0.104 0.105 0.122 0.123 0.122 0.122 0.125 0.125 0.129 0.129
  3 0.136 0.133 0.131 0.134 0.158 0.159 0.160 0.160 0.159 0.162 0.165 0.165
  4 0.164 0.161 0.159 0.161 0.177 0.176 0.180 0.182 0.182 0.179 0.191 0.191
  5 0.174 0.170 0.168 0.170 0.188 0.190 0.189 0.198 0.199 0.200 0.209 0.209
  6 0.181 0.181 0.177 0.185 0.209 0.208 0.210 0.209 0.213 0.215 0.222 0.222
  7 0.184 0.186 0.191 0.195 0.222 0.221 0.222 0.222 0.221 0.227 0.231 0.231
  8 0.187 0.186 0.189 0.208 0.227 0.228 0.229 0.230 0.228 0.229 0.237 0.237
  9 0.192 0.189 0.189 0.197 0.234 0.234 0.236 0.234 0.237 0.236 0.241 0.241
   year
age  1981  1982  1983  1984  1985  1986  1987  1988  1989  1990  1991  1992
  1 0.091 0.082 0.080 0.095 0.071 0.113 0.078 0.080 0.081 0.080 0.084 0.092
  2 0.123 0.139 0.136 0.140 0.106 0.144 0.127 0.109 0.140 0.132 0.128 0.128
  3 0.160 0.173 0.172 0.177 0.142 0.171 0.162 0.144 0.143 0.165 0.152 0.160
  4 0.180 0.202 0.199 0.207 0.171 0.195 0.187 0.163 0.175 0.167 0.189 0.175
  5 0.195 0.226 0.222 0.229 0.188 0.214 0.191 0.183 0.181 0.193 0.179 0.204
  6 0.214 0.245 0.241 0.245 0.203 0.228 0.209 0.180 0.193 0.203 0.204 0.186
  7 0.221 0.260 0.258 0.259 0.212 0.240 0.218 0.201 0.201 0.207 0.211 0.207
  8 0.233 0.275 0.271 0.272 0.224 0.217 0.229 0.201 0.196 0.229 0.227 0.215
  9 0.238 0.273 0.277 0.263 0.231 0.274 0.233 0.216 0.224 0.242 0.245 0.236
   year
age  1993  1994  1995  1996  1997  1998  1999  2000  2001  2002  2003  2004
  1 0.089 0.081 0.093 0.084 0.092 0.096 0.083 0.092 0.084 0.099 0.101 0.085
  2 0.130 0.141 0.141 0.134 0.135 0.137 0.138 0.132 0.136 0.137 0.139 0.145
  3 0.155 0.166 0.170 0.174 0.168 0.149 0.153 0.157 0.149 0.156 0.156 0.160
  4 0.176 0.180 0.183 0.188 0.192 0.177 0.168 0.179 0.173 0.161 0.168 0.184
  5 0.190 0.191 0.186 0.212 0.214 0.194 0.189 0.192 0.188 0.166 0.184 0.211
  6 0.207 0.192 0.201 0.212 0.221 0.209 0.203 0.208 0.192 0.183 0.198 0.205
  7 0.202 0.220 0.202 0.235 0.218 0.218 0.216 0.230 0.208 0.190 0.198 0.202
  8 0.242 0.212 0.216 0.239 0.235 0.217 0.220 0.260 0.224 0.231 0.188 0.192
  9 0.246 0.243 0.241 0.282 0.256 0.207 0.224 0.217 0.252 0.263 0.282 0.302
   year
age  2005  2006  2007  2008  2009  2010  2011  2012  2013  2014  2015
  1 0.107 0.103 0.116 0.111 0.109 0.084 0.064 0.087 0.083 0.105 0.078
  2 0.134 0.142 0.157 0.157 0.159 0.145 0.146 0.141 0.140 0.145 0.138
  3 0.156 0.146 0.157 0.172 0.191 0.177 0.171 0.187 0.168 0.169 0.178
  4 0.172 0.169 0.174 0.176 0.219 0.203 0.197 0.204 0.192 0.191 0.198
  5 0.192 0.194 0.195 0.188 0.218 0.223 0.221 0.216 0.199 0.215 0.209
  6 0.212 0.213 0.216 0.216 0.231 0.225 0.223 0.227 0.209 0.227 0.229
  7 0.215 0.240 0.215 0.244 0.249 0.230 0.233 0.239 0.228 0.241 0.238
  8 0.248 0.253 0.261 0.277 0.252 0.238 0.239 0.278 0.234 0.251 0.245
  9 0.256 0.273 0.301 0.286 0.273 0.255 0.252 0.247 0.247 0.278 0.269


TABLE 5.6.3 Herring in VIa (combined) and VIIbc. WEIGHTS AT AGE IN THE STOCK

Units  :  kg 
   year
age  1957  1958  1959  1960  1961  1962  1963  1964  1965  1966  1967  1968
  1 0.090 0.090 0.090 0.090 0.090 0.090 0.090 0.090 0.090 0.090 0.090 0.090
  2 0.164 0.164 0.164 0.164 0.164 0.164 0.164 0.164 0.164 0.164 0.164 0.164
  3 0.208 0.208 0.208 0.208 0.208 0.208 0.208 0.208 0.208 0.208 0.208 0.208
  4 0.233 0.233 0.233 0.233 0.233 0.233 0.233 0.233 0.233 0.233 0.233 0.233
  5 0.246 0.246 0.246 0.246 0.246 0.246 0.246 0.246 0.246 0.246 0.246 0.246
  6 0.252 0.252 0.252 0.252 0.252 0.252 0.252 0.252 0.252 0.252 0.252 0.252
  7 0.258 0.258 0.258 0.258 0.258 0.258 0.258 0.258 0.258 0.258 0.258 0.258
  8 0.269 0.269 0.269 0.269 0.269 0.269 0.269 0.269 0.269 0.269 0.269 0.269
  9 0.292 0.292 0.292 0.292 0.292 0.292 0.292 0.292 0.292 0.292 0.292 0.292
   year
age  1969  1970  1971  1972  1973  1974  1975  1976  1977  1978  1979  1980
  1 0.090 0.090 0.090 0.090 0.090 0.090 0.090 0.090 0.090 0.090 0.090 0.090
  2 0.164 0.164 0.164 0.164 0.164 0.164 0.164 0.164 0.164 0.164 0.164 0.164
  3 0.208 0.208 0.208 0.208 0.208 0.208 0.208 0.208 0.208 0.208 0.208 0.208
  4 0.233 0.233 0.233 0.233 0.233 0.233 0.233 0.233 0.233 0.233 0.233 0.233
  5 0.246 0.246 0.246 0.246 0.246 0.246 0.246 0.246 0.246 0.246 0.246 0.246
  6 0.252 0.252 0.252 0.252 0.252 0.252 0.252 0.252 0.252 0.252 0.252 0.252
  7 0.258 0.258 0.258 0.258 0.258 0.258 0.258 0.258 0.258 0.258 0.258 0.258
  8 0.269 0.269 0.269 0.269 0.269 0.269 0.269 0.269 0.269 0.269 0.269 0.269
  9 0.292 0.292 0.292 0.292 0.292 0.292 0.292 0.292 0.292 0.292 0.292 0.292
   year
age  1981  1982  1983  1984  1985  1986  1987  1988  1989  1990  1991  1992
  1 0.090 0.090 0.090 0.090 0.090 0.090 0.090 0.090 0.090 0.090 0.090 0.068
  2 0.164 0.164 0.164 0.164 0.164 0.164 0.164 0.164 0.164 0.164 0.164 0.152
  3 0.208 0.208 0.208 0.208 0.208 0.208 0.208 0.208 0.208 0.208 0.208 0.186
  4 0.233 0.233 0.233 0.233 0.233 0.233 0.233 0.233 0.233 0.233 0.233 0.206
  5 0.246 0.246 0.246 0.246 0.246 0.246 0.246 0.246 0.246 0.246 0.246 0.233
  6 0.252 0.252 0.252 0.252 0.252 0.252 0.252 0.252 0.252 0.252 0.252 0.253
  7 0.258 0.258 0.258 0.258 0.258 0.258 0.258 0.258 0.258 0.258 0.258 0.273
  8 0.269 0.269 0.269 0.269 0.269 0.269 0.269 0.269 0.269 0.269 0.269 0.299
  9 0.292 0.292 0.292 0.292 0.292 0.292 0.292 0.292 0.292 0.292 0.292 0.302
   year
age  1993  1994  1995  1996  1997  1998  1999  2000  2001  2002  2003  2004
  1 0.073 0.052 0.042 0.045 0.054 0.066 0.054 0.062 0.062 0.062 0.064 0.059
  2 0.164 0.150 0.144 0.140 0.142 0.138 0.137 0.141 0.132 0.153 0.138 0.138
  3 0.196 0.192 0.191 0.180 0.180 0.176 0.166 0.173 0.170 0.177 0.176 0.159
  4 0.206 0.220 0.202 0.209 0.199 0.194 0.188 0.183 0.190 0.198 0.190 0.180
  5 0.225 0.221 0.225 0.219 0.213 0.214 0.203 0.194 0.198 0.212 0.204 0.189
  6 0.234 0.233 0.227 0.222 0.222 0.226 0.219 0.204 0.212 0.215 0.213 0.202
  7 0.253 0.241 0.247 0.229 0.231 0.234 0.225 0.211 0.220 0.225 0.217 0.213
  8 0.259 0.270 0.260 0.242 0.242 0.225 0.235 0.222 0.236 0.243 0.223 0.214
  9 0.276 0.296 0.293 0.263 0.263 0.249 0.245 0.230 0.254 0.259 0.228 0.206
   year
age   2005  2006   2007  2008  2009  2010  2011  2012       2013  2014
  1 0.0751 0.075 0.0750 0.055 0.059 0.068 0.057 0.066 0.06366667 0.064
  2 0.1296 0.135 0.1675 0.172 0.151 0.162 0.132 0.150 0.15500000 0.108
  3 0.1538 0.166 0.1830 0.191 0.206 0.194 0.160 0.183 0.16500000 0.158
  4 0.1665 0.185 0.1914 0.208 0.223 0.227 0.208 0.189 0.20200000 0.180
  5 0.1802 0.192 0.1951 0.214 0.233 0.239 0.236 0.206 0.21000000 0.206
  6 0.1911 0.204 0.1951 0.214 0.231 0.248 0.245 0.217 0.23600000 0.214
  7 0.2125 0.211 0.2021 0.221 0.232 0.258 0.238 0.214 0.24300000 0.231
  8 0.2030 0.224 0.2034 0.224 0.232 0.226 0.222 0.218 0.24500000 0.244
  9 0.2284 0.231 0.2138 0.238 0.238 0.212 0.253 0.215 0.25400000 0.264
   year
age       2015
  1 0.06373333
  2 0.15500000
  3 0.18300000
  4 0.19500000
  5 0.20400000
  6 0.21100000
  7 0.21700000
  8 0.21500000
  9 0.22000000


TABLE 5.6.4 Herring in VIa (combined) and VIIbc. NATURAL MORTALITY

Units  :  NA 
   year
age     1957     1958     1959     1960     1961     1962     1963     1964
  1 0.767005 0.767005 0.767005 0.767005 0.767005 0.767005 0.767005 0.767005
  2 0.384728 0.384728 0.384728 0.384728 0.384728 0.384728 0.384728 0.384728
  3 0.355633 0.355633 0.355633 0.355633 0.355633 0.355633 0.355633 0.355633
  4 0.338791 0.338791 0.338791 0.338791 0.338791 0.338791 0.338791 0.338791
  5 0.319385 0.319385 0.319385 0.319385 0.319385 0.319385 0.319385 0.319385
  6 0.313574 0.313574 0.313574 0.313574 0.313574 0.313574 0.313574 0.313574
  7 0.306805 0.306805 0.306805 0.306805 0.306805 0.306805 0.306805 0.306805
  8 0.306805 0.306805 0.306805 0.306805 0.306805 0.306805 0.306805 0.306805
  9 0.306805 0.306805 0.306805 0.306805 0.306805 0.306805 0.306805 0.306805
   year
age     1965     1966     1967     1968     1969     1970     1971     1972
  1 0.767005 0.767005 0.767005 0.767005 0.767005 0.767005 0.767005 0.767005
  2 0.384728 0.384728 0.384728 0.384728 0.384728 0.384728 0.384728 0.384728
  3 0.355633 0.355633 0.355633 0.355633 0.355633 0.355633 0.355633 0.355633
  4 0.338791 0.338791 0.338791 0.338791 0.338791 0.338791 0.338791 0.338791
  5 0.319385 0.319385 0.319385 0.319385 0.319385 0.319385 0.319385 0.319385
  6 0.313574 0.313574 0.313574 0.313574 0.313574 0.313574 0.313574 0.313574
  7 0.306805 0.306805 0.306805 0.306805 0.306805 0.306805 0.306805 0.306805
  8 0.306805 0.306805 0.306805 0.306805 0.306805 0.306805 0.306805 0.306805
  9 0.306805 0.306805 0.306805 0.306805 0.306805 0.306805 0.306805 0.306805
   year
age     1973     1974     1975     1976     1977     1978     1979     1980
  1 0.767005 0.767005 0.767005 0.767005 0.767005 0.767005 0.767005 0.767005
  2 0.384728 0.384728 0.384728 0.384728 0.384728 0.384728 0.384728 0.384728
  3 0.355633 0.355633 0.355633 0.355633 0.355633 0.355633 0.355633 0.355633
  4 0.338791 0.338791 0.338791 0.338791 0.338791 0.338791 0.338791 0.338791
  5 0.319385 0.319385 0.319385 0.319385 0.319385 0.319385 0.319385 0.319385
  6 0.313574 0.313574 0.313574 0.313574 0.313574 0.313574 0.313574 0.313574
  7 0.306805 0.306805 0.306805 0.306805 0.306805 0.306805 0.306805 0.306805
  8 0.306805 0.306805 0.306805 0.306805 0.306805 0.306805 0.306805 0.306805
  9 0.306805 0.306805 0.306805 0.306805 0.306805 0.306805 0.306805 0.306805
   year
age     1981     1982     1983     1984     1985     1986     1987     1988
  1 0.767005 0.767005 0.767005 0.767005 0.767005 0.767005 0.767005 0.767005
  2 0.384728 0.384728 0.384728 0.384728 0.384728 0.384728 0.384728 0.384728
  3 0.355633 0.355633 0.355633 0.355633 0.355633 0.355633 0.355633 0.355633
  4 0.338791 0.338791 0.338791 0.338791 0.338791 0.338791 0.338791 0.338791
  5 0.319385 0.319385 0.319385 0.319385 0.319385 0.319385 0.319385 0.319385
  6 0.313574 0.313574 0.313574 0.313574 0.313574 0.313574 0.313574 0.313574
  7 0.306805 0.306805 0.306805 0.306805 0.306805 0.306805 0.306805 0.306805
  8 0.306805 0.306805 0.306805 0.306805 0.306805 0.306805 0.306805 0.306805
  9 0.306805 0.306805 0.306805 0.306805 0.306805 0.306805 0.306805 0.306805
   year
age     1989     1990     1991     1992     1993     1994     1995     1996
  1 0.767005 0.767005 0.767005 0.767005 0.767005 0.767005 0.767005 0.767005
  2 0.384728 0.384728 0.384728 0.384728 0.384728 0.384728 0.384728 0.384728
  3 0.355633 0.355633 0.355633 0.355633 0.355633 0.355633 0.355633 0.355633
  4 0.338791 0.338791 0.338791 0.338791 0.338791 0.338791 0.338791 0.338791
  5 0.319385 0.319385 0.319385 0.319385 0.319385 0.319385 0.319385 0.319385
  6 0.313574 0.313574 0.313574 0.313574 0.313574 0.313574 0.313574 0.313574
  7 0.306805 0.306805 0.306805 0.306805 0.306805 0.306805 0.306805 0.306805
  8 0.306805 0.306805 0.306805 0.306805 0.306805 0.306805 0.306805 0.306805
  9 0.306805 0.306805 0.306805 0.306805 0.306805 0.306805 0.306805 0.306805
   year
age     1997     1998     1999     2000     2001     2002     2003     2004
  1 0.767005 0.767005 0.767005 0.767005 0.767005 0.767005 0.767005 0.767005
  2 0.384728 0.384728 0.384728 0.384728 0.384728 0.384728 0.384728 0.384728
  3 0.355633 0.355633 0.355633 0.355633 0.355633 0.355633 0.355633 0.355633
  4 0.338791 0.338791 0.338791 0.338791 0.338791 0.338791 0.338791 0.338791
  5 0.319385 0.319385 0.319385 0.319385 0.319385 0.319385 0.319385 0.319385
  6 0.313574 0.313574 0.313574 0.313574 0.313574 0.313574 0.313574 0.313574
  7 0.306805 0.306805 0.306805 0.306805 0.306805 0.306805 0.306805 0.306805
  8 0.306805 0.306805 0.306805 0.306805 0.306805 0.306805 0.306805 0.306805
  9 0.306805 0.306805 0.306805 0.306805 0.306805 0.306805 0.306805 0.306805
   year
age     2005     2006     2007     2008     2009     2010     2011     2012
  1 0.767005 0.767005 0.767005 0.767005 0.767005 0.767005 0.767005 0.767005
  2 0.384728 0.384728 0.384728 0.384728 0.384728 0.384728 0.384728 0.384728
  3 0.355633 0.355633 0.355633 0.355633 0.355633 0.355633 0.355633 0.355633
  4 0.338791 0.338791 0.338791 0.338791 0.338791 0.338791 0.338791 0.338791
  5 0.319385 0.319385 0.319385 0.319385 0.319385 0.319385 0.319385 0.319385
  6 0.313574 0.313574 0.313574 0.313574 0.313574 0.313574 0.313574 0.313574
  7 0.306805 0.306805 0.306805 0.306805 0.306805 0.306805 0.306805 0.306805
  8 0.306805 0.306805 0.306805 0.306805 0.306805 0.306805 0.306805 0.306805
  9 0.306805 0.306805 0.306805 0.306805 0.306805 0.306805 0.306805 0.306805
   year
age     2013     2014     2015
  1 0.767005 0.767005 0.767005
  2 0.384728 0.384728 0.384728
  3 0.355633 0.355633 0.355633
  4 0.338791 0.338791 0.338791
  5 0.319385 0.319385 0.319385
  6 0.313574 0.313574 0.313574
  7 0.306805 0.306805 0.306805
  8 0.306805 0.306805 0.306805
  9 0.306805 0.306805 0.306805


TABLE 5.6.5 Herring in VIa (combined) and VIIbc. PROPORTION MATURE

Units  :  NA 
   year
age 1957 1958 1959 1960 1961 1962 1963 1964 1965 1966 1967 1968 1969 1970 1971
  1 0.00 0.00 0.00 0.00 0.00 0.00 0.00 0.00 0.00 0.00 0.00 0.00 0.00 0.00 0.00
  2 0.57 0.57 0.57 0.57 0.57 0.57 0.57 0.57 0.57 0.57 0.57 0.57 0.57 0.57 0.57
  3 0.96 0.96 0.96 0.96 0.96 0.96 0.96 0.96 0.96 0.96 0.96 0.96 0.96 0.96 0.96
  4 1.00 1.00 1.00 1.00 1.00 1.00 1.00 1.00 1.00 1.00 1.00 1.00 1.00 1.00 1.00
  5 1.00 1.00 1.00 1.00 1.00 1.00 1.00 1.00 1.00 1.00 1.00 1.00 1.00 1.00 1.00
  6 1.00 1.00 1.00 1.00 1.00 1.00 1.00 1.00 1.00 1.00 1.00 1.00 1.00 1.00 1.00
  7 1.00 1.00 1.00 1.00 1.00 1.00 1.00 1.00 1.00 1.00 1.00 1.00 1.00 1.00 1.00
  8 1.00 1.00 1.00 1.00 1.00 1.00 1.00 1.00 1.00 1.00 1.00 1.00 1.00 1.00 1.00
  9 1.00 1.00 1.00 1.00 1.00 1.00 1.00 1.00 1.00 1.00 1.00 1.00 1.00 1.00 1.00
   year
age 1972 1973 1974 1975 1976 1977 1978 1979 1980 1981 1982 1983 1984 1985 1986
  1 0.00 0.00 0.00 0.00 0.00 0.00 0.00 0.00 0.00 0.00 0.00 0.00 0.00 0.00 0.00
  2 0.57 0.57 0.57 0.57 0.57 0.57 0.57 0.57 0.57 0.57 0.57 0.57 0.57 0.57 0.57
  3 0.96 0.96 0.96 0.96 0.96 0.96 0.96 0.96 0.96 0.96 0.96 0.96 0.96 0.96 0.96
  4 1.00 1.00 1.00 1.00 1.00 1.00 1.00 1.00 1.00 1.00 1.00 1.00 1.00 1.00 1.00
  5 1.00 1.00 1.00 1.00 1.00 1.00 1.00 1.00 1.00 1.00 1.00 1.00 1.00 1.00 1.00
  6 1.00 1.00 1.00 1.00 1.00 1.00 1.00 1.00 1.00 1.00 1.00 1.00 1.00 1.00 1.00
  7 1.00 1.00 1.00 1.00 1.00 1.00 1.00 1.00 1.00 1.00 1.00 1.00 1.00 1.00 1.00
  8 1.00 1.00 1.00 1.00 1.00 1.00 1.00 1.00 1.00 1.00 1.00 1.00 1.00 1.00 1.00
  9 1.00 1.00 1.00 1.00 1.00 1.00 1.00 1.00 1.00 1.00 1.00 1.00 1.00 1.00 1.00
   year
age 1987 1988 1989 1990 1991 1992 1993 1994 1995 1996 1997 1998 1999 2000 2001
  1 0.00 0.00 0.00 0.00 0.00 0.00 0.00 0.00 0.00 0.00 0.00 0.00 0.00 0.00 0.00
  2 0.57 0.57 0.57 0.57 0.57 0.47 0.93 0.59 0.21 0.76 0.55 0.85 0.57 0.45 0.93
  3 0.96 0.96 0.96 0.96 0.96 1.00 0.96 0.93 0.98 0.94 0.95 0.97 0.98 0.92 0.99
  4 1.00 1.00 1.00 1.00 1.00 1.00 1.00 1.00 1.00 1.00 1.00 1.00 1.00 1.00 1.00
  5 1.00 1.00 1.00 1.00 1.00 1.00 1.00 1.00 1.00 1.00 1.00 1.00 1.00 1.00 1.00
  6 1.00 1.00 1.00 1.00 1.00 1.00 1.00 1.00 1.00 1.00 1.00 1.00 1.00 1.00 1.00
  7 1.00 1.00 1.00 1.00 1.00 1.00 1.00 1.00 1.00 1.00 1.00 1.00 1.00 1.00 1.00
  8 1.00 1.00 1.00 1.00 1.00 1.00 1.00 1.00 1.00 1.00 1.00 1.00 1.00 1.00 1.00
  9 1.00 1.00 1.00 1.00 1.00 1.00 1.00 1.00 1.00 1.00 1.00 1.00 1.00 1.00 1.00
   year
age 2002 2003 2004 2005 2006 2007 2008 2009 2010 2011 2012 2013  2014 2015
  1 0.00 0.00 0.00 0.00 0.00    0 0.00 0.00 0.00 0.00 0.00 0.00 0.000 0.00
  2 0.92 0.76 0.83 0.84 0.81    1 0.91 0.67 0.88 0.50 0.62 0.35 0.178 0.48
  3 1.00 1.00 0.97 1.00 0.97    1 0.99 0.99 0.99 0.93 0.99 0.72 0.730 0.85
  4 1.00 1.00 1.00 1.00 1.00    1 1.00 1.00 1.00 1.00 1.00 0.98 0.990 0.99
  5 1.00 1.00 1.00 1.00 1.00    1 1.00 1.00 1.00 1.00 1.00 0.98 1.000 0.98
  6 1.00 1.00 1.00 1.00 1.00    1 1.00 1.00 1.00 1.00 1.00 1.00 1.000 1.00
  7 1.00 1.00 1.00 1.00 1.00    1 1.00 1.00 1.00 1.00 1.00 1.00 1.000 0.97
  8 1.00 1.00 1.00 1.00 1.00    1 1.00 1.00 1.00 1.00 1.00 1.00 1.000 1.00
  9 1.00 1.00 1.00 1.00 1.00    1 1.00 1.00 1.00 1.00 1.00 1.00 1.000 1.00


TABLE 5.6.6 Herring in VIa (combined) and VIIbc. FRACTION OF HARVEST BEFORE SPAWNING

Units  :  NA 
   year
age 1957 1958 1959 1960 1961 1962 1963 1964 1965 1966 1967 1968 1969 1970 1971
  1 0.67 0.67 0.67 0.67 0.67 0.67 0.67 0.67 0.67 0.67 0.67 0.67 0.67 0.67 0.67
  2 0.67 0.67 0.67 0.67 0.67 0.67 0.67 0.67 0.67 0.67 0.67 0.67 0.67 0.67 0.67
  3 0.67 0.67 0.67 0.67 0.67 0.67 0.67 0.67 0.67 0.67 0.67 0.67 0.67 0.67 0.67
  4 0.67 0.67 0.67 0.67 0.67 0.67 0.67 0.67 0.67 0.67 0.67 0.67 0.67 0.67 0.67
  5 0.67 0.67 0.67 0.67 0.67 0.67 0.67 0.67 0.67 0.67 0.67 0.67 0.67 0.67 0.67
  6 0.67 0.67 0.67 0.67 0.67 0.67 0.67 0.67 0.67 0.67 0.67 0.67 0.67 0.67 0.67
  7 0.67 0.67 0.67 0.67 0.67 0.67 0.67 0.67 0.67 0.67 0.67 0.67 0.67 0.67 0.67
  8 0.67 0.67 0.67 0.67 0.67 0.67 0.67 0.67 0.67 0.67 0.67 0.67 0.67 0.67 0.67
  9 0.67 0.67 0.67 0.67 0.67 0.67 0.67 0.67 0.67 0.67 0.67 0.67 0.67 0.67 0.67
   year
age 1972 1973 1974 1975 1976 1977 1978 1979 1980 1981 1982 1983 1984 1985 1986
  1 0.67 0.67 0.67 0.67 0.67 0.67 0.67 0.67 0.67 0.67 0.67 0.67 0.67 0.67 0.67
  2 0.67 0.67 0.67 0.67 0.67 0.67 0.67 0.67 0.67 0.67 0.67 0.67 0.67 0.67 0.67
  3 0.67 0.67 0.67 0.67 0.67 0.67 0.67 0.67 0.67 0.67 0.67 0.67 0.67 0.67 0.67
  4 0.67 0.67 0.67 0.67 0.67 0.67 0.67 0.67 0.67 0.67 0.67 0.67 0.67 0.67 0.67
  5 0.67 0.67 0.67 0.67 0.67 0.67 0.67 0.67 0.67 0.67 0.67 0.67 0.67 0.67 0.67
  6 0.67 0.67 0.67 0.67 0.67 0.67 0.67 0.67 0.67 0.67 0.67 0.67 0.67 0.67 0.67
  7 0.67 0.67 0.67 0.67 0.67 0.67 0.67 0.67 0.67 0.67 0.67 0.67 0.67 0.67 0.67
  8 0.67 0.67 0.67 0.67 0.67 0.67 0.67 0.67 0.67 0.67 0.67 0.67 0.67 0.67 0.67
  9 0.67 0.67 0.67 0.67 0.67 0.67 0.67 0.67 0.67 0.67 0.67 0.67 0.67 0.67 0.67
   year
age 1987 1988 1989 1990 1991 1992 1993 1994 1995 1996 1997 1998 1999 2000 2001
  1 0.67 0.67 0.67 0.67 0.67 0.67 0.67 0.67 0.67 0.67 0.67 0.67 0.67 0.67 0.67
  2 0.67 0.67 0.67 0.67 0.67 0.67 0.67 0.67 0.67 0.67 0.67 0.67 0.67 0.67 0.67
  3 0.67 0.67 0.67 0.67 0.67 0.67 0.67 0.67 0.67 0.67 0.67 0.67 0.67 0.67 0.67
  4 0.67 0.67 0.67 0.67 0.67 0.67 0.67 0.67 0.67 0.67 0.67 0.67 0.67 0.67 0.67
  5 0.67 0.67 0.67 0.67 0.67 0.67 0.67 0.67 0.67 0.67 0.67 0.67 0.67 0.67 0.67
  6 0.67 0.67 0.67 0.67 0.67 0.67 0.67 0.67 0.67 0.67 0.67 0.67 0.67 0.67 0.67
  7 0.67 0.67 0.67 0.67 0.67 0.67 0.67 0.67 0.67 0.67 0.67 0.67 0.67 0.67 0.67
  8 0.67 0.67 0.67 0.67 0.67 0.67 0.67 0.67 0.67 0.67 0.67 0.67 0.67 0.67 0.67
  9 0.67 0.67 0.67 0.67 0.67 0.67 0.67 0.67 0.67 0.67 0.67 0.67 0.67 0.67 0.67
   year
age 2002 2003 2004 2005 2006 2007 2008 2009 2010 2011 2012 2013 2014 2015
  1 0.67 0.67 0.67 0.67 0.67 0.67 0.67 0.67 0.67 0.67 0.67 0.67 0.67 0.67
  2 0.67 0.67 0.67 0.67 0.67 0.67 0.67 0.67 0.67 0.67 0.67 0.67 0.67 0.67
  3 0.67 0.67 0.67 0.67 0.67 0.67 0.67 0.67 0.67 0.67 0.67 0.67 0.67 0.67
  4 0.67 0.67 0.67 0.67 0.67 0.67 0.67 0.67 0.67 0.67 0.67 0.67 0.67 0.67
  5 0.67 0.67 0.67 0.67 0.67 0.67 0.67 0.67 0.67 0.67 0.67 0.67 0.67 0.67
  6 0.67 0.67 0.67 0.67 0.67 0.67 0.67 0.67 0.67 0.67 0.67 0.67 0.67 0.67
  7 0.67 0.67 0.67 0.67 0.67 0.67 0.67 0.67 0.67 0.67 0.67 0.67 0.67 0.67
  8 0.67 0.67 0.67 0.67 0.67 0.67 0.67 0.67 0.67 0.67 0.67 0.67 0.67 0.67
  9 0.67 0.67 0.67 0.67 0.67 0.67 0.67 0.67 0.67 0.67 0.67 0.67 0.67 0.67


TABLE 5.6.7 Herring in VIa (combined) and VIIbc. FRACTION OF NATURAL MORTALITY BEFORE SPAWNING

Units  :  NA 
   year
age 1957 1958 1959 1960 1961 1962 1963 1964 1965 1966 1967 1968 1969 1970 1971
  1 0.67 0.67 0.67 0.67 0.67 0.67 0.67 0.67 0.67 0.67 0.67 0.67 0.67 0.67 0.67
  2 0.67 0.67 0.67 0.67 0.67 0.67 0.67 0.67 0.67 0.67 0.67 0.67 0.67 0.67 0.67
  3 0.67 0.67 0.67 0.67 0.67 0.67 0.67 0.67 0.67 0.67 0.67 0.67 0.67 0.67 0.67
  4 0.67 0.67 0.67 0.67 0.67 0.67 0.67 0.67 0.67 0.67 0.67 0.67 0.67 0.67 0.67
  5 0.67 0.67 0.67 0.67 0.67 0.67 0.67 0.67 0.67 0.67 0.67 0.67 0.67 0.67 0.67
  6 0.67 0.67 0.67 0.67 0.67 0.67 0.67 0.67 0.67 0.67 0.67 0.67 0.67 0.67 0.67
  7 0.67 0.67 0.67 0.67 0.67 0.67 0.67 0.67 0.67 0.67 0.67 0.67 0.67 0.67 0.67
  8 0.67 0.67 0.67 0.67 0.67 0.67 0.67 0.67 0.67 0.67 0.67 0.67 0.67 0.67 0.67
  9 0.67 0.67 0.67 0.67 0.67 0.67 0.67 0.67 0.67 0.67 0.67 0.67 0.67 0.67 0.67
   year
age 1972 1973 1974 1975 1976 1977 1978 1979 1980 1981 1982 1983 1984 1985 1986
  1 0.67 0.67 0.67 0.67 0.67 0.67 0.67 0.67 0.67 0.67 0.67 0.67 0.67 0.67 0.67
  2 0.67 0.67 0.67 0.67 0.67 0.67 0.67 0.67 0.67 0.67 0.67 0.67 0.67 0.67 0.67
  3 0.67 0.67 0.67 0.67 0.67 0.67 0.67 0.67 0.67 0.67 0.67 0.67 0.67 0.67 0.67
  4 0.67 0.67 0.67 0.67 0.67 0.67 0.67 0.67 0.67 0.67 0.67 0.67 0.67 0.67 0.67
  5 0.67 0.67 0.67 0.67 0.67 0.67 0.67 0.67 0.67 0.67 0.67 0.67 0.67 0.67 0.67
  6 0.67 0.67 0.67 0.67 0.67 0.67 0.67 0.67 0.67 0.67 0.67 0.67 0.67 0.67 0.67
  7 0.67 0.67 0.67 0.67 0.67 0.67 0.67 0.67 0.67 0.67 0.67 0.67 0.67 0.67 0.67
  8 0.67 0.67 0.67 0.67 0.67 0.67 0.67 0.67 0.67 0.67 0.67 0.67 0.67 0.67 0.67
  9 0.67 0.67 0.67 0.67 0.67 0.67 0.67 0.67 0.67 0.67 0.67 0.67 0.67 0.67 0.67
   year
age 1987 1988 1989 1990 1991 1992 1993 1994 1995 1996 1997 1998 1999 2000 2001
  1 0.67 0.67 0.67 0.67 0.67 0.67 0.67 0.67 0.67 0.67 0.67 0.67 0.67 0.67 0.67
  2 0.67 0.67 0.67 0.67 0.67 0.67 0.67 0.67 0.67 0.67 0.67 0.67 0.67 0.67 0.67
  3 0.67 0.67 0.67 0.67 0.67 0.67 0.67 0.67 0.67 0.67 0.67 0.67 0.67 0.67 0.67
  4 0.67 0.67 0.67 0.67 0.67 0.67 0.67 0.67 0.67 0.67 0.67 0.67 0.67 0.67 0.67
  5 0.67 0.67 0.67 0.67 0.67 0.67 0.67 0.67 0.67 0.67 0.67 0.67 0.67 0.67 0.67
  6 0.67 0.67 0.67 0.67 0.67 0.67 0.67 0.67 0.67 0.67 0.67 0.67 0.67 0.67 0.67
  7 0.67 0.67 0.67 0.67 0.67 0.67 0.67 0.67 0.67 0.67 0.67 0.67 0.67 0.67 0.67
  8 0.67 0.67 0.67 0.67 0.67 0.67 0.67 0.67 0.67 0.67 0.67 0.67 0.67 0.67 0.67
  9 0.67 0.67 0.67 0.67 0.67 0.67 0.67 0.67 0.67 0.67 0.67 0.67 0.67 0.67 0.67
   year
age 2002 2003 2004 2005 2006 2007 2008 2009 2010 2011 2012 2013 2014 2015
  1 0.67 0.67 0.67 0.67 0.67 0.67 0.67 0.67 0.67 0.67 0.67 0.67 0.67 0.67
  2 0.67 0.67 0.67 0.67 0.67 0.67 0.67 0.67 0.67 0.67 0.67 0.67 0.67 0.67
  3 0.67 0.67 0.67 0.67 0.67 0.67 0.67 0.67 0.67 0.67 0.67 0.67 0.67 0.67
  4 0.67 0.67 0.67 0.67 0.67 0.67 0.67 0.67 0.67 0.67 0.67 0.67 0.67 0.67
  5 0.67 0.67 0.67 0.67 0.67 0.67 0.67 0.67 0.67 0.67 0.67 0.67 0.67 0.67
  6 0.67 0.67 0.67 0.67 0.67 0.67 0.67 0.67 0.67 0.67 0.67 0.67 0.67 0.67
  7 0.67 0.67 0.67 0.67 0.67 0.67 0.67 0.67 0.67 0.67 0.67 0.67 0.67 0.67
  8 0.67 0.67 0.67 0.67 0.67 0.67 0.67 0.67 0.67 0.67 0.67 0.67 0.67 0.67
  9 0.67 0.67 0.67 0.67 0.67 0.67 0.67 0.67 0.67 0.67 0.67 0.67 0.67 0.67


TABLE 5.6.8 Herring in VIa (combined) and VIIbc. SURVEY INDICES

MS HERAS - Configuration

Malin Shelf assessment  . Imported from VPA file.
      min       max plusgroup   minyear   maxyear    startf      endf 
     1.00      9.00      9.00   2008.00   2015.00      0.52      0.57 
Index type : number

MS HERAS - Index Values

Units  :  NA 
   year
age   2008   2009   2010   2011   2012   2013    2014   2015
  1  50389 772520 132551  62834 796012     -1 1012160     -1
  2 267367 265151 375531 257258 549590 209403  277504 212467
  3 997573 273910 373804 899637 832257 435049  242596 396545
  4 719782 443603 242388 484732 517544 671542  502471 747121
  5 363484 380436 173333 212913 249024 194706  534430 423139
  6 331462 225046 145891 227515 114507  70507  148258 476249
  7 743706 192866 101960 205093 111385  61392   32565  90102
  8 386202 500074 100421 113298  56526  28597   18677  23931
  9 273892 456113 297021 263837 104571  37398   13002   2086

WoS HERAS - Configuration

Malin Shelf assessment  . Imported from VPA file.
      min       max plusgroup   minyear   maxyear    startf      endf 
     1.00      9.00      9.00   1991.00   2007.00      0.52      0.57 
Index type : number

WoS HERAS - Index Values

Units  :  NA 
   year
age   1991   1992   1993   1994    1995   1996   1997    1998    1999   2000
  1 338312  74310   2357 494150  441200  41220 792320 1221700  534200 447600
  2 294484 503430 579320 542080 1103400 576460 641860  794630  322400 316200
  3 327902 210980 689510 607720  473300 802530 286170  666780 1388000 337100
  4 367830 258090 688740 285610  450300 329110 167040  471070  432000 899500
  5 488288 414750 564850 306760  153000  95360  66100  179050  308000 393400
  6 176348 240110 900410 268130  187200  60600  49520   79270  138700 247600
  7  98741 105670 295610 406840  169200  77380  16280   28050   86500 199500
  8  89830  56710 157870 173740  236700  78190  28990   13850   27600  95000
  9  58043  63440 161450 131880  201700 114810  24440   36770   35400  65000
   year
age    2001    2002    2003   2004   2005   2006   2007
  1  313100  424700  438800 564000  50200 112300     -1
  2 1062000  436000 1039400 274500 243400 835200 126000
  3  217700 1436900  932500 760200 230300 387900 294400
  4  172800  199800 1471800 442300 423100 284500 202500
  5  437500  161700  181300 577200 245100 582200 145300
  6  132600  424300  129200  55700 152800 414700 346900
  7  102800  152300  346700  61800  12600 227000 242900
  8   52400   67500  114300  82200  39000  21700 163500
  9   34700   59500   75200  76300  26800  59300  32100

IBTS_Q1 - Configuration

Malin Shelf assessment  . Imported from VPA file.
      min       max plusgroup   minyear   maxyear    startf      endf 
     2.00      9.00      9.00   1987.00   2010.00      0.00      0.25 
Index type : number

IBTS_Q1 - Index Values

Units  :  NA 
   year
age    1987     1988     1989    1990    1991    1992    1993    1994    1995
  2  46.731 3438.321   25.140  58.847 631.824  53.058 122.721 116.670 965.178
  3 336.260  430.836 1075.835  83.597 885.241 132.183 294.270 377.264 169.909
  4 209.288  134.714  145.932 344.779 567.790 122.177 128.267 104.271 117.504
  5 215.407   82.220   87.593  97.848 998.826 152.380 169.440  65.612  38.275
  6  43.763   47.236   66.886  66.287 294.298 135.749 192.090  68.307  55.458
  7   9.183   13.417   17.304  65.323 187.461  46.193 146.600  49.543  38.004
  8  10.353    2.682    6.474  10.261 105.718  32.468  49.505  12.015  43.710
  9   6.284    1.586    1.824   3.787  22.696  21.117  17.329   2.941  15.584
   year
age    1996    1997    1998    1999    2000    2001     2002    2003    2004
  2 383.453 417.688  11.914 189.848 765.224  49.296 1758.926 245.946 730.099
  3 248.635 382.687 113.931 307.107 104.293 123.270  368.190 158.991 624.188
  4  43.605 134.279  41.107 135.236 106.222  94.196  104.680 198.292 398.109
  5  46.867  50.933  22.230  63.084  56.808 189.256   62.439  59.814 470.369
  6  27.309  50.221   6.916  30.863  35.995  93.351  130.905  50.395 149.337
  7  16.139  21.929   7.377  23.276  32.187  69.284   73.802  71.241 127.694
  8  27.261  37.923   5.146  12.944   9.561  30.127   51.218  29.538 100.189
  9  54.021  45.719  14.489  20.234  17.026  25.699   57.611  34.697  85.306
   year
age    2005    2006    2007    2008    2009    2010
  2 185.102 378.437  31.209  66.197  55.510  22.061
  3 138.260 198.644 135.312  72.550 344.224 165.554
  4 273.585  76.948 106.356  82.434 338.236 115.321
  5 297.606 235.485  86.229  54.089 219.906  88.455
  6 269.862 243.195 186.224  47.992 122.567  67.458
  7  67.092 183.140 138.694  75.033 123.955  96.971
  8  67.482  35.001  76.793 100.226 328.967  81.877
  9  59.980  89.679  54.908  46.867 338.018 254.166

IBTS_Q4 - Configuration

Malin Shelf assessment  . Imported from VPA file.
      min       max plusgroup   minyear   maxyear    startf      endf 
     2.00      9.00      9.00   1996.00   2009.00      0.75      1.00 
Index type : number

IBTS_Q4 - Index Values

Units  :  NA 
   year
age   1996   1997   1998   1999   2000    2001   2002    2003    2004   2005
  2 65.191 23.234 23.441 13.030 14.581 183.761  7.749 329.065  53.062 13.928
  3 90.015 36.181 29.796 22.109  9.441  57.258 10.613  66.029 118.066 12.961
  4 18.107 27.526 27.177 18.793 14.501  36.430  1.290  65.713  96.276 24.377
  5 15.804 18.355 28.670 13.005  7.548  62.726  2.155   8.094 106.528 26.049
  6  5.792 11.855 13.800 16.471  7.410  36.270  3.151  11.257  14.917 16.079
  7  4.813  3.001  3.173  6.424  4.527  22.954  2.089  11.194  19.443  1.609
  8  9.257  7.461  1.384  1.738  2.358  12.784  1.584   5.998  13.908  3.818
  9 13.181 10.209  6.996  4.634  2.087   4.980  0.848   6.118   7.874  4.864
   year
age   2006   2007   2008   2009
  2 39.061 45.410  9.684 76.799
  3 22.908 41.669 36.972 34.133
  4 22.019 25.189 23.107 36.367
  5 38.832 43.059 17.782 26.475
  6 41.902 42.058 18.095  9.901
  7 26.687 39.495 33.708 14.979
  8  5.658 10.882 18.720 22.104
  9 10.420  3.489 15.816 27.149


TABLE 5.6.9 Herring in VIa (combined) and VIIbc. STOCK OBJECT CONFIGURATION

      min       max plusgroup   minyear   maxyear   minfbar   maxfbar 
        1         9         9      1957      2015         3         6 


TABLE 5.6.10 Herring in VIa (combined) and VIIbc. sam CONFIGURATION SETTINGS

name           : 
desc           : 
range          :       min       max plusgroup   minyear   maxyear   minfbar   maxfbar 
range          :         1         9         9      1957      2015         3         6 
fleets         :     catch  MS HERAS WoS HERAS   IBTS_Q1   IBTS_Q4 
fleets         :         0         2         2         2         2 
plus.group     : TRUE
states         :            age
states         : fleet        1  2  3  4  5  6  7  8  9
states         :   catch      1  2  3  4  5  6  7  8  8
states         :   MS HERAS  NA NA NA NA NA NA NA NA NA
states         :   WoS HERAS NA NA NA NA NA NA NA NA NA
states         :   IBTS_Q1   NA NA NA NA NA NA NA NA NA
states         :   IBTS_Q4   NA NA NA NA NA NA NA NA NA
logN.vars      : 1 2 2 2 2 2 2 2 2
catchabilities :            age
catchabilities : fleet        1  2  3  4  5  6  7  8  9
catchabilities :   catch     NA NA NA NA NA NA NA NA NA
catchabilities :   MS HERAS   1  2  3  3  3  3  3  3  3
catchabilities :   WoS HERAS  4  5  6  6  6  6  6  6  6
catchabilities :   IBTS_Q1   NA  7  7  7  7  7  7  7  7
catchabilities :   IBTS_Q4   NA  8  8  8  8  8  8  8  8
power.law.exps :            age
power.law.exps : fleet        1  2  3  4  5  6  7  8  9
power.law.exps :   catch     NA NA NA NA NA NA NA NA NA
power.law.exps :   MS HERAS  NA NA NA NA NA NA NA NA NA
power.law.exps :   WoS HERAS NA NA NA NA NA NA NA NA NA
power.law.exps :   IBTS_Q1   NA NA NA NA NA NA NA NA NA
power.law.exps :   IBTS_Q4   NA NA NA NA NA NA NA NA NA
f.vars         :            age
f.vars         : fleet        1  2  3  4  5  6  7  8  9
f.vars         :   catch      1  2  2  2  2  2  2  2  2
f.vars         :   MS HERAS  NA NA NA NA NA NA NA NA NA
f.vars         :   WoS HERAS NA NA NA NA NA NA NA NA NA
f.vars         :   IBTS_Q1   NA NA NA NA NA NA NA NA NA
f.vars         :   IBTS_Q4   NA NA NA NA NA NA NA NA NA
obs.vars       :            age
obs.vars       : fleet        1  2  3  4  5  6  7  8  9
obs.vars       :   catch      1  2  2  2  2  2  2  3  3
obs.vars       :   MS HERAS   4  5  5  5  5  5  5  5  5
obs.vars       :   WoS HERAS  6  7  7  7  7  7  7  7  7
obs.vars       :   IBTS_Q1   NA  8  9  9  9  9  9  9  9
obs.vars       :   IBTS_Q4   NA 10 11 11 11 11 11 11 11
srr            : 0
cor.F          : TRUE
nohess         : FALSE
timeout        : 3600
sam.binary     : 


TABLE 5.6.11 Herring in VIa (combined) and VIIbc. FLR, R SOFTWARE VERSIONS

FLSAM.version                        0.99-99
FLCore.version                           2.4
R.version      R version 2.13.2 (2011-09-30)
platform                     i386-pc-mingw32
run.date                 2016-03-31 23:24:08

TABLE 5.6.12 Herring in VIa (combined) and VIIbc. STOCK SUMMARY

Year Recruitment     Low     High     TSB     Low    High    SSB    Low    High       Fbar    Low   High Landings Landings
           Age 1                                                                (Ages 3-6)                             SOP
                                                                                         f      f      f   tonnes         
1957     1218340  667490  2223782  712831  500635 1014969 355756 242777  521311     0.1392 0.0930 0.2083    48508   0.7531
1958     2090680 1191537  3668325  737484  517512 1050956 357182 240348  530808     0.1838 0.1232 0.2743    66494   0.7733
1959     3162900 1777539  5627971  833176  571586 1214484 336381 224144  504819     0.1810 0.1198 0.2733    70447   0.7446
1960     2160824 1225518  3809948  861129  595156 1245965 392778 263376  585759     0.1346 0.0889 0.2038    69160   0.6012
1961     3011654 1737240  5220959  915293  636484 1316235 426770 289809  628456     0.1001 0.0671 0.1493    52535   0.6332
1962     3580453 2068384  6197903 1016626  713743 1448040 429338 295257  624308     0.1348 0.0920 0.1976    65594   0.7990
1963     3328392 1936994  5719272 1045494  739136 1478832 460469 320192  662202     0.1032 0.0709 0.1502    54089   0.7245
1964     2186910 1241066  3853600 1008526  728040 1397072 506865 357505  718625     0.1001 0.0698 0.1434    70403   0.6145
1965     7282611 3866276 13717701 1346474  908232 1996177 470711 336005  659423     0.1093 0.0775 0.1543    76685   0.8730
1966     2195675 1243455  3877092 1589611 1149926 2197415 717121 509985 1008388     0.1529 0.1100 0.2127   112834   1.0130
1967     3771563 2263272  6285010 1460077 1082333 1969658 763753 545302 1069717     0.1436 0.1044 0.1976   109281   0.8399
1968     4180745 2533127  6900020 1519664 1151506 2005529 746387 548782 1015147     0.1199 0.0886 0.1622   105345   0.8364
1969     3813279 2337169  6221672 1470334 1150814 1878567 708567 539788  930119     0.1672 0.1271 0.2198   126777   0.7945
1970     5147388 3190541  8304423 1576945 1252928 1984755 673336 526724  860758     0.2394 0.1862 0.3079   186236   0.7750
1971     8260536 4880794 13980605 1887946 1456112 2447847 609869 479316  775982     0.3914 0.3073 0.4984   222211   1.0255
1972     4089773 2543503  6576066 1756792 1382128 2233018 694537 538695  895461     0.2761 0.2165 0.3521   188230   1.0349
1973     2226630 1358490  3649556 1519664 1230279 1877119 745641 576138  965013     0.3644 0.2905 0.4571   246989   1.0331
1974     2657775 1654377  4269747 1091431  896414 1328874 459549 359367  587659     0.4886 0.3910 0.6107   214749   1.1069
1975     2946121 1807562  4801843  836515  666619 1049712 288082 225877  367418     0.4811 0.3801 0.6089   152765   0.9806
1976     1861699 1122628  3087330  682829  531747  876837 244997 184616  325125     0.4743 0.3632 0.6192   126409   0.9888
1977     1828488 1091463  3063198  538746  403677  719009 211928 155058  289654     0.2899 0.2134 0.3938    61908   0.9200
1978     2107473 1257626  3531609  541447  397016  738420 205664 149198  283501     0.1992 0.1442 0.2750    41871   0.9961
1979     1899308 1141653  3159777  537670  395787  730415 216642 159046  295095     0.1109 0.0803 0.1531    22668   0.9380
1980     2022814 1228419  3330927  623435  473039  821647 275130 206350  366836     0.1309 0.0974 0.1759    30430   1.0375
1981     2922646 1776090  4809363  797311  612486 1037908 318380 242030  418815     0.2437 0.1853 0.3204    76342   0.9699
1982     2294441 1376760  3823804  810171  624112 1051697 320616 242073  424643     0.3259 0.2473 0.4295   111569   1.0235
1983     4193306 2456657  7157619  861991  631213 1177143 268069 197938  363048     0.3426 0.2536 0.4628    96511   1.0182
1984     2639236 1564400  4452547  917126  672839 1250106 348015 250872  482772     0.2305 0.1668 0.3184    83462   0.9756
1985     3399028 2012397  5741108  994505  727522 1359463 421679 300804  591127     0.1951 0.1404 0.2710    62485   1.0078
1986     2822123 1657402  4805338 1057058  776974 1438106 472125 337384  660678     0.2233 0.1599 0.3118    99549   1.0389
1987     3641841 2061276  6434369 1041320  747424 1450781 427197 299858  608612     0.2501 0.1754 0.3568    92960   1.0148
1988     1823011 1037316  3203815  996496  707900 1402745 482627 333534  698366     0.1760 0.1208 0.2565    64691   1.0126
1989     1964994 1123533  3436663 1011556  710587 1439999 555154 376763  818009     0.1457 0.0992 0.2138    63236   1.0086
1990     2051332 1165611  3610094 1048635  729437 1507514 568638 379122  852891     0.1690 0.1141 0.2504    88662   0.9933
1991     1964994 1099245  3512595  993511  676948 1458108 542531 355983  826835     0.1390 0.0915 0.2112    66229   1.0315
1992     2796838 1572399  4974758  893588  602619 1325049 470711 304997  726464     0.1301 0.0850 0.1991    60841   1.0024
1993     2706048 1508677  4853722  952647  632613 1434584 536059 343244  837186     0.1374 0.0885 0.2135    68541   0.9932
1994     3181935 1794697  5641459  826537  550992 1239879 418738 268159  653871     0.1280 0.0821 0.1993    58338   0.9999
1995     2024837 1134455  3614040  733073  490394 1095844 334369 213894  522700     0.1368 0.0881 0.2124    57367   0.9748
1996     2404855 1371265  4217511  620326  420655  914774 340783 220987  525518     0.1599 0.1035 0.2472    58639   1.0233
1997     3054114 1733305  5381403  634759  431912  932871 273211 177437  420681     0.2188 0.1417 0.3377    62458   1.0033
1998     2774552 1534158  5017829  717121  480250 1070822 346279 223174  537291     0.2295 0.1475 0.3571    72248   0.9994
1999     2673770 1452210  4922873  724328  471540 1112633 369165 232881  585205     0.1332 0.0838 0.2118    55845   0.9998
2000     4130876 2282063  7477504  800507  518372 1236199 338744 213590  537233     0.1060 0.0665 0.1691    43008   0.9990
2001     3265750 1808593  5896916  861129  559698 1324900 477825 303764  751627     0.0972 0.0609 0.1551    40007   1.0028
2002     3298571 1823836  5965761  944112  617276 1444001 536059 340838  843098     0.1117 0.0700 0.1784    50740   0.9998
2003     2065742 1128455  3781534  924492  600140 1424145 554599 351205  875785     0.0871 0.0544 0.1396    44583   1.0021
2004     2224405 1222773  4046522  797311  516849 1229961 486991 307389  771529     0.0799 0.0496 0.1286    40186   1.0119
2005     1815733 1000905  3293908  738222  478818 1138162 443299 281776  697413     0.0630 0.0394 0.1008    30360   1.0021
2006     1893618 1032099  3474268  788589  511867 1214909 469301 296195  743577     0.0949 0.0595 0.1514    46539   0.9990
2007     1372302  720407  2614095  765282  488982 1197706 498321 311077  798271     0.0996 0.0618 0.1606    47407   0.9990
2008     1559694  807228  3013577  713544  443184 1148837 473544 288433  777456     0.0695 0.0419 0.1151    29394   1.0008
2009     2045187 1033609  4046783  727959  438779 1207724 437574 258341  741155     0.0724 0.0425 0.1235    28976   1.0312
2010     3054114 1491754  6252780  753889  440224 1291043 401917 231229  698603     0.0837 0.0477 0.1468    30118   0.9960
2011     2032953  985397  4194146  664639  377862 1169065 332701 186121  594720     0.0700 0.0388 0.1262    24678   0.9992
2012     1393041  658934  2945008  658685  367223 1181477 390428 213317  714590     0.0616 0.0334 0.1135    25087   1.0017
2013      783088  355715  1723927  559613  306829 1020655 321901 170764  606805     0.0746 0.0396 0.1404    26947   0.9978
2014      812605  345970  1908625  455431  242620  854907 270493 139038  526232     0.0762 0.0395 0.1468    27123   1.0091
2015      769118  225236  2626327  418738  212864  823725 250196 125176  500082     0.0709 0.0356 0.1413    19885   0.9982


TABLE 5.6.13 Herring in VIa (combined) and VIIbc. ESTIMATED FISHING MORTALITY

Units  :  f 
   year
age       1957       1958      1959       1960        1961       1962
  1 0.01291843 0.02153017 0.0213971 0.01290552 0.007899941 0.01393293
  2 0.07119733 0.09555054 0.0971402 0.07525296 0.057717203 0.07791787
  3 0.11545205 0.15132885 0.1474450 0.10965678 0.081439082 0.10904442
  4 0.12823382 0.17062280 0.1699757 0.12617316 0.094486340 0.12804161
  5 0.15349305 0.20284767 0.2006687 0.15049883 0.112253003 0.14883753
  6 0.15958158 0.21045151 0.2057281 0.15207218 0.112140806 0.15321701
  7 0.19881113 0.26468893 0.2609047 0.19398004 0.143919667 0.19462123
  8 0.22011613 0.29437524 0.2903988 0.21629761 0.161944758 0.22170669
  9 0.22011613 0.29437524 0.2903988 0.21629761 0.161944758 0.22170669
   year
age        1963        1964       1965       1966       1967       1968
  1 0.008896476 0.008742142 0.01046206 0.01918167 0.01662081 0.01156930
  2 0.059261229 0.057040143 0.06081614 0.08580311 0.07808167 0.06510851
  3 0.084230348 0.081929185 0.08916203 0.12426983 0.11614684 0.09820482
  4 0.098657601 0.097149913 0.10833793 0.15260537 0.14420779 0.11963618
  5 0.112129593 0.107002830 0.11538280 0.15896043 0.14868876 0.12423256
  6 0.117807894 0.114154784 0.12446882 0.17588938 0.16539810 0.13731194
  7 0.148673894 0.145715382 0.16063830 0.22463015 0.20771258 0.17134092
  8 0.172492762 0.170298926 0.18747683 0.26155780 0.24399684 0.20107044
  9 0.172492762 0.170298926 0.18747683 0.26155780 0.24399684 0.20107044
   year
age       1969       1970       1971       1972       1973      1974       1975
  1 0.01968890 0.03512297 0.07925379 0.04098292 0.06290057 0.1000485 0.09212582
  2 0.08892162 0.12735205 0.21284310 0.15551704 0.20833665 0.2816754 0.28407983
  3 0.13869195 0.20494779 0.34269995 0.24077317 0.31311022 0.4103233 0.40028039
  4 0.16445801 0.23363388 0.37677767 0.26095691 0.34393589 0.4607406 0.45195620
  5 0.17452278 0.24850309 0.40335025 0.28447782 0.37474106 0.5020679 0.49405917
  6 0.19101563 0.27065780 0.44277214 0.31816028 0.42575126 0.5813339 0.57790256
  7 0.23740209 0.33170807 0.52903007 0.37316298 0.48280617 0.6458875 0.64172848
  8 0.27823199 0.38848139 0.62317369 0.44083263 0.57675368 0.7734378 0.77119810
  9 0.27823199 0.38848139 0.62317369 0.44083263 0.57675368 0.7734378 0.77119810
   year
age      1976       1977       1978        1979        1980       1981
  1 0.0851024 0.03326665 0.01611347 0.005328956 0.006686264 0.01902312
  2 0.2843072 0.17306293 0.11903949 0.065056445 0.075110118 0.14022598
  3 0.3918367 0.23669095 0.16126602 0.089412034 0.106981431 0.20101012
  4 0.4470164 0.27463839 0.19164703 0.106065336 0.124108388 0.22836730
  5 0.4851147 0.29638381 0.20372179 0.113824214 0.136013654 0.25294075
  6 0.5730399 0.35179734 0.24002793 0.134270347 0.156452943 0.29232181
  7 0.6397742 0.39516969 0.27461093 0.156954394 0.186038805 0.34300852
  8 0.7674822 0.47008112 0.32742377 0.183966795 0.215434147 0.39486158
  9 0.7674822 0.47008112 0.32742377 0.183966795 0.215434147 0.39486158
   year
age       1982      1983       1984       1985       1986       1987
  1 0.03021249 0.0315305 0.01485676 0.01070762 0.01307831 0.01546463
  2 0.18824707 0.1946407 0.13010675 0.10854396 0.12346470 0.13643595
  3 0.26863546 0.2835689 0.19253063 0.16288677 0.18568567 0.20733903
  4 0.30261316 0.3138626 0.20902530 0.17511717 0.20070884 0.22575611
  5 0.34017333 0.3588323 0.24101406 0.20404800 0.23487543 0.26445081
  6 0.39227192 0.4143145 0.27926336 0.23830593 0.27179695 0.30309773
  7 0.45747182 0.4850662 0.32667157 0.27778718 0.31505754 0.35590195
  8 0.52996199 0.5599264 0.37555137 0.31568828 0.35441030 0.39959250
  9 0.52996199 0.5599264 0.37555137 0.31568828 0.35441030 0.39959250
   year
age        1988        1989       1990        1991        1992        1993
  1 0.007913382 0.005551428 0.00704174 0.004805953 0.004056235 0.004307059
  2 0.095483674 0.079842447 0.09397749 0.078803332 0.075283070 0.082860236
  3 0.146738968 0.122542178 0.14270153 0.118374731 0.112725457 0.120548876
  4 0.160285288 0.134002074 0.15761499 0.130223900 0.123452353 0.131888290
  5 0.185927215 0.154077432 0.17817305 0.145729954 0.134754591 0.142844308
  6 0.211252749 0.171976060 0.19748355 0.161588871 0.149329501 0.154478554
  7 0.246720293 0.201835958 0.22686503 0.180974345 0.163131281 0.169907688
  8 0.274665853 0.224203759 0.25115123 0.197463801 0.175187228 0.176664999
  9 0.274665853 0.224203759 0.25115123 0.197463801 0.175187228 0.176664999
   year
age        1994       1995        1996      1997        1998        1999
  1 0.003568892 0.00372384 0.004692921 0.0077660 0.007988119 0.002862099
  2 0.078214518 0.08286852 0.095655699 0.1292509 0.134149558 0.078339761
  3 0.113778694 0.12210182 0.143488555 0.1961648 0.210388386 0.126160547
  4 0.122652515 0.13235071 0.156499886 0.2163192 0.229856518 0.135051377
  5 0.133147199 0.14189045 0.164277206 0.2269558 0.238210629 0.137518063
  6 0.142302529 0.15076997 0.175327434 0.2355576 0.239644189 0.134082500
  7 0.151313717 0.15628094 0.179837790 0.2411587 0.238830783 0.129070050
  8 0.157914742 0.15772536 0.173097545 0.2145956 0.203905220 0.108207998
  9 0.157914742 0.15772536 0.173097545 0.2145956 0.203905220 0.108207998
   year
age        2000        2001        2002        2003         2004         2005
  1 0.001805351 0.001471755 0.001792758 0.001109107 0.0009165444 0.0005791784
  2 0.061871229 0.055821287 0.062480548 0.048117950 0.0435563403 0.0349338153
  3 0.101947225 0.093714720 0.107959405 0.084983344 0.0783006010 0.0634311635
  4 0.107980999 0.098687203 0.113540009 0.089170947 0.0823727995 0.0655658695
  5 0.109909278 0.101733361 0.118422090 0.092541323 0.0842303476 0.0653171920
  6 0.104204496 0.094713380 0.106960037 0.081732791 0.0746533410 0.0578616768
  7 0.098038012 0.088495816 0.099380437 0.077173434 0.0705664825 0.0545029745
  8 0.080854826 0.070580597 0.077196590 0.059249378 0.0536217773 0.0413079625
  9 0.080854826 0.070580597 0.077196590 0.059249378 0.0536217773 0.0413079625
   year
age       2006        2007         2008         2009         2010         2011
  1 0.00117428 0.001269668 0.0006714977 0.0007309248 0.0009509967 0.0006841728
  2 0.05219858 0.056112313 0.0390192564 0.0403606491 0.0463562107 0.0384537138
  3 0.09426927 0.098352236 0.0673939519 0.0693353779 0.0793013600 0.0652453826
  4 0.09901341 0.103830035 0.0726937404 0.0750050376 0.0856231148 0.0715327423
  5 0.09886500 0.104058712 0.0729121491 0.0766427702 0.0893762761 0.0749975374
  6 0.08749269 0.092079771 0.0648680547 0.0686798106 0.0803872257 0.0680916968
  7 0.08175731 0.085588872 0.0598987286 0.0630391069 0.0735566074 0.0627623442
  8 0.06249305 0.065690563 0.0459684494 0.0479978049 0.0559834034 0.0474917152
  9 0.06249305 0.065690563 0.0459684494 0.0479978049 0.0559834034 0.0474917152
   year
age         2012         2013        2014         2015
  1 0.0005331008 0.0007169532 0.000719323 0.0006320766
  2 0.0332367197 0.0390856456 0.039093463 0.0365490531
  3 0.0566762515 0.0672592987 0.068817308 0.0644348914
  4 0.0626056343 0.0762071491 0.077575781 0.0721866611
  5 0.0662645643 0.0810166978 0.083701364 0.0782692871
  6 0.0607371343 0.0739327044 0.074548899 0.0688930484
  7 0.0558994912 0.0686935480 0.070095267 0.0656905631
  8 0.0423409744 0.0528710156 0.054317979 0.0501618751
  9 0.0423409744 0.0528710156 0.054317979 0.0501618751


TABLE 5.6.14 Herring in VIa (combined) and VIIbc. ESTIMATED POPULATION ABUNDANCE

Units  :  NA 
   year
age       1957       1958       1959       1960       1961       1962
  1 1218340.20 2090680.15 3162900.36 2160823.59 3011654.04 3580453.41
  2 1570649.84  500318.41 1014594.92 1744537.44  895376.88 1452795.22
  3  652782.97 1218340.20  351160.97  733072.58 1114593.14  356824.73
  4  270492.59  339422.19  809360.74  266732.08  516587.52  741180.90
  5  310829.56  179692.08  181316.61  407583.05  235625.75  400712.70
  6  162429.61  184609.86  115381.58   99012.36  200787.02  167711.41
  7   63959.16   93339.62   93339.62   71111.19   55603.42  166708.16
  8   10283.54   41233.24   43303.99   43958.44   42830.25   38870.85
  9   34337.73   30121.67   37684.34   35667.67   36717.18   50614.84
   year
age       1963       1964       1965       1966       1967       1968
  1 3328392.46 2186909.68 7282610.93 2195674.84 3771562.76 4180744.92
  2 1704870.99 1718564.66  646287.67 5615268.71  585956.01 1778000.54
  3  805324.03 1103502.75 1019680.60  479740.21 3321742.33  346278.97
  4  180412.29  415401.17  700115.08  623435.13  373995.86 2455890.54
  5  466960.52  109425.58  260667.26  360771.47  408399.03  217727.60
  6  283792.89  301643.16   77342.59  161943.05  249446.56  275405.55
  7   94845.07  187587.37  209190.37   66369.97   93995.29  143057.22
  8  108988.76   66635.98  128669.19  121661.76   43651.81   53423.18
  9   55994.01  116891.33  128669.19  160974.30  162267.26  112532.80
   year
age       1969       1970       1971       1972       1973       1974
  1 3813278.97 5147388.21 8260535.72 4089772.90 2226630.47 2657775.36
  2 1835816.68 1594387.17 2139323.04 4945556.23 1647879.72  817494.95
  3  925417.25 1584849.49 1218340.20 1100197.21 3382075.05  728687.32
  4  227066.91  652130.52 1001490.55  405144.88  588304.53 1666106.46
  5 1732368.32  159691.64  367691.67  405144.88  252710.54  281813.28
  6  160974.30  967044.70   96664.36  162754.79  225032.47  134995.94
  7  215345.72   98518.54  577809.78   50161.35   90400.04  111190.47
  8   98814.54  114233.51   50868.54  302247.05   24514.01   51585.71
  9  108228.50  104924.89  102539.15   64023.15  205048.13  110857.40
   year
age       1975       1976       1977       1978       1979       1980
  1 2946121.15 1861698.87 1828488.08 2107472.67 1899307.68 2022813.66
  2 1106818.23 1438339.67  717838.58  791749.24 1007517.56  847460.92
  3  416232.80  500818.98  627186.99  395141.81  341123.55  741180.90
  4  318061.49  203210.97  207108.90  310518.89  246471.09  250696.92
  5  636665.70  154507.82   98715.77  114005.28  120933.97  183322.10
  6  109097.80  246964.53   76649.63   54720.85   72547.73   73057.35
  7   46676.68   40094.72   93807.49   34961.40   38638.33   43477.55
  8   45844.02   17188.57   14744.13   43174.27   22404.12   23860.99
  9   70052.48   44311.52   20128.66   17111.40   30001.42   30393.98
   year
age       1981       1982       1983       1984       1985       1986
  1 2922646.21 2294441.46 4193305.99 2639235.90 3399027.77 2822123.01
  2  886467.73 1553467.36  888242.44 2475616.47 1097999.01 1686220.18
  3  811792.46  465561.74  712831.25  496331.83 1696367.91  756910.28
  4  513497.27  516071.19  239905.41  336044.88  252205.62 1155449.50
  5  177016.81  299239.64  270492.59  123377.00  181679.60  174555.85
  6  111190.47  110857.40  150391.93  123624.00   73350.16  119014.43
  7   57988.50   53690.96   58864.88   66436.37   70969.11   39143.90
  8   21093.07   36461.06   26582.28   24489.51   35632.02   35489.78
  9   28057.18   22925.38   27805.80   21679.01   20553.78   24686.21
   year
age       1987       1988       1989       1990       1991       1992
  1 3641841.43 1823010.84 1964994.49 2051332.21 1964994.49 2796837.86
  2 1140525.87 2137184.79  755397.97  909818.13  946948.51  752382.41
  3  885581.70  753888.68 1931871.92  545795.70  623435.13  669977.90
  4  454066.98  532852.54  461852.11 1631483.04  428480.28  470711.19
  5  722158.56  287218.92  329390.75  346972.22 1147389.59  338744.02
  6  103053.13  408399.03  184425.34  221903.97  237043.75  780741.98
  7   65251.22   53530.13  226386.73  145947.17  152207.50  132455.23
  8   23765.73   26608.87   30031.44  122149.38  101214.77   88168.06
  9   33556.97   22471.43   26582.28   30976.99   79777.76   92874.09
   year
age       1993      1994      1995       1996       1997       1998       1999
  1 2706048.47 3181934.8 2024837.5 2404854.59 3054113.72 2774552.41 2673769.95
  2 1470333.79 1294972.5 1646232.7  873269.94 1149686.67 1533402.99 1200201.48
  3  469770.71  778403.3  669308.3  900765.29  502323.69  738960.69 1287225.91
  4  481181.59  271848.4  379268.6  344207.52  447306.80  371758.60  505852.30
  5  334703.38  280688.3  195243.0  168720.71  203210.97  262235.96  225032.47
  6  266199.15  205870.0  168889.5  121418.68  117948.10  115497.02  136080.24
  7  527550.57  181135.4  131662.9   92595.89   75432.99   64472.88   59694.79
  8   96086.11  260928.1  131662.9   95511.31   54666.15   33758.92   32663.06
  9   99111.42  112532.8  195633.8  181498.02  103673.31   62068.88   43303.99
   year
age       2000       2001       2002       2003      2004       2005       2006
  1 4130875.80 3265749.99 3298571.32 2065741.91 2224405.0 1815733.36 1893618.30
  2 1040279.52 2193480.26 1441219.23 1686220.18  810981.1 1075181.45  842391.37
  3  646934.29  512471.31 1464464.20 1049684.29 1065548.2  735275.10  609869.33
  4  847460.92  364397.29  292728.25 1071960.74  733072.6  834843.87  500318.41
  5  325461.68  557936.26  255250.32  204843.18  756153.7  472597.81  713544.44
  6  151145.77  239186.77  387704.99  162267.26  130092.4  385385.73  469770.71
  7   84204.19  113436.67  153891.02  243774.77  138275.0   60900.70  327420.32
  8   40215.19   66903.06   64023.15  119610.99  150693.0   77885.88   50362.39
  9   43434.09   44002.42   55215.56   65709.58  107688.7   98420.07  111971.54
   year
age       2007      2008      2009      2010      2011       2012      2013
  1 1372301.75 1559693.7 2045187.4 3054113.7 2032953.1 1393041.44 783087.72
  2 1008525.58  620325.7  741922.4  865445.8 1644587.3  947895.93 580125.65
  3  688313.72  629071.4  410035.9  524919.4  502323.7 1293678.15 513497.27
  4  367691.67  510425.5  458630.4  255761.3  329061.5  299838.72 989544.48
  5  329720.30  249696.1  333700.8  282660.0  176486.6  193107.05 207316.11
  6  499818.34  230268.2  187025.5  193881.0  163243.8  128412.11 127007.32
  7  341806.48  375494.8  180954.3  121055.0  111301.7   98715.77  86335.83
  8  227976.99  247211.6  301341.7  123624.0   82289.6   55270.80  64601.96
  9   91217.31  224134.1  317108.7  335709.0  222348.2  142059.32  97929.20
   year
age      2014      2015
  1 812604.66 769118.24
  2 341464.84 412916.22
  3 419156.65 264078.05
  4 423369.25 311763.45
  5 705033.08 315842.83
  6 153276.69 420416.01
  7  69703.09 112420.32
  8  48630.20  44667.44
  9  67710.73  42744.68


TABLE 5.6.15 Herring in VIa (combined) and VIIbc. PREDICTED CATCH NUMBERS AT AGE

Units  :  NA 
   year
age      1957       1958       1959       1960      1961      1962      1963
  1 10933.973  31150.949  46826.286  19358.173 16551.301 34637.771 20604.402
  2 89778.428  37979.431  78229.336 105177.008 41772.771 90626.324 81593.102
  3 60114.118 144682.939  40668.129  64292.612 73533.767 31126.039 54896.232
  4 27711.423  45392.401 107818.011  26913.950 39612.500 75795.939 14420.124
  5 38025.034  28407.259  28373.191  48957.115 21483.060 47614.852 42548.505
  6 20659.489  30245.419  18519.324  12032.300 18330.470 20525.022 27159.984
  7  9980.316  18823.286  18576.080  10855.314  6439.009 25522.099 11321.626
  8  1759.526   9118.221   9468.919   7403.588  5535.737  6692.481 14938.096
  9  5874.111   6663.232   8237.647   6007.056  4748.386  8717.171  7673.514
   year
age      1964      1965      1966       1967       1968      1969      1970
  1 13298.147 52986.900  29190.54  43460.163  33610.708  51979.26 124355.54
  2 79213.340 31716.743 384500.36  36614.514  93237.008 129975.34 158942.85
  3 73254.869 73350.163  47339.48 307582.924  27342.567 101285.65 248724.22
  4 32695.738 61150.909  75146.89  42796.003 235767.163  29357.40 116052.74
  5  9533.431 24386.866  45565.22  48469.984  21836.540 238661.14  30275.68
  6 28029.141  7792.913  22527.68  32793.972  30430.479  24136.97 198253.14
  7 21994.551 26844.064  11568.26  15261.674  19484.216  39410.99  24144.21
  8  9027.313 19033.008  24277.37   8191.399   8423.915  20809.19  31987.48
  9 15830.441 19037.005  32112.48  30457.879  17736.324  22792.80  29375.02
   year
age      1971      1972       1973      1974      1975       1976       1977
  1 441971.20 114955.46  95215.688 177904.11 182134.37 106595.865  41881.522
  2 342730.60 594335.94 259004.315 168080.78 229303.10 298045.071  95234.733
  3 300438.99 199526.03 771892.060 208855.94 116961.49 138233.560 112049.946
  4 269385.85  79522.88 146590.754 528553.87  99389.33  62893.620  42514.480
  5 105630.24  86543.29  68302.387  96500.17 215173.51  51472.347  21849.428
  6  30028.43  38395.67  67697.193  51865.03  41714.33  93807.492  19699.923
  7 207253.92  13584.16  30191.026  46295.50  19345.21  16589.579  26627.505
  8  20647.30  93807.49   9386.052  24406.38  21633.10   8085.924   4819.281
  9  41589.37  19879.61  78566.447  52412.48  33060.68  20851.059   6578.552
   year
age      1978      1979      1980       1981       1982       1983       1984
  1 23550.445  7053.223  9412.746  38503.330  47772.240  91044.165  27211.637
  2 74065.121 52807.051 51016.276  96722.371 222526.172 131242.233 251852.783
  3 49771.609 24619.645 63487.607 125179.001  93013.507 149342.858  73548.476
  4 46184.522 21100.035 24904.406  89536.353 115220.159  55309.502  54095.160
  5 18077.439 11173.498 20024.464  34091.385  74540.658  70509.307  22758.637
  6 10086.972  7853.543  9115.486  24369.801  31188.353  44249.529  26053.307
  7  7277.844  4851.290  6383.042  14628.691  17164.353  19718.844  16079.975
  8 10467.495  3255.919  4004.965   5985.409  13088.510   9950.917   6663.632
  9  4148.740  4360.186  5101.143   7964.584   8229.413  10408.832   5900.663
   year
age       1985       1986       1987       1988       1989       1990
  1  25298.490  25626.955  39077.417  10034.857   7598.225  10055.349
  2  94042.304 163145.872 121273.063 162024.040  48262.011  67961.728
  3 215539.615 108586.243 140392.872  86950.998 188094.542  61322.371
  4  34547.829 179153.812  78346.768  67231.690  49335.540 202683.312
  5  28856.773  31479.758 144668.471  41931.810  40432.937  48722.684
  6  13430.453  24474.817  23309.120  67097.361  25134.583  34327.429
  7  14924.956   9178.876  16976.410  10138.446  35814.209  25647.465
  8   8376.119   9205.441   6813.219   5540.555   5223.067  23508.092
  9   4829.992   6401.323   9620.101   4682.184   4624.021   5961.814
   year
age       1991     1992      1993      1994       1995       1996       1997
  1   6582.435  7904.52  8120.849  7916.623   5254.972   7863.444  16505.187
  2  59718.671 45392.40 97304.450 81096.899 108988.756  66297.005 116192.084
  3  58770.776 60312.82 45048.727 70671.665  64984.236 101752.635  75720.181
  4  44529.181 46541.52 50604.713 26696.827  40026.620  42501.727  74272.794
  5 133652.710 36669.48 38265.347 30061.483  22198.944  21966.855  35525.286
  6  30479.207 93367.63 32843.200 23536.319  20364.531  16840.467  21378.692
  7  21790.732 17238.32 71303.451 21984.216  16463.811  13185.065  14003.184
  8  15699.435 12256.23 13461.782 32948.467  16604.848  13126.915   9145.068
  9  12367.533 12908.87 13882.717 14213.962  24671.401  24951.769  17334.084
   year
age       1998       1999      2000      2001       2002      2003      2004
  1  15414.748   5333.804  5199.616  3354.104   4123.716  1598.179  1423.124
  2 160556.310  75237.120 51937.689 99042.071  72627.579 65880.647 28721.464
  3 118729.135 128823.689 52933.940 38665.384 126462.361 72157.030 67697.193
  4  65192.519  54420.707 73843.259 29129.305  26742.250 77761.366 49286.229
  5  47891.820  24832.287 29082.736 46332.549  24482.161 15545.399 52407.238
  6  21249.104  14703.488 12876.510 18595.409  33850.194 10958.492  8050.907
  7  11872.499   6244.398  6788.532  8289.791  12574.296 15618.010  8129.055
  8   5390.266   2893.031  2695.314  3933.481   4103.518  5931.308  6785.614
  9   9905.050   3833.985  2910.092  2587.274   3539.002  3259.601  4848.914
   year
age       2005      2006      2007      2008      2009      2010       2011
  1   734.0594  1551.519  1215.244   730.844  1043.077  2025.982   971.0908
  2 30684.1036 35628.459 45775.304 19729.692 24389.305 32594.538 51585.7113
  3 38112.5918 46281.611 54398.943 34585.853 23172.002 33769.051 26750.2741
  4 45012.7022 40138.851 30844.076 30427.437 28183.726 17842.526 19299.9928
  5 25629.5177 57624.321 27970.342 15054.466 21116.289 20737.107 10938.5661
  6 18625.7442 33860.350 37835.383 12437.732 10679.059 12879.858  9238.0860
  7  2784.3229 22170.104 24199.809 18821.968  9540.203  7409.587  5838.9134
  8  2716.5012  2630.423 12504.077  9574.513 12176.218  5806.423  3291.4715
  9  3433.3440  5851.188  5000.684  8678.379 12807.805 15762.358  8893.0024
   year
age       2012       2013       2014       2015
  1   518.1164   391.7289   407.7727   339.4376
  2 25739.9619 18487.6829 10883.0303 12314.4666
  3 60108.1068 28172.4548 23510.4434 13887.8551
  4 15457.5062 61703.7509 26876.2963 18461.4490
  5 10619.5296 13844.4540 48562.1646 20396.7326
  6  6504.3730  7784.1897  9474.8860 24062.2620
  7  4626.4726  4942.2699  4072.1647  6166.4587
  8  1976.0793  2867.9421  2218.1083  1883.8447
  9  5077.3259  4350.5606  3085.8117  1803.2214


TABLE 5.6.16 Herring in VIa (combined) and VIIbc. CATCH AT AGE RESIDUALS

Units  :  NA 
   year
age      1957       1958       1959       1960       1961       1962       1963
  1 -0.471816 -0.6211310  0.1301900 -1.4425100 -0.1215850  0.4235890 -0.4981980
  2 -0.593728 -0.6893680 -0.2671110  0.5287340  1.1058300  0.5087100  0.0863621
  3  0.535473  0.3082180 -0.3026470  0.1223440 -0.0475579 -0.7636730  0.2803650
  4 -0.171609 -0.1897460  0.8038050 -0.3296010 -0.1873470  0.0674414 -0.4524810
  5  0.141383 -0.0597908 -0.0954520  0.1815390  0.7318100  0.1622230  0.0327828
  6  0.237583  0.3230170  0.1274560  0.0763387 -1.4040300  0.5706100  0.3109520
  7 -0.194199  0.3385540  0.0775727  0.1238510 -0.5990880  0.4802430 -0.6053260
  8 -0.174278  0.4950310 -0.4369880 -0.2623650 -0.0891253  0.3782950 -0.0701615
  9 -0.581822  0.8445150  0.3758130 -0.6238140 -1.4591700 -0.0964894  0.0797256
   year
age       1964       1965       1966       1967      1968      1969      1970
  1  0.6285180  1.5701300  1.7952300  1.4185400  1.706010 -0.256609  0.589542
  2  0.5716500 -1.7295700  1.6790900 -1.3858100  0.689876 -1.088940 -0.958915
  3  0.0804586 -0.0981409 -0.2466970 -0.6589260 -0.277547 -1.019040  0.663516
  4 -0.5652820  0.5803630 -0.3373630  0.8510570  0.177658 -0.347894  0.425600
  5 -0.4156980  0.0321538 -0.9557320 -0.0176350 -0.587617  0.582008  0.248355
  6 -0.1958120 -0.6052430  0.0408141  0.5491500 -0.382717  0.375228 -0.465038
  7 -0.1687900  0.3981380  0.5075640 -0.0132117 -0.542788  0.861783  0.103427
  8  0.3318860  0.3540000 -0.4546680  0.6991960 -0.429993  0.863265 -0.313829
  9  0.3199010  0.6194990  0.0954950  0.3197860 -0.613343  0.732302 -0.358593
   year
age       1971      1972       1973       1974        1975       1976
  1 -0.6803520  1.394980 -0.4555150  0.5101490 -0.00947692 -0.1980830
  2 -0.0244948  0.508368  0.3593730 -0.4813390  0.33701800  0.8852620
  3  1.8901300 -0.110120  0.5817630 -0.4710910 -0.13562300  0.0339035
  4  0.8485380 -1.553980  0.0675300  0.3641960 -0.38196900 -0.0765647
  5  0.2689910 -0.597487  0.1788580  0.2197090 -0.08601300 -0.1064540
  6 -0.1010840 -0.399737 -0.0564211  0.6863550 -0.05573480 -0.1536650
  7 -0.3448190  0.401496 -0.5412100 -0.0944365 -0.34278600 -0.1600730
  8 -0.2278050  0.272649 -0.2994200  0.8615790  0.11508700 -0.2166870
  9 -0.5770790  0.151843  0.1681650 -0.0462807  0.95100700  0.8347030
   year
age       1977      1978      1979       1980        1981       1982       1983
  1 -0.0571907  0.297255 -0.121819 -0.4790140 -0.00333435 -1.1088000 -0.0789940
  2 -0.1799350  0.883647 -0.284612 -1.3265500  0.20114700  1.0534100 -0.4358640
  3 -0.1442330 -0.244321 -1.392980  0.1365980  0.92255600 -0.2373000 -0.2735870
  4 -0.4449920  0.883243 -0.305804  0.0644451  0.20248900  0.3118900 -0.0750738
  5  0.1132410 -0.162743 -0.999097  0.5670260  0.03173770  0.1636410  0.2968010
  6  0.6582770 -0.526629  0.400096 -0.9114800  0.22722400  0.0920413  0.1747860
  7 -0.0216110 -0.752557  0.654175  0.4839120  0.15810500 -0.5379760  0.4631460
  8 -0.4611640 -0.158725  0.899008  0.2389760 -1.14981000  0.7776380  0.4913390
  9 -0.4534890  0.468851 -0.187588  0.1308850 -0.57521400 -0.5158270  0.5914920
   year
age       1984        1985      1986      1987       1988        1989
  1 -1.5349800  0.62453100  0.274287 -0.192149 -1.6045400  0.09703110
  2  0.3984710 -0.63864600  0.620026 -0.545185 -0.4917740 -0.56317300
  3  0.3670060  0.00542618  0.269402 -0.625570  0.0700373  0.00737478
  4 -0.1311130 -0.80264700  0.188932 -0.358258  0.1817810 -0.51047900
  5 -0.1559670 -0.49170000  0.347966  0.179728  0.1606770 -0.11886100
  6 -0.4165940  0.34208900  0.338734  0.083188  0.5716220 -0.60096100
  7 -0.2904730  0.42524200 -0.586188  0.910505  0.0330536  0.61411700
  8 -0.1023690  0.77503800 -0.867109  1.002480 -0.4799910  0.32487800
  9  0.0386669 -0.30221600 -1.307910  1.522860 -0.2333790  1.01706000
   year
age       1990       1991        1992      1993       1994       1995      1996
  1  0.3727360  1.2813400 -0.00685068  0.716692  0.4793940 -2.0451700 -0.141313
  2 -0.1785970 -0.2188690 -0.71583600  0.985608  0.7558740  0.3833130 -0.353218
  3 -0.0969347 -0.5795200  0.63200800 -0.480191  0.0593275  0.0717067 -0.086322
  4  0.6213460 -0.5170620  0.46930900  0.255296 -0.8702760 -0.0193155 -0.294095
  5  0.2450630  0.1791360 -0.36403500 -0.243868 -0.1630880  0.5593250 -1.332630
  6 -0.1428230  0.1775360  0.77917700 -0.831217 -0.4472650 -0.0218488  0.317767
  7  0.1187810  0.1673230 -0.82866400  1.087930 -0.7907960 -0.6964230 -0.141884
  8  0.6796910  0.4339020  0.06244700 -0.245176  0.8405430 -0.0086391  1.366810
  9  0.3212310 -0.0602629 -0.26413100 -1.035390  1.0449900 -0.0805832  1.200920
   year
age      1997       1998      1999       2000      2001      2002       2003
  1 -0.585368  0.0632451  0.571967  0.4572130 -0.279824  0.183611  0.1011950
  2 -0.200414 -0.5002980  0.788476  0.5769150  0.331996 -0.118199  0.0231854
  3 -1.228990 -0.1713230  1.053720  0.7777410 -0.226191  0.230036  0.2616290
  4 -0.302294  0.4202320  0.549473  0.6006630 -0.407450  0.238510  0.0139641
  5  0.335672  0.5764240 -0.321931 -0.0455154 -0.339902  1.098260  0.4702320
  6  0.528820  0.5710690 -0.517572 -0.5233400  0.267705  0.687605 -0.7942440
  7  1.628250  0.8998700 -1.109240 -1.3324100  0.177894 -0.365206 -0.1003570
  8 -0.169644  0.4381970 -0.618377 -0.1902600  1.123070 -0.772693  1.5641500
  9 -0.595812 -1.3414100 -1.853170 -0.8497600 -1.527160 -1.576950 -1.8900800
   year
age       2004      2005       2006        2007      2008        2009
  1 -0.0142011 -0.568445 -0.6831830 -1.60385000 -0.375304  0.64523200
  2 -1.4146100  1.171590 -1.2158500  1.42420000  0.122690 -0.07128800
  3 -1.0235000  1.981720 -0.0484803  0.71279700 -0.316747 -0.15296300
  4 -0.0167798  0.302558  0.5476520 -0.16514900  0.612281  0.09939700
  5  0.5138290 -1.121760  0.5056390  0.00650438 -0.278570 -0.05651250
  6  0.6769510 -1.134980  0.4797340 -0.27459400 -0.355994  0.13015500
  7  0.9669870 -0.926740  0.3025780 -0.20375900 -0.388791  0.00872664
  8  1.1368800 -0.821232  1.1352900  0.29257100 -0.218511  0.11125800
  9 -0.1615540 -2.106460 -0.2039950 -0.39265800  0.182633 -0.88819000
   year
age       2010      2011      2012      2013       2014       2015
  1  1.5610300  0.553137  2.237660 -1.685140 -2.2511600 -0.2485780
  2  0.2128980  0.340841  0.434486 -0.541010 -0.9667370  0.1727840
  3  0.4326650 -0.359976  0.268339 -1.216650  0.1093310  0.2576330
  4 -0.4421500  0.043170 -0.662803  0.324869  0.1908940 -0.0588839
  5  0.3840290 -0.190402 -0.411679 -0.206711  0.6383600  0.1877240
  6  0.0965679 -0.241747  0.304795  0.747069  0.0368937 -0.4280120
  7 -0.4147440  0.186584 -0.264287  0.628511 -0.1165340  0.2914330
  8  0.1205190  0.255412 -1.383150  1.452930  1.1569900  0.0891468
  9 -0.4787820 -0.570431 -0.673819  0.542139  0.5441700 -1.0722200



TABLE 5.6.18 Herring in VIa (combined) and VIIbc. PREDICTED INDEX AT AGE IBTS_Q1

Units  :  NA 
   year
age       1987       1988       1989       1990      1991      1992      1993
  2 357.237205 672.787817 238.404783 286.574919 298.78971 237.42695 463.52022
  3 275.930770 236.668399 608.155132 171.413711 196.42487 211.27699 147.95675
  4 141.488720 167.338716 145.598087 512.581642 135.05337 148.55422 151.63253
  5 224.413425  90.153160 103.795228 109.039478 361.77049 106.95092 105.55900
  6  31.886094 127.791496  58.036957  69.617084  74.64996 246.41818  83.93645
  7  20.070278  16.688669  71.005689  45.616979  47.85043  41.74501 166.16147
  8   7.274027   8.266986   9.390326  38.065562  31.76547  27.74623  30.23711
  9  10.270647   6.986292   8.313328   9.653688  25.02387  29.22370  31.18259
   year
age      1994      1995      1996      1997      1998      1999      2000
  2 408.66674 519.20043 274.77429 360.40918 480.62147 378.49013 329.00403
  3 245.35349 210.80215 282.91599 156.71361 230.17272 404.97689 204.26333
  4  85.75205 119.53629 108.21175 139.53005 115.78905 159.38458 268.02225
  5  88.68138  61.63069  53.07574  63.43210  81.77405  71.02557 103.11347
  6  65.03854  53.26024  38.18719  36.81075  36.01516  42.99828  47.96444
  7  57.16833  41.52518  29.12742  23.54327  20.13944  18.89637  26.76219
  8  82.27934  41.51231  30.05773  17.12707  10.58820  10.36982  12.80941
  9  35.49351  61.67755  57.13461  32.46394  19.45667  13.74259  13.83000
   year
age      2001      2002      2003      2004      2005      2006      2007
  2 693.97782 455.67963 534.12506 256.85969 341.12876 266.63215 319.10174
  3 161.86295 461.76680 332.09464 337.39016 233.28713 192.62205 217.30024
  4 115.33143  92.48903 339.63449 232.49297 265.23865 158.40737 116.26825
  5 176.96288  80.78409  65.06586 240.32688 150.58535 226.27476 104.53062
  6  75.96024 122.95765  51.64637  41.44263 122.98716 149.36456 158.84359
  7  36.08546  48.92116  77.65997  44.10310  19.45064 104.22375 108.80529
  8  21.33972  20.40072  38.18184  48.16969  24.92696  16.07106  72.75954
  9  14.03634  17.59421  20.98337  34.42145  31.50480  35.74892  29.09831
   year
age      2008      2009      2010
  2 196.65482 235.12799 274.16497
  3 199.52908 130.03193 166.24789
  4 162.10431 145.63886  81.06733
  5  79.44937 106.14648  89.77711
  6  73.42981  59.62769  61.68372
  7 119.86067  57.78678  38.60570
  8  79.07209  96.37531  39.50985
  9  71.67056 101.37434 107.25616


TABLE 5.6.19 Herring in VIa (combined) and VIIbc. INDEX AT AGE RESIDUALS IBTS_Q1

Units  :  NA 
   year
age       1987      1988        1989       1990      1991      1992      1993
  2 -1.2589500  1.009710 -1.39235000 -0.9798460  0.463520 -0.927493 -0.822556
  3  0.2756460  0.835105  0.79517100 -1.0009900  2.098790 -0.653765  0.958481
  4  0.5457480 -0.302309  0.00319211 -0.5528020  2.001910 -0.272502 -0.233278
  5 -0.0570988 -0.128409 -0.23659500 -0.1509650  1.415710  0.493495  0.659688
  6  0.4413690 -1.387380  0.19782800 -0.0683296  1.912280 -0.831141  1.154100
  7 -1.0899500 -0.304188 -1.96809000  0.5005350  1.903500  0.141143 -0.174607
  8  0.4920380 -1.569250 -0.51841100 -1.8274800  1.676150  0.219073  0.687256
  9 -0.6848570 -2.066930 -2.11446000 -1.3044600 -0.136117 -0.452921 -0.818955
   year
age       1994       1995       1996       1997      1998      1999      2000
  2 -0.7758920  0.3837680  0.2062800  0.0912899 -2.288510 -0.427060  0.522463
  3  0.5997620 -0.3006220 -0.1800500  1.2445600 -0.980315 -0.385630 -0.937061
  4  0.2725720 -0.0239007 -1.2670300 -0.0534761 -1.443630 -0.229038 -1.290210
  5 -0.4199960 -0.6640570 -0.1734290 -0.3059270 -1.815720 -0.165298 -0.831043
  6  0.0683517  0.0563620 -0.4673910  0.4330380 -2.300250 -0.462257 -0.400193
  7 -0.1995580 -0.1235180 -0.8230850 -0.0990184 -1.400020  0.290580  0.257300
  8 -2.6820100  0.0719080 -0.1361480  1.1081000 -1.005800  0.309103 -0.407731
  9 -3.4719200 -1.9176900 -0.0781186  0.4772920 -0.410957  0.539287  0.289810
   year
age       2001       2002       2003     2004       2005       2006       2007
  2 -1.6368900  0.8360070 -0.4800080 0.646594 -0.3783990  0.2167470 -1.4389500
  3 -0.3796950 -0.3156920 -1.0267900 0.857612 -0.7292510  0.0429079 -0.6603340
  4 -0.2821980  0.1725970 -0.7501490 0.749784  0.0431916 -1.0065300 -0.1242160
  5  0.0936162 -0.3590790 -0.1173150 0.936094  0.9496480  0.0556199 -0.2683110
  6  0.2873800  0.0873125 -0.0341942 1.786980  1.0954600  0.6795430  0.2216830
  7  0.9093420  0.5731760 -0.1202580 1.481980  1.7260300  0.7858120  0.3383430
  8  0.4807260  1.2832100 -0.3578180 1.020870  1.3883000  1.0850300  0.0752149
  9  0.8430980  1.6534900  0.7010800 1.265150  0.8975610  1.2820900  0.8851710
   year
age      2008      2009        2010
  2 -0.673929 -0.893506 -1.55972000
  3 -1.410300  1.357080 -0.00582773
  4 -0.942685  1.174610  0.49130800
  5 -0.535977  1.015370 -0.02067660
  6 -0.592860  1.004430  0.12474600
  7 -0.652960  1.063850  1.28390000
  8  0.330477  1.711440  1.01577000
  9 -0.592132  1.678770  1.20271000


TABLE 5.6.20 Herring in VIa (combined) and VIIbc. PREDICTED INDEX AT AGE WoS HERAS

Units  :  NA 
   year
age      1991      1992      1993      1994      1995      1996      1997
  1 164950.38 234685.12 227066.91 267185.91 169990.87 201793.46 255889.25
  2 390467.49 310736.32 604707.41 534186.34 677388.34 356539.39 461113.73
  3 462083.09 498221.48 347771.18 578330.05 495142.06 658552.81 356824.73
  4 318379.71 351196.09 357217.46 202804.96 281559.76 252306.53 317235.60
  5 854267.79 253723.41 249546.36 210512.43 145757.56 124355.54 144755.30
  6 175536.10 582392.56 197955.99 154168.28 125806.46  89277.07  83909.99
  7 111915.57  98370.87 390467.49 135388.00  98135.06  68159.10  53690.96
  8  73784.21  65055.76  70848.57 194308.04  98046.78  70537.52  39497.79
  9  58122.03  68521.31  73064.65  83826.13 145670.14 134081.08  74869.36
   year
age      1998      1999      2000      2001       2002      2003      2004
  1 232326.73 224493.04 346972.22 274553.11  277090.65 173615.78 187081.57
  2 613662.27 494746.11 433003.03 915751.21  599589.18 707080.64 340680.38
  3 520945.13 949603.68 483835.38 384731.13 1091103.36 792303.65 807178.41
  4 261790.54 374969.51 637748.96 275515.73  219564.21 814557.26 559220.99
  5 185739.42 168299.43 247162.18 425661.62  192952.63 157109.77 582334.32
  6  81952.90 102283.13 115531.67 183689.11  295818.09 125580.22 101073.17
  7  45972.56  45170.52  64815.50  87745.86  118409.00 189738.10 108055.47
  8  24528.72  25006.72  31247.67  52281.61   49841.34  93985.90 118859.81
  9  45071.26  33140.12  33738.67  34389.27   42984.72  51652.82  84931.47
   year
age      2005      2006      2007
  1 152710.61 159181.45 421005.00
  2 454112.39 352356.95 515503.82
  3 561630.81 457759.86 277146.08
  4 642485.80 378359.47 251173.70
  5 367801.99 544923.12 384577.27
  6 302065.75 362326.13 264897.97
  7  47978.10 254155.10 178617.16
  8  61827.28  39505.69  71431.91
  9  78143.33  87877.58 164950.38


TABLE 5.6.21 Herring in VIa (combined) and VIIbc. INDEX AT AGE RESIDUALS WoS HERAS

Units  :  NA 
   year
age        1991      1992       1993       1994       1995      1996      1997
  1  0.47969100 -0.767945 -3.0502800  0.4105950  0.6369120 -1.060640  0.754708
  2 -0.52532800  0.898376 -0.0798982  0.0272797  0.9085670  0.894538  0.615753
  3 -0.63874300 -1.599930  1.2745000  0.0923583 -0.0839749  0.368092 -0.410843
  4  0.26882400 -0.573613  1.2224400  0.6375530  0.8744040  0.494847 -1.194390
  5 -1.04145000  0.915131  1.5209900  0.7010680  0.0902036 -0.494349 -1.459610
  6  0.00868095 -1.649860  2.8205500  1.0304200  0.7400410 -0.721387 -0.981892
  7 -0.23324400  0.133239 -0.5181160  2.0487000  1.0142500  0.236233 -2.221950
  8  0.36642200 -0.255582  1.4918400 -0.2084090  1.6410600  0.191824 -0.575870
  9 -0.00260272 -0.143377  1.4762500  0.8437910  0.6059140 -0.288850 -2.084450
   year
age       1998      1999      2000        2001      2002      2003       2004
  1  1.1084100  0.578923  0.170041  0.08772680  0.285144 0.6191820  0.7368950
  2  0.4811760 -0.797315 -0.585434  0.27594600 -0.593255 0.7173710 -0.4021800
  3  0.4595390  0.706778 -0.672933 -1.06034000  0.512664 0.3034080 -0.1116480
  4  1.0939200  0.263582  0.640259 -0.86860900 -0.175685 1.1014800 -0.4367160
  5 -0.0682713  1.125370  0.865335  0.05109830 -0.329034 0.2666540 -0.0164881
  6 -0.0619952  0.567173  1.419320 -0.60692500  0.671552 0.0528933 -1.1094300
  7 -0.9199850  1.209680  2.093420  0.29485500  0.468610 1.1224600 -1.0402800
  8 -1.0641800  0.183696  2.070430  0.00422904  0.564687 0.3642840 -0.6866280
  9 -0.3790730  0.122787  1.221080  0.01680250  0.605367 0.6993610 -0.1995970
   year
age      2005      2006      2007
  1 -0.742924 -0.232997 -2.246240
  2 -1.161120  1.606920 -1.043120
  3 -1.659840 -0.308313 -0.584322
  4 -0.777844 -0.530885 -1.019240
  5 -0.755694  0.123212 -0.191929
  6 -1.268960  0.251468 -0.161369
  7 -2.489480 -0.210333 -0.164715
  8 -0.857911 -1.115640 -1.489470
  9 -1.992500 -0.732451  0.479691


TABLE 5.6.22 Herring in VIa (combined) and VIIbc. PREDICTED INDEX AT AGE IBTS_Q4

Units  :  NA 
   year
age      1996      1997      1998      1999      2000       2001      2002
  2 47.809291 61.149397 81.246683 66.716347 58.713519 124.410925 81.283253
  3 48.539117 25.845590 37.557384 70.389211 36.153725  28.826641 81.362949
  4 18.618952 22.954179 18.856355 27.868304 47.824593  20.723328 16.434619
  5  9.212396 10.504146 13.427704 12.577758 18.642054  32.190134 14.511914
  6  6.602049  6.082951  5.933356  7.667419  8.746818  13.951123 22.376247
  7  5.044306  3.893973  3.336792  3.399540  4.927935   6.692450  8.999239
  8  5.231772  2.889721  1.800901  1.894985  2.389318   4.011238  3.815761
  9  9.944603  5.477397  3.309311  2.511344  2.579697   2.638425  3.290831
   year
age      2003      2004      2005      2006     2007     2008     2009
  2 96.307866 46.472930 62.120124 47.929443 57.19291 35.70176 42.64329
  3 59.531763 60.784815 42.500677 34.290214 38.56480 36.24314 23.58521
  4 61.463899 42.289550 48.858091 28.456312 20.81117 29.70098 26.63803
  5 11.917406 44.294034 28.150637 41.248717 18.98122 14.76781 19.67522
  6  9.578299  7.726840 23.221069 27.581631 29.23159 13.79147 11.16730
  7 14.525707  8.290083  3.700508 19.427508 20.22299 22.71147 10.92365
  8  7.238326  9.170392  4.789567  3.039248 13.72680 15.14000 18.42503
  9  3.977924  6.553046  6.053399  6.760589  5.48968 13.72296 19.38074


TABLE 5.6.23 Herring in VIa (combined) and VIIbc. INDEX AT AGE RESIDUALS IBTS_Q4

Units  :  NA 
   year
age       1996      1997       1998       1999       2000     2001     2002
  2  0.2650740 -0.827191 -1.0625100 -1.3960500 -1.1906900 0.333411 -2.00909
  3  0.8360520  0.455372 -0.3133770 -1.5676700 -1.8176400 0.929008 -2.75728
  4 -0.0377467  0.245870  0.4948010 -0.5333700 -1.6154100 0.763673 -3.44484
  5  0.7306120  0.755542  1.0268200  0.0452196 -1.2239400 0.903077 -2.58176
  6 -0.1772080  0.903268  1.1426300  1.0350700 -0.2245220 1.293380 -2.65364
  7 -0.0635469 -0.352618 -0.0681396  0.8615050 -0.1148800 1.668460 -1.97702
  8  0.7724690  1.284030 -0.3564430 -0.1170630 -0.0178614 1.569070 -1.19016
  9  0.3813950  0.842869  1.0133800  0.8292820 -0.2869100 0.859939 -1.83564
   year
age       2003     2004      2005       2006      2007       2008      2009
  2  1.0502900 0.113336 -1.278060 -0.1748950 -0.197201 -1.1152700  0.502891
  3  0.1402200 0.898729 -1.607630 -0.5460440  0.104801  0.0269602  0.500396
  4  0.0904972 1.113660 -0.941200 -0.3471760  0.258450 -0.3398400  0.421439
  5 -0.5237200 1.187960 -0.105030 -0.0817249  1.108840  0.2514270  0.401839
  6  0.2186070 0.890471 -0.497551  0.5661000  0.492479  0.3676410 -0.162931
  7 -0.3526960 1.153930 -1.127440  0.4297870  0.906102  0.5345340  0.427384
  8 -0.2544450 0.563802 -0.306897  0.8412690 -0.314388  0.2873260  0.246442
  9  0.5827420 0.248591 -0.296135  0.5856320 -0.613575  0.1921650  0.456274


TABLE 5.6.24 Herring in VIa (combined) and VIIbc. PREDICTED INDEX AT AGE MS HERAS

Units  :  NA 
   year
age     2008     2009     2010      2011       2012      2013      2014
  1 234544.4 307552.2 459089.3 305865.27  209462.50 241735.64 142272.57
  2 258383.4 308754.0 359115.7 685565.96  395932.89 461621.24 376472.39
  3 565462.9 368206.8 468785.2 451892.68 1169749.29 892784.05 381971.01
  4 461667.4 414364.0 229624.4 297598.34  272556.17 188640.81 640369.09
  5 228091.0 304248.5 255966.0 161087.02  177123.06 116343.23 140435.00
  6 212033.6 171905.5 176963.7 150001.41  118456.37  79578.56  64247.62
  7 347840.7 167476.8 111390.8 102950.13   91628.72  60072.05  45215.72
  8 230798.4 281081.5 114840.6  76787.72   51725.18  91126.14  62906.20
  9 209211.3 295640.7 311763.4 207461.28  132906.35 122186.03 172215.18
   year
age      2015
  1 237589.58
  2 282123.44
  3 287736.38
  4 386118.66
  5 103849.71
  6  41601.85
  7  39819.02
  8 234544.36
  9 258383.45


TABLE 5.6.25 Herring in VIa (combined) and VIIbc. INDEX AT AGE RESIDUALS MS HERAS

Units  :  NA 
   year
age       2008      2009       2010      2011       2012       2013       2014
  1 -1.0099700  0.604886 -0.8158560 -1.039370  0.8768030 -0.2281710  1.0618700
  2  0.0543723 -0.241980  0.0711015 -1.557990  0.5212430 -0.0943116 -0.6985530
  3  0.9022990 -0.470313 -0.3599600  1.094450 -0.5411300 -0.4526590  0.4358680
  4  0.7059880  0.108423  0.0860450  0.775410  1.0192900  0.0502246 -0.2874190
  5  0.7407150  0.355172 -0.6196210  0.443346  0.5415910 -0.7960820  0.0860976
  6  0.7101160  0.428125 -0.3069010  0.662197 -0.0538557 -0.4124220 -1.0801100
  7  1.2079500  0.224420 -0.1406000  1.095520  0.3103230 -1.1798400 -1.4053700
  8  0.8182570  0.915788 -0.2133070  0.618264  0.1410410 -1.4157100 -2.5058800
  9  0.4282620  0.689135 -0.0769801  0.382022 -0.3811280  1.3885600  0.3337980
   year
age       2015
  1  0.8142430
  2  1.5480700
  3  0.6130030
  4  0.3334480
  5 -0.2256980
  6 -0.8789260
  7 -4.6877300
  8 -1.0099700
  9  0.0543723



TABLE 5.6.27 Herring in VIa (combined) and VIIbc. FIT PARAMETERS

           name     value  std.dev
1       logFpar -1.476000 0.691210
2       logFpar -0.644810 0.363910
3       logFpar  0.123630 0.305760
4       logFpar -2.057400 0.423960
5       logFpar -0.633450 0.235310
6       logFpar -0.041190 0.229630
7       logFpar -8.003500 0.213340
8       logFpar -9.391900 0.248940
9  logSdLogFsta -0.638860 0.180140
10 logSdLogFsta -1.224400 0.107830
11    logSdLogN -0.713090 0.202120
12    logSdLogN -1.403400 0.098735
13  logSdLogObs  0.098563 0.108580
14  logSdLogObs -1.731300 0.120230
15  logSdLogObs -1.075900 0.120390
16  logSdLogObs  0.420470 0.296980
17  logSdLogObs -0.463440 0.118090
18  logSdLogObs  0.403820 0.181280
19  logSdLogObs -0.621640 0.072894
20  logSdLogObs  0.479720 0.147660
21  logSdLogObs -0.332180 0.064146
22  logSdLogObs  0.156890 0.197340
23  logSdLogObs -0.302850 0.076223
24          rho  0.959050 0.019488


TABLE 5.6.28 Herring in VIa (combined) and VIIbc. NEGATIVE LOG-LIKELIHOOD

1002.42


