TABLE 3.6.1 WBSS HERRING. CATCH IN NUMBER

Units  :  thousands 
   year
age   1991   1992   1993   1994    1995   1996   1997   1998   1999   2000
  0 118958 145090 206102 263202  541302 171144 376795 549774 569599 152581
  1 825969 456707 530707 249398 1660683 638877 668616 623072 616124 934545
  2 541246 602624 495950 364980  438136 400585 289336 430903 334339 496396
  3 564430 364864 415108 382650  226810 199681 276919 182860 246212 186615
  4 279767 333993 260950 267033  194870 144155  75283 146685  90259 128625
  5 177486 183200 210497 168142   84123 130086  43119  45322  55919  71727
  6  46487 139835 102768 118416   60096  65274  39916  23759  15481  38262
  7  13241  52660  63922  49504   32878  30705  21211  15400   9478  13777
  8   4933  22574  24535  33088   20459  25111  24134  14112   6084  10689
   year
age   2001   2002   2003   2004   2005   2006   2007   2008   2009   2010
  0 756285 150271  53489 243554 106906   7946  10721   9610  20734  12394
  1 523163 659130 126876 457754 305171 148909 172044 149436 181083  75083
  2 488816 281840 264855 197812 319225 187674 184735 136988 243007 136419
  3 257837 321311 161251 164766 177833 233214 143904 135753 101330  82970
  4 108097 172285 189432  93214 130394 150654 126861  92305  69937  46833
  5  68376  57160 103648  91242  60639  98751  64996  89436  48091  29979
  6  39092  38532  29117  48957  65695  42459  30199  45930  39750  18589
  7  18307  13842  17452  14876  31231  32418  21256  17216  20907  10996
  8   6687   8329   8819  11013  12620  17312  14759  17410  12529  11262


TABLE 3.6.2 WBSS HERRING. WEIGHTS AT AGE IN THE CATCH

Units  :  kg 
   year
age   1991   1992   1993   1994   1995   1996   1997   1998   1999   2000
  0 0.0296 0.0152 0.0154 0.0146 0.0101 0.0106 0.0296 0.0143 0.0111 0.0211
  1 0.0348 0.0345 0.0254 0.0370 0.0209 0.0246 0.0275 0.0333 0.0343 0.0255
  2 0.0669 0.0673 0.0680 0.0833 0.0684 0.0809 0.0684 0.0663 0.0658 0.0578
  3 0.0949 0.0944 0.1020 0.1032 0.0984 0.0970 0.1181 0.0942 0.0981 0.0950
  4 0.1234 0.1163 0.1143 0.1221 0.1235 0.1125 0.1342 0.1178 0.1164 0.1301
  5 0.1390 0.1417 0.1361 0.1411 0.1520 0.1328 0.1620 0.1367 0.1471 0.1428
  6 0.1556 0.1651 0.1679 0.1565 0.1704 0.1369 0.1817 0.1663 0.1566 0.1463
  7 0.1709 0.1758 0.1823 0.1705 0.2063 0.1542 0.1967 0.1652 0.1538 0.1583
  8 0.1826 0.1915 0.1989 0.1860 0.2170 0.1910 0.2087 0.1870 0.1576 0.1591
   year
age   2001   2002   2003    2004   2005   2006   2007   2008   2009    2010
  0 0.0123 0.0105 0.0132 0.00618 0.0140 0.0170 0.0139 0.0178 0.0126 0.00928
  1 0.0243 0.0213 0.0315 0.02754 0.0272 0.0360 0.0506 0.0647 0.0479 0.04619
  2 0.0593 0.0700 0.0671 0.06419 0.0721 0.0728 0.0709 0.0788 0.0711 0.07688
  3 0.0862 0.0968 0.0907 0.10017 0.0938 0.0982 0.0854 0.0960 0.1032 0.10873
  4 0.1089 0.1196 0.1079 0.10596 0.1106 0.1153 0.1141 0.1153 0.1390 0.13535
  5 0.1567 0.1400 0.1223 0.13139 0.1228 0.1535 0.1288 0.1404 0.1534 0.16464
  6 0.1560 0.1876 0.1319 0.15228 0.1493 0.1581 0.1564 0.1481 0.1709 0.18078
  7 0.1556 0.1814 0.1603 0.16768 0.1619 0.1865 0.1673 0.1667 0.1924 0.19751
  8 0.1713 0.1717 0.1625 0.15295 0.1736 0.1848 0.1903 0.1704 0.2146 0.20551


TABLE 3.6.3 WBSS HERRING. WEIGHTS AT AGE IN THE STOCK

Units  :  kg 
   year
age   1991   1992   1993   1994   1995   1996   1997   1998   1999   2000
  0 0.0001 0.0001 0.0001 0.0001 0.0001 0.0001 0.0001 0.0001 0.0001 0.0001
  1 0.0308 0.0203 0.0156 0.0186 0.0131 0.0181 0.0131 0.0221 0.0211 0.0140
  2 0.0528 0.0451 0.0402 0.0529 0.0459 0.0546 0.0515 0.0558 0.0567 0.0431
  3 0.0787 0.0818 0.0967 0.0836 0.0708 0.0905 0.1063 0.0829 0.0871 0.0837
  4 0.1041 0.1075 0.1079 0.1077 0.1327 0.1170 0.1333 0.1128 0.1081 0.1250
  5 0.1245 0.1313 0.1409 0.1392 0.1674 0.1197 0.1662 0.1338 0.1480 0.1436
  6 0.1449 0.1593 0.1671 0.1566 0.1892 0.1538 0.1943 0.1678 0.1601 0.1629
  7 0.1594 0.1710 0.1827 0.1768 0.2097 0.1467 0.2089 0.1683 0.1439 0.1650
  8 0.1640 0.1869 0.1891 0.2028 0.2338 0.1280 0.2263 0.1843 0.1504 0.1831
   year
age   2001   2002   2003   2004   2005   2006   2007   2008   2009   2010
  0 0.0001 0.0001 0.0001 0.0001 0.0001 0.0001 0.0001 0.0001 0.0001 0.0001
  1 0.0169 0.0164 0.0144 0.0131 0.0126 0.0185 0.0150 0.0180 0.0230 0.0140
  2 0.0509 0.0637 0.0445 0.0456 0.0514 0.0621 0.0550 0.0680 0.0520 0.0626
  3 0.0783 0.0905 0.0793 0.0811 0.0800 0.0953 0.0800 0.0860 0.0900 0.0974
  4 0.1159 0.1239 0.1051 0.1092 0.1066 0.1174 0.1140 0.1100 0.1300 0.1283
  5 0.1690 0.1736 0.1268 0.1440 0.1322 0.1659 0.1430 0.1390 0.1560 0.1618
  6 0.1763 0.1983 0.1506 0.1628 0.1573 0.1710 0.1710 0.1430 0.1740 0.1813
  7 0.1681 0.1980 0.1729 0.1932 0.1677 0.1858 0.1750 0.1410 0.1850 0.2023
  8 0.1805 0.2036 0.1847 0.2076 0.1820 0.1871 0.1880 0.1580 0.1990 0.2045


TABLE 3.6.4 WBSS HERRING. NATURAL MORTALITY

Units  :  NA 
   year
age 1991 1992 1993 1994 1995 1996 1997 1998 1999 2000 2001 2002 2003 2004 2005
  0  0.3  0.3  0.3  0.3  0.3  0.3  0.3  0.3  0.3  0.3  0.3  0.3  0.3  0.3  0.3
  1  0.5  0.5  0.5  0.5  0.5  0.5  0.5  0.5  0.5  0.5  0.5  0.5  0.5  0.5  0.5
  2  0.2  0.2  0.2  0.2  0.2  0.2  0.2  0.2  0.2  0.2  0.2  0.2  0.2  0.2  0.2
  3  0.2  0.2  0.2  0.2  0.2  0.2  0.2  0.2  0.2  0.2  0.2  0.2  0.2  0.2  0.2
  4  0.2  0.2  0.2  0.2  0.2  0.2  0.2  0.2  0.2  0.2  0.2  0.2  0.2  0.2  0.2
  5  0.2  0.2  0.2  0.2  0.2  0.2  0.2  0.2  0.2  0.2  0.2  0.2  0.2  0.2  0.2
  6  0.2  0.2  0.2  0.2  0.2  0.2  0.2  0.2  0.2  0.2  0.2  0.2  0.2  0.2  0.2
  7  0.2  0.2  0.2  0.2  0.2  0.2  0.2  0.2  0.2  0.2  0.2  0.2  0.2  0.2  0.2
  8  0.2  0.2  0.2  0.2  0.2  0.2  0.2  0.2  0.2  0.2  0.2  0.2  0.2  0.2  0.2
   year
age 2006 2007 2008 2009 2010
  0  0.3  0.3  0.3  0.3  0.3
  1  0.5  0.5  0.5  0.5  0.5
  2  0.2  0.2  0.2  0.2  0.2
  3  0.2  0.2  0.2  0.2  0.2
  4  0.2  0.2  0.2  0.2  0.2
  5  0.2  0.2  0.2  0.2  0.2
  6  0.2  0.2  0.2  0.2  0.2
  7  0.2  0.2  0.2  0.2  0.2
  8  0.2  0.2  0.2  0.2  0.2


TABLE 3.6.5 WBSS HERRING. PROPORTION MATURE

Units  :  NA 
   year
age 1991 1992 1993 1994 1995 1996 1997 1998 1999 2000 2001 2002 2003 2004 2005
  0 0.00 0.00 0.00 0.00 0.00 0.00 0.00 0.00 0.00 0.00 0.00 0.00 0.00 0.00 0.00
  1 0.00 0.00 0.00 0.00 0.00 0.00 0.00 0.00 0.00 0.00 0.00 0.00 0.00 0.00 0.00
  2 0.20 0.20 0.20 0.20 0.20 0.20 0.20 0.20 0.20 0.20 0.20 0.20 0.20 0.20 0.20
  3 0.75 0.75 0.75 0.75 0.75 0.75 0.75 0.75 0.75 0.75 0.75 0.75 0.75 0.75 0.75
  4 0.90 0.90 0.90 0.90 0.90 0.90 0.90 0.90 0.90 0.90 0.90 0.90 0.90 0.90 0.90
  5 1.00 1.00 1.00 1.00 1.00 1.00 1.00 1.00 1.00 1.00 1.00 1.00 1.00 1.00 1.00
  6 1.00 1.00 1.00 1.00 1.00 1.00 1.00 1.00 1.00 1.00 1.00 1.00 1.00 1.00 1.00
  7 1.00 1.00 1.00 1.00 1.00 1.00 1.00 1.00 1.00 1.00 1.00 1.00 1.00 1.00 1.00
  8 1.00 1.00 1.00 1.00 1.00 1.00 1.00 1.00 1.00 1.00 1.00 1.00 1.00 1.00 1.00
   year
age 2006 2007 2008 2009 2010
  0 0.00 0.00 0.00 0.00 0.00
  1 0.00 0.00 0.00 0.00 0.00
  2 0.20 0.20 0.20 0.20 0.20
  3 0.75 0.75 0.75 0.75 0.75
  4 0.90 0.90 0.90 0.90 0.90
  5 1.00 1.00 1.00 1.00 1.00
  6 1.00 1.00 1.00 1.00 1.00
  7 1.00 1.00 1.00 1.00 1.00
  8 1.00 1.00 1.00 1.00 1.00


TABLE 3.6.6 WBSS HERRING. FRACTION OF HARVEST BEFORE SPAWNING

Units  :  NA 
   year
age 1991 1992 1993 1994 1995 1996 1997 1998 1999 2000 2001 2002 2003 2004 2005
  0  0.1  0.1  0.1  0.1  0.1  0.1  0.1  0.1  0.1  0.1  0.1  0.1  0.1  0.1  0.1
  1  0.1  0.1  0.1  0.1  0.1  0.1  0.1  0.1  0.1  0.1  0.1  0.1  0.1  0.1  0.1
  2  0.1  0.1  0.1  0.1  0.1  0.1  0.1  0.1  0.1  0.1  0.1  0.1  0.1  0.1  0.1
  3  0.1  0.1  0.1  0.1  0.1  0.1  0.1  0.1  0.1  0.1  0.1  0.1  0.1  0.1  0.1
  4  0.1  0.1  0.1  0.1  0.1  0.1  0.1  0.1  0.1  0.1  0.1  0.1  0.1  0.1  0.1
  5  0.1  0.1  0.1  0.1  0.1  0.1  0.1  0.1  0.1  0.1  0.1  0.1  0.1  0.1  0.1
  6  0.1  0.1  0.1  0.1  0.1  0.1  0.1  0.1  0.1  0.1  0.1  0.1  0.1  0.1  0.1
  7  0.1  0.1  0.1  0.1  0.1  0.1  0.1  0.1  0.1  0.1  0.1  0.1  0.1  0.1  0.1
  8  0.1  0.1  0.1  0.1  0.1  0.1  0.1  0.1  0.1  0.1  0.1  0.1  0.1  0.1  0.1
   year
age 2006 2007 2008 2009 2010
  0  0.1  0.1  0.1  0.1  0.1
  1  0.1  0.1  0.1  0.1  0.1
  2  0.1  0.1  0.1  0.1  0.1
  3  0.1  0.1  0.1  0.1  0.1
  4  0.1  0.1  0.1  0.1  0.1
  5  0.1  0.1  0.1  0.1  0.1
  6  0.1  0.1  0.1  0.1  0.1
  7  0.1  0.1  0.1  0.1  0.1
  8  0.1  0.1  0.1  0.1  0.1


TABLE 3.6.7 WBSS HERRING. FRACTION OF NATURAL MORTALITY BEFORE SPAWNING

Units  :  NA 
   year
age 1991 1992 1993 1994 1995 1996 1997 1998 1999 2000 2001 2002 2003 2004 2005
  0 0.25 0.25 0.25 0.25 0.25 0.25 0.25 0.25 0.25 0.25 0.25 0.25 0.25 0.25 0.25
  1 0.25 0.25 0.25 0.25 0.25 0.25 0.25 0.25 0.25 0.25 0.25 0.25 0.25 0.25 0.25
  2 0.25 0.25 0.25 0.25 0.25 0.25 0.25 0.25 0.25 0.25 0.25 0.25 0.25 0.25 0.25
  3 0.25 0.25 0.25 0.25 0.25 0.25 0.25 0.25 0.25 0.25 0.25 0.25 0.25 0.25 0.25
  4 0.25 0.25 0.25 0.25 0.25 0.25 0.25 0.25 0.25 0.25 0.25 0.25 0.25 0.25 0.25
  5 0.25 0.25 0.25 0.25 0.25 0.25 0.25 0.25 0.25 0.25 0.25 0.25 0.25 0.25 0.25
  6 0.25 0.25 0.25 0.25 0.25 0.25 0.25 0.25 0.25 0.25 0.25 0.25 0.25 0.25 0.25
  7 0.25 0.25 0.25 0.25 0.25 0.25 0.25 0.25 0.25 0.25 0.25 0.25 0.25 0.25 0.25
  8 0.25 0.25 0.25 0.25 0.25 0.25 0.25 0.25 0.25 0.25 0.25 0.25 0.25 0.25 0.25
   year
age 2006 2007 2008 2009 2010
  0 0.25 0.25 0.25 0.25 0.25
  1 0.25 0.25 0.25 0.25 0.25
  2 0.25 0.25 0.25 0.25 0.25
  3 0.25 0.25 0.25 0.25 0.25
  4 0.25 0.25 0.25 0.25 0.25
  5 0.25 0.25 0.25 0.25 0.25
  6 0.25 0.25 0.25 0.25 0.25
  7 0.25 0.25 0.25 0.25 0.25
  8 0.25 0.25 0.25 0.25 0.25


TABLE 3.6.8 WBSS HERRING. SURVEY INDICES

HERAS 3-6 wr - Configuration

""
      min       max plusgroup   minyear   maxyear    startf      endf 
     3.00      6.00        NA   1993.00   2010.00      0.58      0.67 
Index type : number

HERAS 3-6 wr - Index Values

Units  :  NA 
   year
age       1993      1994       1995      1996      1997      1998 1999
  3 1274000000 935000000 1022000000 247000000 787000000 901000000   NA
  4  598000000 501000000 1270000000 141000000 166000000 282000000   NA
  5  434000000 239000000  255000000 119000000  67000000 111000000   NA
  6  154000000 186000000  174000000  37000000  69000000  51000000   NA
   year
age      2000      2001       2002      2003      2004      2005       2006
  3 673600000 452300000 1392800000 394600000 726000000 463500000 1780400000
  4 363900000 153100000  524300000 323400000 306900000 201300000  490000000
  5 185700000  96400000   87500000 103400000 183700000 102500000  180400000
  6  55600000  37600000   39500000  25200000  72100000  83600000   27000000
   year
age      2007      2008      2009      2010
  3 933000000 843000000 205000000 254000000
  4 499000000 333000000 161000000 115000000
  5 154000000 274000000  82000000  65000000
  6  34000000 176000000  86000000  24000000

HERAS 3-6 wr - Index Variance (Inverse Weights) 

Units  :  NA 
   year
age 1993 1994 1995 1996 1997 1998 1999 2000 2001 2002 2003 2004 2005 2006 2007
  3    1    1    1    1    1    1    1    1    1    1    1    1    1    1    1
  4    1    1    1    1    1    1    1    1    1    1    1    1    1    1    1
  5    1    1    1    1    1    1    1    1    1    1    1    1    1    1    1
  6    1    1    1    1    1    1    1    1    1    1    1    1    1    1    1
   year
age 2008 2009 2010
  3    1    1    1
  4    1    1    1
  5    1    1    1
  6    1    1    1

GerAS 1-3 wr - Configuration

""
      min       max plusgroup   minyear   maxyear    startf      endf 
     1.00      3.00        NA   1994.00   2010.00      0.77      0.83 
Index type : number

GerAS 1-3 wr - Index Values

Units  :  NA 
   year
age   1994    1995    1996    1997   1998    1999    2000 2001   2002    2003
  1 415730 1675340 1439460 1955400 801350 1338710 1429880   -1 837549 1238480
  2 883810  328610  590010  738180 678530  287240  453980   -1 421393  222530
  3 559720  357960  434090  394530 394070  232510  328960   -1 575356  217270
   year
age   2004   2005   2006   2007   2008   2009   2010
  1 968860 752980 950450 560000 392780 270930 535760
  2 592360 640060 274460 278000 213500 134670 338780
  3 346230 401070 376480 149000 209000  92270 482880

GerAS 1-3 wr - Index Variance (Inverse Weights) 

Units  :  NA 
   year
age 1994 1995 1996 1997 1998 1999 2000 2001 2002 2003 2004 2005 2006 2007 2008
  1    1    1    1    1    1    1    1    1    1    1    1    1    1    1    1
  2    1    1    1    1    1    1    1    1    1    1    1    1    1    1    1
  3    1    1    1    1    1    1    1    1    1    1    1    1    1    1    1
   year
age 2009 2010
  1    1    1
  2    1    1
  3    1    1

N20 - Configuration

""
      min       max plusgroup   minyear   maxyear    startf      endf 
      0.0       0.0        NA    1992.0    2010.0       0.3       0.5 
Index type : number

N20 - Index Values

Units  :  NA 
   year
age 1992 1993  1994 1995  1996 1997  1998  1999 2000 2001  2002 2003 2004 2005
  0 1060 3044 12515 7930 21012 4872 16743 20364 3026 4845 11324 5507 5640 3887
   year
age 2006 2007 2008 2009 2010
  0 3774 1829 1622 6464 7037

N20 - Index Variance (Inverse Weights) 

Units  :  NA 
   year
age 1992 1993 1994 1995 1996 1997 1998 1999 2000 2001 2002 2003 2004 2005 2006
  0    1    1    1    1    1    1    1    1    1    1    1    1    1    1    1
   year
age 2007 2008 2009 2010
  0    1    1    1    1


TABLE 3.6.9 WBSS HERRING. STOCK OBJECT CONFIGURATION

      min       max plusgroup   minyear   maxyear   minfbar   maxfbar 
        0         8         8      1991      2010         3         6 


TABLE 3.6.10 WBSS HERRING. FLICA CONFIGURATION SETTINGS

sep.2       : NA
sep.gradual : TRUE
sr          : FALSE
sr.age      : 0
lambda.age  : 0.1 1 1 1 1 1 1 1 0
lambda.yr   : 1 1 1 1 1
lambda.sr   : 0
index.model : linear linear linear
index.cor   : 1 1 1
sep.nyr     : 5
sep.age     : 4
sep.sel     : 1


TABLE 3.6.11 WBSS HERRING. FLR, R SOFTWARE VERSIONS

R version 2.8.1 (2008-12-22)

Package  : FLICA
Version  : 1.4-12
Packaged : 2009-10-08 15:16:26 UTC; mpa
Built    : R 2.9.1; ; 2009-10-08 15:16:27 UTC; windows

Package  : FLAssess
Version  : 1.99-102
Packaged : Mon Mar 23 08:18:19 2009; mpa
Built    : R 2.8.0; i386-pc-mingw32; 2009-03-23 08:18:21; windows

Package  : FLCore
Version  : 2.2
Packaged : Tue May 19 19:23:18 2009; Administrator
Built    : R 2.8.1; i386-pc-mingw32; 2009-05-19 19:23:22; windows


TABLE 3.6.12 WBSS HERRING. STOCK SUMMARY

Year Recruitment    TSB    SSB       Fbar Landings Landings
           Age 0               (Ages 3-6)               SOP
                                        f   tonnes         
1991     5001715 617657 311499      0.356   191573    1.000
1992     3654685 543054 323333      0.475   194411    1.000
1993     3108187 464197 295501      0.543   185010    1.000
1994     6178461 377562 231703      0.695   172438    1.000
1995     4046433 317660 182207      0.512   150831    1.000
1996     4491298 273180 134287      0.701   121266    1.000
1997     3988814 275348 150316      0.511   115588    1.000
1998     5614285 272747 121287      0.492   107032    1.000
1999     6455978 290364 128609      0.373    97240    1.000
2000     3415970 295915 142270      0.467   109914    1.000
2001     4456945 320824 163748      0.453   105803    1.000
2002     2949392 352944 203513      0.404   106191    1.000
2003     3864124 266947 163523      0.393    78309    1.000
2004     2611938 278782 167665      0.342    76815    1.000
2005     2028331 277906 165279      0.394    88406    1.000
2006     1585196 294102 184202      0.455    90549    1.000
2007     1620155 219092 141118      0.435    68997    0.988
2008     1479130 195780 117197      0.474    68484    1.015
2009     2159680 177799 105222      0.517    67262    1.000
2010     3961260 163736  95152      0.302    42214    1.000


TABLE 3.6.13 WBSS HERRING. ESTIMATED FISHING MORTALITY

Units  :  f 
   year
age   1991  1992   1993   1994  1995   1996  1997  1998  1999  2000  2001
  0 0.0279 0.047 0.0797 0.0505 0.167 0.0451 0.115 0.120 0.107 0.053 0.217
  1 0.2591 0.174 0.2982 0.1602 0.639 0.3787 0.306 0.352 0.236 0.319 0.319
  2 0.3196 0.372 0.3514 0.4215 0.572 0.3789 0.359 0.404 0.395 0.368 0.333
  3 0.4222 0.371 0.4748 0.5038 0.506 0.5624 0.491 0.405 0.427 0.400 0.332
  4 0.3952 0.477 0.4964 0.6465 0.523 0.7135 0.428 0.528 0.358 0.415 0.428
  5 0.3709 0.489 0.6335 0.7017 0.432 0.8157 0.481 0.499 0.393 0.539 0.407
  6 0.2346 0.563 0.5659 0.9280 0.588 0.7135 0.642 0.537 0.315 0.513 0.643
  7 0.4116 0.453 0.5491 0.5933 0.735 0.6915 0.535 0.553 0.426 0.514 0.497
  8 0.4116 0.453 0.5491 0.5933 0.735 0.6915 0.535 0.553 0.426 0.514 0.497
   year
age   2002   2003  2004   2005    2006   2007    2008   2009    2010
  0 0.0607 0.0161 0.114 0.0628 0.00712 0.0068 0.00742 0.0081 0.00472
  1 0.3717 0.0814 0.229 0.2514 0.15603 0.1492 0.16262 0.1774 0.10349
  2 0.3458 0.3034 0.210 0.2983 0.36084 0.3451 0.37607 0.4103 0.23933
  3 0.3810 0.3406 0.314 0.2955 0.40740 0.3897 0.42460 0.4633 0.27021
  4 0.3873 0.4061 0.338 0.4392 0.43099 0.4122 0.44918 0.4901 0.28586
  5 0.4234 0.4267 0.350 0.3840 0.49800 0.4763 0.51902 0.5663 0.33030
  6 0.4242 0.3976 0.367 0.4578 0.48354 0.4625 0.50395 0.5499 0.32071
  7 0.4958 0.3462 0.364 0.4238 0.43099 0.4122 0.44918 0.4901 0.28586
  8 0.4958 0.3462 0.364 0.4238 0.43099 0.4122 0.44918 0.4901 0.28586


TABLE 3.6.14 WBSS HERRING. ESTIMATED POPULATION ABUNDANCE

Units  :  NA 
   year
age    1991    1992    1993    1994    1995    1996    1997    1998    1999
  0 5001715 3654685 3108187 6178461 4046433 4491298 3988814 5614285 6455978
  1 4548841 3603427 2583190 2126222 4351708 2535444 3180646 2632817 3689147
  2 2171382 2129178 1836113 1162748 1098667 1392515 1053036 1420298 1123564
  3 1795620 1291440 1202199 1057879  624574  507455  780501  602337  776193
  4  939352  963817  729770  612233  523328  308183  236760  390897  329073
  5  628068  518005  489773  363689  262592  253948  123619  126318  188687
  6  244323  354873  259951  212820  147620  139544   91967   62569   62816
  7   43005  158205  165399  120860   68884   67099   55973   39619   29955
  8   16022   67819   63485   80782   42865   54875   63687   36305   19228
   year
age    2000    2001    2002    2003    2004    2005    2006    2007    2008
  0 3415970 4456945 2949392 3864124 2611938 2028331 1585196 1620155 1479130
  1 4295588 2399949 2656781 2056302 2816766 1726719 1411098 1166015 1192099
  2 1767314 1894516 1057695 1111120 1149750 1358965  814529  732230  609180
  3  619848 1001274 1111968  612829  671658  763268  825685  464877  424526
  4  414650  340029  588142  621980  356900  401842  465055  449805  257783
  5  188371  224093  181435  326896  339263  208472  212066  247440  243861
  6  104298   90006  122121   97273  174671  195820  116253  105520  125821
  7   37518   51121   38750   65421   53511   99053  101428   58688   54403
  8   29108   18673   23317   33059   39615   40026   54165   47875   52692
   year
age    2009    2010
  0 2159680 3961260
  1 1087670 1587035
  2  614528  552447
  3  342422  333790
  4  227324  176400
  5  134684  114007
  6  118816   62591
  7   62235   56132
  8   35391   49740


TABLE 3.6.15 WBSS HERRING. SURVIVORS AFTER TERMINAL YEAR

Units  :  NA 
   year
age    2011
  0      NA
  1 2920755
  2  867951
  3  356035
  4  208576
  5  108516
  6   67085
  7   37185
  8   65129


TABLE 3.6.16 WBSS HERRING. FITTED SELECTION PATTERN

Units  :  NA 
   year
age   2006   2007   2008   2009   2010
  0 0.0165 0.0165 0.0165 0.0165 0.0165
  1 0.3620 0.3620 0.3620 0.3620 0.3620
  2 0.8372 0.8372 0.8372 0.8372 0.8372
  3 0.9453 0.9453 0.9453 0.9453 0.9453
  4 1.0000 1.0000 1.0000 1.0000 1.0000
  5 1.1555 1.1555 1.1555 1.1555 1.1555
  6 1.1219 1.1219 1.1219 1.1219 1.1219
  7 1.0000 1.0000 1.0000 1.0000 1.0000
  8 1.0000 1.0000 1.0000 1.0000 1.0000


TABLE 3.6.17 WBSS HERRING. PREDICTED CATCH IN NUMBERS

Units  :  NA 
   year
age   1991   1992   1993   1994    1995   1996   1997   1998   1999   2000
  0 118958 145090 206102 263202  541302 171144 376795 549774 569599 152581
  1 825969 456707 530707 249398 1660683 638877 668616 623072 616124 934545
  2 541246 602624 495950 364980  438136 400585 289336 430903 334339 496396
  3 564430 364864 415108 382650  226810 199681 276919 182860 246212 186615
  4 279767 333993 260950 267033  194870 144155  75283 146685  90259 128625
  5 177486 183200 210497 168142   84123 130086  43119  45322  55919  71727
  6  46487 139835 102768 118416   60096  65274  39916  23759  15481  38262
  7  13241  52660  63922  49504   32878  30705  21211  15400   9478  13777
  8   4933  22574  24535  33088   20459  25111  24134  14112   6084  10689
   year
age   2001   2002   2003   2004   2005   2006   2007   2008   2009   2010
  0 756285 150271  53489 243554 106906   9713   9496   9445  15042  16117
  1 523163 659130 126876 457754 305171 161461 127994 141744 140187 123310
  2 488816 281840 264855 197812 319225 224963 194810 174145 188744 106997
  3 257837 321311 161251 164766 177833 252113 136851 134057 115962  71955
  4 108097 172285 189432  93214 130394 148640 138666  85174  80477  39940
  5  68376  57160 103648  91242  60639  76017  85653  90263  53278  29226
  6  39092  38532  29117  48957  65695  40722  35685  45521  45966  15647
  7  18307  13842  17452  14876  31231  32418  18092  17975  22032  12709
  8   6687   8329   8819  11013  12620  17312  14759  17410  12529  11262


TABLE 3.6.18 WBSS HERRING. CATCH RESIDUALS

Units  :  thousands NA 
   year
age    2006    2007     2008    2009    2010
  0 -0.2008  0.1213  0.01737  0.3209 -0.2627
  1 -0.0809  0.2958  0.05284  0.2560 -0.4961
  2 -0.1812 -0.0531 -0.23999  0.2527  0.2429
  3 -0.0779  0.0503  0.01258 -0.1349  0.1424
  4  0.0135 -0.0890  0.08040 -0.1404  0.1592
  5  0.2616 -0.2760 -0.00920 -0.1024  0.0255
  6  0.0418 -0.1669  0.00895 -0.1453  0.1723
  7  0.0000  0.1611 -0.04317 -0.0524 -0.1448
  8  0.0000  0.0000  0.00000  0.0000  0.0000


TABLE 3.6.19 WBSS HERRING. PREDICTED INDEX VALUES

HERAS 3-6 wr

Units  :  NA NA 
   year
age       1993       1994      1995      1996      1997      1998 1999
  3 1163353970 1005298084 592580291 464904893 747440260 609038604   NA
  4  567841298  433731670 400481165 209379006 192245544 298151736   NA
  5  286110820  203595221 173961493 132381629  79439261  80282328   NA
  6  129125424   84300279  72298272  63205300  43556077  31653612   NA
   year
age      2000       2001       2002      2003      2004      2005      2006
  3 628350691 1059330606 1141019004 644898716 718808505 826213065 833380953
  4 339409443  276118178  489934088 512067734 306680489 324071297 376971573
  5 116769000  150810694  120863067 217304935 236668105 142331078 134830510
  6  53546014   42610866   66277758  53675131  98231050 104062365  60795332
   year
age      2007      2008      2009      2010
  3 474442106 423901566 333748550 367062832
  4 368912847 206594859 177582167 156565333
  5 159468521 153021898  82052220  80494678
  6  55913304  64964685  59612015  36238548

GerAS 1-3 wr

Units  :  NA NA 
   year
age   1994    1995   1996    1997   1998    1999    2000 2001   2002   2003
  1 885868 1235737 886992 1179128 941276 1446740 1576731   NA 934618 912546
  2 428336  358684 530736  407925 530483  422832  679400   NA 413965 449874
  3 498022  293431 227965  371079 307004  388581  316965   NA 577540 328736
   year
age    2004   2005   2006   2007   2008   2009   2010
  1 1110890 668842 589907 490108 495736 446978 691939
  2  501744 552476 314972 286730 232712 228406 235436
  3  368143 424503 419880 239780 212931 166515 189430

N20

Units  :  NA NA 
   year
age 1992 1993  1994 1995 1996 1997 1998  1999 2000 2001 2002 2003 2004 2005
  0 6218 5220 10497 6561 7647 6603 9277 10722 5798 7083 4991 6656 4327 3429
   year
age 2006 2007 2008 2009 2010
  0 2740 2801 2557 3732 6855


TABLE 3.6.20 WBSS HERRING. INDEX RESIDUALS

HERAS 3-6 wr

Units  :  NA 
   year
age   1993    1994  1995   1996    1997    1998 1999   2000   2001    2002
  3 0.0909 -0.0725 0.545 -0.632  0.0516  0.3916   NA 0.0695 -0.851  0.1994
  4 0.0517  0.1442 1.154 -0.395 -0.1468 -0.0557   NA 0.0697 -0.590  0.0678
  5 0.4167  0.1603 0.382 -0.107 -0.1703  0.3240   NA 0.4639 -0.448 -0.3230
  6 0.1762  0.7914 0.878 -0.535  0.4601  0.4770   NA 0.0376 -0.125 -0.5176
   year
age   2003      2004   2005   2006    2007  2008      2009   2010
  3 -0.491  0.009955 -0.578  0.759  0.6763 0.687 -0.487378 -0.368
  4 -0.460  0.000716 -0.476  0.262  0.3020 0.477 -0.098029 -0.309
  5 -0.743 -0.253355 -0.328  0.291 -0.0349 0.583 -0.000637 -0.214
  6 -0.756 -0.309268 -0.219 -0.812 -0.4974 0.997  0.366490 -0.412

GerAS 1-3 wr

Units  :  NA 
   year
age   1994    1995  1996   1997   1998    1999    2000 2001     2002   2003
  1 -0.757  0.3043 0.484 0.5058 -0.161 -0.0776 -0.0978   NA -0.10966  0.305
  2  0.724 -0.0876 0.106 0.5931  0.246 -0.3867 -0.4032   NA  0.01778 -0.704
  3  0.117  0.1988 0.644 0.0613  0.250 -0.5136  0.0371   NA -0.00379 -0.414
   year
age    2004    2005   2006    2007    2008   2009   2010
  1 -0.1368  0.1185  0.477  0.1333 -0.2328 -0.501 -0.256
  2  0.1660  0.1472 -0.138 -0.0309 -0.0862 -0.528  0.364
  3 -0.0614 -0.0568 -0.109 -0.4758 -0.0186 -0.590  0.936

N20

Units  :  NA 
   year
age  1992   1993  1994  1995 1996   1997 1998  1999  2000  2001 2002   2003
  0 -1.77 -0.539 0.176 0.190 1.01 -0.304 0.59 0.641 -0.65 -0.38 0.82 -0.189
   year
age  2004  2005 2006   2007   2008  2009   2010
  0 0.265 0.125 0.32 -0.426 -0.455 0.549 0.0263


TABLE 3.6.21 WBSS HERRING. FIT PARAMETERS

                                  Value Std.dev Lower.95.pct.CL Upper.95.pct.CL
F, 2006                         0.43099   0.188         0.29834         0.62262
F, 2007                         0.41222   0.186         0.28602         0.59410
F, 2008                         0.44918   0.190         0.30968         0.65153
F, 2009                         0.49012   0.206         0.32740         0.73371
F, 2010                         0.28586   0.228         0.18279         0.44702
Selectivity at age 0            0.01651   0.481         0.00643         0.04239
Selectivity at age 1            0.36202   0.215         0.23737         0.55214
Selectivity at age 2            0.83723   0.203         0.56255         1.24602
Selectivity at age 3            0.94526   0.197         0.64224         1.39126
Selectivity at age 5            1.15547   0.178         0.81587         1.63642
Selectivity at age 6            1.12192   0.170         0.80428         1.56501
Terminal year pop, age 0  3961258.62804   0.314   2141321.52350   7327984.02575
Terminal year pop, age 1  1587034.03348   0.231   1009356.89346   2495328.50050
Terminal year pop, age 2   552445.87095   0.196    376007.72827    811675.97734
Terminal year pop, age 3   333789.22231   0.182    233814.00028    476512.29094
Terminal year pop, age 4   176398.62274   0.182    123378.58921    252203.19267
Terminal year pop, age 5   114005.70608   0.194     77888.92005    166869.70382
Terminal year pop, age 6    62589.61675   0.220     40676.41169     96307.90827
Terminal year pop, age 7    56130.85533   0.258     33853.18181     93068.73836
Last true age pop, 2006    101426.69483   0.351     51022.27260    201625.17076
Last true age pop, 2007     58687.06584   0.265     34885.89180     98726.77804
Last true age pop, 2008     54402.21078   0.236     34273.64567     86352.07841
Last true age pop, 2009     62233.68717   0.242     38698.42623    100082.41151
Index 1, age 3 numbers, Q    1475.35918   0.156      1087.04050      2002.39524
Index 1, age 4 numbers, Q    1202.47464   0.156       884.83566      1634.13990
Index 1, age 5 numbers, Q     983.50840   0.158       721.46571      1340.72730
Index 1, age 6 numbers, Q     801.67719   0.161       584.35473      1099.82220
Index 2, age 1 numbers, Q       0.70657   0.140         0.53666         0.93027
Index 2, age 2 numbers, Q       0.60565   0.140         0.46013         0.79719
Index 2, age 3 numbers, Q       0.82669   0.140         0.62779         1.08860
Index 3, age 0 numbers, Q       0.00195   0.078         0.00168         0.00228


