TABLE 2.6.3.1 North Sea Herring. CATCH IN NUMBER

Units  :  thousands 
   year
age    1947   1948    1949    1950    1951    1952    1953    1954    1955
  0       0      0       0       0       0       0  150000  219000  164000
  1       0   3000       0       0  462000  722000 1023000 1451000 2072000
  2  494000 247000  478000  535000  660000 1346000 1322000 1493000 1931000
  3  415000 672000  644000 1039000  959000  576000 1003000 1111000 1032000
  4  638000 328000  396000  617000 1255000  610000  474000  591000  479000
  5  526000 601000  287000  290000  630000  652000  386000  361000  337000
  6  756000 487000  652000  254000  262000  464000  473000  330000  232000
  7  431000 400000  462000  331000  142000  236000  278000  379000  120000
  8 1311000 917000 1037000  597000  445000  554000  392000  511000  215000
   year
age    1956    1957    1958    1959    1960    1961    1962    1963    1964
  0   96000  279000   97000       0  194600 1269200  141800  442800  496900
  1 1697000 1483000 4279000 1609000 2392700  336000 2146900 1262200 2971700
  2 1860000 1644000 1029000 4934000 1142300 1889400  269600 2961200 1547500
  3 1221000  736000  999000  488000 1966700  479900  797400  177200 2243100
  4  516000  644000  322000  497000  165900 1455900  335100  158300  148400
  5  249000  344000  461000  233000  167700  124000 1081800   80600  149000
  6  194000  207000  147000  249000  112900  157900  126900  229700   95000
  7  104000  147000   73000  120000  125800   61400  145100   22400  256300
  8  292000  253000  118000  301000  270600  143500  173100   93000   84000
   year
age    1965    1966    1967    1968    1969    1970    1971    1972    1973
  0  157100  374500  645400  839300  112000  898100  684000  750400  289400
  1 3209300 1383100 1674300 2425000 2503300 1196200 4378500 3340600 2368000
  2 2217600 2569700 1171500 1795200 1883000 2002800 1146800 1440500 1344200
  3 1324600  741200 1364700 1494300  296300  883600  662500  343800  659200
  4 2039400  450100  371500  621400  133100  125200  208300  130600  150200
  5  145100  889800  297800  157100  190800   50300   26900   32900   59300
  6  151900   45300  393100  145000   49900   61000   30500    5000   30600
  7  117600   64800   67900  163400   42700    7900   26800     200    3700
  8  491400  331800  254400  105500   52500   24200   12500    1500    2000
   year
age   1974    1975   1976   1977 1978 1979    1980    1981     1982     1983
  0 996100  263800 238200 256800   NA   NA 1262700 9519700 11956700 13296900
  1 846100 2460500 126600 144300   NA   NA  245100  872000  1116400  2448600
  2 772600  541700 901500  44700   NA   NA  134000  284300   299400   573800
  3 362000  259600 117300 186400   NA   NA   91800   56900   230100   216400
  4 126000  140500  52000  10800   NA   NA   32200   39500    33700   105100
  5  56100   57200  34500   7000   NA   NA   21700   28500    14400    26200
  6  22300   16100   6100   4100   NA   NA    2300   22700     6800    22800
  7   5000    9100   4400   1500   NA   NA    1400   18700     7800    12800
  8   3100    4800   1400    700   NA   NA     500    6600     4700    23100
   year
age    1984    1985    1986    1987    1988    1989    1990    1991     1992
  0 6973300 4211000 3724700 8229200 3164800 3057800 1302800 2386600 10331300
  1 1818400 3253000 4801400 6836300 7867000 3145900 3020000 2138900  2303100
  2 1146200 1326300 1266700 2137200 2232500 1593700  899300 1132800  1284900
  3  441400 1182400  840800  667900 1090700 1363800  779100  556700   442700
  4  201500  368500  465900  467100  383700  809300  861000  548900   361500
  5   81100  124500  129800  245800  255800  211800  387500  501200   360500
  6   22600   43600   62100   74700  128100  123700   80200  205300   375600
  7   25200   20200   20500   23800   38000   61000   54400   39300   152400
  8   29700   29200   28400   16200   23800   28200   40700   38600    62500
   year
age     1993    1994    1995    1996   1997    1998    1999    2000    2001
  0 10265400 4498900 7438469 2311226 431175  259526 1566349 1105085 1832691
  1  3826800 1785200 1664874 1606393 479702  977680  303520 1171677  614469
  2  1176300 1783200 1444061  642084 687920 1220105  616354  622853  842635
  3   609000  489100  816703  525601 446909  537932 1058716  463170  485628
  4   305500  347600  231794  172099 284920  276333  294066  646814  278884
  5   215600  109000  118536   57586 109178  175817  135648  213466  321743
  6   226000   91800   55128   22534  31389   88927   69299   82481   90918
  7   188000   76400   41409    9264  11832   15232   27998   35706   38252
  8   129000  116600   98200   21143  24467   20550   12228   17087   20602
   year
age   2002    2003    2004    2005   2006   2007   2008   2009   2010   2011
  0 730279  369074  715597 1015554 878637 621005 798284 650043 574895 778927
  1 837557  617021  206648  715547 222111 235553 235022 175923 280728 159504
  2 579592 1221992  447918  355453 401087 219115 331772 259434 293887 367820
  3 970577  529386 1366155  485746 310602 417452 184771 106738 236804 275016
  4 292205  835552  543376 1318647 464620 285746 199069  93321 126241 218711
  5 140701  244780  753231  479961 997782 309454 137529  86137  83893 130127
  6 174570  107751  169324  576154 252150 629187 118349  37951  61542  62938
  7  48908  123291  104945  115212 247042 147830 215542  53130  33305  52081
  8  43322   46715   97142  146808 106412 156750 117258 143131 113675 125734
   year
age   2012   2013    2014
  0 773241 461571 1388685
  1 284906 413000  370590
  2 455259 324920  382990
  3 673465 485185  386131
  4 404265 571269  616563
  5 306234 422765  487582
  6 152577 327213  284562
  7 104461 145330  191729
  8 205427 313638  214513


TABLE 2.6.3.2 North Sea Herring. WEIGHTS AT AGE IN THE CATCH

Units  :  kg 
   year
age  1947  1948   1949  1950   1951  1952  1953   1954   1955  1956   1957
  0 0.015 0.015 0.0150 0.015 0.0150 0.015 0.015 0.0150 0.0150 0.015 0.0150
  1 0.050 0.050 0.0500 0.050 0.0500 0.050 0.050 0.0500 0.0500 0.050 0.0500
  2 0.122 0.122 0.1280 0.128 0.1340 0.137 0.137 0.1390 0.1400 0.140 0.1410
  3 0.140 0.140 0.1450 0.151 0.1570 0.165 0.167 0.1690 0.1700 0.172 0.1730
  4 0.156 0.156 0.1610 0.166 0.1760 0.183 0.190 0.1930 0.1950 0.197 0.1980
  5 0.171 0.171 0.1760 0.180 0.1890 0.199 0.205 0.2110 0.2140 0.216 0.2180
  6 0.185 0.185 0.1890 0.193 0.2010 0.210 0.218 0.2230 0.2280 0.231 0.2330
  7 0.197 0.197 0.2010 0.204 0.2110 0.219 0.226 0.2330 0.2380 0.242 0.2440
  8 0.242 0.242 0.2435 0.245 0.2475 0.251 0.254 0.2565 0.2595 0.261 0.2625
   year
age   1958   1959  1960  1961  1962  1963  1964  1965  1966  1967  1968  1969
  0 0.0150 0.0150 0.015 0.015 0.015 0.015 0.015 0.015 0.015 0.015 0.015 0.015
  1 0.0500 0.0500 0.050 0.050 0.050 0.050 0.050 0.050 0.050 0.050 0.050 0.050
  2 0.1410 0.1430 0.126 0.126 0.126 0.126 0.126 0.126 0.126 0.126 0.126 0.126
  3 0.1740 0.1760 0.176 0.176 0.176 0.176 0.176 0.176 0.176 0.176 0.176 0.176
  4 0.1990 0.2010 0.211 0.211 0.211 0.211 0.211 0.211 0.211 0.211 0.211 0.211
  5 0.2190 0.2210 0.243 0.243 0.243 0.243 0.243 0.243 0.243 0.243 0.243 0.243
  6 0.2340 0.2360 0.251 0.251 0.251 0.251 0.251 0.251 0.251 0.251 0.251 0.251
  7 0.2450 0.2470 0.267 0.267 0.267 0.267 0.267 0.267 0.267 0.267 0.267 0.267
  8 0.2635 0.2645 0.271 0.271 0.271 0.271 0.271 0.271 0.271 0.271 0.271 0.271
   year
age  1970  1971  1972  1973  1974  1975  1976  1977  1978  1979  1980  1981
  0 0.015 0.015 0.015 0.015 0.015 0.015 0.015 0.015 0.015 0.015 0.015 0.007
  1 0.050 0.050 0.050 0.050 0.050 0.050 0.050 0.050 0.050 0.050 0.050 0.049
  2 0.126 0.126 0.126 0.126 0.126 0.126 0.126 0.126 0.126 0.126 0.126 0.118
  3 0.176 0.176 0.176 0.176 0.176 0.176 0.176 0.176 0.176 0.176 0.176 0.142
  4 0.211 0.211 0.211 0.211 0.211 0.211 0.211 0.211 0.211 0.211 0.211 0.189
  5 0.243 0.243 0.243 0.243 0.243 0.243 0.243 0.243 0.243 0.243 0.243 0.211
  6 0.251 0.251 0.251 0.251 0.251 0.251 0.251 0.251 0.251 0.251 0.251 0.222
  7 0.267 0.267 0.267 0.267 0.267 0.267 0.267 0.267 0.267 0.267 0.267 0.267
  8 0.271 0.271 0.271 0.271 0.271 0.271 0.271 0.271 0.271 0.271 0.271 0.271
   year
age     1982      1983      1984      1985      1986      1987      1988
  0 0.010000 0.0100000 0.0100000 0.0090000 0.0060000 0.0110000 0.0110000
  1 0.059000 0.0590000 0.0590000 0.0360000 0.0670000 0.0350000 0.0550000
  2 0.118000 0.1180000 0.1180000 0.1280000 0.1210000 0.0990000 0.1110000
  3 0.149000 0.1490000 0.1490000 0.1640000 0.1530000 0.1500000 0.1450000
  4 0.179000 0.1790000 0.1790000 0.1940000 0.1820000 0.1800000 0.1740000
  5 0.217000 0.2170000 0.2170000 0.2110000 0.2080000 0.2110000 0.1970000
  6 0.238000 0.2380000 0.2380000 0.2200000 0.2210000 0.2340000 0.2160000
  7 0.265000 0.2650000 0.2650000 0.2580000 0.2380000 0.2580000 0.2370000
  8 0.274234 0.2745238 0.2746263 0.2821301 0.2572113 0.2881358 0.2565714
   year
age      1989      1990      1991      1992      1993      1994      1995
  0 0.0170000 0.0190000 0.0170000 0.0100000 0.0100000 0.0060000 0.0090000
  1 0.0430000 0.0550000 0.0580000 0.0530000 0.0330000 0.0560000 0.0420000
  2 0.1150000 0.1140000 0.1300000 0.1020000 0.1150000 0.1300000 0.1300000
  3 0.1530000 0.1490000 0.1660000 0.1750000 0.1450000 0.1590000 0.1690000
  4 0.1730000 0.1770000 0.1840000 0.1890000 0.1890000 0.1810000 0.1980000
  5 0.2080000 0.1930000 0.2030000 0.2070000 0.2040000 0.2140000 0.2070000
  6 0.2310000 0.2290000 0.2170000 0.2230000 0.2280000 0.2400000 0.2430000
  7 0.2470000 0.2360000 0.2350000 0.2370000 0.2440000 0.2550000 0.2470000
  8 0.2631489 0.2608182 0.2630415 0.2631664 0.2734558 0.2761973 0.2809153
   year
age      1996      1997      1998     1999      2000     2001      2002
  0 0.0150000 0.0150000 0.0210000 0.009000 0.0150000 0.012000 0.0120000
  1 0.0180000 0.0440000 0.0510000 0.045000 0.0330000 0.048000 0.0370000
  2 0.1120000 0.1080000 0.1140000 0.115000 0.1130000 0.118000 0.1180000
  3 0.1560000 0.1480000 0.1450000 0.151000 0.1570000 0.149000 0.1530000
  4 0.1880000 0.1950000 0.1830000 0.171000 0.1790000 0.177000 0.1700000
  5 0.2040000 0.2270000 0.2190000 0.207000 0.2010000 0.198000 0.1990000
  6 0.2120000 0.2260000 0.2380000 0.233000 0.2160000 0.213000 0.2140000
  7 0.2610000 0.2350000 0.2470000 0.245000 0.2460000 0.238000 0.2280000
  8 0.2814938 0.2549437 0.2878952 0.267719 0.2731261 0.269744 0.2504017
   year
age      2003      2004      2005      2006      2007     2008      2009
  0 0.0140000 0.0140000 0.0110000 0.0100000 0.0124000 0.007900 0.0094000
  1 0.0370000 0.0360000 0.0440000 0.0490000 0.0638000 0.053500 0.0514000
  2 0.1040000 0.1000000 0.0990000 0.1170000 0.1214000 0.128800 0.1440000
  3 0.1580000 0.1380000 0.1530000 0.1440000 0.1513000 0.179600 0.1811000
  4 0.1740000 0.1830000 0.1660000 0.1720000 0.1634000 0.181200 0.2158000
  5 0.1840000 0.2010000 0.2080000 0.1810000 0.1933000 0.183200 0.2162000
  6 0.2050000 0.2160000 0.2230000 0.2200000 0.1900000 0.215700 0.2390000
  7 0.2220000 0.2280000 0.2400000 0.2370000 0.2232000 0.216100 0.2428000
  8 0.2366464 0.2545115 0.2653676 0.2460061 0.2374933 0.262076 0.2532723
   year
age      2010     2011      2012      2013      2014
  0 0.0075000 0.008000 0.0106000 0.0077000 0.0075000
  1 0.0571000 0.041300 0.0463000 0.0468000 0.0522000
  2 0.1292000 0.131700 0.1243000 0.1162000 0.1240000
  3 0.1669000 0.159300 0.1706000 0.1563000 0.1719000
  4 0.1912000 0.183100 0.1854000 0.1977000 0.1861000
  5 0.2203000 0.197000 0.2058000 0.1980000 0.2148000
  6 0.2193000 0.216700 0.2215000 0.2154000 0.2118000
  7 0.2160000 0.221100 0.2387000 0.2334000 0.2264000
  8 0.2383892 0.231918 0.2427213 0.2378432 0.2426541


TABLE 2.6.3.3 North Sea Herring. WEIGHTS AT AGE IN THE STOCK

Units  :  kg 
   year
age   1947   1948      1949      1950      1951      1952      1953      1954
  0 0.0150 0.0150 0.0150000 0.0150000 0.0150000 0.0150000 0.0150000 0.0150000
  1 0.0500 0.0500 0.0500000 0.0500000 0.0500000 0.0500000 0.0500000 0.0500000
  2 0.1220 0.1220 0.1240000 0.1260000 0.1300000 0.1330000 0.1360000 0.1376667
  3 0.1400 0.1400 0.1416667 0.1453333 0.1510000 0.1576667 0.1630000 0.1670000
  4 0.1560 0.1560 0.1576667 0.1610000 0.1676667 0.1750000 0.1830000 0.1886667
  5 0.1710 0.1710 0.1726667 0.1756667 0.1816667 0.1893333 0.1976667 0.2050000
  6 0.1850 0.1850 0.1863333 0.1890000 0.1943333 0.2013333 0.2096667 0.2170000
  7 0.1970 0.1970 0.1983333 0.2006667 0.2053333 0.2113333 0.2186667 0.2260000
  8 0.2625 0.2625 0.2630000 0.2640000 0.2658333 0.2683333 0.2713333 0.2743333
   year
age      1955      1956      1957      1958      1959      1960      1961
  0 0.0150000 0.0150000 0.0150000 0.0150000 0.0150000 0.0150000 0.0150000
  1 0.0500000 0.0500000 0.0500000 0.0500000 0.0500000 0.0500000 0.0500000
  2 0.1386667 0.1396667 0.1403333 0.1406667 0.1416667 0.1463333 0.1510000
  3 0.1686667 0.1703333 0.1716667 0.1730000 0.1743333 0.1790000 0.1833333
  4 0.1926667 0.1950000 0.1966667 0.1980000 0.1993333 0.2076667 0.2156667
  5 0.2100000 0.2136667 0.2160000 0.2176667 0.2193333 0.2263333 0.2330000
  6 0.2230000 0.2273333 0.2306667 0.2326667 0.2343333 0.2486667 0.2626667
  7 0.2323333 0.2376667 0.2413333 0.2436667 0.2453333 0.2636667 0.2816667
  8 0.2771667 0.2795000 0.2815000 0.2828333 0.2840000 0.2936240 0.3034146
   year
age      1962      1963      1964      1965      1966      1967      1968
  0 0.0150000 0.0150000 0.0150000 0.0150000 0.0150000 0.0150000 0.0150000
  1 0.0500000 0.0500000 0.0500000 0.0500000 0.0500000 0.0500000 0.0500000
  2 0.1550000 0.1550000 0.1550000 0.1550000 0.1550000 0.1550000 0.1550000
  3 0.1870000 0.1870000 0.1870000 0.1870000 0.1870000 0.1870000 0.1870000
  4 0.2230000 0.2230000 0.2230000 0.2230000 0.2230000 0.2230000 0.2230000
  5 0.2390000 0.2390000 0.2390000 0.2390000 0.2390000 0.2390000 0.2390000
  6 0.2760000 0.2760000 0.2760000 0.2760000 0.2760000 0.2760000 0.2760000
  7 0.2990000 0.2990000 0.2990000 0.2990000 0.2990000 0.2990000 0.2990000
  8 0.3090087 0.3092903 0.3101214 0.3069573 0.3102731 0.3100755 0.3112209
   year
age      1969      1970     1971   1972   1973     1974    1975      1976  1977
  0 0.0150000 0.0150000 0.015000 0.0150 0.0150 0.015000 0.01500 0.0150000 0.015
  1 0.0500000 0.0500000 0.050000 0.0500 0.0500 0.050000 0.05000 0.0500000 0.050
  2 0.1550000 0.1550000 0.155000 0.1550 0.1550 0.155000 0.15500 0.1550000 0.155
  3 0.1870000 0.1870000 0.187000 0.1870 0.1870 0.187000 0.18700 0.1870000 0.187
  4 0.2230000 0.2230000 0.223000 0.2230 0.2230 0.223000 0.22300 0.2230000 0.223
  5 0.2390000 0.2390000 0.239000 0.2390 0.2390 0.239000 0.23900 0.2390000 0.239
  6 0.2760000 0.2760000 0.276000 0.2760 0.2760 0.276000 0.27600 0.2760000 0.276
  7 0.2990000 0.2990000 0.299000 0.2990 0.2990 0.299000 0.29900 0.2990000 0.299
  8 0.3088686 0.3090248 0.311952 0.3076 0.3078 0.308129 0.30775 0.3077143 0.306
   year
age   1978      1979   1980  1981      1982      1983       1984       1985
  0 0.0150 0.0150000 0.0150 0.015 0.0150000 0.0150000 0.01733333 0.01566667
  1 0.0500 0.0500000 0.0500 0.050 0.0500000 0.0500000 0.05666667 0.05633333
  2 0.1550 0.1550000 0.1550 0.155 0.1550000 0.1550000 0.15033333 0.13800000
  3 0.1870 0.1870000 0.1870 0.187 0.1870000 0.1870000 0.19033333 0.18700000
  4 0.2230 0.2230000 0.2230 0.223 0.2230000 0.2230000 0.22966667 0.23233333
  5 0.2390 0.2390000 0.2390 0.239 0.2390000 0.2390000 0.24333333 0.24666667
  6 0.2760 0.2760000 0.2760 0.276 0.2760000 0.2760000 0.28200000 0.27466667
  7 0.2990 0.2990000 0.2990 0.299 0.2990000 0.2990000 0.31066667 0.32100000
  8 0.3096 0.3068571 0.3072 0.307 0.3074043 0.3091429 0.34351178 0.35438242
   year
age      1986       1987       1988        1989       1990       1991
  0 0.0140000 0.00900000 0.00800000 0.008666667 0.01233333 0.01133333
  1 0.0610000 0.05033333 0.04833333 0.043666667 0.05200000 0.05900000
  2 0.1300000 0.12166667 0.12300000 0.122333333 0.12566667 0.13900000
  3 0.1833333 0.17000000 0.16633333 0.165333333 0.17433333 0.18366667
  4 0.2316667 0.21233333 0.20833333 0.204666667 0.21166667 0.21200000
  5 0.2520000 0.23000000 0.22900000 0.228333333 0.24366667 0.23866667
  6 0.2730000 0.24200000 0.24833333 0.252333333 0.27066667 0.26533333
  7 0.3146667 0.27466667 0.25866667 0.261333333 0.28366667 0.27966667
  8 0.3627746 0.30562963 0.28535714 0.288595745 0.30788452 0.30953886
   year
age       1992        1993        1994       1995      1996       1997
  0 0.01033333 0.005666667 0.007333333 0.00600000 0.0060000 0.00500000
  1 0.06366667 0.061000000 0.060000000 0.05733333 0.0540000 0.04866667
  2 0.13666667 0.134000000 0.126333333 0.12933333 0.1296667 0.12333333
  3 0.19400000 0.184333333 0.191666667 0.18566667 0.1993333 0.18333333
  4 0.21400000 0.213000000 0.214333333 0.21066667 0.2273333 0.23033333
  5 0.23433333 0.234333333 0.239666667 0.22433333 0.2343333 0.23733333
  6 0.25300000 0.261666667 0.274666667 0.26800000 0.2736667 0.25666667
  7 0.27166667 0.272666667 0.291333333 0.29333333 0.3006667 0.28033333
  8 0.29870453 0.307936434 0.320523728 0.32614016 0.3270679 0.31004007
   year
age        1998       1999        2000       2001        2002        2003
  0 0.005666667 0.00600000 0.005666667 0.00600000 0.006333333 0.006666667
  1 0.047333333 0.05066667 0.051333333 0.05066667 0.047333333 0.047000000
  2 0.116000000 0.11600000 0.115666667 0.12166667 0.128000000 0.123000000
  3 0.187333333 0.17933333 0.183666667 0.17166667 0.171666667 0.173000000
  4 0.241333333 0.22633333 0.221333333 0.21000000 0.205333333 0.202333333
  5 0.264333333 0.25600000 0.248333333 0.23266667 0.228333333 0.222000000
  6 0.283666667 0.27333333 0.278666667 0.25533333 0.248333333 0.242333333
  7 0.286666667 0.27600000 0.286000000 0.27466667 0.270333333 0.265666667
  8 0.308339011 0.27811880 0.284171183 0.27449422 0.286521182 0.284946134
   year
age        2004        2005        2006       2007        2008        2009
  0 0.006666667 0.005733333 0.006766667 0.00610000 0.007933333 0.007233333
  1 0.042000000 0.041433333 0.041000000 0.05133333 0.057700000 0.061433333
  2 0.119333333 0.118100000 0.125666667 0.12800000 0.130366667 0.137366667
  3 0.165333333 0.164433333 0.155400000 0.16073333 0.164200000 0.181000000
  4 0.202666667 0.197900000 0.190900000 0.17956667 0.180766667 0.196866667
  5 0.223000000 0.224500000 0.215800000 0.20680000 0.195433333 0.209966667
  6 0.247666667 0.247833333 0.241900000 0.22356667 0.217700000 0.222500000
  7 0.267666667 0.264866667 0.252133333 0.23780000 0.226066667 0.233633333
  8 0.280490193 0.284945260 0.270223450 0.25648110 0.255556491 0.255759739
   year
age        2010        2011       2012        2013        2014
  0 0.007133333 0.006666667 0.00610000 0.006233333 0.005666667
  1 0.052233333 0.043166667 0.04056667 0.040466667 0.043400000
  2 0.142266667 0.145300000 0.13763333 0.135400000 0.128533333
  3 0.190366667 0.187433333 0.18213333 0.174666667 0.176700000
  4 0.216266667 0.225066667 0.21143333 0.208733333 0.203666667
  5 0.223600000 0.239366667 0.23273333 0.221100000 0.215600000
  6 0.234200000 0.243500000 0.24080000 0.241766667 0.228433333
  7 0.240100000 0.250766667 0.24290000 0.249300000 0.241200000
  8 0.260682861 0.257247512 0.25246564 0.251841351 0.246701036


TABLE 2.6.3.4 North Sea Herring. NATURAL MORTALITY

Units  :  NA 
   year
age      1947      1948      1949      1950      1951      1952      1953
  0 0.9143836 0.9143832 0.9143823 0.9143824 0.9143842 0.9143859 0.9143812
  1 0.7434865 0.7434871 0.7434879 0.7434875 0.7434856 0.7434845 0.7434900
  2 0.3878253 0.3878256 0.3878260 0.3878258 0.3878247 0.3878242 0.3878272
  3 0.3359468 0.3359469 0.3359470 0.3359468 0.3359466 0.3359467 0.3359474
  4 0.3223842 0.3223841 0.3223837 0.3223837 0.3223844 0.3223851 0.3223833
  5 0.3086520 0.3086518 0.3086514 0.3086515 0.3086523 0.3086530 0.3086509
  6 0.2924862 0.2924859 0.2924854 0.2924855 0.2924865 0.2924875 0.2924847
  7 0.2794214 0.2794211 0.2794206 0.2794207 0.2794218 0.2794227 0.2794198
  8 0.2794214 0.2794211 0.2794206 0.2794207 0.2794218 0.2794227 0.2794198
   year
age      1954      1955      1956      1957      1958      1959      1960
  0 0.9143780 0.9143829 0.9143932 0.9143941 0.9143577 0.9143621 0.9144073
  1 0.7434922 0.7434854 0.7434757 0.7434791 0.7435177 0.7435029 0.7434517
  2 0.3878283 0.3878245 0.3878194 0.3878216 0.3878424 0.3878335 0.3878057
  3 0.3359473 0.3359462 0.3359455 0.3359470 0.3359509 0.3359467 0.3359408
  4 0.3223820 0.3223838 0.3223880 0.3223885 0.3223741 0.3223754 0.3223933
  5 0.3086495 0.3086516 0.3086563 0.3086567 0.3086405 0.3086423 0.3086624
  6 0.2924829 0.2924859 0.2924919 0.2924920 0.2924706 0.2924740 0.2925009
  7 0.2794180 0.2794211 0.2794272 0.2794273 0.2794054 0.2794091 0.2794366
  8 0.2794180 0.2794211 0.2794272 0.2794273 0.2794054 0.2794091 0.2794366
   year
age      1961      1962      1963      1964      1965      1966      1967
  0 0.9144450 0.9143982 0.9141759 0.9143838 0.9146336 0.9146336 0.9141640
  1 0.7434270 0.7434959 0.7437110 0.7434289 0.7431959 0.7433033 0.7438404
  2 0.3877936 0.3878327 0.3879465 0.3877890 0.3876666 0.3877331 0.3880281
  3 0.3359423 0.3359544 0.3359703 0.3359259 0.3359113 0.3359494 0.3360150
  4 0.3224087 0.3223910 0.3223020 0.3223821 0.3224825 0.3224861 0.3223022
  5 0.3086794 0.3086589 0.3085595 0.3086511 0.3087631 0.3087645 0.3085562
  6 0.2925219 0.2924928 0.2923636 0.2924907 0.2926353 0.2926269 0.2923474
  7 0.2794577 0.2794275 0.2792961 0.2794276 0.2795743 0.2795629 0.2792764
  8 0.2794577 0.2794275 0.2792961 0.2794276 0.2795743 0.2795629 0.2792764
   year
age      1968      1969      1970      1971      1972      1973      1974
  0 0.9130646 0.9154233 0.9158826 0.9146334 0.9118163 0.9075675 0.9272166
  1 0.7447866 0.7420182 0.7420308 0.7438405 0.7465259 0.7495176 0.7281762
  2 0.3885158 0.3870016 0.3870547 0.3880653 0.3895031 0.3909543 0.3794306
  3 0.3360502 0.3357035 0.3358382 0.3361402 0.3363426 0.3362264 0.3339703
  4 0.3218574 0.3227822 0.3229848 0.3225038 0.3213827 0.3196334 0.3274061
  5 0.3080624 0.3091095 0.3093232 0.3087713 0.3075146 0.3055933 0.3143450
  6 0.2917176 0.2931262 0.2933585 0.2925849 0.2909499 0.2885687 0.3001692
  7 0.2786394 0.2800849 0.2803081 0.2795058 0.2778436 0.2754546 0.2873125
  8 0.2786394 0.2800849 0.2803081 0.2795058 0.2778436 0.2754546 0.2873125
   year
age      1975      1976      1977      1978      1979      1980      1981
  0 0.9181790 0.9083874 0.8977312 0.8863234 0.8736865 0.8599577 0.8461233
  1 0.7420939 0.7528891 0.7599529 0.7644761 0.7658712 0.7641540 0.7613370
  2 0.3873201 0.3931184 0.3966919 0.3982106 0.3974805 0.3945308 0.3899041
  3 0.3365113 0.3376506 0.3373545 0.3356455 0.3325001 0.3279120 0.3219752
  4 0.3239980 0.3200991 0.3157768 0.3108870 0.3054536 0.2994778 0.2928034
  5 0.3103916 0.3060123 0.3012310 0.2959864 0.2902960 0.2841535 0.2774895
  6 0.2945196 0.2887170 0.2827752 0.2766624 0.2704009 0.2639802 0.2573409
  7 0.2814242 0.2754940 0.2695329 0.2635092 0.2574271 0.2512866 0.2450627
  8 0.2814242 0.2754940 0.2695329 0.2635092 0.2574271 0.2512866 0.2450627
   year
age      1982      1983      1984      1985      1986      1987      1988
  0 0.8321944 0.8179618 0.8018668 0.7842386 0.7685649 0.7519170 0.7366225
  1 0.7525372 0.7421812 0.7388154 0.7370936 0.7321540 0.7249588 0.7164872
  2 0.3830947 0.3744375 0.3613632 0.3446259 0.3310144 0.3176048 0.3055673
  3 0.3146151 0.3058352 0.2932317 0.2777303 0.2645358 0.2505824 0.2377693
  4 0.2858004 0.2781340 0.2679689 0.2562027 0.2457213 0.2339574 0.2228592
  5 0.2704777 0.2629362 0.2534718 0.2427105 0.2330776 0.2223499 0.2123286
  6 0.2505208 0.2434759 0.2355992 0.2271661 0.2193173 0.2104565 0.2020810
  7 0.2389115 0.2326728 0.2256835 0.2182510 0.2113318 0.2037890 0.1966777
  8 0.2389115 0.2326728 0.2256835 0.2182510 0.2113318 0.2037890 0.1966777
   year
age      1989      1990      1991      1992      1993      1994      1995
  0 0.7280822 0.7231433 0.7203484 0.7188302 0.7191797 0.7196639 0.7208744
  1 0.7031807 0.6872905 0.6726949 0.6504182 0.6290486 0.6151360 0.6014437
  2 0.3014494 0.3011102 0.3014467 0.3051991 0.3095440 0.3091218 0.3079429
  3 0.2310770 0.2267073 0.2241438 0.2265368 0.2300114 0.2315015 0.2341858
  4 0.2156888 0.2097078 0.2055737 0.2056364 0.2068435 0.2072762 0.2089366
  5 0.2062823 0.2016372 0.1980911 0.1973525 0.1973948 0.1965502 0.1965533
  6 0.1960781 0.1908029 0.1867390 0.1848779 0.1837989 0.1827940 0.1827362
  7 0.1913433 0.1866157 0.1829673 0.1810948 0.1798905 0.1789288 0.1788169
  8 0.1913433 0.1866157 0.1829673 0.1810948 0.1798905 0.1789288 0.1788169
   year
age      1996      1997      1998      1999      2000      2001      2002
  0 0.7270282 0.7420015 0.7600455 0.7840053 0.8143266 0.8371899 0.8539988
  1 0.5975163 0.6089164 0.6262199 0.6555697 0.6965900 0.7265681 0.7541569
  2 0.3086141 0.3079304 0.3092363 0.3190454 0.3323706 0.3443920 0.3617665
  3 0.2363766 0.2351530 0.2347161 0.2376308 0.2411110 0.2461274 0.2558095
  4 0.2102609 0.2099885 0.2102067 0.2111329 0.2120024 0.2147993 0.2206118
  5 0.1966025 0.1958281 0.1954512 0.1950988 0.1944517 0.1959254 0.2005994
  6 0.1828621 0.1827393 0.1831553 0.1836283 0.1840833 0.1861964 0.1905860
  7 0.1788701 0.1788991 0.1793935 0.1797385 0.1800312 0.1816740 0.1847375
  8 0.1788701 0.1788991 0.1793935 0.1797385 0.1800312 0.1816740 0.1847375
   year
age      2003      2004      2005      2006      2007      2008      2009
  0 0.8676022 0.8715391 0.8708702 0.8712258 0.8726800 0.8723854 0.8704301
  1 0.7763990 0.7745604 0.7632808 0.7524913 0.7414865 0.7270314 0.7106846
  2 0.3780080 0.3848831 0.3898764 0.3920285 0.3911001 0.3876995 0.3818895
  3 0.2659403 0.2736984 0.2820026 0.2894143 0.2960056 0.3022230 0.3078087
  4 0.2273190 0.2345617 0.2430007 0.2513372 0.2596516 0.2683801 0.2773238
  5 0.2063826 0.2128819 0.2206711 0.2288598 0.2374804 0.2468343 0.2567882
  6 0.1959218 0.2022047 0.2096719 0.2174311 0.2255408 0.2342586 0.2434165
  7 0.1886619 0.1940723 0.2006560 0.2074626 0.2145414 0.2221894 0.2302461
  8 0.1886619 0.1940723 0.2006560 0.2074626 0.2145414 0.2221894 0.2302461
   year
age      2010      2011      2012      2013      2014
  0 0.8666086 0.8617286 0.8566819 0.8508744 0.8612647
  1 0.6907990 0.6687016 0.6460519 0.6218172 0.6676109
  2 0.3735608 0.3627674 0.3497745 0.3345595 0.3605104
  3 0.3129836 0.3175896 0.3215683 0.3250633 0.3170027
  4 0.2866682 0.2962242 0.3058386 0.3156689 0.2963447
  5 0.2674633 0.2787542 0.2905745 0.3030135 0.2793187
  6 0.2531707 0.2634134 0.2740477 0.2851652 0.2638427
  7 0.2388670 0.2479466 0.2573800 0.2672542 0.2483388
  8 0.2388670 0.2479466 0.2573800 0.2672542 0.2483388


TABLE 2.6.3.5 North Sea Herring. PROPORTION MATURE

Units  :  NA 
   year
age 1947 1948 1949 1950 1951 1952 1953 1954 1955 1956 1957 1958 1959 1960 1961
  0    0    0    0    0    0    0    0    0    0    0    0    0    0    0    0
  1    0    0    0    0    0    0    0    0    0    0    0    0    0    0    0
  2    1    1    1    1    1    1    1    1    1    1    1    1    1    1    1
  3    1    1    1    1    1    1    1    1    1    1    1    1    1    1    1
  4    1    1    1    1    1    1    1    1    1    1    1    1    1    1    1
  5    1    1    1    1    1    1    1    1    1    1    1    1    1    1    1
  6    1    1    1    1    1    1    1    1    1    1    1    1    1    1    1
  7    1    1    1    1    1    1    1    1    1    1    1    1    1    1    1
  8    1    1    1    1    1    1    1    1    1    1    1    1    1    1    1
   year
age 1962 1963 1964 1965 1966 1967 1968 1969 1970 1971 1972 1973 1974 1975 1976
  0    0    0    0    0    0    0    0    0    0    0 0.00 0.00 0.00 0.00 0.00
  1    0    0    0    0    0    0    0    0    0    0 0.00 0.00 0.00 0.00 0.00
  2    1    1    1    1    1    1    1    1    1    1 0.82 0.82 0.82 0.82 0.82
  3    1    1    1    1    1    1    1    1    1    1 1.00 1.00 1.00 1.00 1.00
  4    1    1    1    1    1    1    1    1    1    1 1.00 1.00 1.00 1.00 1.00
  5    1    1    1    1    1    1    1    1    1    1 1.00 1.00 1.00 1.00 1.00
  6    1    1    1    1    1    1    1    1    1    1 1.00 1.00 1.00 1.00 1.00
  7    1    1    1    1    1    1    1    1    1    1 1.00 1.00 1.00 1.00 1.00
  8    1    1    1    1    1    1    1    1    1    1 1.00 1.00 1.00 1.00 1.00
   year
age 1977 1978 1979 1980 1981 1982 1983 1984 1985 1986 1987 1988 1989 1990 1991
  0 0.00 0.00 0.00 0.00 0.00 0.00 0.00 0.00  0.0 0.00  0.0 0.00 0.00 0.00 0.00
  1 0.00 0.00 0.00 0.00 0.00 0.00 0.00 0.00  0.0 0.00  0.0 0.00 0.00 0.00 0.00
  2 0.82 0.82 0.82 0.82 0.82 0.82 0.82 0.82  0.7 0.75  0.8 0.85 0.82 0.91 0.86
  3 1.00 1.00 1.00 1.00 1.00 1.00 1.00 1.00  1.0 1.00  1.0 0.93 0.94 0.97 0.99
  4 1.00 1.00 1.00 1.00 1.00 1.00 1.00 1.00  1.0 1.00  1.0 1.00 1.00 1.00 1.00
  5 1.00 1.00 1.00 1.00 1.00 1.00 1.00 1.00  1.0 1.00  1.0 1.00 1.00 1.00 1.00
  6 1.00 1.00 1.00 1.00 1.00 1.00 1.00 1.00  1.0 1.00  1.0 1.00 1.00 1.00 1.00
  7 1.00 1.00 1.00 1.00 1.00 1.00 1.00 1.00  1.0 1.00  1.0 1.00 1.00 1.00 1.00
  8 1.00 1.00 1.00 1.00 1.00 1.00 1.00 1.00  1.0 1.00  1.0 1.00 1.00 1.00 1.00
   year
age 1992 1993 1994 1995 1996 1997 1998 1999 2000 2001 2002 2003 2004 2005 2006
  0 0.00 0.00 0.00 0.00 0.00 0.00 0.00 0.00 0.00 0.00 0.00 0.00 0.00 0.00 0.00
  1 0.00 0.00 0.00 0.00 0.00 0.00 0.00 0.00 0.00 0.00 0.00 0.00 0.00 0.00 0.00
  2 0.50 0.47 0.73 0.67 0.61 0.64 0.64 0.69 0.67 0.77 0.87 0.43 0.70 0.76 0.66
  3 0.99 0.61 0.93 0.95 0.98 0.94 0.89 0.91 0.96 0.92 0.97 0.93 0.65 0.96 0.88
  4 1.00 1.00 1.00 1.00 1.00 1.00 1.00 1.00 1.00 1.00 1.00 1.00 1.00 0.96 0.98
  5 1.00 1.00 1.00 1.00 1.00 1.00 1.00 1.00 1.00 1.00 1.00 1.00 1.00 1.00 1.00
  6 1.00 1.00 1.00 1.00 1.00 1.00 1.00 1.00 1.00 1.00 1.00 1.00 1.00 1.00 1.00
  7 1.00 1.00 1.00 1.00 1.00 1.00 1.00 1.00 1.00 1.00 1.00 1.00 1.00 1.00 1.00
  8 1.00 1.00 1.00 1.00 1.00 1.00 1.00 1.00 1.00 1.00 1.00 1.00 1.00 1.00 1.00
   year
age 2007 2008 2009 2010 2011 2012 2013 2014
  0 0.00 0.00 0.00 0.00 0.00 0.00 0.00 0.00
  1 0.00 0.00 0.00 0.00 0.00 0.00 0.00 0.00
  2 0.71 0.86 0.89 0.45 0.87 0.91 0.83 0.85
  3 0.92 0.98 1.00 0.90 0.84 0.99 0.96 1.00
  4 0.93 0.99 1.00 1.00 1.00 1.00 0.98 1.00
  5 1.00 1.00 1.00 1.00 1.00 1.00 1.00 1.00
  6 1.00 1.00 1.00 1.00 1.00 1.00 1.00 1.00
  7 1.00 1.00 1.00 1.00 1.00 1.00 1.00 1.00
  8 1.00 1.00 1.00 1.00 1.00 1.00 1.00 1.00


TABLE 2.6.3.6 North Sea Herring. FRACTION OF HARVEST BEFORE SPAWNING

Units  :  NA 
   year
age 1947 1948 1949 1950 1951 1952 1953 1954 1955 1956 1957 1958 1959 1960 1961
  0 0.67 0.67 0.67 0.67 0.67 0.67 0.67 0.67 0.67 0.67 0.67 0.67 0.67 0.67 0.67
  1 0.67 0.67 0.67 0.67 0.67 0.67 0.67 0.67 0.67 0.67 0.67 0.67 0.67 0.67 0.67
  2 0.67 0.67 0.67 0.67 0.67 0.67 0.67 0.67 0.67 0.67 0.67 0.67 0.67 0.67 0.67
  3 0.67 0.67 0.67 0.67 0.67 0.67 0.67 0.67 0.67 0.67 0.67 0.67 0.67 0.67 0.67
  4 0.67 0.67 0.67 0.67 0.67 0.67 0.67 0.67 0.67 0.67 0.67 0.67 0.67 0.67 0.67
  5 0.67 0.67 0.67 0.67 0.67 0.67 0.67 0.67 0.67 0.67 0.67 0.67 0.67 0.67 0.67
  6 0.67 0.67 0.67 0.67 0.67 0.67 0.67 0.67 0.67 0.67 0.67 0.67 0.67 0.67 0.67
  7 0.67 0.67 0.67 0.67 0.67 0.67 0.67 0.67 0.67 0.67 0.67 0.67 0.67 0.67 0.67
  8 0.67 0.67 0.67 0.67 0.67 0.67 0.67 0.67 0.67 0.67 0.67 0.67 0.67 0.67 0.67
   year
age 1962 1963 1964 1965 1966 1967 1968 1969 1970 1971 1972 1973 1974 1975 1976
  0 0.67 0.67 0.67 0.67 0.67 0.67 0.67 0.67 0.67 0.67 0.67 0.67 0.67 0.67 0.67
  1 0.67 0.67 0.67 0.67 0.67 0.67 0.67 0.67 0.67 0.67 0.67 0.67 0.67 0.67 0.67
  2 0.67 0.67 0.67 0.67 0.67 0.67 0.67 0.67 0.67 0.67 0.67 0.67 0.67 0.67 0.67
  3 0.67 0.67 0.67 0.67 0.67 0.67 0.67 0.67 0.67 0.67 0.67 0.67 0.67 0.67 0.67
  4 0.67 0.67 0.67 0.67 0.67 0.67 0.67 0.67 0.67 0.67 0.67 0.67 0.67 0.67 0.67
  5 0.67 0.67 0.67 0.67 0.67 0.67 0.67 0.67 0.67 0.67 0.67 0.67 0.67 0.67 0.67
  6 0.67 0.67 0.67 0.67 0.67 0.67 0.67 0.67 0.67 0.67 0.67 0.67 0.67 0.67 0.67
  7 0.67 0.67 0.67 0.67 0.67 0.67 0.67 0.67 0.67 0.67 0.67 0.67 0.67 0.67 0.67
  8 0.67 0.67 0.67 0.67 0.67 0.67 0.67 0.67 0.67 0.67 0.67 0.67 0.67 0.67 0.67
   year
age 1977 1978 1979 1980 1981 1982 1983 1984 1985 1986 1987 1988 1989 1990 1991
  0 0.67 0.67 0.67 0.67 0.67 0.67 0.67 0.67 0.67 0.67 0.67 0.67 0.67 0.67 0.67
  1 0.67 0.67 0.67 0.67 0.67 0.67 0.67 0.67 0.67 0.67 0.67 0.67 0.67 0.67 0.67
  2 0.67 0.67 0.67 0.67 0.67 0.67 0.67 0.67 0.67 0.67 0.67 0.67 0.67 0.67 0.67
  3 0.67 0.67 0.67 0.67 0.67 0.67 0.67 0.67 0.67 0.67 0.67 0.67 0.67 0.67 0.67
  4 0.67 0.67 0.67 0.67 0.67 0.67 0.67 0.67 0.67 0.67 0.67 0.67 0.67 0.67 0.67
  5 0.67 0.67 0.67 0.67 0.67 0.67 0.67 0.67 0.67 0.67 0.67 0.67 0.67 0.67 0.67
  6 0.67 0.67 0.67 0.67 0.67 0.67 0.67 0.67 0.67 0.67 0.67 0.67 0.67 0.67 0.67
  7 0.67 0.67 0.67 0.67 0.67 0.67 0.67 0.67 0.67 0.67 0.67 0.67 0.67 0.67 0.67
  8 0.67 0.67 0.67 0.67 0.67 0.67 0.67 0.67 0.67 0.67 0.67 0.67 0.67 0.67 0.67
   year
age 1992 1993 1994 1995 1996 1997 1998 1999 2000 2001 2002 2003 2004 2005 2006
  0 0.67 0.67 0.67 0.67 0.67 0.67 0.67 0.67 0.67 0.67 0.67 0.67 0.67 0.67 0.67
  1 0.67 0.67 0.67 0.67 0.67 0.67 0.67 0.67 0.67 0.67 0.67 0.67 0.67 0.67 0.67
  2 0.67 0.67 0.67 0.67 0.67 0.67 0.67 0.67 0.67 0.67 0.67 0.67 0.67 0.67 0.67
  3 0.67 0.67 0.67 0.67 0.67 0.67 0.67 0.67 0.67 0.67 0.67 0.67 0.67 0.67 0.67
  4 0.67 0.67 0.67 0.67 0.67 0.67 0.67 0.67 0.67 0.67 0.67 0.67 0.67 0.67 0.67
  5 0.67 0.67 0.67 0.67 0.67 0.67 0.67 0.67 0.67 0.67 0.67 0.67 0.67 0.67 0.67
  6 0.67 0.67 0.67 0.67 0.67 0.67 0.67 0.67 0.67 0.67 0.67 0.67 0.67 0.67 0.67
  7 0.67 0.67 0.67 0.67 0.67 0.67 0.67 0.67 0.67 0.67 0.67 0.67 0.67 0.67 0.67
  8 0.67 0.67 0.67 0.67 0.67 0.67 0.67 0.67 0.67 0.67 0.67 0.67 0.67 0.67 0.67
   year
age 2007 2008 2009 2010 2011 2012 2013 2014
  0 0.67 0.67 0.67 0.67 0.67 0.67 0.67 0.67
  1 0.67 0.67 0.67 0.67 0.67 0.67 0.67 0.67
  2 0.67 0.67 0.67 0.67 0.67 0.67 0.67 0.67
  3 0.67 0.67 0.67 0.67 0.67 0.67 0.67 0.67
  4 0.67 0.67 0.67 0.67 0.67 0.67 0.67 0.67
  5 0.67 0.67 0.67 0.67 0.67 0.67 0.67 0.67
  6 0.67 0.67 0.67 0.67 0.67 0.67 0.67 0.67
  7 0.67 0.67 0.67 0.67 0.67 0.67 0.67 0.67
  8 0.67 0.67 0.67 0.67 0.67 0.67 0.67 0.67


TABLE 2.6.3.7 North Sea Herring. FRACTION OF NATURAL MORTALITY BEFORE SPAWNING

Units  :  NA 
   year
age 1947 1948 1949 1950 1951 1952 1953 1954 1955 1956 1957 1958 1959 1960 1961
  0 0.67 0.67 0.67 0.67 0.67 0.67 0.67 0.67 0.67 0.67 0.67 0.67 0.67 0.67 0.67
  1 0.67 0.67 0.67 0.67 0.67 0.67 0.67 0.67 0.67 0.67 0.67 0.67 0.67 0.67 0.67
  2 0.67 0.67 0.67 0.67 0.67 0.67 0.67 0.67 0.67 0.67 0.67 0.67 0.67 0.67 0.67
  3 0.67 0.67 0.67 0.67 0.67 0.67 0.67 0.67 0.67 0.67 0.67 0.67 0.67 0.67 0.67
  4 0.67 0.67 0.67 0.67 0.67 0.67 0.67 0.67 0.67 0.67 0.67 0.67 0.67 0.67 0.67
  5 0.67 0.67 0.67 0.67 0.67 0.67 0.67 0.67 0.67 0.67 0.67 0.67 0.67 0.67 0.67
  6 0.67 0.67 0.67 0.67 0.67 0.67 0.67 0.67 0.67 0.67 0.67 0.67 0.67 0.67 0.67
  7 0.67 0.67 0.67 0.67 0.67 0.67 0.67 0.67 0.67 0.67 0.67 0.67 0.67 0.67 0.67
  8 0.67 0.67 0.67 0.67 0.67 0.67 0.67 0.67 0.67 0.67 0.67 0.67 0.67 0.67 0.67
   year
age 1962 1963 1964 1965 1966 1967 1968 1969 1970 1971 1972 1973 1974 1975 1976
  0 0.67 0.67 0.67 0.67 0.67 0.67 0.67 0.67 0.67 0.67 0.67 0.67 0.67 0.67 0.67
  1 0.67 0.67 0.67 0.67 0.67 0.67 0.67 0.67 0.67 0.67 0.67 0.67 0.67 0.67 0.67
  2 0.67 0.67 0.67 0.67 0.67 0.67 0.67 0.67 0.67 0.67 0.67 0.67 0.67 0.67 0.67
  3 0.67 0.67 0.67 0.67 0.67 0.67 0.67 0.67 0.67 0.67 0.67 0.67 0.67 0.67 0.67
  4 0.67 0.67 0.67 0.67 0.67 0.67 0.67 0.67 0.67 0.67 0.67 0.67 0.67 0.67 0.67
  5 0.67 0.67 0.67 0.67 0.67 0.67 0.67 0.67 0.67 0.67 0.67 0.67 0.67 0.67 0.67
  6 0.67 0.67 0.67 0.67 0.67 0.67 0.67 0.67 0.67 0.67 0.67 0.67 0.67 0.67 0.67
  7 0.67 0.67 0.67 0.67 0.67 0.67 0.67 0.67 0.67 0.67 0.67 0.67 0.67 0.67 0.67
  8 0.67 0.67 0.67 0.67 0.67 0.67 0.67 0.67 0.67 0.67 0.67 0.67 0.67 0.67 0.67
   year
age 1977 1978 1979 1980 1981 1982 1983 1984 1985 1986 1987 1988 1989 1990 1991
  0 0.67 0.67 0.67 0.67 0.67 0.67 0.67 0.67 0.67 0.67 0.67 0.67 0.67 0.67 0.67
  1 0.67 0.67 0.67 0.67 0.67 0.67 0.67 0.67 0.67 0.67 0.67 0.67 0.67 0.67 0.67
  2 0.67 0.67 0.67 0.67 0.67 0.67 0.67 0.67 0.67 0.67 0.67 0.67 0.67 0.67 0.67
  3 0.67 0.67 0.67 0.67 0.67 0.67 0.67 0.67 0.67 0.67 0.67 0.67 0.67 0.67 0.67
  4 0.67 0.67 0.67 0.67 0.67 0.67 0.67 0.67 0.67 0.67 0.67 0.67 0.67 0.67 0.67
  5 0.67 0.67 0.67 0.67 0.67 0.67 0.67 0.67 0.67 0.67 0.67 0.67 0.67 0.67 0.67
  6 0.67 0.67 0.67 0.67 0.67 0.67 0.67 0.67 0.67 0.67 0.67 0.67 0.67 0.67 0.67
  7 0.67 0.67 0.67 0.67 0.67 0.67 0.67 0.67 0.67 0.67 0.67 0.67 0.67 0.67 0.67
  8 0.67 0.67 0.67 0.67 0.67 0.67 0.67 0.67 0.67 0.67 0.67 0.67 0.67 0.67 0.67
   year
age 1992 1993 1994 1995 1996 1997 1998 1999 2000 2001 2002 2003 2004 2005 2006
  0 0.67 0.67 0.67 0.67 0.67 0.67 0.67 0.67 0.67 0.67 0.67 0.67 0.67 0.67 0.67
  1 0.67 0.67 0.67 0.67 0.67 0.67 0.67 0.67 0.67 0.67 0.67 0.67 0.67 0.67 0.67
  2 0.67 0.67 0.67 0.67 0.67 0.67 0.67 0.67 0.67 0.67 0.67 0.67 0.67 0.67 0.67
  3 0.67 0.67 0.67 0.67 0.67 0.67 0.67 0.67 0.67 0.67 0.67 0.67 0.67 0.67 0.67
  4 0.67 0.67 0.67 0.67 0.67 0.67 0.67 0.67 0.67 0.67 0.67 0.67 0.67 0.67 0.67
  5 0.67 0.67 0.67 0.67 0.67 0.67 0.67 0.67 0.67 0.67 0.67 0.67 0.67 0.67 0.67
  6 0.67 0.67 0.67 0.67 0.67 0.67 0.67 0.67 0.67 0.67 0.67 0.67 0.67 0.67 0.67
  7 0.67 0.67 0.67 0.67 0.67 0.67 0.67 0.67 0.67 0.67 0.67 0.67 0.67 0.67 0.67
  8 0.67 0.67 0.67 0.67 0.67 0.67 0.67 0.67 0.67 0.67 0.67 0.67 0.67 0.67 0.67
   year
age 2007 2008 2009 2010 2011 2012 2013 2014
  0 0.67 0.67 0.67 0.67 0.67 0.67 0.67 0.67
  1 0.67 0.67 0.67 0.67 0.67 0.67 0.67 0.67
  2 0.67 0.67 0.67 0.67 0.67 0.67 0.67 0.67
  3 0.67 0.67 0.67 0.67 0.67 0.67 0.67 0.67
  4 0.67 0.67 0.67 0.67 0.67 0.67 0.67 0.67
  5 0.67 0.67 0.67 0.67 0.67 0.67 0.67 0.67
  6 0.67 0.67 0.67 0.67 0.67 0.67 0.67 0.67
  7 0.67 0.67 0.67 0.67 0.67 0.67 0.67 0.67
  8 0.67 0.67 0.67 0.67 0.67 0.67 0.67 0.67


TABLE 2.6.3.8 North Sea Herring. SURVEY INDICES

SCAI - Configuration

Spawning component abundance index
      min       max plusgroup   minyear   maxyear    startf      endf 
       NA        NA        NA      1972      2014        NA        NA 
Index type : biomass

SCAI - Index Values

Units  :  NA 
     year
age       1972     1973     1974     1975     1976     1977     1978     1979
  all 3312.348 3252.536 2200.837 1380.482 1229.621 1632.139 2132.718 3202.206
     year
age       1980     1981     1982     1983     1984     1985     1986    1987
  all 3491.718 3951.319 5020.326 7736.881 12097.72 15119.35 14562.97 18389.7
     year
age       1988    1989     1990     1991     1992     1993     1994    1995
  all 25922.55 21850.2 20306.25 13913.35 7457.187 5050.761 4437.825 5556.76
     year
age       1996     1997     1998     1999     2000     2001     2002     2003
  all 7010.287 9839.286 13106.15 14233.54 16328.24 21504.65 25973.29 33257.32
     year
age      2004     2005    2006     2007     2008     2009     2010     2011
  all 36517.7 31916.78 29525.2 30702.89 37389.65 46676.22 47224.16 49873.92
     year
age      2012     2013     2014
  all 58610.2 61592.81 59946.76

HERAS - Configuration

Herring in Sub-area IV, Divisions VIId & IIIa (autumn-spawners) . Imported from VPA file.
      min       max plusgroup   minyear   maxyear    startf      endf 
     1.00      8.00      8.00   1989.00   2014.00      0.54      0.56 
Index type : number

HERAS - Index Values

Units  :  NA 
   year
age    1989    1990    1991    1992    1993    1994    1995    1996    1997
  1      -1      -1      -1      -1      -1      -1      -1      -1 9361000
  2 4090000 3306000 2634000 3734000 2984000 3185000 3849000 4497000 5960000
  3 3903000 3521000 1700000 1378000 1637000  839000 2041000 2824000 2935000
  4 1633000 3414000 1959000 1147000  902000  399000  672000 1087000 1441000
  5  492000 1366000 1849000 1134000  741000  381000  299000  311000  601000
  6  283000  392000  644000 1246000  777000  321000  203000   99000  215000
  7  120000  210000  228000  395000  551000  326000  138000   83000   46000
  8   66000  176000  145000  218000  296000  350000  212000  339000  237000
   year
age    1998    1999     2000     2001     2002     2003    2004    2005    2006
  1 4449000 5087000 24736000  6837000 23055000  9829400 5183700 3114100 6822800
  2 5747000 3078000  2923000 12290000  4875000 18949400 3415900 2055100 3772300
  3 2520000 4725000  2156000  3083000  8220000  3081000 9191800 3648500 1997200
  4 1625000 1116000  3140000  1462000  1390000  4188900 2167300 5789600 2097500
  5  982000  506000  1007000  1676000   794600   675100 2590700 1212900 4175100
  6  445000  314000   483000   450000  1031000   494800  317100 1174900  618200
  7  170000  139000   266000   170000   244400   568300  327600  139900  562100
  8  166000  141000   217000   157000   270500   323200  527650  233200  154700
   year
age    2007    2008    2009     2010     2011    2012    2013     2014
  1 6261000 3714000 4655000 14577000 10119000 7437000 6388000 11634000
  2 2750000 2853000 5632000  4237000  4166000 4719000 2683000  4918000
  3 1848000 1709000 2553000  4216000  2534000 4067000 3031000  2827000
  4  898000 1485000 1023000  2453000  2173000 1738000 2895000  2939000
  5  806000  809000 1077000  1246000  1016000 1209000 1546000  1791000
  6 1323000  712000  674000  1332000   651000  593000  849000  1236000
  7  243000 1749000  638000   688000   688000  247000  464000   669000
  8  217000  455000 1720000  2729000  1737000  696000  842000   461000

IBTS-Q1 - Configuration

Herring in Sub-area IV, Divisions VIId & IIIa (autumn-spawners) . Imported from VPA file.
      min       max plusgroup   minyear   maxyear    startf      endf 
     1.00      1.00        NA   1984.00   2015.00      0.08      0.17 
Index type : number

IBTS-Q1 - Index Values

Units  :  NA 
   year
age     1984    1985     1986     1987     1988     1989     1990     1991
  1 1515.627 2097.28 2662.812 3692.965 4394.168 2331.566 1061.572 1286.747
   year
age     1992     1993     1994     1995     1996     1997     1998    1999
  1 1268.145 2794.007 1752.053 1345.754 1890.872 4402.996 2275.845 752.862
   year
age     2000     2001     2002    2003    2004     2005   2006     2007
  1 3721.386 2499.391 3881.426 2969.64 933.195 1006.239 901.76 1322.346
   year
age     2008     2009     2010     2011     2012     2013     2014     2015
  1 1767.565 2338.813 1206.335 2943.607 1370.087 1665.726 2615.018 5172.891

IBTS0 - Configuration

Herring in Sub-area IV, Divisions VIId & IIIa (autumn-spawners) . Imported from VPA file.
      min       max plusgroup   minyear   maxyear    startf      endf 
     0.00      0.00        NA   1992.00   2015.00      0.08      0.17 
Index type : number

IBTS0 - Index Values

Units  :  NA 
   year
age  1992  1993  1994 1995  1996  1997 1998 1999  2000  2001  2002 2003 2004
  0 200.7 190.1 101.7  127 106.5 148.1 53.1  244 137.1 214.8 161.8 54.4 47.3
   year
age 2005 2006 2007 2008 2009 2010 2011 2012 2013  2014 2015
  0 61.3 83.1 37.2 27.8 95.8 77.1   77   68 50.4 164.5 20.9


TABLE 2.6.3.9 North Sea Herring. STOCK OBJECT CONFIGURATION

      min       max plusgroup   minyear   maxyear   minfbar   maxfbar 
        0         8         8      1947      2014         2         6 


TABLE 2.6.3.10 North Sea Herring. sam CONFIGURATION SETTINGS

name           : Final Assessment
desc           : 
range          :       min       max plusgroup   minyear   maxyear   minfbar   maxfbar 
range          :         0         8         8      1947      2015         2         6 
fleets         :   catch    SCAI   HERAS IBTS-Q1   IBTS0 
fleets         :       0       3       2       2       2 
plus.group     : TRUE
states         :          age
states         : fleet      0  1  2  3  4  5  6  7  8
states         :   catch    1  2  3  4  5  6  7  8  8
states         :   SCAI    NA NA NA NA NA NA NA NA NA
states         :   HERAS   NA NA NA NA NA NA NA NA NA
states         :   IBTS-Q1 NA NA NA NA NA NA NA NA NA
states         :   IBTS0   NA NA NA NA NA NA NA NA NA
logN.vars      : 1 2 2 2 2 2 2 2 2
catchabilities :          age
catchabilities : fleet      0  1  2  3  4  5  6  7  8
catchabilities :   catch   NA NA NA NA NA NA NA NA NA
catchabilities :   SCAI    NA NA NA NA NA NA NA NA NA
catchabilities :   HERAS   NA  3  3  4  4  5  5  5  5
catchabilities :   IBTS-Q1 NA  1 NA NA NA NA NA NA NA
catchabilities :   IBTS0    2 NA NA NA NA NA NA NA NA
power.law.exps :          age
power.law.exps : fleet      0  1  2  3  4  5  6  7  8
power.law.exps :   catch   NA NA NA NA NA NA NA NA NA
power.law.exps :   SCAI    NA NA NA NA NA NA NA NA NA
power.law.exps :   HERAS   NA NA NA NA NA NA NA NA NA
power.law.exps :   IBTS-Q1 NA NA NA NA NA NA NA NA NA
power.law.exps :   IBTS0   NA NA NA NA NA NA NA NA NA
f.vars         :          age
f.vars         : fleet      0  1  2  3  4  5  6  7  8
f.vars         :   catch    1  1  2  2  3  3  4  4  4
f.vars         :   SCAI    NA NA NA NA NA NA NA NA NA
f.vars         :   HERAS   NA NA NA NA NA NA NA NA NA
f.vars         :   IBTS-Q1 NA NA NA NA NA NA NA NA NA
f.vars         :   IBTS0   NA NA NA NA NA NA NA NA NA
obs.vars       :          age
obs.vars       : fleet      0  1  2  3  4  5  6  7  8
obs.vars       :   catch    3  4  4  4  4  4  5  5  5
obs.vars       :   SCAI    NA NA NA NA NA NA NA NA NA
obs.vars       :   HERAS   NA  6  7  7  7  7  8  8  8
obs.vars       :   IBTS-Q1 NA  1 NA NA NA NA NA NA NA
obs.vars       :   IBTS0    2 NA NA NA NA NA NA NA NA
srr            : 0
cor.F          : FALSE
nohess         : FALSE
timeout        : 3600
sam.binary     : character()


TABLE 2.6.3.11 North Sea Herring. FLR, R SOFTWARE VERSIONS

FLSAM.version                       0.99-999
FLCore.version                           2.4
R.version      R version 2.13.2 (2011-09-30)
platform                     i386-pc-mingw32
run.date                 2015-03-17 15:13:56

TABLE 2.6.3.12 North Sea Herring. STOCK SUMMARY

Year Recruitment      Low      High     TSB     Low     High     SSB     Low    High       Fbar    Low   High Landings Landings
           Age 0                                                                     (Ages 2-6)                             SOP
                                                                                              f      f      f   tonnes         
1947    56627200 32098042  99901414 8153844 6395198 10396107 4597393 3428076 6165565     0.1426 0.0991 0.2051   581760   1.4609
1948    53865459 32102434  90382173 7239046 5682940  9221247 3813279 2856299 5090888     0.1418 0.1019 0.1975   502100   1.3326
1949    47441124 28439319  79139035 7004056 5541741  8852237 3711698 2807590 4906948     0.1539 0.1109 0.2136   508500   1.4502
1950    66055113 40547294 107609598 6983076 5575945  8745305 3649132 2795546 4763351     0.1624 0.1194 0.2211   491700   1.3073
1951    58820442 36606589  94514252 7138406 5733815  8887074 3450398 2657376 4480075     0.1950 0.1463 0.2598   600400   1.3238
1952    57310820 36161226  90830165 6955199 5595424  8645421 3433189 2636515 4470593     0.2015 0.1507 0.2695   664400   1.2720
1953    59769138 38737954  92218341 6709265 5419833  8305466 3233255 2469387 4233415     0.2119 0.1581 0.2840   698500   1.1979
1954    56175990 37027328  85227371 6537073 5297216  8067127 3020703 2291862 3981323     0.2361 0.1750 0.3185   762900   1.2509
1955    48447922 32188648  72920153 6156383 5001360  7578150 2963851 2256852 3892330     0.2337 0.1740 0.3138   806400   1.0598
1956    35533981 23634593  53424393 5548288 4522750  6806368 2735979 2081827 3595680     0.2363 0.1782 0.3134   675200   1.2712
1957    93642978 61584009 142390978 5757420 4707690  7041220 2493007 1901451 3268599     0.2497 0.1885 0.3308   682900   1.1575
1958    34311804 23010335  51163963 5688744 4658013  6947555 2045187 1555040 2689830     0.2591 0.1971 0.3406   670500   1.1674
1959    39944438 26319325  60623066 6046560 4977980  7344522 3090984 2382435 4010259     0.2754 0.2100 0.3610   784500   1.5186
1960    15870935 10356975  24320476 4960415 4109857  5987001 2599943 2013799 3356692     0.2430 0.1874 0.3151   696200   1.1830
1961    77284193 50676497 117862259 5157693 4300355  6185955 2478093 1951895 3146146     0.2776 0.2190 0.3520   696700   1.1348
1962    35321415 23607684  52847301 4833107 4035872  5787825 1756792 1369804 2253110     0.3023 0.2369 0.3858   627800   1.1705
1963    46039027 31686599  66892379 5352102 4501240  6363802 2652465 2106510 3339918     0.2190 0.1729 0.2772   716000   0.8602
1964    49525587 34170525  71780686 5400489 4686295  6223526 2438759 2005940 2964968     0.3086 0.2546 0.3742   871200   1.0656
1965    24227526 16648269  35257301 4818629 4249771  5463632 1959108 1648730 2327916     0.4981 0.4150 0.5978  1168800   1.1496
1966    24544540 17087716  35255412 3638201 3228025  4100497 1536473 1299136 1817168     0.5191 0.4402 0.6122   895500   1.0707
1967    32152475 22528227  45888284 2873381 2559375  3225912  979698  835447 1148856     0.6784 0.5784 0.7958   695500   1.1757
1968    32801998 22897448  46990875 2478093 2179206  2817975  537132  458016  629915     1.0058 0.8603 1.1761   717800   1.2551
1969    15807578 10846858  23037042 1897409 1651908  2179396  473071  385810  580067     0.9236 0.7881 1.0824   546700   0.9674
1970    33098549 23453033  46710970 1863562 1619673  2144175  448202  364356  551343     0.9866 0.8520 1.1425   563100   0.9657
1971    25368023 18136343  35483260 1742794 1522117  1995464  310830  256123  377221     1.3271 1.1405 1.5442   520100   1.0747
1972    17382943 12481279  24209595 1513598 1328165  1724919  312700  256943  380557     0.7172 0.6061 0.8487   497500   0.9197
1973     8580476  6085932  12097503 1167062 1033606  1317749  271848  226893  325711     0.9175 0.7966 1.0567   484000   0.9575
1974    16321601 11560432  23043659  868914  760393   992924  182408  153519  216733     0.9407 0.8149 1.0859   275100   0.9680
1975     3358483  2250692   5011529  688314  590515   802310  103985   86407  125138     1.1187 0.9417 1.3290   312800   0.9343
1976     4201701  2731037   6464318  468832  394420   557283  139246  106147  182667     0.8898 0.7012 1.1291   174800   0.9530
1977     4723214  2990196   7460630  325136  264219   400098   96664   71513  130662     0.4232 0.3183 0.5627    46000   1.1979
1978     4960415  3066043   8025236  370645  295993   464125  122027   92081  161712     0.3065 0.2246 0.4184    11000   1.2152
1979     9435597  6085328  14630352  481182  391542   591344  152360  119437  194357     0.2526 0.1868 0.3414    25100   1.0056
1980    14432599 10118415  20586218  663312  551191   798239  170246  137638  210580     0.2243 0.1794 0.2804    70764   1.0936
1981    32867668 23584805  45804221 1184700  986216  1423131  252963  204235  313318     0.2442 0.1970 0.3028   174879   1.0081
1982    51340989 37639162  70030709 1778001 1485684  2127832  354336  288416  435321     0.2228 0.1805 0.2749   275079   0.9786
1983    47488589 35123311  64207103 2376169 2018801  2796798  536596  438090  657251     0.2743 0.2250 0.3345   387202   1.0771
1984    43055477 31675815  58523328 2954973 2550755  3423247  861991  703902 1055585     0.3611 0.2992 0.4358   428631   1.0543
1985    51084925 36891185  70739650 3321742 2897147  3808565  909818  755918 1095052     0.4657 0.3848 0.5636   613780   1.0419
1986    58351755 42025957  81019628 3734035 3251031  4288798  917126  769518 1093048     0.4569 0.3803 0.5488   671488   1.1373
1987    60733136 44548311  82798061 3696881 3243661  4213427 1045494  876188 1247516     0.4563 0.3825 0.5442   792058   1.0173
1988    30553812 22342204  41783497 3623678 3202284  4100523 1306680 1097393 1555880     0.4519 0.3805 0.5368   887686   1.1641
1989    25880491 18941208  35362044 2993638 2686472  3335925 1329083 1147111 1539923     0.4422 0.3746 0.5219   787899   1.0335
1990    20999307 15143943  29118632 2893565 2608440  3209857 1361367 1183178 1566391     0.3794 0.3212 0.4483   645229   1.0515
1991    22748278 16639368  31099988 2703344 2437488  2998196 1183516 1031626 1357768     0.4132 0.3514 0.4858   658008   1.0197
1992    44812604 33781599  59445661 2746945 2465154  3060948  908909  788119 1048211     0.4612 0.3916 0.5431   716799   0.9950
1993    38841507 29283208  51519720 2545913 2257348  2871367  639857  548724  746125     0.5324 0.4508 0.6288   671397   1.0231
1994    26990621 20113110  36219840 2215525 1962583  2501067  676035  581820  785506     0.5627 0.4763 0.6647   568234   1.0498
1995    35180412 25914634  47759168 2120156 1865723  2409286  700816  594978  825480     0.5026 0.4158 0.6076   579371   1.0084
1996    31452845 22814636  43361703 2182540 1892461  2517084  798109  675792  942564     0.3048 0.2430 0.3823   275098   0.9987
1997    21878172 15497617  30885680 2303638 1999900  2653506  921723  779422 1090004     0.2689 0.2171 0.3331   264313   1.0006
1998    15950488 11435030  22249008 2465734 2166633  2806125 1110144  951983 1294581     0.3014 0.2449 0.3709   391628   1.0018
1999    52640692 37683090  73535438 2515545 2226674  2841892 1160081  994620 1353066     0.2891 0.2371 0.3524   363163   1.0000
2000    35962957 25775052  50177757 3220348 2798877  3705287 1162403  997470 1354609     0.2893 0.2384 0.3511   388157   1.0004
2001    64102890 46056856  89219733 3584036 3136285  4095709 1581683 1353239 1848691     0.2528 0.2062 0.3100   374065   0.9901
2002    34004383 24346494  47493414 4205905 3676564  4811459 1832149 1574896 2131423     0.2357 0.1928 0.2882   394709   0.9974
2003    16321601 11736225  22698495 4474924 3914717  5115299 1889835 1637714 2180768     0.2656 0.2194 0.3215   482281   1.0153
2004    19443045 14022448  26959061 3782894 3345791  4277102 1867292 1618525 2154295     0.3177 0.2602 0.3879   587698   0.9985
2005    18128575 13111397  25065616 3230024 2870273  3634864 1774448 1528634 2059791     0.3381 0.2779 0.4112   663813   1.0033
2006    21041348 15199265  29128930 2697942 2398746  3034457 1387480 1193648 1612788     0.3021 0.2480 0.3679   514597   0.9950
2007    19915323 13996496  28337098 2305942 2038334  2608684 1107926  952068 1289297     0.2617 0.2137 0.3204   406482   1.0056
2008    20604087 14310144  29666256 2343134 2054371  2672487 1167062 1005470 1354624     0.1699 0.1397 0.2066   257870   1.0040
2009    27646232 19784481  38632004 2706048 2363116  3098747 1442661 1239720 1678824     0.1005 0.0804 0.1256   168443   1.0023
2010    26482640 18898736  37109902 3172403 2779889  3620340 1510574 1287841 1771828     0.1049 0.0853 0.1289   187611   1.0034
2011    22748278 16305542  31736703 3265750 2876583  3707567 1817550 1577421 2094234     0.1344 0.1101 0.1640   226478   0.9938
2012    24865702 17656723  35018001 3348423 2954622  3794710 1966960 1701944 2273244     0.2061 0.1690 0.2513   434710   1.0109
2013    26140594 17406579  39257034 3220348 2838888  3653065 1723728 1483227 2003226     0.2491 0.2023 0.3067   511416   1.0014
2014    47488589 29809080  75653662 3321742 2853657  3866608 1657797 1388779 1978925     0.2652 0.2071 0.3396   517356   1.0029
2015    11947110  5320556  26826791 3436623 2704345  4367187 1602379 1230618 2086446     0.2652 0.1696 0.4146                  


TABLE 2.6.3.13 North Sea Herring. ESTIMATED FISHING MORTALITY

Units  :  f 
   year
age         1947         1948         1949        1950        1951        1952
  0 0.0040339873 0.0040347941 0.0040368120 0.004031568 0.004033181 0.004033584
  1 0.0002077448 0.0002077448 0.0009962623 0.004777681 0.022866096 0.043985291
  2 0.0527073692 0.0392697805 0.0488109796 0.065841825 0.098460483 0.138248844
  3 0.1110249864 0.1265395970 0.1271357329 0.143187546 0.171049892 0.158056929
  4 0.1175490013 0.1286319568 0.1376281219 0.168756235 0.227911018 0.203721788
  5 0.1575992280 0.1668933990 0.1745053288 0.173843467 0.229236742 0.223018623
  6 0.2740896600 0.2478826079 0.2815908917 0.260617881 0.248080993 0.284677021
  7 0.2842219022 0.2750506545 0.3467330859 0.277232160 0.249125125 0.338747597
  8 0.2842219022 0.2750506545 0.3467330859 0.277232160 0.249125125 0.338747597
   year
age        1953        1954        1955       1956        1957        1958
  0 0.004033181 0.005590984 0.005107731 0.00428472 0.004541036 0.004749576
  1 0.065121534 0.087361552 0.139011308 0.13342710 0.170060674 0.150679532
  2 0.166526637 0.196951061 0.231934564 0.28981862 0.276761266 0.300532313
  3 0.195010866 0.244289813 0.247560570 0.25324446 0.260071158 0.290660314
  4 0.198096697 0.204211308 0.207650272 0.21766459 0.224764970 0.216600638
  5 0.219347072 0.235039898 0.209046200 0.19916931 0.248031382 0.273405292
  6 0.280635108 0.300021842 0.272204951 0.22175103 0.239141465 0.214166827
  7 0.327096515 0.373174179 0.213354538 0.23518096 0.241327584 0.158120165
  8 0.327096515 0.373174179 0.213354538 0.23518096 0.241327584 0.158120165
   year
age        1959       1960      1961        1962       1963       1964
  0 0.009105287 0.01762036 0.0210154 0.007805708 0.01368712 0.01465901
  1 0.187177110 0.20382367 0.1049155 0.098096852 0.13144063 0.25535514
  2 0.322549070 0.32807928 0.3586888 0.225372656 0.25817955 0.33813840
  3 0.286247059 0.24312003 0.2745560 0.356864186 0.25879993 0.33905261
  4 0.253624615 0.21055676 0.2597073 0.304373413 0.20908801 0.30663413
  5 0.250123621 0.18905827 0.2375208 0.286476148 0.19065305 0.28892157
  6 0.264212916 0.24421654 0.2576637 0.338679854 0.17806618 0.27044136
  7 0.266015687 0.28644750 0.2281162 0.298346415 0.17890506 0.22232834
  8 0.266015687 0.28644750 0.2281162 0.298346415 0.17890506 0.22232834
   year
age       1965       1966       1967       1968       1969       1970
  0 0.01144961 0.02225697 0.03013404 0.03401683 0.01439031 0.03713854
  1 0.24785782 0.22514740 0.29235104 0.31217230 0.32719466 0.30971585
  2 0.52165439 0.50621692 0.50549355 0.95514034 0.75686529 0.81858339
  3 0.52643364 0.56153004 0.72854929 1.36403879 0.87238887 1.03736827
  4 0.50708837 0.49969868 0.69002324 0.82424291 0.80424607 1.00295897
  5 0.48816100 0.62190993 0.72164641 0.90531620 0.86894973 0.87382076
  6 0.44694935 0.40614299 0.74639525 0.98045160 1.31567521 1.20038219
  7 0.48247315 0.58573957 0.98188999 1.19915843 1.06739703 1.01852347
  8 0.48247315 0.58573957 0.98188999 1.19915843 1.06739703 1.01852347
   year
age       1971       1972       1973       1974      1975       1976       1977
  0 0.04330878 0.06293203 0.05770566 0.09193256 0.1204284 0.09257835 0.08888606
  1 0.59503206 0.60857812 0.67566357 0.49248070 0.5923012 0.20647003 0.14067542
  2 0.78218812 0.76565010 0.88674307 0.93735519 1.0491707 0.73021227 0.21519730
  3 0.97395323 0.77566077 1.03657292 0.90115320 1.1595709 1.03319919 0.57750972
  4 0.98681963 0.72617082 0.81642518 0.85583301 1.0264929 0.95314713 0.37133896
  5 0.78683241 0.59682580 0.80478509 1.03418016 1.3532241 1.00586383 0.55213097
  6 3.10557847 0.72179075 1.04297270 0.97499591 1.0051159 0.72645408 0.39996429
  7 1.43159613 0.39430916 0.63273094 0.85450750 1.5927945 1.13037564 0.51905782
  8 1.43159613 0.39430916 0.63273094 0.85450750 1.5927945 1.13037564 0.51905782
   year
age      1978      1979       1980      1981      1982      1983      1984
  0 0.1113029 0.1309421 0.15824671 0.4413575 0.4060333 0.4563433 0.2614271
  1 0.1293414 0.1237985 0.11053755 0.2409418 0.2065940 0.2439237 0.2280934
  2 0.2223950 0.2379012 0.25892936 0.2378298 0.2172514 0.2383059 0.2683401
  3 0.3715210 0.3276531 0.30062249 0.2497487 0.3184149 0.2839662 0.3482969
  4 0.2992129 0.2309163 0.21536953 0.2386637 0.2357697 0.3039780 0.4149281
  5 0.4006769 0.3352429 0.26585612 0.2716339 0.1801798 0.2683401 0.4130775
  6 0.2389502 0.1310993 0.08076593 0.2232418 0.1621554 0.2770659 0.3609557
  7 0.4319264 0.3064502 0.17379132 0.4754137 0.2392132 0.3994247 0.5599600
  8 0.4319264 0.3064502 0.17379132 0.4754137 0.2392132 0.3994247 0.5599600
   year
age      1985      1986      1987      1988      1989      1990      1991
  0 0.1340959 0.1071313 0.1864113 0.1624476 0.1667099 0.1048316 0.1666266
  1 0.3599465 0.3694573 0.4383051 0.5901314 0.4522275 0.4797837 0.3551909
  2 0.3361493 0.3690475 0.3761302 0.3521845 0.3619316 0.3531367 0.4677459
  3 0.4763321 0.4319437 0.4030116 0.3732824 0.3662277 0.3314428 0.3806671
  4 0.5256919 0.4707491 0.4714841 0.4682795 0.4818319 0.3946445 0.3930573
  5 0.4889671 0.4592824 0.4971070 0.5205809 0.5039390 0.4394330 0.4070171
  6 0.5014707 0.5533415 0.5335673 0.5453432 0.4969231 0.3784808 0.4174419
  7 0.6036685 0.6298397 0.5015059 0.5519874 0.5231903 0.4278682 0.3470453
  8 0.6036685 0.6298397 0.5015059 0.5519874 0.5231903 0.4278682 0.3470453
   year
age      1992      1993      1994      1995      1996       1997       1998
  0 0.3480184 0.4260537 0.2888349 0.2922049 0.1056736 0.03286326 0.02620513
  1 0.4002964 0.4090532 0.2427799 0.2535739 0.1844457 0.05518854 0.13268200
  2 0.4888351 0.5354488 0.5283322 0.3976075 0.2265023 0.19155123 0.21135840
  3 0.4233568 0.5372241 0.5679056 0.5316180 0.3254000 0.27376095 0.28955790
  4 0.4450405 0.5643729 0.7323183 0.5224688 0.2947877 0.29715541 0.30498277
  5 0.4499855 0.4871467 0.4810808 0.5725186 0.3196592 0.29405160 0.32840752
  6 0.4986554 0.5379875 0.5036619 0.4888351 0.3576144 0.28814254 0.37270800
  7 0.4830380 0.5914607 0.4955832 0.4413266 0.1736523 0.22088789 0.20022771
  8 0.4830380 0.5914607 0.4955832 0.4413266 0.1736523 0.22088789 0.20022771
   year
age       1999       2000       2001       2002       2003       2004
  0 0.04116775 0.04505371 0.04183174 0.03392510 0.03641771 0.05558733
  1 0.06517365 0.06992025 0.06403023 0.04450294 0.06517365 0.05136491
  2 0.20515284 0.18985399 0.11224178 0.12071776 0.10649045 0.11737281
  3 0.29772055 0.27670592 0.24929957 0.19403825 0.19419354 0.18898266
  4 0.30206894 0.31167322 0.29243876 0.28467702 0.27392526 0.30449519
  5 0.32283949 0.34493475 0.29724457 0.28450627 0.41550111 0.42510461
  6 0.31752459 0.32313018 0.31267218 0.29469923 0.33773288 0.55250102
  7 0.18299435 0.18807772 0.20653198 0.26093081 0.29525969 0.43788017
  8 0.18299435 0.18807772 0.20653198 0.26093081 0.29525969 0.43788017
   year
age       2005       2006       2007       2008       2009       2010
  0 0.07991434 0.06411352 0.04991169 0.05478165 0.03747430 0.03498626
  1 0.11724377 0.05138546 0.04222259 0.03766967 0.02882247 0.03277465
  2 0.14584658 0.13039330 0.10357078 0.10627768 0.07351249 0.07976264
  3 0.19336030 0.20789960 0.21186627 0.13276163 0.07267920 0.08942098
  4 0.29235104 0.30237116 0.28627568 0.17962211 0.11655407 0.10580050
  5 0.46860738 0.37628818 0.34969288 0.22469755 0.13120425 0.13582337
  6 0.59023767 0.49344691 0.35718551 0.20593391 0.10857653 0.11347191
  7 0.79036533 0.70547778 0.55959610 0.26577638 0.14155032 0.10820800
  8 0.79036533 0.70547778 0.55959610 0.26577638 0.14155032 0.10820800
   year
age       2011       2012       2013       2014       2015
  0 0.04903112 0.04486488 0.02971510 0.04176904 0.04205824
  1 0.02101119 0.04413068 0.05443761 0.04372654 0.04341284
  2 0.08151241 0.09585679 0.09924140 0.09143746 0.09143746
  3 0.11897998 0.17543266 0.16806575 0.17940670 0.17940670
  4 0.13486244 0.21640578 0.25410696 0.29317077 0.29317077
  5 0.17406961 0.26649495 0.34146845 0.37719613 0.37719613
  6 0.16261009 0.27645700 0.38242987 0.38479675 0.38479675
  7 0.14580284 0.33581328 0.49432603 0.52461008 0.52461008
  8 0.14580284 0.33581328 0.49432603 0.52461008 0.52461008


TABLE 2.6.3.14 North Sea Herring. ESTIMATED POPULATION ABUNDANCE

Units  :  NA 
   year
age     1947     1948     1949     1950       1951     1952     1953     1954
  0 56627200 53865459 47441124 66055113 58820441.7 57310820 59769138 56175990
  1 18128575 22702827 21617203 18310771 27234633.2 23324153 22771037 24667570
  2 10886129  8614867 12237310 10324187  8376996.5 12188458 10334517 10019062
  3  4761151  6510976  6394827  9092860  6763154.6  4920890  6715978  5786279
  4  6837960  3143980  3730303  4629688  6452640.6  3937277  3090984  3745254
  5  4226987  4501855  2047234  2240030  3265750.0  3767793  2305942  1906920
  6  3513067  2687172  2841947  1271872  1416925.6  1990706  2242272  1379180
  7  1978798  1974844  1615250  1589611   737484.2   855978  1139386  1285939
  8  5992385  4524420  3790468  2870509  2556117.3  2030921  1599178  1567512
   year
age       1955       1956       1957       1958       1959       1960
  0 48447921.7 35533980.7 93642977.7 34311804.2 39944438.1 15870934.9
  1 21812636.2 19423612.1 13150890.1 43141673.9 13177218.2 17175594.3
  2 11217661.3  8512106.5  8285354.5  4818629.0 20439911.6  4990267.1
  3  5526139.3  6331197.8  3894204.6  4470451.6  2260281.7 11061708.3
  4  3023724.8  3063289.8  3645485.1  2018772.1  2409669.1  1114593.1
  5  2109581.2  1694672.4  1769132.7  2139323.0  1172911.9  1259216.2
  6  1092522.7  1229354.8  1043405.0   979698.4  1158921.0   639857.0
  7   758425.6   609259.8   741180.9   613539.5   591253.4   631592.7
  8  1464464.2  1421182.7  1230584.7  1143952.6  1217122.5  1064483.2
   year
age       1961       1962       1963       1964       1965       1966
  0 77284192.7 35321415.2 46039026.6 49525586.8 24227526.4 24544540.4
  1  5020298.7 32900552.2 14680050.2 17769605.5 20216304.7  9761923.3
  2  6742895.6  1845018.8 15665948.0  6530538.7  6125678.0  7663658.2
  3  2404854.6  2864773.9  1013580.8  9147580.7  3429757.1  2165149.6
  4  7131270.7  1333076.5  1170568.4   646287.7  5214741.1  1411269.2
  5   669308.3  4386314.9   642421.6   697320.2   393564.4  2195674.8
  6   812604.7   391210.1  2276159.2   434521.2   397122.5   181679.6
  7   365126.8   500819.0   193300.3  1492555.0   271034.1   184425.3
  8   912551.7   756910.3   683512.3   543616.9  1329083.3   789377.5
   year
age        1967       1968        1969        1970        1971          1972
  0 32152475.37 32801998.5 15807577.95 33098548.92 25368022.95 17382943.0690
  1  9184244.32 12559651.9 12447122.13  6446191.18 12903381.93  9969091.3563
  2  3851603.06  3106477.5  4373175.67  4180744.92  2416908.98  3282119.6290
  3  3191494.95  1832148.7   691072.49  1473277.40  1212263.70   778403.2616
  4   850007.12  1187071.6   300739.58   214057.51   366957.02   314896.7228
  5   654089.85   295079.5   376623.01    96857.88    55436.86    93901.3460
  6   834009.44   243044.5    82207.35   116774.50    29056.57    17779.4753
  7    97538.26   282942.8    69286.13    15813.20    27973.14      899.1951
  8   427196.77   152207.5    96857.88    43260.71    16291.52     7456.9369
   year
age        1973         1974        1975        1976        1977        1978
  0 8580476.448 16321600.948 3358483.195 4201700.995 4723213.726 4960415.176
  1 6478502.850  3103372.558 6742895.567 1016626.143 1580102.063 1803067.610
  2 2618206.240  1513597.764  913464.690 1785126.787  358972.118  669977.896
  3 1077333.969   735275.104  409216.649  203007.865  523870.607  242558.937
  4  288081.873   261450.434  230960.043   87465.525   47004.565  202399.754
  5  117594.789    96664.355   80740.856   59337.692   20893.638   25951.897
  6   41315.789    39616.461   25616.706   14168.833   15200.749    8577.519
  7    7232.210    10942.395   11235.122    6882.932    4853.231    7476.350
  8    4489.964     5095.943    5417.014    2471.301    2198.213    3168.457
   year
age        1979         1980        1981        1982        1983        1984
  0 9435596.907 14432598.633 32867668.10 51340989.16 47488588.59 43055476.79
  1 1751529.563  3509555.678  5395090.87  8632114.06 15463608.77 12749466.68
  2  756153.744   689002.377  1584849.49  1910737.78  3246214.16  5856132.73
  3  372875.551   403527.533   329720.30   899864.97  1066614.32  1753281.97
  4  148301.108   197205.182   209609.17   192143.93   464167.15   644996.39
  5  105556.328   106937.518   124243.67   117594.79   124492.41   257300.52
  6   14175.920    54014.078    76496.48    67710.73    87290.77    78905.01
  7    4934.961    10394.166    42574.04    49662.23    46304.76    56897.12
  8    5109.721     5295.962    12053.38    27337.10    56613.34    61821.10
   year
age        1985        1986        1987        1988        1989       1990
  0 51084924.90 58351755.39 60733135.70 30553811.55 25880491.01 20999307.1
  1 14533981.25 21125681.69 25880491.01 23652987.82 12176275.68 10241923.5
  2  5219958.45  4737404.64  7602593.52  8658049.29  5998380.06  3719128.8
  3  3252713.08  2697942.49  2276159.16  3917640.04  4742144.42  3194688.0
  4   945056.51  1441219.23  1370930.14  1151988.34  2178179.51  2949068.7
  5   340101.71   408399.03   693148.82   682146.69   569776.81  1184699.8
  6   124367.98   160171.44   203007.86   331704.57   323514.75   297747.2
  7    46027.76    56783.44    72330.42    96567.74   153891.02   166874.9
  8    59994.01    50766.91    46166.05    59100.82    73130.44   122516.4
   year
age       1991       1992       1993       1994       1995        1996
  0 22748277.8 44812604.1 38841507.0 26990621.2 35180411.7 31452845.06
  1  9635839.6  9202631.2 14901910.7 11444273.1  9559060.4 11994994.55
  2  3305175.1  3805660.0  3252713.1  4833106.6  4818629.0  4004783.18
  3  1922236.7  1467396.1  1621723.5  1240468.9  2067808.7  2285282.03
  4  1887946.0  1112366.2   789377.5   671990.8   597793.1   859408.81
  5  1676133.1  1071960.7   602594.6   334034.6   264342.3   259886.43
  6   640497.2   974812.1   578966.6   282377.5   160171.4    99508.66
  7   171270.6   369165.4   481181.6   262498.3   133519.1    72911.38
  8   147414.0   189472.7   288370.1   328075.8   263814.1   198193.68
   year
age        1997       1998       1999       2000       2001       2002
  0 21878172.32 15950488.3 52640692.5 35962957.2 64102889.6 34004383.5
  1 13673907.33  9626208.6  6851649.6 23724053.3 13714990.6 28545218.4
  2  4945556.23  7167016.4  3894204.6  3767793.1 10670569.5  5838590.7
  3  2226630.47  2470670.2  4465983.4  2156506.3  2397650.8  6589578.9
  4  1245440.70  1199001.9  1276969.2  2636598.0  1241710.0  1330413.0
  5   493856.37   693842.3   567502.3   774521.0  1426878.9   688313.7
  6   157314.14   297152.3   335373.5   334703.4   401916.6   829020.4
  7    52733.17    98321.7   147414.0   190994.5   184425.3   225934.4
  8   168383.60   128926.8   121176.1   154045.0   178082.1   226840.0
   year
age       2003       2004       2005       2006       2007       2008
  0 16321600.9 19443045.4 18128575.4 21041347.7 19915323.1 20604086.7
  1 13537849.7  6331197.8  8153843.8  6563273.2  8096966.1  8806494.3
  2 15081810.9  5010268.2  2910979.0  3820913.2  2841947.2  3645485.1
  3  3388846.0  9129303.8  3175577.3  1854266.9  2262543.1  1674457.9
  4  4020834.4  2219960.6  5867856.7  1974844.1  1169398.4  1381941.6
  5   747134.1  2431454.0  1319812.2  3605604.5  1078411.8   739700.0
  6   439327.3   389648.4  1297565.0   667971.0  1998685.0   654089.8
  7   488453.7   272665.2   185720.8   587129.1   336044.9  1287225.9
  8   261973.9   416232.8   327747.9   192914.0   321258.1   370274.5
   year
age       2009       2010       2011       2012       2013       2014
  0 27646232.0 26482640.5 22748277.8 24865702.4 26140594.3 47488588.6
  1  8859492.1 11559290.0 11364443.0  8649395.6 10140014.6 11994994.6
  2  4804194.7  4510867.3  5722978.8  5722978.8  3945159.7  5293551.8
  3  2101159.7  3265750.0  2893565.4  4355717.9  3700579.5  2681803.3
  4  1039239.8  1551914.7  2099059.6  2176002.4  2893565.4  2641876.5
  5   890020.7   781523.1   968980.7  1416925.6  1556577.4  1711704.1
  6   500318.4   697320.2   508896.5   641779.5   927269.9   925417.3
  7   458630.4   390428.4   479260.7   321579.5   398714.1   526496.5
  8  1213476.6  1335745.3  1162403.0   959339.2   769887.7   535523.5
   year
age       2015
  0 11947110.4
  1 21359347.0
  2  5891375.1
  3  3368573.8
  4  1631483.0
  5  1465929.4
  6   888242.4
  7   484077.4
  8   489921.3


TABLE 2.6.3.15 North Sea Herring. PREDICTED CATCH NUMBERS AT AGE

Units  :  NA 
   year
age        1947     1948      1949      1950      1951      1952      1953
  0  464213.567 659871.2  283367.5  337965.8  494696.6  157723.7  205397.0
  1  426257.968 325429.1  608650.8  610113.3  710127.6 1016931.2 1463293.1
  2  649982.033 597733.3  416357.7  435129.9 1310343.7 1321661.2 1494496.6
  3  532160.279 514628.2  976275.4  653240.1  613723.6 1016524.5 1071960.7
  4  735054.555 417107.8  546505.7  907546.4  623559.8  477395.2  594335.9
  5  430025.591 955222.9 1034987.6 1130985.6  652000.1  393092.4  345829.1
  6 1302114.449 483883.8  617664.1  579256.1  430628.0  479212.8  312106.6
  7    3326.281 650632.3  308908.4  271631.1  216295.3  279316.3  352533.2
  8  275405.545 411432.4  254689.4  142771.4  512984.0  392307.0  429466.9
   year
age      1954      1955      1956       1957      1958      1959       1960
  0  161845.9   99588.3  278062.2  106553.24 1605105.4 2261638.3  355151.59
  1 2014738.6 1725797.8 1465489.7 4294733.23 4721324.8 1168580.1 1704018.77
  2 1938645.3 1791027.4 1675630.4 1047063.36  481566.7 2041305.3  494152.77
  3 1035919.5 1211052.0  762989.8  965884.94  464352.9  181843.2 1403388.18
  4  487136.7  515040.1  631277.0  337965.80  224717.6  187568.6  122504.13
  5  344173.1  264553.8  336482.0  443565.16  234802.5  120934.0  161087.02
  6  227316.8  213117.7  193455.0  164538.52  121188.2  138164.5   65303.44
  7  127797.2  111993.9  139399.6   78558.59  249646.2  232768.6  163292.77
  8  246668.3  261319.7  231491.9  146458.88  181915.9 1055156.9  180123.86
   year
age       1961       1962       1963       1964       1965       1966
  0 2181667.39 1285425.05 2868787.43 3177800.98 1408027.01 1672282.47
  1  310736.32 2979899.10 1569707.73 2098639.85 2564053.60 1287740.90
  2  737484.24  197738.36 2254638.03 1209599.66  802269.61 1431452.18
  3  301612.99  189889.96  147016.48 1797486.76  480892.97  368833.28
  4  946853.82   96432.64  151690.87  132375.78  888686.67  294637.19
  5   98243.07  323191.40   89886.23  125417.07   53114.22  387201.30
  6  113538.81   27747.47  261058.55   91500.53   72272.57   54409.82
  7  171459.09   98046.78   95015.95  448964.90  309557.77  238279.59
  8  410487.19  472692.33  180845.80  354761.14  627186.99  721004.03
   year
age       1967       1968        1969       1970         1971        1972
  0 2420295.02 2501747.39 1235269.842 4229946.91 3323071.2880 2333313.691
  1 1632625.48 1971292.55 1987523.601 1114593.14 1490019.8500 1311261.226
  2 1201642.59  349829.09  830929.307  658421.12  364543.0754  607616.983
  3  582276.09  145059.60  118907.362  201894.39  141662.1108  140617.680
  4  154693.34  192259.25   49637.407   26510.60   36882.7780   57170.882
  5  134847.53   53787.69   72780.257   25662.86    8069.1223   23815.693
  6  177229.36   40615.30    9016.757   19168.43     258.1679    3006.885
  7   95358.62   56800.48   24666.467   11168.02    2140.7896    1866.630
  8  148093.63  792462.13  706515.203  698716.25  317711.8122  941001.488
   year
age       1973        1974       1975        1976         1977         1980
  0 882575.838 2204695.584 134955.450  146576.096  258667.8280   821181.963
  1 788430.863  508591.287 783009.416   57797.454  130940.7225   280015.433
  2 380484.226  246224.746 114142.164  198193.677   90039.1631    62717.764
  3 131137.281  130118.389  47150.505   12629.113   33199.8289    38808.711
  4  54907.213   53209.913  33239.693    7760.019   21870.4130    25959.684
  5  21817.987   14413.780   6465.334    4406.077    3691.6175    13558.379
  6   5574.902    8082.852   4177.465    1742.629    1471.5919    14419.835
  7   2596.137    3896.952   1499.849     789.287     749.7501     4084.032
  8 251651.381  245732.789 266758.758 1432741.071 8160369.4365 11955476.310
   year
age         1981       1982       1983       1984       1985       1986
  0  1146586.700 2399089.86 1863747.87 3177483.22 4728412.12 6707252.76
  1   311981.759  578445.72 1165662.32 1272380.36 1257706.02 2062233.14
  2   212330.648  228844.95  450539.03 1087834.96  839784.00  673470.86
  3    35298.650  106916.13  193958.60  344620.81  484222.60  463749.59
  4    17048.543   25913.00   77543.94  117971.69  135415.08  245683.65
  5     8992.175   18856.44   21440.99   44276.09   61765.49   76442.95
  6     9439.044   13705.60   22061.74   18947.17   24170.79   26022.06
  7     5195.873   16760.50   23980.59   24688.68   21630.51   16613.49
  8 12244654.104 6932284.70 4483434.77 4164471.77 7342573.85 3275234.41
   year
age       1987       1988       1989       1990       1991      1992       1993
  0 7792715.93 3266076.58 2900518.29 2138467.48 2280031.92 3793880.8 1865052.95
  1 2235107.76 1586117.87  964147.91 1078951.18 1284011.86 1175965.4 1729598.74
  2 1094162.73 1307071.90  811873.65  549190.14  456936.63  608529.1  485143.50
  3  389531.49  755851.34  873269.94  558438.63  363996.67  310487.8  319049.01
  4  251802.42  205540.83  384154.46  511907.90  355009.56  212649.4  116704.46
  5  127427.14  115994.73   85896.64  200706.72  352216.03  221793.0  102919.25
  6   37515.15   57555.21   53348.44   46110.69  130300.68  198332.5   94617.72
  7   22955.21   27334.37   39167.40   39715.63   66889.68  118836.0  118255.17
  8 2851626.24 1497039.43 2513030.62 9588739.51 9855103.49 4908603.3 6463619.42
   year
age       1994       1995      1996       1997       1998       1999      2000
  0 1628549.01 1534783.67 551611.90  895018.80  318188.74 1159152.86 606645.57
  1 1374224.32  702780.58 745343.15 1181151.07  621754.13  557322.86 961067.57
  2  767965.43  568922.78 477681.75  556710.15 1029207.86  465654.86 471182.14
  3  221549.21  198968.14 290337.70  285900.75  301794.02  639729.05 284930.34
  4  105630.24   64919.28 114806.11  177424.42  143028.62  206550.46 334937.76
  5   57050.95   27485.12  36156.07   84965.45   83725.59   84872.04  98972.77
  6   43892.56   10668.17   9597.04   16379.24   22629.28   30055.47  31568.02
  7   86777.27   29007.22  30653.43   21489.94   18605.64   24231.29  30470.06
  8 2255089.00  500568.63 289323.29 1475636.53 1086965.04 1783520.90 764288.03
   year
age       2001       2002       2003       2004       2005     2006      2007
  0  875105.74  596479.41  221438.46  635330.11  231746.64 236972.6 231885.73
  1  558941.45 1272762.13  462406.66  328634.02  388170.52 232164.2 305620.68
  2 1029722.60  527603.32 1380560.31  488893.52  303731.69 375870.5 180195.92
  3  297271.16  866571.59  522771.63 1328817.49  458447.01 257893.0 200105.50
  4  155142.60  231098.66  764135.19  446725.68 1018152.23 285101.3 132587.75
  5  193532.36  114943.96  151160.88  527075.98  235885.08 541176.1 108923.38
  6   47567.26  114382.11   88512.58   93143.82  271739.73 130849.1 270736.15
  7   47762.69   61353.04  135076.96  164423.39   89259.22 125179.0  77870.31
  8  391170.97  704751.12  935185.33  876244.11  649267.45 735569.3 680511.50
   year
age      2008      2009      2010      2011      2012     2013        2014
  0 180466.42 269736.27 172490.94 275818.96  401274.1 375419.7  426257.968
  1 283736.14 289323.29 376773.69 442590.39  317616.5 389297.8  649982.033
  2 127083.55 240409.74 279065.00 602052.54  491049.4 379154.9  532160.279
  3 100137.55 135835.52 230015.05 366663.57  560564.7 585311.8  735054.555
  4  96819.14  87395.58 135699.75 289496.94  391640.7 473543.9  430025.591
  5  45770.73  66263.86  67393.24 136475.45  258771.3 262131.1 1302114.449
  6  54225.14  35692.65  57774.34  81454.51  137985.0 192336.2    3326.281
  7 143458.35 122124.95 140112.37 243044.54  266385.6 195614.3  275405.545
  8 610296.39 732339.88 734907.56 516277.66 1306287.9 464213.6  659871.237


TABLE 2.6.3.16 North Sea Herring. CATCH AT AGE RESIDUALS

Units  :  NA 
   year
age        1947       1948        1949       1950          1951        1952
  0  0.42092300  0.1236650  0.08637350 -0.0737622 -0.3751190000 -0.22220700
  1 -0.18155500  0.0531644  0.24357400 -0.0770254  0.1123270000  0.04063820
  2 -0.12631700  0.0368759  0.36860800  0.4057300  0.1817790000  0.00171717
  3 -0.07884890 -0.1954600  0.21372300  0.0698523 -0.4298880000 -0.09061750
  4  0.09936490 -0.1483850 -0.14426600  0.3732000 -0.1491720000 -0.04864110
  5  0.00800673 -0.1445060  0.02641640  0.7046790 -0.0000969179 -0.12354200
  6  0.02424320 -0.0830730 -0.00708878  0.5690490  0.2645070000 -0.04604570
  7 -0.69930700 -0.0693610 -0.42765900 -0.1277600  0.3087230000 -0.01667110
  8 -0.73720000 -0.2590230 -0.00964996 -0.0192533  0.2725610000 -0.00287669
   year
age        1953       1954       1955       1956       1957       1958
  0  0.28400600  0.0584833 -0.1626320  0.0147920 -0.4159210  0.0165474
  1 -0.05682380  0.1896890 -0.1138140  0.0805802 -0.0246092  0.2987200
  2 -0.00658637 -0.0267743  0.2560230 -0.1292120 -0.1177500  0.0900667
  3  0.24225700 -0.0258678  0.0555576 -0.2441410  0.2286120  0.4599590
  4 -0.03833680 -0.1142360  0.0127618  0.1353220 -0.3277220  0.2453270
  5  0.29114100 -0.1428320 -0.4106740  0.1494300  0.2610370  0.2077760
  6  0.19761800  0.0723873 -0.3328910  0.2397830 -0.3993330 -0.0350451
  7  0.25641700 -0.2229480 -0.2621890  0.1879190 -0.2600910  0.6626050
  8  0.61556900 -0.4868140  0.3933120  0.3145890 -0.7654210  0.2986840
   year
age      1959       1960       1961       1962       1963      1964        1965
  0  0.381808 -0.3753700 -0.1088720 -0.1235390  0.2387350 0.0666216 -0.12108700
  1 -0.154332  0.6996250 -0.9618160 -0.0429074 -0.0961861 0.3731920  0.01510450
  2 -0.251901 -0.1983900  0.5290540 -0.7425910 -0.0345384 0.6148690 -0.53657400
  3 -0.621368  0.2487650  0.7133000 -1.2325000  0.0634775 0.8553270 -0.44823900
  4 -0.758413  0.0822636  0.9025480 -1.2145700 -0.1209880 0.6216270  0.00877915
  5 -0.243556 -0.0708063  0.9064980 -1.2096000  0.1961110 0.6784680 -0.56368400
  6 -0.332171 -0.2183300  0.8687870 -0.7584820 -0.0650703 0.8888640 -0.38652900
  7  0.533322 -0.4576340  0.0337087 -0.1872910 -0.4365340 0.3200750  0.24592500
  8  0.818108 -1.0594200  0.3354640  0.2209880 -0.6234510 0.2400120  0.12678400
   year
age        1966      1967        1968       1969      1970      1971     1972
  0  0.00834203  0.013002  0.00425209 -0.2178040 0.2336160  0.035804 0.100086
  1 -0.64059900  0.643061 -0.31058200  0.0520234 0.1928440 -0.228681 0.168216
  2 -0.32348200  1.476130 -1.12474000  0.4161920 0.0420258 -0.396842 0.551653
  3  0.04892550  0.440538 -0.58260100  0.3493600 0.2118900 -0.550888 0.446427
  4  0.07219760  0.104617 -0.05179250  0.0899663 0.0988208 -0.773854 0.247893
  5  0.05369290  0.257166 -0.26573400 -0.6253320 0.6115400 -1.695270 0.887826
  6  0.78466500 -0.287686  0.17727200 -0.4683400 1.1870800 -0.904264 0.734744
  7  0.23170700  0.357973 -0.27899900 -0.0676998 0.3991040 -1.259980 0.244440
  8  0.67289900 -1.237330  0.55431200 -0.1434430 0.3159180 -0.413344 0.252065
   year
age       1973      1974      1975      1976       1977         1980      1981
  0 -0.2861900  0.743269 -0.432733 -0.106136 -0.3649060  0.406807000 -0.180392
  1 -0.1373120  0.427424  0.954710 -1.740800  0.1563960  0.102918000 -0.278708
  2 -0.3371850  0.358586  0.184753 -0.415365  0.1312450 -0.659150000  0.544555
  3 -0.2706880  0.520222  0.663405 -1.059800 -0.2070140  0.119900000 -0.313627
  4  0.1455170  0.490027  0.252240 -0.698209 -0.0529874  0.632088000 -1.143640
  5  0.0774159  0.391888 -0.206020 -0.255017 -1.6759600  1.825480000 -0.989778
  6 -0.3855030  0.419855  0.183832 -0.531066 -0.1766580  0.920660000 -0.675606
  7  0.6283050  0.738240 -0.244008 -0.425237 -1.4350100  1.700170000 -0.355264
  8  0.2086300 -0.137865 -0.168680 -0.559648  0.6823740  0.000652891  0.364901
   year
age       1982      1983       1984        1985       1986        1987
  0  0.1383580 -0.167105  0.1591320  0.10386800  0.1289840  0.06427810
  1 -0.0545039 -0.113805  0.2812920  0.04823560  0.2415850 -0.00768164
  2 -0.3790430 -0.138647  0.5643460  0.00845857 -0.0563383 -0.02173430
  3 -0.1162570  0.258692  0.4534920 -0.26097000  0.0487159 -0.10249600
  4  0.0745768  0.303807  0.3650080 -0.28684100  0.0034998  0.10683400
  5  0.6726790  0.186483 -0.0544101  0.01911710 -0.0815265  0.01874060
  6 -0.2421380  0.470926  0.2268080 -0.58357400 -0.3161530  0.04562060
  7  1.1363400  0.757802  0.5943480  0.96445800 -0.0892900  0.12790200
  8  0.0260606 -0.277590 -0.4943670  0.50493100 -0.1519400  0.30919900
   year
age       1988       1989        1990        1991        1992       1993
  0 -0.2536510  0.2731060  0.00152192  0.06842790  0.05865560 -0.2961770
  1  0.0322702 -0.4717680  0.33015500  0.00437116  0.00160920  0.2069050
  2  0.2880790 -0.2788620  0.09174920 -0.21464500  0.00493565  0.0549805
  3  0.4626790 -0.0955309 -0.11683400 -0.04685310 -0.10952900  0.5808210
  4  0.2031490  0.0587652 -0.14311900  0.10368300  0.09347490 -0.4623840
  5  0.2278670 -0.2430920  0.08018010  0.22773400  0.06669100 -0.4051540
  6  0.2057610  0.0692605 -0.56624100  0.55495500 -0.18934200 -0.7576750
  7  0.1105280  0.1360190 -0.10099700 -0.24046900  0.29071200 -0.0499930
  8 -0.6156110 -0.2288310  0.33014100  0.18042900 -0.38579400  0.6222690
   year
age      1994      1995      1996       1997       1998       1999       2000
  0  0.149687  0.309209 -0.945917  0.5981900 -0.3193540  0.0728740  0.0864562
  1  0.335605 -0.611959 -0.542746  0.2200560 -0.0593022  0.7530680 -0.8911240
  2  0.416695 -0.536597 -0.450771 -0.2321910  0.1913450 -0.0364720  0.2048440
  3  0.306385 -0.982689 -0.127391 -0.2302320 -0.1757930  0.0746809 -0.1452130
  4  0.780897 -0.811852 -0.340317 -0.0619703 -0.3591530  0.2233770 -0.2724970
  5 -0.121422 -0.703441 -0.500945  0.1613920 -0.6697030 -0.1011360 -0.3007980
  6 -0.206310 -0.499887  0.741553 -0.2572270  0.7542370  0.6101320  0.6803980
  7  0.437910 -1.120210 -0.798407 -0.1584170 -1.4867700 -1.2373800 -1.3862500
  8  0.108749 -0.661100 -0.481550  0.2642450  0.0734183  0.1205270 -0.2015760
   year
age       2001       2002       2003       2004       2005       2006
  0 -0.2969240  0.2295540 -0.4682980  0.8051130 -0.2874050 -0.0404216
  1  0.2456270 -0.2756320 -0.2158270  0.5312010  0.2219110 -0.3920200
  2 -0.4008470  0.0226309 -0.0711273 -0.0435746  0.1517430  0.7106600
  3 -0.1162890 -0.2472420  0.2620230 -0.0517279  0.0903985  0.6943550
  4 -0.6616430  0.3896920 -0.0975069  0.4860670 -0.1365950  0.5552630
  5 -0.3652460 -0.2289740  0.4020160  0.3155190  0.2360100  0.5336800
  6  0.0983367  0.2657730  0.6031240  0.7530490 -0.3374690  0.4320920
  7 -0.3457520 -0.9653490 -1.1676500 -0.4015450  0.6224720  0.7966270
  8 -0.2575120  0.0675022  0.3649420  0.0121987 -0.1969760  0.3624610
   year
age       2007        2008      2009      2010      2011       2012       2013
  0  0.0912885 -0.17287100  0.270565 -0.530531  0.219311  0.1954070 -0.0879232
  1  0.5560680 -0.60675700  0.106349 -0.163070  0.191057  0.1539190 -0.1103450
  2  0.1698180 -1.18154000 -0.102250 -0.099117  0.759384 -0.0815849  0.1238010
  3 -0.0353433 -0.47763900 -0.496119 -0.341496  0.661601  0.1278680  0.3522460
  4  0.2480360 -0.79209500 -0.276981 -0.284367  0.380585  0.5183150  0.1981800
  5  0.2940280 -0.66365700 -0.261771 -0.242268  0.395001  0.8311290  0.2909280
  6 -0.8075530 -0.07227200 -0.245106 -0.367532  0.881160  0.1838240 -0.0110612
  7  1.4497600 -0.00792511 -0.253862 -0.383487 -0.595612  0.5784750  0.3265780
  8 -0.2029120 -0.26472300  0.272934  0.225392 -0.495862  0.2709370  0.4209230
   year
age        2014
  0 -0.18155500
  1 -0.12631700
  2 -0.07884890
  3  0.09936490
  4  0.00800673
  5  0.02424320
  6 -0.69930700
  7 -0.73720000
  8  0.12366500



TABLE 2.6.3.18 North Sea Herring. PREDICTED INDEX AT AGE SCAI

Units  :  NA 
     year
age       1972     1973     1974     1975     1976     1977     1978     1979
  all 4866.888 4230.265 2838.355 1619.058 2168.585 1505.168 1898.672 2371.315
     year
age       1980     1981     1982     1983     1984     1985     1986     1987
  all 2650.199 3939.543 5518.272 8351.029 13417.57 14158.78 14279.93 16276.54
     year
age       1988     1989    1990     1991     1992     1993     1994     1995
  all 20347.64 20686.78 21196.9 18413.88 14141.94 9955.496 10521.75 10914.42
     year
age       1996     1997     1998     1999     2000     2001     2002     2003
  all 12417.35 14342.75 17282.68 18055.22 18100.59 24627.03 28526.82 29427.94
     year
age       2004     2005     2006     2007     2008     2009     2010     2011
  all 29076.92 27620.13 21603.05 17254.36 18173.14 22455.71 23503.39 28302.35
     year
age       2012     2013    2014
  all 30631.98 26844.06 25817.3


TABLE 2.6.3.19 North Sea Herring. INDEX AT AGE RESIDUALS SCAI

Units  :  NA 
     year
age        1972      1973      1974      1975     1976     1977     1978
  all -0.878749 -0.600229 -0.580936 -0.364043 -1.29569 0.184942 0.265451
     year
age       1979     1980       1981      1982      1983      1984     1985
  all 0.686015 0.629755 0.00681015 -0.215978 -0.174446 -0.236466 0.149908
     year
age       1986     1987     1988     1989       1990      1991    1992     1993
  all 0.044819 0.278763 0.553001 0.124949 -0.0980248 -0.640024 -1.4615 -1.54969
     year
age       1994     1995     1996      1997      1998      1999      2000
  all -1.97147 -1.54164 -1.30563 -0.860635 -0.631729 -0.543142 -0.235336
     year
age        2001      2002     2003     2004     2005     2006    2007    2008
  all -0.309596 -0.214237 0.279311 0.520241 0.330166 0.713449 1.31607 1.64756
     year
age      2009   2010    2011    2012    2013    2014
  all 1.67103 1.5934 1.29391 1.48175 1.89663 1.92392


TABLE 2.6.3.20 North Sea Herring. PREDICTED INDEX AT AGE IBTS-Q1

Units  :  NA 
   year
age     1984     1985     1986     1987     1988     1989    1990     1991
  1 2057.177 2308.054 3350.383 4076.524 3658.908 1919.596 1612.24 1542.979
   year
age     1992     1993     1994     1995     1996     1997     1998     1999
  1 1469.416 2384.036 1871.733 1563.418 1980.451 2292.137 1594.109 1139.996
   year
age     2000     2001    2002     2003     2004     2005     2006     2007
  1 3927.074 2261.288 4704.76 2218.707 1040.202 1329.436 1080.739 1336.594
   year
age     2008     2009     2010     2011     2012     2013     2014     2015
  1 1457.357 1470.797 1923.516 1898.292 1445.499 1697.106 1998.895 3558.022


TABLE 2.6.3.21 North Sea Herring. INDEX AT AGE RESIDUALS IBTS-Q1

Units  :  NA 
   year
age     1984      1985      1986      1987     1988     1989     1990      1991
  1 -1.00244 -0.314213 -0.753679 -0.324239 0.600823 0.637955 -1.37113 -0.595873
   year
age      1992     1993      1994      1995      1996  1997    1998     1999
  1 -0.483367 0.520671 -0.216814 -0.491907 -0.151865 2.142 1.16822 -1.36136
   year
age      2000     2001      2002     2003      2004      2005      2006
  1 -0.176509 0.328486 -0.631215 0.956515 -0.356209 -0.913934 -0.594062
   year
age       2007     2008    2009     2010   2011      2012       2013     2014
  1 -0.0351726 0.633214 1.52196 -1.53091 1.4394 -0.175795 -0.0612372 0.881598
   year
age    2015
  1 1.22792


TABLE 2.6.3.22 North Sea Herring. PREDICTED INDEX AT AGE HERAS

Units  :  NA 
   year
age       1989      1990      1991      1992      1993      1994       1995
  1 4839877.65 3243618.2 1874026.7 1136995.7  589423.4  274361.0  284162.06
  2 4707652.81 2916806.8 1820278.4 1013986.3  476775.0  342902.0 3470815.02
  3 2048052.71 1260602.1  695927.0  388054.1  285672.1 3799955.8 2314490.19
  4  583908.75  329654.4  193726.0  199207.0 3545536.3 1871779.2  898336.50
  5  334770.33  180286.0  166858.3 2376644.1 1102620.3  551556.7  296469.61
  6  157408.56  132362.5 2859622.0 1467542.8  552826.8  262393.4  111937.95
  7   74757.14 2518061.7 1416217.3  712403.7  348467.4  167761.7   90953.17
  8 3018286.97 1901778.4 1073140.5  626622.8  293285.0  143731.2  247310.52
   year
age        1996      1997      1998       1999       2000       2001       2002
  1 11037399.30 7372740.2 5358528.7 18103213.1 10319026.7 21395688.8  9907474.2
  2  4367057.50 6259432.0 3393593.7  3287704.0  9647409.6  5204322.0 13431322.0
  3  2321444.08 2554073.3 4587748.8  2237120.3  2517306.4  7097832.4  3630569.2
  4  1300162.74 1246437.4 1328684.6  2726965.5  1296527.4  1389702.1  4211797.2
  5   571260.16  788115.6  646610.9   872222.6  1648374.2   798268.3   803634.6
  6   183928.06  331538.8  385462.8   383732.1   462823.0   961355.9   495984.5
  7    64074.39  120849.3  182919.2   236286.4   225640.9   267827.9   567161.9
  8   204658.91  158561.8  150407.0   190498.6   217814.7   268928.3   304218.1
   year
age      2003      2004      2005      2006      2007      2008      2009
  1 4675749.4 5839174.5 4903697.2 6117108.0 6724041.9 6858504.7 9031237.9
  2 4420661.9 2520581.0 3334055.5 2517054.7 3229377.7 4349189.2 4087728.5
  3 9759971.1 3374305.2 1945637.0 2360537.7 1817550.0 2352290.3 3610294.8
  4 2277525.3 6032065.2 2008703.4 1194334.9 1490317.9 1154641.0 1725452.7
  5 2592932.4 1367780.6 3916073.3 1182096.4  864840.2 1089359.0  948749.4
  6  389726.3 1265528.0  684333.1 2197871.6  777392.0  624121.3  863543.9
  7  291763.8  163113.2  538477.0  332368.6 1490914.1  566311.7  488551.4
  8  445253.9  287937.9  176892.9  317966.1  428823.2 1498237.5 1671613.7
   year
age      2010      2011      2012      2013       2014
  1 9042081.9 6883928.2 8129418.9 9433710.0 4839877.65
  2 5213698.3 5206924.9 3613184.2 4798433.2 4707652.81
  3 3140837.4 4570805.5 3893036.5 2814795.0 2048052.71
  4 2285053.5 2251258.6 2918265.5 2635807.1  583908.75
  5 1144524.7 1579786.1 1653326.7 1807400.2  334770.33
  6  609869.3  718341.2  973059.0  981561.5  157408.56
  7  584726.8  351477.2  397321.1  521153.6   74757.14
  8 1418059.6 1048740.0  767044.4  530088.9 3018286.97


TABLE 2.6.3.23 North Sea Herring. INDEX AT AGE RESIDUALS HERAS

Units  :  NA 
   year
age      1989      1990       1991       1992      1993       1994      1995
  1 -0.840889  0.409894  0.2215240 -0.0131856  1.072780  0.6693730 -1.137340
  2 -0.936355  0.785974  0.0781517  0.7997810  0.561904  0.0795080  1.293820
  3 -1.131170  0.400848 -0.3010950  0.0687866  0.137894  0.0639527  0.993745
  4 -0.855176  0.672662  0.6324230  0.3498180 -0.535668  0.4321360  0.952295
  5 -0.652254  0.592348 -0.5450320  1.1365000 -1.364830  0.9865210  0.238897
  6 -1.053550  1.106200  1.3325300  0.5457470 -1.628600  0.6522460 -0.476946
  7 -0.483523  0.224594 -0.1368240  1.1786100  0.445628  0.7401550 -0.355133
  8  0.454965 -0.560328  0.3324100  0.8374570  0.350521 -0.1578480  1.224380
   year
age      1996       1997      1998      1999       2000        2001        2002
  1 -0.465052 -1.4262700 -0.146921  0.881310 -1.1622000  0.21098800 -0.02230460
  2  1.553350 -0.4265830 -0.487572 -0.587209  1.2090800 -0.32672000  1.71882000
  3  1.171490 -0.0671417  0.147205 -0.184682  1.0122000  0.73309100 -0.81995900
  4  0.513881  1.3248300 -0.871361  0.704204  0.6001170  0.00105496 -0.02736930
  5  0.253243  1.0983600 -1.224900  0.717672  0.0829278 -0.02324310 -0.87038600
  6  0.605879  1.1425800 -0.795906  0.893365 -0.1090910  0.27152200 -0.00946970
  7 -1.286750  1.3248900 -1.066100  0.459733 -1.0992800 -0.35548100  0.00786819
  8  0.569515  0.1781630 -0.250774  0.505604 -1.2708600  0.02254010  0.23512000
   year
age        2003      2004      2005       2006      2007       2008     2009
  1  0.29112100 -1.774950  0.932530  0.0657139 -1.675910 -1.0944100 1.351940
  2 -1.28762000 -1.019460  0.617038  0.4423140 -0.618714  1.2910900 0.179238
  3 -0.29959700  0.390414  0.130483 -1.2227800 -0.307754  0.4090130 0.774664
  4 -0.24790400 -0.204753  0.216129 -1.4244400 -0.017634 -0.6046180 1.756990
  5 -0.00446975 -0.600221  0.319987 -1.9128700 -0.333487 -0.0571078 1.361420
  6 -0.80065700 -0.288298 -0.394456 -1.9705500 -0.341285  0.2983820 1.682430
  7  0.44961600 -0.596124  0.166578 -1.2159100  0.619830  0.4627110 1.329220
  8  0.65918100 -0.818754 -0.520358 -1.4831600  0.229886  0.5360430 1.902990
   year
age      2010      2011       2012       2013      2014
  1  0.317850  0.218344 -0.6808080  0.5919510 -0.840889
  2 -1.120350 -0.491464 -1.4865200  0.1226920 -0.936355
  3 -1.072210 -0.583203 -1.2499100  0.0217007 -1.131170
  4 -0.250940 -1.292460 -0.0397974  0.5436490 -0.855176
  5 -0.595057 -1.336050 -0.3350430 -0.0456485 -0.652254
  6  0.253255 -0.744394 -0.5296560  0.8947700 -1.053550
  7  0.631494 -1.369470  0.6023120  0.9693940 -0.483523
  8  0.787767 -1.591660  0.3619240 -0.5421620  0.454965


TABLE 2.6.3.24 North Sea Herring. PREDICTED INDEX AT AGE IBTS0

Units  :  NA 
   year
age     1992   1993     1994     1995     1996     1997     1998     1999
  0 142.2861 122.15 86.28105 112.4614 102.8025 72.07736 52.43058 172.2695
   year
age     2000     2001     2002     2003     2004     2005     2006     2007
  0 117.1646 208.2939 110.3547 52.87338 62.84491 58.41952 67.90502 64.38818
   year
age     2008     2009     2010     2011     2012     2013     2014     2015
  0 66.55176 89.49386 85.80695 73.67179 80.56949 84.91494 153.8995 38.72169


TABLE 2.6.3.25 North Sea Herring. INDEX AT AGE RESIDUALS IBTS0

Units  :  NA 
   year
age     1992    1993     1994     1995      1996    1997      1998     1999
  0 0.870182 1.11894 0.415936 0.307574 0.0893887 1.82183 0.0321052 0.880652
   year
age     2000      2001     2002      2003      2004     2005     2006     2007
  0 0.397516 0.0778223 0.968047 0.0720163 -0.718874 0.121771 0.510852 -1.38789
   year
age     2008    2009      2010     2011      2012     2013     2014     2015
  0 -2.20838 0.17227 -0.270689 0.111769 -0.429075 -1.31969 0.168506 -1.56001



TABLE 2.6.3.27 North Sea Herring. FIT PARAMETERS

           name     value  std.dev
1       logFpar  -8.61100 0.070216
2       logFpar -12.52700 0.102070
3       logFpar   0.15075 0.060466
4       logFpar   0.32170 0.056699
5       logFpar   0.41519 0.076554
6  logSdLogFsta  -0.55294 0.095952
7  logSdLogFsta  -1.14940 0.123900
8  logSdLogFsta  -1.15620 0.116620
9  logSdLogFsta  -0.69674 0.111080
10    logSdLogN  -0.52543 0.118490
11    logSdLogN  -1.82930 0.132570
12  logSdLogObs  -1.18820 0.159530
13  logSdLogObs  -0.92814 0.201950
14  logSdLogObs  -1.48810 0.535900
15  logSdLogObs  -1.91300 0.300340
16  logSdLogObs  -1.26470 0.172790
17  logSdLogObs  -1.03800 0.194770
18  logSdLogObs  -1.60830 0.109210
19  logSdLogObs  -1.35640 0.126050
20  logScaleSSB  -4.16260 0.077673
21     logSdSSB  -0.82559 0.113870


TABLE 2.6.3.28 North Sea Herring. NEGATIVE LOG-LIKELIHOOD

653.984


