TABLE 2.7.1 NORTH SEA HERRING. WEIGHTS AT AGE IN THE CATCH

Units  :  kg 
, , unit = A

   year
age      2013      2014      2015       2016       2017       2018
  0 0.0077000 0.0075000 0.0087000 0.01800000 0.01800000 0.01800000
  1 0.0468000 0.0522000 0.0261000 0.06033608 0.06033608 0.06033608
  2 0.1162000 0.1240000 0.1135000 0.13109869 0.13109869 0.13109869
  3 0.1563000 0.1719000 0.1538000 0.16157764 0.16157764 0.16157764
  4 0.1977000 0.1861000 0.1883000 0.19093740 0.19093740 0.19093740
  5 0.1980000 0.2148000 0.2001000 0.20467341 0.20467341 0.20467341
  6 0.2154000 0.2118000 0.2212000 0.21679716 0.21679716 0.21679716
  7 0.2334000 0.2264000 0.2170000 0.22375527 0.22375527 0.22375527
  8 0.2378432 0.2426541 0.2347182 0.23780326 0.23780326 0.23780326

, , unit = B

   year
age      2013      2014      2015        2016        2017        2018
  0 0.0077000 0.0075000 0.0087000 0.007479276 0.007479276 0.007479276
  1 0.0468000 0.0522000 0.0261000 0.024215668 0.024215668 0.024215668
  2 0.1162000 0.1240000 0.1135000 0.042033620 0.042033620 0.042033620
  3 0.1563000 0.1719000 0.1538000 0.164368090 0.164368090 0.164368090
  4 0.1977000 0.1861000 0.1883000 0.192764518 0.192764518 0.192764518
  5 0.1980000 0.2148000 0.2001000 0.226033614 0.226033614 0.226033614
  6 0.2154000 0.2118000 0.2212000 0.210080690 0.210080690 0.210080690
  7 0.2334000 0.2264000 0.2170000 0.228824671 0.228824671 0.228824671
  8 0.2378432 0.2426541 0.2347182 0.229347124 0.229347124 0.229347124

, , unit = C

   year
age      2013      2014      2015       2016       2017       2018
  0 0.0077000 0.0075000 0.0087000 0.02025000 0.02025000 0.02025000
  1 0.0468000 0.0522000 0.0261000 0.06806484 0.06806484 0.06806484
  2 0.1162000 0.1240000 0.1135000 0.07951530 0.07951530 0.07951530
  3 0.1563000 0.1719000 0.1538000 0.12767983 0.12767983 0.12767983
  4 0.1977000 0.1861000 0.1883000 0.15880374 0.15880374 0.15880374
  5 0.1980000 0.2148000 0.2001000 0.18195423 0.18195423 0.18195423
  6 0.2154000 0.2118000 0.2212000 0.19800000 0.19800000 0.19800000
  7 0.2334000 0.2264000 0.2170000 0.19700000 0.19700000 0.19700000
  8 0.2378432 0.2426541 0.2347182 0.21760000 0.21760000 0.21760000

, , unit = D

   year
age      2013      2014      2015        2016        2017        2018
  0 0.0077000 0.0075000 0.0087000 0.009641443 0.009641443 0.009641443
  1 0.0468000 0.0522000 0.0261000 0.024866711 0.024866711 0.024866711
  2 0.1162000 0.1240000 0.1135000 0.043461404 0.043461404 0.043461404
  3 0.1563000 0.1719000 0.1538000 0.070855856 0.070855856 0.070855856
  4 0.1977000 0.1861000 0.1883000 0.138000000 0.138000000 0.138000000
  5 0.1980000 0.2148000 0.2001000 0.000000000 0.000000000 0.000000000
  6 0.2154000 0.2118000 0.2212000 0.000000000 0.000000000 0.000000000
  7 0.2334000 0.2264000 0.2170000 0.000000000 0.000000000 0.000000000
  8 0.2378432 0.2426541 0.2347182 0.000000000 0.000000000 0.000000000



TABLE 2.7.2 NORTH SEA HERRING. WEIGHTS AT AGE IN THE STOCK

Units  :  kg 
, , unit = A

   year
age       2013        2014        2015        2016        2017        2018
  0 0.00600000 0.005666667 0.005333333 0.005333333 0.005333333 0.005333333
  1 0.04033333 0.043333333 0.043666667 0.043666667 0.043666667 0.043666667
  2 0.13566667 0.128666667 0.127333333 0.127333333 0.127333333 0.127333333
  3 0.17466667 0.176666667 0.161333333 0.161333333 0.161333333 0.161333333
  4 0.20866667 0.203666667 0.200000000 0.200000000 0.200000000 0.200000000
  5 0.22133333 0.215666667 0.211666667 0.211666667 0.211666667 0.211666667
  6 0.24200000 0.228666667 0.224666667 0.224666667 0.224666667 0.224666667
  7 0.24933333 0.241333333 0.229000000 0.229000000 0.229000000 0.229000000
  8 0.25179433 0.246572539 0.239358137 0.239358137 0.239358137 0.239358137

, , unit = B

   year
age       2013        2014        2015        2016        2017        2018
  0 0.00600000 0.005666667 0.005333333 0.005333333 0.005333333 0.005333333
  1 0.04033333 0.043333333 0.043666667 0.043666667 0.043666667 0.043666667
  2 0.13566667 0.128666667 0.127333333 0.127333333 0.127333333 0.127333333
  3 0.17466667 0.176666667 0.161333333 0.161333333 0.161333333 0.161333333
  4 0.20866667 0.203666667 0.200000000 0.200000000 0.200000000 0.200000000
  5 0.22133333 0.215666667 0.211666667 0.211666667 0.211666667 0.211666667
  6 0.24200000 0.228666667 0.224666667 0.224666667 0.224666667 0.224666667
  7 0.24933333 0.241333333 0.229000000 0.229000000 0.229000000 0.229000000
  8 0.25179433 0.246572539 0.239358137 0.239358137 0.239358137 0.239358137

, , unit = C

   year
age       2013        2014        2015        2016        2017        2018
  0 0.00600000 0.005666667 0.005333333 0.005333333 0.005333333 0.005333333
  1 0.04033333 0.043333333 0.043666667 0.043666667 0.043666667 0.043666667
  2 0.13566667 0.128666667 0.127333333 0.127333333 0.127333333 0.127333333
  3 0.17466667 0.176666667 0.161333333 0.161333333 0.161333333 0.161333333
  4 0.20866667 0.203666667 0.200000000 0.200000000 0.200000000 0.200000000
  5 0.22133333 0.215666667 0.211666667 0.211666667 0.211666667 0.211666667
  6 0.24200000 0.228666667 0.224666667 0.224666667 0.224666667 0.224666667
  7 0.24933333 0.241333333 0.229000000 0.229000000 0.229000000 0.229000000
  8 0.25179433 0.246572539 0.239358137 0.239358137 0.239358137 0.239358137

, , unit = D

   year
age       2013        2014        2015        2016        2017        2018
  0 0.00600000 0.005666667 0.005333333 0.005333333 0.005333333 0.005333333
  1 0.04033333 0.043333333 0.043666667 0.043666667 0.043666667 0.043666667
  2 0.13566667 0.128666667 0.127333333 0.127333333 0.127333333 0.127333333
  3 0.17466667 0.176666667 0.161333333 0.161333333 0.161333333 0.161333333
  4 0.20866667 0.203666667 0.200000000 0.200000000 0.200000000 0.200000000
  5 0.22133333 0.215666667 0.211666667 0.211666667 0.211666667 0.211666667
  6 0.24200000 0.228666667 0.224666667 0.224666667 0.224666667 0.224666667
  7 0.24933333 0.241333333 0.229000000 0.229000000 0.229000000 0.229000000
  8 0.25179433 0.246572539 0.239358137 0.239358137 0.239358137 0.239358137



TABLE 2.7.3 NORTH SEA HERRING. STOCK IN NUMBER

Units  :  NA 
, , unit = A

   year
age             2013             2014             2015             2016 2017
  0 30280060.9678263 38339835.3077486 13524318.5911913 23394230.7316497     
  1 10799387.7427352 15463608.7677547 16419824.9310812 5493081.77860885     
  2 4519898.06697536 5700132.62455565 9606975.43116766 8788898.94864226     
  3 4260938.50363776 3134561.97062997 3259225.01623332 6249424.89075802     
  4 3298571.32210884 3131428.97541803  1848712.4836837 2120155.51480952     
  5 1767364.47903503 2026863.33325246 1788700.61355759 1106818.23258289     
  6 1056001.32713058 1113479.10461187 1125794.98793598 938464.210976747     
  7 449998.712215916 622812.008358702 613539.545562319 516587.519278738     
  8 869783.840009212 639857.004562195 648878.002267521 494350.470954973     
   year
age 2018
  0     
  1     
  2     
  3     
  4     
  5     
  6     
  7     
  8     

, , unit = B

   year
age             2013             2014             2015             2016 2017
  0 30280060.9678263 38339835.3077486 13524318.5911913 23394230.7316497     
  1 10799387.7427352 15463608.7677547 16419824.9310812 5493081.77860885     
  2 4519898.06697536 5700132.62455565 9606975.43116766 8788898.94864226     
  3 4260938.50363776 3134561.97062997 3259225.01623332 6249424.89075802     
  4 3298571.32210884 3131428.97541803  1848712.4836837 2120155.51480952     
  5 1767364.47903503 2026863.33325246 1788700.61355759 1106818.23258289     
  6 1056001.32713058 1113479.10461187 1125794.98793598 938464.210976747     
  7 449998.712215916 622812.008358702 613539.545562319 516587.519278738     
  8 869783.840009212 639857.004562195 648878.002267521 494350.470954973     
   year
age 2018
  0     
  1     
  2     
  3     
  4     
  5     
  6     
  7     
  8     

, , unit = C

   year
age             2013             2014             2015             2016 2017
  0 30280060.9678263 38339835.3077486 13524318.5911913 23394230.7316497     
  1 10799387.7427352 15463608.7677547 16419824.9310812 5493081.77860885     
  2 4519898.06697536 5700132.62455565 9606975.43116766 8788898.94864226     
  3 4260938.50363776 3134561.97062997 3259225.01623332 6249424.89075802     
  4 3298571.32210884 3131428.97541803  1848712.4836837 2120155.51480952     
  5 1767364.47903503 2026863.33325246 1788700.61355759 1106818.23258289     
  6 1056001.32713058 1113479.10461187 1125794.98793598 938464.210976747     
  7 449998.712215916 622812.008358702 613539.545562319 516587.519278738     
  8 869783.840009212 639857.004562195 648878.002267521 494350.470954973     
   year
age 2018
  0     
  1     
  2     
  3     
  4     
  5     
  6     
  7     
  8     

, , unit = D

   year
age             2013             2014             2015             2016 2017
  0 30280060.9678263 38339835.3077486 13524318.5911913 23394230.7316497     
  1 10799387.7427352 15463608.7677547 16419824.9310812 5493081.77860885     
  2 4519898.06697536 5700132.62455565 9606975.43116766 8788898.94864226     
  3 4260938.50363776 3134561.97062997 3259225.01623332 6249424.89075802     
  4 3298571.32210884 3131428.97541803  1848712.4836837 2120155.51480952     
  5 1767364.47903503 2026863.33325246 1788700.61355759 1106818.23258289     
  6 1056001.32713058 1113479.10461187 1125794.98793598 938464.210976747     
  7 449998.712215916 622812.008358702 613539.545562319 516587.519278738     
  8 869783.840009212 639857.004562195 648878.002267521 494350.470954973     
   year
age 2018
  0     
  1     
  2     
  3     
  4     
  5     
  6     
  7     
  8     



TABLE 2.7.4 NORTH SEA HERRING. FISHING MORTALITY AT AGE IN THE STOCK

Units  :  f 
, , unit = A

   year
age               2013               2014               2015
  0 0.0269007799061755 0.0498119681264688 0.0583205943585794
  1 0.0494645019001947 0.0329817797098534 0.0324161021402496
  2 0.0867174627218572 0.0822822392146296 0.0721217222928278
  3  0.142887167305453  0.144106884682697  0.100731169384133
  4  0.217708122699985   0.23952439722297  0.203010008134589
  5  0.295880388272474  0.320203035004315  0.344831288637955
  6  0.344969248743592  0.347844408917087  0.490882739237474
  7  0.437066465712475  0.454262524620047  0.668780081567763
  8  0.437066465712475  0.454262524620047  0.668780081567763
   year
age                2016 2017 2018
  0                   0          
  1 0.00239809328009348          
  2  0.0784892854297882          
  3   0.129392468544276          
  4   0.267126695468131          
  5   0.450989002930932          
  6   0.647247898049495          
  7     0.8801531759222          
  8   0.883016980895749          

, , unit = B

   year
age               2013               2014               2015               2016
  0 0.0269007799061755 0.0498119681264688 0.0583205943585794 0.0548644924552734
  1 0.0494645019001947 0.0329817797098534 0.0324161021402496 0.0166408089067518
  2 0.0867174627218572 0.0822822392146296 0.0721217222928278                  0
  3  0.142887167305453  0.144106884682697  0.100731169384133                  0
  4  0.217708122699985   0.23952439722297  0.203010008134589                  0
  5  0.295880388272474  0.320203035004315  0.344831288637955                  0
  6  0.344969248743592  0.347844408917087  0.490882739237474                  0
  7  0.437066465712475  0.454262524620047  0.668780081567763                  0
  8  0.437066465712475  0.454262524620047  0.668780081567763                  0
   year
age 2017 2018
  0          
  1          
  2          
  3          
  4          
  5          
  6          
  7          
  8          

, , unit = C

   year
age               2013               2014               2015
  0 0.0269007799061755 0.0498119681264688 0.0583205943585794
  1 0.0494645019001947 0.0329817797098534 0.0324161021402496
  2 0.0867174627218572 0.0822822392146296 0.0721217222928278
  3  0.142887167305453  0.144106884682697  0.100731169384133
  4  0.217708122699985   0.23952439722297  0.203010008134589
  5  0.295880388272474  0.320203035004315  0.344831288637955
  6  0.344969248743592  0.347844408917087  0.490882739237474
  7  0.437066465712475  0.454262524620047  0.668780081567763
  8  0.437066465712475  0.454262524620047  0.668780081567763
   year
age                 2016 2017 2018
  0 0.000254102852168599          
  1  0.00487958529591865          
  2   0.0119399321599641          
  3  0.00329127084213483          
  4  0.00109377791403223          
  5  0.00429737364439904          
  6    0.001465507333375          
  7  0.00346829538843613          
  8 0.000928231763719762          

, , unit = D

   year
age               2013               2014               2015
  0 0.0269007799061755 0.0498119681264688 0.0583205943585794
  1 0.0494645019001947 0.0329817797098534 0.0324161021402496
  2 0.0867174627218572 0.0822822392146296 0.0721217222928278
  3  0.142887167305453  0.144106884682697  0.100731169384133
  4  0.217708122699985   0.23952439722297  0.203010008134589
  5  0.295880388272474  0.320203035004315  0.344831288637955
  6  0.344969248743592  0.347844408917087  0.490882739237474
  7  0.437066465712475  0.454262524620047  0.668780081567763
  8  0.437066465712475  0.454262524620047  0.668780081567763
   year
age                  2016 2017 2018
  0   0.00642520641467693          
  1    0.0201642676138303          
  2   0.00529353899072648          
  3 0.0000840504755489708          
  4                     0          
  5                     0          
  6                     0          
  7                     0          
  8                     0          



TABLE 2.7.5 NORTH SEA HERRING. NATURAL MORTALITY

Units  :  NA 
, , unit = A

   year
age      2013      2014      2015      2016      2017      2018
  0 0.8137161 0.8172596 0.8164639 0.8160831 0.8160831 0.8160831
  1 0.5745417 0.5993861 0.5933003 0.5907685 0.5907685 0.5907685
  2 0.3363089 0.3638303 0.3578530 0.3550807 0.3550807 0.3550807
  3 0.3142024 0.3331844 0.3291830 0.3272747 0.3272747 0.3272747
  4 0.2987052 0.3137208 0.3108021 0.3092961 0.3092961 0.3092961
  5 0.2888504 0.3030087 0.3003801 0.2989627 0.2989627 0.2989627
  6 0.2790475 0.2909866 0.2887470 0.2875487 0.2875487 0.2875487
  7 0.2577845 0.2714712 0.2689877 0.2676174 0.2676174 0.2676174
  8 0.2577845 0.2714712 0.2689877 0.2676174 0.2676174 0.2676174

, , unit = B

   year
age      2013      2014      2015      2016      2017      2018
  0 0.8137161 0.8172596 0.8164639 0.8160831 0.8160831 0.8160831
  1 0.5745417 0.5993861 0.5933003 0.5907685 0.5907685 0.5907685
  2 0.3363089 0.3638303 0.3578530 0.3550807 0.3550807 0.3550807
  3 0.3142024 0.3331844 0.3291830 0.3272747 0.3272747 0.3272747
  4 0.2987052 0.3137208 0.3108021 0.3092961 0.3092961 0.3092961
  5 0.2888504 0.3030087 0.3003801 0.2989627 0.2989627 0.2989627
  6 0.2790475 0.2909866 0.2887470 0.2875487 0.2875487 0.2875487
  7 0.2577845 0.2714712 0.2689877 0.2676174 0.2676174 0.2676174
  8 0.2577845 0.2714712 0.2689877 0.2676174 0.2676174 0.2676174

, , unit = C

   year
age      2013      2014      2015      2016      2017      2018
  0 0.8137161 0.8172596 0.8164639 0.8160831 0.8160831 0.8160831
  1 0.5745417 0.5993861 0.5933003 0.5907685 0.5907685 0.5907685
  2 0.3363089 0.3638303 0.3578530 0.3550807 0.3550807 0.3550807
  3 0.3142024 0.3331844 0.3291830 0.3272747 0.3272747 0.3272747
  4 0.2987052 0.3137208 0.3108021 0.3092961 0.3092961 0.3092961
  5 0.2888504 0.3030087 0.3003801 0.2989627 0.2989627 0.2989627
  6 0.2790475 0.2909866 0.2887470 0.2875487 0.2875487 0.2875487
  7 0.2577845 0.2714712 0.2689877 0.2676174 0.2676174 0.2676174
  8 0.2577845 0.2714712 0.2689877 0.2676174 0.2676174 0.2676174

, , unit = D

   year
age      2013      2014      2015      2016      2017      2018
  0 0.8137161 0.8172596 0.8164639 0.8160831 0.8160831 0.8160831
  1 0.5745417 0.5993861 0.5933003 0.5907685 0.5907685 0.5907685
  2 0.3363089 0.3638303 0.3578530 0.3550807 0.3550807 0.3550807
  3 0.3142024 0.3331844 0.3291830 0.3272747 0.3272747 0.3272747
  4 0.2987052 0.3137208 0.3108021 0.3092961 0.3092961 0.3092961
  5 0.2888504 0.3030087 0.3003801 0.2989627 0.2989627 0.2989627
  6 0.2790475 0.2909866 0.2887470 0.2875487 0.2875487 0.2875487
  7 0.2577845 0.2714712 0.2689877 0.2676174 0.2676174 0.2676174
  8 0.2577845 0.2714712 0.2689877 0.2676174 0.2676174 0.2676174



TABLE 2.7.6 NORTH SEA HERRING. PROPORTION MATURE

Units  :  NA 
, , unit = A

   year
age 2013 2014 2015      2016      2017      2018
  0 0.00 0.00 0.00 0.0000000 0.0000000 0.0000000
  1 0.00 0.00 0.00 0.0000000 0.0000000 0.0000000
  2 0.83 0.85 0.70 0.7933333 0.7933333 0.7933333
  3 0.96 1.00 0.90 0.9533333 0.9533333 0.9533333
  4 0.98 1.00 0.96 0.9800000 0.9800000 0.9800000
  5 1.00 1.00 1.00 1.0000000 1.0000000 1.0000000
  6 1.00 1.00 1.00 1.0000000 1.0000000 1.0000000
  7 1.00 1.00 1.00 1.0000000 1.0000000 1.0000000
  8 1.00 1.00 1.00 1.0000000 1.0000000 1.0000000

, , unit = B

   year
age 2013 2014 2015      2016      2017      2018
  0 0.00 0.00 0.00 0.0000000 0.0000000 0.0000000
  1 0.00 0.00 0.00 0.0000000 0.0000000 0.0000000
  2 0.83 0.85 0.70 0.7933333 0.7933333 0.7933333
  3 0.96 1.00 0.90 0.9533333 0.9533333 0.9533333
  4 0.98 1.00 0.96 0.9800000 0.9800000 0.9800000
  5 1.00 1.00 1.00 1.0000000 1.0000000 1.0000000
  6 1.00 1.00 1.00 1.0000000 1.0000000 1.0000000
  7 1.00 1.00 1.00 1.0000000 1.0000000 1.0000000
  8 1.00 1.00 1.00 1.0000000 1.0000000 1.0000000

, , unit = C

   year
age 2013 2014 2015      2016      2017      2018
  0 0.00 0.00 0.00 0.0000000 0.0000000 0.0000000
  1 0.00 0.00 0.00 0.0000000 0.0000000 0.0000000
  2 0.83 0.85 0.70 0.7933333 0.7933333 0.7933333
  3 0.96 1.00 0.90 0.9533333 0.9533333 0.9533333
  4 0.98 1.00 0.96 0.9800000 0.9800000 0.9800000
  5 1.00 1.00 1.00 1.0000000 1.0000000 1.0000000
  6 1.00 1.00 1.00 1.0000000 1.0000000 1.0000000
  7 1.00 1.00 1.00 1.0000000 1.0000000 1.0000000
  8 1.00 1.00 1.00 1.0000000 1.0000000 1.0000000

, , unit = D

   year
age 2013 2014 2015      2016      2017      2018
  0 0.00 0.00 0.00 0.0000000 0.0000000 0.0000000
  1 0.00 0.00 0.00 0.0000000 0.0000000 0.0000000
  2 0.83 0.85 0.70 0.7933333 0.7933333 0.7933333
  3 0.96 1.00 0.90 0.9533333 0.9533333 0.9533333
  4 0.98 1.00 0.96 0.9800000 0.9800000 0.9800000
  5 1.00 1.00 1.00 1.0000000 1.0000000 1.0000000
  6 1.00 1.00 1.00 1.0000000 1.0000000 1.0000000
  7 1.00 1.00 1.00 1.0000000 1.0000000 1.0000000
  8 1.00 1.00 1.00 1.0000000 1.0000000 1.0000000



TABLE 2.7.7 NORTH SEA HERRING. FRACTION OF HARVEST BEFORE SPAWNING

Units  :  NA 
, , unit = A

   year
age 2013 2014 2015 2016 2017 2018
  0 0.67 0.67 0.67 0.67 0.67 0.67
  1 0.67 0.67 0.67 0.67 0.67 0.67
  2 0.67 0.67 0.67 0.67 0.67 0.67
  3 0.67 0.67 0.67 0.67 0.67 0.67
  4 0.67 0.67 0.67 0.67 0.67 0.67
  5 0.67 0.67 0.67 0.67 0.67 0.67
  6 0.67 0.67 0.67 0.67 0.67 0.67
  7 0.67 0.67 0.67 0.67 0.67 0.67
  8 0.67 0.67 0.67 0.67 0.67 0.67

, , unit = B

   year
age 2013 2014 2015 2016 2017 2018
  0 0.67 0.67 0.67 0.67 0.67 0.67
  1 0.67 0.67 0.67 0.67 0.67 0.67
  2 0.67 0.67 0.67 0.67 0.67 0.67
  3 0.67 0.67 0.67 0.67 0.67 0.67
  4 0.67 0.67 0.67 0.67 0.67 0.67
  5 0.67 0.67 0.67 0.67 0.67 0.67
  6 0.67 0.67 0.67 0.67 0.67 0.67
  7 0.67 0.67 0.67 0.67 0.67 0.67
  8 0.67 0.67 0.67 0.67 0.67 0.67

, , unit = C

   year
age 2013 2014 2015 2016 2017 2018
  0 0.67 0.67 0.67 0.67 0.67 0.67
  1 0.67 0.67 0.67 0.67 0.67 0.67
  2 0.67 0.67 0.67 0.67 0.67 0.67
  3 0.67 0.67 0.67 0.67 0.67 0.67
  4 0.67 0.67 0.67 0.67 0.67 0.67
  5 0.67 0.67 0.67 0.67 0.67 0.67
  6 0.67 0.67 0.67 0.67 0.67 0.67
  7 0.67 0.67 0.67 0.67 0.67 0.67
  8 0.67 0.67 0.67 0.67 0.67 0.67

, , unit = D

   year
age 2013 2014 2015 2016 2017 2018
  0 0.67 0.67 0.67 0.67 0.67 0.67
  1 0.67 0.67 0.67 0.67 0.67 0.67
  2 0.67 0.67 0.67 0.67 0.67 0.67
  3 0.67 0.67 0.67 0.67 0.67 0.67
  4 0.67 0.67 0.67 0.67 0.67 0.67
  5 0.67 0.67 0.67 0.67 0.67 0.67
  6 0.67 0.67 0.67 0.67 0.67 0.67
  7 0.67 0.67 0.67 0.67 0.67 0.67
  8 0.67 0.67 0.67 0.67 0.67 0.67



TABLE 2.7.8 NORTH SEA HERRING. FRACTION OF NATURAL MORTALITY BEFORE SPAWNING

Units  :  NA 
, , unit = A

   year
age 2013 2014 2015 2016 2017 2018
  0 0.67 0.67 0.67 0.67 0.67 0.67
  1 0.67 0.67 0.67 0.67 0.67 0.67
  2 0.67 0.67 0.67 0.67 0.67 0.67
  3 0.67 0.67 0.67 0.67 0.67 0.67
  4 0.67 0.67 0.67 0.67 0.67 0.67
  5 0.67 0.67 0.67 0.67 0.67 0.67
  6 0.67 0.67 0.67 0.67 0.67 0.67
  7 0.67 0.67 0.67 0.67 0.67 0.67
  8 0.67 0.67 0.67 0.67 0.67 0.67

, , unit = B

   year
age 2013 2014 2015 2016 2017 2018
  0 0.67 0.67 0.67 0.67 0.67 0.67
  1 0.67 0.67 0.67 0.67 0.67 0.67
  2 0.67 0.67 0.67 0.67 0.67 0.67
  3 0.67 0.67 0.67 0.67 0.67 0.67
  4 0.67 0.67 0.67 0.67 0.67 0.67
  5 0.67 0.67 0.67 0.67 0.67 0.67
  6 0.67 0.67 0.67 0.67 0.67 0.67
  7 0.67 0.67 0.67 0.67 0.67 0.67
  8 0.67 0.67 0.67 0.67 0.67 0.67

, , unit = C

   year
age 2013 2014 2015 2016 2017 2018
  0 0.67 0.67 0.67 0.67 0.67 0.67
  1 0.67 0.67 0.67 0.67 0.67 0.67
  2 0.67 0.67 0.67 0.67 0.67 0.67
  3 0.67 0.67 0.67 0.67 0.67 0.67
  4 0.67 0.67 0.67 0.67 0.67 0.67
  5 0.67 0.67 0.67 0.67 0.67 0.67
  6 0.67 0.67 0.67 0.67 0.67 0.67
  7 0.67 0.67 0.67 0.67 0.67 0.67
  8 0.67 0.67 0.67 0.67 0.67 0.67

, , unit = D

   year
age 2013 2014 2015 2016 2017 2018
  0 0.67 0.67 0.67 0.67 0.67 0.67
  1 0.67 0.67 0.67 0.67 0.67 0.67
  2 0.67 0.67 0.67 0.67 0.67 0.67
  3 0.67 0.67 0.67 0.67 0.67 0.67
  4 0.67 0.67 0.67 0.67 0.67 0.67
  5 0.67 0.67 0.67 0.67 0.67 0.67
  6 0.67 0.67 0.67 0.67 0.67 0.67
  7 0.67 0.67 0.67 0.67 0.67 0.67
  8 0.67 0.67 0.67 0.67 0.67 0.67




TABLE 2.7.9 NORTH SEA HERRING. Recruitment in 2017

23644739


TABLE 2.7.10 NORTH SEA HERRING. Recruitment in 2018

23644739


TABLE 2.7.11 NORTH SEA HERRING. FLR, R SOFTWARE VERSIONS

R version 2.14.2 (2012-02-29)

Package  : FLSAM
Version  : 0.99-99
Packaged : 
Built    : R 2.13.2; ; 2013-03-17 22:10:20 UTC; windows

Package  : FLAssess
Version  : 1.99-102
Packaged : Mon Mar 23 08:18:19 2009; mpa
Built    : R 2.8.0; i386-pc-mingw32; 2009-03-23 08:18:21; windows

Package  : FLCore
Version  : 2.4
Packaged : 
Built    : R 2.14.0; i386-pc-mingw32; 2012-02-10 08:15:33 UTC; windows


