TABLE 3.7.1 NSH HERRING. WEIGHTS AT AGE IN THE CATCH

Units  :  kg 
, , unit = A

   year
age       2007       2008       2009       2010       2011       2012
  0 0.01152138 0.01152138 0.01152138 0.01152138 0.01152138 0.01152138
  1 0.07879672 0.07879672 0.07879672 0.07879672 0.07879672 0.07879672
  2 0.14580705 0.14580705 0.14580705 0.14580705 0.14580705 0.14580705
  3 0.17107554 0.17107554 0.17107554 0.17107554 0.17107554 0.17107554
  4 0.18676667 0.18676667 0.18676667 0.18676667 0.18676667 0.18676667
  5 0.19763333 0.19763333 0.19763333 0.19763333 0.19763333 0.19763333
  6 0.21491004 0.21491004 0.21491004 0.21491004 0.21491004 0.21491004
  7 0.22763333 0.22763333 0.22763333 0.22763333 0.22763333 0.22763333
  8 0.24640000 0.24640000 0.24640000 0.24640000 0.24640000 0.24640000
  9 0.26603333 0.26603333 0.26603333 0.26603333 0.26603333 0.26603333

, , unit = B

   year
age        2007        2008        2009        2010        2011        2012
  0 0.008804865 0.008804865 0.008804865 0.008804865 0.008804865 0.008804865
  1 0.040531107 0.040531107 0.040531107 0.040531107 0.040531107 0.040531107
  2 0.028570083 0.028570083 0.028570083 0.028570083 0.028570083 0.028570083
  3 0.049733333 0.049733333 0.049733333 0.049733333 0.049733333 0.049733333
  4 0.000000000 0.000000000 0.000000000 0.000000000 0.000000000 0.000000000
  5 0.000000000 0.000000000 0.000000000 0.000000000 0.000000000 0.000000000
  6 0.104000000 0.104000000 0.104000000 0.104000000 0.104000000 0.104000000
  7 0.000000000 0.000000000 0.000000000 0.000000000 0.000000000 0.000000000
  8 0.000000000 0.000000000 0.000000000 0.000000000 0.000000000 0.000000000
  9 0.000000000 0.000000000 0.000000000 0.000000000 0.000000000 0.000000000

, , unit = C

   year
age       2007       2008       2009       2010       2011       2012
  0 0.03406046 0.03406046 0.03406046 0.03406046 0.03406046 0.03406046
  1 0.07591265 0.07591265 0.07591265 0.07591265 0.07591265 0.07591265
  2 0.08795673 0.08795673 0.08795673 0.08795673 0.08795673 0.08795673
  3 0.10020704 0.10020704 0.10020704 0.10020704 0.10020704 0.10020704
  4 0.15616340 0.15616340 0.15616340 0.15616340 0.15616340 0.15616340
  5 0.10656046 0.10656046 0.10656046 0.10656046 0.10656046 0.10656046
  6 0.11818727 0.11818727 0.11818727 0.11818727 0.11818727 0.11818727
  7 0.12597492 0.12597492 0.12597492 0.12597492 0.12597492 0.12597492
  8 0.20374032 0.20374032 0.20374032 0.20374032 0.20374032 0.20374032
  9 0.00000000 0.00000000 0.00000000 0.00000000 0.00000000 0.00000000

, , unit = D

   year
age       2007       2008       2009       2010       2011       2012
  0 0.01514308 0.01514308 0.01514308 0.01514308 0.01514308 0.01514308
  1 0.02438693 0.02438693 0.02438693 0.02438693 0.02438693 0.02438693
  2 0.07739506 0.07739506 0.07739506 0.07739506 0.07739506 0.07739506
  3 0.09832758 0.09832758 0.09832758 0.09832758 0.09832758 0.09832758
  4 0.15008163 0.15008163 0.15008163 0.15008163 0.15008163 0.15008163
  5 0.11052221 0.11052221 0.11052221 0.11052221 0.11052221 0.11052221
  6 0.11736989 0.11736989 0.11736989 0.11736989 0.11736989 0.11736989
  7 0.11644276 0.11644276 0.11644276 0.11644276 0.11644276 0.11644276
  8 0.21250198 0.21250198 0.21250198 0.21250198 0.21250198 0.21250198
  9 0.00000000 0.00000000 0.00000000 0.00000000 0.00000000 0.00000000



TABLE 3.7.2 NSH HERRING. WEIGHTS AT AGE IN THE STOCK

Units  :  kg 
, , unit = A

   year
age  2007  2008  2009  2010  2011  2012
  0 0.007 0.007 0.007 0.007 0.007 0.007
  1 0.061 0.061 0.061 0.061 0.061 0.061
  2 0.137 0.137 0.137 0.137 0.137 0.137
  3 0.181 0.181 0.181 0.181 0.181 0.181
  4 0.197 0.197 0.197 0.197 0.197 0.197
  5 0.210 0.210 0.210 0.210 0.210 0.210
  6 0.223 0.223 0.223 0.223 0.223 0.223
  7 0.234 0.234 0.234 0.234 0.234 0.234
  8 0.255 0.255 0.255 0.255 0.255 0.255
  9 0.259 0.259 0.259 0.259 0.259 0.259

, , unit = B

   year
age  2007  2008  2009  2010  2011  2012
  0 0.007 0.007 0.007 0.007 0.007 0.007
  1 0.061 0.061 0.061 0.061 0.061 0.061
  2 0.137 0.137 0.137 0.137 0.137 0.137
  3 0.181 0.181 0.181 0.181 0.181 0.181
  4 0.197 0.197 0.197 0.197 0.197 0.197
  5 0.210 0.210 0.210 0.210 0.210 0.210
  6 0.223 0.223 0.223 0.223 0.223 0.223
  7 0.234 0.234 0.234 0.234 0.234 0.234
  8 0.255 0.255 0.255 0.255 0.255 0.255
  9 0.259 0.259 0.259 0.259 0.259 0.259

, , unit = C

   year
age  2007  2008  2009  2010  2011  2012
  0 0.007 0.007 0.007 0.007 0.007 0.007
  1 0.061 0.061 0.061 0.061 0.061 0.061
  2 0.137 0.137 0.137 0.137 0.137 0.137
  3 0.181 0.181 0.181 0.181 0.181 0.181
  4 0.197 0.197 0.197 0.197 0.197 0.197
  5 0.210 0.210 0.210 0.210 0.210 0.210
  6 0.223 0.223 0.223 0.223 0.223 0.223
  7 0.234 0.234 0.234 0.234 0.234 0.234
  8 0.255 0.255 0.255 0.255 0.255 0.255
  9 0.259 0.259 0.259 0.259 0.259 0.259

, , unit = D

   year
age  2007  2008  2009  2010  2011  2012
  0 0.007 0.007 0.007 0.007 0.007 0.007
  1 0.061 0.061 0.061 0.061 0.061 0.061
  2 0.137 0.137 0.137 0.137 0.137 0.137
  3 0.181 0.181 0.181 0.181 0.181 0.181
  4 0.197 0.197 0.197 0.197 0.197 0.197
  5 0.210 0.210 0.210 0.210 0.210 0.210
  6 0.223 0.223 0.223 0.223 0.223 0.223
  7 0.234 0.234 0.234 0.234 0.234 0.234
  8 0.255 0.255 0.255 0.255 0.255 0.255
  9 0.259 0.259 0.259 0.259 0.259 0.259



TABLE 3.7.3 NSH HERRING. STOCK IN NUMBER

Units  :  NA 
, , unit = A

   year
age             2007             2008             2009             2010 2011
  0 29750665.7759480 29750665.7759480 29750665.7759480 26718800.7702153     
  1 5736545.83742553 5736545.83742553 5736545.83742553 10667514.0976044     
  2 3620605.24885336 3620605.24885336 3620605.24885336 2051030.11133305     
  3 1786011.49476153 1786011.49476153 1786011.49476153 2508130.50174983     
  4 801407.638239621 801407.638239621 801407.638239621 1338070.68818545     
  5 777098.731002684 777098.731002684 777098.731002684 637943.135251247     
  6 390190.555837565 390190.555837565 390190.555837565 611829.773870712     
  7 413449.265405999 413449.265405999 413449.265405999  308716.56545844     
  8 831281.826170202 831281.826170202 831281.826170202 328280.067557337     
  9 285768.574946912 285768.574946912 285768.574946912 889203.697493638     
   year
age 2012
  0     
  1     
  2     
  3     
  4     
  5     
  6     
  7     
  8     
  9     

, , unit = B

   year
age             2007             2008             2009             2010 2011
  0 29750665.7759480 29750665.7759480 29750665.7759480 26718800.7702153     
  1 5736545.83742553 5736545.83742553 5736545.83742553 10667514.0976044     
  2 3620605.24885336 3620605.24885336 3620605.24885336 2051030.11133305     
  3 1786011.49476153 1786011.49476153 1786011.49476153 2508130.50174983     
  4 801407.638239621 801407.638239621 801407.638239621 1338070.68818545     
  5 777098.731002684 777098.731002684 777098.731002684 637943.135251247     
  6 390190.555837565 390190.555837565 390190.555837565 611829.773870712     
  7 413449.265405999 413449.265405999 413449.265405999  308716.56545844     
  8 831281.826170202 831281.826170202 831281.826170202 328280.067557337     
  9 285768.574946912 285768.574946912 285768.574946912 889203.697493638     
   year
age 2012
  0     
  1     
  2     
  3     
  4     
  5     
  6     
  7     
  8     
  9     

, , unit = C

   year
age             2007             2008             2009             2010 2011
  0 29750665.7759480 29750665.7759480 29750665.7759480 26718800.7702153     
  1 5736545.83742553 5736545.83742553 5736545.83742553 10667514.0976044     
  2 3620605.24885336 3620605.24885336 3620605.24885336 2051030.11133305     
  3 1786011.49476153 1786011.49476153 1786011.49476153 2508130.50174983     
  4 801407.638239621 801407.638239621 801407.638239621 1338070.68818545     
  5 777098.731002684 777098.731002684 777098.731002684 637943.135251247     
  6 390190.555837565 390190.555837565 390190.555837565 611829.773870712     
  7 413449.265405999 413449.265405999 413449.265405999  308716.56545844     
  8 831281.826170202 831281.826170202 831281.826170202 328280.067557337     
  9 285768.574946912 285768.574946912 285768.574946912 889203.697493638     
   year
age 2012
  0     
  1     
  2     
  3     
  4     
  5     
  6     
  7     
  8     
  9     

, , unit = D

   year
age             2007             2008             2009             2010 2011
  0 29750665.7759480 29750665.7759480 29750665.7759480 26718800.7702153     
  1 5736545.83742553 5736545.83742553 5736545.83742553 10667514.0976044     
  2 3620605.24885336 3620605.24885336 3620605.24885336 2051030.11133305     
  3 1786011.49476153 1786011.49476153 1786011.49476153 2508130.50174983     
  4 801407.638239621 801407.638239621 801407.638239621 1338070.68818545     
  5 777098.731002684 777098.731002684 777098.731002684 637943.135251247     
  6 390190.555837565 390190.555837565 390190.555837565 611829.773870712     
  7 413449.265405999 413449.265405999 413449.265405999  308716.56545844     
  8 831281.826170202 831281.826170202 831281.826170202 328280.067557337     
  9 285768.574946912 285768.574946912 285768.574946912 889203.697493638     
   year
age 2012
  0     
  1     
  2     
  3     
  4     
  5     
  6     
  7     
  8     
  9     



TABLE 3.7.4 NSH HERRING. FISHING MORTALITY AT AGE IN THE STOCK

Units  :  f 
, , unit = A

   year
age                2007                2008                2009
  0 0.00156070868083701 0.00156070868083701 0.00156070868083701
  1 0.00338698162266224 0.00338698162266224 0.00338698162266224
  2  0.0620318086713087  0.0620318086713087  0.0620318086713087
  3  0.0881207102541039  0.0881207102541039  0.0881207102541039
  4   0.127826965443445   0.127826965443445   0.127826965443445
  5   0.139113312670730   0.139113312670730   0.139113312670730
  6   0.133531163721803   0.133531163721803   0.133531163721803
  7   0.130667702871240   0.130667702871240   0.130667702871240
  8   0.128003390715097   0.128003390715097   0.128003390715097
  9   0.128120579604428   0.128120579604428   0.128120579604428
   year
age                2010 2011 2012
  0 0.00167089470581655          
  1 0.00362610250810498          
  2   0.066411254050005          
  3  0.0943420319526968          
  4   0.136851548557737          
  5   0.148934711842229          
  6   0.142958463205719          
  7   0.139892842033578          
  8   0.137040429452675          
  9   0.137165891877001          

, , unit = B

   year
age                 2007                 2008                 2009
  0   0.0194811225126470   0.0194811225126470   0.0194811225126470
  1   0.0125628994748669   0.0125628994748669   0.0125628994748669
  2  0.00326001816487143  0.00326001816487143  0.00326001816487143
  3 0.000348704273353532 0.000348704273353532 0.000348704273353532
  4                    0                    0                    0
  5                    0                    0                    0
  6 0.000680468719928342 0.000680468719928342 0.000680468719928342
  7                    0                    0                    0
  8                    0                    0                    0
  9                    0                    0                    0
   year
age                 2010 2011 2012
  0   0.0407879555150794          
  1   0.0263031549947201          
  2  0.00682555513938192          
  3 0.000730088031643376          
  4                    0          
  5                    0          
  6  0.00142470886160805          
  7                    0          
  8                    0          
  9                    0          

, , unit = C

   year
age                 2007                 2008                 2009
  0 3.81742341369332e-05 3.81742341369332e-05 3.81742341369332e-05
  1  0.00804133193045392  0.00804133193045392  0.00804133193045392
  2  0.00165724202904424  0.00165724202904424  0.00165724202904424
  3 0.000280431647202209 0.000280431647202209 0.000280431647202209
  4 0.000287916774285392 0.000287916774285392 0.000287916774285392
  5                    0                    0                    0
  6                    0                    0                    0
  7                    0                    0                    0
  8 0.000117074670141016 0.000117074670141016 0.000117074670141016
  9                    0                    0                    0
   year
age                 2010 2011 2012
  0 3.63825792911134e-05          
  1  0.00766392314555563          
  2  0.00157946166804518          
  3 0.000267269975960062          
  4 0.000274403798963062          
  5                    0          
  6                    0          
  7                    0          
  8 0.000111579932530080          
  9                    0          

, , unit = D

   year
age                 2007                 2008                 2009
  0  0.00456844771075710  0.00456844771075710  0.00456844771075710
  1  0.00452388540759208  0.00452388540759208  0.00452388540759208
  2 0.000154483205169990 0.000154483205169990 0.000154483205169990
  3 6.28075533291741e-06 6.28075533291741e-06 6.28075533291741e-06
  4 5.69738669777811e-06 5.69738669777811e-06 5.69738669777811e-06
  5                    0                    0                    0
  6                    0                    0                    0
  7                    0                    0                    0
  8 1.14219190381479e-07 1.14219190381479e-07 1.14219190381479e-07
  9                    0                    0                    0
   year
age                 2010 2011 2012
  0  0.00231469852043537          
  1  0.00229212010786858          
  2 7.82721110273642e-05          
  3 3.18227459232781e-06          
  4  2.8866988077028e-06          
  5                    0          
  6                    0          
  7                    0          
  8 5.78715151666955e-08          
  9                    0          



TABLE 3.7.5 NSH HERRING. NATURAL MORTALITY

Units  :  NA 
, , unit = A

   year
age 2007 2008 2009 2010 2011 2012
  0  1.0  1.0  1.0  1.0  1.0  1.0
  1  1.0  1.0  1.0  1.0  1.0  1.0
  2  0.3  0.3  0.3  0.3  0.3  0.3
  3  0.2  0.2  0.2  0.2  0.2  0.2
  4  0.1  0.1  0.1  0.1  0.1  0.1
  5  0.1  0.1  0.1  0.1  0.1  0.1
  6  0.1  0.1  0.1  0.1  0.1  0.1
  7  0.1  0.1  0.1  0.1  0.1  0.1
  8  0.1  0.1  0.1  0.1  0.1  0.1
  9  0.1  0.1  0.1  0.1  0.1  0.1

, , unit = B

   year
age 2007 2008 2009 2010 2011 2012
  0  1.0  1.0  1.0  1.0  1.0  1.0
  1  1.0  1.0  1.0  1.0  1.0  1.0
  2  0.3  0.3  0.3  0.3  0.3  0.3
  3  0.2  0.2  0.2  0.2  0.2  0.2
  4  0.1  0.1  0.1  0.1  0.1  0.1
  5  0.1  0.1  0.1  0.1  0.1  0.1
  6  0.1  0.1  0.1  0.1  0.1  0.1
  7  0.1  0.1  0.1  0.1  0.1  0.1
  8  0.1  0.1  0.1  0.1  0.1  0.1
  9  0.1  0.1  0.1  0.1  0.1  0.1

, , unit = C

   year
age 2007 2008 2009 2010 2011 2012
  0  1.0  1.0  1.0  1.0  1.0  1.0
  1  1.0  1.0  1.0  1.0  1.0  1.0
  2  0.3  0.3  0.3  0.3  0.3  0.3
  3  0.2  0.2  0.2  0.2  0.2  0.2
  4  0.1  0.1  0.1  0.1  0.1  0.1
  5  0.1  0.1  0.1  0.1  0.1  0.1
  6  0.1  0.1  0.1  0.1  0.1  0.1
  7  0.1  0.1  0.1  0.1  0.1  0.1
  8  0.1  0.1  0.1  0.1  0.1  0.1
  9  0.1  0.1  0.1  0.1  0.1  0.1

, , unit = D

   year
age 2007 2008 2009 2010 2011 2012
  0  1.0  1.0  1.0  1.0  1.0  1.0
  1  1.0  1.0  1.0  1.0  1.0  1.0
  2  0.3  0.3  0.3  0.3  0.3  0.3
  3  0.2  0.2  0.2  0.2  0.2  0.2
  4  0.1  0.1  0.1  0.1  0.1  0.1
  5  0.1  0.1  0.1  0.1  0.1  0.1
  6  0.1  0.1  0.1  0.1  0.1  0.1
  7  0.1  0.1  0.1  0.1  0.1  0.1
  8  0.1  0.1  0.1  0.1  0.1  0.1
  9  0.1  0.1  0.1  0.1  0.1  0.1



TABLE 3.7.6 NSH HERRING. PROPORTION MATURE

Units  :  NA 
, , unit = A

   year
age      2007      2008      2009      2010      2011      2012
  0 0.0000000 0.0000000 0.0000000 0.0000000 0.0000000 0.0000000
  1 0.0000000 0.0000000 0.0000000 0.0000000 0.0000000 0.0000000
  2 0.8200000 0.8200000 0.8200000 0.8200000 0.8200000 0.8200000
  3 0.9666667 0.9666667 0.9666667 0.9666667 0.9666667 0.9666667
  4 0.9733333 0.9733333 0.9733333 0.9733333 0.9733333 0.9733333
  5 1.0000000 1.0000000 1.0000000 1.0000000 1.0000000 1.0000000
  6 1.0000000 1.0000000 1.0000000 1.0000000 1.0000000 1.0000000
  7 1.0000000 1.0000000 1.0000000 1.0000000 1.0000000 1.0000000
  8 1.0000000 1.0000000 1.0000000 1.0000000 1.0000000 1.0000000
  9 1.0000000 1.0000000 1.0000000 1.0000000 1.0000000 1.0000000

, , unit = B

   year
age      2007      2008      2009      2010      2011      2012
  0 0.0000000 0.0000000 0.0000000 0.0000000 0.0000000 0.0000000
  1 0.0000000 0.0000000 0.0000000 0.0000000 0.0000000 0.0000000
  2 0.8200000 0.8200000 0.8200000 0.8200000 0.8200000 0.8200000
  3 0.9666667 0.9666667 0.9666667 0.9666667 0.9666667 0.9666667
  4 0.9733333 0.9733333 0.9733333 0.9733333 0.9733333 0.9733333
  5 1.0000000 1.0000000 1.0000000 1.0000000 1.0000000 1.0000000
  6 1.0000000 1.0000000 1.0000000 1.0000000 1.0000000 1.0000000
  7 1.0000000 1.0000000 1.0000000 1.0000000 1.0000000 1.0000000
  8 1.0000000 1.0000000 1.0000000 1.0000000 1.0000000 1.0000000
  9 1.0000000 1.0000000 1.0000000 1.0000000 1.0000000 1.0000000

, , unit = C

   year
age      2007      2008      2009      2010      2011      2012
  0 0.0000000 0.0000000 0.0000000 0.0000000 0.0000000 0.0000000
  1 0.0000000 0.0000000 0.0000000 0.0000000 0.0000000 0.0000000
  2 0.8200000 0.8200000 0.8200000 0.8200000 0.8200000 0.8200000
  3 0.9666667 0.9666667 0.9666667 0.9666667 0.9666667 0.9666667
  4 0.9733333 0.9733333 0.9733333 0.9733333 0.9733333 0.9733333
  5 1.0000000 1.0000000 1.0000000 1.0000000 1.0000000 1.0000000
  6 1.0000000 1.0000000 1.0000000 1.0000000 1.0000000 1.0000000
  7 1.0000000 1.0000000 1.0000000 1.0000000 1.0000000 1.0000000
  8 1.0000000 1.0000000 1.0000000 1.0000000 1.0000000 1.0000000
  9 1.0000000 1.0000000 1.0000000 1.0000000 1.0000000 1.0000000

, , unit = D

   year
age      2007      2008      2009      2010      2011      2012
  0 0.0000000 0.0000000 0.0000000 0.0000000 0.0000000 0.0000000
  1 0.0000000 0.0000000 0.0000000 0.0000000 0.0000000 0.0000000
  2 0.8200000 0.8200000 0.8200000 0.8200000 0.8200000 0.8200000
  3 0.9666667 0.9666667 0.9666667 0.9666667 0.9666667 0.9666667
  4 0.9733333 0.9733333 0.9733333 0.9733333 0.9733333 0.9733333
  5 1.0000000 1.0000000 1.0000000 1.0000000 1.0000000 1.0000000
  6 1.0000000 1.0000000 1.0000000 1.0000000 1.0000000 1.0000000
  7 1.0000000 1.0000000 1.0000000 1.0000000 1.0000000 1.0000000
  8 1.0000000 1.0000000 1.0000000 1.0000000 1.0000000 1.0000000
  9 1.0000000 1.0000000 1.0000000 1.0000000 1.0000000 1.0000000



TABLE 3.7.7 NSH HERRING. FRACTION OF HARVEST BEFORE SPAWNING

Units  :  NA 
, , unit = A

   year
age 2007 2008 2009 2010 2011 2012
  0 0.67 0.67 0.67 0.67 0.67 0.67
  1 0.67 0.67 0.67 0.67 0.67 0.67
  2 0.67 0.67 0.67 0.67 0.67 0.67
  3 0.67 0.67 0.67 0.67 0.67 0.67
  4 0.67 0.67 0.67 0.67 0.67 0.67
  5 0.67 0.67 0.67 0.67 0.67 0.67
  6 0.67 0.67 0.67 0.67 0.67 0.67
  7 0.67 0.67 0.67 0.67 0.67 0.67
  8 0.67 0.67 0.67 0.67 0.67 0.67
  9 0.67 0.67 0.67 0.67 0.67 0.67

, , unit = B

   year
age 2007 2008 2009 2010 2011 2012
  0 0.67 0.67 0.67 0.67 0.67 0.67
  1 0.67 0.67 0.67 0.67 0.67 0.67
  2 0.67 0.67 0.67 0.67 0.67 0.67
  3 0.67 0.67 0.67 0.67 0.67 0.67
  4 0.67 0.67 0.67 0.67 0.67 0.67
  5 0.67 0.67 0.67 0.67 0.67 0.67
  6 0.67 0.67 0.67 0.67 0.67 0.67
  7 0.67 0.67 0.67 0.67 0.67 0.67
  8 0.67 0.67 0.67 0.67 0.67 0.67
  9 0.67 0.67 0.67 0.67 0.67 0.67

, , unit = C

   year
age 2007 2008 2009 2010 2011 2012
  0 0.67 0.67 0.67 0.67 0.67 0.67
  1 0.67 0.67 0.67 0.67 0.67 0.67
  2 0.67 0.67 0.67 0.67 0.67 0.67
  3 0.67 0.67 0.67 0.67 0.67 0.67
  4 0.67 0.67 0.67 0.67 0.67 0.67
  5 0.67 0.67 0.67 0.67 0.67 0.67
  6 0.67 0.67 0.67 0.67 0.67 0.67
  7 0.67 0.67 0.67 0.67 0.67 0.67
  8 0.67 0.67 0.67 0.67 0.67 0.67
  9 0.67 0.67 0.67 0.67 0.67 0.67

, , unit = D

   year
age 2007 2008 2009 2010 2011 2012
  0 0.67 0.67 0.67 0.67 0.67 0.67
  1 0.67 0.67 0.67 0.67 0.67 0.67
  2 0.67 0.67 0.67 0.67 0.67 0.67
  3 0.67 0.67 0.67 0.67 0.67 0.67
  4 0.67 0.67 0.67 0.67 0.67 0.67
  5 0.67 0.67 0.67 0.67 0.67 0.67
  6 0.67 0.67 0.67 0.67 0.67 0.67
  7 0.67 0.67 0.67 0.67 0.67 0.67
  8 0.67 0.67 0.67 0.67 0.67 0.67
  9 0.67 0.67 0.67 0.67 0.67 0.67



TABLE 3.7.8 NSH HERRING. FRACTION OF NATURAL MORTALITY BEFORE SPAWNING

Units  :  NA 
, , unit = A

   year
age 2007 2008 2009 2010 2011 2012
  0 0.67 0.67 0.67 0.67 0.67 0.67
  1 0.67 0.67 0.67 0.67 0.67 0.67
  2 0.67 0.67 0.67 0.67 0.67 0.67
  3 0.67 0.67 0.67 0.67 0.67 0.67
  4 0.67 0.67 0.67 0.67 0.67 0.67
  5 0.67 0.67 0.67 0.67 0.67 0.67
  6 0.67 0.67 0.67 0.67 0.67 0.67
  7 0.67 0.67 0.67 0.67 0.67 0.67
  8 0.67 0.67 0.67 0.67 0.67 0.67
  9 0.67 0.67 0.67 0.67 0.67 0.67

, , unit = B

   year
age 2007 2008 2009 2010 2011 2012
  0 0.67 0.67 0.67 0.67 0.67 0.67
  1 0.67 0.67 0.67 0.67 0.67 0.67
  2 0.67 0.67 0.67 0.67 0.67 0.67
  3 0.67 0.67 0.67 0.67 0.67 0.67
  4 0.67 0.67 0.67 0.67 0.67 0.67
  5 0.67 0.67 0.67 0.67 0.67 0.67
  6 0.67 0.67 0.67 0.67 0.67 0.67
  7 0.67 0.67 0.67 0.67 0.67 0.67
  8 0.67 0.67 0.67 0.67 0.67 0.67
  9 0.67 0.67 0.67 0.67 0.67 0.67

, , unit = C

   year
age 2007 2008 2009 2010 2011 2012
  0 0.67 0.67 0.67 0.67 0.67 0.67
  1 0.67 0.67 0.67 0.67 0.67 0.67
  2 0.67 0.67 0.67 0.67 0.67 0.67
  3 0.67 0.67 0.67 0.67 0.67 0.67
  4 0.67 0.67 0.67 0.67 0.67 0.67
  5 0.67 0.67 0.67 0.67 0.67 0.67
  6 0.67 0.67 0.67 0.67 0.67 0.67
  7 0.67 0.67 0.67 0.67 0.67 0.67
  8 0.67 0.67 0.67 0.67 0.67 0.67
  9 0.67 0.67 0.67 0.67 0.67 0.67

, , unit = D

   year
age 2007 2008 2009 2010 2011 2012
  0 0.67 0.67 0.67 0.67 0.67 0.67
  1 0.67 0.67 0.67 0.67 0.67 0.67
  2 0.67 0.67 0.67 0.67 0.67 0.67
  3 0.67 0.67 0.67 0.67 0.67 0.67
  4 0.67 0.67 0.67 0.67 0.67 0.67
  5 0.67 0.67 0.67 0.67 0.67 0.67
  6 0.67 0.67 0.67 0.67 0.67 0.67
  7 0.67 0.67 0.67 0.67 0.67 0.67
  8 0.67 0.67 0.67 0.67 0.67 0.67
  9 0.67 0.67 0.67 0.67 0.67 0.67




TABLE 3.7.9 NSH HERRING. Recruitment in 2011

23139412


TABLE 3.7.10 NSH HERRING. Recruitment in 2012

23139412


TABLE 3.7.11 NSH HERRING. FLR, R SOFTWARE VERSIONS

R version 2.8.1 (2008-12-22)

Package  : FLICA
Version  : 1.4-12
Packaged : 2009-10-08 15:16:26 UTC; mpa
Built    : R 2.9.1; ; 2009-10-08 15:16:27 UTC; windows

Package  : FLAssess
Version  : 1.99-102
Packaged : Mon Mar 23 08:18:19 2009; mpa
Built    : R 2.8.0; i386-pc-mingw32; 2009-03-23 08:18:21; windows

Package  : FLCore
Version  : 2.2
Packaged : Tue May 19 19:23:18 2009; Administrator
Built    : R 2.8.1; i386-pc-mingw32; 2009-05-19 19:23:22; windows


