[1] "*****jul.mod*****"
        xt     xtt alpha1   beta1   alpha2 beta2      ssq    delta const index
15 52586.1 57056.5      0 9.39913 496445.8     0 20.17305 52818.27     1    16
[1] "*****gs.mod*****"
        xt     xtt alpha1    beta1   alpha2 beta2      ssq    delta const
74 52586.1 57056.5      0 9.397542 496478.5     0 20.17305 52830.68     1
[1] "*****delta.a*****"
 [1] 52818.27 53662.03 55538.23 56095.14 56191.44 55355.94 53896.36 52818.56 52586.10
[10] 52586.10 53652.81
[1] "*****deltas*****"
 [1] 53241.18 53142.08 52586.10 53095.42 52586.10 53044.30 52586.10 52586.10 52586.10
[10] 52898.74 53715.74 52586.10 53574.88 53377.37 54316.98 54011.73 52586.10 52586.10
[19] 52219.11 52586.10 52586.10 53947.18 55878.07 55817.53 52586.10 52586.10 52586.10
[28] 52586.10 52881.58 52630.56 52805.12 53982.72 52586.10 53251.45 52586.10 52586.10
[37] 53282.08 53213.83 53759.70 52898.70 52937.83 53493.35 53865.43 52020.75 52586.10
[46] 56928.71 53234.41 54648.02 53288.90 52586.10 52586.10 52586.10 52586.10 52822.59
[55] 53254.40 54596.39 53662.03
[1] "*****Summary(mean.mod)*****"

Call:
lm(formula = log(Recr) ~ 1)

Residuals:
     Min       1Q   Median       3Q      Max 
-1.24285 -0.33962  0.01399  0.51117  1.09945 

Coefficients:
            Estimate Std. Error t value Pr(>|t|)    
(Intercept) 13.03366    0.08131   160.3   <2e-16 ***
---
Signif. codes:  0 ‘***’ 0.001 ‘**’ 0.01 ‘*’ 0.05 ‘.’ 0.1 ‘ ’ 1

Residual standard error: 0.6139 on 56 degrees of freedom

[1] "*****mean.ssq*****"
[1] 21.10159
[1] "*****summary(line.mod)*****"

Call:
lm(formula = log(Recr) ~ 1, offset = log(SSB))

Residuals:
    Min      1Q  Median      3Q     Max 
-1.7276 -0.5210 -0.1212  0.5957  1.6021 

Coefficients:
            Estimate Std. Error t value Pr(>|t|)    
(Intercept)  1.76269    0.09461   18.63   <2e-16 ***
---
Signif. codes:  0 ‘***’ 0.001 ‘**’ 0.01 ‘*’ 0.05 ‘.’ 0.1 ‘ ’ 1

Residual standard error: 0.7143 on 56 degrees of freedom

[1] "*****line.ssq*****"
[1] 28.56926
[1] "*****f.obs*****"
[1] 3.730838
[1] "Wed Mar 22 14:35:44 2017"
[1] "Wed Mar 22 14:39:38 2017"
[1] "*****f*****"
$beta
        [,1]      [,2]     [,3] [,4]      [,5]
   [1,]    0  9.399130 496445.8    0  52818.27
   [2,]    0 13.081019 458037.1    0  35015.40
   [3,]    0 11.916836 463065.6    0  38858.10
   [4,]    0 13.081019 458037.1    0  35015.40
   [5,]    0 13.081019 458037.1    0  35015.40
   [6,]    0 13.081019 458037.1    0  35015.40
   [7,]    0 11.701307 465064.9    0  39744.70
   [8,]    0  9.486384 494758.2    0  52154.56
   [9,]    0 13.081019 458037.1    0  35015.40
  [10,]    0 13.081019 458037.1    0  35015.40
  [11,]    0 12.251109 460669.9    0  37602.30
  [12,]    0  9.074025 503312.5    0  55467.39
  [13,]    0 13.081019 458037.1    0  35015.40
  [14,]    0 12.652920 458740.5    0  36255.70
  [15,]    0 11.916836 463065.6    0  38858.10
  [16,]    0 11.916836 463065.6    0  38858.10
  [17,]    0 12.641088 458781.7    0  36292.90
  [18,]    0 13.081019 458037.1    0  35015.40
  [19,]    0 12.641088 458781.7    0  36292.90
  [20,]    0 13.081019 458037.1    0  35015.40
  [21,]    0 13.050566 458075.9    0  35100.08
  [22,]    0  9.031500 504236.0    0  55830.82
  [23,]    0 12.518099 459309.8    0  36691.65
  [24,]    0 11.701307 465064.9    0  39744.70
  [25,]    0  9.902658 487227.6    0  49201.70
  [26,]    0 13.081019 458037.1    0  35015.40
  [27,]    0 11.891482 463275.5    0  38958.60
  [28,]    0 13.081019 458037.1    0  35015.40
  [29,]    0 12.753791 458465.6    0  35947.40
  [30,]    0 12.763042 458447.2    0  35919.90
  [31,]    0 13.081019 458037.1    0  35015.40
  [32,]    0 11.916836 463065.6    0  38858.10
  [33,]    0 13.081019 458037.1    0  35015.40
  [34,]    0 12.251109 460669.9    0  37602.30
  [35,]    0 13.081019 458037.1    0  35015.40
  [36,]    0 10.413744 479749.2    0  46068.85
  [37,]    0 13.081019 458037.1    0  35015.40
  [38,]    0 13.081019 458037.1    0  35015.40
  [39,]    0 13.081019 458037.1    0  35015.40
  [40,]    0 13.081019 458037.1    0  35015.40
  [41,]    0 13.081019 458037.1    0  35015.40
  [42,]    0 11.498023 467243.5    0  40636.86
  [43,]    0 13.081019 458037.1    0  35015.40
  [44,]    0 13.081019 458037.1    0  35015.40
  [45,]    0 13.081019 458037.1    0  35015.40
  [46,]    0 11.757579 464531.7    0  39509.13
  [47,]    0 10.634490 477073.2    0  44860.93
  [48,]    0 12.641088 458781.7    0  36292.90
  [49,]    0 13.081019 458037.1    0  35015.40
  [50,]    0 10.133276 483589.3    0  47722.90
  [51,]    0  8.486500 518083.5    0  61047.96
  [52,]    0 13.081019 458037.1    0  35015.40
  [53,]    0 13.081019 458037.1    0  35015.40
  [54,]    0 10.133276 483589.3    0  47722.90
  [55,]    0 12.763042 458447.2    0  35919.90
  [56,]    0  8.541745 516534.3    0  60471.75
  [57,]    0 13.081019 458037.1    0  35015.40
  [58,]    0 11.701307 465064.9    0  39744.70
  [59,]    0 10.417150 479707.4    0  46049.77
  [60,]    0 12.652920 458740.5    0  36255.70
  [61,]    0 11.270555 469739.8    0  41678.50
  [62,]    0 11.916836 463065.6    0  38858.10
  [63,]    0 13.081019 458037.1    0  35015.40
  [64,]    0  9.650243 491741.4    0  50956.37
  [65,]    0 13.081019 458037.1    0  35015.40
  [66,]    0 13.081019 458037.1    0  35015.40
  [67,]    0 12.308903 460316.0    0  37397.00
  [68,]    0 13.081019 458037.1    0  35015.40
  [69,]    0 11.916836 463065.6    0  38858.10
  [70,]    0 12.422735 459723.2    0  37006.60
  [71,]    0 11.891482 463275.5    0  38958.60
  [72,]    0 13.081019 458037.1    0  35015.40
  [73,]    0 13.081019 458037.1    0  35015.40
  [74,]    0 13.081019 458037.1    0  35015.40
  [75,]    0 12.308903 460316.0    0  37397.00
  [76,]    0 10.966646 473176.4    0  43146.87
  [77,]    0  9.313579 498220.4    0  53493.97
  [78,]    0 13.081019 458037.1    0  35015.40
  [79,]    0 10.247335 481992.7    0  47035.91
  [80,]    0 13.081019 458037.1    0  35015.40
  [81,]    0 12.753791 458465.6    0  35947.40
  [82,]    0 13.081019 458037.1    0  35015.40
  [83,]    0 13.081019 458037.1    0  35015.40
  [84,]    0 12.308903 460316.0    0  37397.00
  [85,]    0 11.701307 465064.9    0  39744.70
  [86,]    0 11.982219 462590.8    0  38606.44
  [87,]    0 10.113605 483895.4    0  47845.98
  [88,]    0 12.763042 458447.2    0  35919.90
  [89,]    0 13.081019 458037.1    0  35015.40
  [90,]    0 12.641088 458781.7    0  36292.90
  [91,]    0 11.240375 470075.8    0  41820.30
  [92,]    0 12.753791 458465.6    0  35947.40
  [93,]    0 13.081019 458037.1    0  35015.40
  [94,]    0 13.081019 458037.1    0  35015.40
  [95,]    0 11.716026 464925.2    0  39682.84
  [96,]    0 12.763042 458447.2    0  35919.90
  [97,]    0 12.652920 458740.5    0  36255.70
  [98,]    0 13.081019 458037.1    0  35015.40
  [99,]    0 12.763042 458447.2    0  35919.90
 [100,]    0 10.133276 483589.3    0  47722.90
 [101,]    0 13.081019 458037.1    0  35015.40
 [102,]    0 11.701307 465064.9    0  39744.70
 [103,]    0 11.268646 469761.0    0  41687.44
 [104,]    0 13.081019 458037.1    0  35015.40
 [105,]    0 13.081019 458037.1    0  35015.40
 [106,]    0 13.081019 458037.1    0  35015.40
 [107,]    0 12.763042 458447.2    0  35919.90
 [108,]    0 13.081019 458037.1    0  35015.40
 [109,]    0 13.081019 458037.1    0  35015.40
 [110,]    0 13.081019 458037.1    0  35015.40
 [111,]    0 12.763042 458447.2    0  35919.90
 [112,]    0 12.763042 458447.2    0  35919.90
 [113,]    0 12.753791 458465.6    0  35947.40
 [114,]    0 11.714097 464943.5    0  39690.94
 [115,]    0 11.916836 463065.6    0  38858.10
 [116,]    0 11.891482 463275.5    0  38958.60
 [117,]    0 13.081019 458037.1    0  35015.40
 [118,]    0 11.112474 471512.5    0  42430.92
 [119,]    0 12.763042 458447.2    0  35919.90
 [120,]    0 13.081019 458037.1    0  35015.40
 [121,]    0  8.731689 511317.6    0  58558.84
 [122,]    0 13.081019 458037.1    0  35015.40
 [123,]    0 10.464920 479122.5    0  45783.67
 [124,]    0 11.891482 463275.5    0  38958.60
 [125,]    0 13.081019 458037.1    0  35015.40
 [126,]    0  9.585891 492917.8    0  51421.18
 [127,]    0  9.994308 485768.4    0  48604.51
 [128,]    0 12.207048 460981.2    0  37763.53
 [129,]    0 13.081019 458037.1    0  35015.40
 [130,]    0 13.081019 458037.1    0  35015.40
 [131,]    0 10.667181 476682.9    0  44686.86
 [132,]    0 13.081019 458037.1    0  35015.40
 [133,]    0 12.422735 459723.2    0  37006.60
 [134,]    0 12.308903 460316.0    0  37397.00
 [135,]    0 13.081019 458037.1    0  35015.40
 [136,]    0 12.422735 459723.2    0  37006.60
 [137,]    0 13.081019 458037.1    0  35015.40
 [138,]    0 11.092111 471743.2    0  42529.62
 [139,]    0 11.701307 465064.9    0  39744.70
 [140,]    0 12.422735 459723.2    0  37006.60
 [141,]    0 13.081019 458037.1    0  35015.40
 [142,]    0 13.081019 458037.1    0  35015.40
 [143,]    0 11.891482 463275.5    0  38958.60
 [144,]    0 11.891482 463275.5    0  38958.60
 [145,]    0 13.081019 458037.1    0  35015.40
 [146,]    0 13.081019 458037.1    0  35015.40
 [147,]    0 12.753791 458465.6    0  35947.40
 [148,]    0 11.582240 466335.1    0  40262.94
 [149,]    0 11.227453 470220.0    0  41881.27
 [150,]    0 13.081019 458037.1    0  35015.40
 [151,]    0 13.081019 458037.1    0  35015.40
 [152,]    0 13.081019 458037.1    0  35015.40
 [153,]    0 10.006785 485571.1    0  48524.19
 [154,]    0 13.081019 458037.1    0  35015.40
 [155,]    0 13.081019 458037.1    0  35015.40
 [156,]    0 13.081019 458037.1    0  35015.40
 [157,]    0 10.834236 474711.7    0  43815.89
 [158,]    0 10.278729 481557.3    0  46849.89
 [159,]    0 13.081019 458037.1    0  35015.40
 [160,]    0 13.081019 458037.1    0  35015.40
 [161,]    0 11.732539 464768.6    0  39613.64
 [162,]    0 11.245732 470016.1    0  41795.06
 [163,]    0 12.308903 460316.0    0  37397.00
 [164,]    0 10.133276 483589.3    0  47722.90
 [165,]    0 13.081019 458037.1    0  35015.40
 [166,]    0 10.379846 480166.5    0  46259.50
 [167,]    0 13.081019 458037.1    0  35015.40
 [168,]    0 13.081019 458037.1    0  35015.40
 [169,]    0 11.462229 467632.1    0  40797.66
 [170,]    0 13.081019 458037.1    0  35015.40
 [171,]    0  9.711152 490637.6    0  50523.11
 [172,]    0 10.239040 482108.1    0  47085.28
 [173,]    0 12.251109 460669.9    0  37602.30
 [174,]    0 10.604448 477433.2    0  45021.98
 [175,]    0 13.081019 458037.1    0  35015.40
 [176,]    0 13.081019 458037.1    0  35015.40
 [177,]    0 11.916836 463065.6    0  38858.10
 [178,]    0 13.081019 458037.1    0  35015.40
 [179,]    0 13.081019 458037.1    0  35015.40
 [180,]    0 10.307131 481164.9    0  46682.72
 [181,]    0 12.422735 459723.2    0  37006.60
 [182,]    0 10.806515 475036.1    0  43958.31
 [183,]    0 13.081019 458037.1    0  35015.40
 [184,]    0 10.133276 483589.3    0  47722.90
 [185,]    0 13.081019 458037.1    0  35015.40
 [186,]    0 12.652920 458740.5    0  36255.70
 [187,]    0 10.881521 474160.7    0  43574.85
 [188,]    0 13.081019 458037.1    0  35015.40
 [189,]    0 13.081019 458037.1    0  35015.40
 [190,]    0 11.657890 465526.2    0  39932.29
 [191,]    0 13.081019 458037.1    0  35015.40
 [192,]    0 13.081019 458037.1    0  35015.40
 [193,]    0 13.081019 458037.1    0  35015.40
 [194,]    0 13.081019 458037.1    0  35015.40
 [195,]    0 13.081019 458037.1    0  35015.40
 [196,]    0 10.379846 480166.5    0  46259.50
 [197,]    0 13.081019 458037.1    0  35015.40
 [198,]    0 10.416973 479709.5    0  46050.76
 [199,]    0  9.523122 494075.7    0  51881.69
 [200,]    0 13.081019 458037.1    0  35015.40
 [ reached getOption("max.print") -- omitted 801 rows ]

$beta.obs
[1]      0.00000      9.39913 496445.75752      0.00000  52818.26970

$f.obs
[1] 2.53157

$p.value
[1] 0.06693307

$f.all
   [1]  2.531570496  0.000000000  0.312903334  0.000000000  0.046060992  0.000000000
   [7]  0.686987741  1.059937619  0.000000000  0.000000000  0.634711717  0.686402691
  [13]  0.000000000  0.332192875  0.221188279  0.000000000  0.104697547  0.000000000
  [19]  0.206049629  0.000000000  0.000000000  8.088822526  0.024890909  0.331352789
  [25]  3.353262205  0.000000000  0.797017394  0.000000000  0.000000000  0.220893549
  [31]  0.010267962  0.319380872  0.000000000  0.282387761  0.000000000  2.062077194
  [37]  0.000000000  0.000000000  0.000000000  0.006055474  0.000000000  0.340584721
  [43]  0.097623139  0.000000000  0.000000000  0.385599836  1.234962129  0.058091724
  [49]  0.000000000  0.757881551  3.524297339  0.000000000  0.000000000  0.647868786
  [55]  0.051729847  4.870943419  0.000000000  0.470961479  0.000000000  0.217369134
  [61]  0.073530388  0.618891803  0.000000000  5.137129586  0.000000000  0.000000000
  [67]  0.000000000  0.000000000  0.513604536  0.114804098  0.222298235  0.000000000
  [73]  0.000000000  0.000000000  0.218178130  0.571093110  3.706068020  0.000000000
  [79]  2.090101906  0.000000000  0.302791538  0.000000000  0.000000000  0.000000000
  [85]  0.917408625  0.000000000  2.164628487  0.207049481  0.127749388  0.084388072
  [91]  0.642463126  0.139308576  0.000000000  0.000000000  0.169912667  0.124270443
  [97]  0.538881541  0.000000000  0.093167259  3.156962514  0.096899541  0.395198320
 [103]  1.743526731  0.046060992  0.000000000  0.000000000  0.089948733  0.010278409
 [109]  0.000000000  0.087673889  0.087601516  0.501832968  0.531253110  0.072242895
 [115]  0.282685463  0.767644505  0.000000000  1.657829822  0.111158475  0.058616748
 [121]  3.584927485  0.000000000  1.761716949  0.565478408  0.000000000  1.887699150
 [127]  2.764879499  0.441699912  0.197352454  0.000000000  0.972749008  0.087673889
 [133]  0.220241613  0.488545796  0.000000000  0.072353562  0.000000000  0.000000000
 [139]  1.391753412  0.208850293  0.000000000  0.094380105  0.789997751  0.000000000
 [145]  0.000000000  0.062191806  0.132928218  1.156852377  0.000000000  0.210462623
 [151]  0.106078792  0.000000000  3.836640898  0.000000000  0.000000000  0.000000000
 [157]  0.966094092  1.917659596  0.000000000  0.000000000  0.302830906  0.188431678
 [163]  0.000000000  0.750386555  0.000000000  1.040384162  0.000000000  0.000000000
 [169]  1.234351596  0.000000000  0.628829333  1.522862308  0.458879402  0.925425635
 [175]  0.000000000  0.000000000  0.197114016  0.000000000  0.000000000  1.144866476
 [181]  0.000000000  1.290867456  0.000000000  1.370688254  0.000000000  0.023595162
 [187]  0.738942095  0.000000000  0.282592286  0.809947213  0.219302996  0.106078792
 [193]  0.000000000  0.000000000  0.000000000  3.083893396  0.000000000  1.104623382
 [199]  2.092716531  0.097623139  0.000000000  0.000000000  0.132182642  0.344918646
 [205]  0.000000000  1.483236086  2.006577591  0.403294115  1.364729488  0.000000000
 [211]  0.000000000  0.000000000  0.000000000  0.437998504  0.491022696  0.000000000
 [217]  1.034974880  2.138595219  0.681851162  0.154516977  0.524320976  0.000000000
 [223]  1.974028309  0.106769471  0.000000000  0.000000000  0.046060992  2.579827537
 [229]  1.169538807  0.000000000  0.006389262  0.000000000  0.407757936  0.264725375
 [235]  0.000000000  0.062191806  0.000000000  0.833204206  3.913882636  0.000000000
 [241]  0.060064788  0.000000000  0.253773922  0.000000000  1.020408341  0.000000000
 [247]  0.405461817  0.000000000  0.000000000  0.000000000  0.170332120  1.017922362
 [253]  0.000000000  0.471540596  0.029067993  0.649940567  0.000000000  0.549240909
 [259]  0.595896005  0.060064788  1.021746334  2.078835579  0.000000000  0.135057644
 [265]  0.793528101  0.113127914  0.125689749  0.000000000  0.000000000  0.186332657
 [271]  0.265461514  0.568330536  0.548679031  0.000000000  0.000000000  1.635093728
 [277]  0.087673889  0.000000000  2.635671878  0.000000000  0.000000000  0.000000000
 [283]  0.000000000  1.098995795  1.163675417  0.000000000  2.562995925  0.176598326
 [289]  0.560050527  0.000000000  0.986692228  0.000000000  0.000000000  0.000000000
 [295]  2.330041121  1.184983564  0.000000000  1.931637214  0.000000000  1.495206881
 [301]  0.000000000  0.508086281  0.203757701  0.212919416  0.000000000  1.437619877
 [307]  0.046798933  0.488604523  0.000000000  0.062191806  0.235246521  0.926653152
 [313]  0.000000000  0.000000000  1.053077906  0.000000000  0.189771873  0.162582222
 [319]  0.106078792  0.419236035  0.104406407  0.012646878  3.087031476  0.504018202
 [325]  0.000000000  0.072877564  2.482693240  0.854619523  0.000000000  0.329756232
 [331]  0.380384613  3.533863178  0.557103657  0.000000000  0.043116045  0.000000000
 [337]  0.000000000  0.746900094  1.201420650  0.742712291  0.000000000  0.439463149
 [343]  5.211487881  0.874131569  0.431094768  0.000000000  2.532175794  0.000000000
 [349]  0.376904521  0.330563920  0.094520483  0.087673889  0.000000000  0.000000000
 [355]  0.309893612  0.153917034  0.000000000  0.751538682  0.050685168  0.000000000
 [361]  0.000000000  1.093066038  0.762812314  0.101514725  0.000000000  0.000000000
 [367]  0.000000000  0.000000000  0.028043561  2.435910813  4.254565423  0.265571396
 [373]  0.000000000  0.095011954  1.469617131  0.770523928  0.010278409  0.280727348
 [379]  0.000000000  0.075650714  0.000000000  0.062035099  2.337956176  0.273551828
 [385]  0.000000000  2.626671431  0.341498842  0.097623139  0.000000000  0.094380105
 [391]  0.000000000  0.087535094  0.000000000  0.000000000  0.010278409  1.040212535
 [397]  0.000000000  1.075776523  0.764321683  4.640993433  0.000000000  1.640019269
 [403]  2.402395484  0.000000000  0.000000000  2.295112296  0.309859799  0.303687488
 [409]  0.000000000  0.155994841  0.000000000  0.315592575  0.822901601  0.334130306
 [415]  0.729594903  0.181243186  0.000000000  2.795795638  0.176837875  2.612502682
 [421]  0.006055474  0.702413064  0.707199080  2.693400148  1.483123308  0.000000000
 [427]  0.104406407  0.368079048  0.000000000  1.610488054  0.000000000  0.087673889
 [433]  0.000000000  0.934212542  0.337013480  0.000000000  0.364614586  0.000000000
 [439]  0.000000000  0.000000000  0.000000000  0.000000000  3.422707560  0.423007044
 [445]  0.000000000  2.966222155  1.023440057  1.497946674  0.058616748  0.235791670
 [451]  0.000000000  0.275533477  0.134144389  0.697600258  0.610021007  0.907229765
 [457]  0.000000000  4.389234416  0.281773908  1.577130348  0.000000000  0.842008260
 [463]  0.240017437  0.062191806  4.799617781  0.906145073  0.000000000  1.595231311
 [469]  0.000000000  0.060064788  2.576482028  1.516802956  0.010278409  0.026133891
 [475]  3.234113187  0.000000000  0.000000000  0.000000000  0.000000000  0.000000000
 [481]  0.062165085  0.000000000  0.000000000  0.000000000  0.000000000  3.046943167
 [487]  0.000000000  0.062468687  0.000000000  2.974008202  0.303159062  0.369959613
 [493]  0.096306524  0.000000000  2.539321563  0.691737711  0.000000000  0.318145754
 [499]  0.000000000  0.010267962  4.111394877  0.058616748  0.258159416  0.000000000
 [505]  2.280903610  0.000000000  0.000000000  0.957205413  0.219302996  0.516678625
 [511]  1.342266729  1.998471660  0.000000000  0.000000000  0.010278409  0.000000000
 [517]  0.000000000  0.000000000  0.000000000  0.094380105  0.371076324  0.548587155
 [523]  0.000000000  0.070070910  0.473466501  2.819127973  0.000000000  2.443757680
 [529]  0.122870315  0.219302996  3.865378104  0.282592286  0.000000000  0.000000000
 [535]  0.000000000  0.551986693  0.038712814  0.000000000  0.104406407  0.000000000
 [541]  1.739388141  5.500625532  3.106298225  1.574031673  0.010278409  1.539692654
 [547]  0.106078792  1.752704644  2.069551241  2.051734404  0.000000000  0.591280763
 [553]  1.130054662  0.000000000  8.866371588  0.197352454  0.582472737  0.000000000
 [559]  0.010267962  0.035346097  0.000000000  0.000000000  0.000000000  0.671195730
 [565]  0.016483602  1.964509630  0.087673889  0.000000000  0.060064788  0.309173575
 [571]  0.000000000  3.583808092  0.000000000  0.479911991  0.503191574  0.000000000
 [577]  0.000000000  0.264725375  0.806733421  0.210462623  0.305695405  0.094131332
 [583]  0.314119690  2.849176407  0.000000000  1.039344616  0.000000000  1.511161821
 [589]  0.215931647  0.282592286  0.311373558  1.059396989  0.000000000  0.816296041
 [595]  0.337864730  0.000000000  2.162188452  0.000000000  1.279504485  0.504361463
 [601]  2.840843957  2.146461853  0.070070910  0.000000000  0.264300912  0.000000000
 [607]  0.000000000  0.060064788  0.000000000  0.000000000  0.400654637  5.564480651
 [613]  2.674824003  0.000000000  0.348348514  2.135076125  0.224140735  2.935889015
 [619]  0.000000000  0.212422895  2.007203519  0.000000000  0.097623139  1.089799526
 [625]  0.245778257  0.000000000  0.000000000  0.000000000  0.253542141  0.060064788
 [631]  0.000000000  0.669251108  0.000000000  0.176064406  6.489503940  0.127749388
 [637] 21.668253438  0.921496601  0.385139047  0.000000000  0.845522706  0.000000000
 [643]  0.000000000  0.000000000  0.707686888  0.000000000  0.053099420  0.392786098
 [649]  0.000000000  0.629136534  0.632114522  0.572846128  3.116432610  1.746113345
 [655]  0.000000000  0.000000000  0.238549082  0.010278409  0.497797208  3.978273578
 [661]  1.050097599  0.212458935  0.766778021  0.000000000  0.000000000  0.010267962
 [667]  0.000000000  0.000000000  0.648081914  3.963381353  1.499100589  0.012002569
 [673]  0.000000000  0.000000000  0.000000000  0.000000000  0.000000000  0.010267962
 [679]  2.188578873  0.000000000  0.226549350  0.221188775  0.000000000  0.332302809
 [685]  0.195561121  0.000000000  0.493369318  0.000000000  0.006055474  0.382514862
 [691]  0.000000000  2.237246370  0.000000000  0.454049293  0.000000000  0.097623139
 [697]  1.705563380  0.000000000  0.000000000  0.000000000  0.000000000  0.354073714
 [703]  0.000000000  0.638351022  0.739808047  1.238136677  0.045928834  3.838894764
 [709]  0.000000000  0.210462623  0.515173300  0.000000000  0.000000000  3.610001502
 [715]  0.000000000  0.127749388  0.000000000  1.238564088  0.561692438  0.000000000
 [721]  0.698237919  0.319879195  0.000000000  0.251292579  0.432002134  0.104406407
 [727]  0.000000000  0.000000000  0.353857027  0.060906261  0.000000000  0.734252738
 [733]  4.093015952  0.479349898  0.865562409  2.910319362  0.200719114  3.241078132
 [739] 24.511238702  0.494463400  0.062191806  0.000000000  0.000000000  0.000000000
 [745]  0.000000000  0.061641859  0.088811404  0.000000000  0.212458935  1.483579537
 [751]  2.628252689  0.048592474  0.107369977  0.000000000  0.000000000  0.000000000
 [757]  0.636418954  0.046060992  0.264194932  0.096899541  0.000000000  0.102015998
 [763]  0.000000000  0.919462783  0.062191806  0.041281327  0.003508966  0.000000000
 [769]  0.143730614  0.579735232  1.843647050  0.705438371  0.000000000  0.431798044
 [775]  0.000000000  1.895834509  0.853270819  0.422070966  0.000000000  0.000000000
 [781]  1.231613811  0.012023949  0.000000000  0.000000000  0.561389792  0.000000000
 [787]  0.000000000  0.000000000  0.000000000  8.846097853  1.813455660  0.000000000
 [793]  1.160578332  0.605790184  0.104406407  0.000000000  0.065671672  0.188642758
 [799]  0.088770526  1.519265462  0.014567818  0.000000000  0.000000000  0.898911198
 [805]  1.046597206  0.000000000  0.000000000  0.000000000  0.000000000  0.000000000
 [811]  0.000000000  0.000000000  0.594215358  0.060064788  0.881052321  0.000000000
 [817]  0.000000000  1.028324143  0.351187539  0.886735899  0.000000000  0.511271337
 [823]  0.389195115  0.000000000  0.409232690  0.395633931  0.000000000  0.000000000
 [829]  0.011996390  0.091579229  0.079662468  0.390311149  0.000000000  0.000000000
 [835]  0.572971998  0.355589934  0.041333900  0.933502968  0.000000000  0.000000000
 [841]  0.000000000  0.000000000  0.010267962  0.000000000  0.000000000  0.000000000
 [847]  0.146058726  0.000000000  3.058990894  0.000000000  1.211029691  0.000000000
 [853]  0.010267962  0.000000000  0.127749388  0.594068619  0.000000000  0.459178448
 [859]  0.155527790  0.000000000  0.219302996  1.275842643  0.000000000  0.592276588
 [865]  0.407281369  0.832234274  0.602718294  0.355770241  1.417692702  0.140595278
 [871]  0.301857126  0.000000000  0.110699209  0.000000000  0.000000000  0.127172698
 [877]  0.000000000  1.253300633  0.434391173  0.212279276  0.011910714  1.380075903
 [883]  0.907467278  0.000000000  0.128042173  0.000000000  0.571368364  0.000000000
 [889]  0.000000000  1.680855138  0.162857326  0.052697360  0.559448462  0.550987425
 [895]  0.798812911  0.405044120  0.000000000  0.094380105  0.000000000  0.094380105
 [901]  2.230708797  0.058616748  0.000000000  1.901295563  0.000000000  0.010267962
 [907]  0.000000000  0.000000000  0.654165908  0.000000000  0.000000000  0.061783663
 [913]  0.222160369  0.000000000  0.000000000  0.290850918  0.342848279  0.670150137
 [919]  0.203598654  0.000000000  0.000000000  1.225183918  0.000000000  0.627529634
 [925]  1.038644098  0.000000000  7.220602689  0.000000000  0.432159706  2.440662193
 [931]  0.018369880  3.073827952  0.000000000  2.383034545  0.000000000  0.000000000
 [937]  1.840822348  1.239710312  6.104751071  0.808680719  0.289016523  0.212458935
 [943]  0.781997409  0.000000000  4.033104308  0.476569369  0.000000000  1.106259704
 [949]  0.618586643  0.000000000  1.365352370  0.615581370  0.240072468  1.856787386
 [955]  0.000000000  0.496624741  0.431607529  0.000000000  0.000000000  0.070070910
 [961]  0.000000000  0.997173893  0.671567384  6.370403380  0.038479574  0.707462509
 [967]  2.249981168  3.779687588  0.000000000  0.000000000  0.000000000  0.310181254
 [973]  0.210462623  0.046060992  0.000000000  0.277180734  0.160384699  0.000000000
 [979]  0.260772504  0.000000000  0.000000000  0.000000000  0.197352454  0.257623505
 [985]  1.097199429  0.793784050  0.384468633  0.000000000  0.000000000  0.006055474
 [991]  0.000000000  0.908627635  2.432894804  0.947798780  0.354623048  0.727439087
 [997]  2.556374316  1.158945894  0.066906557  0.000000000  0.000000000

