

Observed catches

Species: Sprat      



Age             1974      1975      1976      1977      1978      1979      1980      1981
         0   6029179   6670522  17286283  21067473  12126361   8515090   2536060    843662
         1  41247793  47021275  67897909  19534117  47503062  54622007  27519328  19717227
         2   4717275  16637746   4769429  11061897   2756102   3129083  29331610   4828293
         3    573197    493175    277806    215236    243071    206489   2469205    342688

Yield         463344    732312    628598    385257    458804    463638    387434    280582


Age             1982      1983      1984      1985      1986      1987      1988      1989
         0   3894967   9687210   1881717     84760    580936    261474   7064606    482693
         1  11773432   4750433   9622782   2096317    393402   4867845   3048506   2200159
         2   1719454   1565548    675537   2993626    853090    430736   3487424   3737555
         3    123738    246765      8389     69234    654438     36483     59380     18809

Yield         162357    115440    113444     62514     27520     53942    103652     58420


Age             1990      1991      1992      1993      1994      1995      1996      1997
         0    294630   1801171   1521813   3573328   3120302   2580370   3053764    751326
         1   4753159   4685548  12464549   9757825  50803468  37575324   1300108   7410090
         2   3982444   3032019   1706742   7002456   2532382   6589448   3138722   1390005
         3    610656     17845    199896    323240    266324   1005827   1247293    527104

Yield          78180    125815    156471    208848    424206    446555     95496    125174


Age             1998      1999      2000      2001      2002      2003      2004      2005
         0   7167994   2058518   1181621    706585   2173402   3696498  30270051   2026821
         1   7328919  21747253  13431187  10266558  12112137  10869421   9262921  26721855
         2   3439724   1373804   3462161   1903971   1553113   1740177   1040017    938262
         3    826949    297071    296404    519607    233420    312971    148045    149466

Yield         188907    243158    222027    153321    174713    174988    231352    280275


Age             2006      2007      2008      2009      2010      2011      2012      2013
         0    496451   1014391   2992562    399774    660589    479793    413234    665709
         1   2610458   6209793   2455966  16325981   7249992   6331521   6747670   4151889
         2   2582218   1890874   2496257   1293862   4383720   4118820   2506586   1159582
         3    541633    343404    612594    265332   2338030   1323269    432893    221933

Yield          78028     99902     69891    170934    145415    122472     96030     60207


Age             2014      2015      2016      2017      2018
         0   5611898   2672522   8577808   3729204   6496855
         1  16042141  25735924  14274590  12680371  15569853
         2   1127885   5292400   5795937   1105170   4782913
         3    219889    478741    743540    239153    814191

Yield         190268    298227    227169    135824    190052

Stock numbers

Species: Sprat      



Age             1974      1975      1976      1977      1978      1979      1980      1981
         0 533666972 712689488 330408956 6314969851033370520 534780006 328621695  94281258
         1 138011907 109420931 136460108  60321032 113013866 206525851  97069783  55360038
         2  10746320  18451293   9997244  11784973   6117919  16239247  34233561   6440627
         3    485584    699739    550925    273059    434619    511616   1926641    468557

TSB          4678598   4637899   2688308   4038273   4785516   4006216   2832616    989900
SSB           605537    604919    497138    337814    388589    620006    425400    302477


Age             1982      1983      1984      1985      1986      1987      1988      1989
         0  49287196  66959819  33535940  23326365  79160661  40836345  60893045  54629687
         1  17665243  11104805  14649468   6839640   4236709  13743097   6956143   9290039
         2   7390676   3125203   1396225   2638753    891230    570443   3052252    837769
         3    464976    750389    151643    173042    176193     82060    131958    157917

TSB           706619    450172    337632    250200    543126    395986    355484    385989
SSB           180980     87421     65603     60375     23029     55468     57437     42534


Age             1990      1991      1992      1993      1994      1995      1996      1997
         0  73835187 112581686 104251381 150398883 128713055  36331911  60863767  49103405
         1   8446336  12494887  23299080  25504917  38804287  32119441   9637465  15695365
         2   1962721    875415   2327632   4566472   3238945   8356865   4661893   1643933
         3    197178     76309    122524    296851    198449    498233    455689    349417

TSB           417970   1634178   1107205   1312547   1164144    481871    612989    577725
SSB            41934     86150    121347    166606    135418    198547    108156    108683


Age             1998      1999      2000      2001      2002      2003      2004      2005
         0 109863908  77583031  73316903  61396827  82224950 106874405 188358807  66445350
         1  13776813  26976213  20233428  19371062  16398780  20974843  26677967  47872163
         2   3577058   2064241   6058511   3272556   2897876   2365917   3661386   3312600
         3    230196    166699    278978    380576    183700    135640    173259    111011

TSB           867743    699976    830826    735955    820745    747555   2023814   1014865
SSB           134493    130030    184184    125529    111263    140000    173260    228945


Age             2006      2007      2008      2009      2010      2011      2012      2013
         0  84862867  60934317 140415343 114653043 120614222  91679850  72997195 171319456
         1  16855225  21079433  16094575  38817473  31989533  27899863  20832904  17576213
         2   8102271   2403345   3288200   3003665   9183038   6391571   5352700   3244735
         3    247597    383995    145069    258635    463153   1027859    786532    376562

TSB           830858    673007   1441552   1137740   1150967    788300    868802   1259870
SSB           172427    135343    102509    187981    188164    166525    134527    108282


Age             2014      2015      2016      2017      2018
         0 188465282 101492248 133857045 190733677 158389359
         1  52737070  61321364  32842132  41109203  59841859
         2   3303640  14765954  10876468   3511543   7055544
         3    300737    761030   1065147    240482    242449

TSB          2110277   1437885    939349   1602749   1191292
SSB           219557    349774    224605    174277    217500

Fishing mortality

Species: Sprat      



Age             1974      1975      1976      1977      1978      1979      1980      1981
         0    0.0334    0.0425    0.0436    0.0380    0.0252    0.0165    0.0569    0.0277
         1    0.6365    0.9402    0.9658    0.8423    0.5591    0.3658    1.2607    0.6129
         2    1.6604    2.2787    2.3409    2.0414    1.3550    0.8867    3.0555    1.4855
         3    1.8946    2.6923    2.7658    2.4119    1.6009    1.0476    3.6102    1.7552

Avg. F 1-2     1.148     1.609     1.653     1.442     0.957     0.626     2.158     1.049


Age             1982      1983      1984      1985      1986      1987      1988      1989
         0    0.0254    0.0426    0.0244    0.0335    0.0278    0.0094    0.0331    0.0078
         1    0.5623    0.9436    0.5403    0.7413    0.6157    0.2077    0.7333    0.1731
         2    1.3628    2.2870    1.3096    1.7967    1.4922    0.5035    1.7772    0.4195
         3    1.6102    2.7022    1.5474    2.1228    1.7630    0.5949    2.0998    0.4957

Avg. F 1-2     0.963     1.615     0.925     1.269     1.054     0.356     1.255     0.296


Age             1990      1991      1992      1993      1994      1995      1996      1997
         0    0.0392    0.0183    0.0212    0.0413    0.0180    0.0382    0.0352    0.0259
         1    0.8685    0.4042    0.4687    0.9139    0.3984    0.8456    0.7801    0.5745
         2    2.1049    0.9797    1.1360    2.2149    0.9656    2.0496    1.8908    1.3923
         3    2.4870    1.1575    1.3423    2.6170    1.1408    2.4216    2.2341    1.6450

Avg. F 1-2     1.487     0.692     0.802     1.564     0.682     1.448     1.335     0.983


Age             1998      1999      2000      2001      2002      2003      2004      2005
         0    0.0436    0.0229    0.0376    0.0395    0.0417    0.0321    0.0488    0.0336
         1    0.9646    0.5078    0.8326    0.8749    0.9242    0.7104    1.0798    0.7450
         2    2.3378    1.2309    2.0180    2.1205    2.2401    1.7219    2.6172    1.8057
         3    2.7622    1.4543    2.3843    2.5054    2.6467    2.0344    3.0922    2.1335

Avg. F 1-2     1.651     0.869     1.425     1.498     1.582     1.216     1.848     1.275


Age             2006      2007      2008      2009      2010      2011      2012      2013
         0    0.0428    0.0412    0.0348    0.0223    0.0258    0.0235    0.0356    0.0316
         1    0.9476    0.9118    0.7701    0.4943    0.5723    0.5199    0.7887    0.7000
         2    2.2967    2.2098    1.8666    1.1980    1.3872    1.2601    1.9117    1.6967
         3    2.7136    2.6109    2.2054    1.4154    1.6390    1.4888    2.2587    2.0046

Avg. F 1-2     1.622     1.561     1.318     0.846     0.980     0.890     1.350     1.198


Age             2014      2015      2016      2017      2018
         0    0.0150    0.0359    0.0581    0.0367    0.0369
         1    0.3317    0.7952    1.2868    0.8136    0.8177
         2    0.8039    1.9272    3.1189    1.9719    1.9819
         3    0.9499    2.2770    3.6850    2.3298    2.3416

Avg. F 1-2     0.568     1.361     2.203     1.393     1.400