TABLE 2.7.1.1 NEA Mackerel. CATCH IN NUMBER

Units  :  Thousands 
    year
age    1972   1973   1974   1975   1976   1977   1978   1979   1980   1981
  0   10707  16997  29277  36171  62510   6077  34623 114529  33101  56682
  1   34979  46267 108077  62908 282818 175220  34513 360698 411327 276229
  2   51652  74544  47410  92385 249293 328732 560738  62909 393025 502365
  3  194461 109015 155390  84509 374245 226560 449338 609522  64549 231814
  4  650980 415015 148543 265129 176793 236116 279236 385578 328206  32814
  5       0 814518 424462 164673 314261  67758 282158 250755 254172 184867
  6       0      0 673317 251420 133822 186619  78877 248099 142978 173349
  7       0      0      0 991632 379790 105004 172213  92655 145385 116328
  8       0      0      0      0 478925 229803  73933 169605  54778 125548
  9       0      0      0      0      0 236966 127975  73900 130771  41186
  10      0      0      0      0      0      0 243333 102363  39920 146186
  11      0      0      0      0      0      0      0 204291  56210  31639
  12      0      0      0      0      0      0      0      0 104927 199615
    year
age    1982   1983   1984   1985   1986   1987   1988   1989   1990   1991
  0   11180   7333 287287  81799  49983   7403  57644  65400  24246  10007
  1  213936  47914  31901 268960  58126  40126 152656  64263 140534  58459
  2  432867 668909  86064  20893 424563 156670 137635 312739 209848 212521
  3  472457 433744 682491  58346  38387 663378 190403 207689 410751 206421
  4  184581 373262 387582 445357  76545  56680 538394 167588 208146 375451
  5   26544 126533 251503 252217 364119  89003  72914 362469 156742 188623
  6  138970  20175  98063 165219 208021 244570  87323  48696 254015 129145
  7  112476  90151  22086  62363 126174 150588 201021  58116  42549 197888
  8   89672  72031  61813  19562  42569  85863 122496 111251  49698  51077
  9   88726  48668  47925  47560  13533  34795  55913  68240  85447  43415
  10  27552  49252  37482  37607  32786  19658  20710  32228  33041  70839
  11  91743  19745  30105  26965  22971  25747  13178  13904  16587  29743
  12 156121 132040  69183  97652  81153  63146  57494  35814  27905  52986
    year
age    1992   1993   1994   1995   1996   1997   1998   1999   2000   2001
  0   43447  19354  25368  14759  37956  36012  61127  67003  36345  26034
  1   83583 128144 147315  81529 119852 144390  99352  73597 102407  40315
  2  156292 210319 221489 340898 168882 186481 229767 132994 142898 158943
  3  356209 266677 306979 340215 333365 238426 264566 223639 275376 234186
  4  266591 398240 267420 275031 279182 378881 323186 261778 390858 297206
  5  306143 244285 301346 186855 177667 246781 361945 281041 295516 309937
  6  156070 255472 184925 197856  96303 135059 207619 244212 241550 231804
  7  113899 149932 189847 142342 119831  84378 118388 159019 175608 195250
  8  138458  97746 106108 113413  55812  66504  72745  86739 106291 120241
  9   51208 121400  80054  69191  59801  39450  47353  50613  52394  72205
  10  36612  38794  57622  42441  25803  26735  24386  30363  31280  42529
  11  40956  29067  20407  37960  18353  13950  16551  17048  18918  20546
  12  68205  68217  57551  39753  30648  24974  22932  32446  34202  40706
    year
age    2002   2003   2004   2005   2006   2007   2008   2009   2010
  0   70409  14409   5168   5014  58294  15374  25738  16560  22881
  1  222214 182121  24617  44235  69303  79398  42029  34803  47097
  2   69728 265153 425834 131909 165134 189765 156841 108722 135132
  3  366981  88950 499455 661629 156631 227859 386710 448286 300022
  4  349853 290227 142792 289505 468403 204001 279310 615164 733096
  5  262485 230568 244885 118453 194147 448612 257358 320584 610861
  6  236927 180479 137998 119907  96817 200620 253961 223592 284355
  7  151241 132355  83997  63297  73749  75312 123294 193310 142848
  8  118814  93165  61426  38025  33234  58619  56833  73296 102107
  9   79919  74779  37614  23744  18785  28301  32082  29550  45913
  10  43776  45793  32816  18703  13951  16451  19186  14861  21225
  11  21606  25691  15385   7863   8313  11796   6779   7429   6273
  12  40260  30887  18151  10558  10071  13548   9580   4943   8590


TABLE 2.7.1.2 NEA Mackerel. WEIGHTS AT AGE IN THE CATCH

Units  :  Kg 
    year
age   1972  1973  1974  1975  1976  1977  1978  1979  1980  1981  1982  1983
  0  0.052 0.050 0.051 0.050 0.059 0.056 0.036 0.016 0.057 0.060 0.053 0.050
  1  0.135 0.145 0.136 0.148 0.137 0.136 0.135 0.137 0.131 0.132 0.131 0.168
  2  0.277 0.194 0.229 0.177 0.207 0.169 0.161 0.161 0.249 0.248 0.249 0.219
  3  0.341 0.285 0.261 0.259 0.263 0.275 0.250 0.243 0.285 0.287 0.285 0.276
  4  0.423 0.368 0.334 0.323 0.320 0.333 0.325 0.318 0.345 0.344 0.345 0.310
  5    NaN 0.448 0.392 0.348 0.346 0.352 0.345 0.348 0.378 0.377 0.378 0.386
  6    NaN   NaN 0.481 0.430 0.406 0.407 0.403 0.401 0.454 0.454 0.454 0.425
  7    NaN   NaN   NaN 0.488 0.443 0.446 0.421 0.416 0.498 0.499 0.496 0.435
  8    NaN   NaN   NaN   NaN 0.518 0.546 0.518 0.506 0.520 0.513 0.513 0.498
  9    NaN   NaN   NaN   NaN   NaN 0.537 0.536 0.513 0.542 0.543 0.541 0.545
  10   NaN   NaN   NaN   NaN   NaN   NaN 0.529 0.537 0.574 0.573 0.574 0.606
  11   NaN   NaN   NaN   NaN   NaN   NaN   NaN 0.522 0.590 0.576 0.574 0.608
  12 0.000 0.000 0.000 0.000 0.000 0.000 0.000 0.000 0.580 0.584 0.582 0.614
    year
age   1984  1985  1986  1987  1988  1989  1990  1991  1992  1993  1994  1995
  0  0.031 0.055 0.039 0.076 0.055 0.049 0.085 0.068 0.051 0.061 0.046 0.072
  1  0.102 0.144 0.146 0.179 0.133 0.136 0.156 0.156 0.167 0.134 0.136 0.143
  2  0.184 0.262 0.245 0.223 0.259 0.237 0.233 0.253 0.239 0.240 0.255 0.234
  3  0.295 0.357 0.335 0.318 0.323 0.320 0.336 0.327 0.333 0.317 0.339 0.333
  4  0.326 0.418 0.423 0.399 0.388 0.377 0.379 0.394 0.397 0.376 0.390 0.390
  5  0.344 0.417 0.471 0.474 0.456 0.433 0.423 0.423 0.460 0.436 0.448 0.452
  6  0.431 0.436 0.444 0.512 0.524 0.456 0.467 0.469 0.495 0.483 0.512 0.501
  7  0.542 0.521 0.457 0.493 0.555 0.543 0.528 0.506 0.532 0.527 0.543 0.539
  8  0.480 0.555 0.543 0.498 0.555 0.592 0.552 0.554 0.555 0.548 0.590 0.577
  9  0.569 0.564 0.591 0.580 0.562 0.578 0.606 0.609 0.597 0.583 0.583 0.594
  10 0.628 0.629 0.552 0.634 0.613 0.581 0.606 0.630 0.651 0.595 0.627 0.606
  11 0.636 0.679 0.694 0.635 0.624 0.648 0.591 0.649 0.663 0.647 0.678 0.631
  12 0.663 0.710 0.688 0.718 0.697 0.739 0.713 0.708 0.669 0.679 0.713 0.672
    year
age   1996  1997  1998  1999  2000  2001  2002  2003  2004  2005  2006  2007
  0  0.058 0.076 0.065 0.062 0.063 0.069 0.052 0.081 0.086 0.067 0.042 0.093
  1  0.143 0.143 0.157 0.176 0.135 0.172 0.160 0.171 0.160 0.149 0.099 0.121
  2  0.226 0.230 0.227 0.235 0.227 0.224 0.256 0.271 0.267 0.270 0.196 0.218
  3  0.313 0.295 0.310 0.306 0.306 0.305 0.307 0.338 0.326 0.307 0.307 0.295
  4  0.377 0.359 0.354 0.361 0.363 0.376 0.367 0.387 0.402 0.366 0.357 0.369
  5  0.425 0.415 0.408 0.404 0.427 0.424 0.425 0.439 0.422 0.434 0.428 0.408
  6  0.484 0.453 0.452 0.452 0.463 0.474 0.460 0.477 0.488 0.440 0.480 0.453
  7  0.518 0.481 0.462 0.500 0.501 0.496 0.512 0.523 0.523 0.495 0.494 0.505
  8  0.551 0.524 0.518 0.536 0.534 0.540 0.537 0.572 0.557 0.539 0.543 0.529
  9  0.576 0.553 0.550 0.569 0.567 0.577 0.580 0.612 0.575 0.556 0.584 0.569
  10 0.596 0.577 0.573 0.586 0.586 0.603 0.601 0.631 0.598 0.582 0.625 0.575
  11 0.603 0.591 0.591 0.607 0.594 0.611 0.629 0.648 0.633 0.635 0.635 0.587
  12 0.670 0.636 0.631 0.687 0.644 0.666 0.665 0.715 0.686 0.657 0.690 0.668
    year
age   2008  2009  2010
  0  0.051 0.106 0.048
  1  0.128 0.156 0.148
  2  0.227 0.215 0.222
  3  0.295 0.283 0.293
  4  0.371 0.331 0.331
  5  0.418 0.388 0.365
  6  0.444 0.424 0.418
  7  0.497 0.451 0.470
  8  0.550 0.496 0.487
  9  0.570 0.538 0.515
  10 0.620 0.586 0.573
  11 0.595 0.598 0.604
  12 0.662 0.630 0.629


TABLE 2.7.1.3 NEA Mackerel. WEIGHTS AT AGE IN THE STOCK

Units  :  Kg 
    year
age   1972  1973  1974  1975  1976  1977  1978  1979  1980  1981  1982  1983
  0  0.008 0.008 0.008 0.008 0.008 0.008 0.008 0.008 0.008 0.008 0.008 0.008
  1  0.132 0.132 0.130 0.129 0.128 0.127 0.111 0.110 0.109 0.087 0.086 0.086
  2  0.178 0.177 0.173 0.171 0.170 0.167 0.175 0.174 0.173 0.186 0.135 0.172
  3  0.243 0.242 0.238 0.236 0.236 0.233 0.238 0.237 0.236 0.252 0.221 0.235
  4  0.411 0.301 0.296 0.294 0.293 0.289 0.300 0.299 0.297 0.313 0.280 0.280
  5  0.000 0.438 0.322 0.318 0.318 0.313 0.346 0.345 0.343 0.323 0.385 0.339
  6  0.000 0.000 0.469 0.365 0.365 0.361 0.382 0.380 0.379 0.378 0.353 0.377
  7  0.000 0.000 0.000 0.497 0.419 0.416 0.410 0.408 0.407 0.419 0.408 0.404
  8  0.000 0.000 0.000 0.000 0.512 0.446 0.432 0.430 0.429 0.434 0.437 0.439
  9  0.000 0.000 0.000 0.000 0.000 0.530 0.451 0.449 0.448 0.449 0.446 0.503
  10 0.000 0.000 0.000 0.000 0.000 0.000 0.514 0.504 0.503 0.443 0.479 0.473
  11 0.000 0.000 0.000 0.000 0.000 0.000 0.000 0.516 0.508 0.523 0.526 0.555
  12 0.000 0.000 0.000 0.000 0.000 0.000 0.000 0.000 0.518 0.531 0.534 0.563
    year
age   1984  1985  1986  1987  1988  1989  1990  1991  1992  1993  1994  1995
  0  0.000 0.000 0.000 0.000 0.000 0.000 0.000 0.000 0.000 0.000 0.000 0.000
  1  0.081 0.085 0.077 0.078 0.072 0.076 0.074 0.075 0.078 0.078 0.079 0.081
  2  0.194 0.165 0.179 0.148 0.156 0.177 0.138 0.155 0.212 0.197 0.178 0.164
  3  0.253 0.293 0.267 0.240 0.237 0.244 0.222 0.230 0.259 0.268 0.237 0.267
  4  0.295 0.306 0.304 0.286 0.301 0.306 0.287 0.307 0.310 0.315 0.301 0.326
  5  0.324 0.341 0.356 0.374 0.329 0.352 0.339 0.357 0.362 0.360 0.361 0.398
  6  0.393 0.384 0.351 0.386 0.423 0.380 0.373 0.409 0.402 0.416 0.413 0.448
  7  0.436 0.430 0.416 0.411 0.445 0.429 0.414 0.432 0.424 0.454 0.466 0.491
  8  0.441 0.459 0.473 0.429 0.432 0.474 0.409 0.502 0.462 0.465 0.470 0.508
  9  0.479 0.468 0.443 0.482 0.455 0.457 0.437 0.541 0.487 0.484 0.483 0.546
  10 0.520 0.559 0.468 0.499 0.522 0.466 0.514 0.566 0.522 0.511 0.550 0.514
  11 0.510 0.579 0.497 0.470 0.589 0.510 0.523 0.566 0.552 0.585 0.608 0.619
  12 0.550 0.607 0.575 0.549 0.632 0.595 0.529 0.594 0.583 0.577 0.584 0.639
    year
age   1996  1997  1998  1999  2000  2001  2002  2003  2004  2005  2006  2007
  0  0.000 0.000 0.000 0.000 0.000 0.000 0.000 0.000 0.000 0.000 0.000 0.000
  1  0.076 0.076 0.077 0.081 0.074 0.078 0.078 0.074 0.059 0.074 0.076 0.064
  2  0.133 0.186 0.149 0.194 0.185 0.164 0.181 0.181 0.138 0.168 0.178 0.169
  3  0.251 0.228 0.223 0.242 0.235 0.241 0.239 0.273 0.246 0.238 0.228 0.225
  4  0.317 0.296 0.285 0.301 0.289 0.342 0.311 0.316 0.313 0.336 0.297 0.277
  5  0.366 0.361 0.342 0.353 0.350 0.390 0.364 0.371 0.355 0.381 0.345 0.308
  6  0.444 0.402 0.400 0.396 0.390 0.446 0.411 0.446 0.412 0.401 0.391 0.363
  7  0.462 0.445 0.426 0.423 0.426 0.459 0.436 0.446 0.463 0.481 0.436 0.439
  8  0.501 0.478 0.466 0.440 0.447 0.499 0.462 0.475 0.462 0.501 0.458 0.448
  9  0.565 0.519 0.502 0.485 0.485 0.529 0.500 0.584 0.508 0.550 0.517 0.498
  10 0.573 0.537 0.549 0.498 0.492 0.576 0.522 0.527 0.520 0.550 0.523 0.517
  11 0.611 0.532 0.524 0.465 0.532 0.603 0.533 0.599 0.538 0.576 0.578 0.542
  12 0.632 0.585 0.580 0.565 0.544 0.586 0.565 0.610 0.590 0.590 0.614 0.565
    year
age   2008  2009  2010
  0  0.000 0.000 0.000
  1  0.071 0.071 0.071
  2  0.157 0.174 0.150
  3  0.198 0.221 0.211
  4  0.270 0.268 0.254
  5  0.323 0.317 0.299
  6  0.339 0.359 0.351
  7  0.413 0.395 0.393
  8  0.431 0.449 0.414
  9  0.457 0.460 0.445
  10 0.463 0.517 0.484
  11 0.506 0.551 0.552
  12 0.531 0.545 0.571


TABLE 2.7.1.4 NEA Mackerel. NATURAL MORTALITY

Units  :  NA 
    year
age  1972 1973 1974 1975 1976 1977 1978 1979 1980 1981 1982 1983 1984 1985 1986
  0  0.15 0.15 0.15 0.15 0.15 0.15 0.15 0.15 0.15 0.15 0.15 0.15 0.15 0.15 0.15
  1  0.15 0.15 0.15 0.15 0.15 0.15 0.15 0.15 0.15 0.15 0.15 0.15 0.15 0.15 0.15
  2  0.15 0.15 0.15 0.15 0.15 0.15 0.15 0.15 0.15 0.15 0.15 0.15 0.15 0.15 0.15
  3  0.15 0.15 0.15 0.15 0.15 0.15 0.15 0.15 0.15 0.15 0.15 0.15 0.15 0.15 0.15
  4  0.15 0.15 0.15 0.15 0.15 0.15 0.15 0.15 0.15 0.15 0.15 0.15 0.15 0.15 0.15
  5  0.15 0.15 0.15 0.15 0.15 0.15 0.15 0.15 0.15 0.15 0.15 0.15 0.15 0.15 0.15
  6  0.15 0.15 0.15 0.15 0.15 0.15 0.15 0.15 0.15 0.15 0.15 0.15 0.15 0.15 0.15
  7  0.15 0.15 0.15 0.15 0.15 0.15 0.15 0.15 0.15 0.15 0.15 0.15 0.15 0.15 0.15
  8  0.15 0.15 0.15 0.15 0.15 0.15 0.15 0.15 0.15 0.15 0.15 0.15 0.15 0.15 0.15
  9  0.15 0.15 0.15 0.15 0.15 0.15 0.15 0.15 0.15 0.15 0.15 0.15 0.15 0.15 0.15
  10 0.15 0.15 0.15 0.15 0.15 0.15 0.15 0.15 0.15 0.15 0.15 0.15 0.15 0.15 0.15
  11 0.15 0.15 0.15 0.15 0.15 0.15 0.15 0.15 0.15 0.15 0.15 0.15 0.15 0.15 0.15
  12 0.15 0.15 0.15 0.15 0.15 0.15 0.15 0.15 0.15 0.15 0.15 0.15 0.15 0.15 0.15
    year
age  1987 1988 1989 1990 1991 1992 1993 1994 1995 1996 1997 1998 1999 2000 2001
  0  0.15 0.15 0.15 0.15 0.15 0.15 0.15 0.15 0.15 0.15 0.15 0.15 0.15 0.15 0.15
  1  0.15 0.15 0.15 0.15 0.15 0.15 0.15 0.15 0.15 0.15 0.15 0.15 0.15 0.15 0.15
  2  0.15 0.15 0.15 0.15 0.15 0.15 0.15 0.15 0.15 0.15 0.15 0.15 0.15 0.15 0.15
  3  0.15 0.15 0.15 0.15 0.15 0.15 0.15 0.15 0.15 0.15 0.15 0.15 0.15 0.15 0.15
  4  0.15 0.15 0.15 0.15 0.15 0.15 0.15 0.15 0.15 0.15 0.15 0.15 0.15 0.15 0.15
  5  0.15 0.15 0.15 0.15 0.15 0.15 0.15 0.15 0.15 0.15 0.15 0.15 0.15 0.15 0.15
  6  0.15 0.15 0.15 0.15 0.15 0.15 0.15 0.15 0.15 0.15 0.15 0.15 0.15 0.15 0.15
  7  0.15 0.15 0.15 0.15 0.15 0.15 0.15 0.15 0.15 0.15 0.15 0.15 0.15 0.15 0.15
  8  0.15 0.15 0.15 0.15 0.15 0.15 0.15 0.15 0.15 0.15 0.15 0.15 0.15 0.15 0.15
  9  0.15 0.15 0.15 0.15 0.15 0.15 0.15 0.15 0.15 0.15 0.15 0.15 0.15 0.15 0.15
  10 0.15 0.15 0.15 0.15 0.15 0.15 0.15 0.15 0.15 0.15 0.15 0.15 0.15 0.15 0.15
  11 0.15 0.15 0.15 0.15 0.15 0.15 0.15 0.15 0.15 0.15 0.15 0.15 0.15 0.15 0.15
  12 0.15 0.15 0.15 0.15 0.15 0.15 0.15 0.15 0.15 0.15 0.15 0.15 0.15 0.15 0.15
    year
age  2002 2003 2004 2005 2006 2007 2008 2009 2010
  0  0.15 0.15 0.15 0.15 0.15 0.15 0.15 0.15 0.15
  1  0.15 0.15 0.15 0.15 0.15 0.15 0.15 0.15 0.15
  2  0.15 0.15 0.15 0.15 0.15 0.15 0.15 0.15 0.15
  3  0.15 0.15 0.15 0.15 0.15 0.15 0.15 0.15 0.15
  4  0.15 0.15 0.15 0.15 0.15 0.15 0.15 0.15 0.15
  5  0.15 0.15 0.15 0.15 0.15 0.15 0.15 0.15 0.15
  6  0.15 0.15 0.15 0.15 0.15 0.15 0.15 0.15 0.15
  7  0.15 0.15 0.15 0.15 0.15 0.15 0.15 0.15 0.15
  8  0.15 0.15 0.15 0.15 0.15 0.15 0.15 0.15 0.15
  9  0.15 0.15 0.15 0.15 0.15 0.15 0.15 0.15 0.15
  10 0.15 0.15 0.15 0.15 0.15 0.15 0.15 0.15 0.15
  11 0.15 0.15 0.15 0.15 0.15 0.15 0.15 0.15 0.15
  12 0.15 0.15 0.15 0.15 0.15 0.15 0.15 0.15 0.15


TABLE 2.7.1.5 NEA Mackerel. PROPORTION MATURE

Units  :  NA 
    year
age  1972 1973 1974 1975 1976 1977 1978 1979 1980 1981 1982 1983 1984 1985 1986
  0  0.00 0.00 0.00 0.00 0.00 0.00 0.00 0.00 0.00 0.00 0.00 0.00 0.00 0.00 0.00
  1  0.05 0.05 0.05 0.06 0.06 0.06 0.06 0.06 0.06 0.07 0.07 0.07 0.07 0.07 0.07
  2  0.53 0.54 0.54 0.55 0.55 0.55 0.56 0.56 0.57 0.57 0.57 0.58 0.58 0.58 0.58
  3  0.90 0.90 0.90 0.89 0.89 0.89 0.89 0.89 0.89 0.88 0.88 0.88 0.88 0.88 0.88
  4  0.98 0.98 0.98 0.98 0.98 0.98 0.98 0.98 0.98 0.98 0.98 0.98 0.97 0.97 0.97
  5  0.98 0.98 0.98 0.98 0.98 0.98 0.98 0.98 0.98 0.98 0.98 0.98 0.97 0.97 0.97
  6  0.99 0.99 0.99 0.99 0.99 0.99 0.99 0.99 0.99 0.99 0.99 0.99 0.99 0.99 0.99
  7  1.00 1.00 1.00 1.00 1.00 1.00 1.00 1.00 1.00 1.00 1.00 1.00 1.00 1.00 1.00
  8  1.00 1.00 1.00 1.00 1.00 1.00 1.00 1.00 1.00 1.00 1.00 1.00 1.00 1.00 1.00
  9  1.00 1.00 1.00 1.00 1.00 1.00 1.00 1.00 1.00 1.00 1.00 1.00 1.00 1.00 1.00
  10 1.00 1.00 1.00 1.00 1.00 1.00 1.00 1.00 1.00 1.00 1.00 1.00 1.00 1.00 1.00
  11 1.00 1.00 1.00 1.00 1.00 1.00 1.00 1.00 1.00 1.00 1.00 1.00 1.00 1.00 1.00
  12 1.00 1.00 1.00 1.00 1.00 1.00 1.00 1.00 1.00 1.00 1.00 1.00 1.00 1.00 1.00
    year
age  1987 1988 1989 1990 1991 1992 1993 1994 1995 1996 1997 1998 1999 2000 2001
  0  0.00 0.00 0.00 0.00 0.00 0.00 0.00 0.00 0.00 0.00 0.00 0.00 0.00 0.00 0.00
  1  0.07 0.07 0.07 0.07 0.07 0.07 0.07 0.07 0.07 0.07 0.07 0.07 0.07 0.07 0.07
  2  0.58 0.58 0.58 0.58 0.58 0.58 0.58 0.58 0.58 0.58 0.58 0.58 0.58 0.58 0.59
  3  0.88 0.88 0.88 0.88 0.88 0.88 0.88 0.88 0.88 0.88 0.88 0.86 0.86 0.86 0.88
  4  0.97 0.97 0.97 0.97 0.97 0.97 0.97 0.97 0.97 0.97 0.97 0.98 0.98 0.98 0.97
  5  0.97 0.97 0.97 0.97 0.97 0.97 0.97 0.97 0.97 0.97 0.97 0.98 0.98 0.98 0.97
  6  0.99 0.99 0.99 0.99 0.99 0.99 0.99 0.99 0.99 0.99 0.99 0.99 0.99 0.99 0.99
  7  1.00 1.00 1.00 1.00 1.00 1.00 1.00 1.00 1.00 1.00 1.00 1.00 1.00 1.00 1.00
  8  1.00 1.00 1.00 1.00 1.00 1.00 1.00 1.00 1.00 1.00 1.00 1.00 1.00 1.00 1.00
  9  1.00 1.00 1.00 1.00 1.00 1.00 1.00 1.00 1.00 1.00 1.00 1.00 1.00 1.00 1.00
  10 1.00 1.00 1.00 1.00 1.00 1.00 1.00 1.00 1.00 1.00 1.00 1.00 1.00 1.00 1.00
  11 1.00 1.00 1.00 1.00 1.00 1.00 1.00 1.00 1.00 1.00 1.00 1.00 1.00 1.00 1.00
  12 1.00 1.00 1.00 1.00 1.00 1.00 1.00 1.00 1.00 1.00 1.00 1.00 1.00 1.00 1.00
    year
age  2002 2003 2004 2005 2006 2007 2008 2009 2010
  0  0.00 0.00 0.00 0.00 0.00 0.00 0.00 0.00 0.00
  1  0.07 0.07 0.07 0.07 0.07 0.07 0.07 0.07 0.07
  2  0.59 0.59 0.59 0.58 0.57 0.58 0.58 0.58 0.58
  3  0.88 0.88 0.88 0.89 0.89 0.87 0.87 0.86 0.87
  4  0.97 0.97 0.97 0.98 0.98 0.98 0.98 0.98 0.98
  5  0.97 0.97 0.97 0.98 0.98 0.98 0.98 0.98 0.98
  6  0.99 0.99 0.99 0.99 0.99 0.99 0.99 0.99 0.99
  7  1.00 1.00 1.00 1.00 1.00 1.00 1.00 1.00 1.00
  8  1.00 1.00 1.00 1.00 1.00 1.00 1.00 1.00 1.00
  9  1.00 1.00 1.00 1.00 1.00 1.00 1.00 1.00 1.00
  10 1.00 1.00 1.00 1.00 1.00 1.00 1.00 1.00 1.00
  11 1.00 1.00 1.00 1.00 1.00 1.00 1.00 1.00 1.00
  12 1.00 1.00 1.00 1.00 1.00 1.00 1.00 1.00 1.00


TABLE 2.7.1.6 NEA Mackerel. FRACTION OF HARVEST BEFORE SPAWNING

Units  :  NA 
    year
age   1972  1973  1974  1975  1976  1977  1978  1979  1980  1981  1982  1983
  0  0.421 0.421 0.421 0.421 0.421 0.421 0.421 0.421 0.421 0.421 0.421 0.421
  1  0.421 0.421 0.421 0.421 0.421 0.421 0.421 0.421 0.421 0.421 0.421 0.421
  2  0.421 0.421 0.421 0.421 0.421 0.421 0.421 0.421 0.421 0.421 0.421 0.421
  3  0.421 0.421 0.421 0.421 0.421 0.421 0.421 0.421 0.421 0.421 0.421 0.421
  4  0.421 0.421 0.421 0.421 0.421 0.421 0.421 0.421 0.421 0.421 0.421 0.421
  5  0.421 0.421 0.421 0.421 0.421 0.421 0.421 0.421 0.421 0.421 0.421 0.421
  6  0.421 0.421 0.421 0.421 0.421 0.421 0.421 0.421 0.421 0.421 0.421 0.421
  7  0.421 0.421 0.421 0.421 0.421 0.421 0.421 0.421 0.421 0.421 0.421 0.421
  8  0.421 0.421 0.421 0.421 0.421 0.421 0.421 0.421 0.421 0.421 0.421 0.421
  9  0.421 0.421 0.421 0.421 0.421 0.421 0.421 0.421 0.421 0.421 0.421 0.421
  10 0.421 0.421 0.421 0.421 0.421 0.421 0.421 0.421 0.421 0.421 0.421 0.421
  11 0.421 0.421 0.421 0.421 0.421 0.421 0.421 0.421 0.421 0.421 0.421 0.421
  12 0.421 0.421 0.421 0.421 0.421 0.421 0.421 0.421 0.421 0.421 0.421 0.421
    year
age   1984  1985  1986  1987  1988  1989  1990  1991  1992  1993  1994  1995
  0  0.421 0.421 0.421 0.421 0.421 0.421 0.421 0.421 0.421 0.421 0.421 0.421
  1  0.421 0.421 0.421 0.421 0.421 0.421 0.421 0.421 0.421 0.421 0.421 0.421
  2  0.421 0.421 0.421 0.421 0.421 0.421 0.421 0.421 0.421 0.421 0.421 0.421
  3  0.421 0.421 0.421 0.421 0.421 0.421 0.421 0.421 0.421 0.421 0.421 0.421
  4  0.421 0.421 0.421 0.421 0.421 0.421 0.421 0.421 0.421 0.421 0.421 0.421
  5  0.421 0.421 0.421 0.421 0.421 0.421 0.421 0.421 0.421 0.421 0.421 0.421
  6  0.421 0.421 0.421 0.421 0.421 0.421 0.421 0.421 0.421 0.421 0.421 0.421
  7  0.421 0.421 0.421 0.421 0.421 0.421 0.421 0.421 0.421 0.421 0.421 0.421
  8  0.421 0.421 0.421 0.421 0.421 0.421 0.421 0.421 0.421 0.421 0.421 0.421
  9  0.421 0.421 0.421 0.421 0.421 0.421 0.421 0.421 0.421 0.421 0.421 0.421
  10 0.421 0.421 0.421 0.421 0.421 0.421 0.421 0.421 0.421 0.421 0.421 0.421
  11 0.421 0.421 0.421 0.421 0.421 0.421 0.421 0.421 0.421 0.421 0.421 0.421
  12 0.421 0.421 0.421 0.421 0.421 0.421 0.421 0.421 0.421 0.421 0.421 0.421
    year
age   1996  1997  1998  1999  2000  2001  2002  2003  2004  2005  2006  2007
  0  0.421 0.421 0.421 0.421 0.421 0.421 0.421 0.421 0.421 0.421 0.421 0.421
  1  0.421 0.421 0.421 0.421 0.421 0.421 0.421 0.421 0.421 0.421 0.421 0.421
  2  0.421 0.421 0.421 0.421 0.421 0.421 0.421 0.421 0.421 0.421 0.421 0.421
  3  0.421 0.421 0.421 0.421 0.421 0.421 0.421 0.421 0.421 0.421 0.421 0.421
  4  0.421 0.421 0.421 0.421 0.421 0.421 0.421 0.421 0.421 0.421 0.421 0.421
  5  0.421 0.421 0.421 0.421 0.421 0.421 0.421 0.421 0.421 0.421 0.421 0.421
  6  0.421 0.421 0.421 0.421 0.421 0.421 0.421 0.421 0.421 0.421 0.421 0.421
  7  0.421 0.421 0.421 0.421 0.421 0.421 0.421 0.421 0.421 0.421 0.421 0.421
  8  0.421 0.421 0.421 0.421 0.421 0.421 0.421 0.421 0.421 0.421 0.421 0.421
  9  0.421 0.421 0.421 0.421 0.421 0.421 0.421 0.421 0.421 0.421 0.421 0.421
  10 0.421 0.421 0.421 0.421 0.421 0.421 0.421 0.421 0.421 0.421 0.421 0.421
  11 0.421 0.421 0.421 0.421 0.421 0.421 0.421 0.421 0.421 0.421 0.421 0.421
  12 0.421 0.421 0.421 0.421 0.421 0.421 0.421 0.421 0.421 0.421 0.421 0.421
    year
age   2008  2009  2010
  0  0.421 0.421 0.421
  1  0.421 0.421 0.421
  2  0.421 0.421 0.421
  3  0.421 0.421 0.421
  4  0.421 0.421 0.421
  5  0.421 0.421 0.421
  6  0.421 0.421 0.421
  7  0.421 0.421 0.421
  8  0.421 0.421 0.421
  9  0.421 0.421 0.421
  10 0.421 0.421 0.421
  11 0.421 0.421 0.421
  12 0.421 0.421 0.421


TABLE 2.7.1.7 NEA Mackerel. FRACTION OF NATURAL MORTALITY BEFORE SPAWNING

Units  :  NA 
    year
age  1972 1973 1974 1975 1976 1977 1978 1979 1980 1981 1982 1983 1984 1985 1986
  0  0.35 0.35 0.35 0.35 0.35 0.35 0.35 0.35 0.35 0.35 0.35 0.35 0.35 0.35 0.35
  1  0.35 0.35 0.35 0.35 0.35 0.35 0.35 0.35 0.35 0.35 0.35 0.35 0.35 0.35 0.35
  2  0.35 0.35 0.35 0.35 0.35 0.35 0.35 0.35 0.35 0.35 0.35 0.35 0.35 0.35 0.35
  3  0.35 0.35 0.35 0.35 0.35 0.35 0.35 0.35 0.35 0.35 0.35 0.35 0.35 0.35 0.35
  4  0.35 0.35 0.35 0.35 0.35 0.35 0.35 0.35 0.35 0.35 0.35 0.35 0.35 0.35 0.35
  5  0.35 0.35 0.35 0.35 0.35 0.35 0.35 0.35 0.35 0.35 0.35 0.35 0.35 0.35 0.35
  6  0.35 0.35 0.35 0.35 0.35 0.35 0.35 0.35 0.35 0.35 0.35 0.35 0.35 0.35 0.35
  7  0.35 0.35 0.35 0.35 0.35 0.35 0.35 0.35 0.35 0.35 0.35 0.35 0.35 0.35 0.35
  8  0.35 0.35 0.35 0.35 0.35 0.35 0.35 0.35 0.35 0.35 0.35 0.35 0.35 0.35 0.35
  9  0.35 0.35 0.35 0.35 0.35 0.35 0.35 0.35 0.35 0.35 0.35 0.35 0.35 0.35 0.35
  10 0.35 0.35 0.35 0.35 0.35 0.35 0.35 0.35 0.35 0.35 0.35 0.35 0.35 0.35 0.35
  11 0.35 0.35 0.35 0.35 0.35 0.35 0.35 0.35 0.35 0.35 0.35 0.35 0.35 0.35 0.35
  12 0.35 0.35 0.35 0.35 0.35 0.35 0.35 0.35 0.35 0.35 0.35 0.35 0.35 0.35 0.35
    year
age  1987 1988 1989 1990 1991 1992 1993 1994 1995 1996 1997 1998 1999 2000 2001
  0  0.35 0.35 0.35 0.35 0.35 0.35 0.35 0.35 0.35 0.35 0.35 0.35 0.35 0.35 0.35
  1  0.35 0.35 0.35 0.35 0.35 0.35 0.35 0.35 0.35 0.35 0.35 0.35 0.35 0.35 0.35
  2  0.35 0.35 0.35 0.35 0.35 0.35 0.35 0.35 0.35 0.35 0.35 0.35 0.35 0.35 0.35
  3  0.35 0.35 0.35 0.35 0.35 0.35 0.35 0.35 0.35 0.35 0.35 0.35 0.35 0.35 0.35
  4  0.35 0.35 0.35 0.35 0.35 0.35 0.35 0.35 0.35 0.35 0.35 0.35 0.35 0.35 0.35
  5  0.35 0.35 0.35 0.35 0.35 0.35 0.35 0.35 0.35 0.35 0.35 0.35 0.35 0.35 0.35
  6  0.35 0.35 0.35 0.35 0.35 0.35 0.35 0.35 0.35 0.35 0.35 0.35 0.35 0.35 0.35
  7  0.35 0.35 0.35 0.35 0.35 0.35 0.35 0.35 0.35 0.35 0.35 0.35 0.35 0.35 0.35
  8  0.35 0.35 0.35 0.35 0.35 0.35 0.35 0.35 0.35 0.35 0.35 0.35 0.35 0.35 0.35
  9  0.35 0.35 0.35 0.35 0.35 0.35 0.35 0.35 0.35 0.35 0.35 0.35 0.35 0.35 0.35
  10 0.35 0.35 0.35 0.35 0.35 0.35 0.35 0.35 0.35 0.35 0.35 0.35 0.35 0.35 0.35
  11 0.35 0.35 0.35 0.35 0.35 0.35 0.35 0.35 0.35 0.35 0.35 0.35 0.35 0.35 0.35
  12 0.35 0.35 0.35 0.35 0.35 0.35 0.35 0.35 0.35 0.35 0.35 0.35 0.35 0.35 0.35
    year
age  2002 2003 2004 2005 2006 2007 2008 2009 2010
  0  0.35 0.35 0.35 0.35 0.35 0.35 0.35 0.35 0.35
  1  0.35 0.35 0.35 0.35 0.35 0.35 0.35 0.35 0.35
  2  0.35 0.35 0.35 0.35 0.35 0.35 0.35 0.35 0.35
  3  0.35 0.35 0.35 0.35 0.35 0.35 0.35 0.35 0.35
  4  0.35 0.35 0.35 0.35 0.35 0.35 0.35 0.35 0.35
  5  0.35 0.35 0.35 0.35 0.35 0.35 0.35 0.35 0.35
  6  0.35 0.35 0.35 0.35 0.35 0.35 0.35 0.35 0.35
  7  0.35 0.35 0.35 0.35 0.35 0.35 0.35 0.35 0.35
  8  0.35 0.35 0.35 0.35 0.35 0.35 0.35 0.35 0.35
  9  0.35 0.35 0.35 0.35 0.35 0.35 0.35 0.35 0.35
  10 0.35 0.35 0.35 0.35 0.35 0.35 0.35 0.35 0.35
  11 0.35 0.35 0.35 0.35 0.35 0.35 0.35 0.35 0.35
  12 0.35 0.35 0.35 0.35 0.35 0.35 0.35 0.35 0.35


TABLE 2.7.1.8 NEA Mackerel. SURVEY INDICES

 - Configuration

""
      min       max plusgroup   minyear   maxyear    startf      endf 
       NA        NA        NA      1972      2010        NA        NA 
Index type : biomass

 - Index Values

Units  :  NA 
     year
age   1972 1973 1974 1975 1976 1977 1978 1979 1980 1981 1982 1983 1984 1985
  all   NA   NA   NA   NA   NA   NA   NA   NA   NA   NA   NA   NA   NA   NA
     year
age   1986 1987 1988 1989 1990 1991    1992 1993 1994    1995 1996 1997    1998
  all   NA   NA   NA   NA   NA   NA 3370000   NA   NA 2840000   NA   NA 3750000
     year
age   1999 2000    2001 2002 2003    2004 2005 2006    2007 2008 2009    2010
  all   NA   NA 2900000   NA   NA 2750000   NA   NA 3646000   NA   NA 4289000

 - Index Variance (Inverse Weights) 

Units  :  NA 
     year
age   1972 1973 1974 1975 1976 1977 1978 1979 1980 1981 1982 1983 1984 1985
  all  0.1  0.1  0.1  0.1  0.1  0.1  0.1  0.1  0.1  0.1  0.1  0.1  0.1  0.1
     year
age   1986 1987 1988 1989 1990 1991 1992 1993 1994 1995 1996 1997 1998 1999
  all  0.1  0.1  0.1  0.1  0.1  0.1  0.1  0.1  0.1  0.1  0.1  0.1  0.1  0.1
     year
age   2000 2001 2002 2003 2004 2005 2006 2007 2008 2009 2010
  all  0.1  0.1  0.1  0.1  0.1  0.1  0.1  0.1  0.1  0.1  0.1


TABLE 2.7.1.9 NEA Mackerel. STOCK OBJECT CONFIGURATION

      min       max plusgroup   minyear   maxyear   minfbar   maxfbar 
        0        12        12      1972      2010         4         8 


TABLE 2.7.1.10 NEA Mackerel. FLICA CONFIGURATION SETTINGS

sep.2       : NA
sep.gradual : TRUE
sr          : FALSE
sr.age      : 0
lambda.age  : 0.0033333 0.033333 0.33333 0.33333 0.33333 0.33333 0.33333 0.33333 0.33333 0.33333 0.33333 0.33333 0
lambda.yr   : 1 1 1 1 1 1 1 1 1 1 1 1
lambda.sr   : 0.01
index.model : linear
index.cor   : -92559631349317830736220086604086468264682600488620284042662244
sep.nyr     : 12
sep.age     : 5
sep.sel     : 1.5


TABLE 2.7.1.11 NEA Mackerel. FLR, R SOFTWARE VERSIONS

R version 2.8.1 (2008-12-22)

Package  : FLICA
Version  : 1.4-10
Packaged : Sat Mar 21 18:30:56 2009; mpa
Built    : R 2.8.0; ; 2009-03-21 18:30:58; windows

Package  : FLAssess
Version  : 1.99-102
Packaged : Mon Mar 23 08:18:19 2009; mpa
Built    : R 2.8.0; i386-pc-mingw32; 2009-03-23 08:18:21; windows

Package  : FLCore
Version  : 2.2
Packaged : Tue May 19 19:23:18 2009; Administrator
Built    : R 2.8.1; i386-pc-mingw32; 2009-05-19 19:23:22; windows


TABLE 2.7.1.12 NEA Mackerel. STOCK SUMMARY

Year Recruitment     TSB     SSB       Fbar Landings Landings
           Age 0                 (Ages 4-8)               SOP
                                          f   Tonnes         
1972     2068623 5152733 3823380     0.0194   361262   1.0000
1973     4683337 5043425 3874479     0.1856   570719   1.0000
1974     3903137 4916841 3691459     0.2098   607473   1.0000
1975     4842439 4726686 3414189     0.2244   784329   1.0000
1976     4872152 4441549 3083405     0.2632   828434   1.0000
1977      932132 4137636 2910433     0.2036   620016   1.0000
1978     3193365 3792223 2865111     0.2004   736519   1.0000
1979     5254814 3365480 2411640     0.2650   842739   1.0000
1980     5488305 3062440 2011767     0.2566   734950   1.0000
1981     7151703 3174667 2029471     0.2398   754045   1.0000
1982     1983343 3120061 1965373     0.2336   716987   1.0000
1983     1533408 3250467 2271391     0.2220   672283   1.0000
1984     7319238 3038895 2302573     0.2310   641928   1.0000
1985     3256302 3208651 2235278     0.2260   614371   1.0000
1986     3366656 3226834 2270278     0.2394   602201   1.0000
1987     5054409 3103095 2274055     0.2258   654992   1.0000
1988     3562320 3175734 2278730     0.2486   680491   1.0000
1989     4362393 3261082 2359962     0.1866   585920   1.0000
1990     3121117 3056376 2232058     0.1878   626107   1.0000
1991     3593115 3338363 2482928     0.2324   675665   1.0000
1992     4455735 3445708 2502499     0.2614   760690   1.0000
1993     5232681 3360617 2335733     0.3280   824568   1.0000
1994     4333945 3202373 2138052     0.3686   819087   1.0000
1995     3941891 3351007 2287940     0.3592   756277   1.0000
1996     3939351 3139193 2271747     0.2496   563472   1.0000
1997     3131927 3243405 2341682     0.2488   573029   1.0000
1998     3023191 3076361 2249411     0.2854   666316   1.0000
1999     3078635 3129469 2281957     0.3034   640309   1.0002
2000     2100914 2889062 2068453     0.3536   738606   1.0002
2001     4624870 2818169 2030317     0.4002   737463   1.0001
2002     7391517 2539135 1682344     0.4502   772905   1.0000
2003     3593739 2787764 1685899     0.4562   669600   1.0002
2004     4713224 2650960 1765752     0.4234   650221   1.0005
2005     7591298 3092520 2187884     0.3066   543486   1.0003
2006     7645220 3446060 2335167     0.2508   472652   1.0006
2007     4406074 3796265 2543583     0.2836   579379   1.0000
2008     4383713 3936194 2803086     0.2558   612856   1.0009
2009     4040332 4228534 3144025     0.2500   734889   1.0014
2010     3899157 3971309 2992033     0.2576   869451   1.0033


TABLE 2.7.1.13 NEA Mackerel. ESTIMATED FISHING MORTALITY

Units  :  f 
    year
age   1972  1973  1974  1975  1976  1977  1978  1979  1980  1981  1982  1983
  0  0.006 0.004 0.008 0.008 0.014 0.007 0.012 0.024 0.007 0.009 0.006 0.005
  1  0.008 0.029 0.029 0.021 0.076 0.047 0.048 0.154 0.106 0.065 0.038 0.031
  2  0.028 0.019 0.035 0.030 0.100 0.113 0.195 0.109 0.236 0.172 0.131 0.153
  3  0.053 0.071 0.047 0.077 0.155 0.118 0.211 0.317 0.148 0.202 0.229 0.178
  4  0.097 0.144 0.123 0.101 0.215 0.131 0.198 0.267 0.266 0.099 0.232 0.269
  5  0.000 0.160 0.203 0.185 0.158 0.113 0.216 0.258 0.267 0.223 0.103 0.233
  6  0.000 0.199 0.182 0.169 0.213 0.125 0.177 0.283 0.217 0.278 0.246 0.101
  7  0.000 0.209 0.266 0.416 0.388 0.244 0.155 0.305 0.251 0.261 0.277 0.236
  8  0.000 0.216 0.275 0.251 0.342 0.405 0.256 0.212 0.282 0.338 0.310 0.271
  9  0.000 0.228 0.291 0.265 0.225 0.268 0.391 0.414 0.238 0.334 0.400 0.260
  10 0.000 0.266 0.338 0.308 0.262 0.188 0.454 0.586 0.388 0.428 0.368 0.381
  11 0.000 0.240 0.305 0.278 0.237 0.170 0.324 0.818 0.708 0.572 0.493 0.463
  12 0.000 0.240 0.305 0.278 0.237 0.170 0.324 0.818 0.708 0.572 0.493 0.463
    year
age   1984  1985  1986  1987  1988  1989  1990  1991  1992  1993  1994  1995
  0  0.043 0.027 0.016 0.002 0.018 0.016 0.008 0.003 0.011 0.004 0.006 0.004
  1  0.027 0.049 0.023 0.015 0.039 0.023 0.042 0.024 0.030 0.037 0.036 0.024
  2  0.068 0.021 0.097 0.076 0.063 0.098 0.093 0.078 0.078 0.092 0.079 0.104
  3  0.219 0.057 0.046 0.204 0.119 0.121 0.171 0.118 0.172 0.175 0.178 0.158
  4  0.226 0.205 0.093 0.083 0.240 0.138 0.163 0.221 0.209 0.278 0.252 0.226
  5  0.277 0.213 0.243 0.141 0.139 0.238 0.175 0.206 0.266 0.284 0.331 0.265
  6  0.269 0.279 0.258 0.242 0.190 0.123 0.247 0.202 0.248 0.350 0.340 0.355
  7  0.145 0.259 0.336 0.284 0.303 0.176 0.142 0.293 0.261 0.376 0.449 0.450
  8  0.238 0.174 0.267 0.379 0.371 0.258 0.212 0.240 0.323 0.352 0.471 0.500
  9  0.275 0.274 0.166 0.344 0.428 0.344 0.305 0.274 0.379 0.491 0.513 0.606
  10 0.309 0.340 0.291 0.363 0.334 0.443 0.263 0.420 0.370 0.518 0.430 0.532
  11 0.400 0.361 0.339 0.368 0.416 0.369 0.405 0.377 0.432 0.530 0.536 0.530
  12 0.400 0.361 0.339 0.368 0.416 0.369 0.405 0.377 0.432 0.530 0.536 0.530
    year
age   1996  1997  1998  1999  2000  2001  2002  2003  2004  2005  2006  2007
  0  0.010 0.012 0.022 0.005 0.006 0.006 0.007 0.007 0.007 0.005 0.004 0.005
  1  0.039 0.047 0.041 0.017 0.020 0.023 0.026 0.026 0.024 0.018 0.014 0.016
  2  0.060 0.074 0.094 0.053 0.062 0.070 0.078 0.079 0.074 0.053 0.044 0.049
  3  0.132 0.107 0.136 0.126 0.146 0.166 0.186 0.189 0.175 0.127 0.104 0.117
  4  0.178 0.207 0.196 0.205 0.239 0.270 0.304 0.308 0.286 0.207 0.169 0.191
  5  0.212 0.223 0.294 0.267 0.312 0.353 0.397 0.402 0.373 0.270 0.221 0.250
  6  0.201 0.233 0.280 0.333 0.388 0.440 0.494 0.501 0.465 0.337 0.276 0.312
  7  0.357 0.257 0.311 0.350 0.407 0.461 0.519 0.526 0.488 0.353 0.289 0.327
  8  0.300 0.324 0.346 0.362 0.422 0.477 0.537 0.544 0.505 0.366 0.299 0.338
  9  0.506 0.338 0.380 0.382 0.445 0.504 0.567 0.574 0.534 0.386 0.316 0.357
  10 0.449 0.420 0.341 0.445 0.518 0.587 0.660 0.668 0.621 0.449 0.368 0.416
  11 0.436 0.440 0.470 0.401 0.467 0.529 0.595 0.603 0.560 0.405 0.332 0.375
  12 0.436 0.440 0.470 0.401 0.467 0.529 0.595 0.603 0.560 0.405 0.332 0.375
    year
age   2008  2009  2010
  0  0.004 0.004 0.004
  1  0.015 0.014 0.015
  2  0.045 0.044 0.045
  3  0.106 0.104 0.107
  4  0.173 0.169 0.174
  5  0.225 0.220 0.227
  6  0.281 0.275 0.283
  7  0.295 0.288 0.297
  8  0.305 0.298 0.307
  9  0.322 0.315 0.324
  10 0.375 0.367 0.377
  11 0.338 0.331 0.340
  12 0.338 0.331 0.340


TABLE 2.7.1.14 NEA Mackerel. ESTIMATED POPULATION ABUNDANCE

Units  :  NA 
    year
age     1972    1973    1974    1975    1976    1977    1978    1979    1980
  0  2068623 4683337 3903137 4842439 4872152  932132 3193365 5254814 5488305
  1  5021179 1770557 4015232 3332328 4134404 4135572  796661 2716469 4416738
  2  2048401 4289351 1481064 3355805 2809868 3296628 3397207  653722 2004407
  3  4072505 1715217 3622802 1230840 2802771 2187702 2533172 2405534  504435
  4  7589183 3325115 1375347 2974233  981140 2066160 1673289 1764938 1507740
  5        0 5929422 2477978 1046303 2314514  681049 1559868 1182034 1162902
  6        0       0 4350049 1740389  748283 1701413  523470 1081770  785715
  7        0       0       0 3121457 1265422  520347 1291718  377607  701940
  8        0       0       0       0 1772289  738838  350837  952480  239456
  9        0       0       0       0       0 1083408  423996  233660  663020
  10       0       0       0       0       0       0  713592  246896  132969
  11       0       0       0       0       0       0       0  389925  118314
  12       0       0       0       0       0       0       0       0  220856
    year
age     1981    1982    1983    1984    1985    1986    1987    1988    1989
  0  7151703 1983343 1533408 7319238 3256302 3366656 5054409 3562320 4362393
  1  4693150 6102997 1696717 1313020 6033591 2726934 2851389 4343508 3012701
  2  3420776 3783611 5054701 1415985 1100569 4944021 2293234 2417028 3597067
  3  1361996 2479657 2856028 3731814 1139047  927908 3862318 1828729 1952886
  4   374453  957959 1697601 2057073 2581142  926345  763098 2711022 1397784
  5   994526  291917  653934 1116330 1412311 1809874  726448  604324 1835865
  6   766118  685123  226684  445906  728526  982434 1221303  542910  452682
  7   544108  499287  461277  176433  293207  474442  653398  825183  386541
  8   469833  360846  325848  313711  131423  194750  291897  423302  524622
  9   155507  288510  227789  213922  212891   95025  128298  172028  251325
  10  449818   95830  166493  151097  139856  139305   69271   78314   96517
  11   77625  252385   57062   97868   95443   85665   89622   41484   48290
  12  489747  429489  381587  224906  345641  302642  219804  180989  124385
    year
age     1990    1991    1992    1993    1994    1995    1996    1997    1998
  0  3121117 3593115 4455735 5232681 4333945 3941891 3939351 3131927 3023191
  1  3694141 2663899 3083348 3794822 4485872 3706750 3379138 3355455 2662301
  2  2533509 3049388 2238671 2576420 3147515 3724545 3114885 2797418 2754315
  3  2806510 1986335 2427844 1782120 2022830 2504001 2890185 2524591 2235076
  4  1488655 2035683 1518611 1760210 1287249 1457166 1840498 2179128 1952240
  5  1048018 1088763 1405090 1060628 1147186  860860  999994 1325938 1525322
  6  1245177  757075  762726  926557  687269  709231  568330  696463  913146
  7   344561  837019  532221  512274  561736  420861  427863  400129  474632
  8   278951  257199  537679  352860  302600  308506  231041  257689  266436
  9   348762  194153  174172  334967  213508  162675  161065  147321  160403
  10  153338  221284  127007  102671  176471  110039   76364   83549   90389
  11   53365  101455  125144   75537   52643   98766   55633   41944   47261
  12   89779  180737  208406  177276  148463  103432   92902   75091   65481
    year
age     1999    2000    2001    2002    2003    2004    2005    2006    2007
  0  3078635 2100914 4624870 7391517 3593739 4713224 7591298 7645220 4406074
  1  2545443 2637035 1798122 3955373 6316505 3070780 4029435 6502074 6554045
  2  2199424 2152950 2223990 1512406 3317346 5295803 2579365 3407500 5516077
  3  2157945 1795720 1742507 1785437 1203689 2637473 4234232 2104768 2807492
  4  1678944 1638064 1335092 1270714 1275425  857742 1904808 3209947 1632687
  5  1381487 1177509 1110610  877108  807203  806956  554674 1333076 2332165
  6   978606  910100  742192  671801  507761  464855  478157  364396  919640
  7   594185  603536  531202  411532  352655  264811  251209  293873  238028
  8   299214  360502  345612  288250  210847  179449  139871  151860  189379
  9   162188  179349  203542  184564  145049  105351   93191   83524   96885
  10   94377   95262   98894  105823   90118   70296   53181   54519   52399
  11   55292   52069   48832   47340   47088   39753   32516   29205   32476
  12  105232   98087  105999   95978   72925   45269   33955   38240   46434
    year
age     2008    2009    2010
  0  4383713 4040332 3899157
  1  3775248 3757756 3463722
  2  5549730 3201878 3188092
  3  4519047 4568721 2638514
  4  2148561 3498558 3545394
  5  1160375 1556012 2543484
  6  1563263  797147 1074336
  7   579564 1015815  521252
  8   147728  371440  655334
  9   116209   93715  237243
  10   58333   72468   58863
  11   29755   34506   43228
  12   35802   18829   31937


TABLE 2.7.1.15 NEA Mackerel. SURVIVORS AFTER TERMINAL YEAR

Units  :  NA 
    year
age     2011
  0  3899157
  1  3342307
  2  2937400
  3  2623824
  4  2041355
  5  2564889
  6  1744886
  7   696902
  8   333463
  9   414946
  10  147652
  11   34739
  12   46036


TABLE 2.7.1.16 NEA Mackerel. FITTED SELECTION PATTERN

Units  :  NA 
    year
age   1999  2000  2001  2002  2003  2004  2005  2006  2007  2008  2009  2010
  0  0.018 0.018 0.018 0.018 0.018 0.018 0.018 0.018 0.018 0.018 0.018 0.018
  1  0.065 0.065 0.065 0.065 0.065 0.065 0.065 0.065 0.065 0.065 0.065 0.065
  2  0.197 0.197 0.197 0.197 0.197 0.197 0.197 0.197 0.197 0.197 0.197 0.197
  3  0.470 0.470 0.470 0.470 0.470 0.470 0.470 0.470 0.470 0.470 0.470 0.470
  4  0.766 0.766 0.766 0.766 0.766 0.766 0.766 0.766 0.766 0.766 0.766 0.766
  5  1.000 1.000 1.000 1.000 1.000 1.000 1.000 1.000 1.000 1.000 1.000 1.000
  6  1.247 1.247 1.247 1.247 1.247 1.247 1.247 1.247 1.247 1.247 1.247 1.247
  7  1.308 1.308 1.308 1.308 1.308 1.308 1.308 1.308 1.308 1.308 1.308 1.308
  8  1.353 1.353 1.353 1.353 1.353 1.353 1.353 1.353 1.353 1.353 1.353 1.353
  9  1.429 1.429 1.429 1.429 1.429 1.429 1.429 1.429 1.429 1.429 1.429 1.429
  10 1.663 1.663 1.663 1.663 1.663 1.663 1.663 1.663 1.663 1.663 1.663 1.663
  11 1.500 1.500 1.500 1.500 1.500 1.500 1.500 1.500 1.500 1.500 1.500 1.500
  12 1.500 1.500 1.500 1.500 1.500 1.500 1.500 1.500 1.500 1.500 1.500 1.500


TABLE 2.7.1.17 NEA Mackerel. PREDICTED CATCH IN NUMBERS

Units  :  NA 
    year
age    1972   1973   1974   1975   1976   1977   1978   1979   1980   1981
  0   10707  16997  29277  36171  62510   6077  34623 114529  33101  56682
  1   34979  46267 108077  62908 282818 175220  34513 360698 411327 276229
  2   51652  74544  47410  92385 249293 328732 560738  62909 393025 502365
  3  194461 109015 155390  84509 374245 226560 449338 609522  64549 231814
  4  650980 415015 148543 265129 176793 236116 279236 385578 328206  32814
  5       0 814518 424462 164673 314261  67758 282158 250755 254172 184867
  6       0      0 673317 251420 133822 186619  78877 248099 142978 173349
  7       0      0      0 991632 379790 105004 172213  92655 145385 116328
  8       0      0      0      0 478925 229803  73933 169605  54778 125548
  9       0      0      0      0      0 236966 127975  73900 130771  41186
  10      0      0      0      0      0      0 243333 102363  39920 146186
  11      0      0      0      0      0      0      0 204291  56210  31639
  12      0      0      0      0      0      0      0      0 104927 199615
    year
age    1982   1983   1984   1985   1986   1987   1988   1989   1990   1991
  0   11180   7333 287287  81799  49983   7403  57644  65400  24246  10007
  1  213936  47914  31901 268960  58126  40126 152656  64263 140534  58459
  2  432867 668909  86064  20893 424563 156670 137635 312739 209848 212521
  3  472457 433744 682491  58346  38387 663378 190403 207689 410751 206421
  4  184581 373262 387582 445357  76545  56680 538394 167588 208146 375451
  5   26544 126533 251503 252217 364119  89003  72914 362469 156742 188623
  6  138970  20175  98063 165219 208021 244570  87323  48696 254015 129145
  7  112476  90151  22086  62363 126174 150588 201021  58116  42549 197888
  8   89672  72031  61813  19562  42569  85863 122496 111251  49698  51077
  9   88726  48668  47925  47560  13533  34795  55913  68240  85447  43415
  10  27552  49252  37482  37607  32786  19658  20710  32228  33041  70839
  11  91743  19745  30105  26965  22971  25747  13178  13904  16587  29743
  12 156121 132040  69183  97652  81153  63146  57494  35814  27905  52986
    year
age    1992   1993   1994   1995   1996   1997   1998   1999   2000   2001
  0   43447  19354  25368  14759  37956  36012  61127  13779  10953  27287
  1   83583 128144 147315  81529 119852 144390  99352  40935  49347  38044
  2  156292 210319 221489 340898 168882 186481 229767 105091 119368 139049
  3  356209 266677 306979 340215 333365 238426 264566 236970 227522 247661
  4  266591 398240 267420 275031 279182 378881 323186 289420 323859 294466
  5  306143 244285 301346 186855 177667 246781 361945 301970 293842 307874
  6  156070 255472 184925 197856  96303 135059 207619 258667 273338 246554
  7  113899 149932 189847 142342 119831  84378 118388 163535 188525 183338
  8  138458  97746 106108 113413  55812  66504  72745  84736 115772 122540
  9   51208 121400  80054  69191  59801  39450  47353  48061  60182  75310
  10  36612  38794  57622  42441  25803  26735  24386  31637  36007  41057
  11  40956  29067  20407  37960  18353  13950  16551  17048  18156  18753
  12  68205  68217  57551  39753  30648  24974  22932  32446  34202  40706
    year
age    2002   2003   2004   2005   2006   2007   2008   2009   2010
  0   49022  24147  29429  34330  28330  18445  16552  14915  22881
  1   93975 152027  68725  65468  86661  98619  51265  49896  47322
  2  105890 235209 349784 124493 135335 246879 224509 126697 129747
  3  282588 192802 394969 469513 193268 289427 422431 418009 248082
  4  310287 314962 198783 331437 465623 264845 317092 505720 526195
  5  267993 249294 234557 122345 246396 480579 218115 286626 480723
  6  244865 186970 161574 127498  81856 229592 356958 178476 246626
  7  155672 134750  95579  69742  68822  61905 137952 237114 124730
  8  111923  82689  66511  39954  36627  50696  36212  89296 161485
  9   74684  59273  40722  27852  21111  27153  29847  23610  61252
  10  47854  41135  30430  17975  15661  16642  17020  20751  17262
  11  19858  19944  15939  10111   7692   9475   7962   9058  11627
  12  40260  30887  18151  10558  10071  13548   9580   4943   8590


TABLE 2.7.1.18 NEA Mackerel. CATCH RESIDUALS

Units  :  Thousands NA 
    year
age    1999   2000   2001   2002   2003   2004   2005   2006   2007   2008
  0   1.582  1.199 -0.047  0.362 -0.516 -1.740 -1.924  0.722 -0.182  0.441
  1   0.587  0.730  0.058  0.861  0.181 -1.027 -0.392 -0.224 -0.217 -0.199
  2   0.235  0.180  0.134 -0.418  0.120  0.197  0.058  0.199 -0.263 -0.359
  3  -0.058  0.191 -0.056  0.261 -0.774  0.235  0.343 -0.210 -0.239 -0.088
  4  -0.100  0.188  0.009  0.120 -0.082 -0.331 -0.135  0.006 -0.261 -0.127
  5  -0.072  0.006  0.007 -0.021 -0.078  0.043 -0.032 -0.238 -0.069  0.165
  6  -0.058 -0.124 -0.062 -0.033 -0.035 -0.158 -0.061  0.168 -0.135 -0.340
  7  -0.028 -0.071  0.063 -0.029 -0.018 -0.129 -0.097  0.069  0.196 -0.112
  8   0.023 -0.085 -0.019  0.060  0.119 -0.080 -0.049 -0.097  0.145  0.451
  9   0.052 -0.139 -0.042  0.068  0.232 -0.079 -0.160 -0.117  0.041  0.072
  10 -0.041 -0.141  0.035 -0.089  0.107  0.075  0.040 -0.116 -0.012  0.120
  11  0.000  0.041  0.091  0.084  0.253 -0.035 -0.251  0.078  0.219 -0.161
  12  0.000  0.000  0.000  0.000  0.000  0.000  0.000  0.000  0.000  0.000
    year
age    2009   2010
  0   0.105  0.000
  1  -0.360 -0.005
  2  -0.153  0.041
  3   0.070  0.190
  4   0.196  0.332
  5   0.112  0.240
  6   0.225  0.142
  7  -0.204  0.136
  8  -0.197 -0.458
  9   0.224 -0.288
  10 -0.334  0.207
  11 -0.198 -0.617
  12  0.000  0.000


TABLE 2.7.1.19 NEA Mackerel. PREDICTED INDEX VALUES

NEA.Mac Egg Survey

Units  :  NA NA 
     year
age   1972 1973 1974 1975 1976 1977 1978 1979 1980 1981 1982 1983 1984 1985
  all   NA   NA   NA   NA   NA   NA   NA   NA   NA   NA   NA   NA   NA   NA
     year
age   1986 1987 1988 1989 1990 1991    1992 1993 1994    1995 1996 1997    1998
  all   NA   NA   NA   NA   NA   NA 3599596   NA   NA 3290854   NA   NA 3235527
     year
age   1999 2000    2001 2002 2003    2004 2005 2006    2007 2008 2009    2010
  all   NA   NA 2920461   NA   NA 2539651   NA   NA 3658258   NA   NA 4304027


TABLE 2.7.1.20 NEA Mackerel. INDEX RESIDUALS

NEA.Mac Egg Survey

Units  :  NA 
     year
age   1972 1973 1974 1975 1976 1977 1978 1979 1980 1981 1982 1983 1984 1985
  all   NA   NA   NA   NA   NA   NA   NA   NA   NA   NA   NA   NA   NA   NA
     year
age   1986 1987 1988 1989 1990 1991   1992 1993 1994   1995 1996 1997  1998
  all   NA   NA   NA   NA   NA   NA -0.066   NA   NA -0.147   NA   NA 0.148
     year
age   1999 2000   2001 2002 2003 2004 2005 2006   2007 2008 2009   2010
  all   NA   NA -0.007   NA   NA 0.08   NA   NA -0.003   NA   NA -0.003


TABLE 2.7.1.21 NEA Mackerel. FIT PARAMETERS

                               Value Std.dev Lower.95.pct.CL Upper.95.pct.CL
F, 1999                         0.27    0.11            0.22            0.33
F, 2000                         0.31    0.10            0.26            0.38
F, 2001                         0.35    0.10            0.29            0.43
F, 2002                         0.40    0.10            0.33            0.48
F, 2003                         0.40    0.10            0.33            0.49
F, 2004                         0.37    0.10            0.31            0.46
F, 2005                         0.27    0.11            0.22            0.33
F, 2006                         0.22    0.11            0.18            0.27
F, 2007                         0.25    0.11            0.20            0.31
F, 2008                         0.23    0.11            0.18            0.28
F, 2009                         0.22    0.11            0.18            0.27
F, 2010                         0.23    0.12            0.18            0.29
Selectivity at age 0            0.02    0.75            0.00            0.08
Selectivity at age 1            0.07    0.25            0.04            0.11
Selectivity at age 2            0.20    0.11            0.16            0.24
Selectivity at age 3            0.47    0.10            0.38            0.58
Selectivity at age 4            0.77    0.10            0.63            0.93
Selectivity at age 6            1.25    0.10            1.03            1.51
Selectivity at age 7            1.31    0.09            1.09            1.57
Selectivity at age 8            1.35    0.09            1.14            1.61
Selectivity at age 9            1.43    0.09            1.21            1.69
Selectivity at age 10           1.66    0.08            1.41            1.96
Terminal year pop, age 0  6023039.26    2.58        38365.16    945571482.88
Terminal year pop, age 1  3463720.96    0.78       753841.73     15914962.63
Terminal year pop, age 2  3188090.65    0.24      1997826.49      5087489.85
Terminal year pop, age 3  2638513.04    0.17      1909267.81      3646293.61
Terminal year pop, age 4  3545393.14    0.12      2785553.47      4512500.89
Terminal year pop, age 5  2543483.39    0.11      2040225.43      3170878.91
Terminal year pop, age 6  1074334.54    0.11       860822.01      1340805.28
Terminal year pop, age 7   521250.91    0.12       415794.65       653453.60
Terminal year pop, age 8   655332.96    0.11       531482.45       808044.15
Terminal year pop, age 9   237241.77    0.11       190289.84       295778.57
Terminal year pop, age 10   58861.93    0.12        46242.32        74925.44
Terminal year pop, age 11   43227.29    0.14        33150.88        56366.48
Last true age pop, 1999     55290.72    0.26        33129.15        92277.16
Last true age pop, 2000     52067.86    0.20        35473.04        76426.00
Last true age pop, 2001     48831.46    0.17        35085.45        67962.97
Last true age pop, 2002     47339.10    0.16        34897.44        64216.47
Last true age pop, 2003     47087.37    0.15        35081.23        63202.46
Last true age pop, 2004     39751.78    0.15        29848.20        52941.34
Last true age pop, 2005     32514.55    0.15        24301.23        43503.80
Last true age pop, 2006     29204.42    0.14        22162.11        38484.51
Last true age pop, 2007     32475.06    0.13        25044.23        42110.68
Last true age pop, 2008     29754.20    0.13        22975.34        38533.15
Last true age pop, 2009     34505.26    0.13        26568.16        44813.54
Index 1, biomass, Q             1.44    0.02            1.38            1.50


