TABLE 5.6.2.1 HERRING in VIa (N). CATCH IN NUMBER

Units  :  Thousands 
   year
age  1957   1958   1959   1960  1961  1962  1963  1964   1965   1966   1967
  1  6496  15616  53092   3561 13081 55048 11796 26546 299483 211675 207947
  2 74622  30980  67972 102124 45195 92805 78247 82611  19767 500853  27416
  3 58086 145394  35263  60290 61619 22278 53455 70076  62642  33456 218689
  4 25762  39070 116390  22781 33125 67454 11859 26680  59375  60502  37069
  5 33979  24908  24946  48881 22501 44357 40517  7283  22265  40908  39246
  6 19890  27630  17332  11631 12412 19759 26170 24227   5120  19344  29793
  7  8885  17405  16999  10347  5345 24139  8687 18637  22891   5563  11770
  8  1427   9857   7372   6346  4814  6147 13662  8797  18925  17811   5533
  9  4423   7159   8595   4617  2582  7082  6088 15103  19531  27083  25799
   year
age   1968   1969   1970   1971   1972   1973   1974   1975   1976  1977  1978
  1 220255  37706 238226 207711 534963  51170 309016 172879  69053 34836 22525
  2  94438  92561  99014 335083 621496 235627 124944 202087 319604 47739 46284
  3  20998  71907 253719 412816 175137 808267 151025  89066 101548 95834 20587
  4 159122  23314 111897 302208  54205 131484 519178  63701  35502 22117 40692
  5  13988 211243  27741 101957  66714  63071  82466 188202  25195 10083  6879
  6  23582  21011 142399  25557  25716  54642  49683  30601  76289 12211  3833
  7  15677  42762  21609 154424  10342  18242  34629  12297  10918 20992  2100
  8   6377  26031  27073  16818  55763   6506  22470  13121   3914  2758  6278
  9  10814  26207  24082  31999  16631  32223  21042  13698  12014  1486  1544
   year
age 1979 1980   1981   1982  1983   1984   1985   1986  1987   1988   1989
  1  247 2692  36740  13304 81923   2207  40794  33768 19463   1708   6216
  2  142  279  77961 250010 77810 188778  68845 154963 65954 119376  36763
  3   77   95 105600  72179 92743  49828 148399  86072 45463  41735 109501
  4   19   51  61341  93544 29262  35001  17214 118860 32025  28421  18923
  5   13   13  21473  58452 42535  14948  15211  18836 50119  19761  18109
  6    8    9  12623  23580 27318  11366   6631  18000  8429  28555   7589
  7    4    8  11583  11516 14709   9300   6907   2578  7307   3252  15012
  8    1    1   1309  13814  8437   4427   3323   1427  3508   2222   1622
  9    0    0   1326   4027  8484   1959   2189   1971  5983   2360   3505
   year
age  1990  1991  1992  1993  1994  1995  1996  1997  1998  1999     2000
  1 14294 26396  5253 17719  1728   266  1952  1193  9092  7635  3568.58
  2 40867 23013 24469 95288 36554 82176 37854 55810 74167 35252 18161.91
  3 40779 25229 24922 18710 40193 30398 30899 34966 34571 93910 17263.76
  4 74279 28212 23733 10978  6007 21272  9219 31657 31905 25078 40673.54
  5 26520 37517 21817 13269  7433  5376  7508 23118 22872 13364 12264.30
  6 13305 13533 33869 14801  8101  4205  2501 17500 14372  7529  7120.78
  7  9878  7581  6351 19186 10515  8805  4700 10331  8641  3251  3083.08
  8 21456  6892  4317  4711 12158  7971  8458  5213  2825  1257  1451.93
  9  5522  4456  5511  3740 10206  9787 31108  9883  3327  1089   455.93
   year
age     2001     2002     2003     2004      2005     2006     2007     2008
  1   142.98   992.20    56.12     0.00   182.500   132.46   130.75     0.00
  2 81030.48 38481.61 33331.97  6843.91  9632.710  6691.49 34326.00  7898.43
  3 14942.91 93975.06 46865.58 22223.20 23236.710  9186.07 17754.83 13039.08
  4  9305.89  9014.41 53766.66 27815.23 20602.390 13644.88  6555.14  5427.59
  5 24482.25 18113.71  7462.99 45782.43 10237.930 41067.79 14264.99  3219.52
  6  9280.71 28016.08  4344.55  3916.10  9783.180 27781.86 30566.16  5688.56
  7  6624.96  9040.10 12818.38  7641.76  1014.997 20972.98 21517.07 14832.27
  8  4610.61  1547.86  9187.62  8481.01  1194.960  3041.71 13585.45  8142.31
  9  1000.53  1422.68  1407.96  4008.01  1430.760  5088.99  4242.60  8968.60
   year
age     2009     2010
  1  1923.62 10074.12
  2 11508.54 20339.85
  3 10475.63 16331.31
  4 16586.96  9957.96
  5  8332.17 14608.15
  6  5688.68  6322.33
  7  7514.70  4322.24
  8 11793.98  5388.91
  9  9443.85 13199.28


TABLE 5.6.2.2 HERRING in VIa (N). WEIGHTS AT AGE IN THE CATCH

Units  :  Kg 
   year
age  1957  1958  1959  1960  1961  1962  1963  1964  1965  1966  1967  1968
  1 0.079 0.079 0.079 0.079 0.079 0.079 0.079 0.079 0.079 0.079 0.079 0.079
  2 0.104 0.104 0.104 0.104 0.104 0.104 0.104 0.104 0.104 0.104 0.104 0.104
  3 0.130 0.130 0.130 0.130 0.130 0.130 0.130 0.130 0.130 0.130 0.130 0.130
  4 0.158 0.158 0.158 0.158 0.158 0.158 0.158 0.158 0.158 0.158 0.158 0.158
  5 0.164 0.164 0.164 0.164 0.164 0.164 0.164 0.164 0.164 0.164 0.164 0.164
  6 0.170 0.170 0.170 0.170 0.170 0.170 0.170 0.170 0.170 0.170 0.170 0.170
  7 0.180 0.180 0.180 0.180 0.180 0.180 0.180 0.180 0.180 0.180 0.180 0.180
  8 0.183 0.183 0.183 0.183 0.183 0.183 0.183 0.183 0.183 0.183 0.183 0.183
  9 0.185 0.185 0.185 0.185 0.185 0.185 0.185 0.185 0.185 0.185 0.185 0.185
   year
age  1969  1970  1971  1972  1973  1974  1975  1976  1977  1978  1979  1980
  1 0.079 0.079 0.079 0.079 0.090 0.090 0.090 0.090 0.090 0.090 0.090 0.090
  2 0.104 0.104 0.104 0.104 0.121 0.121 0.121 0.121 0.121 0.121 0.121 0.121
  3 0.130 0.130 0.130 0.130 0.158 0.158 0.158 0.158 0.158 0.158 0.158 0.158
  4 0.158 0.158 0.158 0.158 0.175 0.175 0.175 0.175 0.175 0.175 0.175 0.175
  5 0.164 0.164 0.164 0.164 0.186 0.186 0.186 0.186 0.186 0.186 0.186 0.186
  6 0.170 0.170 0.170 0.170 0.206 0.206 0.206 0.206 0.206 0.206 0.206 0.206
  7 0.180 0.180 0.180 0.180 0.218 0.218 0.218 0.218 0.218 0.218 0.218 0.218
  8 0.183 0.183 0.183 0.183 0.224 0.224 0.224 0.224 0.224 0.224 0.224 0.224
  9 0.185 0.185 0.185 0.185 0.224 0.224 0.224 0.224 0.224 0.224 0.000 0.000
   year
age  1981  1982  1983  1984  1985  1986  1987  1988  1989  1990  1991  1992
  1 0.090 0.080 0.080 0.080 0.069 0.113 0.073 0.080 0.082 0.079 0.084 0.091
  2 0.121 0.140 0.140 0.140 0.103 0.145 0.143 0.112 0.142 0.129 0.118 0.119
  3 0.158 0.175 0.175 0.175 0.134 0.173 0.183 0.157 0.145 0.173 0.160 0.183
  4 0.175 0.205 0.205 0.205 0.161 0.196 0.211 0.177 0.191 0.182 0.203 0.196
  5 0.186 0.231 0.231 0.231 0.182 0.215 0.220 0.203 0.190 0.209 0.211 0.227
  6 0.206 0.253 0.253 0.253 0.199 0.230 0.238 0.194 0.213 0.224 0.229 0.219
  7 0.218 0.270 0.270 0.270 0.213 0.242 0.241 0.240 0.216 0.228 0.236 0.244
  8 0.224 0.284 0.284 0.284 0.223 0.251 0.253 0.213 0.204 0.237 0.261 0.256
  9 0.224 0.295 0.295 0.295 0.231 0.258 0.256 0.228 0.243 0.247 0.271 0.256
   year
age  1993  1994  1995  1996  1997  1998  1999   2000  2001  2002  2003  2004
  1 0.089 0.083 0.106 0.081 0.089 0.097 0.076 0.0834 0.049 0.107 0.060   NaN
  2 0.128 0.142 0.142 0.134 0.136 0.138 0.130 0.1373 0.140 0.146 0.145 0.154
  3 0.158 0.167 0.181 0.178 0.177 0.159 0.158 0.1637 0.163 0.163 0.160 0.173
  4 0.197 0.190 0.191 0.210 0.205 0.182 0.175 0.1829 0.183 0.173 0.169 0.195
  5 0.206 0.195 0.198 0.230 0.222 0.199 0.191 0.2014 0.192 0.160 0.186 0.216
  6 0.228 0.201 0.214 0.233 0.223 0.218 0.210 0.2147 0.196 0.179 0.200 0.220
  7 0.223 0.244 0.208 0.262 0.219 0.227 0.225 0.2394 0.205 0.187 0.194 0.199
  8 0.262 0.234 0.227 0.247 0.238 0.212 0.223 0.2812 0.225 0.245 0.186 0.190
  9 0.263 0.266 0.277 0.291 0.263 0.199 0.226 0.2526 0.272 0.281 0.294 0.311
   year
age   2005   2006   2007   2008   2009   2010
  1 0.1084 0.0908 0.1152    NaN 0.1121 0.0818
  2 0.1327 0.1580 0.1667 0.1705 0.1726 0.1549
  3 0.1632 0.1676 0.1881 0.2060 0.2141 0.1883
  4 0.1845 0.1929 0.1968 0.2310 0.2379 0.2129
  5 0.2108 0.2076 0.2105 0.2309 0.2457 0.2337
  6 0.2258 0.2251 0.2214 0.2489 0.2535 0.2394
  7 0.2341 0.2443 0.2161 0.2529 0.2599 0.2369
  8 0.2556 0.2615 0.2618 0.2840 0.2549 0.2400
  9 0.2496 0.2750 0.3030 0.2877 0.2730 0.2549


TABLE 5.6.2.3 HERRING in VIa (N). WEIGHTS AT AGE IN THE STOCK

Units  :  Kg 
   year
age  1957  1958  1959  1960  1961  1962  1963  1964  1965  1966  1967  1968
  1 0.090 0.090 0.090 0.090 0.090 0.090 0.090 0.090 0.090 0.090 0.090 0.090
  2 0.164 0.164 0.164 0.164 0.164 0.164 0.164 0.164 0.164 0.164 0.164 0.164
  3 0.208 0.208 0.208 0.208 0.208 0.208 0.208 0.208 0.208 0.208 0.208 0.208
  4 0.233 0.233 0.233 0.233 0.233 0.233 0.233 0.233 0.233 0.233 0.233 0.233
  5 0.246 0.246 0.246 0.246 0.246 0.246 0.246 0.246 0.246 0.246 0.246 0.246
  6 0.252 0.252 0.252 0.252 0.252 0.252 0.252 0.252 0.252 0.252 0.252 0.252
  7 0.258 0.258 0.258 0.258 0.258 0.258 0.258 0.258 0.258 0.258 0.258 0.258
  8 0.269 0.269 0.269 0.269 0.269 0.269 0.269 0.269 0.269 0.269 0.269 0.269
  9 0.292 0.292 0.292 0.292 0.292 0.292 0.292 0.292 0.292 0.292 0.292 0.292
   year
age  1969  1970  1971  1972  1973  1974  1975  1976  1977  1978  1979  1980
  1 0.090 0.090 0.090 0.090 0.090 0.090 0.090 0.090 0.090 0.090 0.090 0.090
  2 0.164 0.164 0.164 0.164 0.164 0.164 0.164 0.164 0.164 0.164 0.164 0.164
  3 0.208 0.208 0.208 0.208 0.208 0.208 0.208 0.208 0.208 0.208 0.208 0.208
  4 0.233 0.233 0.233 0.233 0.233 0.233 0.233 0.233 0.233 0.233 0.233 0.233
  5 0.246 0.246 0.246 0.246 0.246 0.246 0.246 0.246 0.246 0.246 0.246 0.246
  6 0.252 0.252 0.252 0.252 0.252 0.252 0.252 0.252 0.252 0.252 0.252 0.252
  7 0.258 0.258 0.258 0.258 0.258 0.258 0.258 0.258 0.258 0.258 0.258 0.258
  8 0.269 0.269 0.269 0.269 0.269 0.269 0.269 0.269 0.269 0.269 0.269 0.269
  9 0.292 0.292 0.292 0.292 0.292 0.292 0.292 0.292 0.292 0.292 0.000 0.000
   year
age  1981  1982  1983  1984  1985  1986  1987  1988  1989  1990  1991  1992
  1 0.090 0.090 0.090 0.090 0.090 0.090 0.090 0.090 0.090 0.090 0.090 0.068
  2 0.164 0.164 0.164 0.164 0.164 0.164 0.164 0.164 0.164 0.164 0.164 0.152
  3 0.208 0.208 0.208 0.208 0.208 0.208 0.208 0.208 0.208 0.208 0.208 0.186
  4 0.233 0.233 0.233 0.233 0.233 0.233 0.233 0.233 0.233 0.233 0.233 0.206
  5 0.246 0.246 0.246 0.246 0.246 0.246 0.246 0.246 0.246 0.246 0.246 0.233
  6 0.252 0.252 0.252 0.252 0.252 0.252 0.252 0.252 0.252 0.252 0.252 0.253
  7 0.258 0.258 0.258 0.258 0.258 0.258 0.258 0.258 0.258 0.258 0.258 0.273
  8 0.269 0.269 0.269 0.269 0.269 0.269 0.269 0.269 0.269 0.269 0.269 0.299
  9 0.292 0.292 0.292 0.292 0.292 0.292 0.292 0.292 0.292 0.292 0.292 0.302
   year
age  1993  1994  1995  1996  1997  1998  1999  2000  2001  2002  2003  2004
  1 0.073 0.052 0.042 0.045 0.054 0.066 0.054 0.062 0.062 0.062 0.064 0.059
  2 0.164 0.150 0.144 0.140 0.142 0.138 0.137 0.141 0.132 0.153 0.138 0.138
  3 0.196 0.192 0.191 0.180 0.180 0.176 0.166 0.173 0.170 0.177 0.176 0.159
  4 0.206 0.220 0.202 0.209 0.199 0.194 0.188 0.183 0.190 0.198 0.190 0.180
  5 0.225 0.221 0.225 0.219 0.213 0.214 0.203 0.194 0.198 0.212 0.204 0.189
  6 0.234 0.233 0.227 0.222 0.222 0.226 0.219 0.204 0.212 0.215 0.213 0.202
  7 0.253 0.241 0.247 0.229 0.231 0.234 0.225 0.211 0.220 0.225 0.217 0.213
  8 0.259 0.270 0.260 0.242 0.242 0.225 0.235 0.222 0.236 0.243 0.223 0.214
  9 0.276 0.296 0.293 0.263 0.263 0.249 0.245 0.230 0.254 0.259 0.228 0.206
   year
age   2005  2006   2007   2008   2009   2010
  1 0.0751 0.075 0.0750 0.0546 0.1013 0.0642
  2 0.1296 0.135 0.1675 0.1721 0.1734 0.0923
  3 0.1538 0.166 0.1830 0.1913 0.2064 0.1677
  4 0.1665 0.185 0.1914 0.2083 0.2233 0.1983
  5 0.1802 0.192 0.1951 0.2143 0.2331 0.2114
  6 0.1911 0.204 0.1951 0.2139 0.2313 0.2148
  7 0.2125 0.211 0.2021 0.2206 0.2318 0.2091
  8 0.2030 0.224 0.2034 0.2242 0.2323 0.2193
  9 0.2284 0.231 0.2138 0.2385 0.2382 0.2153


TABLE 5.6.2.4 HERRING in VIa (N). NATURAL MORTALITY

Units  :  NA 
   year
age 1957 1958 1959 1960 1961 1962 1963 1964 1965 1966 1967 1968 1969 1970 1971
  1  1.0  1.0  1.0  1.0  1.0  1.0  1.0  1.0  1.0  1.0  1.0  1.0  1.0  1.0  1.0
  2  0.3  0.3  0.3  0.3  0.3  0.3  0.3  0.3  0.3  0.3  0.3  0.3  0.3  0.3  0.3
  3  0.2  0.2  0.2  0.2  0.2  0.2  0.2  0.2  0.2  0.2  0.2  0.2  0.2  0.2  0.2
  4  0.1  0.1  0.1  0.1  0.1  0.1  0.1  0.1  0.1  0.1  0.1  0.1  0.1  0.1  0.1
  5  0.1  0.1  0.1  0.1  0.1  0.1  0.1  0.1  0.1  0.1  0.1  0.1  0.1  0.1  0.1
  6  0.1  0.1  0.1  0.1  0.1  0.1  0.1  0.1  0.1  0.1  0.1  0.1  0.1  0.1  0.1
  7  0.1  0.1  0.1  0.1  0.1  0.1  0.1  0.1  0.1  0.1  0.1  0.1  0.1  0.1  0.1
  8  0.1  0.1  0.1  0.1  0.1  0.1  0.1  0.1  0.1  0.1  0.1  0.1  0.1  0.1  0.1
  9  0.1  0.1  0.1  0.1  0.1  0.1  0.1  0.1  0.1  0.1  0.1  0.1  0.1  0.1  0.1
   year
age 1972 1973 1974 1975 1976 1977 1978 1979 1980 1981 1982 1983 1984 1985 1986
  1  1.0  1.0  1.0  1.0  1.0  1.0  1.0  1.0  1.0  1.0  1.0  1.0  1.0  1.0  1.0
  2  0.3  0.3  0.3  0.3  0.3  0.3  0.3  0.3  0.3  0.3  0.3  0.3  0.3  0.3  0.3
  3  0.2  0.2  0.2  0.2  0.2  0.2  0.2  0.2  0.2  0.2  0.2  0.2  0.2  0.2  0.2
  4  0.1  0.1  0.1  0.1  0.1  0.1  0.1  0.1  0.1  0.1  0.1  0.1  0.1  0.1  0.1
  5  0.1  0.1  0.1  0.1  0.1  0.1  0.1  0.1  0.1  0.1  0.1  0.1  0.1  0.1  0.1
  6  0.1  0.1  0.1  0.1  0.1  0.1  0.1  0.1  0.1  0.1  0.1  0.1  0.1  0.1  0.1
  7  0.1  0.1  0.1  0.1  0.1  0.1  0.1  0.1  0.1  0.1  0.1  0.1  0.1  0.1  0.1
  8  0.1  0.1  0.1  0.1  0.1  0.1  0.1  0.1  0.1  0.1  0.1  0.1  0.1  0.1  0.1
  9  0.1  0.1  0.1  0.1  0.1  0.1  0.1  0.1  0.1  0.1  0.1  0.1  0.1  0.1  0.1
   year
age 1987 1988 1989 1990 1991 1992 1993 1994 1995 1996 1997 1998 1999 2000 2001
  1  1.0  1.0  1.0  1.0  1.0  1.0  1.0  1.0  1.0  1.0  1.0  1.0  1.0  1.0  1.0
  2  0.3  0.3  0.3  0.3  0.3  0.3  0.3  0.3  0.3  0.3  0.3  0.3  0.3  0.3  0.3
  3  0.2  0.2  0.2  0.2  0.2  0.2  0.2  0.2  0.2  0.2  0.2  0.2  0.2  0.2  0.2
  4  0.1  0.1  0.1  0.1  0.1  0.1  0.1  0.1  0.1  0.1  0.1  0.1  0.1  0.1  0.1
  5  0.1  0.1  0.1  0.1  0.1  0.1  0.1  0.1  0.1  0.1  0.1  0.1  0.1  0.1  0.1
  6  0.1  0.1  0.1  0.1  0.1  0.1  0.1  0.1  0.1  0.1  0.1  0.1  0.1  0.1  0.1
  7  0.1  0.1  0.1  0.1  0.1  0.1  0.1  0.1  0.1  0.1  0.1  0.1  0.1  0.1  0.1
  8  0.1  0.1  0.1  0.1  0.1  0.1  0.1  0.1  0.1  0.1  0.1  0.1  0.1  0.1  0.1
  9  0.1  0.1  0.1  0.1  0.1  0.1  0.1  0.1  0.1  0.1  0.1  0.1  0.1  0.1  0.1
   year
age 2002 2003 2004 2005 2006 2007 2008 2009 2010
  1  1.0  1.0  1.0  1.0  1.0  1.0  1.0  1.0  1.0
  2  0.3  0.3  0.3  0.3  0.3  0.3  0.3  0.3  0.3
  3  0.2  0.2  0.2  0.2  0.2  0.2  0.2  0.2  0.2
  4  0.1  0.1  0.1  0.1  0.1  0.1  0.1  0.1  0.1
  5  0.1  0.1  0.1  0.1  0.1  0.1  0.1  0.1  0.1
  6  0.1  0.1  0.1  0.1  0.1  0.1  0.1  0.1  0.1
  7  0.1  0.1  0.1  0.1  0.1  0.1  0.1  0.1  0.1
  8  0.1  0.1  0.1  0.1  0.1  0.1  0.1  0.1  0.1
  9  0.1  0.1  0.1  0.1  0.1  0.1  0.1  0.1  0.1


TABLE 5.6.2.5 HERRING in VIa (N). PROPORTION MATURE

Units  :  NA 
   year
age 1957 1958 1959 1960 1961 1962 1963 1964 1965 1966 1967 1968 1969 1970 1971
  1 0.00 0.00 0.00 0.00 0.00 0.00 0.00 0.00 0.00 0.00 0.00 0.00 0.00 0.00 0.00
  2 0.57 0.57 0.57 0.57 0.57 0.57 0.57 0.57 0.57 0.57 0.57 0.57 0.57 0.57 0.57
  3 0.96 0.96 0.96 0.96 0.96 0.96 0.96 0.96 0.96 0.96 0.96 0.96 0.96 0.96 0.96
  4 1.00 1.00 1.00 1.00 1.00 1.00 1.00 1.00 1.00 1.00 1.00 1.00 1.00 1.00 1.00
  5 1.00 1.00 1.00 1.00 1.00 1.00 1.00 1.00 1.00 1.00 1.00 1.00 1.00 1.00 1.00
  6 1.00 1.00 1.00 1.00 1.00 1.00 1.00 1.00 1.00 1.00 1.00 1.00 1.00 1.00 1.00
  7 1.00 1.00 1.00 1.00 1.00 1.00 1.00 1.00 1.00 1.00 1.00 1.00 1.00 1.00 1.00
  8 1.00 1.00 1.00 1.00 1.00 1.00 1.00 1.00 1.00 1.00 1.00 1.00 1.00 1.00 1.00
  9 1.00 1.00 1.00 1.00 1.00 1.00 1.00 1.00 1.00 1.00 1.00 1.00 1.00 1.00 1.00
   year
age 1972 1973 1974 1975 1976 1977 1978 1979 1980 1981 1982 1983 1984 1985 1986
  1 0.00 0.00 0.00 0.00 0.00 0.00 0.00 0.00 0.00 0.00 0.00 0.00 0.00 0.00 0.00
  2 0.57 0.57 0.57 0.57 0.57 0.57 0.57 0.57 0.57 0.57 0.57 0.57 0.57 0.57 0.57
  3 0.96 0.96 0.96 0.96 0.96 0.96 0.96 0.96 0.96 0.96 0.96 0.96 0.96 0.96 0.96
  4 1.00 1.00 1.00 1.00 1.00 1.00 1.00 1.00 1.00 1.00 1.00 1.00 1.00 1.00 1.00
  5 1.00 1.00 1.00 1.00 1.00 1.00 1.00 1.00 1.00 1.00 1.00 1.00 1.00 1.00 1.00
  6 1.00 1.00 1.00 1.00 1.00 1.00 1.00 1.00 1.00 1.00 1.00 1.00 1.00 1.00 1.00
  7 1.00 1.00 1.00 1.00 1.00 1.00 1.00 1.00 1.00 1.00 1.00 1.00 1.00 1.00 1.00
  8 1.00 1.00 1.00 1.00 1.00 1.00 1.00 1.00 1.00 1.00 1.00 1.00 1.00 1.00 1.00
  9 1.00 1.00 1.00 1.00 1.00 1.00 1.00 1.00 1.00 1.00 1.00 1.00 1.00 1.00 1.00
   year
age 1987 1988 1989 1990 1991 1992 1993 1994 1995 1996 1997 1998 1999 2000 2001
  1 0.00 0.00 0.00 0.00 0.00 0.00 0.00 0.00 0.00 0.00 0.00 0.00 0.00 0.00 0.00
  2 0.57 0.57 0.57 0.57 0.57 0.47 0.93 0.59 0.21 0.76 0.55 0.85 0.57 0.45 0.93
  3 0.96 0.96 0.96 0.96 0.96 1.00 0.96 0.93 0.98 0.94 0.95 0.97 0.98 0.92 0.99
  4 1.00 1.00 1.00 1.00 1.00 1.00 1.00 1.00 1.00 1.00 1.00 1.00 1.00 1.00 1.00
  5 1.00 1.00 1.00 1.00 1.00 1.00 1.00 1.00 1.00 1.00 1.00 1.00 1.00 1.00 1.00
  6 1.00 1.00 1.00 1.00 1.00 1.00 1.00 1.00 1.00 1.00 1.00 1.00 1.00 1.00 1.00
  7 1.00 1.00 1.00 1.00 1.00 1.00 1.00 1.00 1.00 1.00 1.00 1.00 1.00 1.00 1.00
  8 1.00 1.00 1.00 1.00 1.00 1.00 1.00 1.00 1.00 1.00 1.00 1.00 1.00 1.00 1.00
  9 1.00 1.00 1.00 1.00 1.00 1.00 1.00 1.00 1.00 1.00 1.00 1.00 1.00 1.00 1.00
   year
age 2002 2003 2004 2005 2006 2007 2008 2009 2010
  1 0.00 0.00 0.00 0.00 0.00    0 0.00  0.0 0.00
  2 0.92 0.76 0.83 0.84 0.81    1 0.98  0.7 0.79
  3 1.00 1.00 0.97 1.00 0.97    1 1.00  1.0 1.00
  4 1.00 1.00 1.00 1.00 1.00    1 1.00  1.0 1.00
  5 1.00 1.00 1.00 1.00 1.00    1 1.00  1.0 1.00
  6 1.00 1.00 1.00 1.00 1.00    1 1.00  1.0 1.00
  7 1.00 1.00 1.00 1.00 1.00    1 1.00  1.0 1.00
  8 1.00 1.00 1.00 1.00 1.00    1 1.00  1.0 1.00
  9 1.00 1.00 1.00 1.00 1.00    1 1.00  1.0 1.00


TABLE 5.6.2.6 HERRING in VIa (N). FRACTION OF HARVEST BEFORE SPAWNING

Units  :  NA 
   year
age 1957 1958 1959 1960 1961 1962 1963 1964 1965 1966 1967 1968 1969 1970 1971
  1 0.67 0.67 0.67 0.67 0.67 0.67 0.67 0.67 0.67 0.67 0.67 0.67 0.67 0.67 0.67
  2 0.67 0.67 0.67 0.67 0.67 0.67 0.67 0.67 0.67 0.67 0.67 0.67 0.67 0.67 0.67
  3 0.67 0.67 0.67 0.67 0.67 0.67 0.67 0.67 0.67 0.67 0.67 0.67 0.67 0.67 0.67
  4 0.67 0.67 0.67 0.67 0.67 0.67 0.67 0.67 0.67 0.67 0.67 0.67 0.67 0.67 0.67
  5 0.67 0.67 0.67 0.67 0.67 0.67 0.67 0.67 0.67 0.67 0.67 0.67 0.67 0.67 0.67
  6 0.67 0.67 0.67 0.67 0.67 0.67 0.67 0.67 0.67 0.67 0.67 0.67 0.67 0.67 0.67
  7 0.67 0.67 0.67 0.67 0.67 0.67 0.67 0.67 0.67 0.67 0.67 0.67 0.67 0.67 0.67
  8 0.67 0.67 0.67 0.67 0.67 0.67 0.67 0.67 0.67 0.67 0.67 0.67 0.67 0.67 0.67
  9 0.67 0.67 0.67 0.67 0.67 0.67 0.67 0.67 0.67 0.67 0.67 0.67 0.67 0.67 0.67
   year
age 1972 1973 1974 1975 1976 1977 1978 1979 1980 1981 1982 1983 1984 1985 1986
  1 0.67 0.67 0.67 0.67 0.67 0.67 0.67 0.67 0.67 0.67 0.67 0.67 0.67 0.67 0.67
  2 0.67 0.67 0.67 0.67 0.67 0.67 0.67 0.67 0.67 0.67 0.67 0.67 0.67 0.67 0.67
  3 0.67 0.67 0.67 0.67 0.67 0.67 0.67 0.67 0.67 0.67 0.67 0.67 0.67 0.67 0.67
  4 0.67 0.67 0.67 0.67 0.67 0.67 0.67 0.67 0.67 0.67 0.67 0.67 0.67 0.67 0.67
  5 0.67 0.67 0.67 0.67 0.67 0.67 0.67 0.67 0.67 0.67 0.67 0.67 0.67 0.67 0.67
  6 0.67 0.67 0.67 0.67 0.67 0.67 0.67 0.67 0.67 0.67 0.67 0.67 0.67 0.67 0.67
  7 0.67 0.67 0.67 0.67 0.67 0.67 0.67 0.67 0.67 0.67 0.67 0.67 0.67 0.67 0.67
  8 0.67 0.67 0.67 0.67 0.67 0.67 0.67 0.67 0.67 0.67 0.67 0.67 0.67 0.67 0.67
  9 0.67 0.67 0.67 0.67 0.67 0.67 0.67 0.67 0.67 0.67 0.67 0.67 0.67 0.67 0.67
   year
age 1987 1988 1989 1990 1991 1992 1993 1994 1995 1996 1997 1998 1999 2000 2001
  1 0.67 0.67 0.67 0.67 0.67 0.67 0.67 0.67 0.67 0.67 0.67 0.67 0.67 0.67 0.67
  2 0.67 0.67 0.67 0.67 0.67 0.67 0.67 0.67 0.67 0.67 0.67 0.67 0.67 0.67 0.67
  3 0.67 0.67 0.67 0.67 0.67 0.67 0.67 0.67 0.67 0.67 0.67 0.67 0.67 0.67 0.67
  4 0.67 0.67 0.67 0.67 0.67 0.67 0.67 0.67 0.67 0.67 0.67 0.67 0.67 0.67 0.67
  5 0.67 0.67 0.67 0.67 0.67 0.67 0.67 0.67 0.67 0.67 0.67 0.67 0.67 0.67 0.67
  6 0.67 0.67 0.67 0.67 0.67 0.67 0.67 0.67 0.67 0.67 0.67 0.67 0.67 0.67 0.67
  7 0.67 0.67 0.67 0.67 0.67 0.67 0.67 0.67 0.67 0.67 0.67 0.67 0.67 0.67 0.67
  8 0.67 0.67 0.67 0.67 0.67 0.67 0.67 0.67 0.67 0.67 0.67 0.67 0.67 0.67 0.67
  9 0.67 0.67 0.67 0.67 0.67 0.67 0.67 0.67 0.67 0.67 0.67 0.67 0.67 0.67 0.67
   year
age 2002 2003 2004 2005 2006 2007 2008 2009 2010
  1 0.67 0.67 0.67 0.67 0.67 0.67 0.67 0.67 0.67
  2 0.67 0.67 0.67 0.67 0.67 0.67 0.67 0.67 0.67
  3 0.67 0.67 0.67 0.67 0.67 0.67 0.67 0.67 0.67
  4 0.67 0.67 0.67 0.67 0.67 0.67 0.67 0.67 0.67
  5 0.67 0.67 0.67 0.67 0.67 0.67 0.67 0.67 0.67
  6 0.67 0.67 0.67 0.67 0.67 0.67 0.67 0.67 0.67
  7 0.67 0.67 0.67 0.67 0.67 0.67 0.67 0.67 0.67
  8 0.67 0.67 0.67 0.67 0.67 0.67 0.67 0.67 0.67
  9 0.67 0.67 0.67 0.67 0.67 0.67 0.67 0.67 0.67


TABLE 5.6.2.7 HERRING in VIa (N). FRACTION OF NATURAL MORTALITY BEFORE SPAWNING

Units  :  NA 
   year
age 1957 1958 1959 1960 1961 1962 1963 1964 1965 1966 1967 1968 1969 1970 1971
  1 0.67 0.67 0.67 0.67 0.67 0.67 0.67 0.67 0.67 0.67 0.67 0.67 0.67 0.67 0.67
  2 0.67 0.67 0.67 0.67 0.67 0.67 0.67 0.67 0.67 0.67 0.67 0.67 0.67 0.67 0.67
  3 0.67 0.67 0.67 0.67 0.67 0.67 0.67 0.67 0.67 0.67 0.67 0.67 0.67 0.67 0.67
  4 0.67 0.67 0.67 0.67 0.67 0.67 0.67 0.67 0.67 0.67 0.67 0.67 0.67 0.67 0.67
  5 0.67 0.67 0.67 0.67 0.67 0.67 0.67 0.67 0.67 0.67 0.67 0.67 0.67 0.67 0.67
  6 0.67 0.67 0.67 0.67 0.67 0.67 0.67 0.67 0.67 0.67 0.67 0.67 0.67 0.67 0.67
  7 0.67 0.67 0.67 0.67 0.67 0.67 0.67 0.67 0.67 0.67 0.67 0.67 0.67 0.67 0.67
  8 0.67 0.67 0.67 0.67 0.67 0.67 0.67 0.67 0.67 0.67 0.67 0.67 0.67 0.67 0.67
  9 0.67 0.67 0.67 0.67 0.67 0.67 0.67 0.67 0.67 0.67 0.67 0.67 0.67 0.67 0.67
   year
age 1972 1973 1974 1975 1976 1977 1978 1979 1980 1981 1982 1983 1984 1985 1986
  1 0.67 0.67 0.67 0.67 0.67 0.67 0.67 0.67 0.67 0.67 0.67 0.67 0.67 0.67 0.67
  2 0.67 0.67 0.67 0.67 0.67 0.67 0.67 0.67 0.67 0.67 0.67 0.67 0.67 0.67 0.67
  3 0.67 0.67 0.67 0.67 0.67 0.67 0.67 0.67 0.67 0.67 0.67 0.67 0.67 0.67 0.67
  4 0.67 0.67 0.67 0.67 0.67 0.67 0.67 0.67 0.67 0.67 0.67 0.67 0.67 0.67 0.67
  5 0.67 0.67 0.67 0.67 0.67 0.67 0.67 0.67 0.67 0.67 0.67 0.67 0.67 0.67 0.67
  6 0.67 0.67 0.67 0.67 0.67 0.67 0.67 0.67 0.67 0.67 0.67 0.67 0.67 0.67 0.67
  7 0.67 0.67 0.67 0.67 0.67 0.67 0.67 0.67 0.67 0.67 0.67 0.67 0.67 0.67 0.67
  8 0.67 0.67 0.67 0.67 0.67 0.67 0.67 0.67 0.67 0.67 0.67 0.67 0.67 0.67 0.67
  9 0.67 0.67 0.67 0.67 0.67 0.67 0.67 0.67 0.67 0.67 0.67 0.67 0.67 0.67 0.67
   year
age 1987 1988 1989 1990 1991 1992 1993 1994 1995 1996 1997 1998 1999 2000 2001
  1 0.67 0.67 0.67 0.67 0.67 0.67 0.67 0.67 0.67 0.67 0.67 0.67 0.67 0.67 0.67
  2 0.67 0.67 0.67 0.67 0.67 0.67 0.67 0.67 0.67 0.67 0.67 0.67 0.67 0.67 0.67
  3 0.67 0.67 0.67 0.67 0.67 0.67 0.67 0.67 0.67 0.67 0.67 0.67 0.67 0.67 0.67
  4 0.67 0.67 0.67 0.67 0.67 0.67 0.67 0.67 0.67 0.67 0.67 0.67 0.67 0.67 0.67
  5 0.67 0.67 0.67 0.67 0.67 0.67 0.67 0.67 0.67 0.67 0.67 0.67 0.67 0.67 0.67
  6 0.67 0.67 0.67 0.67 0.67 0.67 0.67 0.67 0.67 0.67 0.67 0.67 0.67 0.67 0.67
  7 0.67 0.67 0.67 0.67 0.67 0.67 0.67 0.67 0.67 0.67 0.67 0.67 0.67 0.67 0.67
  8 0.67 0.67 0.67 0.67 0.67 0.67 0.67 0.67 0.67 0.67 0.67 0.67 0.67 0.67 0.67
  9 0.67 0.67 0.67 0.67 0.67 0.67 0.67 0.67 0.67 0.67 0.67 0.67 0.67 0.67 0.67
   year
age 2002 2003 2004 2005 2006 2007 2008 2009 2010
  1 0.67 0.67 0.67 0.67 0.67 0.67 0.67 0.67 0.67
  2 0.67 0.67 0.67 0.67 0.67 0.67 0.67 0.67 0.67
  3 0.67 0.67 0.67 0.67 0.67 0.67 0.67 0.67 0.67
  4 0.67 0.67 0.67 0.67 0.67 0.67 0.67 0.67 0.67
  5 0.67 0.67 0.67 0.67 0.67 0.67 0.67 0.67 0.67
  6 0.67 0.67 0.67 0.67 0.67 0.67 0.67 0.67 0.67
  7 0.67 0.67 0.67 0.67 0.67 0.67 0.67 0.67 0.67
  8 0.67 0.67 0.67 0.67 0.67 0.67 0.67 0.67 0.67
  9 0.67 0.67 0.67 0.67 0.67 0.67 0.67 0.67 0.67


TABLE 5.6.2.8 HERRING in VIa (N). SURVEY INDICES

West of Scotland Summer Acoustic Survey - Configuration

"Herring in Division VIa (North)(runname:ICAPGF08) . Imported from VPA file."
      min       max plusgroup   minyear   maxyear    startf      endf 
     1.00      9.00      9.00   1991.00   2010.00      0.52      0.57 
Index type : number

West of Scotland Summer Acoustic Survey - Index Values

Units  :  number 
   year
age   1991   1992   1993   1994    1995   1996   1997    1998    1999   2000
  1 338312  74310   2357 494150  441200  41220 792320 1221700  534200 447600
  2 294484 503430 579320 542080 1103400 576460 641860  794630  322400 316200
  3 327902 210980 689510 607720  473300 802530 286170  666780 1388000 337100
  4 367830 258090 688740 285610  450300 329110 167040  471070  432000 899500
  5 488288 414750 564850 306760  153000  95360  66100  179050  308000 393400
  6 176348 240110 900410 268130  187200  60600  49520   79270  138700 247600
  7  98741 105670 295610 406840  169200  77380  16280   28050   86500 199500
  8  89830  56710 157870 173740  236700  78190  28990   13850   27600  95000
  9  58043  63440 161450 131880  201700 114810  24440   36770   35400  65000
   year
age    2001    2002    2003   2004   2005   2006   2007   2008   2009   2010
  1  313100  424700  438800 564000  50200 112300     -1  47840 345821 119788
  2 1062000  436000 1039400 274500 243400 835200 126000 232570 186741 493908
  3  217700 1436900  932500 760200 230300 387900 294400 911950 264040 483152
  4  172800  199800 1471800 442300 423100 284500 202500 668870 430293 171452
  5  437500  161700  181300 577200 245100 582200 145300 339920 373499 163436
  6  132600  424300  129200  55700 152800 414700 346900 272230 219033  93289
  7  102800  152300  346700  61800  12600 227000 242900 720860 186558  64076
  8   52400   67500  114300  82200  39000  21700 163500 365890 499695  53116
  9   34700   59500   75200  76300  26800  59300  32100 263740 456039 223311

West of Scotland Summer Acoustic Survey - Index Variance (Inverse Weights) 

Units  :  NA 
   year
age 1991 1992 1993 1994 1995 1996 1997 1998 1999 2000 2001 2002 2003 2004 2005
  1   10   10   10   10   10   10   10   10   10   10   10   10   10   10   10
  2    1    1    1    1    1    1    1    1    1    1    1    1    1    1    1
  3    1    1    1    1    1    1    1    1    1    1    1    1    1    1    1
  4    1    1    1    1    1    1    1    1    1    1    1    1    1    1    1
  5    1    1    1    1    1    1    1    1    1    1    1    1    1    1    1
  6    1    1    1    1    1    1    1    1    1    1    1    1    1    1    1
  7    1    1    1    1    1    1    1    1    1    1    1    1    1    1    1
  8    1    1    1    1    1    1    1    1    1    1    1    1    1    1    1
  9    1    1    1    1    1    1    1    1    1    1    1    1    1    1    1
   year
age 2006 2007 2008 2009 2010
  1   10   10   10   10   10
  2    1    1    1    1    1
  3    1    1    1    1    1
  4    1    1    1    1    1
  5    1    1    1    1    1
  6    1    1    1    1    1
  7    1    1    1    1    1
  8    1    1    1    1    1
  9    1    1    1    1    1


TABLE 5.6.2.9 HERRING in VIa (N). STOCK OBJECT CONFIGURATION

      min       max plusgroup   minyear   maxyear   minfbar   maxfbar 
        1         9         9      1957      2010         3         6 


TABLE 5.6.2.10 HERRING in VIa (N). FLICA CONFIGURATION SETTINGS

sep.2       : NA
sep.gradual : TRUE
sr          : FALSE
sr.age      : 1
lambda.age  : 0.1 1 1 1 1 1 1 1 0
lambda.yr   : 1 1 1 1 1 1 1 1
lambda.sr   : 0.01
index.model : linear
index.cor   : 1
sep.nyr     : 8
sep.age     : 4
sep.sel     : 1


TABLE 5.6.2.11 HERRING in VIa (N). FLR, R SOFTWARE VERSIONS

R version 2.8.1 (2008-12-22)

Package  : FLICA
Version  : 1.4-12
Packaged : 2009-10-08 15:16:26 UTC; mpa
Built    : R 2.9.1; ; 2009-10-08 15:16:27 UTC; windows

Package  : FLAssess
Version  : 1.99-102
Packaged : Mon Mar 23 08:18:19 2009; mpa
Built    : R 2.8.0; i386-pc-mingw32; 2009-03-23 08:18:21; windows

Package  : FLCore
Version  : 2.2
Packaged : Tue May 19 19:23:18 2009; Administrator
Built    : R 2.8.1; i386-pc-mingw32; 2009-05-19 19:23:22; windows


TABLE 5.6.2.12 HERRING in VIa (N). STOCK SUMMARY

Year Recruitment     TSB    SSB       Fbar Landings Landings
           Age 1                (Ages 3-6)               SOP
                                         f   Tonnes         
1957     1030679  386792 174398     0.2993    43438   0.7258
1958     2009074  471412 187830     0.3536    59669   0.7470
1959     2051919  505691 197825     0.3288    65221   0.7248
1960      605231  403413 229110     0.2128    63759   0.5679
1961     1249162  411009 229080     0.1397    46353   0.5846
1962     2240089  514435 218288     0.2217    58195   0.7727
1963     2071905  546736 240738     0.1956    49030   0.6970
1964      963114  498947 285512     0.1635    64234   0.5774
1965     7747943 1087101 294012     0.1672    68669   0.8586
1966     1058405  825253 407680     0.2022   100619   1.0136
1967     2485734  810936 441171     0.1960    90400   0.8072
1968     4091826  936932 421337     0.1471    84614   0.7964
1969     2996445  966910 460042     0.2476   107170   0.7573
1970     3438117  990440 433059     0.3647   165930   0.7343
1971     9564545 1506916 308128     0.7983   207167   1.0162
1972     2674778 1108577 436835     0.3688   164756   1.0239
1973     1073108  798369 382076     0.6093   210270   1.0438
1974     1669559  574028 201883     0.9622   178160   1.1255
1975     2087623  431810 105647     0.9153   114001   1.0108
1976      599081  260989  71891     1.0802    93642   0.9984
1977      615080  160357  50275     1.0181    41341   0.9154
1978      906923  167881  46608     0.7166    22156   1.0056
1979     1214030  213564  70607     0.0008       60   1.0011
1980      877303  249380 120278     0.0004      306   1.0007
1981     1653290  361284 129730     0.3680    51420   0.9698
1982      763072  302177 107109     0.6861    92360   1.0347
1983     2915059  418529  78734     0.7292    63523   1.0277
1984     1110270  345656 116420     0.5328    56012   0.9494
1985     1185789  340823 142534     0.3290    39142   1.0058
1986      875469  306436 127401     0.5501    70764   1.0479
1987     2051745  368800 116879     0.3637    44360   0.9725
1988      876338  323143 140689     0.2999    35591   1.0236
1989      806790  304884 155587     0.2591    34026   1.0199
1990      426677  258048 145013     0.3676    44693   0.9889
1991      376175  199166 118059     0.2765    28529   1.0693
1992      788857  184941  91153     0.3018    28985   1.0018
1993      574682  176090  92859     0.2601    31778   0.9912
1994      842040  170142  85041     0.2358    24430   0.9984
1995      603039  151836  67752     0.2723    29575   1.0001
1996      914121  186061 105933     0.1760    26105   1.0477
1997     1463902  203675  68773     0.5293    35233   1.0079
1998      486706  182886  97683     0.5206    33353   0.9992
1999      303901  140855  81518     0.3214    29736   1.0015
2000     1641178  199263  69353     0.2519    18322   0.9997
2001     1093739  221656 113311     0.2023    24556   1.0049
2002     1142677  254838 132036     0.3575    32914   1.0021
2003      446257  212373 132540     0.2247    28081   1.0074
2004      266886  167365 116523     0.2022    25021   1.0172
2005      312348  140041  96873     0.1219    14129   1.0021
2006      535371  161136  92837     0.2244    27346   0.9997
2007      277382  141374  91319     0.2807    29616   1.0004
2008      342339  128845  90128     0.1522    16054   1.0022
2009      630167  165976  74800     0.2376    18508   1.0492
2010      588137  774993  61649     0.2656    19877   0.9951


TABLE 5.6.2.13 HERRING in VIa (N). ESTIMATED FISHING MORTALITY

Units  :  f 
   year
age       1957       1958       1959        1960       1961       1962
  1 0.01001241 0.01235991 0.04164859 0.009344276 0.01668192 0.03952066
  2 0.10296885 0.10013734 0.11369370 0.177375988 0.26863585 0.26932013
  3 0.33244314 0.31632080 0.16748396 0.147887537 0.16361642 0.21823300
  4 0.22795384 0.37009587 0.42629562 0.147613295 0.10761587 0.25683366
  5 0.31730137 0.31933377 0.37981894 0.283714190 0.19064103 0.18397167
  6 0.31940405 0.40845723 0.34145088 0.272180149 0.09673569 0.22786077
  7 0.20710579 0.45181333 0.42006291 0.312772213 0.17317202 0.24594791
  8 0.26359732 0.33107049 0.31152469 0.242970232 0.20945821 0.27457663
  9 0.26359732 0.33107049 0.31152469 0.242970232 0.20945821 0.27457663
   year
age        1963      1964       1965      1966      1967       1968       1969
  1 0.009040758 0.0444172 0.06276430 0.3668898 0.1402225 0.08833049 0.02007436
  2 0.121027016 0.1348659 0.06977034 0.2424087 0.1247249 0.14737179 0.08076601
  3 0.260854511 0.1605276 0.15197318 0.1710204 0.1679628 0.14042404 0.16924511
  4 0.164120375 0.1905800 0.18852469 0.2040271 0.2751417 0.16844353 0.21669760
  5 0.216237251 0.1290722 0.21517021 0.1719690 0.1770857 0.14182743 0.31313226
  6 0.141270954 0.1738526 0.11323059 0.2619156 0.1637436 0.13776300 0.29120937
  7 0.132893265 0.1271951 0.22089652 0.1553832 0.2249008 0.10926776 0.35024248
  8 0.191750712 0.1731773 0.16507792 0.2389339 0.2042094 0.16380073 0.23781949
  9 0.191750712 0.1731773 0.16507792 0.2389339 0.2042094 0.16380073 0.23781949
   year
age      1970       1971      1972      1973      1974      1975      1976
  1 0.1149504 0.03485802 0.3669080 0.0779135 0.3353922 0.1387218 0.1977559
  2 0.1118049 0.41622896 0.2363045 0.5026638 0.4962415 0.7402282 0.7827046
  3 0.3503443 0.98413987 0.4281704 0.5876248 0.7732648 0.8868223 1.2300598
  4 0.4059260 0.86886306 0.3003230 0.6304226 0.9134984 0.8574821 1.0953710
  5 0.3823721 0.69913836 0.4139373 0.5966747 0.9349166 0.9116825 0.8991035
  6 0.3200966 0.64095765 0.3326091 0.6224164 1.2272396 1.0053192 1.0962069
  7 0.4838912 0.59985242 0.5144238 0.3699916 0.9244961 1.0802126 1.1472524
  8 0.3473847 0.76380707 0.3982823 0.6296737 0.9332119 1.0114653 1.1517178
  9 0.3473847 0.76380707 0.3982823 0.6296737 0.9332119 1.0114653 1.1517178
   year
age       1977       1978         1979         1980       1981       1982
  1 0.09312234 0.03995029 0.0003219039 0.0048641637 0.03568175 0.02790417
  2 0.36071856 0.29833491 0.0005128441 0.0007235612 0.32668926 0.66373118
  3 0.62037033 0.27716271 0.0007499168 0.0004416799 0.43079460 0.61496539
  4 0.96986131 0.55686352 0.0003445320 0.0005781906 0.40156716 0.81002899
  5 0.98156528 0.82903886 0.0002643560 0.0002606036 0.31255509 0.73191163
  6 1.50065609 1.20336992 0.0016721541 0.0002023110 0.32702899 0.58749944
  7 0.93341899 1.09173872 0.0027187809 0.0018512718 0.33824566 0.49347456
  8 0.91923763 0.71528525 0.0010515820 0.0007524969 0.40640387 0.75225294
  9 0.91923763 0.71528525 0.0010515820 0.0007524969 0.40640387 0.75225294
   year
age       1983        1984      1985       1986       1987        1988
  1 0.04530522 0.003148802 0.0556990 0.06262778 0.01510164 0.003087283
  2 0.39554873 0.238182939 0.2164933 0.55993443 0.28841603 0.204452256
  3 0.60245865 0.511387937 0.3177382 0.49066297 0.33642494 0.318436758
  4 0.51589503 0.454359465 0.3145309 0.42936972 0.32247687 0.344793210
  5 0.98422375 0.480080014 0.3237178 0.59052944 0.28796038 0.300505949
  6 0.81412217 0.685302470 0.3601067 0.68999171 0.50809552 0.235991272
  7 0.79898861 0.641816070 1.0760108 0.20639832 0.59089889 0.332302630
  8 0.72485095 0.523925012 0.4399959 0.58535426 0.42179863 0.316570209
  9 0.72485095 0.523925012 0.4399959 0.58535426 0.42179863 0.316570209
   year
age       1989       1990      1991       1992       1993        1994
  1 0.01225101 0.05420575 0.1164830 0.01058104 0.04979776 0.003250879
  2 0.14148847 0.17511346 0.1963556 0.25937511 0.47736692 0.234617171
  3 0.31159800 0.24437918 0.1651896 0.35952904 0.34468414 0.406100992
  4 0.22122274 0.34133089 0.2526067 0.21907425 0.25175031 0.167674165
  5 0.34237181 0.48235763 0.2577922 0.28176430 0.16417476 0.241098434
  6 0.16128696 0.40250520 0.4303883 0.34697848 0.27975023 0.128312306
  7 0.16810100 0.28968868 0.3741651 0.32739028 0.30080471 0.292248198
  8 0.24517992 0.34071272 0.2998541 0.33640885 0.38183937 0.282121826
  9 0.24517992 0.34071272 0.2998541 0.33640885 0.38183937 0.282121826
   year
age         1995        1996        1997       1998       1999        2000
  1 0.0006980127 0.003382908 0.001289920 0.02992335 0.04041913 0.003444809
  2 0.3642537212 0.218863470 0.212857243 0.17307658 0.26561699 0.216588416
  3 0.3327170925 0.240395431 0.343498697 0.20998741 0.36716566 0.213558062
  4 0.3704110727 0.150664107 0.391741463 0.57177944 0.22002957 0.254131002
  5 0.1990737187 0.192540535 0.596002234 0.48228612 0.44236427 0.142837111
  6 0.1869803147 0.120277302 0.785903462 0.81835935 0.25604789 0.397139854
  7 0.1795880559 0.292698448 0.867295001 1.05098609 0.38245317 0.141781628
  8 0.3344590053 0.234142803 0.537816421 0.54177929 0.35779877 0.261595432
  9 0.3344590053 0.234142803 0.537816421 0.54177929 0.35779877 0.261595432
   year
age         2001        2002         2003         2004         2005
  1 0.0002068232 0.001374439 0.0008772789 0.0007892546 0.0004757894
  2 0.1686904039 0.116984690 0.1080984791 0.0972521054 0.0586268607
  3 0.2959003327 0.320070553 0.1990297855 0.1790595560 0.1079431607
  4 0.1620679861 0.277431203 0.2236395210 0.2012000025 0.1212901712
  5 0.2138631357 0.474020219 0.2426488965 0.2183020173 0.1315998446
  6 0.1374413746 0.358404069 0.2336548107 0.2102103792 0.1267219312
  7 0.6933631897 0.172642738 0.2742326096 0.2467166872 0.1487291693
  8 0.2896091511 0.299970038 0.2236395210 0.2012000025 0.1212901712
  9 0.2896091511 0.299970038 0.2236395210 0.2012000025 0.1212901712
   year
age         2006        2007         2008         2009        2010
  1 0.0008757594 0.001095821 0.0005942816 0.0009273655 0.001036623
  2 0.1079112505 0.135027225 0.0732274978 0.1142701637 0.127732896
  3 0.1986850622 0.248610711 0.1348257006 0.2103930264 0.235180467
  4 0.2232521731 0.279351053 0.1514966969 0.2364078097 0.264260181
  5 0.2422286240 0.303095913 0.1643739272 0.2565024906 0.286722315
  6 0.2332501162 0.291861283 0.1582812014 0.2469949040 0.276094593
  7 0.2737576336 0.342547543 0.1857691984 0.2898894180 0.324042721
  8 0.2232521731 0.279351053 0.1514966969 0.2364078097 0.264260181
  9 0.2232521731 0.279351053 0.1514966969 0.2364078097 0.264260181


TABLE 5.6.2.14 HERRING in VIa (N). ESTIMATED POPULATION ABUNDANCE

Units  :  NA 
   year
age        1957       1958       1959      1960       1961       1962
  1 1030679.055 2009073.88 2051918.64 605231.21 1249161.86 2240089.35
  2  880501.568  375388.21  730018.03 724065.58  220581.29  451938.53
  3  225348.514  588468.18  251595.69 482690.44  449216.96  124914.62
  4  132556.926  132317.59  351145.99 174223.58  340865.51  312276.67
  5  130980.869   95493.52   82690.87 207453.34  136009.69  276959.73
  6   76240.974   86293.12   62785.53  51177.00  141343.38  101705.88
  7   49824.969   50123.75   51898.64  40377.54   35272.73  116100.54
  8    6457.248   36649.89   28866.50  30852.87   26722.38   26841.20
  9   20014.301   26618.30   33655.39  22446.85   14332.61   30923.93
   year
age       1963      1964       1965       1966       1967       1968       1969
  1 2071905.27 963114.17 7747943.17 1058405.20 2485733.99 4091826.50 2996444.93
  2  792149.69 755351.44  338916.84 2676909.92  269785.90  794808.15 1378038.29
  3  255756.56 519945.17  488977.87  234155.26 1556211.60  176426.39  508125.76
  4   82219.90 161317.03  362562.08  343897.64  161574.12 1077120.87  125521.83
  5  218558.98  63135.11  120637.66  271692.53  253741.74  111032.42  823532.79
  6  208491.96 159304.69   50209.53   88025.04  206996.53  192333.59   87181.73
  7   73275.36 163797.27  121142.32   40567.79   61295.45  159008.62  151633.78
  8   82146.86  58051.53  130507.98   87888.55   31424.60   44292.03  128984.29
  9   36605.92  99664.92  134686.99  133641.32  146525.09   75109.62  129856.38
   year
age       1970       1971       1972       1973       1974       1975
  1 3438117.09 9564544.68 2674778.12 1073107.61 1669558.77 2087623.04
  2 1080422.54 1127467.03 3398061.02  681784.59  365183.70  439185.74
  3  941665.60  715729.69  550870.56 1987545.63  305530.60  164705.50
  4  351244.96  543106.78  219019.92  293926.42  904182.33  115443.95
  5   91449.06  211782.09  206116.78  146766.03  141585.93  328170.29
  6  544828.52   56453.09   95241.86  123285.84   73124.61   50299.25
  7   58955.65  357943.27   26908.77   61794.26   59864.83   19393.26
  8   96662.53   32880.98  177775.60   14556.37   38621.88   21490.12
  9   85983.34   62561.44   53020.57   72094.96   36167.40   22435.15
   year
age       1976       1977       1978         1979       1980        1981
  1 599081.247 615079.832 906922.648 1214029.6560 877302.997 1653289.851
  2 668515.543 180845.189 206155.292  320571.9905 446472.807  321175.679
  3 155196.833 226411.695  93402.937  113328.9685 237363.810  330515.955
  4  55552.956  37137.766  99681.955   57960.4034  92716.356  194251.235
  5  44314.105  16809.862  12740.337   51682.5993  52426.676   83844.736
  6 119324.921  16316.869   5699.626    5031.5810  46751.989   47425.257
  7  16654.343  36076.559   3292.158    1548.1034   4545.156   42294.391
  8   5957.868   4784.678  12835.623     999.8047   1396.979    4105.021
  9  18287.642   2577.966   3156.770    7076.8430   7300.372    4158.333
   year
age      1982       1983        1984        1985       1986       1987
  1 763072.16 2915058.85 1110269.743 1185789.281 875468.904 2051745.42
  2 586891.92  272993.62 1024889.485  407161.321 412594.344  302515.30
  3 171622.79  223879.84  136169.400  598338.787 242916.123  174605.73
  4 175890.27   75969.63  100348.673   66854.042 356530.186  121760.16
  5 117634.83   70798.04   41035.543   57644.301  44167.130  209987.75
  6  55501.59   51196.62   23941.362   22973.895  37734.455   22141.45
  7  30942.35   27907.97   20523.106   10916.824  14501.496   17125.73
  8  27286.96   17092.70   11358.014    9774.093   3367.916   10674.46
  9   7954.58   17187.92    5026.056    6438.607   4651.831   18205.61
   year
age       1988       1989      1990      1991      1992      1993      1994
  1 876338.376 806790.382 426676.59 376174.78 788856.71 574681.73 842040.46
  2 743481.953 321393.107 293187.66 148683.60 123170.66 287149.69 201143.51
  3 167958.314 448941.342 206681.00 182308.34  90510.42  70400.17 131978.20
  4 102115.602 100010.888 269156.83 132528.45 126533.84  51724.73  40833.86
  5  79804.219  65451.690  72534.07 173116.25  93148.10  91967.52  36386.06
  6 142463.925  53467.309  42053.41  40516.07 121046.06  63588.10  70616.28
  7  12053.510 101808.901  41173.03  25442.86  23838.70  77415.94  43496.31
  8   8582.137   7822.884  77866.56  27885.16  15835.75  15547.81  51851.71
  9   9115.142  16904.567  20040.04  18029.06  20215.62  12343.20  43526.78
   year
age      1995      1996       1997       1998       1999        2000
  1 603038.57 914120.87 1463902.21 486705.529 303900.886 1641177.607
  2 308763.99 221690.70  335150.57 537845.302 173770.580  107370.180
  3 117848.68 158907.69  131949.55 200682.218 335121.916   98703.355
  4  71990.61  69178.10  102301.88  76624.815 133184.482  190057.895
  5  31244.31  44975.80   53840.19  62563.784  39139.866   96708.923
  6  25870.08  23167.81   33568.37  26843.347  34949.370   22754.826
  7  56201.78  19416.18   18587.45  13841.629  10715.150   24479.905
  8  29383.34  42493.89   13110.43   7065.271   4378.449    6614.112
  9  36077.63 156289.91   24855.25   8320.764   3793.263    2076.940
   year
age        2001        2002       2003      2004      2005      2006      2007
  1 1093739.096 1142676.895 446256.723 266886.33 312347.74 535371.42 277381.86
  2  601679.257  402280.918 419789.966 164024.72  98104.54 114851.65 196779.73
  3   64051.924  376543.698 265115.599 279123.97 110251.60  68539.26  76380.70
  4   65271.851   39009.053 223847.172 177884.80 191061.71  81030.19  46003.69
  5  133379.404   50223.994  26745.401 161955.89 131622.26 153132.92  58648.95
  6   75858.409   97449.529  28288.990  18986.22 117803.97 104411.13 108752.83
  7   13841.031   59825.213  61616.552  20263.43  13922.46  93906.54  74820.07
  8   19222.298    6260.589  45548.808  42380.91  14326.36  10856.61  64621.19
  9    4171.354    5754.276   7369.287  23070.93  13149.46  26677.19  18249.70
   year
age      2008      2009      2010
  1 342338.91 630166.54 588137.34
  2 101931.32 125864.63 231610.43
  3 127365.10  70180.59  83174.16
  4  48770.19  91124.99  46557.06
  5  31480.57  37925.46  65093.47
  6  39192.04  24167.21  26552.40
  7  73494.93  30271.07  17081.60
  8  48064.25  55226.74  20497.50
  9  66955.98  47042.60  59596.15


TABLE 5.6.2.15 HERRING in VIa (N). SURVIVORS AFTER TERMINAL YEAR

Units  :  NA 
   year
age       2011
  1         NA
  2 3950163.36
  3  151006.65
  4   53825.98
  5   32343.68
  6   44216.67
  7   18229.22
  8   11178.13
  9   55641.90


TABLE 5.6.2.16 HERRING in VIa (N). FITTED SELECTION PATTERN

Units  :  NA 
   year
age        2003        2004        2005        2006        2007        2008
  1 0.003922736 0.003922736 0.003922736 0.003922736 0.003922736 0.003922736
  2 0.483360359 0.483360359 0.483360359 0.483360359 0.483360359 0.483360359
  3 0.889958021 0.889958021 0.889958021 0.889958021 0.889958021 0.889958021
  4 1.000000000 1.000000000 1.000000000 1.000000000 1.000000000 1.000000000
  5 1.085000073 1.085000073 1.085000073 1.085000073 1.085000073 1.085000073
  6 1.044783184 1.044783184 1.044783184 1.044783184 1.044783184 1.044783184
  7 1.226226064 1.226226064 1.226226064 1.226226064 1.226226064 1.226226064
  8 1.000000000 1.000000000 1.000000000 1.000000000 1.000000000 1.000000000
  9 1.000000000 1.000000000 1.000000000 1.000000000 1.000000000 1.000000000
   year
age        2009        2010
  1 0.003922736 0.003922736
  2 0.483360359 0.483360359
  3 0.889958021 0.889958021
  4 1.000000000 1.000000000
  5 1.085000073 1.085000073
  6 1.044783184 1.044783184
  7 1.226226064 1.226226064
  8 1.000000000 1.000000000
  9 1.000000000 1.000000000


TABLE 5.6.2.17 HERRING in VIa (N). PREDICTED CATCH IN NUMBERS

Units  :  NA 
   year
age  1957   1958   1959   1960  1961  1962  1963  1964   1965   1966   1967
  1  6496  15616  53092   3561 13081 55048 11796 26546 299483 211675 207947
  2 74622  30980  67972 102124 45195 92805 78247 82611  19767 500853  27416
  3 58086 145394  35263  60290 61619 22278 53455 70076  62642  33456 218689
  4 25762  39070 116390  22781 33125 67454 11859 26680  59375  60502  37069
  5 33979  24908  24946  48881 22501 44357 40517  7283  22265  40908  39246
  6 19890  27630  17332  11631 12412 19759 26170 24227   5120  19344  29793
  7  8885  17405  16999  10347  5345 24139  8687 18637  22891   5563  11770
  8  1427   9857   7372   6346  4814  6147 13662  8797  18925  17811   5533
  9  4423   7159   8595   4617  2582  7082  6088 15103  19531  27083  25799
   year
age   1968   1969   1970   1971   1972   1973   1974   1975   1976  1977  1978
  1 220255  37706 238226 207711 534963  51170 309016 172879  69053 34836 22525
  2  94438  92561  99014 335083 621496 235627 124944 202087 319604 47739 46284
  3  20998  71907 253719 412816 175137 808267 151025  89066 101548 95834 20587
  4 159122  23314 111897 302208  54205 131484 519178  63701  35502 22117 40692
  5  13988 211243  27741 101957  66714  63071  82466 188202  25195 10083  6879
  6  23582  21011 142399  25557  25716  54642  49683  30601  76289 12211  3833
  7  15677  42762  21609 154424  10342  18242  34629  12297  10918 20992  2100
  8   6377  26031  27073  16818  55763   6506  22470  13121   3914  2758  6278
  9  10814  26207  24082  31999  16631  32223  21042  13698  12014  1486  1544
   year
age 1979 1980   1981   1982  1983   1984   1985   1986  1987   1988   1989
  1  247 2692  36740  13304 81923   2207  40794  33768 19463   1708   6216
  2  142  279  77961 250010 77810 188778  68845 154963 65954 119376  36763
  3   77   95 105600  72179 92743  49828 148399  86072 45463  41735 109501
  4   19   51  61341  93544 29262  35001  17214 118860 32025  28421  18923
  5   13   13  21473  58452 42535  14948  15211  18836 50119  19761  18109
  6    8    9  12623  23580 27318  11366   6631  18000  8429  28555   7589
  7    4    8  11583  11516 14709   9300   6907   2578  7307   3252  15012
  8    1    1   1309  13814  8437   4427   3323   1427  3508   2222   1622
  9    0    0   1326   4027  8484   1959   2189   1971  5983   2360   3505
   year
age  1990  1991  1992  1993  1994  1995  1996  1997  1998  1999     2000
  1 14294 26396  5253 17719  1728   266  1952  1193  9092  7635  3568.58
  2 40867 23013 24469 95288 36554 82176 37854 55810 74167 35252 18161.91
  3 40779 25229 24922 18710 40193 30398 30899 34966 34571 93910 17263.76
  4 74279 28212 23733 10978  6007 21272  9219 31657 31905 25078 40673.54
  5 26520 37517 21817 13269  7433  5376  7508 23118 22872 13364 12264.30
  6 13305 13533 33869 14801  8101  4205  2501 17500 14372  7529  7120.78
  7  9878  7581  6351 19186 10515  8805  4700 10331  8641  3251  3083.08
  8 21456  6892  4317  4711 12158  7971  8458  5213  2825  1257  1451.93
  9  5522  4456  5511  3740 10206  9787 31108  9883  3327  1089   455.93
   year
age     2001     2002       2003       2004        2005       2006       2007
  1   142.98   992.20   247.3792   133.1068    93.92185   296.2654   192.0518
  2 81030.48 38481.61 37260.0752 13164.3074  4833.21079 10177.3325 21545.4679
  3 14942.91 93975.06 43509.3500 41598.7120 10242.96414 11230.6209 15301.1679
  4  9305.89  9014.41 42767.7560 30903.1323 20788.94688 15457.4717 10694.7084
  5 24482.25 18113.71  5494.7087 30280.8408 15461.92797 31412.1254 14630.0388
  6  9280.71 28016.08  5620.2105  3431.4002 13357.01619 20711.5262 26260.3541
  7  6624.96  9040.10 14095.6220  4224.7021  1833.24354 21449.9648 20709.9588
  8  4610.61  1547.86  8702.4566  7362.6454  1558.81536  2071.0272 15022.8120
  9  1000.53  1422.68  1407.9600  4008.0100  1430.76000  5088.9900  4242.6000
   year
age       2008       2009      2010
  1   128.5703   369.2648  7040.319
  2  6229.5161 11775.5188 24070.522
  3 14592.9611 12110.8907 15860.360
  4  6532.6560 18293.4338 10311.399
  5  4547.0687  8182.8827 15478.403
  6  5466.9950  5043.6173  6110.129
  7 11875.5528  7266.8144  4511.283
  8  6438.0964 11086.8233  4539.761
  9  8968.6000  9443.8500 13199.280


TABLE 5.6.2.18 HERRING in VIa (N). CATCH RESIDUALS

Units  :  Thousands NA 
   year
age        2003                      2004                      2005
  1 -1.48342998                      -Inf  0.6642871150873095320577
  2 -0.11140539 -0.6541499735591980169147  0.6896535913206351953164
  3  0.07430765 -0.6269324159248597094773  0.8191423112496212244338
  4  0.22886912 -0.1052738338207073603980 -0.0090143569292715983177
  5  0.30617057  0.4133851978004446925397 -0.4122812915023512103652
  6 -0.25744693  0.1321278628739084859411 -0.3113772193234328744538
  7 -0.09498418  0.5926791989560888929134 -0.5912011657362400418592
  8  0.05425157  0.1414102511389307426093 -0.2658134368284216231260
  9  0.00000000 -0.0000000000000001110223 -0.0000000000000001110223
   year
age                      2006        2007        2008        2009        2010
  1 -0.8049749842408561173457 -0.38447827        -Inf  1.65045022  0.35831629
  2 -0.4193263716996037948626  0.46573759  0.23736535 -0.02293333 -0.16840592
  3 -0.2009558478696570893440  0.14872844 -0.11258829 -0.14505350  0.02926120
  4 -0.1247281294932872514059 -0.48949960 -0.18531840 -0.09792534 -0.03487777
  5  0.2680301377254705186282 -0.02526858 -0.34525051  0.01807943 -0.05786611
  6  0.2936929230354884401422  0.15183316  0.03972804  0.12035470  0.03413999
  7 -0.0224880631512752657275  0.03823189  0.22232331  0.03354309 -0.04280771
  8  0.3843751317664331756951 -0.10057048  0.23484101  0.06183192  0.17146875
  9 -0.0000000000000002220446  0.00000000  0.00000000  0.00000000  0.00000000


TABLE 5.6.2.19 HERRING in VIa (N). PREDICTED INDEX VALUES

WoS Summer Acoustic Survey

Units  :  NA NA 
   year
age      1991      1992      1993     1994     1995      1996      1997
  1  99003.68 219950.92 156845.78 235719.6 169048.8 255879.22 410240.80
  2 316920.75 253675.63 525149.86 419891.9 600584.8 466775.09 707981.30
  3 723078.00 322908.07 253202.34 459049.4 426629.8 604954.96 474878.48
  4 567052.56 551388.46 221419.09 182994.2 288872.9 312904.39 405756.90
  5 692934.23 368005.42 387388.78 146974.0 129128.9 186542.40 179229.57
  6 146689.01 458630.83 249919.85 301421.1 106949.9  99324.31 100127.51
  7  96472.39  92723.71 305514.00 172456.1 236941.8  76963.23  53868.84
  8 109383.99  60892.96  58323.66 205371.7 113107.4 172766.81  45172.51
  9  78758.03  86567.85  51563.74 191988.5 154656.8 707629.48  95371.03
   year
age       1998       1999       2000       2001       2002       2003
  1  134281.38   83367.59 459380.255  306688.07  320206.56  125086.15
  2 1161060.65  356673.09 226350.976 1301969.27  895371.73  938878.26
  3  776755.45 1190626.78 381295.948  236577.17 1372572.09 1032296.04
  4  275510.69  580067.45 812529.809  293406.52  164665.97  973020.62
  5  221585.64  141672.99 412125.513  546815.16  178684.27  107941.28
  6   78664.34  139147.16  83890.619  322189.78  366934.05  114012.55
  7   36293.36   40445.82 105353.685   44101.60  253174.36  246710.43
  8   24291.14   16641.25  26491.559   75824.70   24556.60  186250.23
  9   31858.37   16055.35   9264.057   18324.14   25135.35   33557.26
   year
age       2004      2005      2006     2007     2008      2009       2010
  1   74812.06  87570.50 150065.20       NA  95972.7 176631.41 3012634.70
  2  369023.27 225411.35 256896.86 433694.4 232347.8 280556.37  512493.14
  3 1098734.80 451141.95 266925.46 289479.2 513589.2 271579.15  317541.80
  4  782745.36 878151.02 352297.04 193988.8 220495.9 393356.01  197943.62
  5  662365.77 564354.58 618167.96 229029.5 132589.2 151911.38  256474.46
  6   77503.78 503274.78 420898.94 424618.5 164578.6  96695.05  104566.83
  7   82359.91  59691.37 376095.73 288628.2 308806.1 120174.44   66562.41
  8  175428.95  61941.36  44402.33 256335.3 204417.2 224257.54   81979.69
  9  106349.97  63313.17 121504.59  80617.7 317121.6 212730.72  265438.99


TABLE 5.6.2.20 HERRING in VIa (N). INDEX RESIDUALS

WoS Summer Acoustic Survey

Units  :  NA 
   year
age        1991       1992        1993       1994       1995         1996
  1  1.22881151 -1.0851589 -4.19787339  0.7401964  0.9593111 -1.825781958
  2 -0.07342707  0.6853883  0.09817133  0.2554164  0.6082477  0.211058414
  3 -0.79080232 -0.4256043  1.00179227  0.2805565  0.1038128  0.282615233
  4 -0.43283112 -0.7591312  1.13480659  0.4451728  0.4439271  0.050494365
  5 -0.35002970  0.1195783  0.37713143  0.7358102  0.1696272 -0.670999373
  6  0.18414452 -0.6471485  1.28170994 -0.1170364  0.5598169 -0.494095438
  7  0.02324341  0.1306968 -0.03295460  0.8582775 -0.3367331  0.005400617
  8 -0.19694550 -0.0711670  0.99576411 -0.1672618  0.7384555 -0.792800989
  9 -0.30519615 -0.3108339  1.14137670 -0.3755433  0.2655728 -1.818642031
   year
age        1997         1998         1999        2000        2001        2002
  1  0.65822105  2.208061148  1.857510696 -0.02597833  0.02069146  0.28241675
  2 -0.09804747 -0.379212626 -0.101026640  0.33428814 -0.20372402 -0.71959673
  3 -0.50647289 -0.152665407  0.153383985 -0.12319622 -0.08315647  0.04580160
  4 -0.88752090  0.536380256 -0.294718803  0.10168645 -0.52942423  0.19339787
  5 -0.99749878 -0.213144041  0.776578271 -0.04650104 -0.22303412 -0.09987760
  6 -0.70406786  0.007669834 -0.003218775  1.08230074 -0.88780368  0.14525863
  7 -1.19661481 -0.257646154  0.760181191  0.63849112  0.84628934 -0.50822617
  8 -0.44353769 -0.561826645  0.505931342  1.27705072 -0.36951754  1.01114686
  9 -1.36155369  0.143382199  0.790669888  1.94824521  0.63852028  0.86170091
   year
age       2003       2004        2005        2006        2007          2008
  1  1.2550410  2.0200751 -0.55642919 -0.28989601          NA -0.6962016375
  2  0.1017131 -0.2959084  0.07677924  1.17899655 -1.23605823  0.0009559723
  3 -0.1016716 -0.3683331 -0.67239923  0.37377815  0.01685611  0.5741613586
  4  0.4138361 -0.5708190 -0.73021003 -0.21374143  0.04293927  1.1097108033
  5  0.5185657 -0.1376291 -0.83401646 -0.05994616 -0.45505034  0.9414549651
  6  0.1250530 -0.3303466 -1.19200643 -0.01483739 -0.20215447  0.5032590394
  7  0.3402446 -0.2871954 -1.55549058 -0.50489369 -0.17248949  0.8477312328
  8 -0.4882645 -0.7580788 -0.46262656 -0.71597957 -0.44967331  0.5821696006
  9  0.8068981 -0.3320623 -0.85969153 -0.71734277 -0.92086230 -0.1843216349
   year
age        2009        2010
  1  0.67185616 -3.22484678
  2 -0.40705205 -0.03693806
  3 -0.02815303  0.41972184
  4  0.08975130 -0.14367888
  5  0.89961803 -0.45060762
  6  0.81766019 -0.11412416
  7  0.43979782 -0.03807016
  8  0.80120280 -0.43399333
  9  0.76255121 -0.17281959


TABLE 5.6.2.21 HERRING in VIa (N). FIT PARAMETERS

                                       Value   Std.dev   Lower.95.pct.CL
F, 2003                          0.223638521 0.1470826       0.167628308
F, 2004                          0.201199003 0.1458762       0.151165782
F, 2005                          0.121289171 0.1446341       0.091349680
F, 2006                          0.223251173 0.1433777       0.168557556
F, 2007                          0.279350053 0.1519248       0.207409064
F, 2008                          0.151495697 0.1664625       0.109321242
F, 2009                          0.236406810 0.1838297       0.164884949
F, 2010                          0.264259181 0.2236472       0.170473831
Selectivity at age 1             0.003921736 0.3770853       0.001872824
Selectivity at age 2             0.483359359 0.1394528       0.367760893
Selectivity at age 3             0.889957021 0.1277594       0.692816164
Selectivity at age 5             1.084999073 0.1148603       0.866280111
Selectivity at age 6             1.044782184 0.1116173       0.839489368
Selectivity at age 7             1.226225064 0.1118462       0.984838050
Terminal year pop, age 1  10748792.954324342 0.8625282 1982261.299407002
Terminal year pop, age 2    231609.428459009 0.3180442  124174.251014013
Terminal year pop, age 3     83173.164007027 0.2524731   50707.682774775
Terminal year pop, age 4     46556.064787960 0.2206020   30213.154435798
Terminal year pop, age 5     65092.471181141 0.2042163   43621.269390660
Terminal year pop, age 6     26551.400749794 0.1994455   17960.400688385
Terminal year pop, age 7     17080.598817369 0.1951210   11652.328868806
Terminal year pop, age 8     20496.504525047 0.2007944   13828.026088680
Last true age pop, 2003      45547.807753170 0.2690027   26883.620661267
Last true age pop, 2004      42379.905486501 0.2128030   27926.621752496
Last true age pop, 2005      14325.359646585 0.1900915    9869.528621441
Last true age pop, 2006      10855.609772853 0.1693040    7790.041135365
Last true age pop, 2007      64620.194647729 0.1708038   46235.667534984
Last true age pop, 2008      48063.250284777 0.1787467   33857.964108400
Last true age pop, 2009      55225.736469364 0.1751838   39176.179772591
Index 1, age 1 numbers, Q        0.483640418 0.5544866       0.163130072
Index 1, age 2 numbers, Q        2.793638826 0.1760179       1.978521740
Index 1, age 3 numbers, Q        4.839667630 0.1749366       3.434839822
Index 1, age 4 numbers, Q        5.185287368 0.1746270       3.682368997
Index 1, age 5 numbers, Q        4.864522196 0.1749093       3.452664404
Index 1, age 6 numbers, Q        4.834016739 0.1756437       3.426077747
Index 1, age 7 numbers, Q        4.909840876 0.1772991       3.468545524
Index 1, age 8 numbers, Q        4.877779899 0.1793299       3.432207542
Index 1, age 9 numbers, Q        5.432045488 0.1770019       3.839691562
                             Upper.95.pct.CL
F, 2003                          0.298363616
F, 2004                          0.267792342
F, 2005                          0.161041210
F, 2006                          0.295691795
F, 2007                          0.376244175
F, 2008                          0.209940409
F, 2009                          0.338952585
F, 2010                          0.409640084
Selectivity at age 1             0.008212207
Selectivity at age 2             0.635293948
Selectivity at age 3             1.143194314
Selectivity at age 5             1.358940339
Selectivity at age 6             1.300278304
Selectivity at age 7             1.526776822
Terminal year pop, age 1  58285227.083581589
Terminal year pop, age 2    431997.188733237
Terminal year pop, age 3    136424.597465163
Terminal year pop, age 4     71739.188079370
Terminal year pop, age 5     97132.198664875
Terminal year pop, age 6     39251.734635968
Terminal year pop, age 7     25037.643482665
Terminal year pop, age 8     30380.814662275
Last true age pop, 2003      77169.768806802
Last true age pop, 2004      64313.414095073
Last true age pop, 2005      20792.880478425
Last true age pop, 2006      15127.553435562
Last true age pop, 2007      90314.897111647
Last true age pop, 2008      68228.438678154
Last true age pop, 2009      77850.417939868
Index 1, age 1 numbers, Q        1.433874527
Index 1, age 2 numbers, Q        3.944570198
Index 1, age 3 numbers, Q        6.819061146
Index 1, age 4 numbers, Q        7.301605328
Index 1, age 5 numbers, Q        6.853714530
Index 1, age 6 numbers, Q        6.820545113
Index 1, age 7 numbers, Q        6.950042104
Index 1, age 8 numbers, Q        6.932196391
Index 1, age 9 numbers, Q        7.684762620


