TABLE 3.6.1 WBSS HERRING. CATCH IN NUMBER

Units  :  thousands 
   year
age   1991   1992   1993   1994    1995   1996   1997   1998   1999   2000
  0 118958 145090 206102 263202  541302 171144 376795 549774 569599 152581
  1 825969 456707 530707 249398 1660683 638877 668616 623072 616124 934545
  2 541246 602624 495950 364980  438136 400585 289336 430903 334339 496396
  3 564430 364864 415108 382650  226810 199681 276919 182860 246212 186615
  4 279767 333993 260950 267033  194870 144155  75283 146685  90259 128625
  5 177486 183200 210497 168142   84123 130086  43119  45322  55919  71727
  6  46487 139835 102768 118416   60096  65274  39916  23759  15481  38262
  7  13241  52660  63922  49504   32878  30705  21211  15400   9478  13777
  8   4933  22574  24535  33088   20459  25111  24134  14112   6084  10689
   year
age   2001   2002   2003   2004   2005   2006   2007   2008
  0 756285 150271  53489 243554 106906   7946  10721   9610
  1 523163 659130 126876 457754 305171 148909 172044 150188
  2 488816 281840 264855 197812 319225 187674 184735 138181
  3 257837 321311 161251 164766 177833 233214 143904 135093
  4 108097 172285 189432  93214 130394 150654 126861  88702
  5  68376  57160 103648  91242  60639  98751  64996  85592
  6  39092  38532  29117  48957  65695  42459  30199  44530
  7  18307  13842  17452  14876  31231  32418  21256  17195
  8   6687   8329   8819  11013  12620  17312  14759  18343


TABLE 3.6.2 WBSS HERRING. WEIGHTS AT AGE IN THE CATCH

Units  :  kg 
   year
age   1991   1992   1993   1994   1995   1996   1997   1998   1999   2000
  0 0.0296 0.0152 0.0154 0.0146 0.0101 0.0106 0.0296 0.0143 0.0111 0.0211
  1 0.0348 0.0345 0.0254 0.0370 0.0209 0.0246 0.0275 0.0333 0.0343 0.0255
  2 0.0669 0.0673 0.0680 0.0833 0.0684 0.0809 0.0684 0.0663 0.0658 0.0578
  3 0.0949 0.0944 0.1020 0.1032 0.0984 0.0970 0.1181 0.0942 0.0981 0.0950
  4 0.1234 0.1163 0.1143 0.1221 0.1235 0.1125 0.1342 0.1178 0.1164 0.1301
  5 0.1390 0.1417 0.1361 0.1411 0.1520 0.1328 0.1620 0.1367 0.1471 0.1428
  6 0.1556 0.1651 0.1679 0.1565 0.1704 0.1369 0.1817 0.1663 0.1566 0.1463
  7 0.1709 0.1758 0.1823 0.1705 0.2063 0.1542 0.1967 0.1652 0.1538 0.1583
  8 0.1826 0.1915 0.1989 0.1860 0.2170 0.1910 0.2087 0.1870 0.1576 0.1591
   year
age   2001   2002   2003    2004   2005   2006   2007   2008
  0 0.0123 0.0105 0.0132 0.00618 0.0140 0.0170 0.0139 0.0178
  1 0.0243 0.0213 0.0315 0.02754 0.0272 0.0360 0.0506 0.0644
  2 0.0593 0.0700 0.0671 0.06419 0.0721 0.0728 0.0709 0.0785
  3 0.0862 0.0968 0.0907 0.10017 0.0938 0.0982 0.0854 0.0957
  4 0.1089 0.1196 0.1079 0.10596 0.1106 0.1153 0.1141 0.1153
  5 0.1567 0.1400 0.1223 0.13139 0.1228 0.1535 0.1288 0.1399
  6 0.1560 0.1876 0.1319 0.15228 0.1493 0.1581 0.1564 0.1474
  7 0.1556 0.1814 0.1603 0.16768 0.1619 0.1865 0.1673 0.1680
  8 0.1713 0.1717 0.1625 0.15295 0.1736 0.1848 0.1903 0.1739


TABLE 3.6.3 WBSS HERRING. WEIGHTS AT AGE IN THE STOCK

Units  :  kg 
   year
age   1991   1992   1993   1994   1995   1996   1997   1998   1999   2000
  0 0.0001 0.0001 0.0001 0.0001 0.0001 0.0001 0.0001 0.0001 0.0001 0.0001
  1 0.0308 0.0203 0.0156 0.0186 0.0131 0.0181 0.0131 0.0221 0.0211 0.0140
  2 0.0528 0.0451 0.0402 0.0529 0.0459 0.0546 0.0515 0.0558 0.0567 0.0431
  3 0.0787 0.0818 0.0967 0.0836 0.0708 0.0905 0.1063 0.0829 0.0871 0.0837
  4 0.1041 0.1075 0.1079 0.1077 0.1327 0.1170 0.1333 0.1128 0.1081 0.1250
  5 0.1245 0.1313 0.1409 0.1392 0.1674 0.1197 0.1662 0.1338 0.1480 0.1436
  6 0.1449 0.1593 0.1671 0.1566 0.1892 0.1538 0.1943 0.1678 0.1601 0.1629
  7 0.1594 0.1710 0.1827 0.1768 0.2097 0.1467 0.2089 0.1683 0.1439 0.1650
  8 0.1640 0.1869 0.1891 0.2028 0.2338 0.1280 0.2263 0.1843 0.1504 0.1831
   year
age   2001   2002   2003   2004   2005   2006   2007   2008
  0 0.0001 0.0001 0.0001 0.0001 0.0001 0.0001 0.0001 0.0001
  1 0.0169 0.0164 0.0144 0.0131 0.0126 0.0185 0.0150 0.0180
  2 0.0509 0.0637 0.0445 0.0456 0.0514 0.0621 0.0550 0.0680
  3 0.0783 0.0905 0.0793 0.0811 0.0800 0.0953 0.0800 0.0860
  4 0.1159 0.1239 0.1051 0.1092 0.1066 0.1174 0.1140 0.1100
  5 0.1690 0.1736 0.1268 0.1440 0.1322 0.1659 0.1430 0.1390
  6 0.1763 0.1983 0.1506 0.1628 0.1573 0.1710 0.1710 0.1430
  7 0.1681 0.1980 0.1729 0.1932 0.1677 0.1858 0.1750 0.1410
  8 0.1805 0.2036 0.1847 0.2076 0.1820 0.1871 0.1880 0.1580


TABLE 3.6.4 WBSS HERRING. NATURAL MORTALITY

Units  :  NA 
   year
age 1991 1992 1993 1994 1995 1996 1997 1998 1999 2000 2001 2002 2003 2004 2005
  0  0.3  0.3  0.3  0.3  0.3  0.3  0.3  0.3  0.3  0.3  0.3  0.3  0.3  0.3  0.3
  1  0.5  0.5  0.5  0.5  0.5  0.5  0.5  0.5  0.5  0.5  0.5  0.5  0.5  0.5  0.5
  2  0.2  0.2  0.2  0.2  0.2  0.2  0.2  0.2  0.2  0.2  0.2  0.2  0.2  0.2  0.2
  3  0.2  0.2  0.2  0.2  0.2  0.2  0.2  0.2  0.2  0.2  0.2  0.2  0.2  0.2  0.2
  4  0.2  0.2  0.2  0.2  0.2  0.2  0.2  0.2  0.2  0.2  0.2  0.2  0.2  0.2  0.2
  5  0.2  0.2  0.2  0.2  0.2  0.2  0.2  0.2  0.2  0.2  0.2  0.2  0.2  0.2  0.2
  6  0.2  0.2  0.2  0.2  0.2  0.2  0.2  0.2  0.2  0.2  0.2  0.2  0.2  0.2  0.2
  7  0.2  0.2  0.2  0.2  0.2  0.2  0.2  0.2  0.2  0.2  0.2  0.2  0.2  0.2  0.2
  8  0.2  0.2  0.2  0.2  0.2  0.2  0.2  0.2  0.2  0.2  0.2  0.2  0.2  0.2  0.2
   year
age 2006 2007 2008
  0  0.3  0.3  0.3
  1  0.5  0.5  0.5
  2  0.2  0.2  0.2
  3  0.2  0.2  0.2
  4  0.2  0.2  0.2
  5  0.2  0.2  0.2
  6  0.2  0.2  0.2
  7  0.2  0.2  0.2
  8  0.2  0.2  0.2


TABLE 3.6.5 WBSS HERRING. PROPORTION MATURE

Units  :  NA 
   year
age 1991 1992 1993 1994 1995 1996 1997 1998 1999 2000 2001 2002 2003 2004 2005
  0 0.00 0.00 0.00 0.00 0.00 0.00 0.00 0.00 0.00 0.00 0.00 0.00 0.00 0.00 0.00
  1 0.00 0.00 0.00 0.00 0.00 0.00 0.00 0.00 0.00 0.00 0.00 0.00 0.00 0.00 0.00
  2 0.20 0.20 0.20 0.20 0.20 0.20 0.20 0.20 0.20 0.20 0.20 0.20 0.20 0.20 0.20
  3 0.75 0.75 0.75 0.75 0.75 0.75 0.75 0.75 0.75 0.75 0.75 0.75 0.75 0.75 0.75
  4 0.90 0.90 0.90 0.90 0.90 0.90 0.90 0.90 0.90 0.90 0.90 0.90 0.90 0.90 0.90
  5 1.00 1.00 1.00 1.00 1.00 1.00 1.00 1.00 1.00 1.00 1.00 1.00 1.00 1.00 1.00
  6 1.00 1.00 1.00 1.00 1.00 1.00 1.00 1.00 1.00 1.00 1.00 1.00 1.00 1.00 1.00
  7 1.00 1.00 1.00 1.00 1.00 1.00 1.00 1.00 1.00 1.00 1.00 1.00 1.00 1.00 1.00
  8 1.00 1.00 1.00 1.00 1.00 1.00 1.00 1.00 1.00 1.00 1.00 1.00 1.00 1.00 1.00
   year
age 2006 2007 2008
  0 0.00 0.00 0.00
  1 0.00 0.00 0.00
  2 0.20 0.20 0.20
  3 0.75 0.75 0.75
  4 0.90 0.90 0.90
  5 1.00 1.00 1.00
  6 1.00 1.00 1.00
  7 1.00 1.00 1.00
  8 1.00 1.00 1.00


TABLE 3.6.6 WBSS HERRING. FRACTION OF HARVEST BEFORE SPAWNING

Units  :  NA 
   year
age 1991 1992 1993 1994 1995 1996 1997 1998 1999 2000 2001 2002 2003 2004 2005
  0  0.1  0.1  0.1  0.1  0.1  0.1  0.1  0.1  0.1  0.1  0.1  0.1  0.1  0.1  0.1
  1  0.1  0.1  0.1  0.1  0.1  0.1  0.1  0.1  0.1  0.1  0.1  0.1  0.1  0.1  0.1
  2  0.1  0.1  0.1  0.1  0.1  0.1  0.1  0.1  0.1  0.1  0.1  0.1  0.1  0.1  0.1
  3  0.1  0.1  0.1  0.1  0.1  0.1  0.1  0.1  0.1  0.1  0.1  0.1  0.1  0.1  0.1
  4  0.1  0.1  0.1  0.1  0.1  0.1  0.1  0.1  0.1  0.1  0.1  0.1  0.1  0.1  0.1
  5  0.1  0.1  0.1  0.1  0.1  0.1  0.1  0.1  0.1  0.1  0.1  0.1  0.1  0.1  0.1
  6  0.1  0.1  0.1  0.1  0.1  0.1  0.1  0.1  0.1  0.1  0.1  0.1  0.1  0.1  0.1
  7  0.1  0.1  0.1  0.1  0.1  0.1  0.1  0.1  0.1  0.1  0.1  0.1  0.1  0.1  0.1
  8  0.1  0.1  0.1  0.1  0.1  0.1  0.1  0.1  0.1  0.1  0.1  0.1  0.1  0.1  0.1
   year
age 2006 2007 2008
  0  0.1  0.1  0.1
  1  0.1  0.1  0.1
  2  0.1  0.1  0.1
  3  0.1  0.1  0.1
  4  0.1  0.1  0.1
  5  0.1  0.1  0.1
  6  0.1  0.1  0.1
  7  0.1  0.1  0.1
  8  0.1  0.1  0.1


TABLE 3.6.7 WBSS HERRING. FRACTION OF NATURAL MORTALITY BEFORE SPAWNING

Units  :  NA 
   year
age 1991 1992 1993 1994 1995 1996 1997 1998 1999 2000 2001 2002 2003 2004 2005
  0 0.25 0.25 0.25 0.25 0.25 0.25 0.25 0.25 0.25 0.25 0.25 0.25 0.25 0.25 0.25
  1 0.25 0.25 0.25 0.25 0.25 0.25 0.25 0.25 0.25 0.25 0.25 0.25 0.25 0.25 0.25
  2 0.25 0.25 0.25 0.25 0.25 0.25 0.25 0.25 0.25 0.25 0.25 0.25 0.25 0.25 0.25
  3 0.25 0.25 0.25 0.25 0.25 0.25 0.25 0.25 0.25 0.25 0.25 0.25 0.25 0.25 0.25
  4 0.25 0.25 0.25 0.25 0.25 0.25 0.25 0.25 0.25 0.25 0.25 0.25 0.25 0.25 0.25
  5 0.25 0.25 0.25 0.25 0.25 0.25 0.25 0.25 0.25 0.25 0.25 0.25 0.25 0.25 0.25
  6 0.25 0.25 0.25 0.25 0.25 0.25 0.25 0.25 0.25 0.25 0.25 0.25 0.25 0.25 0.25
  7 0.25 0.25 0.25 0.25 0.25 0.25 0.25 0.25 0.25 0.25 0.25 0.25 0.25 0.25 0.25
  8 0.25 0.25 0.25 0.25 0.25 0.25 0.25 0.25 0.25 0.25 0.25 0.25 0.25 0.25 0.25
   year
age 2006 2007 2008
  0 0.25 0.25 0.25
  1 0.25 0.25 0.25
  2 0.25 0.25 0.25
  3 0.25 0.25 0.25
  4 0.25 0.25 0.25
  5 0.25 0.25 0.25
  6 0.25 0.25 0.25
  7 0.25 0.25 0.25
  8 0.25 0.25 0.25


TABLE 3.6.8 WBSS HERRING. SURVEY INDICES

HERAS 3-6 wr - Configuration

""
      min       max plusgroup   minyear   maxyear    startf      endf 
     3.00      6.00        NA   1993.00   2008.00      0.58      0.67 
Index type : number

HERAS 3-6 wr - Index Values

Units  :  NA 
   year
age       1993      1994       1995      1996      1997      1998 1999
  3 1274000000 935000000 1022000000 247000000 787000000 901000000   NA
  4  598000000 501000000 1270000000 141000000 166000000 282000000   NA
  5  434000000 239000000  255000000 119000000  67000000 111000000   NA
  6  154000000 186000000  174000000  37000000  69000000  51000000   NA
   year
age      2000      2001       2002      2003      2004      2005       2006
  3 673600000 452300000 1392800000 394600000 726000000 463500000 1780400000
  4 363900000 153100000  524300000 323400000 306900000 201300000  490000000
  5 185700000  96400000   87500000 103400000 183700000 102500000  180400000
  6  55600000  37600000   39500000  25200000  72100000  83600000   27000000
   year
age      2007      2008
  3 933000000 843000000
  4 499000000 333000000
  5 154000000 274000000
  6  34000000 176000000

HERAS 3-6 wr - Index Variance (Inverse Weights) 

Units  :  NA 
   year
age 1993 1994 1995 1996 1997 1998 1999 2000 2001 2002 2003 2004 2005 2006 2007
  3    1    1    1    1    1    1    1    1    1    1    1    1    1    1    1
  4    1    1    1    1    1    1    1    1    1    1    1    1    1    1    1
  5    1    1    1    1    1    1    1    1    1    1    1    1    1    1    1
  6    1    1    1    1    1    1    1    1    1    1    1    1    1    1    1
   year
age 2008
  3    1
  4    1
  5    1
  6    1

GerAS 1-3 wr - Configuration

""
      min       max plusgroup   minyear   maxyear    startf      endf 
     1.00      3.00        NA   1994.00   2008.00      0.77      0.83 
Index type : number

GerAS 1-3 wr - Index Values

Units  :  NA 
   year
age   1994    1995    1996    1997   1998    1999    2000 2001   2002    2003
  1 415730 1675340 1439460 1955400 801350 1338710 1429880   -1 837549 1238480
  2 883810  328610  590010  738180 678530  287240  453980   -1 421393  222530
  3 559720  357960  434090  394530 394070  232510  328960   -1 575356  217270
   year
age   2004   2005   2006   2007   2008
  1 968860 752980 950450 560000 392780
  2 592360 640060 274460 278000 213500
  3 346230 401070 376480 149000 209000

GerAS 1-3 wr - Index Variance (Inverse Weights) 

Units  :  NA 
   year
age 1994 1995 1996 1997 1998 1999 2000 2001 2002 2003 2004 2005 2006 2007 2008
  1    1    1    1    1    1    1    1    1    1    1    1    1    1    1    1
  2    1    1    1    1    1    1    1    1    1    1    1    1    1    1    1
  3    1    1    1    1    1    1    1    1    1    1    1    1    1    1    1

N20 - Configuration

""
      min       max plusgroup   minyear   maxyear    startf      endf 
      0.0       0.0        NA    1992.0    2008.0       0.3       0.5 
Index type : number

N20 - Index Values

Units  :  NA 
   year
age 1992 1993  1994 1995  1996 1997  1998  1999 2000 2001  2002 2003 2004 2005
  0 1060 3044 12515 7930 21012 4872 16743 20364 3026 4845 11324 5507 5640 3887
   year
age 2006 2007 2008
  0 3774 1900 1600

N20 - Index Variance (Inverse Weights) 

Units  :  NA 
   year
age 1992 1993 1994 1995 1996 1997 1998 1999 2000 2001 2002 2003 2004 2005 2006
  0    1    1    1    1    1    1    1    1    1    1    1    1    1    1    1
   year
age 2007 2008
  0    1    1


TABLE 3.6.9 WBSS HERRING. STOCK OBJECT CONFIGURATION

      min       max plusgroup   minyear   maxyear   minfbar   maxfbar 
        0         8         8      1991      2008         3         6 


TABLE 3.6.10 WBSS HERRING. FLICA CONFIGURATION SETTINGS

sep.2       : NA
sep.gradual : TRUE
sr          : FALSE
sr.age      : 0
lambda.age  : 0.1 1 1 1 1 1 1 1 0
lambda.yr   : 1 1 1 1 1
lambda.sr   : 0
index.model : linear linear linear
index.cor   : 1 1 1
sep.nyr     : 5
sep.age     : 4
sep.sel     : 1


TABLE 3.6.11 WBSS HERRING. FLR, R SOFTWARE VERSIONS

R version 2.8.1 (2008-12-22)

Package  : FLICA
Version  : 1.4-10
Packaged : Sat Mar 21 18:30:56 2009; mpa
Built    : R 2.8.0; ; 2009-03-21 18:30:58; windows

Package  : FLAssess
Version  : 1.99-102
Packaged : Mon Mar 23 08:18:19 2009; mpa
Built    : R 2.8.0; i386-pc-mingw32; 2009-03-23 08:18:21; windows

Package  : FLCore
Version  : 3.0
Packaged : Sun Mar 22 17:36:08 2009; mpa
Built    : R 2.8.0; i386-pc-mingw32; 2009-03-22 17:36:09; windows


TABLE 3.6.12 WBSS HERRING. STOCK SUMMARY

Year Recruitment    TSB    SSB       Fbar Landings Landings
           Age 0               (Ages 3-6)               SOP
                                        f   tonnes         
1991     5003979 616744 310543      0.358   191573    1.000
1992     3652584 541902 322123      0.476   194411    1.000
1993     3109372 464010 295303      0.544   185010    1.000
1994     6182874 377101 231273      0.689   172438    1.000
1995     4050991 318714 183178      0.512   150831    1.000
1996     4472243 273456 134412      0.701   121266    1.000
1997     3991042 275540 150554      0.510   115588    1.000
1998     5585578 272681 121510      0.492   107032    1.000
1999     6439794 289625 128418      0.373    97240    1.000
2000     3444329 294912 141946      0.466   109914    1.000
2001     4448602 319603 162715      0.454   105803    1.000
2002     3057143 351641 201961      0.410   106191    1.000
2003     4039490 266620 162065      0.394    78309    1.000
2004     2655128 281995 167171      0.358    76815    1.000
2005     2226088 286039 165281      0.407    88406    1.000
2006     1813432 314088 192109      0.396    90549    1.000
2007     1259682 248883 161537      0.358    68997    0.988
2008      894443 227677 146863      0.367    68484    1.000


TABLE 3.6.13 WBSS HERRING. ESTIMATED FISHING MORTALITY

Units  :  f 
   year
age   1991  1992   1993   1994  1995   1996  1997  1998  1999   2000  2001
  0 0.0279 0.047 0.0797 0.0505 0.167 0.0453 0.115 0.121 0.108 0.0526 0.218
  1 0.2591 0.174 0.2984 0.1602 0.639 0.3781 0.308 0.351 0.237 0.3197 0.316
  2 0.3195 0.372 0.3512 0.4219 0.572 0.3783 0.358 0.407 0.394 0.3714 0.334
  3 0.4206 0.371 0.4747 0.5033 0.507 0.5617 0.490 0.403 0.432 0.3998 0.336
  4 0.3984 0.474 0.4961 0.6462 0.522 0.7156 0.427 0.526 0.356 0.4225 0.427
  5 0.3714 0.496 0.6269 0.7007 0.432 0.8130 0.483 0.497 0.390 0.5344 0.418
  6 0.2399 0.565 0.5780 0.9072 0.587 0.7125 0.638 0.541 0.314 0.5076 0.634
  7 0.4106 0.468 0.5511 0.6163 0.699 0.6883 0.534 0.547 0.432 0.5103 0.489
  8 0.4106 0.468 0.5511 0.6163 0.699 0.6883 0.534 0.547 0.432 0.5103 0.489
   year
age   2002   2003   2004   2005   2006   2007   2008
  0 0.0585 0.0154 0.0199 0.0227 0.0220 0.0199 0.0204
  1 0.3728 0.0782 0.1833 0.2087 0.2029 0.1833 0.1881
  2 0.3409 0.3046 0.2424 0.2760 0.2683 0.2423 0.2487
  3 0.3834 0.3339 0.3014 0.3432 0.3336 0.3013 0.3092
  4 0.3943 0.4100 0.3608 0.4108 0.3993 0.3607 0.3701
  5 0.4218 0.4384 0.3761 0.4282 0.4162 0.3759 0.3858
  6 0.4411 0.3954 0.3926 0.4470 0.4345 0.3925 0.4028
  7 0.4840 0.3668 0.3608 0.4108 0.3993 0.3607 0.3701
  8 0.4840 0.3668 0.3608 0.4108 0.3993 0.3607 0.3701


TABLE 3.6.14 WBSS HERRING. ESTIMATED POPULATION ABUNDANCE

Units  :  NA 
   year
age    1991    1992    1993    1994    1995    1996    1997    1998    1999
  0 5003979 3652584 3109372 6182874 4050991 4472243 3991042 5585578 6439794
  1 4549372 3605104 2581634 2127100 4354977 2538818 3166531 2634467 3667888
  2 2171998 2129499 1837128 1161808 1099199 1394465 1055070 1411769 1124560
  3 1801225 1291944 1202461 1058709  623807  507889  782094  603999  769229
  4  933200  968392  730181  612447  524004  307557  237112  392196  330430
  5  627394  512981  493505  364024  262766  254500  123111  126606  189745
  6  239518  354323  255855  215856  147892  139686   92414   62155   63051
  7   43085  154275  164950  117524   71335   67321   56088   39982   29617
  8   16052   66134   63312   78552   44389   55056   63818   36638   19011
   year
age    2000    2001    2002    2003    2004    2005    2006    2007   2008
  0 3444329 4448602 3057143 4039490 2655128 2226088 1813432 1259682 894443
  1 4283602 2420957 2650607 2136119 2946679 1928203 1612172 1314150 914810
  2 1754449 1887276 1070384 1107396 1198149 1487878  949184  798253 663594
  3  620661  990765 1106052  623198  668615  769803  924364  594256 512908
  4  408966  340693  579554  617148  365373  404973  447183  542139 359966
  5  189480  219453  181977  319882  335317  208547  219874  245593 309473
  6  105163   90909  118333   97715  168947  188486  111272  118727 138065
  7   37710   51826   39485   62329   53872   93410   98693   58995  65651
  8   29257   18930   23759   31497   39883   41055   57638   53461  65021


TABLE 3.6.15 WBSS HERRING. SURVIVORS AFTER TERMINAL YEAR

Units  :  NA 
   year
age   2009
  0     NA
  1 649225
  2 459723
  3 423677
  4 308239
  5 203543
  6 172266
  7  75561
  8  73889


TABLE 3.6.16 WBSS HERRING. FITTED SELECTION PATTERN

Units  :  NA 
   year
age   2004   2005   2006   2007   2008
  0 0.0552 0.0552 0.0552 0.0552 0.0552
  1 0.5082 0.5082 0.5082 0.5082 0.5082
  2 0.6719 0.6719 0.6719 0.6719 0.6719
  3 0.8354 0.8354 0.8354 0.8354 0.8354
  4 1.0000 1.0000 1.0000 1.0000 1.0000
  5 1.0424 1.0424 1.0424 1.0424 1.0424
  6 1.0882 1.0882 1.0882 1.0882 1.0882
  7 1.0000 1.0000 1.0000 1.0000 1.0000
  8 1.0000 1.0000 1.0000 1.0000 1.0000


TABLE 3.6.17 WBSS HERRING. PREDICTED CATCH IN NUMBERS

Units  :  NA 
   year
age   1991   1992   1993   1994    1995   1996   1997   1998   1999   2000
  0 118958 145090 206102 263202  541302 171144 376795 549774 569599 152581
  1 825969 456707 530707 249398 1660683 638877 668616 623072 616124 934545
  2 541246 602624 495950 364980  438136 400585 289336 430903 334339 496396
  3 564430 364864 415108 382650  226810 199681 276919 182860 246212 186615
  4 279767 333993 260950 267033  194870 144155  75283 146685  90259 128625
  5 177486 183200 210497 168142   84123 130086  43119  45322  55919  71727
  6  46487 139835 102768 118416   60096  65274  39916  23759  15481  38262
  7  13241  52660  63922  49504   32878  30705  21211  15400   9478  13777
  8   4933  22574  24535  33088   20459  25111  24134  14112   6084  10689
   year
age   2001   2002   2003   2004   2005   2006   2007   2008
  0 756285 150271  53489  45230  43121  34157  21452  15629
  1 523163 659130 126876 391377 288344 234957 174499 124399
  2 488816 281840 264855 234699 326743 203345 156326 132978
  3 257837 321311 161251 158477 203827 238958 140817 124284
  4 108097 172285 189432 100892 124486 134315 149668 101550
  5  68376  57160 103648  95853  66304  68319  70188  90365
  6  39092  38532  29117  50043  62036  35800  35159  41766
  7  18307  13842  17452  14876  28714  29643  16287  18521
  8   6687   8329   8819  11013  12620  17312  14759  18343


TABLE 3.6.18 WBSS HERRING. CATCH RESIDUALS

Units  :  thousands NA 
   year
age    2004    2005    2006    2007    2008
  0  1.6836  0.9079 -1.4583 -0.6936 -0.4863
  1  0.1567  0.0567 -0.4561 -0.0142  0.1884
  2 -0.1710 -0.0233 -0.0802  0.1670  0.0384
  3  0.0389 -0.1364 -0.0243  0.0217  0.0834
  4 -0.0792  0.0464  0.1148 -0.1653 -0.1353
  5 -0.0493 -0.0893  0.3684 -0.0769 -0.0543
  6 -0.0219  0.0573  0.1706 -0.1521  0.0641
  7  0.0000  0.0840  0.0895  0.2663 -0.0743
  8  0.0000  0.0000  0.0000  0.0000  0.0000


TABLE 3.6.19 WBSS HERRING. PREDICTED INDEX VALUES

HERAS 3-6 wr

Units  :  NA NA 
   year
age       1993       1994      1995      1996      1997      1998 1999
  3 1174825597 1016025257 597208957 469935736 756729003 617080572   NA
  4  561793112  429007990 396633155 206296485 190425267 296144842   NA
  5  286302391  201663969 172205693 131433623  78121659  79655213   NA
  6  124664870   85613207  71654004  62574134  43374240  30987159   NA
   year
age      2000       2001       2002      2003      2004      2005      2006
  3 635442343 1055484031 1144031766 664850931 727965953 816534810 986368646
  4 329461198  273671585  475184947 501059799 305923104 328645320 365510811
  5 116467534  145104712  120011069 208786922 227553562 136987833 145511751
  6  53543422   42772298   62807435  53364867  92431100  99672601  59302405
   year
age      2007      2008
  3 647041263 555710453
  4 453956297 299634253
  5 166675711 208736005
  6  64960551  75055786

GerAS 1-3 wr

Units  :  NA NA 
   year
age   1994    1995   1996    1997   1998    1999    2000 2001   2002   2003
  1 925227 1291674 927643 1223932 983454 1499773 1640061   NA 972616 992118
  2 411636  345363 511605  393488 506108  407311  647219   NA 404627 430970
  3 460871  270712 210995  344041 284857  354582  293506   NA 529935 310650
   year
age    2004   2005   2006   2007   2008
  1 1258201 806753 677679 561152 389128
  2  490063 592426 380272 326517 270057
  3  342083 380908 460907 304060 260780

N20

Units  :  NA NA 
   year
age 1992 1993  1994 1995 1996 1997 1998  1999 2000 2001 2002 2003 2004 2005
  0 6158 5174 10409 6509 7545 6547 9144 10596 5794 7005 5130 6897 4525 3790
   year
age 2006 2007 2008
  0 3088 2147 1524


TABLE 3.6.20 WBSS HERRING. INDEX RESIDUALS

HERAS 3-6 wr

Units  :  NA 
   year
age   1993    1994  1995    1996    1997    1998 1999   2000   2001    2002
  3 0.0810 -0.0831 0.537 -0.6432  0.0392  0.3785   NA 0.0583 -0.847  0.1968
  4 0.0625  0.1551 1.164 -0.3806 -0.1373 -0.0489   NA 0.0994 -0.581  0.0984
  5 0.4160  0.1699 0.393 -0.0994 -0.1536  0.3318   NA 0.4665 -0.409 -0.3159
  6 0.2113  0.7759 0.887 -0.5254  0.4642  0.4983   NA 0.0377 -0.129 -0.4638
   year
age   2003     2004   2005   2006    2007  2008
  3 -0.522 -0.00270 -0.566  0.591  0.3660 0.417
  4 -0.438  0.00319 -0.490  0.293  0.0946 0.106
  5 -0.703 -0.21408 -0.290  0.215 -0.0791 0.272
  6 -0.750 -0.24841 -0.176 -0.787 -0.6474 0.852

GerAS 1-3 wr

Units  :  NA 
   year
age   1994    1995  1996  1997   1998   1999   2000 2001    2002   2003    2004
  1 -0.800  0.2601 0.439 0.469 -0.205 -0.114 -0.137   NA -0.1495  0.222 -0.2613
  2  0.764 -0.0497 0.143 0.629  0.293 -0.349 -0.355   NA  0.0406 -0.661  0.1896
  3  0.194  0.2794 0.721 0.137  0.325 -0.422  0.114   NA  0.0822 -0.358  0.0120
   year
age    2005   2006     2007     2008
  1 -0.0690  0.338 -0.00206  0.00934
  2  0.0773 -0.326 -0.16086 -0.23499
  3  0.0516 -0.202 -0.71328 -0.22134

N20

Units  :  NA 
   year
age  1992  1993  1994  1995 1996   1997  1998  1999  2000   2001  2002   2003
  0 -1.76 -0.53 0.184 0.198 1.02 -0.295 0.605 0.653 -0.65 -0.369 0.792 -0.225
   year
age  2004   2005  2006   2007   2008
  0 0.220 0.0254 0.201 -0.122 0.0486


TABLE 3.6.21 WBSS HERRING. FIT PARAMETERS

                                 Value Std.dev Lower.95.pct.CL Upper.95.pct.CL
F, 2004                        0.36075  0.1975         0.24498         0.53124
F, 2005                        0.41076  0.1949         0.28036         0.60181
F, 2006                        0.39929  0.1996         0.27000         0.59049
F, 2007                        0.36065  0.2114         0.23832         0.54577
F, 2008                        0.37013  0.2293         0.23613         0.58017
Selectivity at age 0           0.05517  0.4815         0.02147         0.14178
Selectivity at age 1           0.50818  0.2184         0.33118         0.77976
Selectivity at age 2           0.67192  0.2107         0.44456         1.01556
Selectivity at age 3           0.83543  0.2035         0.56061         1.24498
Selectivity at age 5           1.04241  0.1807         0.73147         1.48553
Selectivity at age 6           1.08823  0.1740         0.77374         1.53055
Terminal year pop, age 0  894441.84149  0.3146    482824.28584   1656971.76234
Terminal year pop, age 1  914808.50544  0.2301    582750.44664   1436077.15180
Terminal year pop, age 2  663592.81555  0.1994    448941.82846    980874.12877
Terminal year pop, age 3  512906.88600  0.1773    362347.58894    726025.18061
Terminal year pop, age 4  359964.57231  0.1738    256027.26947    506096.45443
Terminal year pop, age 5  309471.84907  0.1873    214382.38181    446738.32130
Terminal year pop, age 6  138064.40500  0.2085     91741.74668    207776.50979
Terminal year pop, age 7   65650.18409  0.2455     40576.13612    106218.75524
Last true age pop, 2004    53871.15392  0.3567     26775.01885    108388.39149
Last true age pop, 2005    93408.84018  0.2694     55090.80818    158378.71529
Last true age pop, 2006    98692.24358  0.2446     61100.16492    159412.97305
Last true age pop, 2007    58994.19500  0.2490     36210.72573     96112.82220
Index 1, age 3 numbers, Q   1489.46015  0.1665      1074.81391      2064.07038
Index 1, age 4 numbers, Q   1188.73064  0.1674       856.22207      1650.36688
Index 1, age 5 numbers, Q    972.72139  0.1695       697.80467      1355.94810
Index 1, age 6 numbers, Q    792.34929  0.1735       563.90278      1113.34332
Index 2, age 1 numbers, Q      0.73761  0.1511         0.54857         0.99181
Index 2, age 2 numbers, Q      0.58270  0.1508         0.43362         0.78304
Index 2, age 3 numbers, Q      0.76411  0.1509         0.56850         1.02703
Index 3, age 0 numbers, Q      0.00194  0.0833         0.00165         0.00228


