TABLE 4.6.1.1 Celtic Sea and Division VIIj Herring. CATCH IN NUMBER

Units  :  thousands 
   year
age  1958  1959  1960  1961  1962  1963  1964  1965  1966  1967  1968  1969
  1  1642  1203  2840  2129   772   297  7529    57  7093  7599 12197  9472
  2  3742 25717 72246 16058 18567 51935 15058 70248 19559 39991 54790 93279
  3 33094  2274 24658 32044 19909 13033 17250  9365 59893 20062 39604 55039
  4 25746 19262  3779  5631 48061  4179  6658 15757  9924 49113 11544 33145
  5 12551 11015 13698  2034  8075 20694  1719  3399 13211  9218 22599 12217
  6 55010 34748 19057 14363 21304  9353 12790 25536 21776 26650 15345 28242
   year
age  1970  1971   1972  1973  1974  1975  1976  1977  1978  1979  1980  1981
  1  1319 12658   8422 23547  5507 12768 13317  8159  2800 11335  7162 39361
  2 37260 23313 137690 38133 42808 15429 11113 12516 13385 13913 30093 21285
  3 50087 37563  17855 55805 17184 17783  7286  8610 11948 12399 11726 21861
  4 26481 41904  15842  7012 22530  7333  7011  5280  5583  8636  6585  5505
  5 18763 18759  14531  9651  4225  9006  2872  1585  1580  2889  2812  4438
  6 19746 21900  11051 12216  8445  7494  9777  3794  3356  3785  5215  5410
   year
age  1982   1983  1984  1985  1986  1987  1988  1989  1990  1991  1992  1993
  1 15339  13540 19517 17916  4159  5976  2307  8260  2702  1912 10410  1608
  2 42725 102871 92892 57054 56747 67000 82027 42413 41756 63854 26752 94061
  3  8728  26993 41121 36258 42881 43075 30962 68399 24634 38342 35019  9372
  4  4817   3225 16043 16032 32930 23014  9398 19601 35258 16916 27591 10221
  5  1497   1862  2450  2306  8790 14323  5963  8205  8116 28405 10139  4491
  6  4492   1939  1872   618  1266  4651  4299  7875  6636  9004 28056 10085
   year
age  1994  1995  1996  1997  1998  1999  2000  2001  2002  2003  2004  2005
  1 12130  9450  3476  3849  5818 14274  9953 15724  3495  2711  4276 15419
  2 35768 79159 61923 37440 41510 34072 77378 62153 26472 37006  9470 30710
  3 61737 22591 38244 53040 27102 36086 18952 35816 18532 24444 46243  5766
  4  3289 36541  7943 31442 28274 14642 12060  5953  5309 14763 21863 18666
  5  3025  3686 16114  8318 13178 15515  5230  4249  1416  5719  8638  7349
  6  8665  8772  6195  8720  7405 13305  9787  3771  2061  6628  2151  2495
   year
age  2006  2007  2008  2009  2010
  1  1460  8043  1306 10171  2468
  2 33894 11028 12638  4465 20929
  3 10914 36223  8255 12859  8183
  4  2469  5509 15777  4887 15917
  5  6261  1365  2360  8458  4846
  6  2997  2509   921  1578 11592


TABLE 4.6.1.2 Celtic Sea and Division VIIj Herring. WEIGHTS AT AGE IN THE CATCH

Units  :  kg 
   year
age  1958  1959  1960  1961  1962  1963  1964  1965  1966  1967  1968  1969
  1 0.096 0.087 0.093 0.098 0.109 0.103 0.105 0.103 0.122 0.119 0.119 0.122
  2 0.115 0.119 0.122 0.127 0.146 0.139 0.139 0.143 0.154 0.158 0.166 0.164
  3 0.162 0.166 0.156 0.156 0.170 0.194 0.182 0.180 0.191 0.185 0.196 0.200
  4 0.185 0.185 0.191 0.185 0.187 0.205 0.215 0.212 0.212 0.217 0.215 0.217
  5 0.205 0.200 0.205 0.207 0.210 0.217 0.225 0.232 0.237 0.243 0.235 0.237
  6 0.224 0.220 0.222 0.224 0.234 0.241 0.235 0.249 0.250 0.257 0.257 0.252
   year
age  1970  1971  1972  1973  1974  1975  1976  1977  1978  1979  1980  1981
  1 0.128 0.117 0.132 0.125 0.141 0.137 0.137 0.134 0.127 0.127 0.117 0.115
  2 0.162 0.166 0.170 0.174 0.180 0.187 0.174 0.185 0.189 0.174 0.174 0.172
  3 0.200 0.200 0.194 0.205 0.210 0.215 0.205 0.212 0.217 0.212 0.207 0.210
  4 0.225 0.225 0.220 0.215 0.225 0.240 0.235 0.222 0.240 0.230 0.237 0.245
  5 0.240 0.245 0.245 0.245 0.237 0.251 0.259 0.243 0.279 0.253 0.259 0.267
  6 0.262 0.261 0.265 0.269 0.264 0.269 0.278 0.271 0.288 0.282 0.273 0.287
   year
age  1982  1983  1984  1985  1986  1987  1988  1989  1990  1991  1992  1993
  1 0.115 0.109 0.093 0.104 0.112 0.096 0.097 0.106 0.099 0.092 0.096 0.092
  2 0.154 0.148 0.142 0.140 0.155 0.138 0.132 0.129 0.137 0.128 0.123 0.129
  3 0.194 0.198 0.185 0.170 0.172 0.186 0.168 0.151 0.153 0.168 0.150 0.155
  4 0.237 0.220 0.213 0.201 0.187 0.192 0.203 0.169 0.167 0.182 0.177 0.180
  5 0.262 0.276 0.213 0.234 0.215 0.204 0.209 0.194 0.188 0.190 0.191 0.201
  6 0.279 0.305 0.249 0.256 0.252 0.245 0.224 0.208 0.214 0.219 0.205 0.211
   year
age  1994  1995  1996  1997  1998  1999  2000  2001  2002  2003  2004  2005
  1 0.097 0.088 0.088 0.093 0.099 0.090 0.092 0.082 0.096 0.089 0.080 0.077
  2 0.135 0.126 0.118 0.124 0.121 0.120 0.111 0.107 0.115 0.102 0.130 0.102
  3 0.168 0.151 0.147 0.141 0.153 0.149 0.148 0.139 0.139 0.128 0.134 0.142
  4 0.179 0.178 0.159 0.157 0.163 0.167 0.168 0.162 0.156 0.146 0.151 0.147
  5 0.190 0.188 0.185 0.172 0.173 0.180 0.185 0.177 0.185 0.165 0.159 0.158
  6 0.214 0.210 0.210 0.198 0.194 0.191 0.193 0.194 0.201 0.191 0.186 0.174
   year
age  2006  2007  2008  2009  2010
  1 0.093 0.074 0.091 0.078 0.075
  2 0.105 0.106 0.120 0.122 0.108
  3 0.127 0.123 0.144 0.146 0.129
  4 0.151 0.141 0.156 0.160 0.142
  5 0.155 0.166 0.172 0.169 0.155
  6 0.168 0.164 0.193 0.188 0.159


TABLE 4.6.1.3 Celtic Sea and Division VIIj Herring. WEIGHTS AT AGE IN THE STOCK

Units  :  kg 
   year
age  1958  1959  1960  1961  1962  1963  1964  1965  1966  1967  1968  1969
  1 0.096 0.087 0.093 0.098 0.109 0.103 0.105 0.103 0.122 0.119 0.119 0.122
  2 0.115 0.119 0.122 0.127 0.146 0.139 0.139 0.143 0.154 0.158 0.166 0.164
  3 0.162 0.166 0.156 0.156 0.170 0.194 0.182 0.180 0.191 0.185 0.196 0.200
  4 0.185 0.185 0.191 0.185 0.187 0.205 0.215 0.212 0.212 0.217 0.215 0.217
  5 0.205 0.200 0.205 0.207 0.210 0.217 0.225 0.232 0.237 0.243 0.235 0.237
  6 0.224 0.220 0.222 0.224 0.234 0.241 0.235 0.249 0.250 0.257 0.257 0.252
   year
age  1970  1971  1972  1973  1974  1975  1976  1977  1978  1979  1980  1981
  1 0.128 0.117 0.132 0.125 0.141 0.137 0.137 0.134 0.127 0.127 0.117 0.115
  2 0.162 0.166 0.170 0.174 0.180 0.187 0.174 0.185 0.189 0.174 0.174 0.172
  3 0.200 0.200 0.194 0.205 0.210 0.215 0.205 0.212 0.217 0.212 0.207 0.210
  4 0.225 0.225 0.220 0.215 0.225 0.240 0.235 0.222 0.240 0.230 0.237 0.245
  5 0.240 0.245 0.245 0.245 0.237 0.251 0.259 0.243 0.279 0.253 0.259 0.267
  6 0.262 0.261 0.265 0.269 0.264 0.269 0.278 0.271 0.288 0.282 0.273 0.287
   year
age  1982  1983  1984  1985  1986  1987  1988  1989  1990  1991  1992  1993
  1 0.115 0.109 0.093 0.104 0.112 0.096 0.097 0.106 0.099 0.092 0.096 0.092
  2 0.154 0.148 0.142 0.140 0.155 0.138 0.132 0.129 0.137 0.128 0.123 0.129
  3 0.194 0.198 0.185 0.170 0.172 0.186 0.168 0.151 0.153 0.168 0.150 0.155
  4 0.237 0.220 0.213 0.201 0.187 0.192 0.203 0.169 0.167 0.182 0.177 0.180
  5 0.262 0.276 0.213 0.234 0.215 0.204 0.209 0.194 0.188 0.190 0.191 0.201
  6 0.279 0.305 0.249 0.256 0.252 0.245 0.224 0.208 0.213 0.219 0.205 0.211
   year
age  1994  1995  1996  1997  1998  1999  2000  2001  2002  2003  2004  2005
  1 0.097 0.088 0.088 0.093 0.099 0.090 0.092 0.082 0.096 0.078 0.077 0.074
  2 0.135 0.126 0.118 0.124 0.121 0.120 0.111 0.107 0.115 0.100 0.127 0.103
  3 0.168 0.151 0.147 0.141 0.153 0.149 0.148 0.139 0.139 0.130 0.133 0.145
  4 0.179 0.178 0.159 0.157 0.163 0.167 0.168 0.162 0.156 0.141 0.151 0.143
  5 0.190 0.188 0.185 0.172 0.173 0.180 0.185 0.177 0.184 0.156 0.156 0.155
  6 0.214 0.210 0.210 0.198 0.194 0.191 0.193 0.194 0.201 0.168 0.187 0.167
   year
age  2006  2007  2008  2009  2010
  1 0.085 0.066 0.083 0.076 0.076
  2 0.104 0.102 0.117 0.117 0.106
  3 0.123 0.116 0.140 0.142 0.127
  4 0.153 0.135 0.156 0.158 0.139
  5 0.150 0.151 0.170 0.168 0.152
  6 0.159 0.160 0.180 0.178 0.159


TABLE 4.6.1.4 Celtic Sea and Division VIIj Herring. NATURAL MORTALITY

Units  :  NA 
   year
age 1958 1959 1960 1961 1962 1963 1964 1965 1966 1967 1968 1969 1970 1971 1972
  1  1.0  1.0  1.0  1.0  1.0  1.0  1.0  1.0  1.0  1.0  1.0  1.0  1.0  1.0  1.0
  2  0.3  0.3  0.3  0.3  0.3  0.3  0.3  0.3  0.3  0.3  0.3  0.3  0.3  0.3  0.3
  3  0.2  0.2  0.2  0.2  0.2  0.2  0.2  0.2  0.2  0.2  0.2  0.2  0.2  0.2  0.2
  4  0.1  0.1  0.1  0.1  0.1  0.1  0.1  0.1  0.1  0.1  0.1  0.1  0.1  0.1  0.1
  5  0.1  0.1  0.1  0.1  0.1  0.1  0.1  0.1  0.1  0.1  0.1  0.1  0.1  0.1  0.1
  6  0.1  0.1  0.1  0.1  0.1  0.1  0.1  0.1  0.1  0.1  0.1  0.1  0.1  0.1  0.1
   year
age 1973 1974 1975 1976 1977 1978 1979 1980 1981 1982 1983 1984 1985 1986 1987
  1  1.0  1.0  1.0  1.0  1.0  1.0  1.0  1.0  1.0  1.0  1.0  1.0  1.0  1.0  1.0
  2  0.3  0.3  0.3  0.3  0.3  0.3  0.3  0.3  0.3  0.3  0.3  0.3  0.3  0.3  0.3
  3  0.2  0.2  0.2  0.2  0.2  0.2  0.2  0.2  0.2  0.2  0.2  0.2  0.2  0.2  0.2
  4  0.1  0.1  0.1  0.1  0.1  0.1  0.1  0.1  0.1  0.1  0.1  0.1  0.1  0.1  0.1
  5  0.1  0.1  0.1  0.1  0.1  0.1  0.1  0.1  0.1  0.1  0.1  0.1  0.1  0.1  0.1
  6  0.1  0.1  0.1  0.1  0.1  0.1  0.1  0.1  0.1  0.1  0.1  0.1  0.1  0.1  0.1
   year
age 1988 1989 1990 1991 1992 1993 1994 1995 1996 1997 1998 1999 2000 2001 2002
  1  1.0  1.0  1.0  1.0  1.0  1.0  1.0  1.0  1.0  1.0  1.0  1.0  1.0  1.0  1.0
  2  0.3  0.3  0.3  0.3  0.3  0.3  0.3  0.3  0.3  0.3  0.3  0.3  0.3  0.3  0.3
  3  0.2  0.2  0.2  0.2  0.2  0.2  0.2  0.2  0.2  0.2  0.2  0.2  0.2  0.2  0.2
  4  0.1  0.1  0.1  0.1  0.1  0.1  0.1  0.1  0.1  0.1  0.1  0.1  0.1  0.1  0.1
  5  0.1  0.1  0.1  0.1  0.1  0.1  0.1  0.1  0.1  0.1  0.1  0.1  0.1  0.1  0.1
  6  0.1  0.1  0.1  0.1  0.1  0.1  0.1  0.1  0.1  0.1  0.1  0.1  0.1  0.1  0.1
   year
age 2003 2004 2005 2006 2007 2008 2009 2010
  1  1.0  1.0  1.0  1.0  1.0  1.0  1.0  1.0
  2  0.3  0.3  0.3  0.3  0.3  0.3  0.3  0.3
  3  0.2  0.2  0.2  0.2  0.2  0.2  0.2  0.2
  4  0.1  0.1  0.1  0.1  0.1  0.1  0.1  0.1
  5  0.1  0.1  0.1  0.1  0.1  0.1  0.1  0.1
  6  0.1  0.1  0.1  0.1  0.1  0.1  0.1  0.1


TABLE 4.6.1.5 Celtic Sea and Division VIIj Herring. PROPORTION MATURE

Units  :  NA 
   year
age 1958 1959 1960 1961 1962 1963 1964 1965 1966 1967 1968 1969 1970 1971 1972
  1  0.5  0.5  0.5  0.5  0.5  0.5  0.5  0.5  0.5  0.5  0.5  0.5  0.5  0.5  0.5
  2  1.0  1.0  1.0  1.0  1.0  1.0  1.0  1.0  1.0  1.0  1.0  1.0  1.0  1.0  1.0
  3  1.0  1.0  1.0  1.0  1.0  1.0  1.0  1.0  1.0  1.0  1.0  1.0  1.0  1.0  1.0
  4  1.0  1.0  1.0  1.0  1.0  1.0  1.0  1.0  1.0  1.0  1.0  1.0  1.0  1.0  1.0
  5  1.0  1.0  1.0  1.0  1.0  1.0  1.0  1.0  1.0  1.0  1.0  1.0  1.0  1.0  1.0
  6  1.0  1.0  1.0  1.0  1.0  1.0  1.0  1.0  1.0  1.0  1.0  1.0  1.0  1.0  1.0
   year
age 1973 1974 1975 1976 1977 1978 1979 1980 1981 1982 1983 1984 1985 1986 1987
  1  0.5  0.5  0.5  0.5  0.5  0.5  0.5  0.5  0.5  0.5  0.5  0.5  0.5  0.5  0.5
  2  1.0  1.0  1.0  1.0  1.0  1.0  1.0  1.0  1.0  1.0  1.0  1.0  1.0  1.0  1.0
  3  1.0  1.0  1.0  1.0  1.0  1.0  1.0  1.0  1.0  1.0  1.0  1.0  1.0  1.0  1.0
  4  1.0  1.0  1.0  1.0  1.0  1.0  1.0  1.0  1.0  1.0  1.0  1.0  1.0  1.0  1.0
  5  1.0  1.0  1.0  1.0  1.0  1.0  1.0  1.0  1.0  1.0  1.0  1.0  1.0  1.0  1.0
  6  1.0  1.0  1.0  1.0  1.0  1.0  1.0  1.0  1.0  1.0  1.0  1.0  1.0  1.0  1.0
   year
age 1988 1989 1990 1991 1992 1993 1994 1995 1996 1997 1998 1999 2000 2001 2002
  1  0.5  0.5  0.5  0.5  0.5  0.5  0.5  0.5  0.5  0.5  0.5  0.5  0.5  0.5  0.5
  2  1.0  1.0  1.0  1.0  1.0  1.0  1.0  1.0  1.0  1.0  1.0  1.0  1.0  1.0  1.0
  3  1.0  1.0  1.0  1.0  1.0  1.0  1.0  1.0  1.0  1.0  1.0  1.0  1.0  1.0  1.0
  4  1.0  1.0  1.0  1.0  1.0  1.0  1.0  1.0  1.0  1.0  1.0  1.0  1.0  1.0  1.0
  5  1.0  1.0  1.0  1.0  1.0  1.0  1.0  1.0  1.0  1.0  1.0  1.0  1.0  1.0  1.0
  6  1.0  1.0  1.0  1.0  1.0  1.0  1.0  1.0  1.0  1.0  1.0  1.0  1.0  1.0  1.0
   year
age 2003 2004 2005 2006 2007 2008 2009 2010
  1  0.5  0.5  0.5  0.5  0.5  0.5  0.5  0.5
  2  1.0  1.0  1.0  1.0  1.0  1.0  1.0  1.0
  3  1.0  1.0  1.0  1.0  1.0  1.0  1.0  1.0
  4  1.0  1.0  1.0  1.0  1.0  1.0  1.0  1.0
  5  1.0  1.0  1.0  1.0  1.0  1.0  1.0  1.0
  6  1.0  1.0  1.0  1.0  1.0  1.0  1.0  1.0


TABLE 4.6.1.6 Celtic Sea and Division VIIj Herring. FRACTION OF HARVEST BEFORE SPAWNING

Units  :  NA 
   year
age 1958 1959 1960 1961 1962 1963 1964 1965 1966 1967 1968 1969 1970 1971 1972
  1  0.2  0.2  0.2  0.2  0.2  0.2  0.2  0.2  0.2  0.2  0.2  0.2  0.2  0.2  0.2
  2  0.2  0.2  0.2  0.2  0.2  0.2  0.2  0.2  0.2  0.2  0.2  0.2  0.2  0.2  0.2
  3  0.2  0.2  0.2  0.2  0.2  0.2  0.2  0.2  0.2  0.2  0.2  0.2  0.2  0.2  0.2
  4  0.2  0.2  0.2  0.2  0.2  0.2  0.2  0.2  0.2  0.2  0.2  0.2  0.2  0.2  0.2
  5  0.2  0.2  0.2  0.2  0.2  0.2  0.2  0.2  0.2  0.2  0.2  0.2  0.2  0.2  0.2
  6  0.2  0.2  0.2  0.2  0.2  0.2  0.2  0.2  0.2  0.2  0.2  0.2  0.2  0.2  0.2
   year
age 1973 1974 1975 1976 1977 1978 1979 1980 1981 1982 1983 1984 1985 1986 1987
  1  0.2  0.2  0.2  0.2  0.2  0.2  0.2  0.2  0.2  0.2  0.2  0.2  0.2  0.2  0.2
  2  0.2  0.2  0.2  0.2  0.2  0.2  0.2  0.2  0.2  0.2  0.2  0.2  0.2  0.2  0.2
  3  0.2  0.2  0.2  0.2  0.2  0.2  0.2  0.2  0.2  0.2  0.2  0.2  0.2  0.2  0.2
  4  0.2  0.2  0.2  0.2  0.2  0.2  0.2  0.2  0.2  0.2  0.2  0.2  0.2  0.2  0.2
  5  0.2  0.2  0.2  0.2  0.2  0.2  0.2  0.2  0.2  0.2  0.2  0.2  0.2  0.2  0.2
  6  0.2  0.2  0.2  0.2  0.2  0.2  0.2  0.2  0.2  0.2  0.2  0.2  0.2  0.2  0.2
   year
age 1988 1989 1990 1991 1992 1993 1994 1995 1996 1997 1998 1999 2000 2001 2002
  1  0.2  0.2  0.2  0.2  0.2  0.2  0.2  0.2  0.2  0.2  0.2  0.2  0.2  0.2  0.2
  2  0.2  0.2  0.2  0.2  0.2  0.2  0.2  0.2  0.2  0.2  0.2  0.2  0.2  0.2  0.2
  3  0.2  0.2  0.2  0.2  0.2  0.2  0.2  0.2  0.2  0.2  0.2  0.2  0.2  0.2  0.2
  4  0.2  0.2  0.2  0.2  0.2  0.2  0.2  0.2  0.2  0.2  0.2  0.2  0.2  0.2  0.2
  5  0.2  0.2  0.2  0.2  0.2  0.2  0.2  0.2  0.2  0.2  0.2  0.2  0.2  0.2  0.2
  6  0.2  0.2  0.2  0.2  0.2  0.2  0.2  0.2  0.2  0.2  0.2  0.2  0.2  0.2  0.2
   year
age  2003  2004  2005  2006  2007  2008  2009  2010
  1 0.551 0.551 0.551 0.551 0.551 0.551 0.551 0.551
  2 0.551 0.551 0.551 0.551 0.551 0.551 0.551 0.551
  3 0.551 0.551 0.551 0.551 0.551 0.551 0.551 0.551
  4 0.551 0.551 0.551 0.551 0.551 0.551 0.551 0.551
  5 0.551 0.551 0.551 0.551 0.551 0.551 0.551 0.551
  6 0.551 0.551 0.551 0.551 0.551 0.551 0.551 0.551


TABLE 4.6.1.7 Celtic Sea and Division VIIj Herring. FRACTION OF NATURAL MORTALITY BEFORE SPAWNING

Units  :  NA 
   year
age 1958 1959 1960 1961 1962 1963 1964 1965 1966 1967 1968 1969 1970 1971 1972
  1  0.5  0.5  0.5  0.5  0.5  0.5  0.5  0.5  0.5  0.5  0.5  0.5  0.5  0.5  0.5
  2  0.5  0.5  0.5  0.5  0.5  0.5  0.5  0.5  0.5  0.5  0.5  0.5  0.5  0.5  0.5
  3  0.5  0.5  0.5  0.5  0.5  0.5  0.5  0.5  0.5  0.5  0.5  0.5  0.5  0.5  0.5
  4  0.5  0.5  0.5  0.5  0.5  0.5  0.5  0.5  0.5  0.5  0.5  0.5  0.5  0.5  0.5
  5  0.5  0.5  0.5  0.5  0.5  0.5  0.5  0.5  0.5  0.5  0.5  0.5  0.5  0.5  0.5
  6  0.5  0.5  0.5  0.5  0.5  0.5  0.5  0.5  0.5  0.5  0.5  0.5  0.5  0.5  0.5
   year
age 1973 1974 1975 1976 1977 1978 1979 1980 1981 1982 1983 1984 1985 1986 1987
  1  0.5  0.5  0.5  0.5  0.5  0.5  0.5  0.5  0.5  0.5  0.5  0.5  0.5  0.5  0.5
  2  0.5  0.5  0.5  0.5  0.5  0.5  0.5  0.5  0.5  0.5  0.5  0.5  0.5  0.5  0.5
  3  0.5  0.5  0.5  0.5  0.5  0.5  0.5  0.5  0.5  0.5  0.5  0.5  0.5  0.5  0.5
  4  0.5  0.5  0.5  0.5  0.5  0.5  0.5  0.5  0.5  0.5  0.5  0.5  0.5  0.5  0.5
  5  0.5  0.5  0.5  0.5  0.5  0.5  0.5  0.5  0.5  0.5  0.5  0.5  0.5  0.5  0.5
  6  0.5  0.5  0.5  0.5  0.5  0.5  0.5  0.5  0.5  0.5  0.5  0.5  0.5  0.5  0.5
   year
age 1988 1989 1990 1991 1992 1993 1994 1995 1996 1997 1998 1999 2000 2001 2002
  1  0.5  0.5  0.5  0.5  0.5  0.5  0.5  0.5  0.5  0.5  0.5  0.5  0.5  0.5  0.5
  2  0.5  0.5  0.5  0.5  0.5  0.5  0.5  0.5  0.5  0.5  0.5  0.5  0.5  0.5  0.5
  3  0.5  0.5  0.5  0.5  0.5  0.5  0.5  0.5  0.5  0.5  0.5  0.5  0.5  0.5  0.5
  4  0.5  0.5  0.5  0.5  0.5  0.5  0.5  0.5  0.5  0.5  0.5  0.5  0.5  0.5  0.5
  5  0.5  0.5  0.5  0.5  0.5  0.5  0.5  0.5  0.5  0.5  0.5  0.5  0.5  0.5  0.5
  6  0.5  0.5  0.5  0.5  0.5  0.5  0.5  0.5  0.5  0.5  0.5  0.5  0.5  0.5  0.5
   year
age 2003 2004 2005 2006 2007 2008 2009 2010
  1  0.5  0.5  0.5  0.5  0.5  0.5  0.5  0.5
  2  0.5  0.5  0.5  0.5  0.5  0.5  0.5  0.5
  3  0.5  0.5  0.5  0.5  0.5  0.5  0.5  0.5
  4  0.5  0.5  0.5  0.5  0.5  0.5  0.5  0.5
  5  0.5  0.5  0.5  0.5  0.5  0.5  0.5  0.5
  6  0.5  0.5  0.5  0.5  0.5  0.5  0.5  0.5


TABLE 4.6.1.8 Celtic Sea and Division VIIj Herring. SURVEY INDICES

FLT02: Celtic  revised   acoustic   (Catch:   Millions)   (Effort:Unknown) - Configuration

"Celtic Sea   and   Division  VIIj herring . Imported from VPA file."
      min       max plusgroup   minyear   maxyear    startf      endf 
        2         5        NA      2002      2010         1         1 
Index type : number

FLT02: Celtic  revised   acoustic   (Catch:   Millions)   (Effort:Unknown) - Index Values

Units  :  NA 
   year
age  2002 2003 2004  2005  2006 2007 2008 2009 2010
  2 185.2 61.7   -1 137.1 210.5   70  295  112  549
  3 150.6 60.4   -1  28.2  47.8  220  111  210  156
  4  29.7 17.2   -1  54.2  13.5   31  162   57  193
  5   6.6  5.4   -1  21.6  11.0    9   27  125   65

FLT02: Celtic  revised   acoustic   (Catch:   Millions)   (Effort:Unknown) - Index Variance (Inverse Weights) 

Units  :  NA 
   year
age 2002 2003 2004 2005 2006 2007 2008 2009 2010
  2    1    1    1    1    1    1    1    1    1
  3    1    1    1    1    1    1    1    1    1
  4    1    1    1    1    1    1    1    1    1
  5    1    1    1    1    1    1    1    1    1


TABLE 4.6.1.9 Celtic Sea and Division VIIj Herring. STOCK OBJECT CONFIGURATION

      min       max plusgroup   minyear   maxyear   minfbar   maxfbar 
        1         6         6      1958      2010         2         5 


TABLE 4.6.1.10 Celtic Sea and Division VIIj Herring. FLICA CONFIGURATION SETTINGS

sep.2       : NA
sep.gradual : TRUE
sr          : FALSE
sr.age      : 1
lambda.age  : 0.1 1 1 1 1 0
lambda.yr   : 1 1 1 1 1 1
lambda.sr   : 0
index.model : linear
index.cor   : 1
sep.nyr     : 6
sep.age     : 3
sep.sel     : 1


TABLE 4.6.1.11 Celtic Sea and Division VIIj Herring. FLR, R SOFTWARE VERSIONS

R version 2.8.1 (2008-12-22)

Package  : FLICA
Version  : 1.4-12
Packaged : 2009-10-08 15:16:26 UTC; mpa
Built    : R 2.9.1; ; 2009-10-08 15:16:27 UTC; windows

Package  : FLAssess
Version  : 1.99-102
Packaged : Mon Mar 23 08:18:19 2009; mpa
Built    : R 2.8.0; i386-pc-mingw32; 2009-03-23 08:18:21; windows

Package  : FLCore
Version  : 2.2
Packaged : Tue May 19 19:23:18 2009; Administrator
Built    : R 2.8.1; i386-pc-mingw32; 2009-05-19 19:23:22; windows


TABLE 4.6.1.12 Celtic Sea and Division VIIj Herring. STOCK SUMMARY

Year Recruitment    TSB    SSB       Fbar Landings Landings
           Age 1               (Ages 2-5)               SOP
                                        f   tonnes         
1958      296749 112164  81192     0.3578    22978   1.1144
1959      877840 137942  76573     0.3076    15086   1.1238
1960      191417  87465  62884     0.4497    18283   1.1314
1961      221309  76365  53901     0.2814    15372   0.7759
1962      569088 116616  63952     0.5959    21552   1.0137
1963      286381  89078  58592     0.4006    17349   1.0017
1964     1086254 168997  82321     0.2455    10599   1.0234
1965      341357 151680 110991     0.2283    19126   1.1620
1966      701444 193253 118864     0.2742    27030   0.9617
1967      715913 199852 123704     0.3456    27658   1.1093
1968      840789 214451 127288     0.3233    30236   0.9937
1969      445612 176603 116392     0.5070    44389   1.0062
1970      215682 123926  88821     0.4478    31727   1.0041
1971      858507 168019  84550     0.6738    31396   1.0385
1972      265141 115031  72076     0.7100    38203   0.9936
1973      291594  89570  52211     0.7156    26936   1.0461
1974      130011  58047  36223     0.7920    19940   1.0226
1975      145243  46988  27215     0.7308    15588   0.9298
1976      175521  46334  25251     0.6264     9771   1.0604
1977      170146  44122  24282     0.5420     7833   0.9983
1978      134982  41415  25071     0.5050     7559   1.0882
1979      238310  52522  26929     0.6423    10321   0.9954
1980      148348  44083  26234     0.6793    13130   0.9302
1981      405412  69129  30519     0.9712    17103   0.9861
1982      672638 105980  45851     0.6843    13000   0.9865
1983      744616 131762  63197     0.6793    24981   0.9551
1984      573187 114355  63443     0.8509    26779   1.0089
1985      517083 111009  62864     0.4892    20426   0.9760
1986      539118 121991  67457     0.6368    25024   0.9992
1987      979144 152842  74659     0.7279    26200   1.0043
1988      394043 112886  73029     0.4047    20447   0.9962
1989      476177 113542  66818     0.5245    23254   0.9984
1990      430086 100951  61508     0.4448    18404   1.0102
1991      181263  72762  49499     0.6754    25562   0.9873
1992      962532 129137  55704     0.9739    21127   1.0467
1993      331174  89834  57087     0.5669    18618   0.9993
1994      704501 123430  65857     0.4230    19300   1.0049
1995      685674 122999  69148     0.5340    23305   0.9979
1996      343402  93948  62044     0.3906    18816   0.9981
1997      374906  85469  51418     0.5990    20496   1.0037
1998      244778  67378  42061     0.6197    18041   1.0016
1999      517528  80110  39861     0.8434    18485   1.0024
2000      457689  76047  38624     0.8402    17191   1.0001
2001      427987  66907  35158     0.7329    15269   1.0064
2002      543683  85152  43584     0.2905     7465   0.9994
2003      117836  52029  34682     0.3820    11536   0.9977
2004      305664  55944  29077     0.5128    12743   1.0080
2005      982324  99896  41877     0.3929     9494   0.9983
2006      369330  84614  52472     0.2008     6944   0.9976
2007      827993 104459  57747     0.1562     7636   0.9998
2008      373767 110744  78365     0.0851     5872   0.9995
2009     1432574 191440 105902     0.0654     5745   0.9963
2010      417056 168141 114292     0.0849     8370   0.9983


TABLE 4.6.1.13 Celtic Sea and Division VIIj Herring. ESTIMATED FISHING MORTALITY

Units  :  f 
   year
age        1958        1959       1960       1961        1962        1963
  1 0.008785719 0.002169922 0.02370454 0.01531629 0.002147967 0.001641762
  2 0.167184800 0.318702443 0.29785829 0.31223659 0.309233652 0.335980949
  3 0.397593384 0.153754724 0.61989545 0.22159008 0.869543485 0.396994027
  4 0.489401073 0.402944737 0.38727152 0.26132566 0.566281801 0.418631307
  5 0.377166617 0.355027880 0.49381634 0.33054427 0.638372630 0.450687688
  6 0.377166617 0.355027880 0.49381634 0.33054427 0.638372630 0.450687688
   year
age       1964         1965       1966       1967       1968       1969
  1 0.01101549 0.0002641888 0.01610484 0.01691069 0.02317201 0.03410807
  2 0.18028379 0.2288612521 0.19777097 0.20014559 0.27867244 0.43603775
  3 0.18819674 0.1723902276 0.33153144 0.34025096 0.33156793 0.53545189
  4 0.34347540 0.2488046604 0.26407242 0.47093439 0.31761144 0.48342374
  5 0.27001230 0.2631675488 0.30332098 0.37102238 0.36549310 0.57328155
  6 0.27001230 0.2631675488 0.30332098 0.37102238 0.36549310 0.57328155
   year
age        1970       1971       1972      1973       1974      1975      1976
  1 0.009713875 0.02355528 0.05133495 0.1350723 0.06895613 0.1478036 0.1264625
  2 0.314835948 0.41534803 0.70869734 0.6329379 0.73244350 0.5026970 0.3241319
  3 0.475999755 0.65124038 0.70671605 0.7773184 0.72153001 0.8664847 0.5083047
  4 0.507882738 0.90041287 0.60318984 0.6392607 0.81083586 0.7507575 1.0105996
  5 0.492445432 0.72808717 0.82125405 0.8130220 0.90330978 0.8033129 0.6626715
  6 0.492445432 0.72808717 0.82125405 0.8130220 0.90330978 0.8033129 0.6626715
   year
age       1977       1978       1979       1980      1981       1982       1983
  1 0.07836746 0.03327386 0.07771117 0.07891719 0.1643397 0.03663049 0.02911774
  2 0.29137961 0.30876705 0.40337547 0.55096850 0.6552353 0.48795105 0.67513314
  3 0.48074766 0.53585899 0.56294465 0.77088699 1.1504861 0.67496954 0.71633067
  4 0.81961859 0.62906605 0.90859925 0.63274665 1.0139367 0.82147835 0.53976435
  5 0.57638825 0.54613898 0.69439766 0.76253881 1.0649443 0.75283068 0.78602846
  6 0.57638825 0.54613898 0.69439766 0.76253881 1.0649443 0.75283068 0.78602846
   year
age       1984       1985       1986       1987       1988       1989
  1 0.05511507 0.05610646 0.01226676 0.00969443 0.00929801 0.02776120
  2 0.50924199 0.39702856 0.44814690 0.49596367 0.30670318 0.41300318
  3 0.69034236 0.40864175 0.63684549 0.80097677 0.48357461 0.48605672
  4 1.29026522 0.60490751 0.76262798 0.81662612 0.37794651 0.61489375
  5 0.91378643 0.54622139 0.69956782 0.79787465 0.45051618 0.58412076
  6 0.91378643 0.54622139 0.69956782 0.79787465 0.45051618 0.58412076
   year
age        1990       1991       1992       1993       1994       1995
  1 0.009980233 0.01680442 0.01723292 0.00770599 0.02755296 0.02200396
  2 0.330385070 0.62474374 0.62548106 0.37098748 0.41392623 0.44537755
  3 0.482904171 0.61921839 0.94755194 0.50184890 0.47775739 0.54000983
  4 0.472990658 0.68724487 1.26507157 0.77899029 0.31143687 0.55010164
  5 0.492834853 0.77040799 1.05751068 0.61596594 0.48879445 0.60053374
  6 0.492834853 0.77040799 1.05751068 0.61596594 0.48879445 0.60053374
   year
age       1996       1997      1998       1999       2000       2001       2002
  1 0.01612127 0.01635270 0.0382043 0.04444753 0.03490597 0.05957818 0.01021301
  2 0.33971732 0.42308090 0.4313146 0.59489379 0.66136709 0.57309764 0.22988982
  3 0.43102090 0.58930868 0.6738151 0.91786149 0.87225848 0.82076926 0.35569849
  4 0.34903657 0.72551694 0.6927322 0.93267422 0.88967587 0.71952273 0.25088587
  5 0.44279499 0.65816783 0.6809352 0.92836254 0.93755290 0.81829442 0.32549019
  6 0.44279499 0.65816783 0.6809352 0.92836254 0.93755290 0.81829442 0.32549019
   year
age       2003       2004       2005       2006       2007        2008
  1 0.03696042 0.02233777 0.02905111 0.01484430 0.01155002 0.006290947
  2 0.24214511 0.30167381 0.25206846 0.12879988 0.10021631 0.054584813
  3 0.36668886 0.57799121 0.42751946 0.21845040 0.16997138 0.092578301
  4 0.50508383 0.61862636 0.46458721 0.23739098 0.18470862 0.100605232
  5 0.41405430 0.55297066 0.42751946 0.21845040 0.16997138 0.092578301
  6 0.41405430 0.55297066 0.42751946 0.21845040 0.16997138 0.092578301
   year
age        2009        2010
  1 0.004832253 0.006279073
  2 0.041928126 0.054481786
  3 0.071111990 0.092403562
  4 0.077277701 0.100415341
  5 0.071111990 0.092403562
  6 0.071111990 0.092403562


TABLE 4.6.1.14 Celtic Sea and Division VIIj Herring. ESTIMATED POPULATION ABUNDANCE

Units  :  NA 
   year
age      1958      1959      1960       1961      1962      1963        1964
  1 296749.24 877840.12 191417.04 221308.881 569088.32 286381.02 1086254.058
  2  28016.41 108213.03 322239.34  68768.787  80177.51 208906.69  105180.867
  3 110568.83  17559.68  58288.18 177227.863  37282.10  43597.92  110598.523
  4  69624.72  60827.68  12327.73  25674.643 116261.99  12793.92   23999.078
  5  41845.44  38618.00  36785.37   7572.925  17888.86  59713.87    7616.665
  6 183405.12 121824.64  51176.72  53475.868  47195.58  26988.69   56670.822
   year
age      1965      1966      1967      1968      1969      1970      1971
  1 341356.74 701444.08 715913.24 840788.72 445611.88 215682.18 858506.82
  2 395232.79 125544.95 253924.34 258953.45 302223.98 158434.34  78578.02
  3  65065.71 232901.05  76316.79 153990.47 145180.22 144767.74  85670.14
  4  75016.64  44835.82 136876.93  44462.31  90497.55  69583.26  73635.77
  5  15402.66  52926.56  31153.76  77335.09  29283.68  50496.25  37888.26
  6 115717.05  87240.09  90068.10  52511.48  67695.00  53141.77  44232.25
   year
age      1972      1973       1974      1975      1976       1977       1978
  1 265140.76 291593.85 130010.741 145243.46 175520.99 170146.475 134982.211
  2 308474.55  92658.98  93717.942  44641.37  46090.54  56900.047  57875.388
  3  38426.37 112498.74  36451.698  33376.30  20004.63  24691.915  31497.764
  4  36571.31  15518.42  42335.400  14504.49  11488.67   9851.849  12499.995
  5  27077.90  18102.94   7409.532  17026.79   6194.74   3783.925   3927.647
  6  20593.07  22914.25  14810.295  14168.19  21088.43   9057.548   8342.522
   year
age       1979       1980       1981       1982       1983       1984
  1 238310.121 148348.390 405411.555 672638.004 744616.443 573187.129
  2  48032.081  81114.496  50433.029 126540.577 238549.494 266067.889
  3  31485.438  23771.649  34635.986  19402.676  57547.574  89967.066
  4  15090.382  14681.387   9003.440   8974.679   8088.485  23018.110
  5   6029.488   5503.908   7055.686   2955.506   3571.297   4266.002
  6   7899.485  10207.282   8601.006   8868.493   3718.982   3259.574
   year
age       1985       1986       1987      1988      1989      1990      1991
  1 517082.736 539117.503 979144.337 394043.50 476177.21 430085.61 181263.47
  2 199556.453 179845.192 195912.237 356731.94 143618.90 170379.60 156648.44
  3 118452.201  99391.700  85110.425  88385.07 194470.69  70397.67  90707.84
  4  36932.846  64448.584  43044.012  31279.81  44617.60  97927.24  35561.23
  5   5731.722  18250.524  27200.620  17211.83  19395.21  21828.90  55214.97
  6   1536.082   2628.574   8832.653  12408.80  18615.15  17848.27  17502.40
   year
age      1992      1993       1994      1995      1996      1997      1998
  1 962532.36 331173.57 704501.115 685673.73 343402.12 374906.33 244777.91
  2  65571.90 348046.04 120896.720 252128.02 246755.49 124310.30 135683.30
  3  62131.95  25988.81 177922.362  59205.26 119648.64 130149.09  60322.18
  4  39981.84  19721.48  12881.823  90340.86  28247.38  63658.86  59108.33
  5  16183.81  10209.86   8188.396   8536.75  47157.27  18028.68  27883.12
  6  44782.80  22927.28  23455.357  20315.89  18129.53  18899.99  15668.12
   year
age      1999       2000       2001       2002      2003       2004       2005
  1 517527.51 457689.006 427987.396 543683.266 117836.33 305664.215 982323.884
  2  86673.40 182110.775 162598.498 148341.280 197977.59  41776.592 109963.598
  3  65301.10  35419.170  69633.659  67910.205  87324.04 115123.875  22889.136
  4  25175.84  21352.044  12121.670  25090.237  38958.14  49547.752  52879.594
  5  26752.82   8963.947   7936.494   5341.316  17665.14  21272.263  24150.631
  6  22942.07  16774.407   7043.661   7774.330  20472.90   5297.133   7510.003
   year
age      2006       2007      2008       2009      2010
  1 369329.57 827992.760 373767.16 1432574.26 417055.68
  2 351029.39 133866.775 301103.60  136638.96 524474.09
  3  63312.38 228622.022  89714.17  211213.52  97068.21
  4  12220.84  41663.711 157921.60   66956.99 161056.88
  5  30067.06   8721.157  31340.84  129217.04  56079.64
  6  16019.57  16843.421  10936.98   24142.98 137904.96


TABLE 4.6.1.15 Celtic Sea and Division VIIj Herring. SURVIVORS AFTER TERMINAL YEAR

Units  :  NA 
   year
age      2011
  1        NA
  2 152465.86
  3 367937.93
  4  72458.24
  5 131807.46
  6 160032.22


TABLE 4.6.1.16 Celtic Sea and Division VIIj Herring. FITTED SELECTION PATTERN

Units  :  NA 
   year
age       2005       2006       2007       2008       2009       2010
  1 0.06795271 0.06795271 0.06795271 0.06795271 0.06795271 0.06795271
  2 0.58960699 0.58960699 0.58960699 0.58960699 0.58960699 0.58960699
  3 1.00000000 1.00000000 1.00000000 1.00000000 1.00000000 1.00000000
  4 1.08670423 1.08670423 1.08670423 1.08670423 1.08670423 1.08670423
  5 1.00000000 1.00000000 1.00000000 1.00000000 1.00000000 1.00000000
  6 1.00000000 1.00000000 1.00000000 1.00000000 1.00000000 1.00000000


TABLE 4.6.1.17 Celtic Sea and Division VIIj Herring. PREDICTED CATCH IN NUMBERS

Units  :  NA 
   year
age  1958  1959  1960  1961  1962  1963  1964  1965  1966  1967  1968  1969
  1  1642  1203  2840  2129   772   297  7529    57  7093  7599 12197  9472
  2  3742 25717 72246 16058 18567 51935 15058 70248 19559 39991 54790 93279
  3 33094  2274 24658 32044 19909 13033 17250  9365 59893 20062 39604 55039
  4 25746 19262  3779  5631 48061  4179  6658 15757  9924 49113 11544 33145
  5 12551 11015 13698  2034  8075 20694  1719  3399 13211  9218 22599 12217
  6 55010 34748 19057 14363 21304  9353 12790 25536 21776 26650 15345 28242
   year
age  1970  1971   1972  1973  1974  1975  1976  1977  1978  1979  1980  1981
  1  1319 12658   8422 23547  5507 12768 13317  8159  2800 11335  7162 39361
  2 37260 23313 137690 38133 42808 15429 11113 12516 13385 13913 30093 21285
  3 50087 37563  17855 55805 17184 17783  7286  8610 11948 12399 11726 21861
  4 26481 41904  15842  7012 22530  7333  7011  5280  5583  8636  6585  5505
  5 18763 18759  14531  9651  4225  9006  2872  1585  1580  2889  2812  4438
  6 19746 21900  11051 12216  8445  7494  9777  3794  3356  3785  5215  5410
   year
age  1982   1983  1984  1985  1986  1987  1988  1989  1990  1991  1992  1993
  1 15339  13540 19517 17916  4159  5976  2307  8260  2702  1912 10410  1608
  2 42725 102871 92892 57054 56747 67000 82027 42413 41756 63854 26752 94061
  3  8728  26993 41121 36258 42881 43075 30962 68399 24634 38342 35019  9372
  4  4817   3225 16043 16032 32930 23014  9398 19601 35258 16916 27591 10221
  5  1497   1862  2450  2306  8790 14323  5963  8205  8116 28405 10139  4491
  6  4492   1939  1872   618  1266  4651  4299  7875  6636  9004 28056 10085
   year
age  1994  1995  1996  1997  1998  1999  2000  2001  2002  2003  2004      2005
  1 12130  9450  3476  3849  5818 14274  9953 15724  3495  2711  4276 17822.054
  2 35768 79159 61923 37440 41510 34072 77378 62153 26472 37006  9470 21300.438
  3 61737 22591 38244 53040 27102 36086 18952 35816 18532 24444 46243  7268.146
  4  3289 36541  7943 31442 28274 14642 12060  5953  5309 14763 21863 18771.963
  5  3025  3686 16114  8318 13178 15515  5230  4249  1416  5719  8638  8023.409
  6  8665  8772  6195  8720  7405 13305  9787  3771  2061  6628  2151  2495.000
   year
age      2006      2007      2008      2009      2010
  1  3444.154  6016.093  1482.435  4367.067  2468.000
  2 36767.863 11056.048 13837.685  4852.269 24058.697
  3 11301.604 32481.022  7200.881 13155.961  7777.091
  4  2462.407  6697.107 14395.581  4741.582 14655.016
  5  5625.055  1299.106  2639.203  8445.703  4713.936
  6  2997.000  2509.000   921.000  1578.000 11592.000


TABLE 4.6.1.18 Celtic Sea and Division VIIj Herring. CATCH RESIDUALS

Units  :  thousands NA 
   year
age         2005         2006         2007        2008         2009
  1 -0.144836171 -0.858241817  0.290364146 -0.12671700  0.845448961
  2  0.365860676 -0.081386169 -0.002540149 -0.09068755 -0.083177128
  3 -0.231522598 -0.034898325  0.109038286  0.13661573 -0.022831013
  4 -0.005660743  0.002674060 -0.195292552  0.09163191  0.030207708
  5 -0.087799172  0.107109214  0.049478371 -0.11181543  0.001454908
  6  0.000000000  0.000000000  0.000000000  0.00000000  0.000000000
   year
age          2010
  1  3.288242e-09
  2 -1.393608e-01
  3  5.087644e-02
  4  8.260505e-02
  5  2.763040e-02
  6  0.000000e+00


TABLE 4.6.1.19 Celtic Sea and Division VIIj Herring. PREDICTED INDEX VALUES

Celtic Sea Herring Acoustic

Units  :  NA NA 
   year
age       2002      2003 2004     2005      2006       2007      2008      2009
  2 104.642144 137.95525   NA 75.86850 273.96236 107.506295 253.10140 116.31879
  3  67.464947  85.80328   NA 21.16319  72.15026 273.477411 115.95136 278.90687
  4  22.529988  27.13049   NA 38.34732  11.12290  39.971879 164.80250  71.52357
  5   3.723587  11.27113   NA 15.20306  23.32873   7.102779  27.57885 116.17376
   year
age      2010
  2 440.90740
  3 125.47804
  4 168.10630
  5  49.35676


TABLE 4.6.1.20 Celtic Sea and Division VIIj Herring. INDEX RESIDUALS

Celtic Sea Herring Acoustic

Units  :  NA 
   year
age      2002       2003 2004      2005       2006       2007        2008
  2 0.5708899 -0.8046454   NA 0.5917090 -0.2635051 -0.4290542  0.15318514
  3 0.8030192 -0.3510681   NA 0.2870587 -0.4117252 -0.2175915 -0.04364060
  4 0.2762998 -0.4557489   NA 0.3459963  0.1936835 -0.2541890 -0.01715142
  5 0.5723823 -0.7358452   NA 0.3511967 -0.7517902  0.2367385 -0.02121229
   year
age        2009      2010
  2 -0.03783573 0.2192636
  3 -0.28377039 0.2177253
  4 -0.22697579 0.1380937
  5  0.07322671 0.2753125


TABLE 4.6.1.21 Celtic Sea and Division VIIj Herring. FIT PARAMETERS

                                 Value   Std.dev Lower.95.pct.CL
F, 2005                   4.275185e-01 0.1763422    3.025864e-01
F, 2006                   2.184494e-01 0.1951234    1.490248e-01
F, 2007                   1.699704e-01 0.2041118    1.139278e-01
F, 2008                   9.257730e-02 0.2092373    6.143250e-02
F, 2009                   7.111099e-02 0.2158851    4.657701e-02
F, 2010                   9.240256e-02 0.2335642    5.846153e-02
Selectivity at age 1      6.795171e-02 0.3273217    3.577491e-02
Selectivity at age 2      5.896060e-01 0.1310378    4.560582e-01
Selectivity at age 4      1.086703e+00 0.1072485    8.806821e-01
Terminal year pop, age 1  6.234308e+05 0.7946226    1.313384e+05
Terminal year pop, age 2  5.244731e+05 0.2917441    2.960640e+05
Terminal year pop, age 3  9.706721e+04 0.2319549    6.160678e+04
Terminal year pop, age 4  1.610559e+05 0.2121908    1.062567e+05
Terminal year pop, age 5  5.607864e+04 0.2059532    3.745300e+04
Last true age pop, 2005   2.414963e+04 0.2293551    1.540563e+04
Last true age pop, 2006   3.006606e+04 0.2122369    1.983430e+04
Last true age pop, 2007   8.720157e+03 0.2104453    5.772842e+03
Last true age pop, 2008   3.133984e+04 0.2049829    2.097064e+04
Last true age pop, 2009   1.292160e+05 0.2038458    8.665616e+04
Index 1, age 2 numbers, Q 1.198320e-03 0.1953720    8.170879e-04
Index 1, age 3 numbers, Q 1.731729e-03 0.1952721    1.181030e-03
Index 1, age 4 numbers, Q 1.275393e-03 0.2009801    8.601343e-04
Index 1, age 5 numbers, Q 1.066845e-03 0.2097330    7.072500e-04
                          Upper.95.pct.CL
F, 2005                      6.040326e-01
F, 2006                      3.202161e-01
F, 2007                      2.535810e-01
F, 2008                      1.395118e-01
F, 2009                      1.085680e-01
F, 2010                      1.460488e-01
Selectivity at age 1         1.290691e-01
Selectivity at age 2         7.622606e-01
Selectivity at age 4         1.340920e+00
Terminal year pop, age 1     2.959271e+06
Terminal year pop, age 2     9.290965e+05
Terminal year pop, age 3     1.529384e+05
Terminal year pop, age 4     2.441164e+05
Terminal year pop, age 5     8.396694e+04
Last true age pop, 2005      3.785659e+04
Last true age pop, 2006      4.557600e+04
Last true age pop, 2007      1.317222e+04
Last true age pop, 2008      4.683620e+04
Last true age pop, 2009      1.926786e+05
Index 1, age 2 numbers, Q    1.757425e-03
Index 1, age 3 numbers, Q    2.539211e-03
Index 1, age 4 numbers, Q    1.891131e-03
Index 1, age 5 numbers, Q    1.609272e-03


