TABLE 7.6.3.1 Irish Sea Herring. CATCH IN NUMBER

Units  :  thousands 
   year
age  1980  1981  1982  1983 1984  1985  1986  1987  1988  1989  1990 1991  1992
  1  5840  5050  5100  1305 1168  2429  4491  2225  2607  1156  2313 1999 12145
  2 25760 15790 16030 12162 8424 10050 15266 12981 21250  6385 12835 9754  6885
  3 19510  3200  5670  5598 7237 17336  7462  6146 13343 12039  5726 6743  6744
  4  8520  2790  2150  2820 3841 13287  8550  2998  7159  4708  9697 2833  6690
  5  1980  2300   330   445 2221  7206  4528  4180  4610  1876  3598 5068  3256
  6   910   330  1110   484  380  2651  3198  2777  5084  1255  1661 1493  5122
  7   360   290   140   255  229   667  1464  2328  3232  1559  1042  719  1036
  8   230   240   380    59  479   724   877  1671  4213  1956  1615  815   392
   year
age  1993  1994  1995  1996  1997  1998  1999 2000  2001 2002 2003 2004  2005
  1   646  1970  3204  5335  9551  3069  1810 1221  2713  179  694 3225  8692
  2 14636  7002 21330 17529 21387 11879 16929 3743 11473 9021 4694 8833 13980
  3  3008 12165  3391  9761  7562  3875  5936 5873  7151 1894 3345 5405 10555
  4  3017  1826  5269  1160  7341  4450  1566 2065 13050 1866 2559 2161  3287
  5  2903  2566  1199  3603  1641  6674  1477  558  3386 2395  882  623  1422
  6  1606  2104  1154   780  2281  1030  1989  347   936  953 2945  213   415
  7  2181  1278   926   961   840  2049   444  251   650  474  872  673   292
  8   848  1991  1452  1364  1432   451   622  147   803  337  605  127   368
   year
age  2006  2007  2008 2009  2010  2011  2012  2013  2014  2015  2016
  1  5669 20290  8939   NA  9588  7454  2491  3889 27377  1654  2216
  2 15253 18291 18974   NA 17627 17598  9664 18916  9567 15414 19064
  3  8198  4980  7487   NA  6679  8984 12247  6836  7917  4840  5992
  4  6318  1655  2696   NA  6201  3982  7944  6631  1997  7376  4677
  5  1325  1062  2082   NA  3200  3671  3061  2901  1759  1613  2050
  6   605   325  1761   NA   925  1751  3158  1472   964  4276  1421
  7   262   122   328   NA   370   690  1591   625   409  1678   896
  8   246   111   216   NA   185   425   652   352   830  1112   759


TABLE 7.6.3.2 Irish Sea Herring. WEIGHTS AT AGE IN THE CATCH

Units  :  kg 
   year
age  1980  1981  1982  1983  1984  1985  1986  1987  1988  1989  1990  1991
  1 0.074 0.074 0.074 0.074 0.076 0.087 0.068 0.058 0.070 0.081 0.096 0.073
  2 0.155 0.155 0.155 0.155 0.142 0.125 0.143 0.130 0.124 0.128 0.140 0.123
  3 0.195 0.195 0.195 0.195 0.187 0.157 0.167 0.160 0.160 0.155 0.166 0.155
  4 0.219 0.219 0.219 0.219 0.213 0.186 0.188 0.175 0.170 0.174 0.175 0.171
  5 0.232 0.232 0.232 0.232 0.221 0.202 0.215 0.194 0.180 0.184 0.187 0.181
  6 0.251 0.251 0.251 0.251 0.243 0.209 0.228 0.210 0.198 0.195 0.195 0.190
  7 0.258 0.258 0.258 0.258 0.240 0.222 0.239 0.218 0.212 0.205 0.207 0.198
  8 0.278 0.278 0.278 0.278 0.273 0.258 0.254 0.229 0.232 0.218 0.218 0.217
   year
age  1992  1993  1994  1995  1996  1997  1998  1999  2000  2001  2002  2003
  1 0.062 0.089 0.070 0.075 0.067 0.064 0.080 0.069 0.064 0.067 0.085 0.081
  2 0.114 0.127 0.123 0.121 0.116 0.118 0.123 0.120 0.120 0.106 0.113 0.116
  3 0.140 0.157 0.153 0.146 0.148 0.146 0.148 0.145 0.148 0.139 0.144 0.136
  4 0.155 0.171 0.170 0.164 0.162 0.165 0.163 0.167 0.168 0.156 0.167 0.160
  5 0.165 0.182 0.180 0.176 0.177 0.176 0.181 0.176 0.188 0.168 0.180 0.167
  6 0.174 0.191 0.189 0.181 0.199 0.188 0.177 0.188 0.204 0.185 0.184 0.172
  7 0.181 0.198 0.202 0.193 0.200 0.204 0.188 0.190 0.200 0.198 0.191 0.186
  8 0.197 0.212 0.212 0.207 0.214 0.216 0.222 0.210 0.213 0.205 0.217 0.199
   year
age  2004  2005  2006  2007  2008   2009  2010  2011  2012  2013  2014  2015
  1 0.073 0.067 0.064 0.067 0.071 0.0620 0.053 0.058 0.070 0.059 0.066 0.070
  2 0.107 0.103 0.105 0.112 0.110 0.1080 0.106 0.106 0.120 0.100 0.110 0.106
  3 0.130 0.136 0.131 0.135 0.135 0.1330 0.131 0.134 0.138 0.130 0.146 0.136
  4 0.157 0.156 0.149 0.158 0.153 0.1490 0.145 0.152 0.152 0.142 0.177 0.148
  5 0.165 0.166 0.164 0.173 0.156 0.1545 0.153 0.159 0.164 0.157 0.174 0.155
  6 0.187 0.180 0.177 0.183 0.182 0.1730 0.164 0.175 0.174 0.165 0.176 0.157
  7 0.200 0.191 0.184 0.199 0.196 0.1855 0.175 0.187 0.179 0.170 0.196 0.167
  8 0.205 0.209 0.211 0.227 0.206 0.1890 0.172 0.196 0.191 0.180 0.198 0.171
   year
age  2016
  1 0.054
  2 0.102
  3 0.126
  4 0.143
  5 0.159
  6 0.161
  7 0.167
  8 0.177


TABLE 7.6.3.3 Irish Sea Herring. WEIGHTS AT AGE IN THE STOCK

Units  :  kg 
   year
age  1980  1981  1982  1983  1984  1985  1986  1987  1988  1989  1990  1991
  1 0.074 0.074 0.074 0.074 0.076 0.087 0.068 0.058 0.070 0.081 0.077 0.070
  2 0.155 0.155 0.155 0.155 0.142 0.125 0.143 0.130 0.124 0.128 0.135 0.121
  3 0.195 0.195 0.195 0.195 0.187 0.157 0.167 0.160 0.160 0.155 0.163 0.153
  4 0.219 0.219 0.219 0.219 0.213 0.186 0.188 0.175 0.170 0.174 0.175 0.167
  5 0.232 0.232 0.232 0.232 0.221 0.202 0.215 0.194 0.180 0.184 0.188 0.180
  6 0.251 0.251 0.251 0.251 0.243 0.209 0.229 0.210 0.198 0.195 0.196 0.189
  7 0.258 0.258 0.258 0.258 0.240 0.222 0.239 0.218 0.212 0.205 0.207 0.195
  8 0.278 0.278 0.278 0.278 0.273 0.258 0.254 0.229 0.232 0.218 0.217 0.214
   year
age  1992  1993  1994  1995  1996  1997  1998  1999  2000  2001  2002  2003
  1 0.061 0.088 0.073 0.072 0.067 0.063 0.073 0.068 0.063 0.066 0.085 0.081
  2 0.111 0.126 0.126 0.120 0.115 0.119 0.121 0.121 0.120 0.105 0.113 0.116
  3 0.136 0.157 0.154 0.147 0.148 0.148 0.150 0.145 0.149 0.139 0.144 0.136
  4 0.151 0.171 0.174 0.168 0.162 0.167 0.166 0.168 0.171 0.156 0.167 0.160
  5 0.159 0.183 0.181 0.180 0.177 0.178 0.179 0.178 0.188 0.167 0.180 0.167
  6 0.171 0.191 0.190 0.185 0.195 0.189 0.190 0.189 0.204 0.183 0.184 0.172
  7 0.179 0.198 0.203 0.197 0.199 0.206 0.200 0.199 0.205 0.199 0.191 0.186
  8 0.191 0.214 0.214 0.212 0.212 0.214 0.230 0.214 0.215 0.205 0.217 0.199
   year
age  2004  2005  2006  2007  2008   2009  2010  2011  2012  2013  2014  2015
  1 0.067 0.067 0.064 0.073 0.071 0.0660 0.060 0.057 0.059 0.057 0.069 0.070
  2 0.114 0.103 0.105 0.114 0.110 0.1140 0.118 0.109 0.109 0.100 0.112 0.106
  3 0.144 0.136 0.131 0.137 0.135 0.1350 0.134 0.136 0.131 0.131 0.150 0.136
  4 0.161 0.156 0.149 0.158 0.153 0.1500 0.147 0.155 0.149 0.142 0.178 0.148
  5 0.170 0.166 0.164 0.174 0.156 0.1550 0.153 0.162 0.153 0.157 0.174 0.155
  6 0.192 0.180 0.177 0.183 0.182 0.1740 0.165 0.177 0.162 0.167 0.176 0.157
  7 0.202 0.191 0.184 0.199 0.196 0.1860 0.176 0.188 0.168 0.175 0.196 0.167
  8 0.214 0.209 0.211 0.227 0.206 0.1895 0.173 0.197 0.190 0.180 0.202 0.171
   year
age  2016
  1 0.054
  2 0.102
  3 0.126
  4 0.143
  5 0.159
  6 0.161
  7 0.167
  8 0.177


TABLE 7.6.3.4 Irish Sea Herring. NATURAL MORTALITY

Units  :  NA 
   year
age  1980  1981  1982  1983  1984  1985  1986  1987  1988  1989  1990  1991
  1 0.787 0.787 0.787 0.787 0.787 0.787 0.787 0.787 0.787 0.787 0.787 0.787
  2 0.380 0.380 0.380 0.380 0.380 0.380 0.380 0.380 0.380 0.380 0.380 0.380
  3 0.353 0.353 0.353 0.353 0.353 0.353 0.353 0.353 0.353 0.353 0.353 0.353
  4 0.335 0.335 0.335 0.335 0.335 0.335 0.335 0.335 0.335 0.335 0.335 0.335
  5 0.315 0.315 0.315 0.315 0.315 0.315 0.315 0.315 0.315 0.315 0.315 0.315
  6 0.311 0.311 0.311 0.311 0.311 0.311 0.311 0.311 0.311 0.311 0.311 0.311
  7 0.304 0.304 0.304 0.304 0.304 0.304 0.304 0.304 0.304 0.304 0.304 0.304
  8 0.304 0.304 0.304 0.304 0.304 0.304 0.304 0.304 0.304 0.304 0.304 0.304
   year
age  1992  1993  1994  1995  1996  1997  1998  1999  2000  2001  2002  2003
  1 0.787 0.787 0.787 0.787 0.787 0.787 0.787 0.787 0.787 0.787 0.787 0.787
  2 0.380 0.380 0.380 0.380 0.380 0.380 0.380 0.380 0.380 0.380 0.380 0.380
  3 0.353 0.353 0.353 0.353 0.353 0.353 0.353 0.353 0.353 0.353 0.353 0.353
  4 0.335 0.335 0.335 0.335 0.335 0.335 0.335 0.335 0.335 0.335 0.335 0.335
  5 0.315 0.315 0.315 0.315 0.315 0.315 0.315 0.315 0.315 0.315 0.315 0.315
  6 0.311 0.311 0.311 0.311 0.311 0.311 0.311 0.311 0.311 0.311 0.311 0.311
  7 0.304 0.304 0.304 0.304 0.304 0.304 0.304 0.304 0.304 0.304 0.304 0.304
  8 0.304 0.304 0.304 0.304 0.304 0.304 0.304 0.304 0.304 0.304 0.304 0.304
   year
age  2004  2005  2006  2007  2008  2009  2010  2011  2012  2013  2014  2015
  1 0.787 0.787 0.787 0.787 0.787 0.787 0.787 0.787 0.787 0.787 0.787 0.787
  2 0.380 0.380 0.380 0.380 0.380 0.380 0.380 0.380 0.380 0.380 0.380 0.380
  3 0.353 0.353 0.353 0.353 0.353 0.353 0.353 0.353 0.353 0.353 0.353 0.353
  4 0.335 0.335 0.335 0.335 0.335 0.335 0.335 0.335 0.335 0.335 0.335 0.335
  5 0.315 0.315 0.315 0.315 0.315 0.315 0.315 0.315 0.315 0.315 0.315 0.315
  6 0.311 0.311 0.311 0.311 0.311 0.311 0.311 0.311 0.311 0.311 0.311 0.311
  7 0.304 0.304 0.304 0.304 0.304 0.304 0.304 0.304 0.304 0.304 0.304 0.304
  8 0.304 0.304 0.304 0.304 0.304 0.304 0.304 0.304 0.304 0.304 0.304 0.304
   year
age  2016
  1 0.787
  2 0.380
  3 0.353
  4 0.335
  5 0.315
  6 0.311
  7 0.304
  8 0.304


TABLE 7.6.3.5 Irish Sea Herring. PROPORTION MATURE

Units  :  NA 
   year
age 1980 1981 1982 1983 1984 1985 1986 1987 1988 1989 1990 1991 1992 1993 1994
  1 0.20 0.19 0.10 0.02 0.00 0.14 0.31 0.00 0.00 0.07 0.06 0.04 0.28 0.00 0.19
  2 0.88 0.89 0.80 0.73 0.69 0.62 0.73 0.85 0.90 0.63 0.66 0.30 0.48 0.46 0.68
  3 0.95 0.90 0.89 0.88 0.83 0.71 0.66 0.91 0.96 0.93 0.90 0.74 0.72 0.99 0.99
  4 0.95 0.94 0.91 0.90 0.93 0.88 0.81 0.87 0.99 0.95 0.95 0.82 0.81 1.00 0.97
  5 1.00 1.00 1.00 1.00 1.00 1.00 1.00 1.00 1.00 1.00 1.00 1.00 1.00 1.00 1.00
  6 1.00 1.00 1.00 1.00 1.00 1.00 1.00 1.00 1.00 1.00 1.00 1.00 1.00 1.00 1.00
  7 1.00 1.00 1.00 1.00 1.00 1.00 1.00 1.00 1.00 1.00 1.00 1.00 1.00 1.00 1.00
  8 1.00 1.00 1.00 1.00 1.00 1.00 1.00 1.00 1.00 1.00 1.00 1.00 1.00 1.00 1.00
   year
age 1995 1996 1997 1998 1999 2000 2001 2002 2003  2004 2005 2006 2007 2008 2009
  1 0.10 0.02 0.04 0.30 0.02 0.14 0.15 0.02 0.11 0.114 0.20 0.19 0.16 0.16 0.13
  2 0.86 0.60 0.82 0.83 0.84 0.79 0.54 0.92 0.76 1.000 0.97 0.89 0.94 0.84 0.82
  3 0.94 0.96 0.95 0.97 0.95 0.99 0.88 0.95 0.95 0.970 0.99 1.00 0.98 1.00 0.97
  4 0.99 0.83 1.00 0.99 0.97 1.00 0.97 0.98 0.97 1.000 1.00 1.00 1.00 1.00 0.98
  5 1.00 1.00 1.00 1.00 1.00 1.00 1.00 1.00 1.00 1.000 1.00 1.00 1.00 1.00 1.00
  6 1.00 1.00 1.00 1.00 1.00 1.00 1.00 1.00 1.00 1.000 1.00 1.00 1.00 1.00 1.00
  7 1.00 1.00 1.00 1.00 1.00 1.00 1.00 1.00 1.00 1.000 1.00 1.00 1.00 1.00 1.00
  8 1.00 1.00 1.00 1.00 1.00 1.00 1.00 1.00 1.00 1.000 1.00 1.00 1.00 1.00 1.00
   year
age 2010 2011 2012 2013 2014 2015 2016
  1 0.11 0.08 0.10 0.06 0.16 0.11 0.07
  2 0.92 0.90 0.84 0.82 0.94 0.87 0.81
  3 1.00 1.00 1.00 0.99 1.00 1.00 0.99
  4 0.98 1.00 1.00 1.00 1.00 1.00 1.00
  5 0.97 1.00 1.00 1.00 1.00 1.00 1.00
  6 1.00 1.00 1.00 1.00 1.00 1.00 1.00
  7 1.00 1.00 1.00 1.00 1.00 1.00 1.00
  8 1.00 1.00 1.00 1.00 1.00 1.00 1.00


TABLE 7.6.3.6 Irish Sea Herring. FRACTION OF HARVEST BEFORE SPAWNING

Units  :  NA 
   year
age 1980 1981 1982 1983 1984 1985 1986 1987 1988 1989 1990 1991 1992 1993 1994
  1  0.9  0.9  0.9  0.9  0.9  0.9  0.9  0.9  0.9  0.9  0.9  0.9  0.9  0.9  0.9
  2  0.9  0.9  0.9  0.9  0.9  0.9  0.9  0.9  0.9  0.9  0.9  0.9  0.9  0.9  0.9
  3  0.9  0.9  0.9  0.9  0.9  0.9  0.9  0.9  0.9  0.9  0.9  0.9  0.9  0.9  0.9
  4  0.9  0.9  0.9  0.9  0.9  0.9  0.9  0.9  0.9  0.9  0.9  0.9  0.9  0.9  0.9
  5  0.9  0.9  0.9  0.9  0.9  0.9  0.9  0.9  0.9  0.9  0.9  0.9  0.9  0.9  0.9
  6  0.9  0.9  0.9  0.9  0.9  0.9  0.9  0.9  0.9  0.9  0.9  0.9  0.9  0.9  0.9
  7  0.9  0.9  0.9  0.9  0.9  0.9  0.9  0.9  0.9  0.9  0.9  0.9  0.9  0.9  0.9
  8  0.9  0.9  0.9  0.9  0.9  0.9  0.9  0.9  0.9  0.9  0.9  0.9  0.9  0.9  0.9
   year
age 1995 1996 1997 1998 1999 2000 2001 2002 2003 2004 2005 2006 2007 2008 2009
  1  0.9  0.9  0.9  0.9  0.9  0.9  0.9  0.9  0.9  0.9  0.9  0.9  0.9  0.9  0.9
  2  0.9  0.9  0.9  0.9  0.9  0.9  0.9  0.9  0.9  0.9  0.9  0.9  0.9  0.9  0.9
  3  0.9  0.9  0.9  0.9  0.9  0.9  0.9  0.9  0.9  0.9  0.9  0.9  0.9  0.9  0.9
  4  0.9  0.9  0.9  0.9  0.9  0.9  0.9  0.9  0.9  0.9  0.9  0.9  0.9  0.9  0.9
  5  0.9  0.9  0.9  0.9  0.9  0.9  0.9  0.9  0.9  0.9  0.9  0.9  0.9  0.9  0.9
  6  0.9  0.9  0.9  0.9  0.9  0.9  0.9  0.9  0.9  0.9  0.9  0.9  0.9  0.9  0.9
  7  0.9  0.9  0.9  0.9  0.9  0.9  0.9  0.9  0.9  0.9  0.9  0.9  0.9  0.9  0.9
  8  0.9  0.9  0.9  0.9  0.9  0.9  0.9  0.9  0.9  0.9  0.9  0.9  0.9  0.9  0.9
   year
age 2010 2011 2012 2013 2014 2015 2016
  1  0.9  0.9  0.9  0.9  0.9  0.9  0.9
  2  0.9  0.9  0.9  0.9  0.9  0.9  0.9
  3  0.9  0.9  0.9  0.9  0.9  0.9  0.9
  4  0.9  0.9  0.9  0.9  0.9  0.9  0.9
  5  0.9  0.9  0.9  0.9  0.9  0.9  0.9
  6  0.9  0.9  0.9  0.9  0.9  0.9  0.9
  7  0.9  0.9  0.9  0.9  0.9  0.9  0.9
  8  0.9  0.9  0.9  0.9  0.9  0.9  0.9


TABLE 7.6.3.7 Irish Sea Herring. FRACTION OF NATURAL MORTALITY BEFORE SPAWNING

Units  :  NA 
   year
age 1980 1981 1982 1983 1984 1985 1986 1987 1988 1989 1990 1991 1992 1993 1994
  1 0.75 0.75 0.75 0.75 0.75 0.75 0.75 0.75 0.75 0.75 0.75 0.75 0.75 0.75 0.75
  2 0.75 0.75 0.75 0.75 0.75 0.75 0.75 0.75 0.75 0.75 0.75 0.75 0.75 0.75 0.75
  3 0.75 0.75 0.75 0.75 0.75 0.75 0.75 0.75 0.75 0.75 0.75 0.75 0.75 0.75 0.75
  4 0.75 0.75 0.75 0.75 0.75 0.75 0.75 0.75 0.75 0.75 0.75 0.75 0.75 0.75 0.75
  5 0.75 0.75 0.75 0.75 0.75 0.75 0.75 0.75 0.75 0.75 0.75 0.75 0.75 0.75 0.75
  6 0.75 0.75 0.75 0.75 0.75 0.75 0.75 0.75 0.75 0.75 0.75 0.75 0.75 0.75 0.75
  7 0.75 0.75 0.75 0.75 0.75 0.75 0.75 0.75 0.75 0.75 0.75 0.75 0.75 0.75 0.75
  8 0.75 0.75 0.75 0.75 0.75 0.75 0.75 0.75 0.75 0.75 0.75 0.75 0.75 0.75 0.75
   year
age 1995 1996 1997 1998 1999 2000 2001 2002 2003 2004 2005 2006 2007 2008 2009
  1 0.75 0.75 0.75 0.75 0.75 0.75 0.75 0.75 0.75 0.75 0.75 0.75 0.75 0.75 0.75
  2 0.75 0.75 0.75 0.75 0.75 0.75 0.75 0.75 0.75 0.75 0.75 0.75 0.75 0.75 0.75
  3 0.75 0.75 0.75 0.75 0.75 0.75 0.75 0.75 0.75 0.75 0.75 0.75 0.75 0.75 0.75
  4 0.75 0.75 0.75 0.75 0.75 0.75 0.75 0.75 0.75 0.75 0.75 0.75 0.75 0.75 0.75
  5 0.75 0.75 0.75 0.75 0.75 0.75 0.75 0.75 0.75 0.75 0.75 0.75 0.75 0.75 0.75
  6 0.75 0.75 0.75 0.75 0.75 0.75 0.75 0.75 0.75 0.75 0.75 0.75 0.75 0.75 0.75
  7 0.75 0.75 0.75 0.75 0.75 0.75 0.75 0.75 0.75 0.75 0.75 0.75 0.75 0.75 0.75
  8 0.75 0.75 0.75 0.75 0.75 0.75 0.75 0.75 0.75 0.75 0.75 0.75 0.75 0.75 0.75
   year
age 2010 2011 2012 2013 2014 2015 2016
  1 0.75 0.75 0.75 0.75 0.75 0.75 0.75
  2 0.75 0.75 0.75 0.75 0.75 0.75 0.75
  3 0.75 0.75 0.75 0.75 0.75 0.75 0.75
  4 0.75 0.75 0.75 0.75 0.75 0.75 0.75
  5 0.75 0.75 0.75 0.75 0.75 0.75 0.75
  6 0.75 0.75 0.75 0.75 0.75 0.75 0.75
  7 0.75 0.75 0.75 0.75 0.75 0.75 0.75
  8 0.75 0.75 0.75 0.75 0.75 0.75 0.75


TABLE 7.6.3.8 Irish Sea Herring. SURVEY INDICES

AC(VIIaN) - Configuration

Irish Sea herring (Division VIIa) (run name: ICAMDC20) . Imported from VPA file.
      min       max plusgroup   minyear   maxyear    startf      endf 
      1.0       8.0       8.0    1994.0    2016.0       0.7       0.8 
Index type : number

AC(VIIaN) - Index Values

Units  :  NA 
   year
age  1994   1995  1996   1997   1998   1999   2000   2001   2002   2003   2004
  1 66830 319116 11340 134146 110438 157756  78524 387559 390982 349216 241014
  2 68290  82256 42372  49977  27312  77722 103439  93402  71935 220014 115529
  3 73529  11935 67473  14812   8083  34017 105291  10194  31701  31984  29593
  4 11860  29246  8954  10985   9266   5108  27543  17489  24804   4735  15398
  5  9299   4574 26469   1751   6479  10260   8072   7704  31277   3921   2067
  6  7550   3500  4171   4553   1778  13521   5432   1372  14830   4089   2299
  7  3867   4887  5911    571   2254   1586   4899    626   2756    977    238
  8 10118   6894  5815   1910    780   6289   2359   2263   4461    906    240
   year
age   2005   2006    2007   2008   2009   2010    2011   2012   2013   2014
  1  94330 374731 1316673 475675 371230 580602 1927032 369094 100023 299689
  2 109938  96623  251276 452364 182643 561245  330180 191900 285238 193267
  3  97111  15625   46570 114210 177813 117699   43855 160980  81601 127352
  4  17023   9982   21101  39076  92741 120777   14978  51363  54347  29691
  5   8029    530   20818  26370  32490  34325   21896  21643  41153  43057
  6    810    369    1200  17063  15071  16759    6308  19285  13441  17342
  7    607    478     718   4254  13940   4336    2715  12105  11132   7848
  8   5804    469     556    599   6871   6453    1959   3128   6776  12481
   year
age   2015   2016
  1 491894 131512
  2 141854 449316
  3  25153 257152
  4  17018 110196
  5  10340  32232
  6   8954  18312
  7   1890   8157
  8   4342   7042

VIIaNSpawn - Configuration

FLT05: SSB acoustic (Catch: Unknown) (Effort: Unknown)
      min       max plusgroup   minyear   maxyear    startf      endf 
       NA        NA        NA      2007      2016        NA        NA 
Index type : biomass

VIIaNSpawn - Index Values

Units  :  NA 
     year
age       2007     2008     2009     2010     2011     2012     2013     2014
  all 47582.61 41909.97 76786.97 91388.88 61907.54 52071.02 114044.2 28396.84
     year
age       2015     2016
  all 60328.27 74275.73


TABLE 7.6.3.9 Irish Sea Herring. STOCK OBJECT CONFIGURATION

      min       max plusgroup   minyear   maxyear   minfbar   maxfbar 
        1         8         8      1980      2016         4         6 


TABLE 7.6.3.10 Irish Sea Herring. sam CONFIGURATION SETTINGS

name           : 
desc           : 
range          :       min       max plusgroup   minyear   maxyear   minfbar   maxfbar 
range          :         1         8         8      1980      2016         4         6 
fleets         :      catch  AC(VIIaN) VIIaNSpawn 
fleets         :          0          2          3 
plus.group     : TRUE
states         :             age
states         : fleet         1  2  3  4  5  6  7  8
states         :   catch       1  2  3  4  5  6  7  7
states         :   AC(VIIaN)  NA NA NA NA NA NA NA NA
states         :   VIIaNSpawn NA NA NA NA NA NA NA NA
logN.vars      : 1 1 1 1 1 1 1 1
catchabilities :             age
catchabilities : fleet         1  2  3  4  5  6  7  8
catchabilities :   catch      NA NA NA NA NA NA NA NA
catchabilities :   AC(VIIaN)   1  2  3  4  4  4  4  4
catchabilities :   VIIaNSpawn NA NA NA NA NA NA NA NA
power.law.exps :             age
power.law.exps : fleet         1  2  3  4  5  6  7  8
power.law.exps :   catch      NA NA NA NA NA NA NA NA
power.law.exps :   AC(VIIaN)  NA NA NA NA NA NA NA NA
power.law.exps :   VIIaNSpawn NA NA NA NA NA NA NA NA
f.vars         :             age
f.vars         : fleet         1  2  3  4  5  6  7  8
f.vars         :   catch       1  1  2  2  2  3  4  4
f.vars         :   AC(VIIaN)  NA NA NA NA NA NA NA NA
f.vars         :   VIIaNSpawn NA NA NA NA NA NA NA NA
obs.vars       :             age
obs.vars       : fleet         1  2  3  4  5  6  7  8
obs.vars       :   catch       1  2  2  2  3  3  3  3
obs.vars       :   AC(VIIaN)   4  5  5  5  5  6  6  6
obs.vars       :   VIIaNSpawn NA NA NA NA NA NA NA NA
srr            : 0
cor.F          : FALSE
nohess         : FALSE
timeout        : 3600
sam.binary     : C:/Users/PJSchon/Documents/AESD/Irish Sea herring/HAWG2017/SAM/sam15.exe


TABLE 7.6.3.11 Irish Sea Herring. FLR, R SOFTWARE VERSIONS

FLSAM.version                           1.0
FLCore.version                 2.5.20150309
R.version      R version 3.2.0 (2015-04-16)
platform                   i386-w64-mingw32
run.date                2017-03-20 20:49:10

TABLE 7.6.3.12 Irish Sea Herring. STOCK SUMMARY

Year Recruitment    Low   High   TSB   Low  High   SSB   Low  High       Fbar    Low   High Landings Landings
           Age 1                                                   (Ages 4-6)                             SOP
                                                                            f      f      f   tonnes         
1980      179872 106297 304372 34132 26024 44768 12220  8740 17085     0.3094 0.1970 0.4861    10613   1.0308
1981      225709 127771 398717 39616 28637 54806 14108 10143 19623     0.2846 0.1896 0.4272     4377   1.0999
1982      246718 143538 424067 47287 33318 67113 16228 10980 23985     0.2556 0.1741 0.3753     4855   1.0166
1983      218600 122370 390506 51741 36095 74168 18670 12558 27758     0.2402 0.1642 0.3514     3933   1.0165
1984      140225  84233 233435 48582 36548 64577 19697 13933 27844     0.2459 0.1747 0.3461     4066   1.0392
1985      167544  99795 281286 46677 37212 58549 16808 13275 21281     0.2732 0.2070 0.3607     9187   0.9802
1986      211082 127325 349935 47099 37598 58999 18654 14921 23320     0.2850 0.2203 0.3686     7440   1.0238
1987      308353 179077 530953 48728 38090 62336 16995 13253 21794     0.2960 0.2304 0.3801     5823   0.9632
1988      127644  75083 217000 45252 35714 57337 20513 15575 27016     0.3177 0.2449 0.4122    10172   0.9505
1989      165545  98794 277397 43045 33375 55516 16133 12223 21292     0.3096 0.2408 0.3979     4949   0.9966
1990      130614  79683 214099 39066 31336 48702 15204 11803 19584     0.3088 0.2418 0.3944     6312   0.9872
1991       76573  46818 125239 29378 24161 35721 10281  8090 13067     0.3040 0.2395 0.3859     4398   0.9994
1992      233281 143726 378638 31477 24634 40220 10171  8319 12435     0.3157 0.2514 0.3964     5270   0.9890
1993       64408  40218 103149 29882 24140 36989 10300  8306 12773     0.3186 0.2541 0.3995     4409   0.9869
1994      170587 104695 277950 30915 24484 39036 11268  9115 13928     0.3277 0.2617 0.4103     4828   0.9757
1995      120692  74469 195608 28481 23044 35202 10899  8729 13608     0.3344 0.2672 0.4186     5076   1.0007
1996       80178  49872 128900 23179 18941 28365  8398  6709 10512     0.3482 0.2783 0.4355     5301   0.9999
1997      117360  74462 184971 21950 17723 27183  7551  5968  9554     0.3770 0.2981 0.4768     6651   0.9996
1998      170416 106441 272844 26344 20529 33806  8937  7254 11010     0.3969 0.3060 0.5147     4905   0.9951
1999       69148  43019 111148 21571 17434 26690  8602  6731 10993     0.3813 0.2981 0.4876     4127   1.0001
2000       67914  40680 113380 18226 14660 22659  7980  6311 10091     0.3657 0.2878 0.4646     2002   0.9993
2001       91583  53356 157197 17192 12608 23443  5634  4109  7724     0.3972 0.3008 0.5244     5461   1.0004
2002       78826  49290 126061 17475 13412 22768  5923  4286  8185     0.3945 0.2912 0.5344     2393   0.9984
2003      147709  92484 235910 21779 16429 28871  5611  4289  7340     0.3970 0.2823 0.5582     2399   1.0010
2004      142344  88157 229836 22925 17610 29846  8452  6389 11182     0.3681 0.2639 0.5134     2531   0.9979
2005      160492  99467 258957 25413 19287 33484  9721  7269 13000     0.3505 0.2485 0.4942     4387   1.0062
2006      282095 174391 456318 34201 25399 46052 11118  8481 14575     0.3119 0.2257 0.4310     4402   1.0005
2007      436699 244056 781402 56670 38986 82376 17716 13130 23902     0.2584 0.1871 0.3570     4629   1.0012
2008      227294 128379 402424 52104 37669 72072 22270 15849 31293     0.2405 0.1719 0.3365     4895   1.0008
2009      304370 177887 520788 54666 39536 75586 22071 15705 31017     0.2255 0.1575 0.3229     4594       NA
2010      358613 217899 590197 58105 42983 78545 24101 17383 33414     0.2113 0.1456 0.3065     4894   0.9989
2011      211293 116500 383214 51896 38907 69221 25463 18777 34531     0.2031 0.1391 0.2967     5202   1.0014
2012      282660 171281 466464 51534 38910 68255 22811 16619 31310     0.1980 0.1351 0.2902     5693   0.9999
2013      182225 109204 304075 44712 34287 58307 21647 15899 29472     0.1843 0.1229 0.2764     4828   0.9982
2014      343176 192158 612880 58689 43076 79959 25311 18737 34191     0.1711 0.1102 0.2656     5083   0.9405
2015      349060 170639 714040 61084 42517 87759 24563 17621 34241     0.1744 0.1136 0.2679     4891   1.0001
2016      103777  27708 388680 46677 31728 68668 25874 17428 38414     0.1714 0.1090 0.2695     4327   0.9999


TABLE 7.6.3.13 Irish Sea Herring. ESTIMATED FISHING MORTALITY

Units  :  f 
   year
age       1980       1981       1982       1983       1984       1985
  1 0.02504703 0.02432866 0.02331869 0.02208846 0.02182716 0.02215039
  2 0.35736415 0.29452246 0.24424096 0.20758799 0.19032921 0.19897024
  3 0.41265640 0.31812846 0.25640424 0.22208391 0.21842775 0.23957231
  4 0.36776909 0.34476233 0.30056237 0.25530407 0.24472993 0.27179695
  5 0.29428694 0.24835403 0.20746347 0.20441562 0.22521495 0.25874817
  6 0.26609550 0.26056576 0.25890347 0.26093081 0.26761658 0.28921064
  7 0.24654765 0.19305117 0.16230143 0.08518755 0.16128214 0.30355271
  8 0.24654765 0.19305117 0.16230143 0.08518755 0.16128214 0.30355271
   year
age       1986       1987       1988       1989      1990       1991       1992
  1 0.02252792 0.02257753 0.02342621 0.02404327 0.0256580 0.02737295 0.02875913
  2 0.20684201 0.20234118 0.20169472 0.20288824 0.2183622 0.23506340 0.25548285
  3 0.24460760 0.24316866 0.24972374 0.23678564 0.2372360 0.24212528 0.25807630
  4 0.27373357 0.27009001 0.28667675 0.27019807 0.2616886 0.25507440 0.26895801
  5 0.27491316 0.29311214 0.31940353 0.30866461 0.3095301 0.30379565 0.31758811
  6 0.30629702 0.32468493 0.34701058 0.34986777 0.3551909 0.35310140 0.36052283
  7 0.37733194 0.47530908 0.71009963 0.58845195 0.5613953 0.42109366 0.30801709
  8 0.37733194 0.47530908 0.71009963 0.58845195 0.5613953 0.42109366 0.30801709
   year
age       1993       1994       1995       1996       1997      1998       1999
  1 0.02890618 0.02996576 0.03189838 0.03364469 0.03382686 0.0321064 0.03075508
  2 0.27144384 0.30694092 0.34280277 0.38461979 0.40506813 0.3598385 0.32219446
  3 0.26825963 0.28722195 0.30297651 0.31515207 0.33460652 0.3296249 0.31145513
  4 0.26564353 0.26930788 0.27535338 0.28779697 0.33051607 0.3565075 0.34500375
  5 0.32614931 0.34160506 0.35130517 0.36944256 0.40278595 0.4262369 0.39382840
  6 0.36407332 0.37224985 0.37657803 0.38718216 0.39775462 0.4078442 0.40498713
  7 0.34211785 0.42811647 0.43218134 0.55597052 0.86800309 0.6832804 0.47150763
  8 0.34211785 0.42811647 0.43218134 0.55597052 0.86800309 0.6832804 0.47150763
   year
age       2000       2001       2002       2003       2004       2005
  1 0.02916167 0.02778386 0.02593142 0.02657193 0.02895246 0.03135129
  2 0.29682872 0.30780156 0.28071931 0.24446088 0.23100868 0.23487543
  3 0.29617642 0.32242008 0.29656170 0.29369895 0.29792902 0.28407983
  4 0.34920365 0.40648429 0.41144085 0.42014726 0.38397801 0.35711408
  5 0.35840201 0.38570980 0.37232803 0.37402973 0.35879647 0.34829690
  6 0.38942266 0.39933285 0.39962847 0.39683687 0.36153371 0.34597111
  7 0.23699885 0.52889783 0.55789751 1.03085855 0.55828260 0.49345678
  8 0.23699885 0.52889783 0.55789751 1.03085855 0.55828260 0.49345678
   year
age       2006       2007       2008       2009       2010       2011
  1 0.03255254 0.03395226 0.03429005 0.03381672 0.03334658 0.03264055
  2 0.22496735 0.20335542 0.18598300 0.17999972 0.17283809 0.16564638
  3 0.26046156 0.22060092 0.19706927 0.19006294 0.18088388 0.17433091
  4 0.30077284 0.23309714 0.21022014 0.20183596 0.19355376 0.19361183
  5 0.30928256 0.24875172 0.23305053 0.21610303 0.20032785 0.18667241
  6 0.32562789 0.29346409 0.27823199 0.25864469 0.23995593 0.22912215
  7 0.41961402 0.22523747 0.24253724 0.18310418 0.13451225 0.17559062
  8 0.41961402 0.22523747 0.24253724 0.18310418 0.13451225 0.17559062
   year
age       2012       2013       2014       2015       2016
  1 0.03126675 0.03118556 0.03111081 0.02922005 0.02930492
  2 0.16261009 0.16170202 0.15565706 0.15167731 0.15104160
  3 0.16863815 0.16010907 0.14468447 0.13088974 0.12052477
  4 0.19495237 0.18330571 0.17271715 0.18199064 0.18052247
  5 0.17608297 0.15590631 0.13484895 0.13021088 0.12501769
  6 0.22295173 0.21378167 0.20562524 0.21102050 0.20854509
  7 0.18411403 0.09505496 0.10689588 0.16062224 0.11068134
  8 0.18411403 0.09505496 0.10689588 0.16062224 0.11068134


TABLE 7.6.3.14 Irish Sea Herring. ESTIMATED POPULATION ABUNDANCE

Units  :  NA 
   year
age       1980       1981       1982       1983       1984       1985
  1 179871.862 225708.585 246717.688 218600.250 140224.502 167543.785
  2  46536.862  78354.603  99409.206 108988.756  99907.496  63513.007
  3  27038.039  20108.542  39537.308  53637.300  62818.193  62193.141
  4  25539.971  11162.330   9747.830  22092.644  32370.410  38599.708
  5   4461.320  12272.300   5021.580   4901.517  13285.121  20601.105
  6   3704.116   2233.891   6788.600   2939.221   2958.389   8436.308
  7   1742.019   2032.659   1202.551   3813.871   1674.048   1776.144
  8   1146.306   1637.785   2171.558   1919.078   3883.531   3514.315
   year
age       1986       1987       1988       1989       1990      1991       1992
  1 211081.586 308352.843 127643.947 165545.275 130613.780 76573.014 233281.230
  2  74682.420  93060.026 140224.502  56387.343  75357.595 57930.541  33590.548
  3  35954.157  40134.837  52156.287  80177.644  32532.667 42277.064  31476.610
  4  35846.457  19680.823  21896.892  27529.130  46536.862 18670.500  24173.203
  5  21399.011  19906.468  11095.557  11013.753  14798.780 26635.495  11057.896
  6  12328.883  12036.512  11123.330   5685.077   5726.730  7756.605  15212.915
  7   4831.441   6958.366   6497.677   5519.265   2886.500  2816.358   4045.256
  8   2963.718   4144.345   5461.616   4390.068   4022.263  2824.255   2599.567
   year
age       1993       1994       1995      1996       1997       1998      1999
  1  64408.443 170586.879 120692.347 80177.644 117359.834 170416.377 69147.695
  2 100408.285  29027.531  79062.978 52104.156  36206.719  50061.123 76956.838
  3  17448.344  52997.499  14517.353 40741.398  23956.621  15521.788 24809.948
  4  16936.054   9367.486  27861.470  7596.934  21735.453  11895.316  7660.251
  5  13170.042   9348.769   5108.188 15322.843   4281.249  11572.652  5694.181
  6   6113.165   6982.763   4848.865  2670.711   7741.107   2226.086  5457.794
  7   8005.627   3241.528   3500.986  2507.647   1328.094   3871.510  1103.784
  8   3606.886   6269.175   4641.069  3899.876   2677.664   1209.908  1904.548
   year
age      2000      2001      2002       2003        2004        2005
  1 67914.171 91582.914 78826.144 147709.088 142343.7235 160492.1001
  2 29971.434 30242.394 38948.674  35954.157  67171.2092  62442.4118
  3 40497.681 15514.029 13886.883  19015.315  19401.3902  38948.6737
  4 13095.187 22765.466  7605.295   6817.854   9516.6674   9779.0733
  5  3987.023  6950.021 10829.184   3338.243   2976.1923   4435.0759
  6  2629.108  2174.165  3385.307   5280.098   1547.5062   1479.4120
  7  2498.385  1308.583  1106.326   1562.121   2352.1851    778.8356
  8  1316.721  2183.752  1464.399   1053.739    623.4073   1259.0340
   year
age        2006        2007       2008       2009       2010       2011
  1 282095.2334 436699.2404 227294.088 304370.199 358613.326 211292.773
  2  70403.6227 124866.4444 183322.101  97343.379 133920.283 156060.651
  3  32532.6669  37646.6782  68528.158 100709.962  53316.440  72113.749
  4  20520.9173  17266.0945  21305.063  39815.040  54393.503  29260.683
  5   4451.0709  10832.4333  10312.376  12472.731  22359.353  29495.707
  6   2069.3711   2363.5027   6449.127   5941.400   7082.626  12722.152
  7    755.2131   1027.5165   1387.002   3528.754   3260.383   4007.008
  8    874.8041    761.3552   1051.528   1443.751   2837.844   3664.694
   year
age       2012       2013       2014       2015       2016
  1 282659.988 182225.462 343176.441 349060.312 103777.037
  2  87640.632 127899.490  82125.184 147413.966 160331.688
  3  88876.229  48098.198  72185.899  48825.110  87465.525
  4  41522.885  50061.123  26003.853  42234.808  32112.479
  5  17014.139  22925.383  28197.821  15244.895  24760.378
  6  17096.003   9910.004  13007.742  17961.754   9795.712
  7   7460.666   9500.503   5609.405   7697.108  10445.223
  8   4525.123   6800.830  10316.502   9831.040  10525.961


TABLE 7.6.3.15 Irish Sea Herring. PREDICTED CATCH NUMBERS AT AGE

Units  :  NA 
<0 x 0 matrix>


TABLE 7.6.3.16 Irish Sea Herring. CATCH AT AGE RESIDUALS

Units  :  NA 
<0 x 0 matrix>



TABLE 7.6.3.18 Irish Sea Herring. PREDICTED INDEX AT AGE Fleet 1

Units  :  NA 
   year
age       1980       1981       1982       1983       1984       1985
  1  3083.8065  3761.3003  3942.8930  3309.4590  2098.1893  2543.3566
  2 11766.1260 16792.3718 18065.3316 17101.9881 14491.6804  9588.5025
  3  7796.6544  4659.8568  7590.0997  9060.9568 10451.0737 11246.8121
  4  6748.0577  2792.4092  2168.1943  4261.2167  6011.8031  7867.6131
  5   983.2270  2330.2247   811.4234   781.5272  2311.6804  4056.3953
  6   748.8360   443.3679  1339.7255   584.0929   601.0932  1834.5417
  7   330.3029   309.2314   155.9975   269.1422   215.8859   404.0829
  8   217.3328   249.1512   281.6880   135.4253   500.7966   799.5028
   year
age       1986      1987      1988      1989      1990       1991      1992
  1  3259.3400  4772.664  2049.190  2726.516  2293.192  1433.9096 4586.9931
  2 11681.9477 14277.498 21447.857  8667.797 12385.603 10167.2800 6353.4293
  3  6620.5915  7354.517  9784.355 14345.334  5828.296  7710.6672 6076.3532
  4  7346.5052  3987.980  4674.512  5577.913  9172.178  3597.5560 4882.9753
  5  4443.9105  4371.581  2624.249  2529.204  3406.873  6032.3383 2602.4016
  6  2817.6825  2891.990  2828.212  1455.391  1484.985  2001.3756 3994.4852
  7  1321.9458  2297.232  2899.548  2148.338  1084.430   843.4495  931.9135
  8   810.9367  1368.253  2437.309  1708.806  1511.095   845.8737  598.8793
   year
age       1993       1994      1995       1996       1997       1998       1999
  1  1272.6925  3494.3407  2629.608  1840.2008  2708.6347  3734.8390  1452.8029
  2 20022.0611  6446.2897 19289.766 14011.3080 10159.4542 12733.9890 17815.0699
  3  3486.3478 11246.3623  3225.522  9369.3593  5796.0968  3707.7111  5646.4370
  4  3382.1267  1893.3632  5744.568  1627.4343  5246.3087  3061.4073  1917.4856
  5  3171.1513  2341.3899  1310.023  4099.0479  1230.4436  3483.5947  1606.4628
  6  1618.3623  1883.2419  1320.426   744.2448  2205.6334   647.5396  1578.6574
  7  2017.4709   983.9647  1070.938   935.1061   678.9178  1681.0099   362.0383
  8   909.0135  1903.1011  1419.855  1454.4309  1369.1837   525.3790   624.7865
   year
age      2000      2001      2002      2003       2004       2005       2006
  1 1353.6636 1739.4774 1399.4576 2686.5416  2817.9079  3435.9887  6268.1090
  2 6464.3646 6732.2184 8001.5456 6534.3620 11613.3433 10951.4812 11887.7056
  3 8818.5259 3636.7293 3028.7643 4112.3915  4248.6221  8182.1481  6331.4845
  4 3311.6770 6534.4927 2204.9277 2010.7237  2605.9172  2520.3171  4567.7682
  5 1039.8898 1927.4054 2915.7431  902.3748   776.8910  1128.9802  1024.0596
  6  736.1619  621.5709  968.4821 1501.5602   407.2674   375.1478   498.3736
  7  457.2544  469.6417  413.6416  888.9491   879.9367   264.8437   225.5473
  8  241.0441  783.9145  547.6629  599.7902   233.2521   428.0928   261.2610
   year
age       2007       2008      2010       2011       2012       2013      2014
  1 10109.7946  5313.8399  8158.373  4706.6421  6038.1322  3879.6879 7288.4049
  2 19228.7147 26040.2839 17773.431 19915.4283 11001.8641 15970.6829 9894.7540
  3  6321.9311 10389.2822  7472.762  9769.2991 11675.8747  6022.1523 8231.5532
  4  3070.2983  3452.3830  8179.203  4401.9372  6284.1131  7159.1032 3521.1397
  5  2060.0180  1850.2758  3499.271  4330.2909  2367.3347  2849.4464 3061.5910
  6   520.5833  1356.2109  1306.739  2252.0135  2953.3341  1648.4488 2088.6224
  7   179.6948   259.2104   355.015   558.8997  1086.8730   744.6915  491.7399
  8   133.1358   196.4131   309.046   511.1995   659.2284   533.0739  904.3170
   year
age       2015       2016
  1  6973.2732  2077.7067
  2 17338.7646 18783.6108
  3  5064.8510  8399.0174
  4  5999.9115  4529.6955
  5  1602.2593  2504.4139
  6  2952.5368  1593.6145
  7   988.9067   946.3950
  8  1263.0819   953.6436


TABLE 7.6.3.19 Irish Sea Herring. INDEX AT AGE RESIDUALS Fleet 1

Units  :  NA 
   year
age     1980       1981       1982      1983       1984       1985      1986
  1 0.752343  0.3471130  0.3031770 -1.096380 -0.6901550 -0.0541972 0.3776650
  2 1.976600 -0.1552560 -0.3015160 -0.859845 -1.3684300  0.1185770 0.6749830
  3 2.313700 -0.9480430 -0.7356840 -1.214730 -0.9270140  1.0914900 0.3017880
  4 0.588157 -0.0021658 -0.0212464 -1.041320 -1.1300400  1.3218700 0.3826720
  5 1.681220 -0.0313673 -2.1608100 -1.352570 -0.0961044  1.3800700 0.0450313
  6 0.468154 -0.7092400 -0.4517670 -0.451454 -1.1013600  0.8841590 0.3040830
  7 0.206771 -0.1542050 -0.2598560 -0.129628  0.1416450  1.2036600 0.2451260
  8 0.136051 -0.0898699  0.7189980 -1.995520 -0.1068760 -0.2382530 0.1880840
   year
age       1987       1988      1989       1990       1991      1992       1993
  1 -0.8991220  0.2836450 -1.010930  0.0101318  0.3914360  1.147180 -0.7989010
  2 -0.2401270 -0.0233737 -0.771023  0.0899018 -0.1046800  0.202685 -0.7904110
  3 -0.4528060  0.7825010 -0.442134 -0.0446633 -0.3382700  0.262952 -0.3722760
  4 -0.7197640  1.0752000 -0.427684  0.1403500 -0.6026670  0.794222 -0.2881730
  5 -0.1076350  1.3531900 -0.717537  0.1311010 -0.4183370  0.538134 -0.2121880
  6 -0.0974530  1.4084800 -0.355785  0.2690350 -0.7038120  0.597130 -0.0184091
  7  0.0319438  0.2606940 -0.770105 -0.0958481 -0.3834100  0.254299  0.1871900
  8  0.4800590  1.3144100  0.324490  0.1597030 -0.0893096 -1.017840 -0.1668630
   year
age       1994       1995       1996      1997      1998       1999     2000
  1 -0.6752260  0.2327620  1.2540600 1.4847300 -0.231338  0.2590040 -0.12152
  2  0.2085950  0.2536210  0.5650030 1.8776600 -0.175322 -0.1286810 -1.37832
  3  0.1980600  0.1261930  0.1032980 0.6708460  0.111310  0.1261440 -1.02535
  4 -0.0913749 -0.2179720 -0.8540630 0.8474350  0.943468 -0.5107780 -1.19142
  5  0.2200000 -0.2126780 -0.3097850 0.6915210  1.561470 -0.2017990 -1.49509
  6  0.2662250 -0.3235600  0.1127020 0.0806978  1.114710  0.5549280 -1.80637
  7  0.6279480 -0.3492390  0.0656116 0.5113230  0.475433  0.4901240 -1.44051
  8  0.1084370  0.0537724 -0.1541690 0.1077410 -0.366622 -0.0107369 -1.18774
   year
age     2001       2002       2003      2004      2005      2006      2007
  1 0.523665 -2.4228500 -1.5947000  0.158975  1.093460 -0.118364  0.820736
  2 1.344710  0.3024960 -0.8344130 -0.690301  0.615876  0.628776 -0.126112
  3 1.705610 -1.1842100 -0.5209960  0.607227  0.642334  0.651693 -0.601842
  4 1.744770 -0.4210010  0.6082130 -0.472250  0.669946  0.818242 -1.558810
  5 1.353300 -0.4725130 -0.0548398 -0.530183  0.554193  0.618774 -1.591260
  6 0.983181 -0.0387138  1.6177900 -1.556730  0.242473  0.465650 -1.131490
  7 0.780548  0.3271340 -0.0462451 -0.643909  0.234450  0.359817 -0.930040
  8 0.057771 -1.1662100  0.0207709 -1.460070 -0.363270 -0.144560 -0.436721
   year
age      2008       2010      2011       2012        2013       2014       2015
  1  0.612781  0.1902300  0.541697 -1.0431600  0.00282223  1.5592000 -1.6952500
  2 -0.798455 -0.0208728 -0.312061 -0.3270580  0.42693700 -0.0849817 -0.2968040
  3 -0.826370 -0.2832570 -0.211375  0.1204670  0.31973200 -0.0982751 -0.1145450
  4 -0.623803 -0.6984260 -0.252900  0.5912410 -0.19329900 -1.4305900  0.5208580
  5  0.283378 -0.2147320 -0.396691  0.6171860  0.04306120 -1.3309900  0.0160454
  6  0.627283 -0.8297860 -0.604350  0.1609130 -0.27189800 -1.8569100  0.8894710
  7  0.565286  0.0993052  0.506081  0.9151900 -0.42081700 -0.4424760  1.2699200
  8  0.228311 -1.2323900 -0.443531 -0.0264782 -0.99676900 -0.2059630 -0.3059680
   year
age       2016
  1  0.0759251
  2  0.0373730
  3 -0.8518230
  4  0.0807367
  5 -0.4808630
  6 -0.2753350
  7 -0.1314250
  8 -0.5482690


TABLE 7.6.3.20 Irish Sea Herring. PREDICTED INDEX AT AGE Fleet 2

Units  :  NA 
   year
age       1994       1995       1996        1997       1998       1999
  1 237304.641 167644.342 111168.239 162754.7914 236570.136  96105.325
  2  51565.081 136639.316  87316.960  59730.6161  85476.777 135103.982
  3  66058.765  17877.353  49741.755  28807.7579  18735.211  30363.606
  4  10541.762  31225.801   8431.669  23362.7932  12538.761   8143.945
  5  10116.368   5487.181  16236.710   4424.8427  11752.603   5924.787
  6   7406.328   5126.405   2801.135   8054.5304   2299.024   5649.374
  7   3314.825   3569.390   2329.805    976.3001   3269.525   1092.692
  8   6411.253   4732.316   3623.697   1968.9191   1021.850   1885.711
   year
age      2000       2001       2002        2003        2004        2005
  1 94485.343 127490.866 109963.085 205972.9235 198114.4157 222904.7881
  2 53631.937  53685.595  70537.517  66882.9931 126310.6970 117008.2823
  3 50096.178  18827.428  17181.354  23576.3649  23982.9874  48639.9262
  4 13878.831  23111.833   7692.722   6850.9321   9825.1431  10302.8929
  5  4260.151   7275.880  11448.569   3525.0856   3178.5170   4773.4281
  6  2752.817   2259.661   3517.761   5496.7924   1654.2946   1599.7938
  7  2948.819   1240.736   1026.428   1016.2148   2180.5229    758.0732
  8  1554.470   2071.007   1358.994    685.6519    578.0093   1225.3478
   year
age        2006        2007       2008       2009       2010       2011
  1 391523.1797 605191.3694 314896.723 422143.254 497325.490 293167.677
  2 132999.4138 239545.8217 356539.389 190041.928 262892.373 307983.041
  3  41348.8546  49325.6742  91381.653 134928.461  71948.078  97772.634
  4  22554.7282  19963.6820  25059.293  47103.378  64796.055  34856.677
  5   4934.2699  12567.0049  12104.348  14826.628  26887.049  35846.457
  6   2272.1914   2659.2782   7340.263   6861.422   8294.683  15017.929
  7    776.7977   1222.7284   1629.975   4336.401   4154.220   4949.936
  8    899.7977    905.9191   1235.079   1773.837   3616.348   4527.477
   year
age       2012       2013       2014      2015      2016
  1 392817.340 253064.582 476536.691 485726.02 144307.25
  2 173494.296 253317.773 163325.431 294048.50 319975.59
  3 121006.555  65907.004 100137.548  68377.56 123525.14
  4  49399.718  60060.040  31448.294  50721.24  38622.88
  5  20839.385  28495.458  35614.210  19328.58  31514.40
  6  20274.921  11834.686  15626.446  21489.94  11745.55
  7   9157.331  12465.873   7295.332   9613.08  13543.61
  8   5554.257   8923.469  13416.358  12278.32  13647.34


TABLE 7.6.3.21 Irish Sea Herring. INDEX AT AGE RESIDUALS Fleet 2

Units  :  NA 
   year
age       1994      1995       1996       1997      1998      1999      2000
  1 -1.3859400  0.703991 -2.4966500 -0.2113970 -0.833154  0.542070 -0.202368
  2  0.4494620 -0.811929 -1.1567700 -0.2852020 -1.825410 -0.884669  1.050870
  3  0.1713450 -0.646460  0.4878620 -1.0642700 -1.344950  0.181746  1.188360
  4  0.1885140 -0.104749  0.0961634 -1.2073400 -0.483931 -0.746300  1.096550
  5 -0.1347900 -0.291220  0.7818730 -1.4831900 -0.952760  0.878530  1.022500
  6  0.0240815 -0.478328  0.4989880 -0.7149600 -0.322101  1.093780  0.851866
  7  0.1931100  0.393781  1.1668900 -0.6722630 -0.466165  0.466954  0.636222
  8  0.5718500  0.471553  0.5927550 -0.0380738 -0.338495  1.509630  0.522762
   year
age       2001      2002       2003      2004      2005       2006       2007
  1  1.2160000 1.3874100  0.5774080  0.214327 -0.940588 -0.0479686  0.8501810
  2  0.8860320 0.0313177  1.9050200 -0.142691 -0.099759 -0.5111430  0.0765446
  3 -0.9815630 0.9799810  0.4880010  0.336302  1.106200 -1.5569100 -0.0920281
  4 -0.4460330 1.8730600 -0.5910160  0.718831  0.803373 -1.3041500  0.0886467
  5  0.0914801 1.6079300  0.1702990 -0.688472  0.831948 -3.5695200  0.8075420
  6 -0.6253390 1.8033200 -0.3708200  0.412466 -0.853013 -2.2781900 -0.9973120
  7 -0.8574140 1.2379100 -0.0493188 -2.776190 -0.278553 -0.6085750 -0.6672410
  8  0.1111220 1.4897500  0.3492610 -1.101610  1.949330 -0.8166320 -0.6118520
   year
age      2008       2009      2010      2011       2012      2013       2014
  1  0.451130 -0.1405340 0.1693470  2.059420 -0.0681443 -1.015210 -0.5073070
  2  0.380916 -0.0635223 1.2134600  0.111287  0.1613910  0.189956  0.2693070
  3  0.356848  0.4415460 0.7875110 -1.282810  0.4566100  0.341799  0.3846410
  4  0.710780  1.0839200 0.9963140 -1.351400  0.0623725 -0.159969 -0.0920135
  5  1.245790  1.2551300 0.3908060 -0.788729  0.0605387  0.588096  0.3036630
  6  1.057240  0.9861930 0.8814940 -1.087170 -0.0627443  0.159513  0.1305600
  7  1.202320  1.4635300 0.0536716 -0.752728  0.3497560 -0.141844  0.0915191
  8 -0.906944  1.6972100 0.7257820 -1.049950 -0.7196280 -0.345042 -0.0905707
   year
age       2015       2016
  1  0.0137607 -0.1015170
  2 -1.1663000  0.5431340
  3 -1.6000600  1.1731400
  4 -1.7471700  1.6773500
  5 -1.0008400  0.0360739
  6 -1.0972700  0.5565860
  7 -2.0385900 -0.6354910
  8 -1.3028300 -0.8292650


TABLE 7.6.3.22 Irish Sea Herring. PREDICTED INDEX AT AGE Fleet 3

Units  :  NA 
   year
age     2007     2008     2009     2010     2011     2012     2013     2014
  8 17715.23 22274.55 22074.98 24091.15 25471.11 22797.36 21643.27 25306.08
   year
age     2015    2016
  8 24570.46 25866.4


TABLE 7.6.3.23 Irish Sea Herring. INDEX AT AGE RESIDUALS Fleet 3

Units  :  NA 
   year
age    2007     2008    2009    2010    2011   2012    2013     2014    2015
  8 1.56224 0.999425 1.97106 2.10816 1.40418 1.3059 2.62769 0.182137 1.42033
   year
age   2016
  8 1.6679



TABLE 7.6.3.25 Irish Sea Herring. FIT PARAMETERS

           name    value  std.dev
1       logFpar  0.94239 0.213210
2       logFpar  1.08950 0.160730
3       logFpar  0.70014 0.162250
4       logFpar  0.57126 0.140840
5  logSdLogFsta -1.71590 0.447290
6  logSdLogFsta -1.65980 0.330400
7  logSdLogFsta -2.05960 0.503630
8  logSdLogFsta -0.66997 0.227270
9     logSdLogN -1.94560 0.570630
10  logSdLogObs -0.16396 0.143870
11  logSdLogObs -0.92524 0.128960
12  logSdLogObs -0.87618 0.108830
13  logSdLogObs -0.08958 0.160920
14  logSdLogObs -0.46995 0.080642
15  logSdLogObs -0.22486 0.101690


TABLE 7.6.3.26 Irish Sea Herring. NEGATIVE LOG-LIKELIHOOD

487.441


