TABLE 2.7.1 NORTH SEA HERRING. WEIGHTS AT AGE IN THE CATCH

Units  :  kg 
, , unit = A

   year
age      2015      2016      2017      2018      2019      2020
  0 0.0087000 0.0071000 0.0090000 0.0000000 0.0000000 0.0000000
  1 0.0261000 0.0265000 0.0380000 0.0832800 0.0832800 0.0832800
  2 0.1135000 0.1267000 0.0990000 0.1136900 0.1136900 0.1136900
  3 0.1538000 0.1549000 0.1560000 0.1561400 0.1561400 0.1561400
  4 0.1883000 0.1803000 0.1730000 0.1732200 0.1732200 0.1732200
  5 0.2001000 0.2059000 0.1880000 0.1884900 0.1884900 0.1884900
  6 0.2212000 0.2151000 0.2150000 0.2145200 0.2145200 0.2145200
  7 0.2170000 0.2313000 0.2200000 0.2203100 0.2203100 0.2203100
  8 0.2347182 0.2299244 0.2305184 0.2307355 0.2307355 0.2307355

, , unit = B

   year
age      2015      2016      2017       2018       2019       2020
  0 0.0087000 0.0071000 0.0090000 0.00890000 0.00890000 0.00890000
  1 0.0261000 0.0265000 0.0380000 0.02636988 0.02636988 0.02636988
  2 0.1135000 0.1267000 0.0990000 0.02479000 0.02479000 0.02479000
  3 0.1538000 0.1549000 0.1560000 0.07500000 0.07500000 0.07500000
  4 0.1883000 0.1803000 0.1730000 0.00000000 0.00000000 0.00000000
  5 0.2001000 0.2059000 0.1880000 0.00000000 0.00000000 0.00000000
  6 0.2212000 0.2151000 0.2150000 0.00000000 0.00000000 0.00000000
  7 0.2170000 0.2313000 0.2200000 0.00000000 0.00000000 0.00000000
  8 0.2347182 0.2299244 0.2305184 0.00000000 0.00000000 0.00000000

, , unit = C

   year
age      2015      2016      2017    2018    2019    2020
  0 0.0087000 0.0071000 0.0090000 0.03380 0.03380 0.03380
  1 0.0261000 0.0265000 0.0380000 0.05160 0.05160 0.05160
  2 0.1135000 0.1267000 0.0990000 0.08015 0.08015 0.08015
  3 0.1538000 0.1549000 0.1560000 0.10318 0.10318 0.10318
  4 0.1883000 0.1803000 0.1730000 0.13839 0.13839 0.13839
  5 0.2001000 0.2059000 0.1880000 0.17196 0.17196 0.17196
  6 0.2212000 0.2151000 0.2150000 0.15292 0.15292 0.15292
  7 0.2170000 0.2313000 0.2200000 0.14710 0.14710 0.14710
  8 0.2347182 0.2299244 0.2305184 0.15980 0.15980 0.15980

, , unit = D

   year
age      2015      2016      2017       2018       2019       2020
  0 0.0087000 0.0071000 0.0090000 0.00890000 0.00890000 0.00890000
  1 0.0261000 0.0265000 0.0380000 0.02636988 0.02636988 0.02636988
  2 0.1135000 0.1267000 0.0990000 0.02479000 0.02479000 0.02479000
  3 0.1538000 0.1549000 0.1560000 0.07500000 0.07500000 0.07500000
  4 0.1883000 0.1803000 0.1730000 0.00000000 0.00000000 0.00000000
  5 0.2001000 0.2059000 0.1880000 0.00000000 0.00000000 0.00000000
  6 0.2212000 0.2151000 0.2150000 0.00000000 0.00000000 0.00000000
  7 0.2170000 0.2313000 0.2200000 0.00000000 0.00000000 0.00000000
  8 0.2347182 0.2299244 0.2305184 0.00000000 0.00000000 0.00000000



TABLE 2.7.2 NORTH SEA HERRING. WEIGHTS AT AGE IN THE STOCK

Units  :  kg 
, , unit = A

   year
age        2015       2016        2017        2018        2019        2020
  0 0.005333333 0.00500000 0.004166667 0.004166667 0.004166667 0.004166667
  1 0.043666667 0.04333333 0.042866667 0.042866667 0.042866667 0.042866667
  2 0.127333333 0.12100000 0.110866667 0.110866667 0.110866667 0.110866667
  3 0.161333333 0.16033333 0.153166667 0.153166667 0.153166667 0.153166667
  4 0.200000000 0.18866667 0.182966667 0.182966667 0.182966667 0.182966667
  5 0.211666667 0.21600000 0.207100000 0.207100000 0.207100000 0.207100000
  6 0.224666667 0.22433333 0.226533333 0.226533333 0.226533333 0.226533333
  7 0.229000000 0.22433333 0.227066667 0.227066667 0.227066667 0.227066667
  8 0.239358137 0.23372066 0.229232697 0.229232697 0.229232697 0.229232697

, , unit = B

   year
age        2015       2016        2017        2018        2019        2020
  0 0.005333333 0.00500000 0.004166667 0.004166667 0.004166667 0.004166667
  1 0.043666667 0.04333333 0.042866667 0.042866667 0.042866667 0.042866667
  2 0.127333333 0.12100000 0.110866667 0.110866667 0.110866667 0.110866667
  3 0.161333333 0.16033333 0.153166667 0.153166667 0.153166667 0.153166667
  4 0.200000000 0.18866667 0.182966667 0.182966667 0.182966667 0.182966667
  5 0.211666667 0.21600000 0.207100000 0.207100000 0.207100000 0.207100000
  6 0.224666667 0.22433333 0.226533333 0.226533333 0.226533333 0.226533333
  7 0.229000000 0.22433333 0.227066667 0.227066667 0.227066667 0.227066667
  8 0.239358137 0.23372066 0.229232697 0.229232697 0.229232697 0.229232697

, , unit = C

   year
age        2015       2016        2017        2018        2019        2020
  0 0.005333333 0.00500000 0.004166667 0.004166667 0.004166667 0.004166667
  1 0.043666667 0.04333333 0.042866667 0.042866667 0.042866667 0.042866667
  2 0.127333333 0.12100000 0.110866667 0.110866667 0.110866667 0.110866667
  3 0.161333333 0.16033333 0.153166667 0.153166667 0.153166667 0.153166667
  4 0.200000000 0.18866667 0.182966667 0.182966667 0.182966667 0.182966667
  5 0.211666667 0.21600000 0.207100000 0.207100000 0.207100000 0.207100000
  6 0.224666667 0.22433333 0.226533333 0.226533333 0.226533333 0.226533333
  7 0.229000000 0.22433333 0.227066667 0.227066667 0.227066667 0.227066667
  8 0.239358137 0.23372066 0.229232697 0.229232697 0.229232697 0.229232697

, , unit = D

   year
age        2015       2016        2017        2018        2019        2020
  0 0.005333333 0.00500000 0.004166667 0.004166667 0.004166667 0.004166667
  1 0.043666667 0.04333333 0.042866667 0.042866667 0.042866667 0.042866667
  2 0.127333333 0.12100000 0.110866667 0.110866667 0.110866667 0.110866667
  3 0.161333333 0.16033333 0.153166667 0.153166667 0.153166667 0.153166667
  4 0.200000000 0.18866667 0.182966667 0.182966667 0.182966667 0.182966667
  5 0.211666667 0.21600000 0.207100000 0.207100000 0.207100000 0.207100000
  6 0.224666667 0.22433333 0.226533333 0.226533333 0.226533333 0.226533333
  7 0.229000000 0.22433333 0.227066667 0.227066667 0.227066667 0.227066667
  8 0.239358137 0.23372066 0.229232697 0.229232697 0.229232697 0.229232697



TABLE 2.7.3 NORTH SEA HERRING. STOCK IN NUMBER

Units  :  NA 
, , unit = A

   year
age             2015             2016             2017             2018 2019
  0 16511026.9996411 32129417.7921561 18857231.1183568 35955392.0745916     
  1 25065473.3700342 6640201.83877995 12311667.1019574 7753230.85417192     
  2 11108581.5253022 13984842.5181215 2919422.10010407 6137290.42042748     
  3 3447777.98304374 7424741.70358477 8232442.86029803 1791680.98671764     
  4 2173453.83712918 2050789.21208364 4631050.89636596 4717053.12602548     
  5 2188577.97499005  1313156.4517198 1265268.11756404 2507416.79489529     
  6 1415655.15445233 1199774.05882296 602438.831716737 694071.230678746     
  7 785777.996896663 690979.818589453 506481.562292275 293407.970512959     
  8 831088.753727277 707595.937564952 503526.488064595 383976.452004717     
   year
age 2020
  0     
  1     
  2     
  3     
  4     
  5     
  6     
  7     
  8     

, , unit = B

   year
age             2015             2016             2017             2018 2019
  0 16511026.9996411 32129417.7921561 18857231.1183568 35955392.0745916     
  1 25065473.3700342 6640201.83877995 12311667.1019574 7753230.85417192     
  2 11108581.5253022 13984842.5181215 2919422.10010407 6137290.42042748     
  3 3447777.98304374 7424741.70358477 8232442.86029803 1791680.98671764     
  4 2173453.83712918 2050789.21208364 4631050.89636596 4717053.12602548     
  5 2188577.97499005  1313156.4517198 1265268.11756404 2507416.79489529     
  6 1415655.15445233 1199774.05882296 602438.831716737 694071.230678746     
  7 785777.996896663 690979.818589453 506481.562292275 293407.970512959     
  8 831088.753727277 707595.937564952 503526.488064595 383976.452004717     
   year
age 2020
  0     
  1     
  2     
  3     
  4     
  5     
  6     
  7     
  8     

, , unit = C

   year
age             2015             2016             2017             2018 2019
  0 16511026.9996411 32129417.7921561 18857231.1183568 35955392.0745916     
  1 25065473.3700342 6640201.83877995 12311667.1019574 7753230.85417192     
  2 11108581.5253022 13984842.5181215 2919422.10010407 6137290.42042748     
  3 3447777.98304374 7424741.70358477 8232442.86029803 1791680.98671764     
  4 2173453.83712918 2050789.21208364 4631050.89636596 4717053.12602548     
  5 2188577.97499005  1313156.4517198 1265268.11756404 2507416.79489529     
  6 1415655.15445233 1199774.05882296 602438.831716737 694071.230678746     
  7 785777.996896663 690979.818589453 506481.562292275 293407.970512959     
  8 831088.753727277 707595.937564952 503526.488064595 383976.452004717     
   year
age 2020
  0     
  1     
  2     
  3     
  4     
  5     
  6     
  7     
  8     

, , unit = D

   year
age             2015             2016             2017             2018 2019
  0 16511026.9996411 32129417.7921561 18857231.1183568 35955392.0745916     
  1 25065473.3700342 6640201.83877995 12311667.1019574 7753230.85417192     
  2 11108581.5253022 13984842.5181215 2919422.10010407 6137290.42042748     
  3 3447777.98304374 7424741.70358477 8232442.86029803 1791680.98671764     
  4 2173453.83712918 2050789.21208364 4631050.89636596 4717053.12602548     
  5 2188577.97499005  1313156.4517198 1265268.11756404 2507416.79489529     
  6 1415655.15445233 1199774.05882296 602438.831716737 694071.230678746     
  7 785777.996896663 690979.818589453 506481.562292275 293407.970512959     
  8 831088.753727277 707595.937564952 503526.488064595 383976.452004717     
   year
age 2020
  0     
  1     
  2     
  3     
  4     
  5     
  6     
  7     
  8     



TABLE 2.7.4 NORTH SEA HERRING. FISHING MORTALITY AT AGE IN THE STOCK

Units  :  f 
, , unit = A

   year
age                2015                2016                2017
  0                   0                   0                   0
  1 0.00235752381309199 0.00237837912962472 0.00209624935679498
  2  0.0468542971932516  0.0484718867965845  0.0424696678015855
  3   0.112481382997738   0.133397202857339   0.134496112192525
  4   0.179344167504197   0.207146079010809   0.205559632938541
  5   0.256902943301453   0.287024755107685   0.259118659224773
  6    0.38227770571658   0.462446781790524   0.381700725658756
  7   0.531971814663297   0.705009172402765   0.595433111633169
  8   0.531971814663297   0.705009172402765   0.595433111633169
   year
age                2018 2019 2020
  0                   0          
  1 0.00388728691092499          
  2  0.0787559371406744          
  3     0.2494105911439          
  4   0.381191893826285          
  5   0.480512974267604          
  6   0.707824810613669          
  7    1.10417175683298          
  8    1.10417175683298          

, , unit = B

   year
age                 2015                2016                  2017
  0   0.0476882636402193  0.0609792463917668    0.0425136839419978
  1   0.0181184148006176  0.0215539078043819    0.0145388447690874
  2  0.00284707743541558 0.00310448723764963   0.00194004870623589
  3 0.000129183657368612 0.00012282743761211 0.0000559927260933791
  4 0.000129183657368612 0.00012282743761211 0.0000559927260933791
  5 0.000129183657368612 0.00012282743761211 0.0000559927260933791
  6                    0                   0                     0
  7                    0                   0                     0
  8                    0                   0                     0
   year
age                 2018 2019 2020
  0   0.0268836549336379          
  1  0.00919865999408799          
  2  0.00122848053785034          
  3 0.000035473245187649          
  4 0.000035473245187649          
  5 0.000035473245187649          
  6                    0          
  7                    0          
  8                    0          

, , unit = C

   year
age                 2015                 2016                 2017
  0                    0                    0                    0
  1   0.0106459883928781  0.00686417920563443  0.00852730567924491
  2   0.0124284823371918  0.00891285261575792   0.0105051593369957
  3  0.00209983573524356 0.000767836820858002   0.0012625890478029
  4 0.000851996395229878 0.000311545561150597 0.000512288762508613
  5 0.000851996395229878 0.000311545561150597 0.000512288762508613
  6 0.000851996395229878 0.000311545561150597 0.000512288762508613
  7                    0                    0                    0
  8                    0                    0                    0
   year
age                 2018 2019 2020
  0                    0          
  1  0.00952354199057706          
  2   0.0117328694433836          
  3  0.00140983766412804          
  4 0.000572034102195813          
  5 0.000572034102195813          
  6 0.000572034102195813          
  7                    0          
  8                    0          

, , unit = D

   year
age                 2015                2016                  2017
  0   0.0476882636402193  0.0609792463917668    0.0425136839419978
  1   0.0181184148006176  0.0215539078043819    0.0145388447690874
  2  0.00284707743541558 0.00310448723764963   0.00194004870623589
  3 0.000129183657368612 0.00012282743761211 0.0000559927260933791
  4 0.000129183657368612 0.00012282743761211 0.0000559927260933791
  5 0.000129183657368612 0.00012282743761211 0.0000559927260933791
  6                    0                   0                     0
  7                    0                   0                     0
  8                    0                   0                     0
   year
age                   2018 2019 2020
  0    0.00692464282364107          
  1    0.00236937407031939          
  2   0.000316429777178997          
  3 0.00000913713382076484          
  4 0.00000913713382076484          
  5 0.00000913713382076484          
  6                      0          
  7                      0          
  8                      0          



TABLE 2.7.5 NORTH SEA HERRING. NATURAL MORTALITY

Units  :  NA 
, , unit = A

   year
age      2015      2016      2017      2018      2019      2020
  0 0.8891311 0.8495409 0.8873620 0.9003324 0.9003324 0.9003324
  1 0.6716350 0.6800092 0.6725878 0.6709887 0.6709887 0.6709887
  2 0.4398892 0.4419012 0.4402272 0.4400840 0.4400840 0.4400840
  3 0.3893188 0.3873211 0.3892692 0.3900540 0.3900540 0.3900540
  4 0.3781232 0.3783272 0.3779935 0.3777306 0.3777306 0.3777306
  5 0.3628765 0.3639009 0.3627596 0.3621829 0.3621829 0.3621829
  6 0.3532930 0.3562775 0.3532380 0.3519736 0.3519736 0.3519736
  7 0.3475198 0.3523502 0.3475167 0.3455860 0.3455860 0.3455860
  8 0.3377392 0.3430125 0.3378075 0.3358235 0.3358235 0.3358235

, , unit = B

   year
age      2015      2016      2017      2018      2019      2020
  0 0.8891311 0.8495409 0.8873620 0.9003324 0.9003324 0.9003324
  1 0.6716350 0.6800092 0.6725878 0.6709887 0.6709887 0.6709887
  2 0.4398892 0.4419012 0.4402272 0.4400840 0.4400840 0.4400840
  3 0.3893188 0.3873211 0.3892692 0.3900540 0.3900540 0.3900540
  4 0.3781232 0.3783272 0.3779935 0.3777306 0.3777306 0.3777306
  5 0.3628765 0.3639009 0.3627596 0.3621829 0.3621829 0.3621829
  6 0.3532930 0.3562775 0.3532380 0.3519736 0.3519736 0.3519736
  7 0.3475198 0.3523502 0.3475167 0.3455860 0.3455860 0.3455860
  8 0.3377392 0.3430125 0.3378075 0.3358235 0.3358235 0.3358235

, , unit = C

   year
age      2015      2016      2017      2018      2019      2020
  0 0.8891311 0.8495409 0.8873620 0.9003324 0.9003324 0.9003324
  1 0.6716350 0.6800092 0.6725878 0.6709887 0.6709887 0.6709887
  2 0.4398892 0.4419012 0.4402272 0.4400840 0.4400840 0.4400840
  3 0.3893188 0.3873211 0.3892692 0.3900540 0.3900540 0.3900540
  4 0.3781232 0.3783272 0.3779935 0.3777306 0.3777306 0.3777306
  5 0.3628765 0.3639009 0.3627596 0.3621829 0.3621829 0.3621829
  6 0.3532930 0.3562775 0.3532380 0.3519736 0.3519736 0.3519736
  7 0.3475198 0.3523502 0.3475167 0.3455860 0.3455860 0.3455860
  8 0.3377392 0.3430125 0.3378075 0.3358235 0.3358235 0.3358235

, , unit = D

   year
age      2015      2016      2017      2018      2019      2020
  0 0.8891311 0.8495409 0.8873620 0.9003324 0.9003324 0.9003324
  1 0.6716350 0.6800092 0.6725878 0.6709887 0.6709887 0.6709887
  2 0.4398892 0.4419012 0.4402272 0.4400840 0.4400840 0.4400840
  3 0.3893188 0.3873211 0.3892692 0.3900540 0.3900540 0.3900540
  4 0.3781232 0.3783272 0.3779935 0.3777306 0.3777306 0.3777306
  5 0.3628765 0.3639009 0.3627596 0.3621829 0.3621829 0.3621829
  6 0.3532930 0.3562775 0.3532380 0.3519736 0.3519736 0.3519736
  7 0.3475198 0.3523502 0.3475167 0.3455860 0.3455860 0.3455860
  8 0.3377392 0.3430125 0.3378075 0.3358235 0.3358235 0.3358235



TABLE 2.7.6 NORTH SEA HERRING. PROPORTION MATURE

Units  :  NA 
, , unit = A

   year
age 2015 2016 2017      2018      2019      2020
  0 0.00 0.00 0.00 0.0000000 0.0000000 0.0000000
  1 0.00 0.00 0.00 0.0000000 0.0000000 0.0000000
  2 0.70 0.71 0.55 0.6533333 0.6533333 0.6533333
  3 0.90 0.89 0.96 0.9166667 0.9166667 0.9166667
  4 0.96 0.95 0.97 0.9600000 0.9600000 0.9600000
  5 1.00 1.00 1.00 1.0000000 1.0000000 1.0000000
  6 1.00 1.00 1.00 1.0000000 1.0000000 1.0000000
  7 1.00 1.00 1.00 1.0000000 1.0000000 1.0000000
  8 1.00 1.00 1.00 1.0000000 1.0000000 1.0000000

, , unit = B

   year
age 2015 2016 2017      2018      2019      2020
  0 0.00 0.00 0.00 0.0000000 0.0000000 0.0000000
  1 0.00 0.00 0.00 0.0000000 0.0000000 0.0000000
  2 0.70 0.71 0.55 0.6533333 0.6533333 0.6533333
  3 0.90 0.89 0.96 0.9166667 0.9166667 0.9166667
  4 0.96 0.95 0.97 0.9600000 0.9600000 0.9600000
  5 1.00 1.00 1.00 1.0000000 1.0000000 1.0000000
  6 1.00 1.00 1.00 1.0000000 1.0000000 1.0000000
  7 1.00 1.00 1.00 1.0000000 1.0000000 1.0000000
  8 1.00 1.00 1.00 1.0000000 1.0000000 1.0000000

, , unit = C

   year
age 2015 2016 2017      2018      2019      2020
  0 0.00 0.00 0.00 0.0000000 0.0000000 0.0000000
  1 0.00 0.00 0.00 0.0000000 0.0000000 0.0000000
  2 0.70 0.71 0.55 0.6533333 0.6533333 0.6533333
  3 0.90 0.89 0.96 0.9166667 0.9166667 0.9166667
  4 0.96 0.95 0.97 0.9600000 0.9600000 0.9600000
  5 1.00 1.00 1.00 1.0000000 1.0000000 1.0000000
  6 1.00 1.00 1.00 1.0000000 1.0000000 1.0000000
  7 1.00 1.00 1.00 1.0000000 1.0000000 1.0000000
  8 1.00 1.00 1.00 1.0000000 1.0000000 1.0000000

, , unit = D

   year
age 2015 2016 2017      2018      2019      2020
  0 0.00 0.00 0.00 0.0000000 0.0000000 0.0000000
  1 0.00 0.00 0.00 0.0000000 0.0000000 0.0000000
  2 0.70 0.71 0.55 0.6533333 0.6533333 0.6533333
  3 0.90 0.89 0.96 0.9166667 0.9166667 0.9166667
  4 0.96 0.95 0.97 0.9600000 0.9600000 0.9600000
  5 1.00 1.00 1.00 1.0000000 1.0000000 1.0000000
  6 1.00 1.00 1.00 1.0000000 1.0000000 1.0000000
  7 1.00 1.00 1.00 1.0000000 1.0000000 1.0000000
  8 1.00 1.00 1.00 1.0000000 1.0000000 1.0000000



TABLE 2.7.7 NORTH SEA HERRING. FRACTION OF HARVEST BEFORE SPAWNING

Units  :  NA 
, , unit = A

   year
age 2015 2016 2017 2018 2019 2020
  0 0.67 0.67 0.67 0.67 0.67 0.67
  1 0.67 0.67 0.67 0.67 0.67 0.67
  2 0.67 0.67 0.67 0.67 0.67 0.67
  3 0.67 0.67 0.67 0.67 0.67 0.67
  4 0.67 0.67 0.67 0.67 0.67 0.67
  5 0.67 0.67 0.67 0.67 0.67 0.67
  6 0.67 0.67 0.67 0.67 0.67 0.67
  7 0.67 0.67 0.67 0.67 0.67 0.67
  8 0.67 0.67 0.67 0.67 0.67 0.67

, , unit = B

   year
age 2015 2016 2017 2018 2019 2020
  0 0.67 0.67 0.67 0.67 0.67 0.67
  1 0.67 0.67 0.67 0.67 0.67 0.67
  2 0.67 0.67 0.67 0.67 0.67 0.67
  3 0.67 0.67 0.67 0.67 0.67 0.67
  4 0.67 0.67 0.67 0.67 0.67 0.67
  5 0.67 0.67 0.67 0.67 0.67 0.67
  6 0.67 0.67 0.67 0.67 0.67 0.67
  7 0.67 0.67 0.67 0.67 0.67 0.67
  8 0.67 0.67 0.67 0.67 0.67 0.67

, , unit = C

   year
age 2015 2016 2017 2018 2019 2020
  0 0.67 0.67 0.67 0.67 0.67 0.67
  1 0.67 0.67 0.67 0.67 0.67 0.67
  2 0.67 0.67 0.67 0.67 0.67 0.67
  3 0.67 0.67 0.67 0.67 0.67 0.67
  4 0.67 0.67 0.67 0.67 0.67 0.67
  5 0.67 0.67 0.67 0.67 0.67 0.67
  6 0.67 0.67 0.67 0.67 0.67 0.67
  7 0.67 0.67 0.67 0.67 0.67 0.67
  8 0.67 0.67 0.67 0.67 0.67 0.67

, , unit = D

   year
age 2015 2016 2017 2018 2019 2020
  0 0.67 0.67 0.67 0.67 0.67 0.67
  1 0.67 0.67 0.67 0.67 0.67 0.67
  2 0.67 0.67 0.67 0.67 0.67 0.67
  3 0.67 0.67 0.67 0.67 0.67 0.67
  4 0.67 0.67 0.67 0.67 0.67 0.67
  5 0.67 0.67 0.67 0.67 0.67 0.67
  6 0.67 0.67 0.67 0.67 0.67 0.67
  7 0.67 0.67 0.67 0.67 0.67 0.67
  8 0.67 0.67 0.67 0.67 0.67 0.67



TABLE 2.7.8 NORTH SEA HERRING. FRACTION OF NATURAL MORTALITY BEFORE SPAWNING

Units  :  NA 
, , unit = A

   year
age 2015 2016 2017 2018 2019 2020
  0 0.67 0.67 0.67 0.67 0.67 0.67
  1 0.67 0.67 0.67 0.67 0.67 0.67
  2 0.67 0.67 0.67 0.67 0.67 0.67
  3 0.67 0.67 0.67 0.67 0.67 0.67
  4 0.67 0.67 0.67 0.67 0.67 0.67
  5 0.67 0.67 0.67 0.67 0.67 0.67
  6 0.67 0.67 0.67 0.67 0.67 0.67
  7 0.67 0.67 0.67 0.67 0.67 0.67
  8 0.67 0.67 0.67 0.67 0.67 0.67

, , unit = B

   year
age 2015 2016 2017 2018 2019 2020
  0 0.67 0.67 0.67 0.67 0.67 0.67
  1 0.67 0.67 0.67 0.67 0.67 0.67
  2 0.67 0.67 0.67 0.67 0.67 0.67
  3 0.67 0.67 0.67 0.67 0.67 0.67
  4 0.67 0.67 0.67 0.67 0.67 0.67
  5 0.67 0.67 0.67 0.67 0.67 0.67
  6 0.67 0.67 0.67 0.67 0.67 0.67
  7 0.67 0.67 0.67 0.67 0.67 0.67
  8 0.67 0.67 0.67 0.67 0.67 0.67

, , unit = C

   year
age 2015 2016 2017 2018 2019 2020
  0 0.67 0.67 0.67 0.67 0.67 0.67
  1 0.67 0.67 0.67 0.67 0.67 0.67
  2 0.67 0.67 0.67 0.67 0.67 0.67
  3 0.67 0.67 0.67 0.67 0.67 0.67
  4 0.67 0.67 0.67 0.67 0.67 0.67
  5 0.67 0.67 0.67 0.67 0.67 0.67
  6 0.67 0.67 0.67 0.67 0.67 0.67
  7 0.67 0.67 0.67 0.67 0.67 0.67
  8 0.67 0.67 0.67 0.67 0.67 0.67

, , unit = D

   year
age 2015 2016 2017 2018 2019 2020
  0 0.67 0.67 0.67 0.67 0.67 0.67
  1 0.67 0.67 0.67 0.67 0.67 0.67
  2 0.67 0.67 0.67 0.67 0.67 0.67
  3 0.67 0.67 0.67 0.67 0.67 0.67
  4 0.67 0.67 0.67 0.67 0.67 0.67
  5 0.67 0.67 0.67 0.67 0.67 0.67
  6 0.67 0.67 0.67 0.67 0.67 0.67
  7 0.67 0.67 0.67 0.67 0.67 0.67
  8 0.67 0.67 0.67 0.67 0.67 0.67




TABLE 2.7.9 NORTH SEA HERRING. Recruitment in 2019

32756270


TABLE 2.7.10 NORTH SEA HERRING. Recruitment in 2020

32756270


TABLE 2.7.11 NORTH SEA HERRING. FLR, R SOFTWARE VERSIONS

R version 3.6.3 (2020-02-29)

Package  : FLSAM
Version  : 2.1.0
Packaged : 2019-11-12 15:05:31 UTC; mosqu003
Built    : R 3.6.1; ; 2019-11-18 22:10:44 UTC; windows

Package  : FLCore
Version  : 2.6.14
Packaged : 2019-11-18 21:54:10 UTC; mosquia
Built    : R 3.6.1; ; 2019-11-18 22:11:38 UTC; windows


