data Species.n Quarter Year fleet Age observed model residual stand.residual
catch 1 1 1974 -9 0  -99.9 -99.9 -99.9  -99.9
catch 1 1 1974 -9 1  1.610106e+007 2.178735e+007 -3.024443e-001 -3.513460e-001
catch 1 1 1974 -9 2  2.155723e+006 2.719986e+006 -2.325005e-001 -2.245888e-001
catch 1 1 1974 -9 3  4.756133e+005 1.162963e+005 1.408464e+000 1.360536e+000
catch 1 1 1975 -9 0  2.509310e+005 1.214852e+006 -1.577199e+000 -1.115248e+000
catch 1 1 1975 -9 1  2.772351e+007 2.793310e+007 -7.531423e-003 -8.749166e-003
catch 1 1 1975 -9 2  1.005255e+007 7.267573e+006 3.244040e-001 3.133650e-001
catch 1 1 1975 -9 3  2.601818e+005 2.708151e+005 -4.005581e-002 -3.869276e-002
catch 1 1 1976 -9 0  2.143211e+006 5.861970e+005 1.296405e+000 9.166966e-001
catch 1 1 1976 -9 1  4.220983e+007 3.602399e+007 1.584681e-001 1.840906e-001
catch 1 1 1976 -9 2  2.888653e+006 4.028073e+006 -3.324976e-001 -3.211832e-001
catch 1 1 1976 -9 3  1.809126e+005 2.126331e+005 -1.615543e-001 -1.560568e-001
catch 1 1 1977 -9 0  2.690194e+006 9.996079e+005 9.900053e-001 7.000395e-001
catch 1 1 1977 -9 1  1.278606e+007 1.454002e+007 -1.285497e-001 -1.493347e-001
catch 1 1 1977 -9 2  5.181867e+006 4.373153e+006 1.696813e-001 1.639072e-001
catch 1 1 1977 -9 3  1.097122e+005 9.397860e+004 1.547938e-001 1.495264e-001
catch 1 1 1978 -9 0  4.540903e+005 1.100984e+006 -8.856639e-001 -6.262589e-001
catch 1 1 1978 -9 1  3.218452e+007 1.913828e+007 5.197954e-001 6.038402e-001
catch 1 1 1978 -9 2  4.274734e+005 1.625281e+006 -1.335544e+000 -1.290097e+000
catch 1 1 1978 -9 3  9.643467e+004 1.061177e+005 -9.568302e-002 -9.242704e-002
catch 1 1 1979 -9 0  3.579389e+006 3.686209e+005 2.273179e+000 1.607380e+000
catch 1 1 1979 -9 1  3.686680e+007 2.343580e+007 4.530468e-001 5.262992e-001
catch 1 1 1979 -9 2  6.440415e+005 2.947193e+006 -1.520845e+000 -1.469093e+000
catch 1 1 1979 -9 3  1.171390e+005 8.324525e+004 3.415706e-001 3.299473e-001
catch 1 1 1980 -9 0  -99.9 -99.9 -99.9  -99.9
catch 1 1 1980 -9 1  1.423756e+007 3.182315e+007 -8.043105e-001 -9.343581e-001
catch 1 1 1980 -9 2  1.742136e+007 1.641512e+007 5.949421e-002 5.746969e-002
catch 1 1 1980 -9 3  1.481066e+006 8.560824e+005 5.481509e-001 5.294980e-001
catch 1 1 1981 -9 0  4.287758e+005 1.056588e+005 1.400719e+000 9.904582e-001
catch 1 1 1981 -9 1  1.232243e+007 9.789552e+006 2.301056e-001 2.673110e-001
catch 1 1 1981 -9 2  1.483241e+006 1.796953e+006 -1.918628e-001 -1.853340e-001
catch 1 1 1981 -9 3  1.308047e+005 1.219950e+005 6.972519e-002 6.735253e-002
catch 1 1 1982 -9 0  5.457691e+005 5.044693e+004 2.381274e+000 1.683815e+000
catch 1 1 1982 -9 1  6.350511e+006 2.962561e+006 7.624810e-001 8.857653e-001
catch 1 1 1982 -9 2  6.015809e+005 1.979457e+006 -1.191017e+000 -1.150488e+000
catch 1 1 1982 -9 3  6.487908e+004 1.185005e+005 -6.023916e-001 -5.818929e-001
catch 1 1 1983 -9 0  5.613728e+006 1.138223e+005 3.898332e+000 2.756537e+000
catch 1 1 1983 -9 1  2.819244e+006 2.922238e+006 -3.588116e-002 -4.168272e-002
catch 1 1 1983 -9 2  9.695992e+005 1.272575e+006 -2.719150e-001 -2.626621e-001
catch 1 1 1983 -9 3  1.556534e+005 2.928030e+005 -6.318686e-001 -6.103669e-001
catch 1 1 1984 -9 0  9.547567e+005 3.256655e+004 3.378171e+000 2.388727e+000
catch 1 1 1984 -9 1  6.475021e+006 2.376469e+006 1.002336e+000 1.164402e+000
catch 1 1 1984 -9 2  4.172349e+005 3.764189e+005 1.029469e-001 9.944375e-002
catch 1 1 1984 -9 3  2.532431e+003 3.844477e+004 -2.720043e+000 -2.627483e+000
catch 1 1 1985 -9 0  -99.9 -99.9 -99.9  -99.9
catch 1 1 1985 -9 1  1.304457e+006 1.419960e+006 -8.484200e-002 -9.855996e-002
catch 1 1 1985 -9 2  1.972027e+006 8.855080e+005 8.006556e-001 7.734103e-001
catch 1 1 1985 -9 3  3.767959e+004 5.659741e+004 -4.068447e-001 -3.930003e-001
catch 1 1 1986 -9 0  -99.9 -99.9 -99.9  -99.9
catch 1 1 1986 -9 1  1.777798e+005 7.365785e+005 -1.421470e+000 -1.651305e+000
catch 1 1 1986 -9 2  4.527455e+005 2.523718e+005 5.844267e-001 5.645394e-001
catch 1 1 1986 -9 3  3.476200e+005 4.826559e+004 1.974391e+000 1.907205e+000
catch 1 1 1987 -9 0  2.235664e+003 1.486014e+004 -1.894144e+000 -1.339362e+000
catch 1 1 1987 -9 1  2.250587e+006 8.873440e+005 9.307135e-001 1.081199e+000
catch 1 1 1987 -9 2  1.285120e+005 6.102102e+004 7.448042e-001 7.194595e-001
catch 1 1 1987 -9 3  2.524940e+003 8.474059e+003 -1.210793e+000 -1.169591e+000
catch 1 1 1988 -9 0  4.082942e+006 7.727828e+004 3.967160e+000 2.805206e+000
catch 1 1 1988 -9 1  2.096911e+006 1.430361e+006 3.825388e-001 4.443908e-001
catch 1 1 1988 -9 2  2.830054e+006 9.807711e+005 1.059712e+000 1.023651e+000
catch 1 1 1988 -9 3  4.236364e+004 4.164968e+004 1.699679e-002 1.641841e-002
catch 1 1 1989 -9 0  1.245142e+004 1.650891e+004 -2.820657e-001 -1.994505e-001
catch 1 1 1989 -9 1  1.706824e+006 4.972808e+005 1.233235e+000 1.432634e+000
catch 1 1 1989 -9 2  3.613841e+006 7.580248e+004 3.864395e+000 3.732895e+000
catch 1 1 1989 -9 3  5.716041e+003 1.399674e+004 -8.955484e-001 -8.650740e-001
catch 1 1 1990 -9 0  1.567630e+003 1.162990e+005 -4.306600e+000 -3.045226e+000
catch 1 1 1990 -9 1  2.633068e+006 2.019752e+006 2.651750e-001 3.080507e-001
catch 1 1 1990 -9 2  2.234213e+006 7.347899e+005 1.112060e+000 1.074218e+000
catch 1 1 1990 -9 3  3.425141e+005 7.158104e+004 1.565483e+000 1.512211e+000
catch 1 1 1991 -9 0  4.050372e+004 8.471202e+004 -7.378637e-001 -5.217484e-001
catch 1 1 1991 -9 1  1.684266e+006 1.556177e+006 7.909754e-002 9.188669e-002
catch 1 1 1991 -9 2  2.416750e+006 1.813337e+005 2.589840e+000 2.501711e+000
catch 1 1 1991 -9 3  8.159075e+003 1.447635e+004 -5.733858e-001 -5.538742e-001
catch 1 1 1992 -9 0  1.894761e+004 9.317936e+004 -1.592849e+000 -1.126314e+000
catch 1 1 1992 -9 1  9.695465e+006 3.421343e+006 1.041625e+000 1.210044e+000
catch 1 1 1992 -9 2  1.315325e+006 5.577874e+005 8.578611e-001 8.286691e-001
catch 1 1 1992 -9 3  1.775838e+005 2.658193e+004 1.899211e+000 1.834583e+000
catch 1 1 1993 -9 0  2.641728e+005 2.565031e+005 2.946264e-002 2.083323e-002
catch 1 1 1993 -9 1  3.026867e+006 6.577211e+006 -7.760829e-001 -9.015664e-001
catch 1 1 1993 -9 2  5.339043e+006 1.822694e+006 1.074731e+000 1.038159e+000
catch 1 1 1993 -9 3  2.478393e+005 1.092400e+005 8.192332e-001 7.913557e-001
catch 1 1 1994 -9 0  4.453264e+005 9.370337e+004 1.558673e+000 1.102149e+000
catch 1 1 1994 -9 1  4.072048e+007 4.718271e+006 2.155289e+000 2.503774e+000
catch 1 1 1994 -9 2  5.168545e+005 6.541322e+005 -2.355481e-001 -2.275327e-001
catch 1 1 1994 -9 3  1.007370e+005 3.594004e+004 1.030662e+000 9.955894e-001
catch 1 1 1995 -9 0  1.706931e+005 5.587028e+004 1.116834e+000 7.897212e-001
catch 1 1 1995 -9 1  2.446658e+007 7.605019e+006 1.168500e+000 1.357432e+000
catch 1 1 1995 -9 2  3.192395e+006 3.150115e+006 1.333260e-002 1.287891e-002
catch 1 1 1995 -9 3  3.717588e+005 1.723547e+005 7.686909e-001 7.425333e-001
catch 1 1 1996 -9 0  2.993675e+005 8.666334e+004 1.239641e+000 8.765585e-001
catch 1 1 1996 -9 1  2.334972e+005 2.190661e+006 -2.238789e+000 -2.600775e+000
catch 1 1 1996 -9 2  8.165109e+005 1.706814e+006 -7.373434e-001 -7.122526e-001
catch 1 1 1996 -9 3  2.865029e+005 1.541392e+005 6.198928e-001 5.987986e-001
catch 1 1 1997 -9 0  6.446579e+003 5.276667e+004 -2.102330e+000 -1.486572e+000
catch 1 1 1997 -9 1  2.286585e+006 2.855602e+006 -2.222235e-001 -2.581544e-001
catch 1 1 1997 -9 2  1.305932e+005 4.826229e+005 -1.307148e+000 -1.262668e+000
catch 1 1 1997 -9 3  2.028218e+005 9.447672e+004 7.639740e-001 7.379770e-001
catch 1 1 1998 -9 0  8.612372e+004 2.001418e+005 -8.432415e-001 -5.962618e-001
catch 1 1 1998 -9 1  3.567341e+006 3.936610e+006 -9.849937e-002 -1.144256e-001
catch 1 1 1998 -9 2  1.498339e+006 1.558541e+006 -3.939332e-002 -3.805282e-002
catch 1 1 1998 -9 3  2.589925e+005 9.267082e+004 1.027746e+000 9.927726e-001
catch 1 1 1999 -9 0  8.302301e+002 7.473344e+004 -4.499980e+000 -3.181966e+000
catch 1 1 1999 -9 1  1.593925e+007 4.404841e+006 1.286080e+000 1.494025e+000
catch 1 1 1999 -9 2  4.778148e+005 5.413811e+005 -1.249003e-001 -1.206501e-001
catch 1 1 1999 -9 3  6.921924e+004 3.949265e+004 5.611642e-001 5.420685e-001
catch 1 1 2000 -9 0  6.101485e+003 1.165787e+005 -2.950034e+000 -2.085989e+000
catch 1 1 2000 -9 1  9.822669e+006 4.979003e+006 6.794632e-001 7.893244e-001
catch 1 1 2000 -9 2  1.767256e+006 2.341158e+006 -2.812176e-001 -2.716481e-001
catch 1 1 2000 -9 3  7.015970e+004 9.912497e+004 -3.456073e-001 -3.338467e-001
catch 1 1 2001 -9 0  1.305554e+004 1.024464e+005 -2.060127e+000 -1.456730e+000
catch 1 1 2001 -9 1  5.767627e+006 5.001005e+006 1.426219e-001 1.656822e-001
catch 1 1 2001 -9 2  3.155495e+005 1.323871e+006 -1.434000e+000 -1.385203e+000
catch 1 1 2001 -9 3  7.693892e+003 1.422871e+005 -2.917420e+000 -2.818144e+000
catch 1 1 2002 -9 0  6.341550e+004 1.432096e+005 -8.146008e-001 -5.760098e-001
catch 1 1 2002 -9 1  6.586442e+006 4.445335e+006 3.931580e-001 4.567271e-001
catch 1 1 2002 -9 2  5.945573e+005 1.216893e+006 -7.162389e-001 -6.918662e-001
catch 1 1 2002 -9 3  1.086794e+005 7.223413e+004 4.084895e-001 3.945891e-001
catch 1 1 2003 -9 0  1.976395e+005 1.441220e+005 3.157842e-001 2.232932e-001
catch 1 1 2003 -9 1  4.003316e+006 4.652433e+006 -1.502672e-001 -1.745636e-001
catch 1 1 2003 -9 2  5.944976e+005 8.224279e+005 -3.245443e-001 -3.135004e-001
catch 1 1 2003 -9 3  6.814354e+004 4.344351e+004 4.501548e-001 4.348366e-001
catch 1 1 2004 -9 0  2.293086e+005 3.828946e+005 -5.126911e-001 -3.625274e-001
catch 1 1 2004 -9 1  4.217281e+006 8.382571e+006 -6.869642e-001 -7.980383e-001
catch 1 1 2004 -9 2  7.314998e+005 1.724447e+006 -8.575649e-001 -8.283830e-001
catch 1 1 2004 -9 3  7.891313e+004 7.573304e+004 4.113301e-002 3.973331e-002
catch 1 1 2005 -9 0  9.760227e+004 9.299701e+004 4.833337e-002 3.417685e-002
catch 1 1 2005 -9 1  1.340973e+007 1.081106e+007 2.154104e-001 2.502397e-001
catch 1 1 2005 -9 2  4.792218e+005 1.189053e+006 -9.087490e-001 -8.778254e-001
catch 1 1 2005 -9 3  8.885823e+004 3.616394e+004 8.989795e-001 8.683884e-001
catch 1 1 2006 -9 0  -99.9 -99.9 -99.9  -99.9
catch 1 1 2006 -9 1  1.987696e+006 4.679204e+006 -8.561521e-001 -9.945819e-001
catch 1 1 2006 -9 2  1.401797e+006 3.486522e+006 -9.111499e-001 -8.801446e-001
catch 1 1 2006 -9 3  2.951580e+005 9.732132e+004 1.109493e+000 1.071738e+000
catch 1 1 2007 -9 0  -99.9 -99.9 -99.9  -99.9
catch 1 1 2007 -9 1  1.693273e+006 5.672872e+006 -1.209032e+000 -1.404518e+000
catch 1 1 2007 -9 2  1.895506e+005 1.014854e+006 -1.677844e+000 -1.620749e+000
catch 1 1 2007 -9 3  6.767211e+004 1.485633e+005 -7.863372e-001 -7.595792e-001
catch 1 1 2008 -9 0  1.159013e+004 1.997719e+005 -2.847023e+000 -2.013149e+000
catch 1 1 2008 -9 1  4.224297e+005 3.763311e+006 -2.187032e+000 -2.540649e+000
catch 1 1 2008 -9 2  1.447939e+006 1.232185e+006 1.613523e-001 1.558616e-001
catch 1 1 2008 -9 3  3.297696e+005 4.961428e+004 1.894116e+000 1.829661e+000
catch 1 1 2009 -9 0  -99.9 -99.9 -99.9  -99.9
catch 1 1 2009 -9 1  4.776947e+006 5.977073e+006 -2.241294e-001 -2.603685e-001
catch 1 1 2009 -9 2  2.199218e+005 7.696930e+005 -1.252720e+000 -1.210091e+000
catch 1 1 2009 -9 3  3.903674e+004 6.130334e+004 -4.513311e-001 -4.359728e-001
catch 1 1 2010 -9 0  1.241378e+004 1.247033e+005 -2.307130e+000 -1.631387e+000
catch 1 1 2010 -9 1  1.732171e+006 5.496475e+006 -1.154731e+000 -1.341438e+000
catch 1 1 2010 -9 2  6.891656e+005 2.568491e+006 -1.315592e+000 -1.270824e+000
catch 1 1 2010 -9 3  9.004036e+004 1.239536e+005 -3.196490e-001 -3.087717e-001
catch 1 1 2011 -9 0  2.469282e+003 8.675949e+004 -3.559212e+000 -2.516743e+000
catch 1 1 2011 -9 1  1.847215e+006 4.348601e+006 -8.561752e-001 -9.946087e-001
catch 1 1 2011 -9 2  1.105017e+006 1.597006e+006 -3.682705e-001 -3.557387e-001
catch 1 1 2011 -9 3  2.817084e+005 2.521920e+005 1.106818e-001 1.069154e-001
catch 1 1 2012 -9 0  1.478958e+005 1.048427e+005 3.440468e-001 2.432779e-001
catch 1 1 2012 -9 1  2.527701e+006 4.704432e+006 -6.211948e-001 -7.216347e-001
catch 1 1 2012 -9 2  7.294268e+005 1.908688e+006 -9.619124e-001 -9.291797e-001
catch 1 1 2012 -9 3  1.216655e+005 2.729186e+005 -8.078984e-001 -7.804066e-001
catch 1 1 2013 -9 0  1.000248e+004 2.298059e+005 -3.134402e+000 -2.216357e+000
catch 1 1 2013 -9 1  1.973364e+006 3.682744e+006 -6.239183e-001 -7.247986e-001
catch 1 1 2013 -9 2  4.115580e+005 1.081127e+006 -9.658089e-001 -9.329437e-001
catch 1 1 2013 -9 3  7.270462e+004 1.201986e+005 -5.027408e-001 -4.856331e-001
catch 1 1 2014 -9 0  2.640874e+006 1.216496e+005 3.077720e+000 2.176277e+000
catch 1 1 2014 -9 1  9.499013e+006 5.686818e+006 5.130371e-001 5.959892e-001
catch 1 1 2014 -9 2  6.272372e+005 5.942968e+005 5.394578e-002 5.211007e-002
catch 1 1 2014 -9 3  1.055187e+005 5.058435e+004 7.352457e-001 7.102262e-001
catch 1 1 2015 -9 0  1.682642e+006 1.571040e+005 2.371213e+000 1.676701e+000
catch 1 1 2015 -9 1  1.294781e+007 1.452369e+007 -1.148544e-001 -1.334250e-001
catch 1 1 2015 -9 2  2.926867e+006 5.519595e+006 -6.343720e-001 -6.127851e-001
catch 1 1 2015 -9 3  1.615951e+005 2.701644e+005 -5.139371e-001 -4.964485e-001
catch 1 1 2016 -9 0  4.450616e+006 3.332698e+005 2.591845e+000 1.832711e+000
catch 1 1 2016 -9 1  1.277503e+007 1.149425e+007 1.056459e-001 1.227276e-001
catch 1 1 2016 -9 2  4.537366e+006 5.689970e+006 -2.263583e-001 -2.186556e-001
catch 1 1 2016 -9 3  4.395701e+005 5.373739e+005 -2.008969e-001 -1.940606e-001
catch 1 1 2017 -9 0  1.767809e+006 3.003940e+005 1.772401e+000 1.253277e+000
catch 1 1 2017 -9 1  9.076648e+006 9.894476e+006 -8.627161e-002 -1.002207e-001
catch 1 1 2017 -9 2  7.386266e+005 1.329578e+006 -5.878240e-001 -5.678211e-001
catch 1 1 2017 -9 3  8.829486e+004 8.678414e+004 1.725795e-002 1.667068e-002
catch 1 1 2018 -9 0  4.350565e+006 2.507167e+005 2.853738e+000 2.017897e+000
catch 1 1 2018 -9 1  1.166733e+007 1.446539e+007 -2.149662e-001 -2.497237e-001
catch 1 1 2018 -9 2  2.940924e+006 2.681727e+006 9.226286e-002 8.912326e-002
catch 1 1 2018 -9 3  2.799933e+005 8.784045e+004 1.159244e+000 1.119796e+000
catch 1 2 1974 -9 0  1.884146e+006 2.232153e+006 -1.694918e-001 -1.198488e-001
catch 1 2 1974 -9 1  1.154411e+007 1.267010e+007 -9.306933e-002 -1.342910e-001
catch 1 2 1974 -9 2  8.663987e+005 2.353998e+006 -9.995253e-001 -9.403319e-001
catch 1 2 1974 -9 3  4.822814e+004 1.280403e+005 -9.764024e-001 -9.185784e-001
catch 1 2 1975 -9 0  1.179567e+006 5.151404e+006 -1.474122e+000 -1.042362e+000
catch 1 2 1975 -9 1  1.454189e+007 1.349629e+007 7.461840e-002 1.076679e-001
catch 1 2 1975 -9 2  4.378415e+006 4.268977e+006 2.531238e-002 2.381334e-002
catch 1 2 1975 -9 3  1.668070e+005 2.141336e+005 -2.497631e-001 -2.349717e-001
catch 1 2 1976 -9 0  7.439656e+006 2.490309e+006 1.094418e+000 7.738702e-001
catch 1 2 1976 -9 1  1.876273e+007 1.730903e+007 8.064420e-002 1.163626e-001
catch 1 2 1976 -9 2  1.613139e+006 2.299393e+006 -3.544637e-001 -3.334718e-001
catch 1 2 1976 -9 3  8.860382e+004 1.580045e+005 -5.784483e-001 -5.441917e-001
catch 1 2 1977 -9 0  2.520082e+006 4.253729e+006 -5.235046e-001 -3.701737e-001
catch 1 2 1977 -9 1  4.904593e+006 7.584045e+006 -4.358747e-001 -6.289293e-001
catch 1 2 1977 -9 2  3.679153e+006 2.870241e+006 2.482866e-001 2.335827e-001
catch 1 2 1977 -9 3  6.768791e+004 7.664866e+004 -1.243246e-001 -1.169620e-001
catch 1 2 1978 -9 0  5.517665e+006 4.828325e+006 1.334551e-001 9.436704e-002
catch 1 2 1978 -9 1  1.034497e+007 1.139516e+007 -9.668796e-002 -1.395123e-001
catch 1 2 1978 -9 2  1.209584e+006 1.383679e+006 -1.344699e-001 -1.265064e-001
catch 1 2 1978 -9 3  1.166954e+005 1.106984e+005 5.275821e-002 4.963379e-002
catch 1 2 1979 -9 0  1.052920e+006 1.546997e+006 -3.847483e-001 -2.720581e-001
catch 1 2 1979 -9 1  1.135595e+007 1.476743e+007 -2.626825e-001 -3.790280e-001
catch 1 2 1979 -9 2  2.152261e+006 2.933311e+006 -3.096131e-001 -2.912773e-001
catch 1 2 1979 -9 3  6.338612e+004 9.813551e+004 -4.371043e-001 -4.112183e-001
catch 1 2 1980 -9 0  -99.9 -99.9 -99.9  -99.9
catch 1 2 1980 -9 1  9.415158e+006 1.341294e+007 -3.538989e-001 -5.106453e-001
catch 1 2 1980 -9 2  1.152058e+007 6.987942e+006 4.999486e-001 4.703409e-001
catch 1 2 1980 -9 3  9.794146e+005 4.548591e+005 7.669673e-001 7.215463e-001
catch 1 2 1981 -9 0  4.063206e+004 4.287302e+005 -2.356270e+000 -1.666135e+000
catch 1 2 1981 -9 1  3.540737e+006 5.326072e+006 -4.082791e-001 -5.891113e-001
catch 1 2 1981 -9 2  3.025289e+006 1.374623e+006 7.888269e-001 7.421114e-001
catch 1 2 1981 -9 3  2.020477e+005 1.172070e+005 5.445620e-001 5.123122e-001
catch 1 2 1982 -9 0  8.185250e+005 2.112910e+005 1.354267e+000 9.576117e-001
catch 1 2 1982 -9 1  5.021082e+006 1.729169e+006 1.066004e+000 1.538152e+000
catch 1 2 1982 -9 2  1.070960e+006 1.688489e+006 -4.552787e-001 -4.283164e-001
catch 1 2 1982 -9 3  5.533335e+004 1.299436e+005 -8.537252e-001 -8.031663e-001
catch 1 2 1983 -9 0  2.375763e+006 4.684796e+005 1.623582e+000 1.148046e+000
catch 1 2 1983 -9 1  1.334333e+006 1.452019e+006 -8.452377e-002 -1.219605e-001
catch 1 2 1983 -9 2  5.886777e+005 7.727464e+005 -2.720722e-001 -2.559596e-001
catch 1 2 1983 -9 3  9.111163e+004 2.303160e+005 -9.273668e-001 -8.724468e-001
catch 1 2 1984 -9 0  5.218656e+005 1.303030e+005 1.387547e+000 9.811443e-001
catch 1 2 1984 -9 1  2.535354e+006 1.401154e+006 5.930374e-001 8.557014e-001
catch 1 2 1984 -9 2  2.476544e+005 3.459039e+005 -3.341268e-001 -3.143393e-001
catch 1 2 1984 -9 3  4.803462e+003 4.428376e+004 -2.221281e+000 -2.089734e+000
catch 1 2 1985 -9 0  -99.9 -99.9 -99.9  -99.9
catch 1 2 1985 -9 1  5.760038e+005 7.234847e+005 -2.279650e-001 -3.289337e-001
catch 1 2 1985 -9 2  8.707802e+005 6.305427e+005 3.228086e-001 3.036914e-001
catch 1 2 1985 -9 3  1.663803e+004 5.354610e+004 -1.168852e+000 -1.099631e+000
catch 1 2 1986 -9 0  -99.9 -99.9 -99.9  -99.9
catch 1 2 1986 -9 1  1.569128e+005 3.822685e+005 -8.904329e-001 -1.284817e+000
catch 1 2 1986 -9 2  3.996043e+005 1.937885e+005 7.237074e-001 6.808484e-001
catch 1 2 1986 -9 3  3.068179e+005 4.915152e+004 1.831347e+000 1.722892e+000
catch 1 2 1987 -9 0  4.945081e+004 5.583434e+004 -1.214105e-001 -8.585019e-002
catch 1 2 1987 -9 1  1.790264e+006 5.613802e+005 1.159720e+000 1.673375e+000
catch 1 2 1987 -9 2  2.675975e+005 6.833223e+004 1.365102e+000 1.284259e+000
catch 1 2 1987 -9 3  9.775523e+002 1.253397e+004 -2.551146e+000 -2.400064e+000
catch 1 2 1988 -9 0  1.163964e+006 2.821571e+005 1.417122e+000 1.002057e+000
catch 1 2 1988 -9 1  3.141057e+005 7.101883e+005 -8.158007e-001 -1.177130e+000
catch 1 2 1988 -9 2  5.279863e+005 6.542892e+005 -2.144791e-001 -2.017773e-001
catch 1 2 1988 -9 3  1.152569e+004 3.746417e+004 -1.178807e+000 -1.108996e+000
catch 1 2 1989 -9 0  7.833942e+002 6.025434e+004 -4.342694e+000 -3.070748e+000
catch 1 2 1989 -9 1  7.641456e+004 3.123788e+005 -1.408043e+000 -2.031684e+000
catch 1 2 1989 -9 2  8.892497e+004 8.852777e+004 4.476692e-003 4.211576e-003
catch 1 2 1989 -9 3  3.418543e+002 2.158565e+004 -4.145400e+000 -3.899903e+000
catch 1 2 1990 -9 0  1.225280e+003 4.483608e+005 -5.902429e+000 -4.173648e+000
catch 1 2 1990 -9 1  2.058041e+006 9.592466e+005 7.633616e-001 1.101464e+000
catch 1 2 1990 -9 2  1.746290e+006 4.517870e+005 1.352038e+000 1.271968e+000
catch 1 2 1990 -9 3  2.677136e+005 5.790468e+004 1.531119e+000 1.440444e+000
catch 1 2 1991 -9 0  1.552315e+006 3.538262e+005 1.478697e+000 1.045597e+000
catch 1 2 1991 -9 1  2.936717e+006 9.576454e+005 1.120570e+000 1.616885e+000
catch 1 2 1991 -9 2  6.142329e+005 1.846675e+005 1.201817e+000 1.130644e+000
catch 1 2 1991 -9 3  9.586636e+003 1.791288e+004 -6.251502e-001 -5.881278e-001
catch 1 2 1992 -9 0  2.229910e+005 4.160222e+005 -6.236071e-001 -4.409568e-001
catch 1 2 1992 -9 1  1.185132e+006 2.163608e+006 -6.019224e-001 -8.685218e-001
catch 1 2 1992 -9 2  1.321658e+005 5.519749e+005 -1.429445e+000 -1.344791e+000
catch 1 2 1992 -9 3  1.649099e+004 3.155186e+004 -6.488183e-001 -6.103943e-001
catch 1 2 1993 -9 0  1.441317e+006 1.153292e+006 2.229368e-001 1.576402e-001
catch 1 2 1993 -9 1  4.911453e+006 3.377538e+006 3.744229e-001 5.402597e-001
catch 1 2 1993 -9 2  1.324444e+006 1.155112e+006 1.367953e-001 1.286941e-001
catch 1 2 1993 -9 3  3.143534e+004 8.495751e+004 -9.942184e-001 -9.353393e-001
catch 1 2 1994 -9 0  1.856101e+006 4.020675e+005 1.529613e+000 1.081600e+000
catch 1 2 1994 -9 1  7.146622e+006 2.935669e+006 8.897043e-001 1.283766e+000
catch 1 2 1994 -9 2  1.455656e+006 6.699289e+005 7.760404e-001 7.300821e-001
catch 1 2 1994 -9 3  1.427741e+005 4.351943e+004 1.188056e+000 1.117698e+000
catch 1 2 1995 -9 0  6.120105e+005 2.378263e+005 9.452089e-001 6.683637e-001
catch 1 2 1995 -9 1  8.620522e+006 3.890791e+006 7.955332e-001 1.147885e+000
catch 1 2 1995 -9 2  2.863267e+006 2.123194e+006 2.990419e-001 2.813321e-001
catch 1 2 1995 -9 3  5.058747e+005 1.414891e+005 1.274066e+000 1.198614e+000
catch 1 2 1996 -9 0  1.083655e+006 3.581506e+005 1.107141e+000 7.828671e-001
catch 1 2 1996 -9 1  7.767951e+005 1.192386e+006 -4.285352e-001 -6.183390e-001
catch 1 2 1996 -9 2  2.208631e+006 1.272685e+006 5.512444e-001 5.185989e-001
catch 1 2 1996 -9 3  9.112557e+005 1.415446e+005 1.862209e+000 1.751926e+000
catch 1 2 1997 -9 0  1.486566e+005 2.318507e+005 -4.444547e-001 -3.142770e-001
catch 1 2 1997 -9 1  4.395265e+006 1.811037e+006 8.866282e-001 1.279327e+000
catch 1 2 1997 -9 2  1.078225e+006 4.520610e+005 8.692548e-001 8.177762e-001
catch 1 2 1997 -9 3  2.776151e+005 1.087065e+005 9.375842e-001 8.820590e-001
catch 1 2 1998 -9 0  5.465889e+006 8.602820e+005 1.849022e+000 1.307456e+000
catch 1 2 1998 -9 1  2.665032e+006 2.141214e+006 2.188429e-001 3.157713e-001
catch 1 2 1998 -9 2  1.451844e+006 1.011955e+006 3.609510e-001 3.395749e-001
catch 1 2 1998 -9 3  3.264632e+005 7.432767e+004 1.479834e+000 1.392196e+000
catch 1 2 1999 -9 0  9.055731e+004 3.349405e+005 -1.307970e+000 -9.248745e-001
catch 1 2 1999 -9 1  2.456063e+006 2.899388e+006 -1.659399e-001 -2.394369e-001
catch 1 2 1999 -9 2  2.549306e+005 5.378778e+005 -7.466399e-001 -7.024227e-001
catch 1 2 1999 -9 3  4.483598e+004 4.678623e+004 -4.257800e-002 -4.005647e-002
catch 1 2 2000 -9 0  8.190594e+004 5.095912e+005 -1.828037e+000 -1.292618e+000
catch 1 2 2000 -9 1  8.013754e+005 2.766952e+006 -1.239172e+000 -1.788017e+000
catch 1 2 2000 -9 2  3.848537e+005 1.686824e+006 -1.477739e+000 -1.390225e+000
catch 1 2 2000 -9 3  4.982662e+004 8.694725e+004 -5.567523e-001 -5.237806e-001
catch 1 2 2001 -9 0  5.505122e+005 4.589695e+005 1.818654e-001 1.285982e-001
catch 1 2 2001 -9 1  3.967343e+006 2.733583e+006 3.724833e-001 5.374611e-001
catch 1 2 2001 -9 2  1.528712e+006 9.202122e+005 5.075766e-001 4.775172e-001
catch 1 2 2001 -9 3  4.984958e+005 1.210165e+005 1.415668e+000 1.331830e+000
catch 1 2 2002 -9 0  9.272944e+005 6.277014e+005 3.902065e-001 2.759177e-001
catch 1 2 2002 -9 1  4.326530e+006 2.378744e+006 5.981933e-001 8.631409e-001
catch 1 2 2002 -9 2  6.616558e+005 8.016451e+005 -1.919205e-001 -1.805547e-001
catch 1 2 2002 -9 3  5.902175e+004 5.927064e+004 -4.207955e-003 -3.958754e-003
catch 1 2 2003 -9 0  2.785630e+006 6.442328e+005 1.464169e+000 1.035324e+000
catch 1 2 2003 -9 1  6.826281e+006 2.793198e+006 8.935930e-001 1.289377e+000
catch 1 2 2003 -9 2  1.115905e+006 6.702520e+005 5.097677e-001 4.795785e-001
catch 1 2 2003 -9 3  2.183998e+005 4.303348e+004 1.624349e+000 1.528152e+000
catch 1 2 2004 -9 0  2.480680e+007 1.704443e+006 2.677880e+000 1.893547e+000
catch 1 2 2004 -9 1  4.735686e+006 4.325037e+006 9.070583e-002 1.308806e-001
catch 1 2 2004 -9 2  2.643729e+005 1.000717e+006 -1.331111e+000 -1.252281e+000
catch 1 2 2004 -9 3  5.342535e+004 5.419396e+004 -1.428413e-002 -1.343820e-002
catch 1 2 2005 -9 0  8.399444e+005 4.078639e+005 7.224021e-001 5.108155e-001
catch 1 2 2005 -9 1  7.903545e+006 6.248018e+006 2.350471e-001 3.391526e-001
catch 1 2 2005 -9 2  2.283371e+005 9.426866e+005 -1.417911e+000 -1.333940e+000
catch 1 2 2005 -9 3  2.205145e+004 3.425730e+004 -4.405214e-001 -4.144330e-001
catch 1 2 2006 -9 0  3.197086e+005 6.346200e+005 -6.856163e-001 -4.848040e-001
catch 1 2 2006 -9 1  4.932212e+005 2.501528e+006 -1.623699e+000 -2.342857e+000
catch 1 2 2006 -9 2  1.003837e+006 2.303590e+006 -8.306393e-001 -7.814476e-001
catch 1 2 2006 -9 3  2.355425e+005 7.751198e+004 1.111459e+000 1.045637e+000
catch 1 2 2007 -9 0  6.099385e+005 4.443262e+005 3.167992e-001 2.240108e-001
catch 1 2 2007 -9 1  4.186796e+006 3.068284e+006 3.108174e-001 4.484824e-001
catch 1 2 2007 -9 2  1.681648e+006 7.018845e+005 8.737609e-001 8.220154e-001
catch 1 2 2007 -9 3  2.547678e+005 1.241533e+005 7.188354e-001 6.762649e-001
catch 1 2 2008 -9 0  2.087187e+006 8.757159e+005 8.685309e-001 6.141441e-001
catch 1 2 2008 -9 1  1.901763e+006 2.184077e+006 -1.384120e-001 -1.997165e-001
catch 1 2 2008 -9 2  1.006626e+006 9.851957e+005 2.151931e-002 2.024491e-002
catch 1 2 2008 -9 3  2.609662e+005 4.768065e+004 1.699865e+000 1.599197e+000
catch 1 2 2009 -9 0  2.314117e+005 4.629014e+005 -6.933155e-001 -4.902481e-001
catch 1 2 2009 -9 1  8.163927e+006 3.781941e+006 7.694879e-001 1.110304e+000
catch 1 2 2009 -9 2  5.544250e+005 7.784184e+005 -3.393325e-001 -3.192367e-001
catch 1 2 2009 -9 3  1.373280e+005 7.569981e+004 5.955967e-001 5.603245e-001
catch 1 2 2010 -9 0  3.497032e+005 5.022264e+005 -3.619661e-001 -2.559487e-001
catch 1 2 2010 -9 1  3.105417e+006 3.248059e+006 -4.490985e-002 -6.480101e-002
catch 1 2 2010 -9 2  3.011291e+006 2.286234e+006 2.754632e-001 2.591498e-001
catch 1 2 2010 -9 3  2.157387e+006 1.410805e+005 2.727323e+000 2.565806e+000
catch 1 2 2011 -9 0  4.200039e+005 3.550918e+005 1.678877e-001 1.187145e-001
catch 1 2 2011 -9 1  4.234059e+006 2.566191e+006 5.007384e-001 7.225220e-001
catch 1 2 2011 -9 2  2.917969e+006 1.425974e+006 7.160325e-001 6.736280e-001
catch 1 2 2011 -9 3  9.992951e+005 2.972761e+005 1.212389e+000 1.140589e+000
catch 1 2 2012 -9 0  1.870981e+005 4.310179e+005 -8.345164e-001 -5.900922e-001
catch 1 2 2012 -9 1  3.756225e+006 2.487204e+006 4.122554e-001 5.948487e-001
catch 1 2 2012 -9 2  1.690250e+006 1.354274e+006 2.216106e-001 2.084865e-001
catch 1 2 2012 -9 3  2.810711e+005 2.538414e+005 1.018979e-001 9.586331e-002
catch 1 2 2013 -9 0  4.620286e+005 1.050305e+006 -8.212088e-001 -5.806824e-001
catch 1 2 2013 -9 1  2.176971e+006 2.123489e+006 2.487409e-002 3.589115e-002
catch 1 2 2013 -9 2  7.455776e+005 8.712162e+005 -1.557308e-001 -1.465082e-001
catch 1 2 2013 -9 3  1.444344e+005 1.237241e+005 1.547712e-001 1.456054e-001
catch 1 2 2014 -9 0  1.215080e+006 5.710331e+005 7.551182e-001 5.339492e-001
catch 1 2 2014 -9 1  4.046244e+006 3.912274e+006 3.367021e-002 4.858318e-002
catch 1 2 2014 -9 2  3.233200e+005 6.962699e+005 -7.670950e-001 -7.216665e-001
catch 1 2 2014 -9 3  9.268504e+004 7.336937e+004 2.337005e-001 2.198604e-001
catch 1 2 2015 -9 0  6.153754e+005 7.425145e+005 -1.878100e-001 -1.328017e-001
catch 1 2 2015 -9 1  1.086208e+007 8.228770e+006 2.776415e-001 4.006125e-001
catch 1 2 2015 -9 2  1.632428e+006 4.153848e+006 -9.339665e-001 -8.786556e-001
catch 1 2 2015 -9 3  2.269236e+005 2.579521e+005 -1.281604e-001 -1.205706e-001
catch 1 2 2016 -9 0  3.593237e+006 1.545248e+006 8.438689e-001 5.967055e-001
catch 1 2 2016 -9 1  1.451842e+006 5.262863e+006 -1.287842e+000 -1.858244e+000
catch 1 2 2016 -9 2  1.251213e+006 2.728572e+006 -7.796647e-001 -7.334918e-001
catch 1 2 2016 -9 3  3.012522e+005 3.364705e+005 -1.105627e-001 -1.040150e-001
catch 1 2 2017 -9 0  1.302514e+006 1.398362e+006 -7.100596e-002 -5.020880e-002
catch 1 2 2017 -9 1  2.796713e+006 5.522029e+006 -6.803004e-001 -9.816144e-001
catch 1 2 2017 -9 2  1.825384e+005 9.772497e+005 -1.677782e+000 -1.578421e+000
catch 1 2 2017 -9 3  8.280561e+004 8.123591e+004 1.913850e-002 1.800509e-002
catch 1 2 2018 -9 0  2.025377e+006 1.167069e+006 5.512599e-001 3.897997e-001
catch 1 2 2018 -9 1  2.923947e+006 8.059104e+006 -1.013868e+000 -1.462923e+000
catch 1 2 2018 -9 2  1.574333e+006 1.963575e+006 -2.209354e-001 -2.078513e-001
catch 1 2 2018 -9 3  5.277605e+005 8.192818e+004 1.862800e+000 1.752482e+000
catch 1 3 1974 -9 0  2.842702e+006 2.995252e+006 -5.227346e-002 -4.526461e-002
catch 1 3 1974 -9 1  1.109130e+007 3.381628e+006 1.187804e+000 8.399047e-001
catch 1 3 1974 -9 2  1.336036e+006 3.276365e+005 1.405558e+000 9.938794e-001
catch 1 3 1974 -9 3  3.453422e+004 3.697947e+004 -6.841220e-002 -4.837473e-002
catch 1 3 1975 -9 0  5.240024e+006 6.882661e+006 -2.726793e-001 -2.361183e-001
catch 1 3 1975 -9 1  4.755878e+006 3.166291e+006 4.068205e-001 2.876657e-001
catch 1 3 1975 -9 2  2.206781e+006 3.928190e+005 1.725941e+000 1.220425e+000
catch 1 3 1975 -9 3  6.618576e+004 3.755147e+004 5.667530e-001 4.007549e-001
catch 1 3 1976 -9 0  7.703416e+006 3.222932e+006 8.713722e-001 7.545383e-001
catch 1 3 1976 -9 1  6.925346e+006 3.919719e+006 5.691680e-001 4.024628e-001
catch 1 3 1976 -9 2  2.676376e+005 2.009693e+005 2.864816e-001 2.025731e-001
catch 1 3 1976 -9 3  8.289407e+003 2.619766e+004 -1.150692e+000 -8.136620e-001
catch 1 3 1977 -9 0  1.585720e+007 5.322064e+006 1.091762e+000 9.453784e-001
catch 1 3 1977 -9 1  1.843468e+006 1.766435e+006 4.268535e-002 3.018311e-002
catch 1 3 1977 -9 2  2.200876e+006 2.828226e+005 2.051791e+000 1.450835e+000
catch 1 3 1977 -9 3  3.783551e+004 1.468142e+004 9.466651e-001 6.693933e-001
catch 1 3 1978 -9 0  6.154606e+006 6.153951e+006 1.065282e-004 9.224487e-005
catch 1 3 1978 -9 1  4.973568e+006 2.911738e+006 5.353873e-001 3.785761e-001
catch 1 3 1978 -9 2  1.119045e+006 1.847308e+005 1.801331e+000 1.273733e+000
catch 1 3 1978 -9 3  2.994129e+004 3.044805e+004 -1.678325e-002 -1.186755e-002
catch 1 3 1979 -9 0  3.882781e+006 1.898280e+006 7.156036e-001 6.196552e-001
catch 1 3 1979 -9 1  6.399259e+006 3.938894e+006 4.852823e-001 3.431465e-001
catch 1 3 1979 -9 2  3.327812e+005 4.587998e+005 -3.211289e-001 -2.270725e-001
catch 1 3 1979 -9 3  2.596375e+004 3.290928e+004 -2.370533e-001 -1.676220e-001
catch 1 3 1980 -9 0  2.536060e+006 3.674944e+006 -3.709261e-001 -3.211922e-001
catch 1 3 1980 -9 1  3.866612e+006 2.710481e+006 3.552526e-001 2.512016e-001
catch 1 3 1980 -9 2  3.896744e+005 4.416051e+005 -1.251046e-001 -8.846230e-002
catch 1 3 1980 -9 3  8.724471e+003 5.138835e+004 -1.773280e+000 -1.253898e+000
catch 1 3 1981 -9 0  3.742540e+005 5.333351e+005 -3.542152e-001 -3.067218e-001
catch 1 3 1981 -9 1  3.854059e+006 1.335609e+006 1.059739e+000 7.493493e-001
catch 1 3 1981 -9 2  3.197625e+005 1.680977e+005 6.430330e-001 4.546930e-001
catch 1 3 1981 -9 3  9.835418e+003 2.935204e+004 -1.093372e+000 -7.731309e-001
catch 1 3 1982 -9 0  2.530673e+006 2.815372e+005 2.195976e+000 1.901538e+000
catch 1 3 1982 -9 1  4.018395e+005 4.679867e+005 -1.523872e-001 -1.077541e-001
catch 1 3 1982 -9 2  4.691322e+004 2.276505e+005 -1.579512e+000 -1.116884e+000
catch 1 3 1982 -9 3  3.525285e+003 3.631756e+004 -2.332340e+000 -1.649214e+000
catch 1 3 1983 -9 0  1.697718e+006 6.202228e+005 1.006962e+000 8.719478e-001
catch 1 3 1983 -9 1  5.968570e+005 3.522646e+005 5.272949e-001 3.728540e-001
catch 1 3 1983 -9 2  7.271292e+003 7.154853e+004 -2.286442e+000 -1.616759e+000
catch 1 3 1983 -9 3  -99.9 -99.9 -99.9  -99.9
catch 1 3 1984 -9 0  4.050950e+005 1.674829e+005 8.832404e-001 7.648152e-001
catch 1 3 1984 -9 1  6.124068e+005 3.794278e+005 4.787324e-001 3.385151e-001
catch 1 3 1984 -9 2  1.064816e+004 4.794786e+004 -1.504727e+000 -1.064002e+000
catch 1 3 1984 -9 3  1.053115e+003 1.264342e+004 -2.485384e+000 -1.757432e+000
catch 1 3 1985 -9 0  8.476031e+004 1.433395e+005 -5.253886e-001 -4.549443e-001
catch 1 3 1985 -9 1  2.158561e+005 1.791362e+005 1.864656e-001 1.318512e-001
catch 1 3 1985 -9 2  1.508191e+005 6.999346e+004 7.676791e-001 5.428311e-001
catch 1 3 1985 -9 3  1.491617e+004 1.186648e+004 2.287283e-001 1.617353e-001
catch 1 3 1986 -9 0  5.809359e+005 3.968685e+005 3.810356e-001 3.299462e-001
catch 1 3 1986 -9 1  5.870953e+004 9.606292e+004 -4.924013e-001 -3.481805e-001
catch 1 3 1986 -9 2  7.401074e+002 2.372295e+004 -3.467403e+000 -2.451824e+000
catch 1 3 1986 -9 3  -99.9 -99.9 -99.9  -99.9
catch 1 3 1987 -9 0  2.097879e+005 6.793082e+004 1.127607e+000 9.764171e-001
catch 1 3 1987 -9 1  8.269944e+005 1.630214e+005 1.623917e+000 1.148283e+000
catch 1 3 1987 -9 2  3.462606e+004 1.226623e+004 1.037756e+000 7.338046e-001
catch 1 3 1987 -9 3  3.298033e+004 5.140618e+003 1.858738e+000 1.314326e+000
catch 1 3 1988 -9 0  1.817700e+006 3.330427e+005 1.697057e+000 1.469515e+000
catch 1 3 1988 -9 1  6.374885e+005 1.709228e+005 1.316324e+000 9.307824e-001
catch 1 3 1988 -9 2  1.293839e+005 6.904684e+004 6.279986e-001 4.440621e-001
catch 1 3 1988 -9 3  5.490823e+003 7.938114e+003 -3.685975e-001 -2.606378e-001
catch 1 3 1989 -9 0  4.694577e+005 7.122063e+004 1.885796e+000 1.632947e+000
catch 1 3 1989 -9 1  4.169203e+005 9.035515e+004 1.529147e+000 1.081271e+000
catch 1 3 1989 -9 2  3.478923e+004 1.621389e+004 7.634394e-001 5.398332e-001
catch 1 3 1989 -9 3  1.275150e+004 8.940243e+003 3.550859e-001 2.510837e-001
catch 1 3 1990 -9 0  2.918374e+005 5.354837e+005 -6.069735e-001 -5.255903e-001
catch 1 3 1990 -9 1  6.205018e+004 2.203852e+005 -1.267433e+000 -8.962112e-001
catch 1 3 1990 -9 2  1.941186e+003 4.188086e+004 -3.071530e+000 -2.171899e+000
catch 1 3 1990 -9 3  4.285069e+002 1.034265e+004 -3.183725e+000 -2.251233e+000
catch 1 3 1991 -9 0  2.083522e+005 4.560309e+005 -7.833306e-001 -6.783013e-001
catch 1 3 1991 -9 1  6.456502e+004 2.624071e+005 -1.402224e+000 -9.915228e-001
catch 1 3 1991 -9 2  1.036314e+003 2.816877e+004 -3.302544e+000 -2.335251e+000
catch 1 3 1991 -9 3  9.948645e+001 5.813161e+003 -4.067858e+000 -2.876410e+000
catch 1 3 1992 -9 0  1.279875e+006 5.640663e+005 8.193457e-001 7.094875e-001
catch 1 3 1992 -9 1  1.583952e+006 5.914670e+005 9.850724e-001 6.965517e-001
catch 1 3 1992 -9 2  2.592512e+005 8.089271e+004 1.164674e+000 8.235488e-001
catch 1 3 1992 -9 3  5.821117e+003 9.706713e+003 -5.113256e-001 -3.615618e-001
catch 1 3 1993 -9 0  1.867838e+006 1.626782e+006 1.381779e-001 1.196510e-001
catch 1 3 1993 -9 1  1.819506e+006 8.211975e+005 7.955566e-001 5.625437e-001
catch 1 3 1993 -9 2  3.389686e+005 1.111736e+005 1.114815e+000 7.882931e-001
catch 1 3 1993 -9 3  4.396532e+004 1.551401e+004 1.041658e+000 7.365635e-001
catch 1 3 1994 -9 0  8.188748e+005 5.612621e+005 3.777431e-001 3.270952e-001
catch 1 3 1994 -9 1  2.936362e+006 8.434107e+005 1.247473e+000 8.820968e-001
catch 1 3 1994 -9 2  5.598712e+005 1.064635e+005 1.659905e+000 1.173730e+000
catch 1 3 1994 -9 3  2.281294e+004 1.467871e+004 4.409301e-001 3.117846e-001
catch 1 3 1995 -9 0  1.797666e+006 3.348950e+005 1.680427e+000 1.455115e+000
catch 1 3 1995 -9 1  4.488224e+006 9.870319e+005 1.514510e+000 1.070921e+000
catch 1 3 1995 -9 2  5.337855e+005 2.195404e+005 8.884577e-001 6.282345e-001
catch 1 3 1995 -9 3  1.281936e+005 2.810147e+004 1.517720e+000 1.073190e+000
catch 1 3 1996 -9 0  1.670742e+006 4.876217e+005 1.231483e+000 1.066365e+000
catch 1 3 1996 -9 1  2.898153e+005 3.109108e+005 -7.026226e-002 -4.968295e-002
catch 1 3 1996 -9 2  1.135797e+005 1.417323e+005 -2.214350e-001 -1.565782e-001
catch 1 3 1996 -9 3  4.953409e+004 3.088232e+004 4.724773e-001 3.340919e-001
catch 1 3 1997 -9 0  5.962229e+005 3.262751e+005 6.028737e-001 5.220402e-001
catch 1 3 1997 -9 1  7.282405e+005 5.043672e+005 3.673268e-001 2.597394e-001
catch 1 3 1997 -9 2  1.811868e+005 6.158849e+004 1.079053e+000 7.630060e-001
catch 1 3 1997 -9 3  4.666673e+004 3.050909e+004 4.250068e-001 3.005252e-001
catch 1 3 1998 -9 0  1.615982e+006 1.147175e+006 3.426400e-001 2.966987e-001
catch 1 3 1998 -9 1  1.096547e+006 5.264833e+005 7.337016e-001 5.188056e-001
catch 1 3 1998 -9 2  4.895410e+005 9.408838e+004 1.649234e+000 1.166184e+000
catch 1 3 1998 -9 3  2.414934e+005 1.308684e+004 2.915235e+000 2.061382e+000
catch 1 3 1999 -9 0  1.967130e+006 4.631663e+005 1.446245e+000 1.252332e+000
catch 1 3 1999 -9 1  3.351942e+006 8.115363e+005 1.418366e+000 1.002937e+000
catch 1 3 1999 -9 2  6.410590e+005 7.819695e+004 2.103891e+000 1.487676e+000
catch 1 3 1999 -9 3  1.830153e+005 1.409478e+004 2.563765e+000 1.812856e+000
catch 1 3 2000 -9 0  1.093613e+006 6.831604e+005 4.705127e-001 4.074262e-001
catch 1 3 2000 -9 1  2.807143e+006 7.067451e+005 1.379252e+000 9.752792e-001
catch 1 3 2000 -9 2  1.310052e+006 1.800931e+005 1.984348e+000 1.403146e+000
catch 1 3 2000 -9 3  1.764179e+005 1.783158e+004 2.291884e+000 1.620607e+000
catch 1 3 2001 -9 0  1.430172e+005 6.293648e+005 -1.481746e+000 -1.283073e+000
catch 1 3 2001 -9 1  5.315876e+005 6.797774e+005 -2.458975e-001 -1.738759e-001
catch 1 3 2001 -9 2  5.970899e+004 9.146429e+004 -4.264661e-001 -3.015571e-001
catch 1 3 2001 -9 3  1.341756e+004 2.287945e+004 -5.336753e-001 -3.773654e-001
catch 1 3 2002 -9 0  1.182692e+006 8.584342e+005 3.204388e-001 2.774742e-001
catch 1 3 2002 -9 1  1.199165e+006 5.847740e+005 7.181553e-001 5.078127e-001
catch 1 3 2002 -9 2  2.968999e+005 7.513435e+004 1.374117e+000 9.716477e-001
catch 1 3 2002 -9 3  6.571838e+004 1.046681e+004 1.837169e+000 1.299075e+000
catch 1 3 2003 -9 0  7.132288e+005 8.916610e+005 -2.232837e-001 -1.933457e-001
catch 1 3 2003 -9 1  3.982388e+004 7.235617e+005 -2.899719e+000 -2.050412e+000
catch 1 3 2003 -9 2  2.977379e+004 7.697635e+004 -9.498698e-001 -6.716594e-001
catch 1 3 2003 -9 3  2.642724e+004 9.730072e+003 9.991739e-001 7.065227e-001
catch 1 3 2004 -9 0  5.233945e+006 2.393229e+006 7.825217e-001 6.776008e-001
catch 1 3 2004 -9 1  3.099547e+005 1.013581e+006 -1.184818e+000 -8.377936e-001
catch 1 3 2004 -9 2  4.414466e+004 8.055424e+004 -6.014588e-001 -4.252956e-001
catch 1 3 2004 -9 3  1.570659e+004 7.966318e+003 6.788579e-001 4.800250e-001
catch 1 3 2005 -9 0  1.089274e+006 5.702466e+005 6.471978e-001 5.604213e-001
catch 1 3 2005 -9 1  5.408581e+006 1.631659e+006 1.198390e+000 8.473898e-001
catch 1 3 2005 -9 2  2.307033e+005 1.086462e+005 7.530359e-001 5.324768e-001
catch 1 3 2005 -9 3  3.855678e+004 7.717312e+003 1.608666e+000 1.137499e+000
catch 1 3 2006 -9 0  1.767420e+005 9.058437e+005 -1.634176e+000 -1.415065e+000
catch 1 3 2006 -9 1  1.295411e+005 6.168728e+005 -1.560665e+000 -1.103557e+000
catch 1 3 2006 -9 2  1.765847e+005 2.184733e+005 -2.128633e-001 -1.505171e-001
catch 1 3 2006 -9 3  1.093285e+004 1.375582e+004 -2.296895e-001 -1.624150e-001
catch 1 3 2007 -9 0  4.044523e+005 6.292214e+005 -4.419494e-001 -3.826927e-001
catch 1 3 2007 -9 1  3.297237e+005 7.688544e+005 -8.466466e-001 -5.986699e-001
catch 1 3 2007 -9 2  1.967483e+004 6.977283e+004 -1.265904e+000 -8.951296e-001
catch 1 3 2007 -9 3  2.096368e+004 2.321499e+004 -1.020066e-001 -7.212956e-002
catch 1 3 2008 -9 0  8.937852e+005 1.262102e+006 -3.450685e-001 -2.988016e-001
catch 1 3 2008 -9 1  1.317740e+005 5.782279e+005 -1.478880e+000 -1.045727e+000
catch 1 3 2008 -9 2  4.169166e+004 1.130196e+005 -9.972604e-001 -7.051696e-001
catch 1 3 2008 -9 3  2.185832e+004 1.062082e+004 7.217652e-001 5.103651e-001
catch 1 3 2009 -9 0  1.683623e+005 6.539571e+005 -1.356924e+000 -1.174987e+000
catch 1 3 2009 -9 1  3.385107e+006 1.093874e+006 1.129659e+000 7.987902e-001
catch 1 3 2009 -9 2  5.195155e+005 1.169263e+005 1.491353e+000 1.054546e+000
catch 1 3 2009 -9 3  8.896735e+004 2.349338e+004 1.331551e+000 9.415486e-001
catch 1 3 2010 -9 0  2.984721e+005 6.778013e+005 -8.201777e-001 -7.102080e-001
catch 1 3 2010 -9 1  2.412405e+006 9.034970e+005 9.821065e-001 6.944545e-001
catch 1 3 2010 -9 2  6.832636e+005 3.152414e+005 7.735421e-001 5.469768e-001
catch 1 3 2010 -9 3  9.060303e+004 3.966067e+004 8.261276e-001 5.841604e-001
catch 1 3 2011 -9 0  5.732017e+004 4.783893e+005 -2.121772e+000 -1.837284e+000
catch 1 3 2011 -9 1  2.502465e+005 7.103702e+005 -1.043340e+000 -7.377530e-001
catch 1 3 2011 -9 2  9.583430e+004 2.032518e+005 -7.518251e-001 -5.316206e-001
catch 1 3 2011 -9 3  4.226576e+004 8.739136e+004 -7.264191e-001 -5.136559e-001
catch 1 3 2012 -9 0  7.824030e+004 5.839383e+005 -2.010010e+000 -1.740507e+000
catch 1 3 2012 -9 1  4.637433e+005 6.414847e+005 -3.244541e-001 -2.294238e-001
catch 1 3 2012 -9 2  8.691001e+004 1.509083e+005 -5.517992e-001 -3.901809e-001
catch 1 3 2012 -9 3  3.015657e+004 5.489116e+004 -5.989495e-001 -4.235213e-001
catch 1 3 2013 -9 0  1.936784e+005 1.509722e+006 -2.053482e+000 -1.778150e+000
catch 1 3 2013 -9 1  1.553694e+003 5.724083e+005 -5.909217e+000 -4.178450e+000
catch 1 3 2013 -9 2  2.446721e+003 1.075848e+005 -3.783531e+000 -2.675360e+000
catch 1 3 2013 -9 3  4.794058e+003 3.010855e+004 -1.837432e+000 -1.299261e+000
catch 1 3 2014 -9 0  1.755944e+006 8.311768e+005 7.479195e-001 6.476381e-001
catch 1 3 2014 -9 1  2.496884e+006 1.184078e+006 7.460794e-001 5.275580e-001
catch 1 3 2014 -9 2  1.773282e+005 1.218717e+005 3.750339e-001 2.651890e-001
catch 1 3 2014 -9 3  2.168520e+004 2.764193e+004 -2.427041e-001 -1.716177e-001
catch 1 3 2015 -9 0  3.745043e+005 1.081180e+006 -1.060205e+000 -9.180525e-001
catch 1 3 2015 -9 1  1.926029e+006 2.168998e+006 -1.188049e-001 -8.400781e-002
catch 1 3 2015 -9 2  7.331052e+005 4.667158e+005 4.515688e-001 3.193074e-001
catch 1 3 2015 -9 3  9.022253e+004 5.623541e+004 4.727326e-001 3.342725e-001
catch 1 3 2016 -9 0  5.339544e+005 2.205805e+006 -1.418537e+000 -1.228339e+000
catch 1 3 2016 -9 1  4.771492e+004 1.184781e+006 -3.212069e+000 -2.271277e+000
catch 1 3 2016 -9 2  7.357778e+003 1.848478e+005 -3.223775e+000 -2.279553e+000
catch 1 3 2016 -9 3  2.717945e+003 3.996208e+004 -2.688055e+000 -1.900742e+000
catch 1 3 2017 -9 0  6.588813e+005 2.016248e+006 -1.118450e+000 -9.684881e-001
catch 1 3 2017 -9 1  8.070100e+005 1.442040e+006 -5.804783e-001 -4.104603e-001
catch 1 3 2017 -9 2  1.840054e+005 1.077307e+005 5.353305e-001 3.785358e-001
catch 1 3 2017 -9 3  6.805210e+004 1.727422e+004 1.371059e+000 9.694849e-001
catch 1 3 2018 -9 0  1.209125e+005 1.682608e+006 -2.633033e+000 -2.279995e+000
catch 1 3 2018 -9 1  9.785722e+005 2.101885e+006 -7.644953e-001 -5.405801e-001
catch 1 3 2018 -9 2  2.676565e+005 2.155723e+005 2.164084e-001 1.530238e-001
catch 1 3 2018 -9 3  6.436977e+003 1.733458e+004 -9.906442e-001 -7.004912e-001
catch 1 4 1974 -9 0  1.302331e+006 1.302287e+006 3.343866e-005 3.343864e-004
catch 1 4 1974 -9 1  2.511315e+006 2.511295e+006 7.907429e-006 7.907425e-005
catch 1 4 1974 -9 2  3.591170e+005 3.576471e+005 4.101522e-003 4.101521e-002
catch 1 4 1974 -9 3  1.482161e+004 1.488331e+004 -4.153818e-003 -4.153817e-002
catch 1 4 1975 -9 0  -99.9 -99.9 -99.9  -99.9
catch 1 4 1975 -9 1  -99.9 -99.9 -99.9  -99.9
catch 1 4 1975 -9 2  -99.9 -99.9 -99.9  -99.9
catch 1 4 1975 -9 3  -99.9 -99.9 -99.9  -99.9
catch 1 4 1976 -9 0  -99.9 -99.9 -99.9  -99.9
catch 1 4 1976 -9 1  -99.9 -99.9 -99.9  -99.9
catch 1 4 1976 -9 2  -99.9 -99.9 -99.9  -99.9
catch 1 4 1976 -9 3  -99.9 -99.9 -99.9  -99.9
catch 1 4 1977 -9 0  -99.9 -99.9 -99.9  -99.9
catch 1 4 1977 -9 1  -99.9 -99.9 -99.9  -99.9
catch 1 4 1977 -9 2  -99.9 -99.9 -99.9  -99.9
catch 1 4 1977 -9 3  -99.9 -99.9 -99.9  -99.9
catch 1 4 1978 -9 0  -99.9 -99.9 -99.9  -99.9
catch 1 4 1978 -9 1  -99.9 -99.9 -99.9  -99.9
catch 1 4 1978 -9 2  -99.9 -99.9 -99.9  -99.9
catch 1 4 1978 -9 3  -99.9 -99.9 -99.9  -99.9
catch 1 4 1979 -9 0  -99.9 -99.9 -99.9  -99.9
catch 1 4 1979 -9 1  -99.9 -99.9 -99.9  -99.9
catch 1 4 1979 -9 2  -99.9 -99.9 -99.9  -99.9
catch 1 4 1979 -9 3  -99.9 -99.9 -99.9  -99.9
catch 1 4 1980 -9 0  -99.9 -99.9 -99.9  -99.9
catch 1 4 1980 -9 1  -99.9 -99.9 -99.9  -99.9
catch 1 4 1980 -9 2  -99.9 -99.9 -99.9  -99.9
catch 1 4 1980 -9 3  -99.9 -99.9 -99.9  -99.9
catch 1 4 1981 -9 0  -99.9 -99.9 -99.9  -99.9
catch 1 4 1981 -9 1  -99.9 -99.9 -99.9  -99.9
catch 1 4 1981 -9 2  -99.9 -99.9 -99.9  -99.9
catch 1 4 1981 -9 3  -99.9 -99.9 -99.9  -99.9
catch 1 4 1982 -9 0  -99.9 -99.9 -99.9  -99.9
catch 1 4 1982 -9 1  -99.9 -99.9 -99.9  -99.9
catch 1 4 1982 -9 2  -99.9 -99.9 -99.9  -99.9
catch 1 4 1982 -9 3  -99.9 -99.9 -99.9  -99.9
catch 1 4 1983 -9 0  -99.9 -99.9 -99.9  -99.9
catch 1 4 1983 -9 1  -99.9 -99.9 -99.9  -99.9
catch 1 4 1983 -9 2  -99.9 -99.9 -99.9  -99.9
catch 1 4 1983 -9 3  -99.9 -99.9 -99.9  -99.9
catch 1 4 1984 -9 0  -99.9 -99.9 -99.9  -99.9
catch 1 4 1984 -9 1  -99.9 -99.9 -99.9  -99.9
catch 1 4 1984 -9 2  -99.9 -99.9 -99.9  -99.9
catch 1 4 1984 -9 3  -99.9 -99.9 -99.9  -99.9
catch 1 4 1985 -9 0  -99.9 -99.9 -99.9  -99.9
catch 1 4 1985 -9 1  -99.9 -99.9 -99.9  -99.9
catch 1 4 1985 -9 2  -99.9 -99.9 -99.9  -99.9
catch 1 4 1985 -9 3  -99.9 -99.9 -99.9  -99.9
catch 1 4 1986 -9 0  -99.9 -99.9 -99.9  -99.9
catch 1 4 1986 -9 1  -99.9 -99.9 -99.9  -99.9
catch 1 4 1986 -9 2  -99.9 -99.9 -99.9  -99.9
catch 1 4 1986 -9 3  -99.9 -99.9 -99.9  -99.9
catch 1 4 1987 -9 0  -99.9 -99.9 -99.9  -99.9
catch 1 4 1987 -9 1  -99.9 -99.9 -99.9  -99.9
catch 1 4 1987 -9 2  -99.9 -99.9 -99.9  -99.9
catch 1 4 1987 -9 3  -99.9 -99.9 -99.9  -99.9
catch 1 4 1988 -9 0  -99.9 -99.9 -99.9  -99.9
catch 1 4 1988 -9 1  -99.9 -99.9 -99.9  -99.9
catch 1 4 1988 -9 2  -99.9 -99.9 -99.9  -99.9
catch 1 4 1988 -9 3  -99.9 -99.9 -99.9  -99.9
catch 1 4 1989 -9 0  -99.9 -99.9 -99.9  -99.9
catch 1 4 1989 -9 1  -99.9 -99.9 -99.9  -99.9
catch 1 4 1989 -9 2  -99.9 -99.9 -99.9  -99.9
catch 1 4 1989 -9 3  -99.9 -99.9 -99.9  -99.9
catch 1 4 1990 -9 0  -99.9 -99.9 -99.9  -99.9
catch 1 4 1990 -9 1  -99.9 -99.9 -99.9  -99.9
catch 1 4 1990 -9 2  -99.9 -99.9 -99.9  -99.9
catch 1 4 1990 -9 3  -99.9 -99.9 -99.9  -99.9
catch 1 4 1991 -9 0  -99.9 -99.9 -99.9  -99.9
catch 1 4 1991 -9 1  -99.9 -99.9 -99.9  -99.9
catch 1 4 1991 -9 2  -99.9 -99.9 -99.9  -99.9
catch 1 4 1991 -9 3  -99.9 -99.9 -99.9  -99.9
catch 1 4 1992 -9 0  -99.9 -99.9 -99.9  -99.9
catch 1 4 1992 -9 1  -99.9 -99.9 -99.9  -99.9
catch 1 4 1992 -9 2  -99.9 -99.9 -99.9  -99.9
catch 1 4 1992 -9 3  -99.9 -99.9 -99.9  -99.9
catch 1 4 1993 -9 0  -99.9 -99.9 -99.9  -99.9
catch 1 4 1993 -9 1  -99.9 -99.9 -99.9  -99.9
catch 1 4 1993 -9 2  -99.9 -99.9 -99.9  -99.9
catch 1 4 1993 -9 3  -99.9 -99.9 -99.9  -99.9
catch 1 4 1994 -9 0  -99.9 -99.9 -99.9  -99.9
catch 1 4 1994 -9 1  -99.9 -99.9 -99.9  -99.9
catch 1 4 1994 -9 2  -99.9 -99.9 -99.9  -99.9
catch 1 4 1994 -9 3  -99.9 -99.9 -99.9  -99.9
catch 1 4 1995 -9 0  -99.9 -99.9 -99.9  -99.9
catch 1 4 1995 -9 1  -99.9 -99.9 -99.9  -99.9
catch 1 4 1995 -9 2  -99.9 -99.9 -99.9  -99.9
catch 1 4 1995 -9 3  -99.9 -99.9 -99.9  -99.9
catch 1 4 1996 -9 0  -99.9 -99.9 -99.9  -99.9
catch 1 4 1996 -9 1  -99.9 -99.9 -99.9  -99.9
catch 1 4 1996 -9 2  -99.9 -99.9 -99.9  -99.9
catch 1 4 1996 -9 3  -99.9 -99.9 -99.9  -99.9
catch 1 4 1997 -9 0  -99.9 -99.9 -99.9  -99.9
catch 1 4 1997 -9 1  -99.9 -99.9 -99.9  -99.9
catch 1 4 1997 -9 2  -99.9 -99.9 -99.9  -99.9
catch 1 4 1997 -9 3  -99.9 -99.9 -99.9  -99.9
catch 1 4 1998 -9 0  -99.9 -99.9 -99.9  -99.9
catch 1 4 1998 -9 1  -99.9 -99.9 -99.9  -99.9
catch 1 4 1998 -9 2  -99.9 -99.9 -99.9  -99.9
catch 1 4 1998 -9 3  -99.9 -99.9 -99.9  -99.9
catch 1 4 1999 -9 0  -99.9 -99.9 -99.9  -99.9
catch 1 4 1999 -9 1  -99.9 -99.9 -99.9  -99.9
catch 1 4 1999 -9 2  -99.9 -99.9 -99.9  -99.9
catch 1 4 1999 -9 3  -99.9 -99.9 -99.9  -99.9
catch 1 4 2000 -9 0  -99.9 -99.9 -99.9  -99.9
catch 1 4 2000 -9 1  -99.9 -99.9 -99.9  -99.9
catch 1 4 2000 -9 2  -99.9 -99.9 -99.9  -99.9
catch 1 4 2000 -9 3  -99.9 -99.9 -99.9  -99.9
catch 1 4 2001 -9 0  -99.9 -99.9 -99.9  -99.9
catch 1 4 2001 -9 1  -99.9 -99.9 -99.9  -99.9
catch 1 4 2001 -9 2  -99.9 -99.9 -99.9  -99.9
catch 1 4 2001 -9 3  -99.9 -99.9 -99.9  -99.9
catch 1 4 2002 -9 0  -99.9 -99.9 -99.9  -99.9
catch 1 4 2002 -9 1  -99.9 -99.9 -99.9  -99.9
catch 1 4 2002 -9 2  -99.9 -99.9 -99.9  -99.9
catch 1 4 2002 -9 3  -99.9 -99.9 -99.9  -99.9
catch 1 4 2003 -9 0  -99.9 -99.9 -99.9  -99.9
catch 1 4 2003 -9 1  -99.9 -99.9 -99.9  -99.9
catch 1 4 2003 -9 2  -99.9 -99.9 -99.9  -99.9
catch 1 4 2003 -9 3  -99.9 -99.9 -99.9  -99.9
catch 1 4 2004 -9 0  -99.9 -99.9 -99.9  -99.9
catch 1 4 2004 -9 1  -99.9 -99.9 -99.9  -99.9
catch 1 4 2004 -9 2  -99.9 -99.9 -99.9  -99.9
catch 1 4 2004 -9 3  -99.9 -99.9 -99.9  -99.9
catch 1 4 2005 -9 0  -99.9 -99.9 -99.9  -99.9
catch 1 4 2005 -9 1  -99.9 -99.9 -99.9  -99.9
catch 1 4 2005 -9 2  -99.9 -99.9 -99.9  -99.9
catch 1 4 2005 -9 3  -99.9 -99.9 -99.9  -99.9
catch 1 4 2006 -9 0  -99.9 -99.9 -99.9  -99.9
catch 1 4 2006 -9 1  -99.9 -99.9 -99.9  -99.9
catch 1 4 2006 -9 2  -99.9 -99.9 -99.9  -99.9
catch 1 4 2006 -9 3  -99.9 -99.9 -99.9  -99.9
catch 1 4 2007 -9 0  -99.9 -99.9 -99.9  -99.9
catch 1 4 2007 -9 1  -99.9 -99.9 -99.9  -99.9
catch 1 4 2007 -9 2  -99.9 -99.9 -99.9  -99.9
catch 1 4 2007 -9 3  -99.9 -99.9 -99.9  -99.9
catch 1 4 2008 -9 0  -99.9 -99.9 -99.9  -99.9
catch 1 4 2008 -9 1  -99.9 -99.9 -99.9  -99.9
catch 1 4 2008 -9 2  -99.9 -99.9 -99.9  -99.9
catch 1 4 2008 -9 3  -99.9 -99.9 -99.9  -99.9
catch 1 4 2009 -9 0  -99.9 -99.9 -99.9  -99.9
catch 1 4 2009 -9 1  -99.9 -99.9 -99.9  -99.9
catch 1 4 2009 -9 2  -99.9 -99.9 -99.9  -99.9
catch 1 4 2009 -9 3  -99.9 -99.9 -99.9  -99.9
catch 1 4 2010 -9 0  -99.9 -99.9 -99.9  -99.9
catch 1 4 2010 -9 1  -99.9 -99.9 -99.9  -99.9
catch 1 4 2010 -9 2  -99.9 -99.9 -99.9  -99.9
catch 1 4 2010 -9 3  -99.9 -99.9 -99.9  -99.9
catch 1 4 2011 -9 0  -99.9 -99.9 -99.9  -99.9
catch 1 4 2011 -9 1  -99.9 -99.9 -99.9  -99.9
catch 1 4 2011 -9 2  -99.9 -99.9 -99.9  -99.9
catch 1 4 2011 -9 3  -99.9 -99.9 -99.9  -99.9
catch 1 4 2012 -9 0  -99.9 -99.9 -99.9  -99.9
catch 1 4 2012 -9 1  -99.9 -99.9 -99.9  -99.9
catch 1 4 2012 -9 2  -99.9 -99.9 -99.9  -99.9
catch 1 4 2012 -9 3  -99.9 -99.9 -99.9  -99.9
catch 1 4 2013 -9 0  -99.9 -99.9 -99.9  -99.9
catch 1 4 2013 -9 1  -99.9 -99.9 -99.9  -99.9
catch 1 4 2013 -9 2  -99.9 -99.9 -99.9  -99.9
catch 1 4 2013 -9 3  -99.9 -99.9 -99.9  -99.9
catch 1 4 2014 -9 0  -99.9 -99.9 -99.9  -99.9
catch 1 4 2014 -9 1  -99.9 -99.9 -99.9  -99.9
catch 1 4 2014 -9 2  -99.9 -99.9 -99.9  -99.9
catch 1 4 2014 -9 3  -99.9 -99.9 -99.9  -99.9
catch 1 4 2015 -9 0  -99.9 -99.9 -99.9  -99.9
catch 1 4 2015 -9 1  -99.9 -99.9 -99.9  -99.9
catch 1 4 2015 -9 2  -99.9 -99.9 -99.9  -99.9
catch 1 4 2015 -9 3  -99.9 -99.9 -99.9  -99.9
catch 1 4 2016 -9 0  -99.9 -99.9 -99.9  -99.9
catch 1 4 2016 -9 1  -99.9 -99.9 -99.9  -99.9
catch 1 4 2016 -9 2  -99.9 -99.9 -99.9  -99.9
catch 1 4 2016 -9 3  -99.9 -99.9 -99.9  -99.9
catch 1 4 2017 -9 0  -99.9 -99.9 -99.9  -99.9
catch 1 4 2017 -9 1  -99.9 -99.9 -99.9  -99.9
catch 1 4 2017 -9 2  -99.9 -99.9 -99.9  -99.9
catch 1 4 2017 -9 3  -99.9 -99.9 -99.9  -99.9
catch 1 4 2018 -9 0  -99.9 -99.9 -99.9  -99.9
catch 1 4 2018 -9 1  -99.9 -99.9 -99.9  -99.9
catch 1 4 2018 -9 2  -99.9 -99.9 -99.9  -99.9
catch 1 4 2018 -9 3  -99.9 -99.9 -99.9  -99.9
survey 1 3 1982 1 0  2.526187e+006 6.228012e+006 -9.023463e-001 -1.921695e+000
survey 1 3 1982 1 1  5.512617e+006 7.167546e+006 -2.625240e-001 -6.226483e-001
survey 1 3 1982 1 2  5.741734e+006 3.019074e+006 6.428110e-001 1.524604e+000
survey 1 3 1982 1 3  4.711138e+005 3.264372e+005 3.668621e-001 8.701150e-001
survey 1 3 1983 1 0  6.191802e+006 9.583202e+006 -4.367856e-001 -9.302066e-001
survey 1 3 1983 1 1  5.536855e+006 3.214972e+006 5.436080e-001 1.289317e+000
survey 1 3 1983 1 2  1.001864e+006 5.654278e+005 5.720354e-001 1.356740e+000
survey 1 3 1983 1 3  2.568731e+005 2.162017e+005 1.723703e-001 4.088239e-001
survey 1 3 1984 1 0  3.745944e+006 2.914158e+006 2.510927e-001 5.347431e-001
survey 1 3 1984 1 1  2.924076e+006 6.047223e+006 -7.266207e-001 -1.723382e+000
survey 1 3 1984 1 2  7.508271e+005 6.617049e+005 1.263557e-001 2.996875e-001
survey 1 3 1984 1 3  1.925450e+005 1.182598e+005 4.874458e-001 1.156113e+000
survey 1 3 1985 1 0  1.163382e+006 1.380301e+006 -1.709705e-001 -3.641097e-001
survey 1 3 1985 1 1  1.373039e+006 2.081057e+006 -4.158489e-001 -9.863009e-001
survey 1 3 1985 1 2  3.925010e+005 7.040871e+005 -5.843630e-001 -1.385979e+000
survey 1 3 1985 1 3  9.993060e+004 8.090373e+004 2.112160e-001 5.009573e-001
survey 1 3 1986 1 0  5.032837e+006 9.292358e+006 -6.132085e-001 -1.305928e+000
survey 1 3 1986 1 1  8.606109e+005 1.343734e+006 -4.455651e-001 -1.056781e+000
survey 1 3 1986 1 2  2.514272e+005 2.873390e+005 -1.335094e-001 -3.166545e-001
survey 1 3 1986 1 3  9.769170e+004 1.025093e+005 -4.813735e-002 -1.141711e-001
survey 1 3 1987 1 0  2.486628e+006 3.171973e+006 -2.434261e-001 -5.184159e-001
survey 1 3 1987 1 1  7.899238e+006 6.758069e+006 1.560291e-001 3.700662e-001
survey 1 3 1987 1 2  7.711692e+005 4.403091e+005 5.604309e-001 1.329217e+000
survey 1 3 1987 1 3  1.514822e+005 1.250660e+005 1.916262e-001 4.544947e-001
survey 1 3 1988 1 0  7.449701e+006 5.337134e+006 3.334851e-001 7.102113e-001
survey 1 3 1988 1 1  1.549291e+006 2.007426e+006 -2.590555e-001 -6.144220e-001
survey 1 3 1988 1 2  1.148774e+006 7.021853e+005 4.922535e-001 1.167516e+000
survey 1 3 1988 1 3  1.132588e+005 5.471455e+004 7.275456e-001 1.725576e+000
survey 1 3 1989 1 0  3.601083e+006 4.563898e+006 -2.369423e-001 -5.046076e-001
survey 1 3 1989 1 1  1.859464e+006 4.495370e+006 -8.827596e-001 -2.093709e+000
survey 1 3 1989 1 2  4.758036e+005 6.985028e+005 -3.839340e-001 -9.106058e-001
survey 1 3 1989 1 3  2.118001e+005 2.610404e+005 -2.090325e-001 -4.957785e-001
survey 1 3 1990 1 0  1.412224e+007 8.660399e+006 4.889901e-001 1.041385e+000
survey 1 3 1990 1 1  1.763336e+006 2.185372e+006 -2.145787e-001 -5.089329e-001
survey 1 3 1990 1 2  3.343813e+005 3.596060e+005 -7.272693e-002 -1.724921e-001
survey 1 3 1990 1 3  7.582099e+004 6.018951e+004 2.308770e-001 5.475889e-001
survey 1 3 1991 1 0  1.882139e+007 2.254578e+007 -1.805538e-001 -3.845189e-001
survey 1 3 1991 1 1  2.815201e+006 5.590565e+006 -6.860467e-001 -1.627150e+000
survey 1 3 1991 1 2  3.696056e+005 5.196565e+005 -3.407317e-001 -8.081395e-001
survey 1 3 1991 1 3  9.645289e+004 7.268393e+004 2.829344e-001 6.710572e-001
survey 1 3 1992 1 0  1.863182e+007 2.497305e+007 -2.929264e-001 -6.238348e-001
survey 1 3 1992 1 1  1.224852e+007 1.086714e+007 1.196618e-001 2.838110e-001
survey 1 3 1992 1 2  1.032482e+006 1.286952e+006 -2.203115e-001 -5.225297e-001
survey 1 3 1992 1 3  1.070941e+005 1.046653e+005 2.294011e-002 5.440881e-002
survey 1 3 1993 1 0  1.195289e+007 4.642379e+007 -1.356839e+000 -2.889611e+000
survey 1 3 1993 1 1  8.873467e+006 7.738618e+006 1.368425e-001 3.245600e-001
survey 1 3 1993 1 2  1.320079e+006 9.071637e+005 3.751241e-001 8.897108e-001
survey 1 3 1993 1 3  8.288374e+004 8.579967e+004 -3.457626e-002 -8.200718e-002
survey 1 3 1994 1 0  2.258852e+007 3.205281e+007 -3.499433e-001 -7.452617e-001
survey 1 3 1994 1 1  2.257140e+007 1.823199e+007 2.135061e-001 5.063889e-001
survey 1 3 1994 1 2  2.633858e+006 1.992801e+006 2.789087e-001 6.615092e-001
survey 1 3 1994 1 3  1.039110e+005 1.862210e+005 -5.833994e-001 -1.383693e+000
survey 1 3 1995 1 0  6.046733e+006 4.295881e+006 3.418614e-001 7.280501e-001
survey 1 3 1995 1 1  9.670273e+006 1.005180e+007 -3.869546e-002 -9.177699e-002
survey 1 3 1995 1 2  1.996581e+006 1.935957e+006 3.083459e-002 7.313276e-002
survey 1 3 1995 1 3  2.825292e+005 1.679530e+005 5.200977e-001 1.233556e+000
survey 1 3 1996 1 0  5.993354e+006 8.849352e+006 -3.896930e-001 -8.299153e-001
survey 1 3 1996 1 1  2.700975e+006 3.432109e+006 -2.395619e-001 -5.681873e-001
survey 1 3 1996 1 2  1.681384e+006 1.354760e+006 2.159931e-001 5.122874e-001
survey 1 3 1996 1 3  2.751258e+005 2.000696e+005 3.185632e-001 7.555610e-001
survey 1 3 1997 1 0  1.072937e+007 7.604425e+006 3.442548e-001 7.331470e-001
survey 1 3 1997 1 1  1.104108e+007 7.561243e+006 3.785868e-001 8.979236e-001
survey 1 3 1997 1 2  1.807766e+006 7.994922e+005 8.158706e-001 1.935063e+000
survey 1 3 1997 1 3  1.605616e+005 2.684242e+005 -5.138908e-001 -1.218834e+000
survey 1 3 1998 1 0  5.183400e+007 2.451142e+007 7.489073e-001 1.594921e+000
survey 1 3 1998 1 1  5.837358e+006 4.700596e+006 2.165889e-001 5.137006e-001
survey 1 3 1998 1 2  7.375699e+005 7.273990e+005 1.388573e-002 3.293385e-002
survey 1 3 1998 1 3  5.308166e+004 6.857238e+004 -2.560583e-001 -6.073132e-001
survey 1 3 1999 1 0  2.017439e+007 1.609850e+007 2.256878e-001 4.806392e-001
survey 1 3 1999 1 1  1.164352e+007 1.376185e+007 -1.671503e-001 -3.964432e-001
survey 1 3 1999 1 2  1.504494e+006 1.148225e+006 2.702392e-001 6.409471e-001
survey 1 3 1999 1 3  2.503558e+005 1.402727e+005 5.792944e-001 1.373957e+000
survey 1 3 2000 1 0  1.997862e+007 1.361622e+007 3.834013e-001 8.165161e-001
survey 1 3 2000 1 1  1.309083e+007 7.310065e+006 5.826601e-001 1.381940e+000
survey 1 3 2000 1 2  2.391419e+006 1.612961e+006 3.938153e-001 9.340422e-001
survey 1 3 2000 1 3  1.399502e+005 1.082416e+005 2.569207e-001 6.093587e-001
survey 1 3 2001 1 0  1.191954e+007 1.105536e+007 7.526349e-002 1.602860e-001
survey 1 3 2001 1 1  9.689649e+006 6.691285e+006 3.702523e-001 8.781560e-001
survey 1 3 2001 1 2  8.771174e+005 7.795835e+005 1.178811e-001 2.795878e-001
survey 1 3 2001 1 3  1.039286e+005 1.321704e+005 -2.403880e-001 -5.701468e-001
survey 1 3 2002 1 0  2.493114e+007 1.657008e+007 4.085189e-001 8.700081e-001
survey 1 3 2002 1 1  5.894096e+006 5.448850e+006 7.854657e-002 1.862949e-001
survey 1 3 2002 1 2  6.644089e+005 6.062108e+005 9.167000e-002 2.174208e-001
survey 1 3 2002 1 3  5.539692e+004 5.723705e+004 -3.267737e-002 -7.750343e-002
survey 1 3 2003 1 0  4.084377e+007 2.669260e+007 4.253677e-001 9.058905e-001
survey 1 3 2003 1 1  6.852797e+006 8.771055e+006 -2.468002e-001 -5.853549e-001
survey 1 3 2003 1 2  1.066366e+006 8.079824e+005 2.774715e-001 6.581005e-001
survey 1 3 2003 1 3  9.076133e+004 6.922106e+004 2.709281e-001 6.425811e-001
survey 1 3 2004 1 0  8.918279e+007 6.568739e+007 3.057811e-001 6.512111e-001
survey 1 3 2004 1 1  6.755286e+006 8.083602e+006 -1.795122e-001 -4.257628e-001
survey 1 3 2004 1 2  2.906150e+005 5.562926e+005 -6.492950e-001 -1.539983e+000
survey 1 3 2004 1 3  2.718197e+004 3.728638e+004 -3.160742e-001 -7.496574e-001
survey 1 3 2005 1 0  1.230441e+007 1.219671e+007 8.791784e-003 1.872355e-002
survey 1 3 2005 1 1  1.416990e+007 1.886061e+007 -2.859556e-001 -6.782228e-001
survey 1 3 2005 1 2  5.867636e+005 1.087450e+006 -6.169684e-001 -1.463312e+000
survey 1 3 2005 1 3  7.654008e+004 5.235261e+004 3.798128e-001 9.008312e-001
survey 1 3 2006 1 0  1.917763e+007 1.734319e+007 1.005441e-001 2.141253e-001
survey 1 3 2006 1 1  1.035569e+007 5.606240e+006 6.136558e-001 1.455455e+000
survey 1 3 2006 1 2  1.628798e+006 1.719264e+006 -5.405410e-002 -1.282043e-001
survey 1 3 2006 1 3  1.250623e+005 7.336829e+004 5.333199e-001 1.264916e+000
survey 1 3 2007 1 0  1.526985e+007 1.035235e+007 3.886669e-001 8.277300e-001
survey 1 3 2007 1 1  8.030607e+006 7.262195e+006 1.005779e-001 2.385483e-001
survey 1 3 2007 1 2  4.740010e+005 5.706614e+005 -1.855866e-001 -4.401700e-001
survey 1 3 2007 1 3  8.525555e+004 1.286880e+005 -4.117379e-001 -9.765506e-001
survey 1 3 2008 1 0  4.133598e+007 4.072553e+007 1.487833e-002 3.168584e-002
survey 1 3 2008 1 1  3.120304e+006 6.466012e+006 -7.286291e-001 -1.728146e+000
survey 1 3 2008 1 2  3.404328e+005 1.094359e+006 -1.167706e+000 -2.769538e+000
survey 1 3 2008 1 3  3.832756e+004 6.970142e+004 -5.980515e-001 -1.418445e+000
survey 1 3 2009 1 0  3.288300e+007 2.901807e+007 1.250370e-001 2.662868e-001
survey 1 3 2009 1 1  2.489705e+007 1.905907e+007 2.672063e-001 6.337537e-001
survey 1 3 2009 1 2  1.186655e+006 1.764066e+006 -3.964832e-001 -9.403698e-001
survey 1 3 2009 1 3  1.758614e+005 2.402292e+005 -3.118974e-001 -7.397510e-001
survey 1 3 2010 1 0  1.078333e+007 2.434711e+007 -8.144113e-001 -1.734423e+000
survey 1 3 2010 1 1  9.262458e+006 1.359496e+007 -3.837296e-001 -9.101211e-001
survey 1 3 2010 1 2  2.062065e+006 4.107360e+006 -6.890723e-001 -1.634326e+000
survey 1 3 2010 1 3  4.756240e+005 3.502331e+005 3.060287e-001 7.258318e-001
survey 1 3 2011 1 0  3.356603e+007 1.632646e+007 7.207274e-001 1.534907e+000
survey 1 3 2011 1 1  3.143308e+007 1.176698e+007 9.825633e-001 2.330421e+000
survey 1 3 2011 1 2  2.451160e+006 2.915300e+006 -1.734113e-001 -4.112929e-001
survey 1 3 2011 1 3  3.666556e+005 8.495616e+005 -8.402976e-001 -1.992998e+000
survey 1 3 2012 1 0  1.137772e+007 1.157050e+007 -1.680133e-002 -3.578119e-002
survey 1 3 2012 1 1  1.116849e+007 7.004127e+006 4.665966e-001 1.106663e+000
survey 1 3 2012 1 2  2.031906e+006 1.426754e+006 3.535724e-001 8.385948e-001
survey 1 3 2012 1 3  2.930622e+005 3.517354e+005 -1.824943e-001 -4.328358e-001
survey 1 3 2013 1 0  3.886605e+007 6.290896e+007 -4.815676e-001 -1.025577e+000
survey 1 3 2013 1 1  4.436206e+006 7.041869e+006 -4.620740e-001 -1.095936e+000
survey 1 3 2013 1 2  5.065460e+005 1.146044e+006 -8.164560e-001 -1.936452e+000
survey 1 3 2013 1 3  9.871273e+004 2.173791e+005 -7.894289e-001 -1.872349e+000
survey 1 3 2014 1 0  7.727188e+007 7.978562e+007 -3.201321e-002 -6.817740e-002
survey 1 3 2014 1 1  3.460669e+007 3.074249e+007 1.184015e-001 2.808220e-001
survey 1 3 2014 1 2  3.170902e+006 2.739870e+006 1.461057e-001 3.465301e-001
survey 1 3 2014 1 3  2.665091e+005 4.211853e+005 -4.576644e-001 -1.085478e+000
survey 1 3 2015 1 0  2.112309e+007 3.030121e+007 -3.608209e-001 -7.684274e-001
survey 1 3 2015 1 1  3.409890e+007 2.349149e+007 3.726269e-001 8.837879e-001
survey 1 3 2015 1 2  6.758490e+006 4.376955e+006 4.344461e-001 1.030409e+000
survey 1 3 2015 1 3  3.776337e+005 3.574432e+005 5.494804e-002 1.303245e-001
survey 1 3 2016 1 0  1.031713e+008 4.372926e+007 8.583732e-001 1.828047e+000
survey 1 3 2016 1 1  1.707447e+007 7.928998e+006 7.670579e-001 1.819290e+000
survey 1 3 2016 1 2  1.280025e+006 1.071181e+006 1.781178e-001 4.224558e-001
survey 1 3 2016 1 3  1.514551e+005 1.569546e+005 -3.566760e-002 -8.459559e-002
survey 1 3 2017 1 0  1.044087e+008 7.839745e+007 2.865212e-001 6.101940e-001
survey 1 3 2017 1 1  1.547476e+007 1.526414e+007 1.370407e-002 3.250300e-002
survey 1 3 2017 1 2  9.459750e+005 9.874220e+005 -4.288134e-002 -1.017050e-001
survey 1 3 2017 1 3  1.138442e+005 1.073098e+005 5.911120e-002 1.401986e-001
survey 1 3 2018 1 0  6.097175e+007 5.839986e+007 4.309708e-002 9.178231e-002
survey 1 3 2018 1 1  2.511994e+007 2.213648e+007 1.264349e-001 2.998754e-001
survey 1 3 2018 1 2  2.260570e+006 1.965897e+006 1.396681e-001 3.312617e-001
survey 1 3 2018 1 3  9.585000e+004 1.071418e+005 -1.113686e-001 -2.641414e-001
survey 1 1 1992 2 1  1.455586e+007 1.382484e+007 5.152702e-002 1.115722e-001
survey 1 1 1992 2 2  2.633020e+006 1.745344e+006 4.111797e-001 1.267338e+000
survey 1 1 1992 2 3  1.048649e+005 8.848441e+004 1.698463e-001 5.235002e-001
survey 1 1 1993 2 1  5.767651e+006 1.363127e+007 -8.601012e-001 -1.862389e+000
survey 1 1 1993 2 2  3.015219e+006 2.925212e+006 3.030571e-002 9.340826e-002
survey 1 1 1993 2 3  2.177917e+005 1.865061e+005 1.550751e-001 4.779724e-001
survey 1 1 1994 2 1  1.646866e+007 2.243140e+007 -3.090025e-001 -6.690875e-001
survey 1 1 1994 2 2  1.326478e+006 2.408176e+006 -5.963420e-001 -1.838045e+000
survey 1 1 1994 2 3  9.508943e+004 1.407567e+005 -3.922147e-001 -1.208884e+000
survey 1 1 1995 2 1  3.062269e+007 1.703302e+007 5.865871e-001 1.270145e+000
survey 1 1 1995 2 2  7.433288e+006 5.463448e+006 3.078881e-001 9.489728e-001
survey 1 1 1995 2 3  4.545818e+005 3.180031e+005 3.573168e-001 1.101322e+000
survey 1 1 1996 2 1  2.317117e+006 5.318377e+006 -8.308445e-001 -1.799039e+000
survey 1 1 1996 2 2  2.219591e+006 3.208773e+006 -3.685657e-001 -1.135993e+000
survey 1 1 1996 2 3  2.155432e+005 3.082718e+005 -3.578207e-001 -1.102875e+000
survey 1 1 1997 2 1  1.308086e+007 9.415052e+006 3.288408e-001 7.120435e-001
survey 1 1 1997 2 2  1.171944e+006 1.232202e+006 -5.013870e-002 -1.545375e-001
survey 1 1 1997 2 3  2.003852e+005 2.566059e+005 -2.473002e-001 -7.622289e-001
survey 1 1 1998 2 1  2.676263e+006 7.729820e+006 -1.060664e+000 -2.296671e+000
survey 1 1 1998 2 2  1.107920e+006 2.369814e+006 -7.603275e-001 -2.343481e+000
survey 1 1 1998 2 3  1.177949e+005 1.499018e+005 -2.410356e-001 -7.429201e-001
survey 1 1 1999 2 1  1.379278e+007 1.642774e+007 -1.748260e-001 -3.785533e-001
survey 1 1 1999 2 2  1.719505e+006 1.563507e+006 9.510538e-002 2.931338e-001
survey 1 1 1999 2 3  8.259917e+004 1.213335e+005 -3.845433e-001 -1.185240e+000
survey 1 1 2000 2 1  8.212868e+006 1.132608e+007 -3.214055e-001 -6.959439e-001
survey 1 1 2000 2 2  3.228536e+006 4.123983e+006 -2.447907e-001 -7.544938e-001
survey 1 1 2000 2 3  1.338473e+005 1.857535e+005 -3.277206e-001 -1.010100e+000
survey 1 1 2001 2 1  8.998081e+006 1.082626e+007 -1.849638e-001 -4.005048e-001
survey 1 1 2001 2 2  2.277278e+006 2.219301e+006 2.578841e-002 7.948505e-002
survey 1 1 2001 2 3  1.874525e+005 2.537487e+005 -3.028191e-001 -9.333491e-001
survey 1 1 2002 2 1  1.001148e+007 9.109614e+006 9.440213e-002 2.044103e-001
survey 1 1 2002 2 2  1.319291e+006 1.931065e+006 -3.809774e-001 -1.174249e+000
survey 1 1 2002 2 3  1.024760e+005 1.219424e+005 -1.739197e-001 -5.360553e-001
survey 1 1 2003 2 1  1.161032e+007 1.240324e+007 -6.606313e-002 -1.430474e-001
survey 1 1 2003 2 2  1.272970e+006 1.697860e+006 -2.880155e-001 -8.877213e-001
survey 1 1 2003 2 3  6.623057e+004 9.541061e+004 -3.650477e-001 -1.125150e+000
survey 1 1 2004 2 1  1.437133e+007 1.470288e+007 -2.280820e-002 -4.938692e-002
survey 1 1 2004 2 2  1.945227e+006 2.342201e+006 -1.857123e-001 -5.724025e-001
survey 1 1 2004 2 3  1.227912e+005 1.094278e+005 1.152205e-001 3.551327e-001
survey 1 1 2005 2 1  5.283545e+007 2.748359e+007 6.535933e-001 1.415235e+000
survey 1 1 2005 2 2  2.266372e+006 2.340751e+006 -3.229173e-002 -9.952959e-002
survey 1 1 2005 2 3  1.022725e+005 7.573517e+004 3.003980e-001 9.258869e-001
survey 1 1 2006 2 1  9.340785e+006 9.352478e+006 -1.251125e-003 -2.709079e-003
survey 1 1 2006 2 2  5.459057e+006 5.396301e+006 1.156223e-002 3.563710e-002
survey 1 1 2006 2 3  1.554403e+005 1.602432e+005 -3.043090e-002 -9.379411e-002
survey 1 1 2007 2 1  1.054959e+007 1.178434e+007 -1.106852e-001 -2.396682e-001
survey 1 1 2007 2 2  1.552282e+006 1.632507e+006 -5.039052e-002 -1.553137e-001
survey 1 1 2007 2 3  1.847667e+005 2.542324e+005 -3.191548e-001 -9.836990e-001
survey 1 1 2008 2 1  7.894186e+006 9.255210e+006 -1.590600e-001 -3.444149e-001
survey 1 1 2008 2 2  2.085499e+006 2.346611e+006 -1.179637e-001 -3.635876e-001
survey 1 1 2008 2 3  1.307849e+005 1.005170e+005 2.632265e-001 8.113167e-001
survey 1 1 2009 2 1  3.525295e+007 2.290348e+007 4.312604e-001 9.338142e-001
survey 1 1 2009 2 2  3.032568e+006 2.283913e+006 2.835198e-001 8.738648e-001
survey 1 1 2009 2 3  3.378502e+005 1.935147e+005 5.572494e-001 1.717554e+000
survey 1 1 2010 2 1  3.535591e+007 1.818922e+007 6.646363e-001 1.439146e+000
survey 1 1 2010 2 2  9.422666e+006 6.581985e+006 3.587816e-001 1.105837e+000
survey 1 1 2010 2 3  4.282241e+005 3.379136e+005 2.368564e-001 7.300389e-001
survey 1 1 2011 2 1  1.674228e+007 1.584195e+007 5.527549e-002 1.196888e-001
survey 1 1 2011 2 2  8.341042e+006 4.505207e+006 6.159543e-001 1.898494e+000
survey 1 1 2011 2 3  1.191533e+006 7.568454e+005 4.538369e-001 1.398816e+000
survey 1 1 2012 2 1  1.146965e+007 1.129675e+007 1.518888e-002 3.288870e-002
survey 1 1 2012 2 2  5.231406e+006 3.549199e+006 3.879582e-001 1.195765e+000
survey 1 1 2012 2 3  5.756431e+005 5.398789e+005 6.414301e-002 1.977016e-001
survey 1 1 2013 2 1  9.052264e+006 9.963964e+006 -9.596004e-002 -2.077836e-001
survey 1 1 2013 2 2  3.060010e+006 2.265094e+006 3.008019e-001 9.271315e-001
survey 1 1 2013 2 3  4.145336e+005 2.679027e+005 4.365304e-001 1.345474e+000
survey 1 1 2014 2 1  6.318223e+007 3.247183e+007 6.656501e-001 1.441341e+000
survey 1 1 2014 2 2  3.573736e+006 2.627786e+006 3.074701e-001 9.476843e-001
survey 1 1 2014 2 3  2.159651e+005 2.379416e+005 -9.690871e-002 -2.986921e-001
survey 1 1 2015 2 1  5.977589e+007 3.459449e+007 5.469079e-001 1.184227e+000
survey 1 1 2015 2 2  1.861985e+007 1.018090e+007 6.037148e-001 1.860770e+000
survey 1 1 2015 2 3  6.536131e+005 5.301210e+005 2.094104e-001 6.454449e-001
survey 1 1 2016 2 1  2.789139e+007 1.691763e+007 4.999619e-001 1.082575e+000
survey 1 1 2016 2 2  4.266699e+006 6.485116e+006 -4.186694e-001 -1.290423e+000
survey 1 1 2016 2 3  4.822952e+005 6.515567e+005 -3.008081e-001 -9.271507e-001
survey 1 1 2017 2 1  2.775480e+007 2.303384e+007 1.864443e-001 4.037104e-001
survey 1 1 2017 2 2  2.886164e+006 2.396825e+006 1.857835e-001 5.726220e-001
survey 1 1 2017 2 3  1.732660e+005 1.664297e+005 4.025502e-002 1.240740e-001
survey 1 1 2018 2 1  1.870989e+007 3.350492e+007 -5.826400e-001 -1.261599e+000
survey 1 1 2018 2 2  3.123833e+006 4.809964e+006 -4.316289e-001 -1.330367e+000
survey 1 1 2018 2 3  2.007330e+005 1.676060e+005 1.803594e-001 5.559037e-001
survey 1 1 2006 3 1  2.192330e+007 1.760731e+007 2.192356e-001 4.913856e-001
survey 1 1 2006 3 2  2.136790e+007 1.890472e+007 1.224782e-001 2.496559e-001
survey 1 1 2006 3 3  1.413000e+006 1.503402e+006 -6.201564e-002 -1.264108e-001
survey 1 1 2007 3 1  4.286190e+007 2.202001e+007 6.660318e-001 1.492816e+000
survey 1 1 2007 3 2  5.836900e+006 5.607633e+006 4.007108e-002 8.167966e-002
survey 1 1 2007 3 3  2.251900e+006 2.331608e+006 -3.478389e-002 -7.090242e-002
survey 1 1 2008 3 1  1.718800e+007 1.681272e+007 2.207548e-002 4.947908e-002
survey 1 1 2008 3 2  7.867800e+006 7.672232e+006 2.517097e-002 5.130773e-002
survey 1 1 2008 3 3  8.402000e+005 8.808581e+005 -4.725661e-002 -9.632643e-002
survey 1 1 2009 3 1  4.768950e+007 4.054953e+007 1.621871e-001 3.635194e-001
survey 1 1 2009 3 2  1.692040e+007 7.008336e+006 8.814197e-001 1.796659e+000
survey 1 1 2009 3 3  2.814900e+006 1.570428e+006 5.835787e-001 1.189549e+000
survey 1 1 2010 3 1  2.032810e+007 3.341692e+007 -4.970583e-001 -1.114086e+000
survey 1 1 2010 3 2  1.408680e+007 2.142643e+007 -4.193871e-001 -8.548659e-001
survey 1 1 2010 3 3  1.174300e+006 2.812252e+006 -8.733133e-001 -1.780135e+000
survey 1 1 2011 3 1  2.658140e+007 2.914477e+007 -9.206376e-002 -2.063479e-001
survey 1 1 2011 3 2  1.420690e+007 1.491321e+007 -4.851940e-002 -9.890047e-002
survey 1 1 2011 3 3  3.411900e+006 6.241138e+006 -6.038932e-001 -1.230957e+000
survey 1 1 2012 3 1  2.203590e+007 2.176248e+007 1.248557e-002 2.798465e-002
survey 1 1 2012 3 2  1.283110e+007 1.248925e+007 2.700361e-002 5.504333e-002
survey 1 1 2012 3 3  4.693000e+006 4.775806e+006 -1.749063e-002 -3.565237e-002
survey 1 1 2013 3 1  9.346500e+006 1.836047e+007 -6.751982e-001 -1.513362e+000
survey 1 1 2013 3 2  6.341800e+006 7.570815e+006 -1.771381e-001 -3.610729e-001
survey 1 1 2013 3 3  2.048600e+006 2.286479e+006 -1.098563e-001 -2.239277e-001
survey 1 1 2014 3 1  5.901950e+007 5.509023e+007 6.889555e-002 1.544196e-001
survey 1 1 2014 3 2  2.027380e+007 7.708257e+006 9.670373e-001 1.971179e+000
survey 1 1 2014 3 3  3.982400e+006 1.826065e+006 7.797210e-001 1.589360e+000
survey 1 1 2015 3 1  2.708180e+007 6.405756e+007 -8.609201e-001 -1.929631e+000
survey 1 1 2015 3 2  2.267600e+007 3.445283e+007 -4.182842e-001 -8.526177e-001
survey 1 1 2015 3 3  1.014160e+007 4.620958e+006 7.860437e-001 1.602247e+000
survey 1 1 2016 3 1  5.860440e+007 3.430757e+007 5.354438e-001 1.200122e+000
survey 1 1 2016 3 2  3.398920e+007 2.537765e+007 2.921742e-001 5.955589e-001
survey 1 1 2016 3 3  8.160000e+006 6.467551e+006 2.324467e-001 4.738122e-001
survey 1 1 2017 3 1  3.813500e+007 4.294352e+007 -1.187532e-001 -2.661686e-001
survey 1 1 2017 3 2  3.664000e+006 8.193348e+006 -8.047671e-001 -1.640413e+000
survey 1 1 2017 3 3  1.465000e+006 1.460198e+006 3.282943e-003 6.691851e-003
survey 1 1 2018 3 1  1.091800e+008 6.251204e+007 5.576388e-001 1.249869e+000
survey 1 1 2018 3 2  1.011300e+007 1.646243e+007 -4.872591e-001 -9.932141e-001
survey 1 1 2018 3 3  7.790000e+005 1.472143e+006 -6.364634e-001 -1.297348e+000
