
Observed catches
# Species: Sprat        ################################################################
# Year:1974
# age    0          1          2          3 
         0   16101060    2155723     475613 
   1884146   11544114     866399      48228 
   2842702   11091303    1336036      34534 
   1302331    2511315     359117      14822 
# Year:1975
# age    0          1          2          3 
    250931   27723510   10052550     260182 
   1179567   14541887    4378415     166807 
   5240024    4755878    2206781      66186 
         0          0          0          0 
# Year:1976
# age    0          1          2          3 
   2143211   42209830    2888653     180913 
   7439656   18762732    1613139      88604 
   7703416    6925346     267638       8289 
         0          0          0          0 
# Year:1977
# age    0          1          2          3 
   2690194   12786056    5181867     109712 
   2520082    4904593    3679153      67688 
  15857197    1843468    2200876      37836 
         0          0          0          0 
# Year:1978
# age    0          1          2          3 
    454090   32184524     427473      96435 
   5517665   10344970    1209584     116695 
   6154606    4973568    1119045      29941 
         0          0          0          0 
# Year:1979
# age    0          1          2          3 
   3579389   36866800     644042     117139 
   1052920   11355949    2152261      63386 
   3882781    6399259     332781      25964 
         0          0          0          0 
# Year:1980
# age    0          1          2          3 
         0   14237558   17421360    1481066 
         0    9415158   11520576     979415 
   2536060    3866612     389674       8724 
         0          0          0          0 
# Year:1981
# age    0          1          2          3 
    428776   12322431    1483241     130805 
     40632    3540737    3025289     202048 
    374254    3854059     319763       9835 
         0          0          0          0 
# Year:1982
# age    0          1          2          3 
    545769    6350511     601581      64879 
    818525    5021082    1070960      55333 
   2530673     401839      46913       3525 
         0          0          0          0 
# Year:1983
# age    0          1          2          3 
   5613728    2819244     969599     155653 
   2375763    1334333     588678      91112 
   1697718     596857       7271          0 
         0          0          0          0 
# Year:1984
# age    0          1          2          3 
    954757    6475021     417235       2532 
    521866    2535354     247654       4803 
    405095     612407      10648       1053 
         0          0          0          0 
# Year:1985
# age    0          1          2          3 
         0    1304457    1972027      37680 
         0     576004     870780      16638 
     84760     215856     150819      14916 
         0          0          0          0 
# Year:1986
# age    0          1          2          3 
         0     177780     452745     347620 
         0     156913     399604     306818 
    580936      58710        740          0 
         0          0          0          0 
# Year:1987
# age    0          1          2          3 
      2236    2250587     128512       2525 
     49451    1790264     267597        978 
    209788     826994      34626      32980 
         0          0          0          0 
# Year:1988
# age    0          1          2          3 
   4082942    2096911    2830054      42364 
   1163964     314106     527986      11526 
   1817700     637489     129384       5491 
         0          0          0          0 
# Year:1989
# age    0          1          2          3 
     12451    1706824    3613841       5716 
       783      76415      88925        342 
    469458     416920      34789      12751 
         0          0          0          0 
# Year:1990
# age    0          1          2          3 
      1568    2633068    2234213     342514 
      1225    2058041    1746290     267714 
    291837      62050       1941        429 
         0          0          0          0 
# Year:1991
# age    0          1          2          3 
     40504    1684266    2416750       8159 
   1552315    2936717     614233       9587 
    208352      64565       1036         99 
         0          0          0          0 
# Year:1992
# age    0          1          2          3 
     18948    9695465    1315325     177584 
    222991    1185132     132166      16491 
   1279875    1583952     259251       5821 
         0          0          0          0 
# Year:1993
# age    0          1          2          3 
    264173    3026867    5339043     247839 
   1441317    4911453    1324444      31435 
   1867838    1819506     338969      43965 
         0          0          0          0 
# Year:1994
# age    0          1          2          3 
    445326   40720484     516854     100737 
   1856101    7146622    1455656     142774 
    818875    2936362     559871      22813 
         0          0          0          0 
# Year:1995
# age    0          1          2          3 
    170693   24466578    3192395     371759 
    612010    8620522    2863267     505875 
   1797666    4488224     533786     128194 
         0          0          0          0 
# Year:1996
# age    0          1          2          3 
    299367     233497     816511     286503 
   1083655     776795    2208631     911256 
   1670742     289815     113580      49534 
         0          0          0          0 
# Year:1997
# age    0          1          2          3 
      6447    2286585     130593     202822 
    148657    4395265    1078225     277615 
    596223     728240     181187      46667 
         0          0          0          0 
# Year:1998
# age    0          1          2          3 
     86124    3567341    1498339     258993 
   5465889    2665032    1451844     326463 
   1615982    1096547     489541     241493 
         0          0          0          0 
# Year:1999
# age    0          1          2          3 
       830   15939248     477815      69219 
     90557    2456063     254931      44836 
   1967130    3351942     641059     183015 
         0          0          0          0 
# Year:2000
# age    0          1          2          3 
      6101    9822669    1767256      70160 
     81906     801375     384854      49827 
   1093613    2807143    1310052     176418 
         0          0          0          0 
# Year:2001
# age    0          1          2          3 
     13056    5767627     315550       7694 
    550512    3967343    1528712     498496 
    143017     531588      59709      13418 
         0          0          0          0 
# Year:2002
# age    0          1          2          3 
     63416    6586442     594557     108679 
    927294    4326530     661656      59022 
   1182692    1199165     296900      65718 
         0          0          0          0 
# Year:2003
# age    0          1          2          3 
    197639    4003316     594498      68144 
   2785630    6826281    1115905     218400 
    713229      39824      29774      26427 
         0          0          0          0 
# Year:2004
# age    0          1          2          3 
    229309    4217281     731500      78913 
  24806798    4735686     264373      53425 
   5233945     309955      44145      15707 
         0          0          0          0 
# Year:2005
# age    0          1          2          3 
     97602   13409729     479222      88858 
    839944    7903545     228337      22051 
   1089274    5408581     230703      38557 
         0          0          0          0 
# Year:2006
# age    0          1          2          3 
         0    1987696    1401797     295158 
    319709     493221    1003837     235542 
    176742     129541     176585      10933 
         0          0          0          0 
# Year:2007
# age    0          1          2          3 
         0    1693273     189551      67672 
    609939    4186796    1681648     254768 
    404452     329724      19675      20964 
         0          0          0          0 
# Year:2008
# age    0          1          2          3 
     11590     422430    1447939     329770 
   2087187    1901763    1006626     260966 
    893785     131774      41692      21858 
         0          0          0          0 
# Year:2009
# age    0          1          2          3 
         0    4776947     219922      39037 
    231412    8163927     554425     137328 
    168362    3385107     519516      88967 
         0          0          0          0 
# Year:2010
# age    0          1          2          3 
     12414    1732171     689166      90040 
    349703    3105417    3011291    2157387 
    298472    2412405     683264      90603 
         0          0          0          0 
# Year:2011
# age    0          1          2          3 
      2469    1847215    1105017     281708 
    420004    4234059    2917969     999295 
     57320     250247      95834      42266 
         0          0          0          0 
# Year:2012
# age    0          1          2          3 
    147896    2527701     729427     121665 
    187098    3756225    1690250     281071 
     78240     463743      86910      30157 
         0          0          0          0 
# Year:2013
# age    0          1          2          3 
     10002    1973364     411558      72705 
    462029    2176971     745578     144434 
    193678       1554       2447       4794 
         0          0          0          0 
# Year:2014
# age    0          1          2          3 
   2640874    9499013     627237     105519 
   1215080    4046244     323320      92685 
   1755944    2496884     177328      21685 
         0          0          0          0 
# Year:2015
# age    0          1          2          3 
   1682642   12947813    2926867     161595 
    615375   10862082    1632428     226924 
    374504    1926029     733105      90223 
         0          0          0          0 
# Year:2016
# age    0          1          2          3 
   4450616   12775033    4537366     439570 
   3593237    1451842    1251213     301252 
    533954      47715       7358       2718 
         0          0          0          0 
# Year:2017
# age    0          1          2          3 
   1767809    9076648     738627      88295 
   1302514    2796713     182538      82806 
    658881     807010     184005      68052 
         0          0          0          0 
# Year:2018
# age    0          1          2          3 
   4350565   11667334    2940924     279993 
   2025377    2923947    1574333     527760 
    120913     978572     267657       6437 
         0          0          0          0 

Natural single species Mortality (M)
# Species: Sprat        ################################################################
# Year:1974
# age    0          1          2          3 
    0.4829     0.4564     0.4019     0.2796 
    0.3267     0.2354     0.2173     0.1878 
    0.2966     0.2747     0.1749     0.1749 
    0.4449     0.4091     0.3178     0.3178 
# Year:1975
# age    0          1          2          3 
    0.5184     0.4923     0.4223     0.2366 
    0.2895     0.2202     0.2000     0.1694 
    0.3292     0.2986     0.2181     0.2181 
    0.4736     0.4416     0.4229     0.4229 
# Year:1976
# age    0          1          2          3 
    0.4897     0.4663     0.4150     0.2901 
    0.3179     0.2416     0.2247     0.1947 
    0.3641     0.3324     0.2403     0.2403 
    0.4854     0.4430     0.4208     0.4208 
# Year:1977
# age    0          1          2          3 
    0.4405     0.4107     0.3684     0.3121 
    0.3729     0.2445     0.2274     0.1991 
    0.3796     0.3513     0.2483     0.2483 
    0.4896     0.4397     0.4319     0.4319 
# Year:1978
# age    0          1          2          3 
    0.4111     0.3978     0.3849     0.3298 
    0.3473     0.2303     0.2184     0.1922 
    0.3818     0.3565     0.2075     0.2075 
    0.4448     0.3964     0.3741     0.3741 
# Year:1979
# age    0          1          2          3 
    0.4362     0.4239     0.4187     0.4046 
    0.4161     0.2520     0.2451     0.2266 
    0.3933     0.3661     0.2315     0.2315 
    0.4444     0.3893     0.3770     0.3770 
# Year:1980
# age    0          1          2          3 
    0.4700     0.4636     0.4437     0.4152 
    0.4474     0.2613     0.2569     0.2298 
    0.3878     0.3551     0.2324     0.2324 
    0.4190     0.3722     0.3364     0.3364 
# Year:1981
# age    0          1          2          3 
    0.5007     0.4857     0.4476     0.3603 
    0.4094     0.2711     0.2671     0.2317 
    0.3606     0.3137     0.2222     0.2222 
    0.3764     0.3303     0.2669     0.2669 
# Year:1982
# age    0          1          2          3 
    0.5105     0.4312     0.3773     0.2452 
    0.3312     0.2305     0.2166     0.1775 
    0.3052     0.2312     0.1820     0.1820 
    0.3180     0.2769     0.2054     0.2054 
# Year:1983
# age    0          1          2          3 
    0.5324     0.4288     0.3487     0.2241 
    0.3362     0.2351     0.2173     0.1939 
    0.2962     0.2066     0.1731     0.1731 
    0.3123     0.2594     0.1683     0.1683 
# Year:1984
# age    0          1          2          3 
    0.5386     0.4254     0.2872     0.1823 
    0.3966     0.2356     0.2090     0.1893 
    0.3089     0.2385     0.1775     0.1775 
    0.3214     0.2742     0.1973     0.1973 
# Year:1985
# age    0          1          2          3 
    0.5492     0.5015     0.3732     0.1980 
    0.4822     0.2769     0.2511     0.2099 
    0.3226     0.2488     0.1775     0.1775 
    0.3183     0.2694     0.1650     0.1650 
# Year:1986
# age    0          1          2          3 
    0.5898     0.5336     0.4216     0.2543 
    0.4522     0.3131     0.2877     0.2273 
    0.3459     0.2584     0.1878     0.1878 
    0.3352     0.2844     0.1693     0.1693 
# Year:1987
# age    0          1          2          3 
    0.5960     0.4839     0.4430     0.2563 
    0.4704     0.3153     0.2992     0.2317 
    0.3563     0.2166     0.1900     0.1900 
    0.3379     0.2810     0.1846     0.1846 
# Year:1988
# age    0          1          2          3 
    0.6215     0.5017     0.4552     0.2584 
    0.4928     0.3418     0.3157     0.2703 
    0.3714     0.2385     0.2200     0.2200 
    0.3614     0.3014     0.2326     0.2326 
# Year:1989
# age    0          1          2          3 
    0.6035     0.5092     0.4334     0.2141 
    0.5253     0.3321     0.2938     0.2609 
    0.3561     0.2284     0.2213     0.2213 
    0.3742     0.3118     0.2814     0.2814 
# Year:1990
# age    0          1          2          3 
    0.5178     0.4890     0.4024     0.2443 
    0.4956     0.3307     0.2832     0.2606 
    0.3369     0.2601     0.2490     0.2490 
    0.3870     0.3186     0.2868     0.2868 
# Year:1991
# age    0          1          2          3 
    0.4622     0.4231     0.3201     0.2630 
    0.3955     0.2693     0.2318     0.2111 
    0.3104     0.2637     0.2235     0.2235 
    0.3889     0.3201     0.2872     0.2872 
# Year:1992
# age    0          1          2          3 
    0.4101     0.3600     0.2814     0.2548 
    0.3120     0.2267     0.2036     0.1801 
    0.2939     0.2751     0.2122     0.2122 
    0.3707     0.2990     0.2702     0.2702 
# Year:1993
# age    0          1          2          3 
    0.4555     0.4137     0.3402     0.3033 
    0.2383     0.2086     0.1896     0.1734 
    0.2722     0.2530     0.1921     0.1921 
    0.3475     0.2744     0.2439     0.2439 
# Year:1994
# age    0          1          2          3 
    0.5024     0.4465     0.3481     0.3365 
    0.2923     0.2233     0.1967     0.1815 
    0.2576     0.2195     0.1902     0.1902 
    0.3178     0.2478     0.2229     0.2229 
# Year:1995
# age    0          1          2          3 
    0.5121     0.4595     0.3385     0.3076 
    0.2902     0.2231     0.1954     0.1815 
    0.2219     0.1908     0.1780     0.1780 
    0.2646     0.2109     0.1896     0.1896 
# Year:1996
# age    0          1          2          3 
    0.5042     0.3952     0.2632     0.2140 
    0.3631     0.2271     0.2018     0.1766 
    0.2148     0.1713     0.1510     0.1510 
    0.2379     0.1948     0.1561     0.1561 
# Year:1997
# age    0          1          2          3 
    0.4512     0.2930     0.2104     0.1549 
    0.2975     0.2040     0.1873     0.1538 
    0.2273     0.1930     0.1708     0.1708 
    0.2691     0.2143     0.1710     0.1710 
# Year:1998
# age    0          1          2          3 
    0.4296     0.2825     0.2265     0.1904 
    0.3618     0.1971     0.1764     0.1453 
    0.2515     0.2088     0.1727     0.1727 
    0.3178     0.2453     0.1967     0.1967 
# Year:1999
# age    0          1          2          3 
    0.4214     0.2872     0.2325     0.2142 
    0.2906     0.1906     0.1694     0.1523 
    0.2745     0.2407     0.1910     0.1910 
    0.3346     0.2671     0.2423     0.2423 
# Year:2000
# age    0          1          2          3 
    0.4060     0.3415     0.2532     0.2185 
    0.3551     0.1988     0.1802     0.1695 
    0.2536     0.2131     0.1569     0.1569 
    0.2786     0.2357     0.1921     0.1921 
# Year:2001
# age    0          1          2          3 
    0.4088     0.3279     0.2331     0.1902 
    0.2991     0.2131     0.2019     0.1948 
    0.2664     0.2255     0.1912     0.1912 
    0.3063     0.2584     0.2132     0.2132 
# Year:2002
# age    0          1          2          3 
    0.4345     0.3215     0.2403     0.1707 
    0.3154     0.2225     0.2139     0.2056 
    0.2518     0.2062     0.1943     0.1943 
    0.3227     0.2616     0.2178     0.2178 
# Year:2003
# age    0          1          2          3 
    0.4194     0.2691     0.2154     0.1684 
    0.2948     0.2287     0.2085     0.2040 
    0.2590     0.2292     0.2256     0.2256 
    0.3826     0.3081     0.2859     0.2859 
# Year:2004
# age    0          1          2          3 
    0.4363     0.2760     0.2307     0.1919 
    0.2780     0.2161     0.1925     0.1848 
    0.2310     0.2119     0.2076     0.2076 
    0.3758     0.3023     0.2784     0.2784 
# Year:2005
# age    0          1          2          3 
    0.4416     0.3205     0.2270     0.2160 
    0.3092     0.2187     0.1810     0.1737 
    0.2205     0.2008     0.1793     0.1793 
    0.3668     0.2913     0.2250     0.2250 
# Year:2006
# age    0          1          2          3 
    0.5039     0.3145     0.2256     0.2146 
    0.2647     0.2116     0.1724     0.1662 
    0.2171     0.1969     0.1725     0.1725 
    0.3643     0.2772     0.2023     0.2023 
# Year:2007
# age    0          1          2          3 
    0.4801     0.3122     0.2042     0.1841 
    0.2875     0.2218     0.1702     0.1663 
    0.2102     0.1748     0.1521     0.1521 
    0.3123     0.2375     0.1750     0.1750 
# Year:2008
# age    0          1          2          3 
    0.4778     0.3066     0.1875     0.1663 
    0.2688     0.2033     0.1569     0.1511 
    0.2004     0.1731     0.1666     0.1666 
    0.3040     0.2254     0.1969     0.1969 
# Year:2009
# age    0          1          2          3 
    0.4442     0.3620     0.2331     0.1623 
    0.3270     0.2002     0.1576     0.1501 
    0.1904     0.1697     0.1634     0.1634 
    0.2925     0.2153     0.1897     0.1897 
# Year:2010
# age    0          1          2          3 
    0.5272     0.4125     0.3121     0.1705 
    0.3953     0.2171     0.1794     0.1642 
    0.2067     0.1822     0.1593     0.1593 
    0.3090     0.2264     0.1968     0.1968 
# Year:2011
# age    0          1          2          3 
    0.5107     0.4369     0.3857     0.1818 
    0.3809     0.2385     0.1934     0.1794 
    0.2287     0.2021     0.1792     0.1792 
    0.3380     0.2536     0.2243     0.2243 
# Year:2012
# age    0          1          2          3 
    0.5092     0.4315     0.3440     0.1762 
    0.3683     0.2383     0.1909     0.1782 
    0.2189     0.1758     0.1453     0.1453 
    0.2918     0.2251     0.1796     0.1796 
# Year:2013
# age    0          1          2          3 
    0.3991     0.3671     0.2853     0.1495 
    0.2711     0.2085     0.1638     0.1577 
    0.2065     0.1750     0.1483     0.1483 
    0.2700     0.2209     0.1783     0.1783 
# Year:2014
# age    0          1          2          3 
    0.3670     0.3350     0.2450     0.1399 
    0.2574     0.1983     0.1669     0.1536 
    0.2115     0.1809     0.1534     0.1534 
    0.2719     0.2271     0.1837     0.1837 
# Year:2015
# age    0          1          2          3 
    0.3651     0.3393     0.2491     0.1395 
    0.2371     0.1935     0.1637     0.1492 
    0.2123     0.1772     0.1490     0.1490 
    0.2779     0.2244     0.1805     0.1805 
# Year:2016
# age    0          1          2          3 
    0.3771     0.3471     0.2598     0.1430 
    0.2552     0.2001     0.1648     0.1535 
    0.2123     0.1772     0.1490     0.1490 
    0.2779     0.2244     0.1805     0.1805 
# Year:2017
# age    0          1          2          3 
    0.3771     0.3471     0.2598     0.1430 
    0.2552     0.2001     0.1648     0.1535 
    0.2123     0.1772     0.1490     0.1490 
    0.2779     0.2244     0.1805     0.1805 
# Year:2018
# age    0          1          2          3 
    0.3771     0.3471     0.2598     0.1430 
    0.2552     0.2001     0.1648     0.1535 
    0.2123     0.1772     0.1490     0.1490 
    0.2779     0.2244     0.1805     0.1805 

Stock numbers
# Species: Sprat        ################################################################
# Year:1974
# age    0          1          2          3 
 533666972  138011907   10746320     485584 
 328874673   70385098    5006379     267092 
 235319135   44432912    1948136     106286 
 172345875   30828154    1336536      55619 
# Year:1975
# age    0          1          2          3 
 712689488  109420931   18451293     699739 
 423481115   45596197    6383018     314887 
 312598950   24606919    1448736      72750 
 219114916   15547960     815527      25385 
# Year:1976
# age    0          1          2          3 
 330408956  136460108    9997244     550925 
 202019509   57750587    3423274     231443 
 144893898   30179309     731948      50329 
  98009183   18354411     399113      16791 
# Year:1977
# age    0          1          2          3 
 631496985   60321032   11784973     273059 
 405708121   28383447    4598860     120807 
 275920572   15579853    1160671      31009 
 184392416    9496203     657922      11452 
# Year:1978
# age    0          1          2          3 
1033370520  113013866    6117919     434619 
 684142046   60452860    2846867     223763 
 479393391   37928932    1067064      85446 
 322207772   24138731     701460      42267 
# Year:1979
# age    0          1          2          3 
 534780006  206525851   16239247     511616 
 345450819  116442693    8330955     274342 
 226622893   77560828    3957676     132104 
 151381853   50529440    2733003      75735 
# Year:1980
# age    0          1          2          3 
 328621695   97069783   34233561    1926641 
 204787644   36530617    9322116     598756 
 128467775   16528310    1290552      83726 
  84170065    9344827     634258      21669 
# Year:1981
# age    0          1          2          3 
  94281258   55360038    6440627     468557 
  57064581   26534134    2713731     226575 
  37548027   15623390     900184      77223 
  25738478   10282954     571346      35885 
# Year:1982
# age    0          1          2          3 
  49287196   17665243    7390676     464976 
  29542107    9127131    3457784     260023 
  21035307    5717623    1292653     100318 
  15261824    4122108     870694      50762 
# Year:1983
# age    0          1          2          3 
  66959819   11104805    3125203     750389 
  39231049    4923771    1160903     341225 
  27634598    2613990     257741      76568 
  20018524    1809791     151580      27864 
# Year:1984
# age    0          1          2          3 
  33535940   14649468    1396225     151643 
  19546013    7681264     725586      91497 
  13040979    4832084     281622      35957 
   9432393    3471254     192142      18636 
# Year:1985
# age    0          1          2          3 
  23326365    6839640    2638753     173042 
  13445124    3062277    1097513      91146 
   8209916    1698137     310481      26601 
   5824607    1166722     196274      11533 
# Year:1986
# age    0          1          2          3 
  79160661    4236709     891230     176193 
  43826893    1933460     384686      94570 
  27626498    1090382     124529      32251 
  19215392     758119      81724      15474 
# Year:1987
# age    0          1          2          3 
  40836345   13743097     570443      82060 
  22491108    7783180     318041      56091 
  14007916    5201726     177599      33415 
   9752323    4042627     135739      22978 
# Year:1988
# age    0          1          2          3 
  60893045    6956143    3052252     131958 
  32651886    3123927    1176029      65750 
  19729266    1629073     315312      18265 
  13333724    1132461     191624       7644 
# Year:1989
# age    0          1          2          3 
  54629687    9290039     837769     157917 
  29865428    5202976     482840     114954 
  17615464    3469825     284187      69761 
  12279102    2680904     213304      47948 
# Year:1990
# age    0          1          2          3 
  73835187    8446336    1962721     197178 
  43904666    3636002     727217      91909 
  26400495    1810979     167490      21398 
  18398587    1203860      93938       7716 
# Year:1991
# age    0          1          2          3 
 112581686   12494887     875415      76309 
  70847827    6941393     482868      46071 
  47414210    4471330     220587      21370 
  34374163    3205801     151345      11937 
# Year:1992
# age    0          1          2          3 
 104251381   23299080    2327632     122524 
  69105110   13428664    1277310      71764 
  50226750    8783865     549667      31415 
  36950405    6158142     372199      16760 
# Year:1993
# age    0          1          2          3 
 150398883   25504917    4566472     296851 
  95169825   11620058    1745686     126945 
  73966879    6414900     414980      30293 
  54926453    4261431     242167      11105 
# Year:1994
# age    0          1          2          3 
 128713055   38804287    3238945     198449 
  77807385   21109217    1744192     111713 
  57739580   14272453     831909      53804 
  44133472   10706442     591407      31233 
# Year:1995
# age    0          1          2          3 
  36331911   32119441    8356865     498233 
  21729550   14373167    3352305     220989 
  16050956    8048529     869562      57464 
  12557253    5756724     528148      22700 
# Year:1996
# age    0          1          2          3 
  60863767    9637465    4661893     455689 
  36695214    4723713    2108047     230805 
  25224210    2708554     594150      66007 
  19911673    1997544     380068      28393 
# Year:1997
# age    0          1          2          3 
  49103405   15695365    1643933     349417 
  31231745    9265193     901345     212301 
  22995825    5929212     341263      82476 
  18030311    4431904     231379      41750 
# Year:1998
# age    0          1          2          3 
 109863908   13776813    3577058     230196 
  71336571    7010464    1480313     106922 
  48968134    3832234     332721      24470 
  37069090    2638018     194197       8744 
# Year:1999
# age    0          1          2          3 
  77583031   26976213    2064241     166699 
  50844145   16457621    1158333      99329 
  37734715   10979040     488975      42360 
  28274172    7913676     333190      22293 
# Year:2000
# age    0          1          2          3 
  73316903   20233428    6058511     278978 
  48756139   10242144    2670250     136317 
  33757489    5908949     715873      36524 
  25594871    4142236     446259      14907 
# Year:2001
# age    0          1          2          3 
  61396827   19371062    3272556     380576 
  40712347    9770817    1429947     186540 
  29793817    5458711     354083      45976 
  22276061    3752455     209889      17464 
# Year:2002
# age    0          1          2          3 
  82224950   16398780    2897876     183700 
  53134758    8158962    1215671      89144 
  38226497    4422479     278086      20305 
  28962053    3073414     161287       7359 
# Year:2003
# age    0          1          2          3 
 106874405   20974843    2365917     135640 
  70149880   11998363    1176691      74963 
  51684596    7073870     362314      22963 
  39112301    4982782     220858       9752 
# Year:2004
# age    0          1          2          3 
 188358807   26677967    3661386     173259 
 121450812   13037328    1395116      75000 
  90500879    6660786     263657      14076 
  69706938    4482049     142258       4385 
# Year:2005
# age    0          1          2          3 
  66445350   47872163    3312600     111011 
  42649793   25646230    1590732      57305 
  30958444   15050849     480232      17251 
  24323526   10842408     302627       7442 
# Year:2006
# age    0          1          2          3 
  84862867   16855225    8102271     247597 
  51157501    8364416    3394781     113392 
  38706259    4538870     784029      26016 
  30343545    3171112     460667       9439 
# Year:2007
# age    0          1          2          3 
  60934317   21079433    2403345     383995 
  37622354   10639222    1054126     185232 
  27838752    5801836     256226      44644 
  21995259    4169545     155750      17067 
# Year:2008
# age    0          1          2          3 
 140415343   16094575    3288200     145069 
  86918597    8654010    1614893      77530 
  65670613    5102967     482581      23063 
  52607225    3763232     305066       9854 
# Year:2009
# age    0          1          2          3 
 114653043   38817473    3003665     258635 
  73449470   22096780    1700031     163644 
  52569835   14683704     739763      71266 
  42860190   11389321     520872      39024 
# Year:2010
# age    0          1          2          3 
 120614222   31989533    9183038     463153 
  71099583   16772474    4554560     277415 
  47474824   10603775    1743149     106974 
  37999972    8015448    1196511      54881 
# Year:2011
# age    0          1          2          3 
  91679850   27899863    6391571    1027859 
  54947828   14583043    3051958     628130 
  37252541    9226175    1237287     256428 
  29212021    6897860     849219     135101 
# Year:2012
# age    0          1          2          3 
  72997195   20832904    5352700     786532 
  43789292    9811781    2219544     411606 
  29940408    5542983     625012     116141 
  23531245    4063922     400794      49862 
# Year:2013
# age    0          1          2          3 
 171319456   17576213    3244735     376562 
 114754177    9153834    1515521     213405 
  86593057    5530914     494954      69459 
  69081247    4120098     327263      32167 
# Year:2014
# age    0          1          2          3 
 188465282   52737070    3303640     300737 
 130470270   32955235    2063625     214462 
 100360570   23497295    1110614     116448 
  80484340   18530403     840083      74407 
# Year:2015
# age    0          1          2          3 
 101492248   61321364   14765954     761030 
  70318539   31590052    6703477     411571 
  54818110   18613249    1922854     118504 
  43362981   13612022    1225492      50400 
# Year:2016
# age    0          1          2          3 
 133857045   32842132   10876468    1065147 
  91534095   13738656    3496874     427885 
  69562198    6535469     512233      62297 
  54278375    4394735     270939      17123 
# Year:2017
# age    0          1          2          3 
 190733677   41109203    3511543     240482 
 130571089   20854543    1557500     128182 
  99935692   12112440     435192      35827 
  79011965    8830093     275428      14990 
# Year:2018
# age    0          1          2          3 
 158389359   59841859    7055544     242449 
 108428009   30306589    3120636     128913 
  82982826   17571656     867067      35827 
  65601026   12800907     547900      14935 

Fishing mortality
# Species: Sprat        ################################################################
# Year:1974
# age    0          1          2          3 
    0.0012     0.2169     0.3620     0.3182 
    0.0080     0.2246     0.7265     0.7337 
    0.0148     0.0909     0.2018     0.4727 
    0.0094     0.1041     0.3701     0.3701 
# Year:1975
# age    0          1          2          3 
    0.0022     0.3831     0.6392     0.5619 
    0.0141     0.3966     1.2830     1.2957 
    0.0262     0.1605     0.3565     0.8347 
    0.0000     0.0000     0.0000     0.0000 
# Year:1976
# age    0          1          2          3 
    0.0022     0.3936     0.6567     0.5772 
    0.0145     0.4074     1.3180     1.3311 
    0.0269     0.1648     0.3662     0.8575 
    0.0000     0.0000     0.0000     0.0000 
# Year:1977
# age    0          1          2          3 
    0.0020     0.3432     0.5727     0.5034 
    0.0126     0.3553     1.1494     1.1608 
    0.0234     0.1438     0.3193     0.7478 
    0.0000     0.0000     0.0000     0.0000 
# Year:1978
# age    0          1          2          3 
    0.0013     0.2278     0.3801     0.3341 
    0.0084     0.2358     0.7629     0.7705 
    0.0156     0.0954     0.2120     0.4963 
    0.0000     0.0000     0.0000     0.0000 
# Year:1979
# age    0          1          2          3 
    0.0009     0.1491     0.2487     0.2186 
    0.0055     0.1543     0.4992     0.5042 
    0.0102     0.0624     0.1387     0.3248 
    0.0000     0.0000     0.0000     0.0000 
# Year:1980
# age    0          1          2          3 
    0.0029     0.5137     0.8572     0.7534 
    0.0189     0.5318     1.7204     1.7375 
    0.0351     0.2152     0.4780     1.1193 
    0.0000     0.0000     0.0000     0.0000 
# Year:1981
# age    0          1          2          3 
    0.0014     0.2498     0.4167     0.3663 
    0.0092     0.2586     0.8364     0.8447 
    0.0171     0.1046     0.2324     0.5442 
    0.0000     0.0000     0.0000     0.0000 
# Year:1982
# age    0          1          2          3 
    0.0013     0.2291     0.3823     0.3360 
    0.0084     0.2372     0.7673     0.7749 
    0.0156     0.0960     0.2132     0.4992 
    0.0000     0.0000     0.0000     0.0000 
# Year:1983
# age    0          1          2          3 
    0.0022     0.3845     0.6416     0.5639 
    0.0142     0.3981     1.2877     1.3005 
    0.0263     0.1610     0.3578     0.8378 
    0.0000     0.0000     0.0000     0.0000 
# Year:1984
# age    0          1          2          3 
    0.0013     0.2202     0.3674     0.3229 
    0.0081     0.2279     0.7374     0.7447 
    0.0150     0.0922     0.2049     0.4797 
    0.0000     0.0000     0.0000     0.0000 
# Year:1985
# age    0          1          2          3 
    0.0017     0.3021     0.5040     0.4430 
    0.0111     0.3127     1.0116     1.0217 
    0.0206     0.1265     0.2811     0.6582 
    0.0000     0.0000     0.0000     0.0000 
# Year:1986
# age    0          1          2          3 
    0.0014     0.2509     0.4186     0.3679 
    0.0092     0.2597     0.8402     0.8485 
    0.0171     0.1051     0.2334     0.5466 
    0.0000     0.0000     0.0000     0.0000 
# Year:1987
# age    0          1          2          3 
    0.0005     0.0847     0.1412     0.1242 
    0.0031     0.0876     0.2835     0.2863 
    0.0058     0.0355     0.0788     0.1844 
    0.0000     0.0000     0.0000     0.0000 
# Year:1988
# age    0          1          2          3 
    0.0017     0.2988     0.4986     0.4382 
    0.0110     0.3093     1.0006     1.0106 
    0.0204     0.1251     0.2780     0.6510 
    0.0000     0.0000     0.0000     0.0000 
# Year:1989
# age    0          1          2          3 
    0.0004     0.0705     0.1177     0.1034 
    0.0026     0.0730     0.2362     0.2386 
    0.0048     0.0295     0.0656     0.1537 
    0.0000     0.0000     0.0000     0.0000 
# Year:1990
# age    0          1          2          3 
    0.0020     0.3539     0.5905     0.5190 
    0.0130     0.3664     1.1851     1.1969 
    0.0242     0.1482     0.3293     0.7711 
    0.0000     0.0000     0.0000     0.0000 
# Year:1991
# age    0          1          2          3 
    0.0009     0.1647     0.2748     0.2416 
    0.0061     0.1705     0.5516     0.5571 
    0.0112     0.0690     0.1533     0.3589 
    0.0000     0.0000     0.0000     0.0000 
# Year:1992
# age    0          1          2          3 
    0.0011     0.1910     0.3187     0.2801 
    0.0070     0.1977     0.6396     0.6460 
    0.0130     0.0800     0.1777     0.4161 
    0.0000     0.0000     0.0000     0.0000 
# Year:1993
# age    0          1          2          3 
    0.0021     0.3724     0.6213     0.5462 
    0.0137     0.3855     1.2471     1.2595 
    0.0254     0.1560     0.3465     0.8114 
    0.0000     0.0000     0.0000     0.0000 
# Year:1994
# age    0          1          2          3 
    0.0009     0.1623     0.2709     0.2381 
    0.0060     0.1681     0.5437     0.5490 
    0.0111     0.0680     0.1510     0.3537 
    0.0000     0.0000     0.0000     0.0000 
# Year:1995
# age    0          1          2          3 
    0.0020     0.3446     0.5750     0.5054 
    0.0127     0.3567     1.1540     1.1654 
    0.0235     0.1443     0.3206     0.7508 
    0.0000     0.0000     0.0000     0.0000 
# Year:1996
# age    0          1          2          3 
    0.0018     0.3179     0.5304     0.4662 
    0.0117     0.3291     1.0646     1.0752 
    0.0217     0.1332     0.2958     0.6926 
    0.0000     0.0000     0.0000     0.0000 
# Year:1997
# age    0          1          2          3 
    0.0013     0.2341     0.3906     0.3433 
    0.0086     0.2423     0.7839     0.7917 
    0.0160     0.0980     0.2178     0.5100 
    0.0000     0.0000     0.0000     0.0000 
# Year:1998
# age    0          1          2          3 
    0.0022     0.3930     0.6558     0.5765 
    0.0145     0.4069     1.3163     1.3293 
    0.0268     0.1646     0.3657     0.8564 
    0.0000     0.0000     0.0000     0.0000 
# Year:1999
# age    0          1          2          3 
    0.0012     0.2069     0.3453     0.3035 
    0.0076     0.2142     0.6930     0.6999 
    0.0141     0.0867     0.1925     0.4509 
    0.0000     0.0000     0.0000     0.0000 
# Year:2000
# age    0          1          2          3 
    0.0019     0.3393     0.5661     0.4976 
    0.0125     0.3512     1.1362     1.1475 
    0.0232     0.1421     0.3157     0.7392 
    0.0000     0.0000     0.0000     0.0000 
# Year:2001
# age    0          1          2          3 
    0.0020     0.3565     0.5949     0.5229 
    0.0131     0.3691     1.1939     1.2058 
    0.0243     0.1493     0.3317     0.7768 
    0.0000     0.0000     0.0000     0.0000 
# Year:2002
# age    0          1          2          3 
    0.0021     0.3766     0.6284     0.5524 
    0.0139     0.3899     1.2612     1.2738 
    0.0257     0.1577     0.3504     0.8206 
    0.0000     0.0000     0.0000     0.0000 
# Year:2003
# age    0          1          2          3 
    0.0017     0.2895     0.4830     0.4246 
    0.0107     0.2997     0.9695     0.9791 
    0.0198     0.1213     0.2694     0.6307 
    0.0000     0.0000     0.0000     0.0000 
# Year:2004
# age    0          1          2          3 
    0.0025     0.4400     0.7342     0.6453 
    0.0162     0.4555     1.4736     1.4882 
    0.0300     0.1843     0.4094     0.9587 
    0.0000     0.0000     0.0000     0.0000 
# Year:2005
# age    0          1          2          3 
    0.0017     0.3036     0.5066     0.4453 
    0.0112     0.3143     1.0167     1.0268 
    0.0207     0.1272     0.2825     0.6615 
    0.0000     0.0000     0.0000     0.0000 
# Year:2006
# age    0          1          2          3 
    0.0022     0.3861     0.6443     0.5663 
    0.0142     0.3997     1.2931     1.3060 
    0.0264     0.1617     0.3593     0.8413 
    0.0000     0.0000     0.0000     0.0000 
# Year:2007
# age    0          1          2          3 
    0.0021     0.3715     0.6199     0.5449 
    0.0137     0.3846     1.2442     1.2566 
    0.0254     0.1556     0.3457     0.8095 
    0.0000     0.0000     0.0000     0.0000 
# Year:2008
# age    0          1          2          3 
    0.0018     0.3138     0.5236     0.4603 
    0.0116     0.3249     1.0509     1.0614 
    0.0214     0.1314     0.2920     0.6837 
    0.0000     0.0000     0.0000     0.0000 
# Year:2009
# age    0          1          2          3 
    0.0011     0.2014     0.3361     0.2954 
    0.0074     0.2085     0.6745     0.6812 
    0.0138     0.0844     0.1874     0.4388 
    0.0000     0.0000     0.0000     0.0000 
# Year:2010
# age    0          1          2          3 
    0.0013     0.2332     0.3891     0.3420 
    0.0086     0.2414     0.7810     0.7888 
    0.0159     0.0977     0.2170     0.5081 
    0.0000     0.0000     0.0000     0.0000 
# Year:2011
# age    0          1          2          3 
    0.0012     0.2119     0.3535     0.3107 
    0.0078     0.2193     0.7095     0.7165 
    0.0145     0.0887     0.1971     0.4616 
    0.0000     0.0000     0.0000     0.0000 
# Year:2012
# age    0          1          2          3 
    0.0018     0.3214     0.5363     0.4714 
    0.0118     0.3327     1.0763     1.0870 
    0.0219     0.1346     0.2990     0.7003 
    0.0000     0.0000     0.0000     0.0000 
# Year:2013
# age    0          1          2          3 
    0.0016     0.2853     0.4760     0.4184 
    0.0105     0.2953     0.9553     0.9648 
    0.0195     0.1195     0.2654     0.6215 
    0.0000     0.0000     0.0000     0.0000 
# Year:2014
# age    0          1          2          3 
    0.0008     0.1352     0.2255     0.1982 
    0.0050     0.1399     0.4526     0.4571 
    0.0092     0.0566     0.1258     0.2945 
    0.0000     0.0000     0.0000     0.0000 
# Year:2015
# age    0          1          2          3 
    0.0018     0.3240     0.5406     0.4752 
    0.0119     0.3354     1.0851     1.0959 
    0.0221     0.1357     0.3015     0.7060 
    0.0000     0.0000     0.0000     0.0000 
# Year:2016
# age    0          1          2          3 
    0.0030     0.5244     0.8749     0.7691 
    0.0193     0.5428     1.7560     1.7735 
    0.0358     0.2196     0.4879     1.1425 
    0.0000     0.0000     0.0000     0.0000 
# Year:2017
# age    0          1          2          3 
    0.0019     0.3315     0.5532     0.4862 
    0.0122     0.3432     1.1103     1.1213 
    0.0226     0.1389     0.3085     0.7223 
    0.0000     0.0000     0.0000     0.0000 
# Year:2018
# age    0          1          2          3 
    0.0019     0.3332     0.5560     0.4887 
    0.0123     0.3449     1.1159     1.1270 
    0.0228     0.1396     0.3100     0.7260 
    0.0000     0.0000     0.0000     0.0000 

Total Mortality (Z)
# Species: Sprat        ################################################################
# Year:1974
# age    0          1          2          3 
    0.4841     0.6734     0.7639     0.5978 
    0.3347     0.4600     0.9438     0.9215 
    0.3114     0.3656     0.3768     0.6476 
    0.4543     0.5133     0.6879     0.6879 
# Year:1975
# age    0          1          2          3 
    0.5205     0.8754     1.0615     0.7985 
    0.3036     0.6168     1.4829     1.4652 
    0.3553     0.4591     0.5746     1.0529 
    0.4736     0.4416     0.4229     0.4229 
# Year:1976
# age    0          1          2          3 
    0.4920     0.8599     1.0717     0.8673 
    0.3324     0.6490     1.5426     1.5257 
    0.3909     0.4973     0.6065     1.0978 
    0.4854     0.4430     0.4208     0.4208 
# Year:1977
# age    0          1          2          3 
    0.4425     0.7539     0.9410     0.8155 
    0.3855     0.5998     1.3768     1.3599 
    0.4030     0.4951     0.5677     0.9961 
    0.4896     0.4397     0.4319     0.4319 
# Year:1978
# age    0          1          2          3 
    0.4124     0.6256     0.7650     0.6639 
    0.3556     0.4661     0.9813     0.9627 
    0.3973     0.4519     0.4195     0.7039 
    0.4448     0.3964     0.3741     0.3741 
# Year:1979
# age    0          1          2          3 
    0.4370     0.5730     0.6675     0.6232 
    0.4216     0.4063     0.7443     0.7308 
    0.4035     0.4285     0.3703     0.5564 
    0.4444     0.3893     0.3770     0.3770 
# Year:1980
# age    0          1          2          3 
    0.4729     0.9773     1.3008     1.1687 
    0.4663     0.7931     1.9773     1.9673 
    0.4228     0.5703     0.7104     1.3517 
    0.4190     0.3722     0.3364     0.3364 
# Year:1981
# age    0          1          2          3 
    0.5021     0.7354     0.8643     0.7266 
    0.4186     0.5297     1.1035     1.0764 
    0.3776     0.4183     0.4546     0.7664 
    0.3764     0.3303     0.2669     0.2669 
# Year:1982
# age    0          1          2          3 
    0.5118     0.6603     0.7596     0.5812 
    0.3396     0.4677     0.9839     0.9524 
    0.3208     0.3272     0.3952     0.6812 
    0.3180     0.2769     0.2054     0.2054 
# Year:1983
# age    0          1          2          3 
    0.5346     0.8133     0.9903     0.7881 
    0.3504     0.6332     1.5050     1.4944 
    0.3224     0.3677     0.5308     1.0108 
    0.3123     0.2594     0.1683     0.1683 
# Year:1984
# age    0          1          2          3 
    0.5398     0.6456     0.6545     0.5052 
    0.4047     0.4635     0.9464     0.9340 
    0.3239     0.3308     0.3823     0.6572 
    0.3214     0.2742     0.1973     0.1973 
# Year:1985
# age    0          1          2          3 
    0.5510     0.8036     0.8773     0.6411 
    0.4933     0.5896     1.2627     1.2315 
    0.3433     0.3753     0.4586     0.8357 
    0.3183     0.2694     0.1650     0.1650 
# Year:1986
# age    0          1          2          3 
    0.5912     0.7845     0.8402     0.6222 
    0.4615     0.5728     1.1279     1.0758 
    0.3631     0.3634     0.4212     0.7344 
    0.3352     0.2844     0.1693     0.1693 
# Year:1987
# age    0          1          2          3 
    0.5965     0.5686     0.5842     0.3805 
    0.4735     0.4030     0.5826     0.5180 
    0.3621     0.2521     0.2688     0.3745 
    0.3379     0.2810     0.1846     0.1846 
# Year:1988
# age    0          1          2          3 
    0.6232     0.8005     0.9537     0.6966 
    0.5038     0.6511     1.3163     1.2809 
    0.3918     0.3636     0.4980     0.8710 
    0.3614     0.3014     0.2326     0.2326 
# Year:1989
# age    0          1          2          3 
    0.6039     0.5797     0.5511     0.3175 
    0.5279     0.4051     0.5301     0.4995 
    0.3609     0.2580     0.2869     0.3750 
    0.3742     0.3118     0.2814     0.2814 
# Year:1990
# age    0          1          2          3 
    0.5198     0.8428     0.9929     0.7633 
    0.5086     0.6970     1.4683     1.4575 
    0.3611     0.4083     0.5783     1.0201 
    0.3870     0.3186     0.2868     0.2868 
# Year:1991
# age    0          1          2          3 
    0.4631     0.5878     0.5950     0.5046 
    0.4016     0.4398     0.7835     0.7682 
    0.3216     0.3327     0.3767     0.5824 
    0.3889     0.3201     0.2872     0.2872 
# Year:1992
# age    0          1          2          3 
    0.4112     0.5510     0.6001     0.5349 
    0.3191     0.4245     0.8432     0.8261 
    0.3070     0.3551     0.3899     0.6283 
    0.3707     0.2990     0.2702     0.2702 
# Year:1993
# age    0          1          2          3 
    0.4576     0.7861     0.9616     0.8495 
    0.2520     0.5941     1.4367     1.4328 
    0.2976     0.4090     0.5386     1.0035 
    0.3475     0.2744     0.2439     0.2439 
# Year:1994
# age    0          1          2          3 
    0.5033     0.6088     0.6190     0.5746 
    0.2983     0.3914     0.7403     0.7306 
    0.2687     0.2875     0.3412     0.5439 
    0.3178     0.2478     0.2229     0.2229 
# Year:1995
# age    0          1          2          3 
    0.5140     0.8041     0.9134     0.8130 
    0.3029     0.5799     1.3494     1.3470 
    0.2455     0.3351     0.4986     0.9288 
    0.2646     0.2109     0.1896     0.1896 
# Year:1996
# age    0          1          2          3 
    0.5060     0.7131     0.7937     0.6802 
    0.3748     0.5562     1.2664     1.2518 
    0.2365     0.3045     0.4468     0.8436 
    0.2379     0.1948     0.1561     0.1561 
# Year:1997
# age    0          1          2          3 
    0.4525     0.5271     0.6010     0.4983 
    0.3061     0.4464     0.9712     0.9455 
    0.2433     0.2911     0.3886     0.6808 
    0.2691     0.2143     0.1710     0.1710 
# Year:1998
# age    0          1          2          3 
    0.4318     0.6756     0.8823     0.7668 
    0.3762     0.6040     1.4927     1.4746 
    0.2784     0.3734     0.5384     1.0291 
    0.3178     0.2453     0.1967     0.1967 
# Year:1999
# age    0          1          2          3 
    0.4226     0.4942     0.5778     0.5177 
    0.2982     0.4048     0.8624     0.8522 
    0.2886     0.3274     0.3836     0.6419 
    0.3346     0.2671     0.2423     0.2423 
# Year:2000
# age    0          1          2          3 
    0.4080     0.6808     0.8193     0.7161 
    0.3676     0.5500     1.3164     1.3170 
    0.2768     0.3552     0.4726     0.8961 
    0.2786     0.2357     0.1921     0.1921 
# Year:2001
# age    0          1          2          3 
    0.4108     0.6844     0.8279     0.7130 
    0.3122     0.5822     1.3959     1.4005 
    0.2908     0.3748     0.5230     0.9680 
    0.3063     0.2584     0.2132     0.2132 
# Year:2002
# age    0          1          2          3 
    0.4366     0.6981     0.8687     0.7231 
    0.3293     0.6124     1.4751     1.4794 
    0.2775     0.3639     0.5447     1.0149 
    0.3227     0.2616     0.2178     0.2178 
# Year:2003
# age    0          1          2          3 
    0.4210     0.5586     0.6985     0.5930 
    0.3055     0.5284     1.1779     1.1831 
    0.2787     0.3504     0.4950     0.8564 
    0.3826     0.3081     0.2859     0.2859 
# Year:2004
# age    0          1          2          3 
    0.4388     0.7160     0.9649     0.8373 
    0.2941     0.6716     1.6661     1.6730 
    0.2611     0.3962     0.6170     1.1663 
    0.3758     0.3023     0.2784     0.2784 
# Year:2005
# age    0          1          2          3 
    0.4434     0.6241     0.7335     0.6613 
    0.3204     0.5330     1.1977     1.2005 
    0.2412     0.3280     0.4618     0.8408 
    0.3668     0.2913     0.2250     0.2250 
# Year:2006
# age    0          1          2          3 
    0.5061     0.7007     0.8699     0.7810 
    0.2789     0.6113     1.4655     1.4722 
    0.2434     0.3586     0.5318     1.0138 
    0.3643     0.2772     0.2023     0.2023 
# Year:2007
# age    0          1          2          3 
    0.4822     0.6838     0.8241     0.7290 
    0.3012     0.6064     1.4144     1.4229 
    0.2356     0.3304     0.4978     0.9616 
    0.3123     0.2375     0.1750     0.1750 
# Year:2008
# age    0          1          2          3 
    0.4796     0.6205     0.7111     0.6265 
    0.2803     0.5282     1.2079     1.2124 
    0.2218     0.3045     0.4586     0.8504 
    0.3040     0.2254     0.1969     0.1969 
# Year:2009
# age    0          1          2          3 
    0.4453     0.5634     0.5692     0.4577 
    0.3345     0.4087     0.8321     0.8313 
    0.2042     0.2541     0.3508     0.6023 
    0.2925     0.2153     0.1897     0.1897 
# Year:2010
# age    0          1          2          3 
    0.5285     0.6457     0.7012     0.5125 
    0.4039     0.4585     0.9604     0.9529 
    0.2226     0.2798     0.3763     0.6674 
    0.3090     0.2264     0.1968     0.1968 
# Year:2011
# age    0          1          2          3 
    0.5119     0.6488     0.7392     0.4925 
    0.3887     0.4578     0.9029     0.8959 
    0.2431     0.2908     0.3764     0.6408 
    0.3380     0.2536     0.2243     0.2243 
# Year:2012
# age    0          1          2          3 
    0.5110     0.7529     0.8803     0.6476 
    0.3802     0.5711     1.2673     1.2653 
    0.2409     0.3104     0.4443     0.8455 
    0.2918     0.2251     0.1796     0.1796 
# Year:2013
# age    0          1          2          3 
    0.4007     0.6524     0.7613     0.5679 
    0.2816     0.5038     1.1191     1.1225 
    0.2259     0.2945     0.4137     0.7698 
    0.2700     0.2209     0.1783     0.1783 
# Year:2014
# age    0          1          2          3 
    0.3678     0.4702     0.4706     0.3381 
    0.2624     0.3383     0.6196     0.6107 
    0.2207     0.2375     0.2792     0.4479 
    0.2719     0.2271     0.1837     0.1837 
# Year:2015
# age    0          1          2          3 
    0.3669     0.6633     0.7897     0.6147 
    0.2490     0.5290     1.2488     1.2450 
    0.2344     0.3129     0.4505     0.8549 
    0.2779     0.2244     0.1805     0.1805 
# Year:2016
# age    0          1          2          3 
    0.3801     0.8715     1.1347     0.9120 
    0.2745     0.7430     1.9208     1.9269 
    0.2481     0.3968     0.6369     1.2915 
    0.2779     0.2244     0.1805     0.1805 
# Year:2017
# age    0          1          2          3 
    0.3790     0.6787     0.8130     0.6292 
    0.2674     0.5433     1.2751     1.2747 
    0.2349     0.3161     0.4575     0.8713 
    0.2779     0.2244     0.1805     0.1805 
# Year:2018
# age    0          1          2          3 
    0.3790     0.6803     0.8158     0.6317 
    0.2675     0.5451     1.2807     1.2804 
    0.2350     0.3168     0.4590     0.8750 
    0.2779     0.2244     0.1805     0.1805 
