 par parNo species year quarter area age predator prey fleet
log_rec 1 1 1974 -1 -1 -1 -1 -1 -1
log_rec 2 1 1975 -1 -1 -1 -1 -1 -1
log_rec 3 1 1976 -1 -1 -1 -1 -1 -1
log_rec 4 1 1977 -1 -1 -1 -1 -1 -1
log_rec 5 1 1978 -1 -1 -1 -1 -1 -1
log_rec 6 1 1979 -1 -1 -1 -1 -1 -1
log_rec 7 1 1980 -1 -1 -1 -1 -1 -1
log_rec 8 1 1981 -1 -1 -1 -1 -1 -1
log_rec 9 1 1982 -1 -1 -1 -1 -1 -1
log_rec 10 1 1983 -1 -1 -1 -1 -1 -1
log_rec 11 1 1984 -1 -1 -1 -1 -1 -1
log_rec 12 1 1985 -1 -1 -1 -1 -1 -1
log_rec 13 1 1986 -1 -1 -1 -1 -1 -1
log_rec 14 1 1987 -1 -1 -1 -1 -1 -1
log_rec 15 1 1988 -1 -1 -1 -1 -1 -1
log_rec 16 1 1989 -1 -1 -1 -1 -1 -1
log_rec 17 1 1990 -1 -1 -1 -1 -1 -1
log_rec 18 1 1991 -1 -1 -1 -1 -1 -1
log_rec 19 1 1992 -1 -1 -1 -1 -1 -1
log_rec 20 1 1993 -1 -1 -1 -1 -1 -1
log_rec 21 1 1994 -1 -1 -1 -1 -1 -1
log_rec 22 1 1995 -1 -1 -1 -1 -1 -1
log_rec 23 1 1996 -1 -1 -1 -1 -1 -1
log_rec 24 1 1997 -1 -1 -1 -1 -1 -1
log_rec 25 1 1998 -1 -1 -1 -1 -1 -1
log_rec 26 1 1999 -1 -1 -1 -1 -1 -1
log_rec 27 1 2000 -1 -1 -1 -1 -1 -1
log_rec 28 1 2001 -1 -1 -1 -1 -1 -1
log_rec 29 1 2002 -1 -1 -1 -1 -1 -1
log_rec 30 1 2003 -1 -1 -1 -1 -1 -1
log_rec 31 1 2004 -1 -1 -1 -1 -1 -1
log_rec 32 1 2005 -1 -1 -1 -1 -1 -1
log_rec 33 1 2006 -1 -1 -1 -1 -1 -1
log_rec 34 1 2007 -1 -1 -1 -1 -1 -1
log_rec 35 1 2008 -1 -1 -1 -1 -1 -1
log_rec 36 1 2009 -1 -1 -1 -1 -1 -1
log_rec 37 1 2010 -1 -1 -1 -1 -1 -1
log_rec 38 1 2011 -1 -1 -1 -1 -1 -1
log_rec 39 1 2012 -1 -1 -1 -1 -1 -1
log_rec 40 1 2013 -1 -1 -1 -1 -1 -1
log_rec 41 1 2014 -1 -1 -1 -1 -1 -1
log_rec 42 1 2015 -1 -1 -1 -1 -1 -1
log_rec 43 1 2016 -1 -1 -1 -1 -1 -1
log_rec 44 1 2017 -1 -1 -1 -1 -1 -1
log_rec 45 1 2018 -1 -1 -1 -1 -1 -1
log_rec_older 46 1 1974 1 -1 1 -1 -1 -1
log_rec_older 47 1 1974 1 -1 2 -1 -1 -1
log_rec_older 48 1 1974 1 -1 3 -1 -1 -1
F_y_ini 49 1 1975 -1 -1 -1 -1 -1 -1
F_y_ini 50 1 1976 -1 -1 -1 -1 -1 -1
F_y_ini 51 1 1977 -1 -1 -1 -1 -1 -1
F_y_ini 52 1 1978 -1 -1 -1 -1 -1 -1
F_y_ini 53 1 1979 -1 -1 -1 -1 -1 -1
F_y_ini 54 1 1980 -1 -1 -1 -1 -1 -1
F_y_ini 55 1 1981 -1 -1 -1 -1 -1 -1
F_y_ini 56 1 1982 -1 -1 -1 -1 -1 -1
F_y_ini 57 1 1983 -1 -1 -1 -1 -1 -1
F_y_ini 58 1 1984 -1 -1 -1 -1 -1 -1
F_y_ini 59 1 1985 -1 -1 -1 -1 -1 -1
F_y_ini 60 1 1986 -1 -1 -1 -1 -1 -1
F_y_ini 61 1 1987 -1 -1 -1 -1 -1 -1
F_y_ini 62 1 1988 -1 -1 -1 -1 -1 -1
F_y_ini 63 1 1989 -1 -1 -1 -1 -1 -1
F_y_ini 64 1 1990 -1 -1 -1 -1 -1 -1
F_y_ini 65 1 1991 -1 -1 -1 -1 -1 -1
F_y_ini 66 1 1992 -1 -1 -1 -1 -1 -1
F_y_ini 67 1 1993 -1 -1 -1 -1 -1 -1
F_y_ini 68 1 1994 -1 -1 -1 -1 -1 -1
F_y_ini 69 1 1995 -1 -1 -1 -1 -1 -1
F_y_ini 70 1 1996 -1 -1 -1 -1 -1 -1
F_y_ini 71 1 1997 -1 -1 -1 -1 -1 -1
F_y_ini 72 1 1998 -1 -1 -1 -1 -1 -1
F_y_ini 73 1 1999 -1 -1 -1 -1 -1 -1
F_y_ini 74 1 2000 -1 -1 -1 -1 -1 -1
F_y_ini 75 1 2001 -1 -1 -1 -1 -1 -1
F_y_ini 76 1 2002 -1 -1 -1 -1 -1 -1
F_y_ini 77 1 2003 -1 -1 -1 -1 -1 -1
F_y_ini 78 1 2004 -1 -1 -1 -1 -1 -1
F_y_ini 79 1 2005 -1 -1 -1 -1 -1 -1
F_y_ini 80 1 2006 -1 -1 -1 -1 -1 -1
F_y_ini 81 1 2007 -1 -1 -1 -1 -1 -1
F_y_ini 82 1 2008 -1 -1 -1 -1 -1 -1
F_y_ini 83 1 2009 -1 -1 -1 -1 -1 -1
F_y_ini 84 1 2010 -1 -1 -1 -1 -1 -1
F_y_ini 85 1 2011 -1 -1 -1 -1 -1 -1
F_y_ini 86 1 2012 -1 -1 -1 -1 -1 -1
F_y_ini 87 1 2013 -1 -1 -1 -1 -1 -1
F_y_ini 88 1 2014 -1 -1 -1 -1 -1 -1
F_y_ini 89 1 2015 -1 -1 -1 -1 -1 -1
F_y_ini 90 1 2016 -1 -1 -1 -1 -1 -1
F_y_ini 91 1 2017 -1 -1 -1 -1 -1 -1
F_y_ini 92 1 2018 -1 -1 -1 -1 -1 -1
F_q_ini 93 1 1974 1 -1 0 -1 -1 -1
F_q_ini 94 1 1974 2 -1 0 -1 -1 -1
F_q_ini 95 1 1974 3 -1 0 -1 -1 -1
F_q_ini 96 1 1974 1 -1 1 -1 -1 -1
F_q_ini 97 1 1974 2 -1 1 -1 -1 -1
F_q_ini 98 1 1974 3 -1 1 -1 -1 -1
F_q_ini 99 1 1974 1 -1 2 -1 -1 -1
F_q_ini 100 1 1974 2 -1 2 -1 -1 -1
F_q_ini 101 1 1974 3 -1 2 -1 -1 -1
F_q_ini 102 1 1974 1 -1 3 -1 -1 -1
F_q_ini 103 1 1974 2 -1 3 -1 -1 -1
F_q_ini 104 1 1974 3 -1 3 -1 -1 -1
log_F_a_ini 105 1 1974 -1 -1 0 -1 -1 -1
log_F_a_ini 106 1 1974 -1 -1 1 -1 -1 -1
log_F_a_ini 107 1 1974 -1 -1 2 -1 -1 -1
qq_ini 108 1 -1 -1 -1 0 -1 -1 1
qq_ini 109 1 -1 -1 -1 1 -1 -1 1
qq_ini 110 1 -1 -1 -1 2 -1 -1 1
qq_ini 111 1 -1 -1 -1 3 -1 -1 1
qq_ini 112 1 -1 -1 -1 1 -1 -1 2
qq_ini 113 1 -1 -1 -1 2 -1 -1 2
qq_ini 114 1 -1 -1 -1 3 -1 -1 2
qq_ini 115 1 -1 -1 -1 1 -1 -1 3
qq_ini 116 1 -1 -1 -1 2 -1 -1 3
qq_ini 117 1 -1 -1 -1 3 -1 -1 3
qq_power_ini 118 1 -1 -1 -1 0 -1 -1 1
qq_s2_ini 119 1 -1 -1 -1 0 -1 -1 1
qq_s2_ini 120 1 -1 -1 -1 1 -1 -1 1
qq_s2_ini 121 1 -1 -1 -1 1 -1 -1 2
qq_s2_ini 122 1 -1 -1 -1 2 -1 -1 2
qq_s2_ini 123 1 -1 -1 -1 1 -1 -1 3
qq_s2_ini 124 1 -1 -1 -1 2 -1 -1 3
SSB_R_alfa 125 1 -1 -1 -1 -1 -1 -1 -1
catch_s2_ini 126 1 -1 1 -1 0 -1 -1 -1
catch_s2_ini 127 1 -1 1 -1 1 -1 -1 -1
catch_s2_ini 128 1 -1 1 -1 2 -1 -1 -1
catch_s2_ini 129 1 -1 2 -1 0 -1 -1 -1
catch_s2_ini 130 1 -1 2 -1 1 -1 -1 -1
catch_s2_ini 131 1 -1 2 -1 2 -1 -1 -1
catch_s2_ini 132 1 -1 3 -1 0 -1 -1 -1
catch_s2_ini 133 1 -1 3 -1 1 -1 -1 -1
catch_s2_ini 134 1 -1 3 -1 2 -1 -1 -1
catch_s2_ini 135 1 -1 4 -1 0 -1 -1 -1
catch_s2_ini 136 1 -1 4 -1 1 -1 -1 -1
catch_s2_ini 137 1 -1 4 -1 2 -1 -1 -1
avg_F 138 1 1974 -1 -1 -1 -1 -1 -1
avg_F 139 1 1975 -1 -1 -1 -1 -1 -1
avg_F 140 1 1976 -1 -1 -1 -1 -1 -1
avg_F 141 1 1977 -1 -1 -1 -1 -1 -1
avg_F 142 1 1978 -1 -1 -1 -1 -1 -1
avg_F 143 1 1979 -1 -1 -1 -1 -1 -1
avg_F 144 1 1980 -1 -1 -1 -1 -1 -1
avg_F 145 1 1981 -1 -1 -1 -1 -1 -1
avg_F 146 1 1982 -1 -1 -1 -1 -1 -1
avg_F 147 1 1983 -1 -1 -1 -1 -1 -1
avg_F 148 1 1984 -1 -1 -1 -1 -1 -1
avg_F 149 1 1985 -1 -1 -1 -1 -1 -1
avg_F 150 1 1986 -1 -1 -1 -1 -1 -1
avg_F 151 1 1987 -1 -1 -1 -1 -1 -1
avg_F 152 1 1988 -1 -1 -1 -1 -1 -1
avg_F 153 1 1989 -1 -1 -1 -1 -1 -1
avg_F 154 1 1990 -1 -1 -1 -1 -1 -1
avg_F 155 1 1991 -1 -1 -1 -1 -1 -1
avg_F 156 1 1992 -1 -1 -1 -1 -1 -1
avg_F 157 1 1993 -1 -1 -1 -1 -1 -1
avg_F 158 1 1994 -1 -1 -1 -1 -1 -1
avg_F 159 1 1995 -1 -1 -1 -1 -1 -1
avg_F 160 1 1996 -1 -1 -1 -1 -1 -1
avg_F 161 1 1997 -1 -1 -1 -1 -1 -1
avg_F 162 1 1998 -1 -1 -1 -1 -1 -1
avg_F 163 1 1999 -1 -1 -1 -1 -1 -1
avg_F 164 1 2000 -1 -1 -1 -1 -1 -1
avg_F 165 1 2001 -1 -1 -1 -1 -1 -1
avg_F 166 1 2002 -1 -1 -1 -1 -1 -1
avg_F 167 1 2003 -1 -1 -1 -1 -1 -1
avg_F 168 1 2004 -1 -1 -1 -1 -1 -1
avg_F 169 1 2005 -1 -1 -1 -1 -1 -1
avg_F 170 1 2006 -1 -1 -1 -1 -1 -1
avg_F 171 1 2007 -1 -1 -1 -1 -1 -1
avg_F 172 1 2008 -1 -1 -1 -1 -1 -1
avg_F 173 1 2009 -1 -1 -1 -1 -1 -1
avg_F 174 1 2010 -1 -1 -1 -1 -1 -1
avg_F 175 1 2011 -1 -1 -1 -1 -1 -1
avg_F 176 1 2012 -1 -1 -1 -1 -1 -1
avg_F 177 1 2013 -1 -1 -1 -1 -1 -1
avg_F 178 1 2014 -1 -1 -1 -1 -1 -1
avg_F 179 1 2015 -1 -1 -1 -1 -1 -1
avg_F 180 1 2016 -1 -1 -1 -1 -1 -1
avg_F 181 1 2017 -1 -1 -1 -1 -1 -1
avg_F 182 1 2018 -1 -1 -1 -1 -1 -1
hist_SSB 183 1 1974 -1 -1 -1 -1 -1 -1
hist_SSB 184 1 1975 -1 -1 -1 -1 -1 -1
hist_SSB 185 1 1976 -1 -1 -1 -1 -1 -1
hist_SSB 186 1 1977 -1 -1 -1 -1 -1 -1
hist_SSB 187 1 1978 -1 -1 -1 -1 -1 -1
hist_SSB 188 1 1979 -1 -1 -1 -1 -1 -1
hist_SSB 189 1 1980 -1 -1 -1 -1 -1 -1
hist_SSB 190 1 1981 -1 -1 -1 -1 -1 -1
hist_SSB 191 1 1982 -1 -1 -1 -1 -1 -1
hist_SSB 192 1 1983 -1 -1 -1 -1 -1 -1
hist_SSB 193 1 1984 -1 -1 -1 -1 -1 -1
hist_SSB 194 1 1985 -1 -1 -1 -1 -1 -1
hist_SSB 195 1 1986 -1 -1 -1 -1 -1 -1
hist_SSB 196 1 1987 -1 -1 -1 -1 -1 -1
hist_SSB 197 1 1988 -1 -1 -1 -1 -1 -1
hist_SSB 198 1 1989 -1 -1 -1 -1 -1 -1
hist_SSB 199 1 1990 -1 -1 -1 -1 -1 -1
hist_SSB 200 1 1991 -1 -1 -1 -1 -1 -1
hist_SSB 201 1 1992 -1 -1 -1 -1 -1 -1
hist_SSB 202 1 1993 -1 -1 -1 -1 -1 -1
hist_SSB 203 1 1994 -1 -1 -1 -1 -1 -1
hist_SSB 204 1 1995 -1 -1 -1 -1 -1 -1
hist_SSB 205 1 1996 -1 -1 -1 -1 -1 -1
hist_SSB 206 1 1997 -1 -1 -1 -1 -1 -1
hist_SSB 207 1 1998 -1 -1 -1 -1 -1 -1
hist_SSB 208 1 1999 -1 -1 -1 -1 -1 -1
hist_SSB 209 1 2000 -1 -1 -1 -1 -1 -1
hist_SSB 210 1 2001 -1 -1 -1 -1 -1 -1
hist_SSB 211 1 2002 -1 -1 -1 -1 -1 -1
hist_SSB 212 1 2003 -1 -1 -1 -1 -1 -1
hist_SSB 213 1 2004 -1 -1 -1 -1 -1 -1
hist_SSB 214 1 2005 -1 -1 -1 -1 -1 -1
hist_SSB 215 1 2006 -1 -1 -1 -1 -1 -1
hist_SSB 216 1 2007 -1 -1 -1 -1 -1 -1
hist_SSB 217 1 2008 -1 -1 -1 -1 -1 -1
hist_SSB 218 1 2009 -1 -1 -1 -1 -1 -1
hist_SSB 219 1 2010 -1 -1 -1 -1 -1 -1
hist_SSB 220 1 2011 -1 -1 -1 -1 -1 -1
hist_SSB 221 1 2012 -1 -1 -1 -1 -1 -1
hist_SSB 222 1 2013 -1 -1 -1 -1 -1 -1
hist_SSB 223 1 2014 -1 -1 -1 -1 -1 -1
hist_SSB 224 1 2015 -1 -1 -1 -1 -1 -1
hist_SSB 225 1 2016 -1 -1 -1 -1 -1 -1
hist_SSB 226 1 2017 -1 -1 -1 -1 -1 -1
hist_SSB 227 1 2018 -1 -1 -1 -1 -1 -1
hist_log_SSB 228 1 1974 -1 -1 -1 -1 -1 -1
hist_log_SSB 229 1 1975 -1 -1 -1 -1 -1 -1
hist_log_SSB 230 1 1976 -1 -1 -1 -1 -1 -1
hist_log_SSB 231 1 1977 -1 -1 -1 -1 -1 -1
hist_log_SSB 232 1 1978 -1 -1 -1 -1 -1 -1
hist_log_SSB 233 1 1979 -1 -1 -1 -1 -1 -1
hist_log_SSB 234 1 1980 -1 -1 -1 -1 -1 -1
hist_log_SSB 235 1 1981 -1 -1 -1 -1 -1 -1
hist_log_SSB 236 1 1982 -1 -1 -1 -1 -1 -1
hist_log_SSB 237 1 1983 -1 -1 -1 -1 -1 -1
hist_log_SSB 238 1 1984 -1 -1 -1 -1 -1 -1
hist_log_SSB 239 1 1985 -1 -1 -1 -1 -1 -1
hist_log_SSB 240 1 1986 -1 -1 -1 -1 -1 -1
hist_log_SSB 241 1 1987 -1 -1 -1 -1 -1 -1
hist_log_SSB 242 1 1988 -1 -1 -1 -1 -1 -1
hist_log_SSB 243 1 1989 -1 -1 -1 -1 -1 -1
hist_log_SSB 244 1 1990 -1 -1 -1 -1 -1 -1
hist_log_SSB 245 1 1991 -1 -1 -1 -1 -1 -1
hist_log_SSB 246 1 1992 -1 -1 -1 -1 -1 -1
hist_log_SSB 247 1 1993 -1 -1 -1 -1 -1 -1
hist_log_SSB 248 1 1994 -1 -1 -1 -1 -1 -1
hist_log_SSB 249 1 1995 -1 -1 -1 -1 -1 -1
hist_log_SSB 250 1 1996 -1 -1 -1 -1 -1 -1
hist_log_SSB 251 1 1997 -1 -1 -1 -1 -1 -1
hist_log_SSB 252 1 1998 -1 -1 -1 -1 -1 -1
hist_log_SSB 253 1 1999 -1 -1 -1 -1 -1 -1
hist_log_SSB 254 1 2000 -1 -1 -1 -1 -1 -1
hist_log_SSB 255 1 2001 -1 -1 -1 -1 -1 -1
hist_log_SSB 256 1 2002 -1 -1 -1 -1 -1 -1
hist_log_SSB 257 1 2003 -1 -1 -1 -1 -1 -1
hist_log_SSB 258 1 2004 -1 -1 -1 -1 -1 -1
hist_log_SSB 259 1 2005 -1 -1 -1 -1 -1 -1
hist_log_SSB 260 1 2006 -1 -1 -1 -1 -1 -1
hist_log_SSB 261 1 2007 -1 -1 -1 -1 -1 -1
hist_log_SSB 262 1 2008 -1 -1 -1 -1 -1 -1
hist_log_SSB 263 1 2009 -1 -1 -1 -1 -1 -1
hist_log_SSB 264 1 2010 -1 -1 -1 -1 -1 -1
hist_log_SSB 265 1 2011 -1 -1 -1 -1 -1 -1
hist_log_SSB 266 1 2012 -1 -1 -1 -1 -1 -1
hist_log_SSB 267 1 2013 -1 -1 -1 -1 -1 -1
hist_log_SSB 268 1 2014 -1 -1 -1 -1 -1 -1
hist_log_SSB 269 1 2015 -1 -1 -1 -1 -1 -1
hist_log_SSB 270 1 2016 -1 -1 -1 -1 -1 -1
hist_log_SSB 271 1 2017 -1 -1 -1 -1 -1 -1
hist_log_SSB 272 1 2018 -1 -1 -1 -1 -1 -1
avg_sumF 273 1 1974 -1 -1 -1 -1 -1 -1
avg_sumF 274 1 1975 -1 -1 -1 -1 -1 -1
avg_sumF 275 1 1976 -1 -1 -1 -1 -1 -1
avg_sumF 276 1 1977 -1 -1 -1 -1 -1 -1
avg_sumF 277 1 1978 -1 -1 -1 -1 -1 -1
avg_sumF 278 1 1979 -1 -1 -1 -1 -1 -1
avg_sumF 279 1 1980 -1 -1 -1 -1 -1 -1
avg_sumF 280 1 1981 -1 -1 -1 -1 -1 -1
avg_sumF 281 1 1982 -1 -1 -1 -1 -1 -1
avg_sumF 282 1 1983 -1 -1 -1 -1 -1 -1
avg_sumF 283 1 1984 -1 -1 -1 -1 -1 -1
avg_sumF 284 1 1985 -1 -1 -1 -1 -1 -1
avg_sumF 285 1 1986 -1 -1 -1 -1 -1 -1
avg_sumF 286 1 1987 -1 -1 -1 -1 -1 -1
avg_sumF 287 1 1988 -1 -1 -1 -1 -1 -1
avg_sumF 288 1 1989 -1 -1 -1 -1 -1 -1
avg_sumF 289 1 1990 -1 -1 -1 -1 -1 -1
avg_sumF 290 1 1991 -1 -1 -1 -1 -1 -1
avg_sumF 291 1 1992 -1 -1 -1 -1 -1 -1
avg_sumF 292 1 1993 -1 -1 -1 -1 -1 -1
avg_sumF 293 1 1994 -1 -1 -1 -1 -1 -1
avg_sumF 294 1 1995 -1 -1 -1 -1 -1 -1
avg_sumF 295 1 1996 -1 -1 -1 -1 -1 -1
avg_sumF 296 1 1997 -1 -1 -1 -1 -1 -1
avg_sumF 297 1 1998 -1 -1 -1 -1 -1 -1
avg_sumF 298 1 1999 -1 -1 -1 -1 -1 -1
avg_sumF 299 1 2000 -1 -1 -1 -1 -1 -1
avg_sumF 300 1 2001 -1 -1 -1 -1 -1 -1
avg_sumF 301 1 2002 -1 -1 -1 -1 -1 -1
avg_sumF 302 1 2003 -1 -1 -1 -1 -1 -1
avg_sumF 303 1 2004 -1 -1 -1 -1 -1 -1
avg_sumF 304 1 2005 -1 -1 -1 -1 -1 -1
avg_sumF 305 1 2006 -1 -1 -1 -1 -1 -1
avg_sumF 306 1 2007 -1 -1 -1 -1 -1 -1
avg_sumF 307 1 2008 -1 -1 -1 -1 -1 -1
avg_sumF 308 1 2009 -1 -1 -1 -1 -1 -1
avg_sumF 309 1 2010 -1 -1 -1 -1 -1 -1
avg_sumF 310 1 2011 -1 -1 -1 -1 -1 -1
avg_sumF 311 1 2012 -1 -1 -1 -1 -1 -1
avg_sumF 312 1 2013 -1 -1 -1 -1 -1 -1
avg_sumF 313 1 2014 -1 -1 -1 -1 -1 -1
avg_sumF 314 1 2015 -1 -1 -1 -1 -1 -1
avg_sumF 315 1 2016 -1 -1 -1 -1 -1 -1
avg_sumF 316 1 2017 -1 -1 -1 -1 -1 -1
avg_sumF 317 1 2018 -1 -1 -1 -1 -1 -1
avg_log_sumF 318 1 1974 -1 -1 -1 -1 -1 -1
avg_log_sumF 319 1 1975 -1 -1 -1 -1 -1 -1
avg_log_sumF 320 1 1976 -1 -1 -1 -1 -1 -1
avg_log_sumF 321 1 1977 -1 -1 -1 -1 -1 -1
avg_log_sumF 322 1 1978 -1 -1 -1 -1 -1 -1
avg_log_sumF 323 1 1979 -1 -1 -1 -1 -1 -1
avg_log_sumF 324 1 1980 -1 -1 -1 -1 -1 -1
avg_log_sumF 325 1 1981 -1 -1 -1 -1 -1 -1
avg_log_sumF 326 1 1982 -1 -1 -1 -1 -1 -1
avg_log_sumF 327 1 1983 -1 -1 -1 -1 -1 -1
avg_log_sumF 328 1 1984 -1 -1 -1 -1 -1 -1
avg_log_sumF 329 1 1985 -1 -1 -1 -1 -1 -1
avg_log_sumF 330 1 1986 -1 -1 -1 -1 -1 -1
avg_log_sumF 331 1 1987 -1 -1 -1 -1 -1 -1
avg_log_sumF 332 1 1988 -1 -1 -1 -1 -1 -1
avg_log_sumF 333 1 1989 -1 -1 -1 -1 -1 -1
avg_log_sumF 334 1 1990 -1 -1 -1 -1 -1 -1
avg_log_sumF 335 1 1991 -1 -1 -1 -1 -1 -1
avg_log_sumF 336 1 1992 -1 -1 -1 -1 -1 -1
avg_log_sumF 337 1 1993 -1 -1 -1 -1 -1 -1
avg_log_sumF 338 1 1994 -1 -1 -1 -1 -1 -1
avg_log_sumF 339 1 1995 -1 -1 -1 -1 -1 -1
avg_log_sumF 340 1 1996 -1 -1 -1 -1 -1 -1
avg_log_sumF 341 1 1997 -1 -1 -1 -1 -1 -1
avg_log_sumF 342 1 1998 -1 -1 -1 -1 -1 -1
avg_log_sumF 343 1 1999 -1 -1 -1 -1 -1 -1
avg_log_sumF 344 1 2000 -1 -1 -1 -1 -1 -1
avg_log_sumF 345 1 2001 -1 -1 -1 -1 -1 -1
avg_log_sumF 346 1 2002 -1 -1 -1 -1 -1 -1
avg_log_sumF 347 1 2003 -1 -1 -1 -1 -1 -1
avg_log_sumF 348 1 2004 -1 -1 -1 -1 -1 -1
avg_log_sumF 349 1 2005 -1 -1 -1 -1 -1 -1
avg_log_sumF 350 1 2006 -1 -1 -1 -1 -1 -1
avg_log_sumF 351 1 2007 -1 -1 -1 -1 -1 -1
avg_log_sumF 352 1 2008 -1 -1 -1 -1 -1 -1
avg_log_sumF 353 1 2009 -1 -1 -1 -1 -1 -1
avg_log_sumF 354 1 2010 -1 -1 -1 -1 -1 -1
avg_log_sumF 355 1 2011 -1 -1 -1 -1 -1 -1
avg_log_sumF 356 1 2012 -1 -1 -1 -1 -1 -1
avg_log_sumF 357 1 2013 -1 -1 -1 -1 -1 -1
avg_log_sumF 358 1 2014 -1 -1 -1 -1 -1 -1
avg_log_sumF 359 1 2015 -1 -1 -1 -1 -1 -1
avg_log_sumF 360 1 2016 -1 -1 -1 -1 -1 -1
avg_log_sumF 361 1 2017 -1 -1 -1 -1 -1 -1
avg_log_sumF 362 1 2018 -1 -1 -1 -1 -1 -1
exploi_pattern 363 1 2018 1  -1 0  -1 -1 -1
exploi_pattern 364 1 2018 1  -1 1  -1 -1 -1
exploi_pattern 365 1 2018 1  -1 2  -1 -1 -1
exploi_pattern 366 1 2018 1  -1 3  -1 -1 -1
exploi_pattern 367 1 2018 2  -1 0  -1 -1 -1
exploi_pattern 368 1 2018 2  -1 1  -1 -1 -1
exploi_pattern 369 1 2018 2  -1 2  -1 -1 -1
exploi_pattern 370 1 2018 2  -1 3  -1 -1 -1
exploi_pattern 371 1 2018 3  -1 0  -1 -1 -1
exploi_pattern 372 1 2018 3  -1 1  -1 -1 -1
exploi_pattern 373 1 2018 3  -1 2  -1 -1 -1
exploi_pattern 374 1 2018 3  -1 3  -1 -1 -1
exploi_pattern 375 1 2018 4  -1 0  -1 -1 -1
exploi_pattern 376 1 2018 4  -1 1  -1 -1 -1
exploi_pattern 377 1 2018 4  -1 2  -1 -1 -1
exploi_pattern 378 1 2018 4  -1 3  -1 -1 -1
next_SSB 379 1 2019 1 -1 -1 -1 -1 -1
next_log_SSB 380 1 2019 1 -1 -1 -1 -1 -1
rec_sd 381 1 1974 1 -1 0 -1 -1 -1
rec_sd 382 1 1975 1 -1 0 -1 -1 -1
rec_sd 383 1 1976 1 -1 0 -1 -1 -1
rec_sd 384 1 1977 1 -1 0 -1 -1 -1
rec_sd 385 1 1978 1 -1 0 -1 -1 -1
rec_sd 386 1 1979 1 -1 0 -1 -1 -1
rec_sd 387 1 1980 1 -1 0 -1 -1 -1
rec_sd 388 1 1981 1 -1 0 -1 -1 -1
rec_sd 389 1 1982 1 -1 0 -1 -1 -1
rec_sd 390 1 1983 1 -1 0 -1 -1 -1
rec_sd 391 1 1984 1 -1 0 -1 -1 -1
rec_sd 392 1 1985 1 -1 0 -1 -1 -1
rec_sd 393 1 1986 1 -1 0 -1 -1 -1
rec_sd 394 1 1987 1 -1 0 -1 -1 -1
rec_sd 395 1 1988 1 -1 0 -1 -1 -1
rec_sd 396 1 1989 1 -1 0 -1 -1 -1
rec_sd 397 1 1990 1 -1 0 -1 -1 -1
rec_sd 398 1 1991 1 -1 0 -1 -1 -1
rec_sd 399 1 1992 1 -1 0 -1 -1 -1
rec_sd 400 1 1993 1 -1 0 -1 -1 -1
rec_sd 401 1 1994 1 -1 0 -1 -1 -1
rec_sd 402 1 1995 1 -1 0 -1 -1 -1
rec_sd 403 1 1996 1 -1 0 -1 -1 -1
rec_sd 404 1 1997 1 -1 0 -1 -1 -1
rec_sd 405 1 1998 1 -1 0 -1 -1 -1
rec_sd 406 1 1999 1 -1 0 -1 -1 -1
rec_sd 407 1 2000 1 -1 0 -1 -1 -1
rec_sd 408 1 2001 1 -1 0 -1 -1 -1
rec_sd 409 1 2002 1 -1 0 -1 -1 -1
rec_sd 410 1 2003 1 -1 0 -1 -1 -1
rec_sd 411 1 2004 1 -1 0 -1 -1 -1
rec_sd 412 1 2005 1 -1 0 -1 -1 -1
rec_sd 413 1 2006 1 -1 0 -1 -1 -1
rec_sd 414 1 2007 1 -1 0 -1 -1 -1
rec_sd 415 1 2008 1 -1 0 -1 -1 -1
rec_sd 416 1 2009 1 -1 0 -1 -1 -1
rec_sd 417 1 2010 1 -1 0 -1 -1 -1
rec_sd 418 1 2011 1 -1 0 -1 -1 -1
rec_sd 419 1 2012 1 -1 0 -1 -1 -1
rec_sd 420 1 2013 1 -1 0 -1 -1 -1
rec_sd 421 1 2014 1 -1 0 -1 -1 -1
rec_sd 422 1 2015 1 -1 0 -1 -1 -1
rec_sd 423 1 2016 1 -1 0 -1 -1 -1
rec_sd 424 1 2017 1 -1 0 -1 -1 -1
rec_sd 425 1 2018 1 -1 0 -1 -1 -1
log_recsd 426 1 1974 1 -1 0 -1 -1 -1
log_recsd 427 1 1975 1 -1 0 -1 -1 -1
log_recsd 428 1 1976 1 -1 0 -1 -1 -1
log_recsd 429 1 1977 1 -1 0 -1 -1 -1
log_recsd 430 1 1978 1 -1 0 -1 -1 -1
log_recsd 431 1 1979 1 -1 0 -1 -1 -1
log_recsd 432 1 1980 1 -1 0 -1 -1 -1
log_recsd 433 1 1981 1 -1 0 -1 -1 -1
log_recsd 434 1 1982 1 -1 0 -1 -1 -1
log_recsd 435 1 1983 1 -1 0 -1 -1 -1
log_recsd 436 1 1984 1 -1 0 -1 -1 -1
log_recsd 437 1 1985 1 -1 0 -1 -1 -1
log_recsd 438 1 1986 1 -1 0 -1 -1 -1
log_recsd 439 1 1987 1 -1 0 -1 -1 -1
log_recsd 440 1 1988 1 -1 0 -1 -1 -1
log_recsd 441 1 1989 1 -1 0 -1 -1 -1
log_recsd 442 1 1990 1 -1 0 -1 -1 -1
log_recsd 443 1 1991 1 -1 0 -1 -1 -1
log_recsd 444 1 1992 1 -1 0 -1 -1 -1
log_recsd 445 1 1993 1 -1 0 -1 -1 -1
log_recsd 446 1 1994 1 -1 0 -1 -1 -1
log_recsd 447 1 1995 1 -1 0 -1 -1 -1
log_recsd 448 1 1996 1 -1 0 -1 -1 -1
log_recsd 449 1 1997 1 -1 0 -1 -1 -1
log_recsd 450 1 1998 1 -1 0 -1 -1 -1
log_recsd 451 1 1999 1 -1 0 -1 -1 -1
log_recsd 452 1 2000 1 -1 0 -1 -1 -1
log_recsd 453 1 2001 1 -1 0 -1 -1 -1
log_recsd 454 1 2002 1 -1 0 -1 -1 -1
log_recsd 455 1 2003 1 -1 0 -1 -1 -1
log_recsd 456 1 2004 1 -1 0 -1 -1 -1
log_recsd 457 1 2005 1 -1 0 -1 -1 -1
log_recsd 458 1 2006 1 -1 0 -1 -1 -1
log_recsd 459 1 2007 1 -1 0 -1 -1 -1
log_recsd 460 1 2008 1 -1 0 -1 -1 -1
log_recsd 461 1 2009 1 -1 0 -1 -1 -1
log_recsd 462 1 2010 1 -1 0 -1 -1 -1
log_recsd 463 1 2011 1 -1 0 -1 -1 -1
log_recsd 464 1 2012 1 -1 0 -1 -1 -1
log_recsd 465 1 2013 1 -1 0 -1 -1 -1
log_recsd 466 1 2014 1 -1 0 -1 -1 -1
log_recsd 467 1 2015 1 -1 0 -1 -1 -1
log_recsd 468 1 2016 1 -1 0 -1 -1 -1
log_recsd 469 1 2017 1 -1 0 -1 -1 -1
log_recsd 470 1 2018 1 -1 0 -1 -1 -1
