TABLE 2.6.3.1 North Sea Herring. CATCH IN NUMBER

Units  :  thousands 
   year
age    1947   1948    1949    1950    1951    1952    1953    1954    1955
  0       0      0       0       0       0       0  150000  219000  164000
  1       0   3000       0       0  462000  722000 1023000 1451000 2072000
  2  494000 247000  478000  535000  660000 1346000 1322000 1493000 1931000
  3  415000 672000  644000 1039000  959000  576000 1003000 1111000 1032000
  4  638000 328000  396000  617000 1255000  610000  474000  591000  479000
  5  526000 601000  287000  290000  630000  652000  386000  361000  337000
  6  756000 487000  652000  254000  262000  464000  473000  330000  232000
  7  431000 400000  462000  331000  142000  236000  278000  379000  120000
  8 1311000 917000 1037000  597000  445000  554000  392000  511000  215000
   year
age    1956    1957    1958    1959    1960    1961    1962    1963    1964
  0   96000  279000   97000       0  194600 1269200  141800  442800  496900
  1 1697000 1483000 4279000 1609000 2392700  336000 2146900 1262200 2971700
  2 1860000 1644000 1029000 4934000 1142300 1889400  269600 2961200 1547500
  3 1221000  736000  999000  488000 1966700  479900  797400  177200 2243100
  4  516000  644000  322000  497000  165900 1455900  335100  158300  148400
  5  249000  344000  461000  233000  167700  124000 1081800   80600  149000
  6  194000  207000  147000  249000  112900  157900  126900  229700   95000
  7  104000  147000   73000  120000  125800   61400  145100   22400  256300
  8  292000  253000  118000  301000  270600  143500  173100   93000   84000
   year
age    1965    1966    1967    1968    1969    1970    1971    1972    1973
  0  157100  374500  645400  839300  112000  898100  684000  750400  289400
  1 3209300 1383100 1674300 2425000 2503300 1196200 4378500 3340600 2368000
  2 2217600 2569700 1171500 1795200 1883000 2002800 1146800 1440500 1344200
  3 1324600  741200 1364700 1494300  296300  883600  662500  343800  659200
  4 2039400  450100  371500  621400  133100  125200  208300  130600  150200
  5  145100  889800  297800  157100  190800   50300   26900   32900   59300
  6  151900   45300  393100  145000   49900   61000   30500    5000   30600
  7  117600   64800   67900  163400   42700    7900   26800     200    3700
  8  491400  331800  254400  105500   52500   24200   12500    1500    2000
   year
age   1974    1975   1976   1977 1978 1979    1980    1981     1982     1983
  0 996100  263800 238200 256800   NA   NA 1262700 9519700 11956700 13296900
  1 846100 2460500 126600 144300   NA   NA  245100  872000  1116400  2448600
  2 772600  541700 901500  44700   NA   NA  134000  284300   299400   573800
  3 362000  259600 117300 186400   NA   NA   91800   56900   230100   216400
  4 126000  140500  52000  10800   NA   NA   32200   39500    33700   105100
  5  56100   57200  34500   7000   NA   NA   21700   28500    14400    26200
  6  22300   16100   6100   4100   NA   NA    2300   22700     6800    22800
  7   5000    9100   4400   1500   NA   NA    1400   18700     7800    12800
  8   3100    4800   1400    700   NA   NA     500    6600     4700    23100
   year
age    1984    1985    1986    1987    1988    1989    1990    1991     1992
  0 6973300 4211000 3724700 8229200 3164800 3057800 1302800 2386600 10331300
  1 1818400 3253000 4801400 6836300 7867000 3145900 3020000 2138900  2303100
  2 1146200 1326300 1266700 2137200 2232500 1593700  899300 1132800  1284900
  3  441400 1182400  840800  667900 1090700 1363800  779100  556700   442700
  4  201500  368500  465900  467100  383700  809300  861000  548900   361500
  5   81100  124500  129800  245800  255800  211800  387500  501200   360500
  6   22600   43600   62100   74700  128100  123700   80200  205300   375600
  7   25200   20200   20500   23800   38000   61000   54400   39300   152400
  8   29700   29200   28400   16200   23800   28200   40700   38600    62500
   year
age     1993    1994    1995    1996   1997    1998    1999    2000    2001
  0 10265400 4498900 7438469 2311226 431175  259526 1566349 1105085 1832691
  1  3826800 1785200 1664874 1606393 479702  977680  303520 1171677  614469
  2  1176300 1783200 1444061  642084 687920 1220105  616354  622853  842635
  3   609000  489100  816703  525601 446909  537932 1058716  463170  485628
  4   305500  347600  231794  172099 284920  276333  294066  646814  278884
  5   215600  109000  118536   57586 109178  175817  135648  213466  321743
  6   226000   91800   55128   22534  31389   88927   69299   82481   90918
  7   188000   76400   41409    9264  11832   15232   27998   35706   38252
  8   129000  116600   98200   21143  24467   20550   12228   17087   20602
   year
age   2002    2003    2004    2005   2006   2007   2008   2009   2010   2011
  0 730279  369074  715597 1015554 878637 621005 798284 650043 574895 778927
  1 837557  617021  206648  715547 222111 235553 235022 175923 280728 159504
  2 579592 1221992  447918  355453 401087 219115 331772 259434 293887 367820
  3 970577  529386 1366155  485746 310602 417452 184771 106738 236804 275016
  4 292205  835552  543376 1318647 464620 285746 199069  93321 126241 218711
  5 140701  244780  753231  479961 997782 309454 137529  86137  83893 130127
  6 174570  107751  169324  576154 252150 629187 118349  37951  61542  62938
  7  48908  123291  104945  115212 247042 147830 215542  53130  33305  52081
  8  43322   46715   97142  146808 106412 156750 117258 143131 113675 125734
   year
age   2012   2013    2014
  0 773241 461571 1388685
  1 284906 413000  370590
  2 455259 324920  382990
  3 673465 485185  386131
  4 404265 571269  616563
  5 306234 422765  487582
  6 152577 327213  284562
  7 104461 145330  191729
  8 205427 313638  214513


TABLE 2.6.3.2 North Sea Herring. WEIGHTS AT AGE IN THE CATCH

Units  :  kg 
   year
age  1947  1948   1949  1950   1951  1952  1953   1954   1955  1956   1957
  0 0.015 0.015 0.0150 0.015 0.0150 0.015 0.015 0.0150 0.0150 0.015 0.0150
  1 0.050 0.050 0.0500 0.050 0.0500 0.050 0.050 0.0500 0.0500 0.050 0.0500
  2 0.122 0.122 0.1280 0.128 0.1340 0.137 0.137 0.1390 0.1400 0.140 0.1410
  3 0.140 0.140 0.1450 0.151 0.1570 0.165 0.167 0.1690 0.1700 0.172 0.1730
  4 0.156 0.156 0.1610 0.166 0.1760 0.183 0.190 0.1930 0.1950 0.197 0.1980
  5 0.171 0.171 0.1760 0.180 0.1890 0.199 0.205 0.2110 0.2140 0.216 0.2180
  6 0.185 0.185 0.1890 0.193 0.2010 0.210 0.218 0.2230 0.2280 0.231 0.2330
  7 0.197 0.197 0.2010 0.204 0.2110 0.219 0.226 0.2330 0.2380 0.242 0.2440
  8 0.242 0.242 0.2435 0.245 0.2475 0.251 0.254 0.2565 0.2595 0.261 0.2625
   year
age   1958   1959  1960  1961  1962  1963  1964  1965  1966  1967  1968  1969
  0 0.0150 0.0150 0.015 0.015 0.015 0.015 0.015 0.015 0.015 0.015 0.015 0.015
  1 0.0500 0.0500 0.050 0.050 0.050 0.050 0.050 0.050 0.050 0.050 0.050 0.050
  2 0.1410 0.1430 0.126 0.126 0.126 0.126 0.126 0.126 0.126 0.126 0.126 0.126
  3 0.1740 0.1760 0.176 0.176 0.176 0.176 0.176 0.176 0.176 0.176 0.176 0.176
  4 0.1990 0.2010 0.211 0.211 0.211 0.211 0.211 0.211 0.211 0.211 0.211 0.211
  5 0.2190 0.2210 0.243 0.243 0.243 0.243 0.243 0.243 0.243 0.243 0.243 0.243
  6 0.2340 0.2360 0.251 0.251 0.251 0.251 0.251 0.251 0.251 0.251 0.251 0.251
  7 0.2450 0.2470 0.267 0.267 0.267 0.267 0.267 0.267 0.267 0.267 0.267 0.267
  8 0.2635 0.2645 0.271 0.271 0.271 0.271 0.271 0.271 0.271 0.271 0.271 0.271
   year
age  1970  1971  1972  1973  1974  1975  1976  1977  1978  1979  1980  1981
  0 0.015 0.015 0.015 0.015 0.015 0.015 0.015 0.015 0.015 0.015 0.015 0.007
  1 0.050 0.050 0.050 0.050 0.050 0.050 0.050 0.050 0.050 0.050 0.050 0.049
  2 0.126 0.126 0.126 0.126 0.126 0.126 0.126 0.126 0.126 0.126 0.126 0.118
  3 0.176 0.176 0.176 0.176 0.176 0.176 0.176 0.176 0.176 0.176 0.176 0.142
  4 0.211 0.211 0.211 0.211 0.211 0.211 0.211 0.211 0.211 0.211 0.211 0.189
  5 0.243 0.243 0.243 0.243 0.243 0.243 0.243 0.243 0.243 0.243 0.243 0.211
  6 0.251 0.251 0.251 0.251 0.251 0.251 0.251 0.251 0.251 0.251 0.251 0.222
  7 0.267 0.267 0.267 0.267 0.267 0.267 0.267 0.267 0.267 0.267 0.267 0.267
  8 0.271 0.271 0.271 0.271 0.271 0.271 0.271 0.271 0.271 0.271 0.271 0.271
   year
age     1982      1983      1984      1985      1986      1987      1988
  0 0.010000 0.0100000 0.0100000 0.0090000 0.0060000 0.0110000 0.0110000
  1 0.059000 0.0590000 0.0590000 0.0360000 0.0670000 0.0350000 0.0550000
  2 0.118000 0.1180000 0.1180000 0.1280000 0.1210000 0.0990000 0.1110000
  3 0.149000 0.1490000 0.1490000 0.1640000 0.1530000 0.1500000 0.1450000
  4 0.179000 0.1790000 0.1790000 0.1940000 0.1820000 0.1800000 0.1740000
  5 0.217000 0.2170000 0.2170000 0.2110000 0.2080000 0.2110000 0.1970000
  6 0.238000 0.2380000 0.2380000 0.2200000 0.2210000 0.2340000 0.2160000
  7 0.265000 0.2650000 0.2650000 0.2580000 0.2380000 0.2580000 0.2370000
  8 0.274234 0.2745238 0.2746263 0.2821301 0.2572113 0.2881358 0.2565714
   year
age      1989      1990      1991      1992      1993      1994      1995
  0 0.0170000 0.0190000 0.0170000 0.0100000 0.0100000 0.0060000 0.0090000
  1 0.0430000 0.0550000 0.0580000 0.0530000 0.0330000 0.0560000 0.0420000
  2 0.1150000 0.1140000 0.1300000 0.1020000 0.1150000 0.1300000 0.1300000
  3 0.1530000 0.1490000 0.1660000 0.1750000 0.1450000 0.1590000 0.1690000
  4 0.1730000 0.1770000 0.1840000 0.1890000 0.1890000 0.1810000 0.1980000
  5 0.2080000 0.1930000 0.2030000 0.2070000 0.2040000 0.2140000 0.2070000
  6 0.2310000 0.2290000 0.2170000 0.2230000 0.2280000 0.2400000 0.2430000
  7 0.2470000 0.2360000 0.2350000 0.2370000 0.2440000 0.2550000 0.2470000
  8 0.2631489 0.2608182 0.2630415 0.2631664 0.2734558 0.2761973 0.2809153
   year
age      1996      1997      1998     1999      2000     2001      2002
  0 0.0150000 0.0150000 0.0210000 0.009000 0.0150000 0.012000 0.0120000
  1 0.0180000 0.0440000 0.0510000 0.045000 0.0330000 0.048000 0.0370000
  2 0.1120000 0.1080000 0.1140000 0.115000 0.1130000 0.118000 0.1180000
  3 0.1560000 0.1480000 0.1450000 0.151000 0.1570000 0.149000 0.1530000
  4 0.1880000 0.1950000 0.1830000 0.171000 0.1790000 0.177000 0.1700000
  5 0.2040000 0.2270000 0.2190000 0.207000 0.2010000 0.198000 0.1990000
  6 0.2120000 0.2260000 0.2380000 0.233000 0.2160000 0.213000 0.2140000
  7 0.2610000 0.2350000 0.2470000 0.245000 0.2460000 0.238000 0.2280000
  8 0.2814938 0.2549437 0.2878952 0.267719 0.2731261 0.269744 0.2504017
   year
age      2003      2004      2005      2006      2007     2008      2009
  0 0.0140000 0.0140000 0.0110000 0.0100000 0.0124000 0.007900 0.0094000
  1 0.0370000 0.0360000 0.0440000 0.0490000 0.0638000 0.053500 0.0514000
  2 0.1040000 0.1000000 0.0990000 0.1170000 0.1214000 0.128800 0.1440000
  3 0.1580000 0.1380000 0.1530000 0.1440000 0.1513000 0.179600 0.1811000
  4 0.1740000 0.1830000 0.1660000 0.1720000 0.1634000 0.181200 0.2158000
  5 0.1840000 0.2010000 0.2080000 0.1810000 0.1933000 0.183200 0.2162000
  6 0.2050000 0.2160000 0.2230000 0.2200000 0.1900000 0.215700 0.2390000
  7 0.2220000 0.2280000 0.2400000 0.2370000 0.2232000 0.216100 0.2428000
  8 0.2366464 0.2545115 0.2653676 0.2460061 0.2374933 0.262076 0.2532723
   year
age      2010     2011      2012      2013      2014
  0 0.0075000 0.008000 0.0106000 0.0077000 0.0075000
  1 0.0571000 0.041300 0.0463000 0.0468000 0.0522000
  2 0.1292000 0.131700 0.1243000 0.1162000 0.1240000
  3 0.1669000 0.159300 0.1706000 0.1563000 0.1719000
  4 0.1912000 0.183100 0.1854000 0.1977000 0.1861000
  5 0.2203000 0.197000 0.2058000 0.1980000 0.2148000
  6 0.2193000 0.216700 0.2215000 0.2154000 0.2118000
  7 0.2160000 0.221100 0.2387000 0.2334000 0.2264000
  8 0.2383892 0.231918 0.2427213 0.2378432 0.2426541


TABLE 2.6.3.3 North Sea Herring. WEIGHTS AT AGE IN THE STOCK

Units  :  kg 
   year
age   1947   1948      1949      1950      1951      1952      1953      1954
  0 0.0150 0.0150 0.0150000 0.0150000 0.0150000 0.0150000 0.0150000 0.0150000
  1 0.0500 0.0500 0.0500000 0.0500000 0.0500000 0.0500000 0.0500000 0.0500000
  2 0.1220 0.1220 0.1240000 0.1260000 0.1300000 0.1330000 0.1360000 0.1376667
  3 0.1400 0.1400 0.1416667 0.1453333 0.1510000 0.1576667 0.1630000 0.1670000
  4 0.1560 0.1560 0.1576667 0.1610000 0.1676667 0.1750000 0.1830000 0.1886667
  5 0.1710 0.1710 0.1726667 0.1756667 0.1816667 0.1893333 0.1976667 0.2050000
  6 0.1850 0.1850 0.1863333 0.1890000 0.1943333 0.2013333 0.2096667 0.2170000
  7 0.1970 0.1970 0.1983333 0.2006667 0.2053333 0.2113333 0.2186667 0.2260000
  8 0.2625 0.2625 0.2630000 0.2640000 0.2658333 0.2683333 0.2713333 0.2743333
   year
age      1955      1956      1957      1958      1959      1960      1961
  0 0.0150000 0.0150000 0.0150000 0.0150000 0.0150000 0.0150000 0.0150000
  1 0.0500000 0.0500000 0.0500000 0.0500000 0.0500000 0.0500000 0.0500000
  2 0.1386667 0.1396667 0.1403333 0.1406667 0.1416667 0.1463333 0.1510000
  3 0.1686667 0.1703333 0.1716667 0.1730000 0.1743333 0.1790000 0.1833333
  4 0.1926667 0.1950000 0.1966667 0.1980000 0.1993333 0.2076667 0.2156667
  5 0.2100000 0.2136667 0.2160000 0.2176667 0.2193333 0.2263333 0.2330000
  6 0.2230000 0.2273333 0.2306667 0.2326667 0.2343333 0.2486667 0.2626667
  7 0.2323333 0.2376667 0.2413333 0.2436667 0.2453333 0.2636667 0.2816667
  8 0.2771667 0.2795000 0.2815000 0.2828333 0.2840000 0.2936240 0.3034146
   year
age      1962      1963      1964      1965      1966      1967      1968
  0 0.0150000 0.0150000 0.0150000 0.0150000 0.0150000 0.0150000 0.0150000
  1 0.0500000 0.0500000 0.0500000 0.0500000 0.0500000 0.0500000 0.0500000
  2 0.1550000 0.1550000 0.1550000 0.1550000 0.1550000 0.1550000 0.1550000
  3 0.1870000 0.1870000 0.1870000 0.1870000 0.1870000 0.1870000 0.1870000
  4 0.2230000 0.2230000 0.2230000 0.2230000 0.2230000 0.2230000 0.2230000
  5 0.2390000 0.2390000 0.2390000 0.2390000 0.2390000 0.2390000 0.2390000
  6 0.2760000 0.2760000 0.2760000 0.2760000 0.2760000 0.2760000 0.2760000
  7 0.2990000 0.2990000 0.2990000 0.2990000 0.2990000 0.2990000 0.2990000
  8 0.3090087 0.3092903 0.3101214 0.3069573 0.3102731 0.3100755 0.3112209
   year
age      1969      1970     1971   1972   1973     1974    1975      1976  1977
  0 0.0150000 0.0150000 0.015000 0.0150 0.0150 0.015000 0.01500 0.0150000 0.015
  1 0.0500000 0.0500000 0.050000 0.0500 0.0500 0.050000 0.05000 0.0500000 0.050
  2 0.1550000 0.1550000 0.155000 0.1550 0.1550 0.155000 0.15500 0.1550000 0.155
  3 0.1870000 0.1870000 0.187000 0.1870 0.1870 0.187000 0.18700 0.1870000 0.187
  4 0.2230000 0.2230000 0.223000 0.2230 0.2230 0.223000 0.22300 0.2230000 0.223
  5 0.2390000 0.2390000 0.239000 0.2390 0.2390 0.239000 0.23900 0.2390000 0.239
  6 0.2760000 0.2760000 0.276000 0.2760 0.2760 0.276000 0.27600 0.2760000 0.276
  7 0.2990000 0.2990000 0.299000 0.2990 0.2990 0.299000 0.29900 0.2990000 0.299
  8 0.3088686 0.3090248 0.311952 0.3076 0.3078 0.308129 0.30775 0.3077143 0.306
   year
age   1978      1979   1980  1981      1982      1983       1984       1985
  0 0.0150 0.0150000 0.0150 0.015 0.0150000 0.0150000 0.01733333 0.01566667
  1 0.0500 0.0500000 0.0500 0.050 0.0500000 0.0500000 0.05666667 0.05633333
  2 0.1550 0.1550000 0.1550 0.155 0.1550000 0.1550000 0.15033333 0.13800000
  3 0.1870 0.1870000 0.1870 0.187 0.1870000 0.1870000 0.19033333 0.18700000
  4 0.2230 0.2230000 0.2230 0.223 0.2230000 0.2230000 0.22966667 0.23233333
  5 0.2390 0.2390000 0.2390 0.239 0.2390000 0.2390000 0.24333333 0.24666667
  6 0.2760 0.2760000 0.2760 0.276 0.2760000 0.2760000 0.28200000 0.27466667
  7 0.2990 0.2990000 0.2990 0.299 0.2990000 0.2990000 0.31066667 0.32100000
  8 0.3096 0.3068571 0.3072 0.307 0.3074043 0.3091429 0.34351178 0.35438242
   year
age      1986       1987       1988        1989       1990       1991
  0 0.0140000 0.00900000 0.00800000 0.008666667 0.01233333 0.01133333
  1 0.0610000 0.05033333 0.04833333 0.043666667 0.05200000 0.05900000
  2 0.1300000 0.12166667 0.12300000 0.122333333 0.12566667 0.13900000
  3 0.1833333 0.17000000 0.16633333 0.165333333 0.17433333 0.18366667
  4 0.2316667 0.21233333 0.20833333 0.204666667 0.21166667 0.21200000
  5 0.2520000 0.23000000 0.22900000 0.228333333 0.24366667 0.23866667
  6 0.2730000 0.24200000 0.24833333 0.252333333 0.27066667 0.26533333
  7 0.3146667 0.27466667 0.25866667 0.261333333 0.28366667 0.27966667
  8 0.3627746 0.30562963 0.28535714 0.288595745 0.30788452 0.30953886
   year
age       1992        1993        1994       1995      1996       1997
  0 0.01033333 0.005666667 0.007333333 0.00600000 0.0060000 0.00500000
  1 0.06366667 0.061000000 0.060000000 0.05733333 0.0540000 0.04866667
  2 0.13666667 0.134000000 0.126333333 0.12933333 0.1296667 0.12333333
  3 0.19400000 0.184333333 0.191666667 0.18566667 0.1993333 0.18333333
  4 0.21400000 0.213000000 0.214333333 0.21066667 0.2273333 0.23033333
  5 0.23433333 0.234333333 0.239666667 0.22433333 0.2343333 0.23733333
  6 0.25300000 0.261666667 0.274666667 0.26800000 0.2736667 0.25666667
  7 0.27166667 0.272666667 0.291333333 0.29333333 0.3006667 0.28033333
  8 0.29870453 0.307936434 0.320523728 0.32614016 0.3270679 0.31004007
   year
age        1998       1999        2000       2001        2002        2003
  0 0.005666667 0.00600000 0.005666667 0.00600000 0.006333333 0.006666667
  1 0.047333333 0.05066667 0.051333333 0.05066667 0.047333333 0.047000000
  2 0.116000000 0.11600000 0.115666667 0.12166667 0.128000000 0.123000000
  3 0.187333333 0.17933333 0.183666667 0.17166667 0.171666667 0.173000000
  4 0.241333333 0.22633333 0.221333333 0.21000000 0.205333333 0.202333333
  5 0.264333333 0.25600000 0.248333333 0.23266667 0.228333333 0.222000000
  6 0.283666667 0.27333333 0.278666667 0.25533333 0.248333333 0.242333333
  7 0.286666667 0.27600000 0.286000000 0.27466667 0.270333333 0.265666667
  8 0.308339011 0.27811880 0.284171183 0.27449422 0.286521182 0.284946134
   year
age        2004        2005        2006       2007        2008        2009
  0 0.006666667 0.005733333 0.006766667 0.00610000 0.007933333 0.007233333
  1 0.042000000 0.041433333 0.041000000 0.05133333 0.057700000 0.061433333
  2 0.119333333 0.118100000 0.125666667 0.12800000 0.130366667 0.137366667
  3 0.165333333 0.164433333 0.155400000 0.16073333 0.164200000 0.181000000
  4 0.202666667 0.197900000 0.190900000 0.17956667 0.180766667 0.196866667
  5 0.223000000 0.224500000 0.215800000 0.20680000 0.195433333 0.209966667
  6 0.247666667 0.247833333 0.241900000 0.22356667 0.217700000 0.222500000
  7 0.267666667 0.264866667 0.252133333 0.23780000 0.226066667 0.233633333
  8 0.280490193 0.284945260 0.270223450 0.25648110 0.255556491 0.255759739
   year
age        2010        2011       2012        2013        2014
  0 0.007133333 0.006666667 0.00610000 0.006233333 0.005666667
  1 0.052233333 0.043166667 0.04056667 0.040466667 0.043400000
  2 0.142266667 0.145300000 0.13763333 0.135400000 0.128533333
  3 0.190366667 0.187433333 0.18213333 0.174666667 0.176700000
  4 0.216266667 0.225066667 0.21143333 0.208733333 0.203666667
  5 0.223600000 0.239366667 0.23273333 0.221100000 0.215600000
  6 0.234200000 0.243500000 0.24080000 0.241766667 0.228433333
  7 0.240100000 0.250766667 0.24290000 0.249300000 0.241200000
  8 0.260682861 0.257247512 0.25246564 0.251841351 0.246701036


TABLE 2.6.3.4 North Sea Herring. NATURAL MORTALITY

Units  :  NA 
   year
age      1947      1948      1949      1950      1951      1952      1953
  0 1.3062962 1.3063903 1.3068821 1.3072083 1.3066220 1.3043784 1.3068605
  1 0.8597480 0.8597415 0.8597118 0.8596935 0.8597301 0.8598630 0.8597093
  2 0.3056970 0.3056669 0.3055191 0.3054245 0.3056036 0.3062708 0.3055162
  3 0.2817484 0.2817165 0.2815592 0.2814580 0.2816484 0.2823597 0.2815574
  4 0.2531908 0.2531580 0.2529935 0.2528867 0.2530850 0.2538308 0.2529940
  5 0.2300403 0.2300068 0.2298389 0.2297298 0.2299323 0.2306936 0.2298396
  6 0.2293962 0.2293629 0.2291975 0.2290907 0.2292906 0.2300393 0.2291965
  7 0.2258074 0.2257749 0.2256149 0.2255120 0.2257058 0.2264292 0.2256128
  8 0.2258074 0.2257749 0.2256149 0.2255120 0.2257058 0.2264292 0.2256128
   year
age      1954      1955      1956      1957      1958      1959      1960
  0 1.3093415 1.3088394 1.3036901 1.2931602 1.3192712 1.3217465 1.3063292
  1 0.8595631 0.8596017 0.8599133 0.8605277 0.8589407 0.8588323 0.8597945
  2 0.3047803 0.3049514 0.3064994 0.3096070 0.3017431 0.3011004 0.3058071
  3 0.2807726 0.2809519 0.2826002 0.2859165 0.2775460 0.2768483 0.2818484
  4 0.2521708 0.2523528 0.2540767 0.2575595 0.2488103 0.2480547 0.2532628
  5 0.2289991 0.2291846 0.2309444 0.2345002 0.2255694 0.2247968 0.2301122
  6 0.2283702 0.2285568 0.2302904 0.2337826 0.2249822 0.2242391 0.2294894
  7 0.2248147 0.2249976 0.2266746 0.2300461 0.2215312 0.2208238 0.2259122
  8 0.2248147 0.2249976 0.2266746 0.2300461 0.2215312 0.2208238 0.2259122
   year
age      1961      1962      1963      1964      1965      1966      1967
  0 1.2779437 1.2405107 1.4498257 1.3341230 1.2292427 1.1360167 1.0533453
  1 0.8614710 0.8636000 0.8510058 0.8582902 0.8646056 0.8698533 0.8742452
  2 0.3142394 0.3251448 0.2624238 0.2978870 0.3293404 0.3564009 0.3796720
  3 0.2908419 0.3024979 0.2356937 0.2733594 0.3068488 0.3358097 0.3607781
  4 0.2626962 0.2749736 0.2050645 0.2442764 0.2793030 0.3098633 0.3363605
  5 0.2397436 0.2522790 0.1809156 0.2209336 0.2566889 0.2879006 0.3149562
  6 0.2389587 0.2512436 0.1809803 0.2205236 0.2557409 0.2863048 0.3126683
  7 0.2350598 0.2469035 0.1789569 0.2172865 0.2513544 0.2807976 0.3061220
  8 0.2350598 0.2469035 0.1789569 0.2172865 0.2513544 0.2807976 0.3061220
   year
age      1968      1969      1970      1971      1972      1973      1974
  0 0.9805771 0.9186008 0.8673622 0.8247947 0.7939643 0.7755027 0.7636920
  1 0.8778144 0.8804017 0.8820627 0.8831532 0.8837601 0.8837618 0.8832010
  2 0.3993545 0.4145945 0.4255663 0.4340132 0.4379065 0.4368385 0.4349828
  3 0.3819478 0.3985622 0.4107716 0.4201306 0.4248969 0.4246783 0.4230544
  4 0.3589555 0.3770431 0.3907393 0.4012868 0.4073827 0.4086825 0.4078663
  5 0.3380276 0.3565578 0.3706479 0.3814567 0.3878100 0.3893628 0.3885181
  6 0.3350369 0.3527903 0.3660364 0.3760727 0.3815138 0.3819820 0.3802856
  7 0.3275616 0.3444648 0.3569392 0.3663576 0.3711496 0.3709273 0.3688377
  8 0.3275616 0.3444648 0.3569392 0.3663576 0.3711496 0.3709273 0.3688377
   year
age      1975      1976      1977      1978      1979      1980      1981
  0 0.7688703 0.7901108 0.8047986 0.8124459 0.8238513 0.8333298 0.8394171
  1 0.8844545 0.8864425 0.8840221 0.8733575 0.8587716 0.8473594 0.8375958
  2 0.4302030 0.4213890 0.4142544 0.4088044 0.4024214 0.3968846 0.3944146
  3 0.4169843 0.4059054 0.3971144 0.3908862 0.3837073 0.3771918 0.3739079
  4 0.4009955 0.3882011 0.3782681 0.3706733 0.3613179 0.3536230 0.3507997
  5 0.3810519 0.3672796 0.3564138 0.3475373 0.3365057 0.3276900 0.3241351
  6 0.3724155 0.3584487 0.3473240 0.3381604 0.3269489 0.3179354 0.3140861
  7 0.3614341 0.3484669 0.3378787 0.3289188 0.3180598 0.3090793 0.3044325
  8 0.3614341 0.3484669 0.3378787 0.3289188 0.3180598 0.3090793 0.3044325
   year
age      1982      1983      1984      1985      1986      1987      1988
  0 0.8450021 0.8509293 0.8618818 0.8758657 0.8837108 0.8833518 0.8801386
  1 0.8262204 0.8177263 0.8133933 0.8098846 0.8047687 0.8030194 0.8053149
  2 0.3936631 0.3910560 0.3846764 0.3767758 0.3700325 0.3620220 0.3521287
  3 0.3724725 0.3685723 0.3595125 0.3482600 0.3389950 0.3289309 0.3167563
  4 0.3504278 0.3474814 0.3402310 0.3317459 0.3241989 0.3145318 0.3025221
  5 0.3230039 0.3198456 0.3133267 0.3060806 0.2996061 0.2913129 0.2812120
  6 0.3127191 0.3096080 0.3032829 0.2962165 0.2900961 0.2824154 0.2730801
  7 0.3018394 0.2979753 0.2910907 0.2832448 0.2768250 0.2693836 0.2604610
  8 0.3018394 0.2979753 0.2910907 0.2832448 0.2768250 0.2693836 0.2604610
   year
age      1989      1990      1991      1992      1993      1994      1995
  0 0.8760232 0.8686097 0.8577137 0.8486048 0.8323958 0.8088519 0.7962212
  1 0.8027804 0.7939753 0.7837381 0.7726129 0.7494854 0.7166964 0.6949720
  2 0.3457447 0.3443718 0.3448689 0.3456637 0.3462418 0.3476941 0.3508561
  3 0.3088644 0.3066102 0.3063299 0.3068890 0.3096982 0.3151729 0.3206849
  4 0.2945958 0.2911509 0.2887064 0.2878693 0.2900670 0.2948533 0.3000248
  5 0.2747040 0.2720989 0.2704650 0.2703406 0.2726507 0.2770603 0.2822178
  6 0.2673958 0.2662294 0.2665871 0.2679837 0.2713861 0.2769124 0.2828047
  7 0.2554274 0.2559625 0.2588839 0.2622695 0.2671514 0.2742681 0.2812562
  8 0.2554274 0.2559625 0.2588839 0.2622695 0.2671514 0.2742681 0.2812562
   year
age      1996      1997      1998      1999      2000      2001      2002
  0 0.7964933 0.8003559 0.8091044 0.8315196 0.8635228 0.8871207 0.9021687
  1 0.6869137 0.6817761 0.6802653 0.6913413 0.7113333 0.7220006 0.7236466
  2 0.3570840 0.3656584 0.3743015 0.3869205 0.4027811 0.4126429 0.4164810
  3 0.3273645 0.3362859 0.3447364 0.3550340 0.3672442 0.3752758 0.3791293
  4 0.3072634 0.3173345 0.3266605 0.3373851 0.3500588 0.3587136 0.3632873
  5 0.2899977 0.3006973 0.3105983 0.3222252 0.3360710 0.3453713 0.3500951
  6 0.2906329 0.3009355 0.3104069 0.3214765 0.3345297 0.3431944 0.3474571
  7 0.2892593 0.2992269 0.3085044 0.3196391 0.3326829 0.3412380 0.3453142
  8 0.2892593 0.2992269 0.3085044 0.3196391 0.3326829 0.3412380 0.3453142
   year
age      2003      2004      2005      2006      2007      2008      2009
  0 0.9180715 0.9311605 0.9417495 0.9515479 0.9589797 0.9629198 0.9639524
  1 0.7255318 0.7228521 0.7158512 0.7068146 0.6940013 0.6761454 0.6539054
  2 0.4190357 0.4182149 0.4141342 0.4078147 0.3985226 0.3856549 0.3694447
  3 0.3818664 0.3819880 0.3795281 0.3752508 0.3687520 0.3596482 0.3480426
  4 0.3667856 0.3678416 0.3664798 0.3634001 0.3582492 0.3506907 0.3408148
  5 0.3536407 0.3543872 0.3523644 0.3483950 0.3420464 0.3329287 0.3211651
  6 0.3504963 0.3507288 0.3481721 0.3436320 0.3367076 0.3270346 0.3147281
  7 0.3480817 0.3478837 0.3447272 0.3394611 0.3316919 0.3210542 0.3076583
  8 0.3480817 0.3478837 0.3447272 0.3394611 0.3316919 0.3210542 0.3076583
   year
age      2010      2011      2012      2013      2014
  0 0.9630652 0.9600930 0.9622293 0.9633125 0.9635088
  1 0.6284271 0.6718588 0.6631198 0.6528260 0.6411662
  2 0.3504123 0.3823698 0.3760086 0.3685040 0.3599285
  3 0.3342612 0.3571910 0.3526760 0.3473173 0.3411519
  4 0.3289086 0.3484127 0.3446658 0.3401380 0.3348617
  5 0.3070936 0.3303257 0.3258084 0.3203958 0.3141293
  6 0.3001065 0.3244418 0.3196442 0.3139564 0.3074173
  7 0.2918243 0.3183380 0.3130572 0.3068456 0.2997413
  8 0.2918243 0.3183380 0.3130572 0.3068456 0.2997413


TABLE 2.6.3.5 North Sea Herring. PROPORTION MATURE

Units  :  NA 
   year
age 1947 1948 1949 1950 1951 1952 1953 1954 1955 1956 1957 1958 1959 1960 1961
  0    0    0    0    0    0    0    0    0    0    0    0    0    0    0    0
  1    0    0    0    0    0    0    0    0    0    0    0    0    0    0    0
  2    1    1    1    1    1    1    1    1    1    1    1    1    1    1    1
  3    1    1    1    1    1    1    1    1    1    1    1    1    1    1    1
  4    1    1    1    1    1    1    1    1    1    1    1    1    1    1    1
  5    1    1    1    1    1    1    1    1    1    1    1    1    1    1    1
  6    1    1    1    1    1    1    1    1    1    1    1    1    1    1    1
  7    1    1    1    1    1    1    1    1    1    1    1    1    1    1    1
  8    1    1    1    1    1    1    1    1    1    1    1    1    1    1    1
   year
age 1962 1963 1964 1965 1966 1967 1968 1969 1970 1971 1972 1973 1974 1975 1976
  0    0    0    0    0    0    0    0    0    0    0 0.00 0.00 0.00 0.00 0.00
  1    0    0    0    0    0    0    0    0    0    0 0.00 0.00 0.00 0.00 0.00
  2    1    1    1    1    1    1    1    1    1    1 0.82 0.82 0.82 0.82 0.82
  3    1    1    1    1    1    1    1    1    1    1 1.00 1.00 1.00 1.00 1.00
  4    1    1    1    1    1    1    1    1    1    1 1.00 1.00 1.00 1.00 1.00
  5    1    1    1    1    1    1    1    1    1    1 1.00 1.00 1.00 1.00 1.00
  6    1    1    1    1    1    1    1    1    1    1 1.00 1.00 1.00 1.00 1.00
  7    1    1    1    1    1    1    1    1    1    1 1.00 1.00 1.00 1.00 1.00
  8    1    1    1    1    1    1    1    1    1    1 1.00 1.00 1.00 1.00 1.00
   year
age 1977 1978 1979 1980 1981 1982 1983 1984 1985 1986 1987 1988 1989 1990 1991
  0 0.00 0.00 0.00 0.00 0.00 0.00 0.00 0.00  0.0 0.00  0.0 0.00 0.00 0.00 0.00
  1 0.00 0.00 0.00 0.00 0.00 0.00 0.00 0.00  0.0 0.00  0.0 0.00 0.00 0.00 0.00
  2 0.82 0.82 0.82 0.82 0.82 0.82 0.82 0.82  0.7 0.75  0.8 0.85 0.82 0.91 0.86
  3 1.00 1.00 1.00 1.00 1.00 1.00 1.00 1.00  1.0 1.00  1.0 0.93 0.94 0.97 0.99
  4 1.00 1.00 1.00 1.00 1.00 1.00 1.00 1.00  1.0 1.00  1.0 1.00 1.00 1.00 1.00
  5 1.00 1.00 1.00 1.00 1.00 1.00 1.00 1.00  1.0 1.00  1.0 1.00 1.00 1.00 1.00
  6 1.00 1.00 1.00 1.00 1.00 1.00 1.00 1.00  1.0 1.00  1.0 1.00 1.00 1.00 1.00
  7 1.00 1.00 1.00 1.00 1.00 1.00 1.00 1.00  1.0 1.00  1.0 1.00 1.00 1.00 1.00
  8 1.00 1.00 1.00 1.00 1.00 1.00 1.00 1.00  1.0 1.00  1.0 1.00 1.00 1.00 1.00
   year
age 1992 1993 1994 1995 1996 1997 1998 1999 2000 2001 2002 2003 2004 2005 2006
  0 0.00 0.00 0.00 0.00 0.00 0.00 0.00 0.00 0.00 0.00 0.00 0.00 0.00 0.00 0.00
  1 0.00 0.00 0.00 0.00 0.00 0.00 0.00 0.00 0.00 0.00 0.00 0.00 0.00 0.00 0.00
  2 0.50 0.47 0.73 0.67 0.61 0.64 0.64 0.69 0.67 0.77 0.87 0.43 0.70 0.76 0.66
  3 0.99 0.61 0.93 0.95 0.98 0.94 0.89 0.91 0.96 0.92 0.97 0.93 0.65 0.96 0.88
  4 1.00 1.00 1.00 1.00 1.00 1.00 1.00 1.00 1.00 1.00 1.00 1.00 1.00 0.96 0.98
  5 1.00 1.00 1.00 1.00 1.00 1.00 1.00 1.00 1.00 1.00 1.00 1.00 1.00 1.00 1.00
  6 1.00 1.00 1.00 1.00 1.00 1.00 1.00 1.00 1.00 1.00 1.00 1.00 1.00 1.00 1.00
  7 1.00 1.00 1.00 1.00 1.00 1.00 1.00 1.00 1.00 1.00 1.00 1.00 1.00 1.00 1.00
  8 1.00 1.00 1.00 1.00 1.00 1.00 1.00 1.00 1.00 1.00 1.00 1.00 1.00 1.00 1.00
   year
age 2007 2008 2009 2010 2011 2012 2013 2014
  0 0.00 0.00 0.00 0.00 0.00 0.00 0.00 0.00
  1 0.00 0.00 0.00 0.00 0.00 0.00 0.00 0.00
  2 0.71 0.86 0.89 0.45 0.87 0.91 0.83 0.85
  3 0.92 0.98 1.00 0.90 0.84 0.99 0.96 1.00
  4 0.93 0.99 1.00 1.00 1.00 1.00 0.98 1.00
  5 1.00 1.00 1.00 1.00 1.00 1.00 1.00 1.00
  6 1.00 1.00 1.00 1.00 1.00 1.00 1.00 1.00
  7 1.00 1.00 1.00 1.00 1.00 1.00 1.00 1.00
  8 1.00 1.00 1.00 1.00 1.00 1.00 1.00 1.00


TABLE 2.6.3.6 North Sea Herring. FRACTION OF HARVEST BEFORE SPAWNING

Units  :  NA 
   year
age 1947 1948 1949 1950 1951 1952 1953 1954 1955 1956 1957 1958 1959 1960 1961
  0 0.67 0.67 0.67 0.67 0.67 0.67 0.67 0.67 0.67 0.67 0.67 0.67 0.67 0.67 0.67
  1 0.67 0.67 0.67 0.67 0.67 0.67 0.67 0.67 0.67 0.67 0.67 0.67 0.67 0.67 0.67
  2 0.67 0.67 0.67 0.67 0.67 0.67 0.67 0.67 0.67 0.67 0.67 0.67 0.67 0.67 0.67
  3 0.67 0.67 0.67 0.67 0.67 0.67 0.67 0.67 0.67 0.67 0.67 0.67 0.67 0.67 0.67
  4 0.67 0.67 0.67 0.67 0.67 0.67 0.67 0.67 0.67 0.67 0.67 0.67 0.67 0.67 0.67
  5 0.67 0.67 0.67 0.67 0.67 0.67 0.67 0.67 0.67 0.67 0.67 0.67 0.67 0.67 0.67
  6 0.67 0.67 0.67 0.67 0.67 0.67 0.67 0.67 0.67 0.67 0.67 0.67 0.67 0.67 0.67
  7 0.67 0.67 0.67 0.67 0.67 0.67 0.67 0.67 0.67 0.67 0.67 0.67 0.67 0.67 0.67
  8 0.67 0.67 0.67 0.67 0.67 0.67 0.67 0.67 0.67 0.67 0.67 0.67 0.67 0.67 0.67
   year
age 1962 1963 1964 1965 1966 1967 1968 1969 1970 1971 1972 1973 1974 1975 1976
  0 0.67 0.67 0.67 0.67 0.67 0.67 0.67 0.67 0.67 0.67 0.67 0.67 0.67 0.67 0.67
  1 0.67 0.67 0.67 0.67 0.67 0.67 0.67 0.67 0.67 0.67 0.67 0.67 0.67 0.67 0.67
  2 0.67 0.67 0.67 0.67 0.67 0.67 0.67 0.67 0.67 0.67 0.67 0.67 0.67 0.67 0.67
  3 0.67 0.67 0.67 0.67 0.67 0.67 0.67 0.67 0.67 0.67 0.67 0.67 0.67 0.67 0.67
  4 0.67 0.67 0.67 0.67 0.67 0.67 0.67 0.67 0.67 0.67 0.67 0.67 0.67 0.67 0.67
  5 0.67 0.67 0.67 0.67 0.67 0.67 0.67 0.67 0.67 0.67 0.67 0.67 0.67 0.67 0.67
  6 0.67 0.67 0.67 0.67 0.67 0.67 0.67 0.67 0.67 0.67 0.67 0.67 0.67 0.67 0.67
  7 0.67 0.67 0.67 0.67 0.67 0.67 0.67 0.67 0.67 0.67 0.67 0.67 0.67 0.67 0.67
  8 0.67 0.67 0.67 0.67 0.67 0.67 0.67 0.67 0.67 0.67 0.67 0.67 0.67 0.67 0.67
   year
age 1977 1978 1979 1980 1981 1982 1983 1984 1985 1986 1987 1988 1989 1990 1991
  0 0.67 0.67 0.67 0.67 0.67 0.67 0.67 0.67 0.67 0.67 0.67 0.67 0.67 0.67 0.67
  1 0.67 0.67 0.67 0.67 0.67 0.67 0.67 0.67 0.67 0.67 0.67 0.67 0.67 0.67 0.67
  2 0.67 0.67 0.67 0.67 0.67 0.67 0.67 0.67 0.67 0.67 0.67 0.67 0.67 0.67 0.67
  3 0.67 0.67 0.67 0.67 0.67 0.67 0.67 0.67 0.67 0.67 0.67 0.67 0.67 0.67 0.67
  4 0.67 0.67 0.67 0.67 0.67 0.67 0.67 0.67 0.67 0.67 0.67 0.67 0.67 0.67 0.67
  5 0.67 0.67 0.67 0.67 0.67 0.67 0.67 0.67 0.67 0.67 0.67 0.67 0.67 0.67 0.67
  6 0.67 0.67 0.67 0.67 0.67 0.67 0.67 0.67 0.67 0.67 0.67 0.67 0.67 0.67 0.67
  7 0.67 0.67 0.67 0.67 0.67 0.67 0.67 0.67 0.67 0.67 0.67 0.67 0.67 0.67 0.67
  8 0.67 0.67 0.67 0.67 0.67 0.67 0.67 0.67 0.67 0.67 0.67 0.67 0.67 0.67 0.67
   year
age 1992 1993 1994 1995 1996 1997 1998 1999 2000 2001 2002 2003 2004 2005 2006
  0 0.67 0.67 0.67 0.67 0.67 0.67 0.67 0.67 0.67 0.67 0.67 0.67 0.67 0.67 0.67
  1 0.67 0.67 0.67 0.67 0.67 0.67 0.67 0.67 0.67 0.67 0.67 0.67 0.67 0.67 0.67
  2 0.67 0.67 0.67 0.67 0.67 0.67 0.67 0.67 0.67 0.67 0.67 0.67 0.67 0.67 0.67
  3 0.67 0.67 0.67 0.67 0.67 0.67 0.67 0.67 0.67 0.67 0.67 0.67 0.67 0.67 0.67
  4 0.67 0.67 0.67 0.67 0.67 0.67 0.67 0.67 0.67 0.67 0.67 0.67 0.67 0.67 0.67
  5 0.67 0.67 0.67 0.67 0.67 0.67 0.67 0.67 0.67 0.67 0.67 0.67 0.67 0.67 0.67
  6 0.67 0.67 0.67 0.67 0.67 0.67 0.67 0.67 0.67 0.67 0.67 0.67 0.67 0.67 0.67
  7 0.67 0.67 0.67 0.67 0.67 0.67 0.67 0.67 0.67 0.67 0.67 0.67 0.67 0.67 0.67
  8 0.67 0.67 0.67 0.67 0.67 0.67 0.67 0.67 0.67 0.67 0.67 0.67 0.67 0.67 0.67
   year
age 2007 2008 2009 2010 2011 2012 2013 2014
  0 0.67 0.67 0.67 0.67 0.67 0.67 0.67 0.67
  1 0.67 0.67 0.67 0.67 0.67 0.67 0.67 0.67
  2 0.67 0.67 0.67 0.67 0.67 0.67 0.67 0.67
  3 0.67 0.67 0.67 0.67 0.67 0.67 0.67 0.67
  4 0.67 0.67 0.67 0.67 0.67 0.67 0.67 0.67
  5 0.67 0.67 0.67 0.67 0.67 0.67 0.67 0.67
  6 0.67 0.67 0.67 0.67 0.67 0.67 0.67 0.67
  7 0.67 0.67 0.67 0.67 0.67 0.67 0.67 0.67
  8 0.67 0.67 0.67 0.67 0.67 0.67 0.67 0.67


TABLE 2.6.3.7 North Sea Herring. FRACTION OF NATURAL MORTALITY BEFORE SPAWNING

Units  :  NA 
   year
age 1947 1948 1949 1950 1951 1952 1953 1954 1955 1956 1957 1958 1959 1960 1961
  0 0.67 0.67 0.67 0.67 0.67 0.67 0.67 0.67 0.67 0.67 0.67 0.67 0.67 0.67 0.67
  1 0.67 0.67 0.67 0.67 0.67 0.67 0.67 0.67 0.67 0.67 0.67 0.67 0.67 0.67 0.67
  2 0.67 0.67 0.67 0.67 0.67 0.67 0.67 0.67 0.67 0.67 0.67 0.67 0.67 0.67 0.67
  3 0.67 0.67 0.67 0.67 0.67 0.67 0.67 0.67 0.67 0.67 0.67 0.67 0.67 0.67 0.67
  4 0.67 0.67 0.67 0.67 0.67 0.67 0.67 0.67 0.67 0.67 0.67 0.67 0.67 0.67 0.67
  5 0.67 0.67 0.67 0.67 0.67 0.67 0.67 0.67 0.67 0.67 0.67 0.67 0.67 0.67 0.67
  6 0.67 0.67 0.67 0.67 0.67 0.67 0.67 0.67 0.67 0.67 0.67 0.67 0.67 0.67 0.67
  7 0.67 0.67 0.67 0.67 0.67 0.67 0.67 0.67 0.67 0.67 0.67 0.67 0.67 0.67 0.67
  8 0.67 0.67 0.67 0.67 0.67 0.67 0.67 0.67 0.67 0.67 0.67 0.67 0.67 0.67 0.67
   year
age 1962 1963 1964 1965 1966 1967 1968 1969 1970 1971 1972 1973 1974 1975 1976
  0 0.67 0.67 0.67 0.67 0.67 0.67 0.67 0.67 0.67 0.67 0.67 0.67 0.67 0.67 0.67
  1 0.67 0.67 0.67 0.67 0.67 0.67 0.67 0.67 0.67 0.67 0.67 0.67 0.67 0.67 0.67
  2 0.67 0.67 0.67 0.67 0.67 0.67 0.67 0.67 0.67 0.67 0.67 0.67 0.67 0.67 0.67
  3 0.67 0.67 0.67 0.67 0.67 0.67 0.67 0.67 0.67 0.67 0.67 0.67 0.67 0.67 0.67
  4 0.67 0.67 0.67 0.67 0.67 0.67 0.67 0.67 0.67 0.67 0.67 0.67 0.67 0.67 0.67
  5 0.67 0.67 0.67 0.67 0.67 0.67 0.67 0.67 0.67 0.67 0.67 0.67 0.67 0.67 0.67
  6 0.67 0.67 0.67 0.67 0.67 0.67 0.67 0.67 0.67 0.67 0.67 0.67 0.67 0.67 0.67
  7 0.67 0.67 0.67 0.67 0.67 0.67 0.67 0.67 0.67 0.67 0.67 0.67 0.67 0.67 0.67
  8 0.67 0.67 0.67 0.67 0.67 0.67 0.67 0.67 0.67 0.67 0.67 0.67 0.67 0.67 0.67
   year
age 1977 1978 1979 1980 1981 1982 1983 1984 1985 1986 1987 1988 1989 1990 1991
  0 0.67 0.67 0.67 0.67 0.67 0.67 0.67 0.67 0.67 0.67 0.67 0.67 0.67 0.67 0.67
  1 0.67 0.67 0.67 0.67 0.67 0.67 0.67 0.67 0.67 0.67 0.67 0.67 0.67 0.67 0.67
  2 0.67 0.67 0.67 0.67 0.67 0.67 0.67 0.67 0.67 0.67 0.67 0.67 0.67 0.67 0.67
  3 0.67 0.67 0.67 0.67 0.67 0.67 0.67 0.67 0.67 0.67 0.67 0.67 0.67 0.67 0.67
  4 0.67 0.67 0.67 0.67 0.67 0.67 0.67 0.67 0.67 0.67 0.67 0.67 0.67 0.67 0.67
  5 0.67 0.67 0.67 0.67 0.67 0.67 0.67 0.67 0.67 0.67 0.67 0.67 0.67 0.67 0.67
  6 0.67 0.67 0.67 0.67 0.67 0.67 0.67 0.67 0.67 0.67 0.67 0.67 0.67 0.67 0.67
  7 0.67 0.67 0.67 0.67 0.67 0.67 0.67 0.67 0.67 0.67 0.67 0.67 0.67 0.67 0.67
  8 0.67 0.67 0.67 0.67 0.67 0.67 0.67 0.67 0.67 0.67 0.67 0.67 0.67 0.67 0.67
   year
age 1992 1993 1994 1995 1996 1997 1998 1999 2000 2001 2002 2003 2004 2005 2006
  0 0.67 0.67 0.67 0.67 0.67 0.67 0.67 0.67 0.67 0.67 0.67 0.67 0.67 0.67 0.67
  1 0.67 0.67 0.67 0.67 0.67 0.67 0.67 0.67 0.67 0.67 0.67 0.67 0.67 0.67 0.67
  2 0.67 0.67 0.67 0.67 0.67 0.67 0.67 0.67 0.67 0.67 0.67 0.67 0.67 0.67 0.67
  3 0.67 0.67 0.67 0.67 0.67 0.67 0.67 0.67 0.67 0.67 0.67 0.67 0.67 0.67 0.67
  4 0.67 0.67 0.67 0.67 0.67 0.67 0.67 0.67 0.67 0.67 0.67 0.67 0.67 0.67 0.67
  5 0.67 0.67 0.67 0.67 0.67 0.67 0.67 0.67 0.67 0.67 0.67 0.67 0.67 0.67 0.67
  6 0.67 0.67 0.67 0.67 0.67 0.67 0.67 0.67 0.67 0.67 0.67 0.67 0.67 0.67 0.67
  7 0.67 0.67 0.67 0.67 0.67 0.67 0.67 0.67 0.67 0.67 0.67 0.67 0.67 0.67 0.67
  8 0.67 0.67 0.67 0.67 0.67 0.67 0.67 0.67 0.67 0.67 0.67 0.67 0.67 0.67 0.67
   year
age 2007 2008 2009 2010 2011 2012 2013 2014
  0 0.67 0.67 0.67 0.67 0.67 0.67 0.67 0.67
  1 0.67 0.67 0.67 0.67 0.67 0.67 0.67 0.67
  2 0.67 0.67 0.67 0.67 0.67 0.67 0.67 0.67
  3 0.67 0.67 0.67 0.67 0.67 0.67 0.67 0.67
  4 0.67 0.67 0.67 0.67 0.67 0.67 0.67 0.67
  5 0.67 0.67 0.67 0.67 0.67 0.67 0.67 0.67
  6 0.67 0.67 0.67 0.67 0.67 0.67 0.67 0.67
  7 0.67 0.67 0.67 0.67 0.67 0.67 0.67 0.67
  8 0.67 0.67 0.67 0.67 0.67 0.67 0.67 0.67


TABLE 2.6.3.8 North Sea Herring. SURVEY INDICES

SCAI - Configuration

Spawning component abundance index
      min       max plusgroup   minyear   maxyear    startf      endf 
       NA        NA        NA      1972      2014        NA        NA 
Index type : biomass

SCAI - Index Values

Units  :  NA 
     year
age       1972     1973     1974     1975     1976     1977     1978     1979
  all 3312.348 3252.536 2200.837 1380.482 1229.621 1632.139 2132.718 3202.206
     year
age       1980     1981     1982     1983     1984     1985     1986    1987
  all 3491.718 3951.319 5020.326 7736.881 12097.72 15119.35 14562.97 18389.7
     year
age       1988    1989     1990     1991     1992     1993     1994    1995
  all 25922.55 21850.2 20306.25 13913.35 7457.187 5050.761 4437.825 5556.76
     year
age       1996     1997     1998     1999     2000     2001     2002     2003
  all 7010.287 9839.286 13106.15 14233.54 16328.24 21504.65 25973.29 33257.32
     year
age      2004     2005    2006     2007     2008     2009     2010     2011
  all 36517.7 31916.78 29525.2 30702.89 37389.65 46676.22 47224.16 49873.92
     year
age      2012     2013     2014
  all 58610.2 61592.81 59946.76

HERAS - Configuration

Herring in Sub-area IV, Divisions VIId & IIIa (autumn-spawners) . Imported from VPA file.
      min       max plusgroup   minyear   maxyear    startf      endf 
     1.00      8.00      8.00   1989.00   2014.00      0.54      0.56 
Index type : number

HERAS - Index Values

Units  :  NA 
   year
age    1989    1990    1991    1992    1993    1994    1995    1996    1997
  1      -1      -1      -1      -1      -1      -1      -1      -1 9361000
  2 4090000 3306000 2634000 3734000 2984000 3185000 3849000 4497000 5960000
  3 3903000 3521000 1700000 1378000 1637000  839000 2041000 2824000 2935000
  4 1633000 3414000 1959000 1147000  902000  399000  672000 1087000 1441000
  5  492000 1366000 1849000 1134000  741000  381000  299000  311000  601000
  6  283000  392000  644000 1246000  777000  321000  203000   99000  215000
  7  120000  210000  228000  395000  551000  326000  138000   83000   46000
  8   66000  176000  145000  218000  296000  350000  212000  339000  237000
   year
age    1998    1999     2000     2001     2002     2003    2004    2005    2006
  1 4449000 5087000 24736000  6837000 23055000  9829400 5183700 3114100 6822800
  2 5747000 3078000  2923000 12290000  4875000 18949400 3415900 2055100 3772300
  3 2520000 4725000  2156000  3083000  8220000  3081000 9191800 3648500 1997200
  4 1625000 1116000  3140000  1462000  1390000  4188900 2167300 5789600 2097500
  5  982000  506000  1007000  1676000   794600   675100 2590700 1212900 4175100
  6  445000  314000   483000   450000  1031000   494800  317100 1174900  618200
  7  170000  139000   266000   170000   244400   568300  327600  139900  562100
  8  166000  141000   217000   157000   270500   323200  527650  233200  154700
   year
age    2007    2008    2009     2010     2011    2012    2013     2014
  1 6261000 3714000 4655000 14577000 10119000 7437000 6388000 11634000
  2 2750000 2853000 5632000  4237000  4166000 4719000 2683000  4918000
  3 1848000 1709000 2553000  4216000  2534000 4067000 3031000  2827000
  4  898000 1485000 1023000  2453000  2173000 1738000 2895000  2939000
  5  806000  809000 1077000  1246000  1016000 1209000 1546000  1791000
  6 1323000  712000  674000  1332000   651000  593000  849000  1236000
  7  243000 1749000  638000   688000   688000  247000  464000   669000
  8  217000  455000 1720000  2729000  1737000  696000  842000   461000

IBTS-Q1 - Configuration

Herring in Sub-area IV, Divisions VIId & IIIa (autumn-spawners) . Imported from VPA file.
      min       max plusgroup   minyear   maxyear    startf      endf 
     1.00      1.00        NA   1984.00   2015.00      0.08      0.17 
Index type : number

IBTS-Q1 - Index Values

Units  :  NA 
   year
age     1984    1985     1986     1987     1988     1989     1990     1991
  1 1515.627 2097.28 2662.812 3692.965 4394.168 2331.566 1061.572 1286.747
   year
age     1992     1993     1994     1995     1996     1997     1998    1999
  1 1268.145 2794.007 1752.053 1345.754 1890.872 4402.996 2275.845 752.862
   year
age     2000     2001     2002    2003    2004     2005   2006     2007
  1 3721.386 2499.391 3881.426 2969.64 933.195 1006.239 901.76 1322.346
   year
age     2008     2009     2010     2011     2012     2013     2014     2015
  1 1767.565 2338.813 1206.335 2943.607 1370.087 1665.726 2615.018 5172.891

IBTS0 - Configuration

Herring in Sub-area IV, Divisions VIId & IIIa (autumn-spawners) . Imported from VPA file.
      min       max plusgroup   minyear   maxyear    startf      endf 
     0.00      0.00        NA   1992.00   2015.00      0.08      0.17 
Index type : number

IBTS0 - Index Values

Units  :  NA 
   year
age  1992  1993  1994 1995  1996  1997 1998 1999  2000  2001  2002 2003 2004
  0 200.7 190.1 101.7  127 106.5 148.1 53.1  244 137.1 214.8 161.8 54.4 47.3
   year
age 2005 2006 2007 2008 2009 2010 2011 2012 2013  2014 2015
  0 61.3 83.1 37.2 27.8 95.8 77.1   77   68 50.4 164.5 20.9


TABLE 2.6.3.9 North Sea Herring. STOCK OBJECT CONFIGURATION

      min       max plusgroup   minyear   maxyear   minfbar   maxfbar 
        0         8         8      1947      2014         2         6 


TABLE 2.6.3.10 North Sea Herring. sam CONFIGURATION SETTINGS

name           : Final Assessment
desc           : 
range          :       min       max plusgroup   minyear   maxyear   minfbar   maxfbar 
range          :         0         8         8      1947      2015         2         6 
fleets         :   catch    SCAI   HERAS IBTS-Q1   IBTS0 
fleets         :       0       3       2       2       2 
plus.group     : TRUE
states         :          age
states         : fleet      0  1  2  3  4  5  6  7  8
states         :   catch    1  2  3  4  5  6  7  8  8
states         :   SCAI    NA NA NA NA NA NA NA NA NA
states         :   HERAS   NA NA NA NA NA NA NA NA NA
states         :   IBTS-Q1 NA NA NA NA NA NA NA NA NA
states         :   IBTS0   NA NA NA NA NA NA NA NA NA
logN.vars      : 1 2 2 2 2 2 2 2 2
catchabilities :          age
catchabilities : fleet      0  1  2  3  4  5  6  7  8
catchabilities :   catch   NA NA NA NA NA NA NA NA NA
catchabilities :   SCAI    NA NA NA NA NA NA NA NA NA
catchabilities :   HERAS   NA  3  3  4  4  5  5  5  5
catchabilities :   IBTS-Q1 NA  1 NA NA NA NA NA NA NA
catchabilities :   IBTS0    2 NA NA NA NA NA NA NA NA
power.law.exps :          age
power.law.exps : fleet      0  1  2  3  4  5  6  7  8
power.law.exps :   catch   NA NA NA NA NA NA NA NA NA
power.law.exps :   SCAI    NA NA NA NA NA NA NA NA NA
power.law.exps :   HERAS   NA NA NA NA NA NA NA NA NA
power.law.exps :   IBTS-Q1 NA NA NA NA NA NA NA NA NA
power.law.exps :   IBTS0   NA NA NA NA NA NA NA NA NA
f.vars         :          age
f.vars         : fleet      0  1  2  3  4  5  6  7  8
f.vars         :   catch    1  1  2  2  3  3  4  4  4
f.vars         :   SCAI    NA NA NA NA NA NA NA NA NA
f.vars         :   HERAS   NA NA NA NA NA NA NA NA NA
f.vars         :   IBTS-Q1 NA NA NA NA NA NA NA NA NA
f.vars         :   IBTS0   NA NA NA NA NA NA NA NA NA
obs.vars       :          age
obs.vars       : fleet      0  1  2  3  4  5  6  7  8
obs.vars       :   catch    3  4  4  4  4  4  5  5  5
obs.vars       :   SCAI    NA NA NA NA NA NA NA NA NA
obs.vars       :   HERAS   NA  6  7  7  7  7  8  8  8
obs.vars       :   IBTS-Q1 NA  1 NA NA NA NA NA NA NA
obs.vars       :   IBTS0    2 NA NA NA NA NA NA NA NA
srr            : 0
cor.F          : FALSE
nohess         : FALSE
timeout        : 3600
sam.binary     : character()


TABLE 2.6.3.11 North Sea Herring. FLR, R SOFTWARE VERSIONS

FLSAM.version                            1.0
FLCore.version                         2.5.0
R.version      R version 2.14.2 (2012-02-29)
platform                     i386-pc-mingw32
run.date                 2015-03-18 14:41:39

TABLE 2.6.3.12 North Sea Herring. STOCK SUMMARY

Year Recruitment      Low      High     TSB     Low    High     SSB     Low    High       Fbar    Low   High Landings Landings
           Age 0                                                                    (Ages 2-6)                             SOP
                                                                                             f      f      f   tonnes         
1947    74551446 44619253 124563228 7053257 5765228 8629048 3767793 2940469 4827892     0.1732 0.1264 0.2372   581760   1.4609
1948    67727306 42475653 107990995 6356573 5197704 7773821 3181935 2493690 4060132     0.1704 0.1280 0.2269   502100   1.3326
1949    58410136 36804328  92699534 6064726 5003781 7350623 3103373 2451792 3928116     0.1839 0.1381 0.2450   508500   1.4502
1950    82145285 52994824 127330318 6125678 5083716 7381201 3029778 2423484 3787752     0.1932 0.1478 0.2525   491700   1.3073
1951    74402492 48667538 113745858 6205832 5182812 7430782 2841947 2287453 3530854     0.2345 0.1834 0.3000   600400   1.3238
1952    74328127 49205600 112277271 6058665 5077012 7230122 2791250 2242995 3473514     0.2460 0.1922 0.3148   664400   1.2720
1953    80438220 54427059 118880340 5950584 5005636 7073917 2618206 2094437 3272958     0.2608 0.2035 0.3342   698500   1.1979
1954    74925137 51475720 109056778 5815283 4905147 6894292 2436322 1935804 3066253     0.2927 0.2268 0.3776   762900   1.2509
1955    66519121 45928629  96340640 5471153 4626895 6469462 2412080 1921695 3027602     0.2892 0.2249 0.3717   806400   1.0598
1956    48158105 33211395  69831545 4896347 4154070 5771259 2226630 1770891 2799654     0.2916 0.2295 0.3706   675200   1.2712
1957   136113547 92398897 200509944 5666034 4706719 6820875 2043143 1624832 2569148     0.3066 0.2410 0.3901   682900   1.1575
1958    49032799 34011362  70688595 5314768 4469508 6319882 1698065 1342251 2148201     0.3156 0.2488 0.4003   670500   1.1674
1959    58002693 39640743  84870065 5520616 4676784 6516700 2633963 2089644 3320067     0.3295 0.2587 0.4197   784500   1.5186
1960    22009836 14788133  32758217 4452606 3792198 5228022 2253511 1794098 2830566     0.2831 0.2237 0.3583   696200   1.1830
1961   113011484 76470163 167014100 5142243 4313755 6129849 2141463 1727429 2654734     0.3203 0.2582 0.3973   696700   1.1348
1962    52483007 36091271  76319452 4751638 4025574 5608657 1530339 1218595 1921835     0.3471 0.2760 0.4366   627800   1.1705
1963    79717524 56291877 112891665 5416714 4627756 6340178 2488026 2009742 3080133     0.2366 0.1889 0.2963   716000   0.8602
1964    83553692 58951050 118424004 5728705 4997267 6567201 2400050 2000979 2878710     0.3195 0.2656 0.3843   871200   1.0656
1965    38034340 26714835  54150101 5040420 4474787 5677553 1947389 1659272 2285534     0.5054 0.4234 0.6034  1168800   1.1496
1966    34622004 24598972  48728995 3886424 3467137 4356416 1581683 1351468 1851113     0.5079 0.4330 0.5957   895500   1.0707
1967    43055477 30767146  60251739 3175577 2830810 3562334 1026843  881969 1195516     0.6527 0.5584 0.7628   695500   1.1757
1968    41243332 29374738  57907322 2763476 2431936 3140215  564107  485726  655138     0.9587 0.8206 1.1200   717800   1.2551
1969    19249584 13494717  27458634 2135049 1864580 2444751  511959  421872  621283     0.8605 0.7347 1.0078   546700   0.9674
1970    36910256 26673705  51075281 2071948 1810335 2371368  489921  402469  596376     0.9023 0.7789 1.0452   563100   0.9657
1971    27017625 19676791  37097109 1949337 1709272 2223119  348015  289346  418579     1.2156 1.0396 1.4214   520100   1.0747
1972    17716377 12955197  24227342 1682851 1482172 1910701  350109  290330  422196     0.6335 0.5343 0.7511   497500   0.9197
1973     8806494  6358898  12196193 1287226 1142640 1450108  302247  253786  359962     0.8326 0.7202 0.9624   484000   0.9575
1974    16902972 12164037  23488127  953600  839216 1083575  203008  171138  240813     0.8502 0.7287 0.9919   275100   0.9680
1975     3764027  2531433   5596791  786226  672540  919130  117830   96693  143588     0.9902 0.8039 1.2195   312800   0.9343
1976     4876801  3199866   7432556  543074  455404  647620  165711  125873  218157     0.7412 0.5595 0.9819   174800   0.9530
1977     5509586  3551225   8547905  406769  329703  501848  124368   92017  168093     0.3343 0.2443 0.4574    46000   1.1979
1978     5694435  3618583   8961129  459089  369502  570398  154662  117442  203679     0.2449 0.1752 0.3424    11000   1.2152
1979    11184059  7382892  16942300  588305  482127  717866  190042  149307  241890     0.2035 0.1481 0.2796    25100   1.0056
1980    16919883 11995940  23864945  809361  674429  971288  210871  170224  261223     0.1813 0.1440 0.2284    70764   1.0936
1981    37655892 27340859  51862534 1404230 1175470 1677510  309279  250443  381938     0.2012 0.1616 0.2506   174879   1.0081
1982    60188990 44535055  81345234 2132915 1790391 2540967  430628  351899  526970     0.1828 0.1476 0.2265   275079   0.9786
1983    56797337 42462674  75971133 2870509 2444666 3370531  646288  529873  788279     0.2301 0.1879 0.2817   387202   1.0771
1984    53704105 39840478  72391974 3609212 3116800 4179418 1031990  846200 1258573     0.3054 0.2517 0.3706   428631   1.0543
1985    68544930 50005122  93958523 4118502 3584888 4731544 1095805  912883 1315381     0.3920 0.3215 0.4780   613780   1.0419
1986    81327925 59172674 111778478 4742144 4116724 5462579 1126921  947155 1340806     0.3776 0.3121 0.4569   671488   1.1373
1987    83136966 61630584 112148136 4680896 4095729 5349666 1310606 1100332 1561062     0.3702 0.3081 0.4449   792058   1.0173
1988    43098554 31800240  58411048 4611206 4059899 5237377 1679489 1412571 1996843     0.3590 0.2994 0.4305   887686   1.1641
1989    36324391 26851354  49139473 3890312 3468077 4363955 1749779 1504841 2034585     0.3439 0.2880 0.4105   787899   1.0335
1990    30371038 22188103  41571824 3779113 3377422 4228579 1785127 1540594 2068473     0.2931 0.2450 0.3508   645229   1.0515
1991    31832553 23508815  43103467 3502544 3129403 3920176 1544174 1333772 1787768     0.3215 0.2698 0.3830   658008   1.0197
1992    60249209 45653973  79510433 3516582 3125363 3956772 1177613 1008944 1374479     0.3629 0.3033 0.4343   716799   0.9950
1993    52064818 39400458  68799842 3242970 2849052 3691351  834009  705307  986197     0.4167 0.3465 0.5011   671397   1.0231
1994    36984150 27664628  49443185 2896460 2543675 3298174  903472  769263 1061095     0.4287 0.3563 0.5158   568234   1.0498
1995    48158105 35663203  65030698 2822123 2464248 3231971  952647  804052 1128705     0.3721 0.3035 0.4563   579371   1.0084
1996    45901117 33600328  62705116 3008644 2599779 3481811 1090340  920947 1290890     0.2188 0.1738 0.2755   275098   0.9987
1997    31139884 22438482  43215596 3207492 2777875 3703553 1251683 1058427 1480226     0.1940 0.1566 0.2405   264313   1.0006
1998    22908074 16615624  31583519 3412651 2984234 3902572 1516628 1298119 1771918     0.2158 0.1754 0.2656   391628   1.0018
1999    74850249 54288056 103200597 3534209 3105025 4022716 1592794 1361317 1863631     0.2041 0.1673 0.2489   363163   1.0000
2000    49624737 36017677  68372387 4474924 3881010 5159726 1583265 1355876 1848790     0.2063 0.1695 0.2511   388157   1.0004
2001    90061200 65290950 124228852 5015281 4370288 5755466 2154351 1840027 2522370     0.1808 0.1476 0.2216   374065   0.9901
2002    45672184 33076870  63063657 5815283 5061548 6681259 2478093 2124456 2890597     0.1704 0.1393 0.2085   394709   0.9974
2003    22009836 16000140  30276791 6137942 5344848 7048719 2535750 2188926 2937526     0.1952 0.1602 0.2379   482281   1.0153
2004    26376921 19219209  36200345 5204322 4561592 5937613 2502999 2158292 2902759     0.2376 0.1924 0.2934   587698   0.9985
2005    24324631 17751298  33332078 4368805 3846109 4962536 2373794 2033976 2770385     0.2539 0.2060 0.3130   663813   1.0033
2006    28602366 20858323  39221530 3623678 3190144 4116128 1857979 1588374 2173346     0.2250 0.1826 0.2774   514597   0.9950
2007    28092129 19990418  39477301 3106477 2720680 3546982 1497039 1276337 1755905     0.1939 0.1566 0.2401   406482   1.0056
2008    28889825 20369548  40974005 3140837 2732283 3610483 1558135 1332198 1822389     0.1265 0.1031 0.1553   257870   1.0040
2009    38647784 27945781  53448183 3594804 3117663 4144969 1908828 1629646 2235839     0.0749 0.0596 0.0942   168443   1.0023
2010    38378194 27649317  53270241 4164055 3622906 4786035 1970898 1671927 2323331     0.0791 0.0640 0.0978   187611   1.0034
2011    32508105 23528834  44914121 4364438 3812386 4996430 2397651 2065740 2782892     0.1015 0.0824 0.1249   226478   0.9938
2012    36215581 25901732  50636317 4403895 3853780 5032537 2586976 2223410 3009990     0.1592 0.1290 0.1963   434710   1.0109
2013    38339835 25568406  57490599 4222762 3685523 4838314 2285282 1950508 2677514     0.1943 0.1556 0.2427   511416   1.0014
2014    68888513 43191212 109874834 4377551 3729299 5138487 2219961 1852312 2660581     0.2033 0.1573 0.2627   517356   1.0029
2015    17175594  7567454  38982867 4606597 3637119 5834491 2215525 1721403 2851484     0.2033 0.1276 0.3240                  


TABLE 2.6.3.13 North Sea Herring. ESTIMATED FISHING MORTALITY

Units  :  f 
   year
age         1947         1948        1949        1950        1951        1952
  0 0.0035076815 0.0035090849 0.003510840 0.003506629 0.003507682 0.003507682
  1 0.0002456261 0.0002456261 0.001203646 0.005897658 0.028819588 0.054301686
  2 0.0698573481 0.0494496648 0.061292365 0.084728776 0.128709159 0.182519183
  3 0.1398478826 0.1599010648 0.154911700 0.174942138 0.213867204 0.198612418
  4 0.1452788907 0.1580253209 0.168250725 0.203335084 0.277898317 0.250925298
  5 0.1884919460 0.1987316215 0.206470032 0.204007198 0.271064088 0.266654891
  6 0.3224845664 0.2858751791 0.328604625 0.298764393 0.281225061 0.331177763
  7 0.3321727879 0.3175881060 0.404723970 0.317651630 0.279151677 0.385093160
  8 0.3321727879 0.3175881060 0.404723970 0.317651630 0.279151677 0.385093160
   year
age       1953        1954        1955        1956        1957        1958
  0 0.00350698 0.004933533 0.004390553 0.003666932 0.003680157 0.003882407
  1 0.07831626 0.102130895 0.163735984 0.152391868 0.194971868 0.163147595
  2 0.21673064 0.251452795 0.290631249 0.366630775 0.339697420 0.367291305
  3 0.24969877 0.312547132 0.311735565 0.314900048 0.324490182 0.355297433
  4 0.24590746 0.257406174 0.261793305 0.272831743 0.279738511 0.267081880
  5 0.26350050 0.285989552 0.255610622 0.242634278 0.304891288 0.334840828
  6 0.32827618 0.356044342 0.325953678 0.261113526 0.284307182 0.253345781
  7 0.37338695 0.440590238 0.244656523 0.274968152 0.283966218 0.178422669
  8 0.37338695 0.440590238 0.244656523 0.274968152 0.283966218 0.178422669
   year
age        1959       1960       1961        1962        1963       1964
  0 0.007565173 0.01486717 0.01694301 0.005878228 0.009892286 0.01039428
  1 0.206387461 0.22507986 0.11385837 0.102622302 0.131046901 0.25660945
  2 0.377815235 0.38574838 0.42584919 0.254462958 0.281647216 0.35409147
  3 0.344417739 0.28088779 0.31711208 0.418549549 0.280046393 0.35239591
  4 0.307002312 0.24756057 0.29918296 0.348505942 0.231888181 0.31949936
  5 0.299811900 0.21928128 0.27106409 0.324944786 0.205317031 0.29858519
  6 0.318414909 0.28198540 0.28837314 0.389208535 0.184114027 0.27274991
  7 0.309870751 0.33433894 0.25630170 0.338476707 0.188247066 0.22038043
  8 0.309870751 0.33433894 0.25630170 0.338476707 0.188247066 0.22038043
   year
age       1965       1966       1967       1968       1969       1970
  0 0.00823551 0.01723523 0.02390662 0.02799582 0.01164009 0.03270589
  1 0.23314376 0.20505029 0.26729563 0.27714900 0.28745182 0.26585612
  2 0.54034903 0.49781836 0.48553690 0.91659643 0.70458944 0.75352732
  3 0.53069384 0.55292108 0.69430079 1.30347008 0.80284790 0.94955199
  4 0.51605084 0.49004405 0.66997157 0.78110164 0.75064683 0.91616756
  5 0.48885957 0.61304312 0.69319773 0.86758655 0.81614765 0.81433781
  6 0.45126524 0.38549772 0.72030539 0.92459267 1.22816354 1.07782702
  7 0.47740027 0.56124935 0.94949217 1.13849817 0.98730132 0.92028949
  8 0.47740027 0.56124935 0.94949217 1.13849817 0.98730132 0.92028949
   year
age       1971       1972       1973       1974      1975       1976       1977
  0 0.03899195 0.05860707 0.05259154 0.08256247 0.1006607 0.07537346 0.07246874
  1 0.52247925 0.53631693 0.60158948 0.43031835 0.5078699 0.15621844 0.11022848
  2 0.70564712 0.69352361 0.80413348 0.85698060 0.9450740 0.62709954 0.16769641
  3 0.87559642 0.68867901 0.93857830 0.80601736 1.0383418 0.86488390 0.46857458
  4 0.88559105 0.64818444 0.73529757 0.77089739 0.9103884 0.80559028 0.29144616
  5 0.70608475 0.53052404 0.72605464 0.92694782 1.1763072 0.83946542 0.43708395
  6 2.90490300 0.60645182 0.95873267 0.89015471 0.8806456 0.56877520 0.30672613
  7 1.29352364 0.32110086 0.56357774 0.77543587 1.4451599 0.89995547 0.36095572
  8 1.29352364 0.32110086 0.56357774 0.77543587 1.4451599 0.89995547 0.36095572
   year
age      1978       1979       1980      1981      1982      1983      1984
  0 0.0908178 0.10750693 0.13081123 0.3782008 0.3404456 0.3763296 0.2098001
  1 0.1024787 0.09859842 0.08917986 0.1983147 0.1697718 0.2011509 0.1837645
  2 0.1770010 0.19251138 0.21256658 0.1977602 0.1794067 0.1979779 0.2236216
  3 0.3044647 0.26705517 0.24248874 0.1996279 0.2630792 0.2338209 0.2889794
  4 0.2387830 0.18749558 0.17494214 0.1921652 0.1918580 0.2545648 0.3503579
  5 0.3218724 0.27106409 0.21642743 0.2236440 0.1471357 0.2242710 0.3521493
  6 0.1824279 0.09925133 0.06026523 0.1929354 0.1326157 0.2397161 0.3120787
  7 0.3087263 0.22268435 0.12721204 0.3988260 0.1955968 0.3503579 0.5025400
  8 0.3087263 0.22268435 0.12721204 0.3988260 0.1955968 0.3503579 0.5025400
   year
age      1985       1986      1987      1988      1989       1990      1991
  0 0.1022535 0.07951576 0.1421745 0.1201878 0.1244190 0.07565286 0.1230949
  1 0.2917961 0.29478765 0.3454525 0.4652734 0.3527485 0.38153603 0.2826912
  2 0.2767059 0.29852548 0.2989736 0.2734326 0.2761807 0.27166109 0.3685533
  3 0.3961787 0.35204369 0.3214864 0.2921173 0.2804948 0.25172955 0.2903117
  4 0.4409473 0.38861350 0.3837822 0.3722387 0.3753411 0.30645021 0.3037957
  5 0.4156715 0.38205145 0.4071515 0.4176757 0.3938402 0.34201523 0.3176199
  6 0.4306498 0.46694211 0.4396880 0.4393671 0.3934544 0.29387523 0.3271619
  7 0.5363759 0.54451488 0.4142275 0.4462750 0.4097902 0.33207315 0.2626324
  8 0.5363759 0.54451488 0.4142275 0.4462750 0.4097902 0.33207315 0.2626324
   year
age      1992      1993      1994      1995       1996       1997       1998
  0 0.2646360 0.3175563 0.2096533 0.2145098 0.07417709 0.02317225 0.01840561
  1 0.3190205 0.3223234 0.1837462 0.1879085 0.13536235 0.03981944 0.09704311
  2 0.3931201 0.4265482 0.4113339 0.3011039 0.16786419 0.14060510 0.15389265
  3 0.3266062 0.4212032 0.4321770 0.3964006 0.23797254 0.19875150 0.20729757
  4 0.3449348 0.4380378 0.5644971 0.3906669 0.21431680 0.21569282 0.21969831
  5 0.3502879 0.3757279 0.3622575 0.4237464 0.23214340 0.21318392 0.23635981
  6 0.3997764 0.4220844 0.3731406 0.3485756 0.24159319 0.20199749 0.26184567
  7 0.3760850 0.4552630 0.3616783 0.3164785 0.11999562 0.15697009 0.14586117
  8 0.3760850 0.4552630 0.3616783 0.3164785 0.11999562 0.15697009 0.14586117
   year
age       1999       2000       2001       2002       2003       2004
  0 0.02959352 0.03306764 0.03051918 0.02545355 0.02731280 0.04197421
  1 0.04693930 0.05081824 0.04687832 0.03262097 0.04895763 0.03849989
  2 0.14771065 0.13762812 0.08050790 0.08674348 0.07701924 0.08408728
  3 0.21450977 0.19774044 0.18111918 0.14021196 0.13991782 0.13661343
  4 0.21562812 0.22431589 0.21049361 0.20829499 0.20199749 0.22550792
  5 0.22903052 0.24845339 0.21493922 0.20758799 0.30906613 0.32090826
  6 0.21346124 0.22326408 0.21716453 0.20906711 0.24798178 0.42068960
  7 0.13099449 0.13551133 0.14816926 0.19347635 0.22152939 0.33343745
  8 0.13099449 0.13551133 0.14816926 0.19347635 0.22152939 0.33343745
   year
age       2005       2006       2007       2008       2009       2010
  0 0.06113933 0.04835914 0.03658928 0.04064416 0.02757626 0.02502450
  1 0.08901058 0.03911302 0.03229961 0.02855852 0.02199808 0.02498949
  2 0.10603352 0.09607751 0.07606249 0.07858299 0.05474332 0.05935612
  3 0.14052077 0.15181388 0.15478782 0.09682985 0.05308292 0.06648360
  4 0.21547724 0.22299632 0.21070421 0.13253613 0.08635401 0.07965902
  5 0.35221975 0.28013042 0.25851540 0.16830121 0.09894412 0.10334318
  6 0.45523114 0.37410454 0.26946952 0.15637474 0.08147981 0.08673481
  7 0.60241422 0.53600060 0.42850623 0.20644939 0.11110273 0.08573450
  8 0.60241422 0.53600060 0.42850623 0.20644939 0.11110273 0.08573450
   year
age       2011       2012       2013       2014       2015
  0 0.03564665 0.03219642 0.02101540 0.03009489 0.03024876
  1 0.01584977 0.03334992 0.04115129 0.03303790 0.03284026
  2 0.06056125 0.07189849 0.07426615 0.06885861 0.06885861
  3 0.08852237 0.13340042 0.12650164 0.13482199 0.13482199
  4 0.10192684 0.16562982 0.19489389 0.22277344 0.22277344
  5 0.13256264 0.20521440 0.26482131 0.28556089 0.28556089
  6 0.12374899 0.21965437 0.31114383 0.30452564 0.30452564
  7 0.11376732 0.26098300 0.39335215 0.40119407 0.40119407
  8 0.11376732 0.26098300 0.39335215 0.40119407 0.40119407


TABLE 2.6.3.14 North Sea Herring. ESTIMATED POPULATION ABUNDANCE

Units  :  NA 
   year
age     1947     1948     1949     1950       1951       1952       1953
  0 74551446 67727306 58410136 82145285 74402492.5 74328127.2 80438220.5
  1 15775994 20236531 18329090 15309743 22725540.9 19955193.6 20015149.1
  2  7897051  6675803  9463946  7771704  6255677.4  9056560.8  7834127.0
  3  3734035  5085989  5199120  7363162  5368182.7  3905904.7  5246123.6
  4  5416714  2510519  3002633  3782894  5209529.0  3169232.5  2468200.7
  5  3453850  3696881  1691286  1878530  2700641.8  3097172.0  1895512.9
  6  2969785  2294441  2431454  1097999  1236753.1  1698065.1  1901207.9
  7  1687907  1696368  1404230  1381942   651478.7   761465.4   984609.1
  8  5111482  3878659  3275562  2475616  2233320.4  1797666.5  1412681.2
   year
age     1954       1955     1956        1957       1958       1959       1960
  0 74925137 66519121.1 48158105 136113547.0 49032799.0 58002693.1 22009835.9
  1 22342472 19638451.2 18038159  12164105.5 42076502.2 12647877.8 16403413.3
  2  7756176  8868356.1  6709265   6715977.9  3913724.4 17192778.5  4210112.8
  3  4547099  4408301.4  5101270   3143979.8  3660096.2  1882290.6  9501877.8
  4  2946121  2383308.0  2426596   2908069.5  1621723.5  1963030.5   939403.1
  5  1542631  1701464.7  1375049   1425452.7  1722005.2   962221.5  1067681.5
  6  1168230   910728.4  1025817    875018.2   807743.6   959339.2   546888.4
  7  1102400   648229.4   514011    630961.4   522823.9   501320.1   534988.2
  8  1364093  1249182.6  1224447   1058115.4   985594.2  1065548.2   929126.3
   year
age        1961       1962       1963       1964       1965       1966
  0 113011484.0 52483007.1 79717524.5 83553691.9 38034340.2 34622004.3
  1   4896347.1 33098548.9 15479080.1 18402553.7 22476929.8 11228884.6
  2   5615268.7  1620102.5 13660240.3  6064726.5  5774718.1  7671325.7
  3   2084417.5  2455890.5   910728.4  8606256.5  3368573.8  2186909.7
  4   6101224.2  1155449.5  1012567.8   606221.1  5025321.6  1434031.1
  5    578387.9  3779113.4   570346.9   654744.3   383847.3  2197871.6
  6    717838.6   349060.3  2016754.3   422101.0   397917.5   186465.2
  7    321258.1   448650.7   173165.0  1452795.2   277062.9   190994.5
  8    798907.1   675359.2   609869.3   531787.9  1353223.4   821592.7
   year
age       1967       1968        1969        1970        1971         1972
  0 43055476.8 41243331.6 19249583.84 36910255.60 27017625.30 17716376.575
  1 10480217.6 14738888.0 14753634.25  7834126.97 15081810.91 11617231.175
  2  3968901.8  3201083.8  4662209.34  4492859.87  2649813.98  3598400.503
  3  3341732.7  1887946.0   753888.68  1594387.17  1343783.90   881164.846
  4   871525.1  1244195.9   321901.22   232815.13   404335.40   356111.798
  5   675359.2   306201.9   399512.37   103569.69    61759.31   107151.607
  6   864580.8   256273.4    86855.40   124866.44    30976.99    20191.157
  7   101620.4   296855.3    73939.32    17257.46    31132.26     1093.020
  8   449548.9   160331.7   103466.17    46957.58    18033.74     8853.782
   year
age        1973         1974        1975        1976        1977        1978
  0 8806494.336 16902971.621 3764027.177 4876800.853 5509585.768 5694435.341
  1 7444603.757  3685806.795 8024420.399 1398624.763 2096961.605 2336115.348
  2 2850485.818  1639660.883  986580.300 1996687.270  465561.741  803714.994
  3 1188259.275   825710.907  449099.614  234216.224  637302.689  315211.777
  4  319655.777   290686.312  255761.334   99508.665   60900.703  259107.937
  5  130352.813   105979.398   89232.446   68050.136   26134.198   33894.228
  6   45844.018    43347.313   28882.755   17560.371   19424.686   11384.408
  7    8284.984    12017.269   12293.181    8129.868    6619.003    9818.268
  8    5181.760     5644.292    5897.006    2902.420    3043.916    4739.088
   year
age         1979         1980        1981        1982        1983        1984
  0 11184058.789 16919883.047 37655892.23 60188989.81 56797337.07 53704105.01
  1  2222181.658  4474924.330  6635867.74 10670569.54 18981967.36 16094690.61
  2   898965.557   821592.657  1871030.67  2289857.16  3867040.33  6941302.53
  3   460008.387   498321.136   416232.80  1084901.76  1307987.17  2122276.73
  4   189851.981   244507.191   262235.96   240145.44   557378.60   766047.92
  5   135537.007   131662.881   149791.56   146972.39   149941.43   300438.99
  6    18888.338    70685.801    92503.34    82371.93   104297.22    92688.53
  7     6517.199    13407.909    52470.16    58688.55    54068.12    65120.85
  8     7376.835     7468.878    15267.78    34269.12    65578.29    69772.83
   year
age        1985        1986        1987        1988        1989       1990
  0 68544929.96 81327925.29 83136966.13 43098553.80 36324390.93 30371037.5
  1 18002118.44 26562207.69 32801998.45 29591567.59 15619020.62 12968060.4
  2  6274472.65  5792068.27  9435596.91 11028572.91  7771703.97  4780233.7
  3  3886423.95  3308481.89  2856192.49  5005260.41  6205831.67  4239687.0
  4  1121300.80  1746282.85  1679488.77  1444104.55  2780107.07  3809467.6
  5   396725.55   490902.10   839028.54   837352.16   722158.56  1515112.1
  6   145509.99   188905.09   245241.81   408807.64   410856.79   385000.5
  7    52680.47    66635.98    86768.59   118539.32   196221.62   215345.7
  8    67171.21    57354.12    54502.40    71825.87    93060.03   158895.2
   year
age       1991       1992       1993       1994       1995       1996
  0 31832552.9 60249208.9 52064818.0 36984150.0 48158104.5 45901116.5
  1 12347942.4 11757477.7 19134432.1 15401877.9 13033063.1 16551710.4
  2  4110273.0  4620437.7  3964934.9  6016402.2  6212040.6  5378929.9
  3  2530683.5  1905014.2  2041101.2  1612022.2  2722333.6  3128299.1
  4  2458347.7  1438339.7  1007517.6   851708.8   789377.5  1199001.9
  5  2145750.6  1370930.1   772200.9   439327.3   347319.4   360771.5
  6   831511.2  1235516.9   740440.1   372130.5   217075.4   141775.5
  7   221460.6   475441.9   612926.3   344896.6   182225.5   104610.6
  8   196025.5   246224.7   375119.5   439766.9   366957.0   281813.3
   year
age        1997       1998       1999       2000       2001       2002
  0 31139884.02 22908074.4 74850249.3 49624737.1 90061200.3 45672183.8
  1 19481970.38 13177218.2  9606975.4 32573186.2 18513300.9 38339835.3
  2  6715977.86  9840331.9  5422133.9  5214741.1 15096900.3  8186524.4
  3  3078644.62  3471162.1  6230704.7  3072493.5  3348422.8  9351057.5
  4  1725452.68  1667773.4  1813918.5  3696880.8  1762070.3  1848712.5
  5   686251.87   961259.8   807743.6  1081651.9  2012724.8   969950.2
  6   218600.25   410856.8   479260.7   474966.7   566368.4  1149686.7
  7    76726.31   134322.6   210870.6   272120.4   261973.9   312075.4
  8   234216.22   178795.9   166541.5   211081.6   246964.5   304066.0
   year
age       2003       2004       2005       2006       2007       2008
  0 22009835.9 26376921.5 24324630.6 28602366.0 28092129.3 28889824.6
  1 17452614.1  8235791.2 10396710.3  8410571.6 10313868.5 11330400.7
  2 20873688.5  7025099.9  3980826.4  5131969.2  3840065.6  4867057.0
  3  4823450.0 12890485.0  4457060.4  2571500.1  3112696.7  2317501.0
  4  5581678.0  3048011.6  8096966.1  2700641.8  1597579.1  1901207.9
  5  1008525.6  3242969.6  1749778.9  4867057.0  1463000.5   997492.6
  6   595406.7   515040.1  1682851.1   884696.6  2714178.8   882928.9
  7   658026.2   353274.3   241349.2   759184.4   444631.0  1704871.0
  8   342833.4   532852.5   414571.2   255761.3   434086.9   492377.0
   year
age       2009       2010       2011     2012       2013       2014       2015
  0 38647784.1 38378194.3 32508105.0 36215581 38339835.3 68888512.8 17175594.3
  1 11285169.6 14694737.6 15066736.6 11467185 13510801.0 15634647.5 27812608.0
  2  6356573.3  5950584.5  7732942.4  7617814  5298848.0  6941302.5  7960481.1
  3  2913891.4  4377551.0  3933342.0  5688744  4896347.1  3537744.7  4519898.1
  4  1431165.9  2076096.5  2816484.4  2833434  3722849.8  3446948.8  2197871.6
  5  1202604.3  1030959.0  1284654.0  1826661  1959108.3  2224405.0  1972870.2
  6   661986.2   902568.6   673336.2   827364  1178791.1  1193021.8  1220779.3
  7   596002.4   493856.4   617231.8   420416   504337.0   676034.9   646934.3
  8  1561254.2  1662777.6  1463000.5  1211052   969950.2   707858.9   686938.5


TABLE 2.6.3.15 North Sea Herring. PREDICTED CATCH NUMBERS AT AGE

Units  :  NA 
   year
age      1947       1948     1949      1950      1951      1952      1953
  0        NA         NA       NA        NA        NA        NA  157204.1
  1        NA   3333.706       NA        NA  433783.1  709914.6 1016829.5
  2  459824.4 277784.247 485774.6  545359.2  653436.1 1307464.1 1322057.8
  3  426300.6 657171.304 652848.3 1033953.1  905552.0  615506.0 1016219.6
  4  649332.4 325266.459 412462.3  617602.3 1123321.0  624745.7  477729.5
  5  531734.7 597315.065 283112.6  311016.1  575618.3  650697.4  394194.6
  6  735863.6 512471.306 612558.7  255020.7  272283.7  430455.8  478351.0
  7  429939.6 415692.050 421594.8  338642.4  142814.2  219410.6  276592.3
  8 1301203.3 950838.970 983133.3  606584.9  489578.5  517828.8  396804.9
   year
age      1954      1955       1956      1957       1958      1959      1960
  0  205643.6  162559.6   98518.54  280632.1  105609.12        NA  181570.6
  1 1465343.1 2012926.1 1728042.81 1465343.1 4299030.11 1605587.0 2253961.7
  2 1495692.7 1941943.8 1790490.21 1677642.3 1047587.02 4714719.6 1172442.8
  3 1072282.4 1036955.9 1209841.60  763753.2  963665.96  482675.6 2041509.4
  4  594395.4  487867.9  514885.59  629134.3  338473.13  462730.5  183010.7
  5  344793.2  344483.0  265614.16  335742.6  441485.30  224448.1  188640.8
  6  314896.7  227817.5  211673.44  194094.4  162689.70  235672.9  120728.6
  7  354619.3  126550.9  111112.67  140028.3   76872.23  120571.7  136940.3
  8  438976.0  243823.5  264818.51  235037.4  144914.62  256119.7  237851.1
   year
age       1961      1962       1963       1964       1965       1966       1967
  0 1073247.87  176327.8  414902.98  477490.72  179638.18  354300.25  630204.72
  1  355898.20 2178397.3 1291480.77 2847636.76 3180344.24 1410704.81 1670443.97
  2 1690102.95  312825.2 2966816.35 1578364.91 2083375.56 2568416.19 1289931.92
  3  495488.79  732120.2  199207.05 2255089.00 1210930.95  800987.00 1433170.96
  4 1396947.42  299688.8  190213.04  148049.21 1788342.91  483496.81  368096.35
  5  122761.66  933036.9   97119.75  152435.98  132256.70  888331.27  294931.97
  6  160829.49  100368.1  311202.78   90844.09  128682.06   52328.69  388248.16
  7   65036.24  114898.0   27277.02  259367.17   93882.57   72460.73   54940.17
  8  161813.55  172991.9   96114.94   94883.02  458951.58  311545.29  243068.85
   year
age       1968       1969       1970       1971         1972        1973
  0  727376.86  145815.88  796354.73  705315.15  698995.7912  314833.750
  1 2421989.82 2500746.89 1238981.22 4229946.91 3326063.3984 2333547.034
  2 1631972.56 1975831.74 1987523.60 1115485.17 1494496.6214 1313492.266
  3 1189567.08  352356.95  827694.99  659409.49  365821.2116  608833.433
  4  579719.71  144958.10  119002.53  201470.85  142585.9137  140070.339
  5  154384.26  191990.28   49429.37   26582.28   37179.0236   57011.028
  6  134672.34   53567.62   71239.31   26402.13    7779.5206   24197.389
  7  177282.54   40352.15    8967.66   19653.29     253.2634    3033.796
  8   95779.12   56466.34   24408.82   11380.77    2051.5687    1897.552
   year
age       1974        1975       1976        1977         1980        1981
  0 941660.420  253216.466 245880.273 265746.9981 1419762.2699 8234967.706
  1 882840.651 2200290.599 135726.892 146444.2370  259056.1208  819295.415
  2 789061.860  506662.307 775606.048  59177.6964  130783.6879  279344.202
  3 383156.959  245683.647 114691.363 199865.5161   90066.1789   63227.841
  4 131676.048  129767.543  46793.519  12931.0930   33206.4695   38901.963
  5  54616.974   53188.634  33163.329   7881.3934   21982.2371   25801.812
  6  21855.983   14497.478   6509.774   4373.3299    3548.4636   14003.184
  7   5550.093    8219.297   4178.802   1718.9519    1382.1423   15028.144
  8   2606.934    3942.578   1491.891    790.5113     769.9842    4373.024
   year
age         1982        1983       1984       1985       1986       1987
  0 11998593.589 12312185.24 6911519.01 4470898.71 4150336.61 7391195.11
  1  1147045.427  2395493.93 1872528.10 3182571.26 4749737.92 6738177.19
  2   312668.874   578561.43 1162984.38 1274672.70 1261106.41 2064709.30
  3   211144.920   229739.19  451305.60 1085335.81  841296.98  675291.68
  4    35553.717   106649.18  193822.87  344276.36  485289.06  463703.21
  5    17256.946    25938.92   77257.56  117489.00  135930.64  245929.45
  6     8816.586    19236.60   21603.49   44524.73   61882.95   76787.72
  7     9042.130    13942.68   22581.81   19279.74   24740.58   26035.08
  8     5279.148    16915.40   24202.23   24582.74   21299.74   16362.22
   year
age       1988       1989       1990       1991       1992      1993       1994
  0 3272615.27 2855335.76 1487042.79 2496499.23 9619472.62 9826565.1 4862192.37
  1 7798172.74 3268036.81 2909523.85 2146394.47 2282769.60 3785922.0 1865985.71
  2 2241823.15 1598857.71  969077.63 1082625.86 1284397.12 1177848.5 1734795.33
  3 1094709.95 1314937.90  818067.39  553379.89  460883.23  609991.3  490656.71
  4  390897.24  760704.30  878876.79  563599.97  367618.13  313545.6  322674.71
  5  251676.55  207357.58  387394.95  515349.20  357646.38  213395.0  117547.76
  6  128463.49  118243.34   86655.87  205068.63  360410.88  225437.9  102129.82
  7   37941.47   58747.27   54068.12   45333.43  132124.51  198650.0   92336.98
  8   22982.77   27864.26   39890.76   40106.75   68432.29  121649.6  117735.99
   year
age       1995       1996       1997       1998       1999       2000
  0 6503168.00 2272520.21 491688.173  286759.74 1485259.41 1083167.31
  1 1626108.02 1528198.27 552439.940  888686.67  318730.12 1157878.49
  2 1374499.19  702288.80 741180.897 1176200.63  620139.67  554598.66
  3  770195.76  568581.53 473970.328  552937.36 1019170.89  464027.92
  4  222681.99  200265.65 288456.623  282349.23  300529.14  630709.09
  5  105609.12   65225.12 114359.240  174940.29  142201.45  203577.08
  6   56128.56   26566.33  34710.586   81952.90   79237.11   81299.89
  7   43403.70   10306.60   9670.255   15747.08   22227.82   29451.50
  8   87456.78   27755.80  29519.313   20968.78   17554.58   22849.85
   year
age       2001       2002       2003       2004      2005       2006     2007
  0 1798745.44  757591.80  388947.64  707575.77  939309.2  874843.24 650892.6
  1  605554.59  877296.24  594752.12  221859.59  635711.4  231908.92 236806.8
  2  959914.98  558159.48 1267554.49  464213.57  329094.4  387356.21 232605.7
  3  465329.02 1023153.42  525812.52 1374636.65  488209.6  303276.44 375269.6
  4  282688.26  293314.30  859494.75  518398.74 1322586.7  455476.77 256812.1
  5  331108.04  154260.81  227999.79  756304.99  442280.7 1011859.21 284275.8
  6   94145.81  184277.86  111112.67  150994.70  526391.2  236073.86 548312.1
  7   30696.38   46676.68  111179.36   85416.96   94014.1  271115.44 133425.7
  8   28926.11   45492.37   57895.79  128849.46  161345.0   91335.97 130235.5
   year
age      2008      2009      2010      2011      2012     2013      2014
  0 741477.43 675832.13 610357.42 733585.92 738591.30 512932.7 1313623.6
  1 232257.05 180502.52 269628.40 172732.60 275570.84 401073.5  375569.9
  2 305865.27 283565.95 289728.63 378170.34 441661.93 318061.5  388714.3
  3 180141.87 127388.91 239713.56 280941.01 600969.82 493214.8  379610.1
  4 199785.59 100569.07 135794.77 231052.45 367544.62 562136.5  588539.9
  5 132098.09  97148.89  87351.89 136257.26 290715.38 392738.8  477777.3
  6 109436.53  44533.63  64932.27  67144.35 140392.87 272774.3  271794.1
  7 273484.44  54089.75  35252.79  56999.63  83499.84 142728.6  195028.3
  8  79023.46 141732.96 118717.26 135158.03 240481.87 274361.0  204147.9


TABLE 2.6.3.16 North Sea Herring. CATCH AT AGE RESIDUALS

Units  :  NA 
   year
age        1947       1948       1949        1950       1951       1952
  0          NA         NA         NA          NA         NA         NA
  1          NA -0.6988380         NA          NA  0.4176800  0.1117570
  2  0.47504300 -0.7783280 -0.1069010 -0.12678600  0.0664735  0.1923270
  3 -0.17771200  0.1475790 -0.0905153  0.03218740  0.3798270 -0.4397570
  4 -0.11656100  0.0553268 -0.2697910 -0.00634723  0.7345530 -0.1584650
  5 -0.07176530  0.0407074  0.0903087 -0.46374600  0.5984030  0.0129539
  6  0.10127600 -0.1908880  0.2337950 -0.01486080 -0.1441700  0.2812830
  7  0.00934193 -0.1441290  0.3431650 -0.08566280 -0.0213815  0.2731500
  8  0.02827280 -0.1356330  0.2000990 -0.05950610 -0.3577940  0.2532110
   year
age         1953       1954       1955       1956       1957      1958
  0 -0.215719000  0.2894780  0.0407466 -0.1192870 -0.0268384 -0.390914
  1  0.039819300 -0.0651232  0.1913990 -0.1202450  0.0796002 -0.031261
  2 -0.000133087 -0.0117100 -0.0375476  0.2524000 -0.1340180 -0.118660
  3 -0.086905800  0.2352610 -0.0320127  0.0608398 -0.2452500  0.238360
  4 -0.051650400 -0.0376490 -0.1213110  0.0143017  0.1544850 -0.330656
  5 -0.139410000  0.3043690 -0.1455840 -0.4281340  0.1610120  0.286534
  6 -0.042193300  0.1755460  0.0681285 -0.3267710  0.2412720 -0.379962
  7  0.019023200  0.2493460 -0.1990460 -0.2480950  0.1820540 -0.193841
  8 -0.045705300  0.5692340 -0.4714110  0.3663540  0.2758810 -0.769854
   year
age       1959      1960       1961       1962       1963       1964       1965
  0         NA  0.318443  0.7712150 -1.0017100  0.2989560  0.1832110 -0.6162250
  1  0.0141009  0.395463 -0.3814750 -0.0964529 -0.1521340  0.2826930  0.0599809
  2  0.3008900 -0.172270  0.7385420 -0.9855110 -0.0125434 -0.1310550  0.4135330
  3  0.0728947 -0.247518 -0.2117310  0.5662190 -0.7756510 -0.0352708  0.5944340
  4  0.4735150 -0.650136  0.2738770  0.7399320 -1.2170500  0.0158762  0.8707510
  5  0.2475760 -0.779586  0.0668120  0.9799310 -1.2355500 -0.1509840  0.6139960
  6  0.2061440 -0.251281 -0.0689475  0.8790040 -1.1379900  0.1677460  0.6216970
  7 -0.0179354 -0.317905 -0.2156210  0.8747190 -0.7380690 -0.0445789  0.8443070
  8  0.6052060  0.483510 -0.4502880  0.0024889 -0.1235090 -0.4565560  0.2560130
   year
age        1966       1967        1968        1969       1970       1971
  0  0.25483700  0.1095940  0.65811700 -1.21318000  0.5526230 -0.1411530
  1 -0.13079700  0.0152497  0.00846506  0.00688496 -0.2326750  0.2286960
  2  0.00310453 -0.6383670  0.63145400 -0.31864600  0.0504773  0.1834540
  3 -0.51432900 -0.3246050  1.51105000 -1.14789000  0.4329040  0.0310854
  4 -0.47456900  0.0606910  0.46035800 -0.56563500  0.3363930  0.2206600
  5  0.01067930  0.0641437  0.11523800 -0.04143880  0.1154440  0.0784801
  6 -0.54062900  0.0466327  0.27703600 -0.26570600 -0.5817020  0.5405480
  7 -0.41885500  0.7937630 -0.30549600  0.21177300 -0.4750620  1.1623800
  8  0.23615100  0.1707780  0.36241600 -0.27299200 -0.0322046  0.3515640
   year
age       1972       1973       1974     1975      1976       1977       1980
  0  0.3261960 -0.3870500  0.2583370 0.188363 -0.145835 -0.1574440 -0.5390720
  1  0.0290102  0.0974411 -0.2814470 0.740440 -0.461543 -0.0974674 -0.3667740
  2 -0.2438860  0.1529590 -0.1398300 0.442748  0.996845 -1.8592600  0.1609150
  3 -0.4112740  0.5266460 -0.3766380 0.365238  0.149068 -0.4619650  0.1263270
  4 -0.5815740  0.4625070 -0.2919190 0.526244  0.698998 -1.1932800 -0.2040700
  5 -0.8101690  0.2606940  0.1775740 0.481806  0.261575 -0.7858150 -0.0856392
  6 -1.6567100  0.8796330  0.0753675 0.392930 -0.243654 -0.2418700 -1.6250500
  7 -0.8849030  0.7439880 -0.3911780 0.381474  0.193314 -0.5106200  0.0480968
  8 -1.1735700  0.1970540  0.6492280 0.737481 -0.238247 -0.4557210 -1.6181400
   year
age      1981       1982       1983       1984       1985        1986
  0  0.666379 -0.0159382  0.3537550  0.0410294 -0.2751910 -0.49743600
  1  0.413133 -0.1794720  0.1450160 -0.1943380  0.1452430  0.07182370
  2  0.116590 -0.2871600 -0.0545625 -0.0963994  0.2632690  0.02951780
  3 -0.698840  0.5694930 -0.3962550 -0.1467920  0.5675120 -0.00406445
  4  0.100785 -0.3546670 -0.0966224  0.2574780  0.4507700 -0.27033100
  5  0.658732 -1.1992200  0.0660633  0.3213170  0.3841000 -0.30606900
  6  1.810460 -0.9733400  0.6368990  0.1690090 -0.0785362  0.01311460
  7  0.819268 -0.5538000 -0.3204880  0.4111340  0.1747430 -0.70465300
  8  1.542630 -0.4354890  1.1678200  0.7670310  0.6450520  1.07820000
   year
age        1987        1988       1989        1990        1991       1992
  0  0.49366000 -0.15390500  0.3150930 -0.60792300 -0.20695400  0.3280560
  1  0.09588670  0.05793640 -0.2522620  0.24686300 -0.02338070  0.0588173
  2  0.22878700 -0.02778500 -0.0212971 -0.49498300  0.30047500  0.0025632
  3 -0.07305660 -0.02400750  0.2415840 -0.32305900  0.03988400 -0.2664430
  4  0.04838940 -0.12315000  0.4104550 -0.13613500 -0.17528400 -0.1112520
  5 -0.00333792  0.10764900  0.1401680  0.00196075 -0.18462200  0.0527366
  6 -0.10335600 -0.01050900  0.1691960 -0.29005100  0.00417276  0.1547440
  7 -0.33627000  0.00593856  0.1408390  0.02295620 -0.53523900  0.5351500
  8 -0.03734170  0.13089800  0.0447970  0.07543530 -0.14338600 -0.3396750
   year
age        1993       1994       1995       1996       1997       1998
  0  0.20082100 -0.3570270  0.6178100  0.0774975 -0.6038060 -0.4588820
  1  0.07128310 -0.2935280  0.1561540  0.3308450 -0.9351630  0.6320920
  2 -0.00845248  0.1821770  0.3269030 -0.5936820 -0.4939550  0.2425610
  3 -0.01109280 -0.0210915  0.3886320 -0.5211320 -0.3894780 -0.1826150
  4 -0.17251200  0.4927390  0.2659200 -1.0041100 -0.0816089 -0.1424280
  5  0.06813730 -0.5005220  0.7652350 -0.8250830 -0.3070010  0.0333620
  6  0.00945900 -0.3997680 -0.0675617 -0.6169220 -0.3769370  0.3061540
  7 -0.20664300 -0.7099680 -0.1763550 -0.3996830  0.7561080 -0.1246390
  8  0.21999600 -0.0363097  0.4341760 -1.0198100 -0.7035570 -0.0755934
   year
age       1999       2000       2001       2002       2003       2004
  0  0.2443280  0.0922702  0.0859220 -0.1690400 -0.2412410  0.0519964
  1 -0.3242800  0.0785753  0.0970507 -0.3071650  0.2434930 -0.4707650
  2 -0.0404387  0.7690750 -0.8634410  0.2494740 -0.2426310 -0.2367250
  3  0.2524430 -0.0122871  0.2831570 -0.3492830  0.0448841 -0.0407120
  4 -0.1437800  0.1668600 -0.0898177 -0.0250195 -0.1871230  0.3120420
  5 -0.3124800  0.3141880 -0.1900520 -0.6097440  0.4708240 -0.0268692
  6 -0.5022950  0.0542386 -0.1305600 -0.2029790 -0.1152760  0.4292050
  7  0.8650800  0.7216340  0.8247350  0.1749790  0.3874700  0.7717370
  8 -1.3551200 -1.0893600 -1.2718400 -0.1833350 -0.8043080 -1.0585100
   year
age       2005       2006      2007       2008       2009       2010      2011
  0  0.3586540  0.0199022 -0.215986  0.3395820 -0.1787030 -0.2752470  0.275873
  1  0.7836060 -0.2858040 -0.035460  0.0783117 -0.1699460  0.2671810 -0.527717
  2  0.5104000  0.2307560 -0.395749  0.5388200 -0.5895710  0.0945681 -0.184132
  3 -0.0335062  0.1578280  0.706001  0.1678320 -1.1717100 -0.0806894 -0.141427
  4 -0.0196467  0.1317040  0.707537 -0.0238020 -0.4958250 -0.4833850 -0.363745
  5  0.5415250 -0.0928150  0.562346  0.2667150 -0.7973750 -0.2680030 -0.305269
  6  0.3385630  0.2468050  0.515465  0.2935720 -0.5994690 -0.2010860 -0.242462
  7  0.7621200 -0.3484310  0.384071 -0.8924410 -0.0670073 -0.2131050 -0.338182
  8 -0.3537190  0.5725220  0.694670  1.4789200  0.0368426 -0.1627750 -0.270772
   year
age      2012       2013       2014
  0  0.210746 -0.4850220  0.2554420
  1  0.221036  0.1944780 -0.0885218
  2  0.201190  0.1411520 -0.0981634
  3  0.754940 -0.1084660  0.1127260
  4  0.630822  0.1068550  0.3080120
  5  0.344743  0.4882010  0.1347800
  6  0.311776  0.6818880  0.1719350
  7  0.839496  0.0677736 -0.0639507
  8 -0.590330  0.5014860  0.1854280



TABLE 2.6.3.18 North Sea Herring. PREDICTED INDEX AT AGE SCAI

Units  :  NA 
     year
age       1972     1973    1974     1975     1976     1977     1978     1979
  all 4251.385 3667.883 2464.44 1430.873 2010.744 1510.279 1876.718 2306.716
     year
age       1980     1981     1982     1983    1984     1985     1986     1987
  all 2560.224 3755.437 5226.411 7842.477 12524.1 13303.07 13683.14 15907.09
     year
age       1988     1989     1990     1991     1992    1993     1994     1995
  all 20385.31 21231.26 21677.71 18737.27 14288.78 10127.4 10962.33 11559.24
     year
age       1996    1997     1998     1999     2000     2001     2002     2003
  all 13238.04 15189.5 18405.78 19334.18 19210.84 26162.96 30082.53 30791.69
     year
age       2004     2005     2006     2007     2008     2009    2010     2011
  all 30390.95 28827.93 22552.47 18176.78 18910.26 23181.27 23925.5 29117.66
     year
age       2012     2013     2014
  all 31407.44 27728.06 26943.57


TABLE 2.6.3.19 North Sea Herring. INDEX AT AGE RESIDUALS SCAI

Units  :  NA 
     year
age        1972     1973     1974       1975     1976     1977     1978
  all -0.580801 -0.27965 -0.26326 -0.0834256 -1.14442 0.180576 0.297568
     year
age       1979     1980    1981       1982       1983       1984     1985
  all 0.763304 0.722063 0.11832 -0.0936157 -0.0315467 -0.0806098 0.297803
     year
age       1986     1987     1988      1989      1990     1991     1992     1993
  all 0.145012 0.337483 0.559167 0.0668559 -0.152092 -0.69266 -1.51325 -1.61891
     year
age       1994     1995     1996     1997      1998      1999      2000
  all -2.10431 -1.70446 -1.47932 -1.01043 -0.790207 -0.712702 -0.378327
     year
age        2001      2002     2003    2004     2005     2006    2007   2008
  all -0.456379 -0.341855 0.179327 0.42743 0.236751 0.626956 1.21985 1.5863
     year
age      2009    2010    2011    2012    2013    2014
  all 1.62858 1.58233 1.25235 1.45182 1.85709 1.86087


TABLE 2.6.3.20 North Sea Herring. PREDICTED INDEX AT AGE IBTS-Q1

Units  :  NA 
   year
age     1984     1985     1986     1987     1988     1989     1990     1991
  1 1978.353 2182.595 3222.459 3955.372 3515.651 1882.338 1558.174 1504.265
   year
age     1992     1993     1994    1995     1996     1997     1998     1999
  1 1427.771 2330.504 1915.895 1624.02 2079.806 2476.942 1663.868 1218.749
   year
age     2000     2001     2002     2003     2004     2005     2006     2007
  1 4120.089 2340.781 4854.105 2205.192 1041.847 1308.753 1066.737 1311.006
   year
age     2008     2009     2010     2011     2012     2013     2014     2015
  1 1444.387 1443.896 1885.126 1925.036 1463.623 1724.979 1999.415 3558.306


TABLE 2.6.3.21 North Sea Herring. INDEX AT AGE RESIDUALS IBTS-Q1

Units  :  NA 
   year
age      1984      1985     1986    1987     1988     1989     1990      1991
  1 -0.896242 -0.134136 -0.64169 -0.2309 0.750305 0.719944 -1.29092 -0.525371
   year
age      1992     1993      1994      1995      1996    1997    1998     1999
  1 -0.398816 0.610175 -0.300701 -0.632216 -0.320341 1.93505 1.05358 -1.62033
   year
age      2000     2001      2002    2003      2004      2005      2006
  1 -0.342364 0.220547 -0.752213 1.00115 -0.370462 -0.884181 -0.565167
   year
age      2007     2008    2009     2010    2011     2012     2013    2014
  1 0.0289571 0.679207 1.62236 -1.50162 1.42859 -0.22215 -0.11759 0.90289
   year
age    2015
  1 1.25857


TABLE 2.6.3.22 North Sea Herring. PREDICTED INDEX AT AGE HERAS

Units  :  NA 
   year
age       1989      1990      1991      1992      1993      1994      1995
  1         NA        NA        NA        NA        NA        NA        NA
  2 4781668.01 2948184.2 2402931.5 2665227.6 2243841.7 3432502.0 3758761.2
  3 4609361.95 3204927.4 1872902.6 1381250.8 1403107.5 1097889.2 1885116.2
  4 1976424.57 2817611.2 1823740.2 1043405.0  693703.6  545632.0  554654.1
  5  572289.35 1237990.4 1778178.4 1115262.1  618653.1  353769.2  269817.2
  6  326896.86  324032.8  686526.4  979992.3  578966.6  298074.9  175711.7
  7  155889.08  178438.6  190384.3  383042.0  471559.2  278423.9  150166.5
  8   73939.32  131636.6  168417.3  198392.0  288745.2  355009.6  302579.7
   year
age       1996        1997      1998      1999       2000       2001       2002
  1         NA 11338334.77 7437906.6 5539418.0 18537383.9 10502249.2 21895681.9
  2 3488212.55  4402574.32 6370573.2 3497293.7  3355126.4  9970088.3  5376241.1
  3 2355114.73  2356999.57 2632382.8 4680427.5  2312870.6  2534229.0  7223860.0
  4  924769.69  1322057.77 1268822.7 1375186.6  2768732.0  1323115.8  1386925.5
  5  309867.48   592081.75  814312.9  682829.2   898336.5  1692640.0   816841.2
  6  121151.85   189851.98  343519.8  408889.4   400232.1   476346.1   968980.7
  7   95673.82    68350.22  119790.5  188339.2   240891.0   229165.6   265667.3
  8  257660.99   208647.19  159516.1  148746.7   186894.6   215949.5   258926.6
   year
age       2003      2004      2005      2006      2007      2008      2009
  1  9869897.2 4689328.7 5782808.4 4832623.3 5989389.2 6659134.0 6738851.0
  2 13758948.9 4613050.9 2589045.9 3367900.1 2561490.8 3263464.8 4357896.3
  3  3719500.7 9961119.3 3439030.0 1976226.9 2399089.9 1852228.4 2400529.7
  4  4192467.4 2259377.7 6039912.0 2009105.2 1200801.7 1497189.1 1162403.0
  5   802349.8 2559954.4 1359734.5 3942399.1 1203566.8  867265.1 1092741.2
  6   490558.6  385771.3 1238238.1  682283.1 2225962.6  774521.0  609564.5
  7   551005.5  278062.2  164209.8  536971.3  335105.3 1460369.4  541880.1
  8   286931.8  419450.2  281813.3  180918.2  327060.4  421974.4 1419904.3
   year
age      2010      2011      2012      2013      2014
  1 8882556.8 8939587.5 6771952.4 7989190.5 9338909.1
  2 4111506.2 5245599.0 5157693.3 3597321.1 4747363.6
  3 3606686.3 3162584.1 4472687.4 3875169.6 2798236.6
  4 1704018.8 2258022.5 2198531.1 2851056.0 2605669.0
  5  941472.1 1139727.8 1561098.0 1625782.8 1831416.0
  6  835512.0  602413.9  703835.5  957231.0  975885.0
  7  459273.0  557044.3  351090.7  393053.1  526549.2
  8 1546647.1 1320736.4 1011151.2  755549.1  551225.9


TABLE 2.6.3.23 North Sea Herring. INDEX AT AGE RESIDUALS HERAS

Units  :  NA 
   year
age      1989     1990      1991       1992      1993       1994      1995
  1        NA       NA        NA         NA        NA         NA        NA
  2 -0.782001 0.573549  0.459816  1.6879300 1.4269500 -0.3748510  0.118707
  3 -0.832755 0.470866 -0.484780 -0.0119102 0.7716770 -1.3463000  0.397473
  4 -0.955460 0.961037  0.358228  0.4739670 1.3142400 -1.5669300  0.960808
  5 -0.756820 0.492513  0.195644  0.0834492 0.9035230  0.3711030  0.514225
  6 -0.544404 0.718687 -0.241276  0.9065000 1.1103300  0.2795660  0.545002
  7 -0.987515 0.614900  0.680665  0.1159780 0.5877090  0.5953260 -0.318806
  8 -0.428557 1.096200 -0.565230  0.3557530 0.0936007 -0.0538148 -1.342710
   year
age       1996       1997      1998       1999      2000       2001       2002
  1         NA -0.5426300 -1.455240 -0.2412730  0.816755 -1.2152900  0.1461880
  2  1.2714500  1.5160900 -0.515885 -0.6391800 -0.689950  1.0469500 -0.4899270
  3  0.9090590  1.0976000 -0.218608  0.0472307 -0.351733  0.9812180  0.6468440
  4  0.8091450  0.4311160  1.238350 -1.0455300  0.629697  0.4996660  0.0108428
  5  0.0181959  0.0749325  0.937198 -1.5002800  0.571653 -0.0496387 -0.1380740
  6 -0.7622930  0.4696840  0.976981 -0.9965850  0.709478 -0.2148800  0.2341360
  7 -0.5364790 -1.4946300  1.321250 -1.1467400  0.374373 -1.1273500 -0.3148910
  8  1.0356700  0.4810350  0.150455 -0.2020500  0.563781 -1.2034600  0.1649930
   year
age        2003       2004      2005       2006      2007       2008       2009
  1 -0.01167610  0.2838780 -1.752430  0.9764000  0.125645 -1.6533700 -1.0476200
  2  1.60244000 -1.5037500 -1.155890  0.5674210  0.355373 -0.6726490  1.2836500
  3 -0.94262600 -0.4021270  0.296132  0.0529096 -1.306250 -0.4027930  0.3082150
  4 -0.00420567 -0.2085100 -0.211844  0.2156200 -1.454600 -0.0407809 -0.6395150
  5 -0.86420300  0.0599659 -0.571873  0.2871650 -2.007290 -0.3483620 -0.0726496
  6  0.03236490 -0.7399700 -0.198070 -0.3724430 -1.963900 -0.3177750  0.3794690
  7  0.11681900  0.6188350 -0.604640  0.1724390 -1.212940  0.6807910  0.6165030
  8  0.44937700  0.8662300 -0.714545 -0.5908300 -1.548410  0.2845410  0.7238210
   year
age     2010      2011      2012       2013       2014
  1 1.402460  0.350838  0.265328 -0.6334110  0.6222660
  2 0.150443 -1.153390 -0.444931 -1.4680600  0.1768210
  3 0.781355 -1.109220 -0.476199 -1.2300600  0.0509823
  4 1.823570 -0.192255 -1.176740  0.0763844  0.6023970
  5 1.402590 -0.575348 -1.279210 -0.2518000 -0.1118830
  6 1.760490  0.292900 -0.646665 -0.4529940  0.8919630
  7 1.525530  0.797149 -1.327370  0.6262400  0.9036130
  8 2.143390  1.033980 -1.409760  0.4087870 -0.6746230


TABLE 2.6.3.24 North Sea Herring. PREDICTED INDEX AT AGE IBTS0

Units  :  NA 
   year
age     1992     1993     1994    1995     1996     1997     1998     1999
  0 136.9629 117.8108 85.02965 110.899 107.4945 73.38356 53.95174 175.5897
   year
age     2000    2001     2002     2003     2004   2005     2006     2007
  0 115.8296 209.755 106.2442 51.10028 60.98879 56.075 65.96604 64.78344
   year
age    2008     2009     2010     2011     2012     2013     2014     2015
  0 66.5937 89.14551 88.63528 74.94766 83.51531 88.59541 158.8833 39.64164


TABLE 2.6.3.25 North Sea Herring. INDEX AT AGE RESIDUALS IBTS0

Units  :  NA 
   year
age     1992    1993     1994     1995       1996    1997       1998     1999
  0 0.949792 1.18935 0.445001 0.336977 -0.0231107 1.74544 -0.0395578 0.817834
   year
age    2000      2001    2002     2003      2004     2005     2006     2007
  0 0.41906 0.0590854 1.04554 0.155553 -0.631818 0.221443 0.573969 -1.37893
   year
age     2008     2009      2010      2011      2012     2013      2014     2015
  0 -2.17146 0.178952 -0.346579 0.0671433 -0.510875 -1.40217 0.0863657 -1.59119



TABLE 2.6.3.27 North Sea Herring. FIT PARAMETERS

           name      value  std.dev
1       logFpar  -8.879700 0.071320
2       logFpar -12.855000 0.104200
3       logFpar  -0.144080 0.063563
4       logFpar   0.027036 0.061960
5       logFpar   0.135350 0.083452
6  logSdLogFsta  -0.534780 0.095779
7  logSdLogFsta  -1.122900 0.127180
8  logSdLogFsta  -1.146200 0.120170
9  logSdLogFsta  -0.654660 0.105890
10    logSdLogN  -0.523500 0.115090
11    logSdLogN  -1.943500 0.146170
12  logSdLogObs  -1.213100 0.158880
13  logSdLogObs  -0.910560 0.197810
14  logSdLogObs  -1.525500 0.572100
15  logSdLogObs  -1.891000 0.296120
16  logSdLogObs  -1.321200 0.176870
17  logSdLogObs  -1.040800 0.192320
18  logSdLogObs  -1.610600 0.105520
19  logSdLogObs  -1.328300 0.119830
20  logScaleSSB  -4.411400 0.079690
21     logSdSSB  -0.844380 0.113660


TABLE 2.6.3.28 North Sea Herring. NEGATIVE LOG-LIKELIHOOD

643.509


