TABLE 3.6.1 North Sea Herring HERRING. CATCH IN NUMBER

Units  :  thousands 
   year
age    1960    1961    1962    1963    1964    1965    1966    1967    1968
  0  194600 1269200  141800  442800  496900  157100  374500  645400  839300
  1 2392700  336000 2146900 1262200 2971700 3209300 1383100 1674300 2425000
  2 1142300 1889400  269600 2961200 1547500 2217600 2569700 1171500 1795200
  3 1966700  479900  797400  177200 2243100 1324600  741200 1364700 1494300
  4  165900 1455900  335100  158300  148400 2039400  450100  371500  621400
  5  167700  124000 1081800   80600  149000  145100  889800  297800  157100
  6  112900  157900  126900  229700   95000  151900   45300  393100  145000
  7  125800   61400  145100   22400  256300  117600   64800   67900  163400
  8  128600   56000   86300   42000   26300  413000   95500   81600   13700
  9  142000   87500   86800   51000   57700   78400  236300  172800   91800
   year
age    1969    1970    1971    1972    1973   1974    1975   1976   1977   1978
  0  112000  898100  684000  750400  289400 996100  263800 238200 256800 130000
  1 2503300 1196200 4378500 3340600 2368000 846100 2460500 126600 144300 168600
  2 1883000 2002800 1146800 1440500 1344200 772600  541700 901500  44700   4900
  3  296300  883600  662500  343800  659200 362000  259600 117300 186400   5700
  4  133100  125200  208300  130600  150200 126000  140500  52000  10800   5000
  5  190800   50300   26900   32900   59300  56100   57200  34500   7000    300
  6   49900   61000   30500    5000   30600  22300   16100   6100   4100    200
  7   42700    7900   26800     200    3700   5000    9100   4400   1500    200
  8   27400   12000     100    1100    1400   2000    3400   1000    700    200
  9   25100   12200   12400     400     600   1100    1400    400      0    300
   year
age   1979    1980    1981     1982     1983    1984    1985    1986    1987
  0 542000 1262700 9519700 11956700 13296900 6973300 4211000 3724700 8229200
  1 159200  245100  872000  1116400  2448600 1818400 3253000 4801400 6836300
  2  34100  134000  284300   299400   573800 1146200 1326300 1266700 2137200
  3  10000   91800   56900   230100   216400  441400 1182400  840800  667900
  4  10100   32200   39500    33700   105100  201500  368500  465900  467100
  5   2100   21700   28500    14400    26200   81100  124500  129800  245800
  6    200    2300   22700     6800    22800   22600   43600   62100   74700
  7    800    1400   18700     7800    12800   25200   20200   20500   23800
  8    600     400    5500     3600    11000   11100   13100   13600    8000
  9    100     100    1100     1100    12100   18600   16100   14800    8200
   year
age    1988    1989    1990    1991     1992     1993    1994    1995    1996
  0 3164800 3057800 1302800 2386600 10331300 10265400 4498900 7438469 2311226
  1 7867000 3145900 3020000 2138900  2303100  3826800 1785200 1664874 1606393
  2 2232500 1593700  899300 1132800  1284900  1176300 1783200 1444061  642084
  3 1090700 1363800  779100  556700   442700   609000  489100  816703  525601
  4  383700  809300  861000  548900   361500   305500  347600  231794  172099
  5  255800  211800  387500  501200   360500   215600  109000  118536   57586
  6  128100  123700   80200  205300   375600   226000   91800   55128   22534
  7   38000   61000   54400   39300   152400   188000   76400   41409    9264
  8   15300   19500   28800   25600    39200    87300   70000   68955   17195
  9    8500    8700   11900   13000    23300    41700   46600   29245    3948
   year
age   1997    1998    1999    2000    2001   2002    2003    2004    2005
  0 431175  259526 1566349 1105085 1832691 730279  369074  715597 1015554
  1 479702  977680  303520 1171677  614469 837557  617021  206648  715547
  2 687920 1220105  616354  622853  842635 579592 1221992  447918  355453
  3 446909  537932 1058716  463170  485628 970577  529386 1366155  485746
  4 284920  276333  294066  646814  278884 292205  835552  543376 1318647
  5 109178  175817  135648  213466  321743 140701  244780  753231  479961
  6  31389   88927   69299   82481   90918 174570  107751  169324  576154
  7  11832   15232   27998   35706   38252  48908  123291  104945  115212
  8  18770   16766   10174   14624   17910  34620   37671   65341   88311
  9   5697    3784    2054    2463    2692   8702    9044   31801   58497
   year
age   2006   2007   2008   2009   2010
  0 878637 621005 798284 650043 574895
  1 222111 235553 235022 175923 280728
  2 401087 219115 331772 259434 293887
  3 310602 417452 184771 106738 236804
  4 464620 285746 199069  93321 126241
  5 997782 309454 137529  86137  83893
  6 252150 629187 118349  37951  61542
  7 247042 147830 215542  53130  33305
  8  63035 133388  74339 110394  59142
  9  43377  23362  42919  32737  54533


TABLE 3.6.2 North Sea Herring HERRING. WEIGHTS AT AGE IN THE CATCH

Units  :  kg 
   year
age  1960  1961  1962  1963  1964  1965  1966  1967  1968  1969  1970  1971
  0 0.015 0.015 0.015 0.015 0.015 0.015 0.015 0.015 0.015 0.015 0.015 0.015
  1 0.050 0.050 0.050 0.050 0.050 0.050 0.050 0.050 0.050 0.050 0.050 0.050
  2 0.126 0.126 0.126 0.126 0.126 0.126 0.126 0.126 0.126 0.126 0.126 0.126
  3 0.176 0.176 0.176 0.176 0.176 0.176 0.176 0.176 0.176 0.176 0.176 0.176
  4 0.211 0.211 0.211 0.211 0.211 0.211 0.211 0.211 0.211 0.211 0.211 0.211
  5 0.243 0.243 0.243 0.243 0.243 0.243 0.243 0.243 0.243 0.243 0.243 0.243
  6 0.251 0.251 0.251 0.251 0.251 0.251 0.251 0.251 0.251 0.251 0.251 0.251
  7 0.267 0.267 0.267 0.267 0.267 0.267 0.267 0.267 0.267 0.267 0.267 0.267
  8 0.271 0.271 0.271 0.271 0.271 0.271 0.271 0.271 0.271 0.271 0.271 0.271
  9 0.271 0.271 0.271 0.271 0.271 0.271 0.271 0.271 0.271 0.271 0.271 0.271
   year
age  1972  1973  1974  1975  1976  1977  1978  1979  1980  1981  1982  1983
  0 0.015 0.015 0.015 0.015 0.015 0.015 0.015 0.015 0.015 0.007 0.010 0.010
  1 0.050 0.050 0.050 0.050 0.050 0.050 0.050 0.050 0.050 0.049 0.059 0.059
  2 0.126 0.126 0.126 0.126 0.126 0.126 0.126 0.126 0.126 0.118 0.118 0.118
  3 0.176 0.176 0.176 0.176 0.176 0.176 0.176 0.176 0.176 0.142 0.149 0.149
  4 0.211 0.211 0.211 0.211 0.211 0.211 0.211 0.211 0.211 0.189 0.179 0.179
  5 0.243 0.243 0.243 0.243 0.243 0.243 0.243 0.243 0.243 0.211 0.217 0.217
  6 0.251 0.251 0.251 0.251 0.251 0.251 0.251 0.251 0.251 0.222 0.238 0.238
  7 0.267 0.267 0.267 0.267 0.267 0.267 0.267 0.267 0.267 0.267 0.265 0.265
  8 0.271 0.271 0.271 0.271 0.271 0.271 0.271 0.271 0.271 0.271 0.274 0.274
  9 0.271 0.271 0.271 0.271 0.271 0.000 0.271 0.271 0.271 0.271 0.275 0.275
   year
age  1984  1985  1986  1987  1988  1989  1990  1991  1992  1993  1994  1995
  0 0.010 0.009 0.006 0.011 0.011 0.017 0.019 0.017 0.010 0.010 0.006 0.009
  1 0.059 0.036 0.067 0.035 0.055 0.043 0.055 0.058 0.053 0.033 0.056 0.042
  2 0.118 0.128 0.121 0.099 0.111 0.115 0.114 0.130 0.102 0.115 0.130 0.130
  3 0.149 0.164 0.153 0.150 0.145 0.153 0.149 0.166 0.175 0.145 0.159 0.169
  4 0.179 0.194 0.182 0.180 0.174 0.173 0.177 0.184 0.189 0.189 0.181 0.198
  5 0.217 0.211 0.208 0.211 0.197 0.208 0.193 0.203 0.207 0.204 0.214 0.207
  6 0.238 0.220 0.221 0.234 0.216 0.231 0.229 0.217 0.223 0.228 0.240 0.243
  7 0.265 0.258 0.238 0.258 0.237 0.247 0.236 0.235 0.237 0.244 0.255 0.247
  8 0.274 0.270 0.252 0.277 0.253 0.265 0.250 0.259 0.249 0.256 0.273 0.283
  9 0.275 0.292 0.262 0.299 0.263 0.259 0.287 0.271 0.287 0.310 0.281 0.276
   year
age  1996  1997  1998  1999  2000  2001  2002  2003  2004  2005  2006   2007
  0 0.015 0.015 0.021 0.009 0.015 0.012 0.012 0.014 0.014 0.011 0.010 0.0124
  1 0.018 0.044 0.051 0.045 0.033 0.048 0.037 0.037 0.036 0.044 0.049 0.0638
  2 0.112 0.108 0.114 0.115 0.113 0.118 0.118 0.104 0.100 0.099 0.117 0.1214
  3 0.156 0.148 0.145 0.151 0.157 0.149 0.153 0.158 0.138 0.153 0.144 0.1513
  4 0.188 0.195 0.183 0.171 0.179 0.177 0.170 0.174 0.183 0.166 0.172 0.1634
  5 0.204 0.227 0.219 0.207 0.201 0.198 0.199 0.184 0.201 0.208 0.181 0.1933
  6 0.212 0.226 0.238 0.233 0.216 0.213 0.214 0.205 0.216 0.223 0.220 0.1900
  7 0.261 0.235 0.247 0.245 0.246 0.238 0.228 0.222 0.228 0.240 0.237 0.2232
  8 0.280 0.244 0.289 0.261 0.275 0.267 0.250 0.232 0.246 0.257 0.235 0.2349
  9 0.288 0.291 0.283 0.301 0.262 0.288 0.252 0.256 0.272 0.278 0.262 0.2523
   year
age   2008   2009   2010
  0 0.0079 0.0094 0.0075
  1 0.0535 0.0514 0.0571
  2 0.1288 0.1440 0.1292
  3 0.1796 0.1811 0.1669
  4 0.1812 0.2158 0.1912
  5 0.1832 0.2162 0.2203
  6 0.2157 0.2390 0.2193
  7 0.2161 0.2428 0.2160
  8 0.2560 0.2476 0.2334
  9 0.2726 0.2724 0.2438


TABLE 3.6.3 North Sea Herring HERRING. WEIGHTS AT AGE IN THE STOCK

Units  :  kg 
   year
age  1960  1961  1962  1963  1964  1965  1966  1967  1968  1969  1970  1971
  0 0.015 0.015 0.015 0.015 0.015 0.015 0.015 0.015 0.015 0.015 0.015 0.015
  1 0.050 0.050 0.050 0.050 0.050 0.050 0.050 0.050 0.050 0.050 0.050 0.050
  2 0.155 0.155 0.155 0.155 0.155 0.155 0.155 0.155 0.155 0.155 0.155 0.155
  3 0.187 0.187 0.187 0.187 0.187 0.187 0.187 0.187 0.187 0.187 0.187 0.187
  4 0.223 0.223 0.223 0.223 0.223 0.223 0.223 0.223 0.223 0.223 0.223 0.223
  5 0.239 0.239 0.239 0.239 0.239 0.239 0.239 0.239 0.239 0.239 0.239 0.239
  6 0.276 0.276 0.276 0.276 0.276 0.276 0.276 0.276 0.276 0.276 0.276 0.276
  7 0.299 0.299 0.299 0.299 0.299 0.299 0.299 0.299 0.299 0.299 0.299 0.299
  8 0.306 0.306 0.306 0.306 0.306 0.306 0.306 0.306 0.306 0.306 0.306 0.306
  9 0.312 0.312 0.312 0.312 0.312 0.312 0.312 0.312 0.312 0.312 0.312 0.312
   year
age  1972  1973  1974  1975  1976  1977  1978  1979  1980  1981  1982  1983
  0 0.015 0.015 0.015 0.015 0.015 0.015 0.015 0.015 0.015 0.015 0.015 0.017
  1 0.050 0.050 0.050 0.050 0.050 0.050 0.050 0.050 0.050 0.050 0.050 0.057
  2 0.155 0.155 0.155 0.155 0.155 0.155 0.155 0.155 0.155 0.155 0.155 0.150
  3 0.187 0.187 0.187 0.187 0.187 0.187 0.187 0.187 0.187 0.187 0.187 0.190
  4 0.223 0.223 0.223 0.223 0.223 0.223 0.223 0.223 0.223 0.223 0.223 0.230
  5 0.239 0.239 0.239 0.239 0.239 0.239 0.239 0.239 0.239 0.239 0.239 0.243
  6 0.276 0.276 0.276 0.276 0.276 0.276 0.276 0.276 0.276 0.276 0.276 0.282
  7 0.299 0.299 0.299 0.299 0.299 0.299 0.299 0.299 0.299 0.299 0.299 0.311
  8 0.306 0.306 0.306 0.306 0.306 0.306 0.306 0.306 0.306 0.306 0.306 0.338
  9 0.312 0.312 0.312 0.312 0.312 0.312 0.312 0.312 0.312 0.312 0.312 0.347
   year
age  1984  1985  1986  1987  1988  1989  1990  1991  1992  1993  1994  1995
  0 0.016 0.014 0.009 0.008 0.009 0.012 0.011 0.010 0.006 0.007 0.006 0.006
  1 0.056 0.061 0.050 0.048 0.044 0.052 0.059 0.064 0.061 0.060 0.057 0.054
  2 0.138 0.130 0.122 0.123 0.122 0.126 0.139 0.137 0.134 0.126 0.129 0.130
  3 0.187 0.183 0.170 0.166 0.165 0.174 0.184 0.194 0.184 0.192 0.186 0.199
  4 0.232 0.232 0.212 0.208 0.205 0.212 0.212 0.214 0.213 0.214 0.211 0.227
  5 0.247 0.252 0.230 0.229 0.228 0.244 0.239 0.234 0.234 0.240 0.224 0.234
  6 0.275 0.273 0.242 0.248 0.252 0.271 0.265 0.253 0.262 0.275 0.268 0.274
  7 0.321 0.315 0.275 0.259 0.261 0.284 0.280 0.272 0.273 0.291 0.293 0.301
  8 0.341 0.331 0.268 0.263 0.277 0.298 0.300 0.291 0.302 0.309 0.318 0.323
  9 0.365 0.392 0.343 0.325 0.315 0.331 0.328 0.312 0.320 0.337 0.345 0.343
   year
age  1996  1997  1998  1999  2000  2001  2002  2003  2004  2005  2006  2007
  0 0.005 0.006 0.006 0.006 0.006 0.006 0.007 0.007 0.006 0.007 0.006 0.008
  1 0.049 0.047 0.051 0.051 0.051 0.047 0.047 0.042 0.041 0.041 0.051 0.055
  2 0.123 0.116 0.116 0.116 0.122 0.128 0.123 0.119 0.118 0.126 0.128 0.125
  3 0.183 0.187 0.179 0.184 0.172 0.172 0.173 0.165 0.164 0.155 0.161 0.156
  4 0.230 0.241 0.226 0.221 0.210 0.205 0.202 0.203 0.198 0.191 0.180 0.180
  5 0.237 0.264 0.256 0.248 0.233 0.228 0.222 0.223 0.225 0.216 0.207 0.196
  6 0.257 0.284 0.273 0.279 0.255 0.248 0.242 0.248 0.248 0.242 0.224 0.212
  7 0.280 0.287 0.276 0.286 0.275 0.270 0.266 0.268 0.265 0.252 0.238 0.230
  8 0.303 0.301 0.270 0.281 0.274 0.289 0.285 0.283 0.281 0.266 0.255 0.245
  9 0.334 0.342 0.318 0.303 0.280 0.275 0.283 0.275 0.291 0.277 0.264 0.249
   year
age  2008  2009  2010
  0 0.008 0.007 0.007
  1 0.058 0.061 0.052
  2 0.130 0.137 0.142
  3 0.164 0.181 0.190
  4 0.181 0.197 0.216
  5 0.195 0.210 0.224
  6 0.218 0.223 0.234
  7 0.226 0.234 0.240
  8 0.253 0.255 0.256
  9 0.260 0.259 0.265


TABLE 3.6.4 North Sea Herring HERRING. NATURAL MORTALITY

Units  :  NA 
   year
age 1960 1961 1962 1963 1964 1965 1966 1967 1968 1969 1970 1971 1972 1973 1974
  0  1.0  1.0  1.0  1.0  1.0  1.0  1.0  1.0  1.0  1.0  1.0  1.0  1.0  1.0  1.0
  1  1.0  1.0  1.0  1.0  1.0  1.0  1.0  1.0  1.0  1.0  1.0  1.0  1.0  1.0  1.0
  2  0.3  0.3  0.3  0.3  0.3  0.3  0.3  0.3  0.3  0.3  0.3  0.3  0.3  0.3  0.3
  3  0.2  0.2  0.2  0.2  0.2  0.2  0.2  0.2  0.2  0.2  0.2  0.2  0.2  0.2  0.2
  4  0.1  0.1  0.1  0.1  0.1  0.1  0.1  0.1  0.1  0.1  0.1  0.1  0.1  0.1  0.1
  5  0.1  0.1  0.1  0.1  0.1  0.1  0.1  0.1  0.1  0.1  0.1  0.1  0.1  0.1  0.1
  6  0.1  0.1  0.1  0.1  0.1  0.1  0.1  0.1  0.1  0.1  0.1  0.1  0.1  0.1  0.1
  7  0.1  0.1  0.1  0.1  0.1  0.1  0.1  0.1  0.1  0.1  0.1  0.1  0.1  0.1  0.1
  8  0.1  0.1  0.1  0.1  0.1  0.1  0.1  0.1  0.1  0.1  0.1  0.1  0.1  0.1  0.1
  9  0.1  0.1  0.1  0.1  0.1  0.1  0.1  0.1  0.1  0.1  0.1  0.1  0.1  0.1  0.1
   year
age 1975 1976 1977 1978 1979 1980 1981 1982 1983 1984 1985 1986 1987 1988 1989
  0  1.0  1.0  1.0  1.0  1.0  1.0  1.0  1.0  1.0  1.0  1.0  1.0  1.0  1.0  1.0
  1  1.0  1.0  1.0  1.0  1.0  1.0  1.0  1.0  1.0  1.0  1.0  1.0  1.0  1.0  1.0
  2  0.3  0.3  0.3  0.3  0.3  0.3  0.3  0.3  0.3  0.3  0.3  0.3  0.3  0.3  0.3
  3  0.2  0.2  0.2  0.2  0.2  0.2  0.2  0.2  0.2  0.2  0.2  0.2  0.2  0.2  0.2
  4  0.1  0.1  0.1  0.1  0.1  0.1  0.1  0.1  0.1  0.1  0.1  0.1  0.1  0.1  0.1
  5  0.1  0.1  0.1  0.1  0.1  0.1  0.1  0.1  0.1  0.1  0.1  0.1  0.1  0.1  0.1
  6  0.1  0.1  0.1  0.1  0.1  0.1  0.1  0.1  0.1  0.1  0.1  0.1  0.1  0.1  0.1
  7  0.1  0.1  0.1  0.1  0.1  0.1  0.1  0.1  0.1  0.1  0.1  0.1  0.1  0.1  0.1
  8  0.1  0.1  0.1  0.1  0.1  0.1  0.1  0.1  0.1  0.1  0.1  0.1  0.1  0.1  0.1
  9  0.1  0.1  0.1  0.1  0.1  0.1  0.1  0.1  0.1  0.1  0.1  0.1  0.1  0.1  0.1
   year
age 1990 1991 1992 1993 1994 1995 1996 1997 1998 1999 2000 2001 2002 2003 2004
  0  1.0  1.0  1.0  1.0  1.0  1.0  1.0  1.0  1.0  1.0  1.0  1.0  1.0  1.0  1.0
  1  1.0  1.0  1.0  1.0  1.0  1.0  1.0  1.0  1.0  1.0  1.0  1.0  1.0  1.0  1.0
  2  0.3  0.3  0.3  0.3  0.3  0.3  0.3  0.3  0.3  0.3  0.3  0.3  0.3  0.3  0.3
  3  0.2  0.2  0.2  0.2  0.2  0.2  0.2  0.2  0.2  0.2  0.2  0.2  0.2  0.2  0.2
  4  0.1  0.1  0.1  0.1  0.1  0.1  0.1  0.1  0.1  0.1  0.1  0.1  0.1  0.1  0.1
  5  0.1  0.1  0.1  0.1  0.1  0.1  0.1  0.1  0.1  0.1  0.1  0.1  0.1  0.1  0.1
  6  0.1  0.1  0.1  0.1  0.1  0.1  0.1  0.1  0.1  0.1  0.1  0.1  0.1  0.1  0.1
  7  0.1  0.1  0.1  0.1  0.1  0.1  0.1  0.1  0.1  0.1  0.1  0.1  0.1  0.1  0.1
  8  0.1  0.1  0.1  0.1  0.1  0.1  0.1  0.1  0.1  0.1  0.1  0.1  0.1  0.1  0.1
  9  0.1  0.1  0.1  0.1  0.1  0.1  0.1  0.1  0.1  0.1  0.1  0.1  0.1  0.1  0.1
   year
age 2005 2006 2007 2008 2009 2010
  0  1.0  1.0  1.0  1.0  1.0  1.0
  1  1.0  1.0  1.0  1.0  1.0  1.0
  2  0.3  0.3  0.3  0.3  0.3  0.3
  3  0.2  0.2  0.2  0.2  0.2  0.2
  4  0.1  0.1  0.1  0.1  0.1  0.1
  5  0.1  0.1  0.1  0.1  0.1  0.1
  6  0.1  0.1  0.1  0.1  0.1  0.1
  7  0.1  0.1  0.1  0.1  0.1  0.1
  8  0.1  0.1  0.1  0.1  0.1  0.1
  9  0.1  0.1  0.1  0.1  0.1  0.1


TABLE 3.6.5 North Sea Herring HERRING. PROPORTION MATURE

Units  :  NA 
   year
age 1960 1961 1962 1963 1964 1965 1966 1967 1968 1969 1970 1971 1972 1973 1974
  0    0    0    0    0    0    0    0    0    0    0    0    0 0.00 0.00 0.00
  1    0    0    0    0    0    0    0    0    0    0    0    0 0.00 0.00 0.00
  2    1    1    1    1    1    1    1    1    1    1    1    1 0.82 0.82 0.82
  3    1    1    1    1    1    1    1    1    1    1    1    1 1.00 1.00 1.00
  4    1    1    1    1    1    1    1    1    1    1    1    1 1.00 1.00 1.00
  5    1    1    1    1    1    1    1    1    1    1    1    1 1.00 1.00 1.00
  6    1    1    1    1    1    1    1    1    1    1    1    1 1.00 1.00 1.00
  7    1    1    1    1    1    1    1    1    1    1    1    1 1.00 1.00 1.00
  8    1    1    1    1    1    1    1    1    1    1    1    1 1.00 1.00 1.00
  9    1    1    1    1    1    1    1    1    1    1    1    1 1.00 1.00 1.00
   year
age 1975 1976 1977 1978 1979 1980 1981 1982 1983 1984 1985 1986 1987 1988 1989
  0 0.00 0.00 0.00 0.00 0.00 0.00 0.00 0.00 0.00 0.00  0.0 0.00  0.0 0.00 0.00
  1 0.00 0.00 0.00 0.00 0.00 0.00 0.00 0.00 0.00 0.00  0.0 0.00  0.0 0.00 0.00
  2 0.82 0.82 0.82 0.82 0.82 0.82 0.82 0.82 0.82 0.82  0.7 0.75  0.8 0.85 0.82
  3 1.00 1.00 1.00 1.00 1.00 1.00 1.00 1.00 1.00 1.00  1.0 1.00  1.0 0.93 0.94
  4 1.00 1.00 1.00 1.00 1.00 1.00 1.00 1.00 1.00 1.00  1.0 1.00  1.0 1.00 1.00
  5 1.00 1.00 1.00 1.00 1.00 1.00 1.00 1.00 1.00 1.00  1.0 1.00  1.0 1.00 1.00
  6 1.00 1.00 1.00 1.00 1.00 1.00 1.00 1.00 1.00 1.00  1.0 1.00  1.0 1.00 1.00
  7 1.00 1.00 1.00 1.00 1.00 1.00 1.00 1.00 1.00 1.00  1.0 1.00  1.0 1.00 1.00
  8 1.00 1.00 1.00 1.00 1.00 1.00 1.00 1.00 1.00 1.00  1.0 1.00  1.0 1.00 1.00
  9 1.00 1.00 1.00 1.00 1.00 1.00 1.00 1.00 1.00 1.00  1.0 1.00  1.0 1.00 1.00
   year
age 1990 1991 1992 1993 1994 1995 1996 1997 1998 1999 2000 2001 2002 2003 2004
  0 0.00 0.00 0.00 0.00 0.00 0.00 0.00 0.00 0.00 0.00 0.00 0.00 0.00 0.00 0.00
  1 0.00 0.00 0.00 0.00 0.00 0.00 0.00 0.00 0.00 0.00 0.00 0.00 0.00 0.00 0.00
  2 0.91 0.86 0.50 0.47 0.73 0.67 0.61 0.64 0.64 0.69 0.67 0.77 0.87 0.43 0.70
  3 0.97 0.99 0.99 0.61 0.93 0.95 0.98 0.94 0.89 0.91 0.96 0.92 0.97 0.93 0.65
  4 1.00 1.00 1.00 1.00 1.00 1.00 1.00 1.00 1.00 1.00 1.00 1.00 1.00 1.00 1.00
  5 1.00 1.00 1.00 1.00 1.00 1.00 1.00 1.00 1.00 1.00 1.00 1.00 1.00 1.00 1.00
  6 1.00 1.00 1.00 1.00 1.00 1.00 1.00 1.00 1.00 1.00 1.00 1.00 1.00 1.00 1.00
  7 1.00 1.00 1.00 1.00 1.00 1.00 1.00 1.00 1.00 1.00 1.00 1.00 1.00 1.00 1.00
  8 1.00 1.00 1.00 1.00 1.00 1.00 1.00 1.00 1.00 1.00 1.00 1.00 1.00 1.00 1.00
  9 1.00 1.00 1.00 1.00 1.00 1.00 1.00 1.00 1.00 1.00 1.00 1.00 1.00 1.00 1.00
   year
age 2005 2006 2007 2008 2009 2010
  0 0.00 0.00 0.00 0.00 0.00 0.00
  1 0.00 0.00 0.00 0.00 0.00 0.00
  2 0.76 0.66 0.71 0.86 0.89 0.45
  3 0.96 0.88 0.92 0.98 1.00 0.90
  4 0.96 0.98 0.93 0.99 1.00 1.00
  5 1.00 1.00 1.00 1.00 1.00 1.00
  6 1.00 1.00 1.00 1.00 1.00 1.00
  7 1.00 1.00 1.00 1.00 1.00 1.00
  8 1.00 1.00 1.00 1.00 1.00 1.00
  9 1.00 1.00 1.00 1.00 1.00 1.00


TABLE 3.6.6 North Sea Herring HERRING. FRACTION OF HARVEST BEFORE SPAWNING

Units  :  NA 
   year
age 1960 1961 1962 1963 1964 1965 1966 1967 1968 1969 1970 1971 1972 1973 1974
  0 0.67 0.67 0.67 0.67 0.67 0.67 0.67 0.67 0.67 0.67 0.67 0.67 0.67 0.67 0.67
  1 0.67 0.67 0.67 0.67 0.67 0.67 0.67 0.67 0.67 0.67 0.67 0.67 0.67 0.67 0.67
  2 0.67 0.67 0.67 0.67 0.67 0.67 0.67 0.67 0.67 0.67 0.67 0.67 0.67 0.67 0.67
  3 0.67 0.67 0.67 0.67 0.67 0.67 0.67 0.67 0.67 0.67 0.67 0.67 0.67 0.67 0.67
  4 0.67 0.67 0.67 0.67 0.67 0.67 0.67 0.67 0.67 0.67 0.67 0.67 0.67 0.67 0.67
  5 0.67 0.67 0.67 0.67 0.67 0.67 0.67 0.67 0.67 0.67 0.67 0.67 0.67 0.67 0.67
  6 0.67 0.67 0.67 0.67 0.67 0.67 0.67 0.67 0.67 0.67 0.67 0.67 0.67 0.67 0.67
  7 0.67 0.67 0.67 0.67 0.67 0.67 0.67 0.67 0.67 0.67 0.67 0.67 0.67 0.67 0.67
  8 0.67 0.67 0.67 0.67 0.67 0.67 0.67 0.67 0.67 0.67 0.67 0.67 0.67 0.67 0.67
  9 0.67 0.67 0.67 0.67 0.67 0.67 0.67 0.67 0.67 0.67 0.67 0.67 0.67 0.67 0.67
   year
age 1975 1976 1977 1978 1979 1980 1981 1982 1983 1984 1985 1986 1987 1988 1989
  0 0.67 0.67 0.67 0.67 0.67 0.67 0.67 0.67 0.67 0.67 0.67 0.67 0.67 0.67 0.67
  1 0.67 0.67 0.67 0.67 0.67 0.67 0.67 0.67 0.67 0.67 0.67 0.67 0.67 0.67 0.67
  2 0.67 0.67 0.67 0.67 0.67 0.67 0.67 0.67 0.67 0.67 0.67 0.67 0.67 0.67 0.67
  3 0.67 0.67 0.67 0.67 0.67 0.67 0.67 0.67 0.67 0.67 0.67 0.67 0.67 0.67 0.67
  4 0.67 0.67 0.67 0.67 0.67 0.67 0.67 0.67 0.67 0.67 0.67 0.67 0.67 0.67 0.67
  5 0.67 0.67 0.67 0.67 0.67 0.67 0.67 0.67 0.67 0.67 0.67 0.67 0.67 0.67 0.67
  6 0.67 0.67 0.67 0.67 0.67 0.67 0.67 0.67 0.67 0.67 0.67 0.67 0.67 0.67 0.67
  7 0.67 0.67 0.67 0.67 0.67 0.67 0.67 0.67 0.67 0.67 0.67 0.67 0.67 0.67 0.67
  8 0.67 0.67 0.67 0.67 0.67 0.67 0.67 0.67 0.67 0.67 0.67 0.67 0.67 0.67 0.67
  9 0.67 0.67 0.67 0.67 0.67 0.67 0.67 0.67 0.67 0.67 0.67 0.67 0.67 0.67 0.67
   year
age 1990 1991 1992 1993 1994 1995 1996 1997 1998 1999 2000 2001 2002 2003 2004
  0 0.67 0.67 0.67 0.67 0.67 0.67 0.67 0.67 0.67 0.67 0.67 0.67 0.67 0.67 0.67
  1 0.67 0.67 0.67 0.67 0.67 0.67 0.67 0.67 0.67 0.67 0.67 0.67 0.67 0.67 0.67
  2 0.67 0.67 0.67 0.67 0.67 0.67 0.67 0.67 0.67 0.67 0.67 0.67 0.67 0.67 0.67
  3 0.67 0.67 0.67 0.67 0.67 0.67 0.67 0.67 0.67 0.67 0.67 0.67 0.67 0.67 0.67
  4 0.67 0.67 0.67 0.67 0.67 0.67 0.67 0.67 0.67 0.67 0.67 0.67 0.67 0.67 0.67
  5 0.67 0.67 0.67 0.67 0.67 0.67 0.67 0.67 0.67 0.67 0.67 0.67 0.67 0.67 0.67
  6 0.67 0.67 0.67 0.67 0.67 0.67 0.67 0.67 0.67 0.67 0.67 0.67 0.67 0.67 0.67
  7 0.67 0.67 0.67 0.67 0.67 0.67 0.67 0.67 0.67 0.67 0.67 0.67 0.67 0.67 0.67
  8 0.67 0.67 0.67 0.67 0.67 0.67 0.67 0.67 0.67 0.67 0.67 0.67 0.67 0.67 0.67
  9 0.67 0.67 0.67 0.67 0.67 0.67 0.67 0.67 0.67 0.67 0.67 0.67 0.67 0.67 0.67
   year
age 2005 2006 2007 2008 2009 2010
  0 0.67 0.67 0.67 0.67 0.67 0.67
  1 0.67 0.67 0.67 0.67 0.67 0.67
  2 0.67 0.67 0.67 0.67 0.67 0.67
  3 0.67 0.67 0.67 0.67 0.67 0.67
  4 0.67 0.67 0.67 0.67 0.67 0.67
  5 0.67 0.67 0.67 0.67 0.67 0.67
  6 0.67 0.67 0.67 0.67 0.67 0.67
  7 0.67 0.67 0.67 0.67 0.67 0.67
  8 0.67 0.67 0.67 0.67 0.67 0.67
  9 0.67 0.67 0.67 0.67 0.67 0.67


TABLE 3.6.7 North Sea Herring HERRING. FRACTION OF NATURAL MORTALITY BEFORE SPAWNING

Units  :  NA 
   year
age 1960 1961 1962 1963 1964 1965 1966 1967 1968 1969 1970 1971 1972 1973 1974
  0 0.67 0.67 0.67 0.67 0.67 0.67 0.67 0.67 0.67 0.67 0.67 0.67 0.67 0.67 0.67
  1 0.67 0.67 0.67 0.67 0.67 0.67 0.67 0.67 0.67 0.67 0.67 0.67 0.67 0.67 0.67
  2 0.67 0.67 0.67 0.67 0.67 0.67 0.67 0.67 0.67 0.67 0.67 0.67 0.67 0.67 0.67
  3 0.67 0.67 0.67 0.67 0.67 0.67 0.67 0.67 0.67 0.67 0.67 0.67 0.67 0.67 0.67
  4 0.67 0.67 0.67 0.67 0.67 0.67 0.67 0.67 0.67 0.67 0.67 0.67 0.67 0.67 0.67
  5 0.67 0.67 0.67 0.67 0.67 0.67 0.67 0.67 0.67 0.67 0.67 0.67 0.67 0.67 0.67
  6 0.67 0.67 0.67 0.67 0.67 0.67 0.67 0.67 0.67 0.67 0.67 0.67 0.67 0.67 0.67
  7 0.67 0.67 0.67 0.67 0.67 0.67 0.67 0.67 0.67 0.67 0.67 0.67 0.67 0.67 0.67
  8 0.67 0.67 0.67 0.67 0.67 0.67 0.67 0.67 0.67 0.67 0.67 0.67 0.67 0.67 0.67
  9 0.67 0.67 0.67 0.67 0.67 0.67 0.67 0.67 0.67 0.67 0.67 0.67 0.67 0.67 0.67
   year
age 1975 1976 1977 1978 1979 1980 1981 1982 1983 1984 1985 1986 1987 1988 1989
  0 0.67 0.67 0.67 0.67 0.67 0.67 0.67 0.67 0.67 0.67 0.67 0.67 0.67 0.67 0.67
  1 0.67 0.67 0.67 0.67 0.67 0.67 0.67 0.67 0.67 0.67 0.67 0.67 0.67 0.67 0.67
  2 0.67 0.67 0.67 0.67 0.67 0.67 0.67 0.67 0.67 0.67 0.67 0.67 0.67 0.67 0.67
  3 0.67 0.67 0.67 0.67 0.67 0.67 0.67 0.67 0.67 0.67 0.67 0.67 0.67 0.67 0.67
  4 0.67 0.67 0.67 0.67 0.67 0.67 0.67 0.67 0.67 0.67 0.67 0.67 0.67 0.67 0.67
  5 0.67 0.67 0.67 0.67 0.67 0.67 0.67 0.67 0.67 0.67 0.67 0.67 0.67 0.67 0.67
  6 0.67 0.67 0.67 0.67 0.67 0.67 0.67 0.67 0.67 0.67 0.67 0.67 0.67 0.67 0.67
  7 0.67 0.67 0.67 0.67 0.67 0.67 0.67 0.67 0.67 0.67 0.67 0.67 0.67 0.67 0.67
  8 0.67 0.67 0.67 0.67 0.67 0.67 0.67 0.67 0.67 0.67 0.67 0.67 0.67 0.67 0.67
  9 0.67 0.67 0.67 0.67 0.67 0.67 0.67 0.67 0.67 0.67 0.67 0.67 0.67 0.67 0.67
   year
age 1990 1991 1992 1993 1994 1995 1996 1997 1998 1999 2000 2001 2002 2003 2004
  0 0.67 0.67 0.67 0.67 0.67 0.67 0.67 0.67 0.67 0.67 0.67 0.67 0.67 0.67 0.67
  1 0.67 0.67 0.67 0.67 0.67 0.67 0.67 0.67 0.67 0.67 0.67 0.67 0.67 0.67 0.67
  2 0.67 0.67 0.67 0.67 0.67 0.67 0.67 0.67 0.67 0.67 0.67 0.67 0.67 0.67 0.67
  3 0.67 0.67 0.67 0.67 0.67 0.67 0.67 0.67 0.67 0.67 0.67 0.67 0.67 0.67 0.67
  4 0.67 0.67 0.67 0.67 0.67 0.67 0.67 0.67 0.67 0.67 0.67 0.67 0.67 0.67 0.67
  5 0.67 0.67 0.67 0.67 0.67 0.67 0.67 0.67 0.67 0.67 0.67 0.67 0.67 0.67 0.67
  6 0.67 0.67 0.67 0.67 0.67 0.67 0.67 0.67 0.67 0.67 0.67 0.67 0.67 0.67 0.67
  7 0.67 0.67 0.67 0.67 0.67 0.67 0.67 0.67 0.67 0.67 0.67 0.67 0.67 0.67 0.67
  8 0.67 0.67 0.67 0.67 0.67 0.67 0.67 0.67 0.67 0.67 0.67 0.67 0.67 0.67 0.67
  9 0.67 0.67 0.67 0.67 0.67 0.67 0.67 0.67 0.67 0.67 0.67 0.67 0.67 0.67 0.67
   year
age 2005 2006 2007 2008 2009 2010
  0 0.67 0.67 0.67 0.67 0.67 0.67
  1 0.67 0.67 0.67 0.67 0.67 0.67
  2 0.67 0.67 0.67 0.67 0.67 0.67
  3 0.67 0.67 0.67 0.67 0.67 0.67
  4 0.67 0.67 0.67 0.67 0.67 0.67
  5 0.67 0.67 0.67 0.67 0.67 0.67
  6 0.67 0.67 0.67 0.67 0.67 0.67
  7 0.67 0.67 0.67 0.67 0.67 0.67
  8 0.67 0.67 0.67 0.67 0.67 0.67
  9 0.67 0.67 0.67 0.67 0.67 0.67


TABLE 3.6.8 North Sea Herring HERRING. SURVEY INDICES

MLAI - Configuration

"Herring" "in" "Sub-area" "IV," "Divisions" "VIId" "&" "IIIa" "(autumn-spawners)"
      min       max plusgroup   minyear   maxyear    startf      endf 
       NA        NA        NA      1973      2010        NA        NA 
Index type : biomass

MLAI - Index Values

Units  :  NA 
     year
age     1973  1974  1975  1976  1977  1978   1979  1980   1981   1982   1983
  all 12.892 7.676 2.777 2.458 6.081 7.276 13.765 9.251 13.521 19.859 25.456
     year
age     1984   1985   1986   1987    1988   1989    1990   1991   1992   1993
  all 45.835 70.134 36.524 64.774 128.523 126.86 164.982 87.928 40.524 28.643
     year
age     1994   1995   1996   1997   1998   1999   2000    2001    2002    2003
  all 19.982 20.474 40.646 53.077 66.596 55.731 37.392 123.398 104.485 250.644
     year
age      2004    2005    2006    2007    2008    2009    2010
  all 308.878 183.782 112.811 160.992 180.456 466.652 380.386

MLAI - Index Variance (Inverse Weights) 

Units  :  NA 
     year
age       1973     1974     1975     1976     1977     1978     1979     1980
  all 1.666667 1.666667 1.666667 1.666667 1.666667 1.666667 1.666667 1.666667
     year
age       1981     1982     1983     1984     1985     1986     1987     1988
  all 1.666667 1.666667 1.666667 1.666667 1.666667 1.666667 1.666667 1.666667
     year
age       1989     1990     1991     1992     1993     1994     1995     1996
  all 1.666667 1.666667 1.666667 1.666667 1.666667 1.666667 1.666667 1.666667
     year
age       1997     1998     1999     2000     2001     2002     2003     2004
  all 1.666667 1.666667 1.666667 1.666667 1.666667 1.666667 1.666667 1.666667
     year
age       2005     2006     2007     2008     2009     2010
  all 1.666667 1.666667 1.666667 1.666667 1.666667 1.666667

IBTS0 - Configuration

"Herring in Sub-area IV, Divisions VIId & IIIa (autumn-spawners) . Imported from VPA file."
      min       max plusgroup   minyear   maxyear    startf      endf 
     0.00      0.00        NA   1992.00   2011.00      0.08      0.17 
Index type : number

IBTS0 - Index Values

Units  :  NA 
   year
age  1992  1993  1994 1995  1996  1997 1998 1999  2000  2001  2002 2003 2004
  0 200.7 190.1 101.7  127 106.5 148.1 53.1  244 137.1 214.8 161.8 54.4 47.3
   year
age 2005 2006 2007 2008 2009 2010 2011
  0 61.3 83.1 37.2 27.8 95.8 77.1   77

IBTS0 - Index Variance (Inverse Weights) 

Units  :  NA 
   year
age     1992     1993     1994     1995     1996     1997     1998     1999
  0 1.587302 1.587302 1.587302 1.587302 1.587302 1.587302 1.587302 1.587302
   year
age     2000     2001     2002     2003     2004     2005     2006     2007
  0 1.587302 1.587302 1.587302 1.587302 1.587302 1.587302 1.587302 1.587302
   year
age     2008     2009     2010     2011
  0 1.587302 1.587302 1.587302 1.587302

IBTS-Q1 - Configuration

"Herring in Sub-area IV, Divisions VIId & IIIa (autumn-spawners) . Imported from VPA file."
      min       max plusgroup   minyear   maxyear    startf      endf 
     1.00      5.00      5.00   1984.00   2011.00      0.08      0.17 
Index type : number

IBTS-Q1 - Index Values

Units  :  NA 
   year
age     1984     1985     1986     1987     1988     1989     1990     1991
  1 1515.627 2097.280 2662.812 3692.965 4394.168 2331.566 1061.572 1286.747
  2  161.480  721.646  782.122  917.550 4163.384  875.336  462.097  693.020
  3   61.428  281.990  276.031  116.315  791.528  338.514  279.780  258.604
  4   26.888   42.088   79.007   59.351   57.957   89.381  269.108  221.523
  5   10.238   27.941   28.076   48.763   25.054    8.519   71.303  146.096
   year
age     1992     1993     1994     1995     1996     1997     1998    1999
  1 1268.145 2794.007 1752.053 1345.754 1890.872 4404.647 2275.845 752.862
  2  436.563  787.421 1167.221 1392.857  197.522  506.536  791.593 450.623
  3  193.085  222.585  213.059  278.544   32.875  162.660   95.660 501.325
  4   54.810   45.042   69.004   36.670   10.193   30.532   20.810  98.179
  5   92.268   65.534   42.503    6.551    8.079   19.935   17.841  35.566
   year
age     2000     2001     2002     2003    2004     2005     2006     2007
  1 3725.131 2499.391 4064.829 2765.059 979.036 1001.585  923.167 1321.005
  2  199.374 1129.308  658.154 1556.082 451.015  214.191 1490.917   50.033
  3  154.691  317.069  338.153  611.890 777.324  356.007  331.024   18.250
  4   58.838   93.886   25.048  359.989 112.374  388.922  251.689    7.937
  5    8.952   68.284   19.936   53.166 171.231  131.481  338.811   41.284
   year
age     2008     2009     2010     2011
  1 1815.860 2344.155 1220.940 2934.736
  2  232.906  136.269   49.555  422.070
  3  146.192   21.459   34.853  572.857
  4  202.100   11.223   45.944  419.102
  5  232.335   46.427   89.950  465.734

IBTS-Q1 - Index Variance (Inverse Weights) 

Units  :  NA 
   year
age       1984       1985       1986       1987       1988       1989
  1   2.127660   2.127660   2.127660   2.127660   2.127660   2.127660
  2   3.571429   3.571429   3.571429   3.571429   3.571429   3.571429
  3 100.000000 100.000000 100.000000 100.000000 100.000000 100.000000
  4 100.000000 100.000000 100.000000 100.000000 100.000000 100.000000
  5 100.000000 100.000000 100.000000 100.000000 100.000000 100.000000
   year
age       1990       1991       1992       1993       1994       1995
  1   2.127660   2.127660   2.127660   2.127660   2.127660   2.127660
  2   3.571429   3.571429   3.571429   3.571429   3.571429   3.571429
  3 100.000000 100.000000 100.000000 100.000000 100.000000 100.000000
  4 100.000000 100.000000 100.000000 100.000000 100.000000 100.000000
  5 100.000000 100.000000 100.000000 100.000000 100.000000 100.000000
   year
age       1996       1997       1998       1999       2000       2001
  1   2.127660   2.127660   2.127660   2.127660   2.127660   2.127660
  2   3.571429   3.571429   3.571429   3.571429   3.571429   3.571429
  3 100.000000 100.000000 100.000000 100.000000 100.000000 100.000000
  4 100.000000 100.000000 100.000000 100.000000 100.000000 100.000000
  5 100.000000 100.000000 100.000000 100.000000 100.000000 100.000000
   year
age       2002       2003       2004       2005       2006       2007
  1   2.127660   2.127660   2.127660   2.127660   2.127660   2.127660
  2   3.571429   3.571429   3.571429   3.571429   3.571429   3.571429
  3 100.000000 100.000000 100.000000 100.000000 100.000000 100.000000
  4 100.000000 100.000000 100.000000 100.000000 100.000000 100.000000
  5 100.000000 100.000000 100.000000 100.000000 100.000000 100.000000
   year
age       2008       2009       2010       2011
  1   2.127660   2.127660   2.127660   2.127660
  2   3.571429   3.571429   3.571429   3.571429
  3 100.000000 100.000000 100.000000 100.000000
  4 100.000000 100.000000 100.000000 100.000000
  5 100.000000 100.000000 100.000000 100.000000

HERAS - Configuration

"Herring in Sub-area IV, Divisions VIId & IIIa (autumn-spawners) . Imported from VPA file."
      min       max plusgroup   minyear   maxyear    startf      endf 
     1.00      9.00      9.00   1989.00   2010.00      0.54      0.56 
Index type : number

HERAS - Index Values

Units  :  NA 
   year
age    1989    1990    1991    1992    1993    1994    1995    1996    1997
  1      -1      -1      -1      -1      -1      -1      -1      -1 9361000
  2 4090000 3306000 2634000 3734000 2984000 3185000 3849000 4497000 5960000
  3 3903000 3521000 1700000 1378000 1637000  839000 2041000 2824000 2935000
  4 1633000 3414000 1959000 1147000  902000  399000  672000 1087000 1441000
  5  492000 1366000 1849000 1134000  741000  381000  299000  311000  601000
  6  283000  392000  644000 1246000  777000  321000  203000   99000  215000
  7  120000  210000  228000  395000  551000  326000  138000   83000   46000
  8   44000  133000   94000  114000  180000  219000  119000  133000   78000
  9   22000   43000   51000  104000  116000  131000   93000  206000  159000
   year
age    1998    1999     2000     2001     2002     2003    2004    2005    2006
  1 4449000 5087000 24736000  6837000 23055000  9829400 5183700 3114100 6822800
  2 5747000 3078000  2923000 12290000  4875000 18949400 3415900 2055100 3772300
  3 2520000 4725000  2156000  3083000  8220000  3081000 9191800 3648500 1997200
  4 1625000 1116000  3140000  1462000  1390000  4188900 2167300 5789600 2097500
  5  982000  506000  1007000  1676000   794600   675100 2590700 1212900 4175100
  6  445000  314000   483000   450000  1031000   494800  317100 1174900  618200
  7  170000  139000   266000   170000   244400   568300  327600  139900  562100
  8   45000   54000   120000    98000   121000   145500  342050  126500   84300
  9  121000   87000    97000    59000   149500   177700  185600  106700   70400
   year
age    2007    2008    2009     2010
  1 6261000 3714000 4655000 14577000
  2 2750000 2853000 5632000  4237000
  3 1848000 1709000 2553000  4216000
  4  898000 1485000 1023000  2453000
  5  806000  809000 1077000  1246000
  6 1323000  712000  674000  1332000
  7  243000 1749000  638000   688000
  8  152000  185000 1142000  1110000
  9   65000  270000  578000  1619000

HERAS - Index Variance (Inverse Weights) 

Units  :  NA 
   year
age      1989      1990      1991      1992      1993      1994      1995
  1  1.587302  1.587302  1.587302  1.587302  1.587302  1.587302  1.587302
  2  1.612903  1.612903  1.612903  1.612903  1.612903  1.612903  1.612903
  3  5.882353  5.882353  5.882353  5.882353  5.882353  5.882353  5.882353
  4 10.000000 10.000000 10.000000 10.000000 10.000000 10.000000 10.000000
  5 11.111111 11.111111 11.111111 11.111111 11.111111 11.111111 11.111111
  6 12.500000 12.500000 12.500000 12.500000 12.500000 12.500000 12.500000
  7 14.285714 14.285714 14.285714 14.285714 14.285714 14.285714 14.285714
  8 14.285714 14.285714 14.285714 14.285714 14.285714 14.285714 14.285714
  9 20.000000 20.000000 20.000000 20.000000 20.000000 20.000000 20.000000
   year
age      1996      1997      1998      1999      2000      2001      2002
  1  1.587302  1.587302  1.587302  1.587302  1.587302  1.587302  1.587302
  2  1.612903  1.612903  1.612903  1.612903  1.612903  1.612903  1.612903
  3  5.882353  5.882353  5.882353  5.882353  5.882353  5.882353  5.882353
  4 10.000000 10.000000 10.000000 10.000000 10.000000 10.000000 10.000000
  5 11.111111 11.111111 11.111111 11.111111 11.111111 11.111111 11.111111
  6 12.500000 12.500000 12.500000 12.500000 12.500000 12.500000 12.500000
  7 14.285714 14.285714 14.285714 14.285714 14.285714 14.285714 14.285714
  8 14.285714 14.285714 14.285714 14.285714 14.285714 14.285714 14.285714
  9 20.000000 20.000000 20.000000 20.000000 20.000000 20.000000 20.000000
   year
age      2003      2004      2005      2006      2007      2008      2009
  1  1.587302  1.587302  1.587302  1.587302  1.587302  1.587302  1.587302
  2  1.612903  1.612903  1.612903  1.612903  1.612903  1.612903  1.612903
  3  5.882353  5.882353  5.882353  5.882353  5.882353  5.882353  5.882353
  4 10.000000 10.000000 10.000000 10.000000 10.000000 10.000000 10.000000
  5 11.111111 11.111111 11.111111 11.111111 11.111111 11.111111 11.111111
  6 12.500000 12.500000 12.500000 12.500000 12.500000 12.500000 12.500000
  7 14.285714 14.285714 14.285714 14.285714 14.285714 14.285714 14.285714
  8 14.285714 14.285714 14.285714 14.285714 14.285714 14.285714 14.285714
  9 20.000000 20.000000 20.000000 20.000000 20.000000 20.000000 20.000000
   year
age      2010
  1  1.587302
  2  1.612903
  3  5.882353
  4 10.000000
  5 11.111111
  6 12.500000
  7 14.285714
  8 14.285714
  9 20.000000


TABLE 3.6.9 North Sea Herring HERRING. STOCK OBJECT CONFIGURATION

      min       max plusgroup   minyear   maxyear   minfbar   maxfbar 
        0         9         9      1960      2010         2         6 


TABLE 3.6.10 North Sea Herring HERRING. FLICA CONFIGURATION SETTINGS

sep.2       : NA
sep.gradual : TRUE
sr          : TRUE
sr.age      : 1
lambda.age  : 0.1 0.1 3.67 2.87 2.23 1.74 1.37 1.04 0.94 0
lambda.yr   : 1 1 1 1 1
lambda.sr   : 0.1
index.model : power linear linear linear
index.cor   : -92559631349317830736220086604086468264682600488620284042662244 0 0 0
sep.nyr     : 5
sep.age     : 4
sep.sel     : 1


TABLE 3.6.11 North Sea Herring HERRING. FLR, R SOFTWARE VERSIONS

R version 2.8.1 (2008-12-22)

Package  : FLICA
Version  : 1.4-12
Packaged : 2009-10-08 15:16:26 UTC; mpa
Built    : R 2.9.1; ; 2009-10-08 15:16:27 UTC; windows

Package  : FLAssess
Version  : 1.99-102
Packaged : Mon Mar 23 08:18:19 2009; mpa
Built    : R 2.8.0; i386-pc-mingw32; 2009-03-23 08:18:21; windows

Package  : FLCore
Version  : 2.2
Packaged : Tue May 19 19:23:18 2009; Administrator
Built    : R 2.8.1; i386-pc-mingw32; 2009-05-19 19:23:22; windows


TABLE 3.6.12 North Sea Herring HERRING. STOCK SUMMARY

Year Recruitment     TSB     SSB       Fbar Landings Landings
           Age 0                 (Ages 2-6)               SOP
                                          f   tonnes         
1960    12092313 3747903 1884122     0.3367   696200   1.1830
1961   108850059 4364354 1662930     0.4315   696700   1.1348
1962    46272455 4397754 1115220     0.5290   627800   1.1705
1963    47657565 4628953 2189201     0.2260   716000   0.8602
1964    62786575 4797400 2031515     0.3434   871200   1.0656
1965    34895343 4344785 1450013     0.6952  1168800   1.1496
1966    27859139 3316825 1281010     0.6194   895500   1.0707
1967    40256391 2814536  919752     0.7982   695500   1.1757
1968    38698817 2521305  412840     1.3363   717800   1.2551
1969    21581561 1905139  423877     1.1052   546700   0.9674
1970    41073298 1921888  374629     1.1050   563100   0.9657
1971    32307965 1849446  266051     1.4049   520100   1.0747
1972    20861031 1549562  288353     0.6960   497500   0.9197
1973    10102051 1156018  233410     1.1348   484000   0.9575
1974    21699985  912051  162051     1.0521   275100   0.9680
1975     2825521  680402   81658     1.4716   312800   0.9343
1976     2721846  358662   77952     1.4443   174800   0.9530
1977     4329404  210504   47622     0.8028    46000   1.1979
1978     4596094  224925   64889     0.0527    11000   1.2152
1979    10602593  382131  107141     0.0642    25100   1.0056
1980    16719547  630494  131011     0.2836    70764   1.0936
1981    37864017 1158667  195611     0.3515   174879   1.0081
1982    64754769 1843295  278530     0.2640   275079   0.9786
1983    61829567 2719425  432633     0.3380   387202   1.0771
1984    53460997 2865147  679075     0.4553   428631   1.0543
1985    80939722 3463006  699476     0.6436   613780   1.0419
1986    97653052 3473722  679590     0.5723   671488   1.1373
1987    86232161 3938023  901038     0.5522   792058   1.0173
1988    42292084 3622901 1195264     0.5365   887686   1.1641
1989    39183711 3312158 1251149     0.5444   787899   1.0335
1990    35866636 2978465 1186874     0.4416   645229   1.0515
1991    33636441 2716907  982498     0.4893   658008   1.0197
1992    62152334 2438080  705132     0.5814   716799   0.9950
1993    50270235 2520045  474742     0.6897   671397   1.0231
1994    34559978 2026875  512077     0.7068   568234   1.0498
1995    41738842 1846118  463304     0.7386   579371   1.0084
1996    50017440 1629136  463868     0.4016   275098   0.9987
1997    29137096 1957688  563131     0.4194   264313   1.0006
1998    28102834 2086762  739391     0.4828   391628   1.0018
1999    69449799 2371556  869482     0.3656   363163   1.0000
2000    42389537 2929463  886094     0.3547   388157   1.0004
2001    97487442 3364925 1344693     0.2852   374065   0.9901
2002    34766152 4166329 1658085     0.2339   394709   0.9974
2003    20060339 3913739 1822444     0.2303   482281   1.0153
2004    26095303 3635587 1933120     0.2759   587698   0.9985
2005    16577102 3171867 1871370     0.3192   663813   1.0033
2006    22114044 2621499 1526159     0.2812   514597   0.9950
2007    30340022 2392366 1234365     0.2674   406482   1.0056
2008    26079173 2394029 1206034     0.1945   257870   1.0040
2009    38289832 2610448 1442422     0.0986   168443   1.0023
2010    38849289 2859555 1301092     0.1175   187611   1.0034


TABLE 3.6.13 North Sea Herring HERRING. ESTIMATED FISHING MORTALITY

Units  :  f 
   year
age       1960       1961        1962       1963       1964        1965
  0 0.02573320 0.01858961 0.004857751 0.01478962 0.01258591 0.007143397
  1 0.25617242 0.12932790 0.089679642 0.12407101 0.30843555 0.246122752
  2 0.43507633 0.61826849 0.250112005 0.29755233 0.38899821 0.775348441
  3 0.32713850 0.35114514 0.629159979 0.27538687 0.41244696 0.738974053
  4 0.33725442 0.40638571 0.419352079 0.22819444 0.37009415 0.776911178
  5 0.26537157 0.40218955 0.529860473 0.14942452 0.30987935 0.659365447
  6 0.31858098 0.37972626 0.816610240 0.17964419 0.23545396 0.525183638
  7 0.59302394 0.25568350 0.631325941 0.28425670 0.27770084 0.450293556
  8 0.56819273 0.50832960 0.600166613 0.33161533 0.55454154 0.838022951
  9 0.56819273 0.50832960 0.600166613 0.33161533 0.55454154 0.838022951
   year
age       1966       1967       1968       1969       1970       1971
  0 0.02145713 0.02563521 0.03481117 0.00823815 0.03510075 0.03396986
  1 0.18523552 0.29803814 0.30024512 0.32910200 0.26805990 0.60216378
  2 0.59205513 0.42222497 1.32717864 0.78438673 0.97282347 0.88261263
  3 0.70824214 0.80455683 1.87207332 0.91235419 1.26695224 1.21470754
  4 0.57195343 0.92444459 1.07139747 0.87417114 1.33012980 1.22647457
  5 0.83514089 0.82811220 1.23401594 1.05394430 0.87565878 1.08393609
  6 0.38982219 1.01152956 1.17674095 1.90113501 1.07946516 2.61678229
  7 0.39455717 1.52624948 1.61035508 1.30753923 4.13299523 2.70177231
  8 0.71207047 1.10669324 1.62146851 1.36069931 1.79965941 2.02762290
  9 0.71207047 1.10669324 1.62146851 1.36069931 1.79965941 2.02762290
   year
age       1972       1973       1974      1975      1976       1977       1978
  0 0.05830196 0.04619976 0.07491123 0.1576024 0.1471000 0.09771067 0.04560347
  1 0.57822569 0.67385669 0.45203520 0.6879136 0.2497792 0.29811844 0.20047837
  2 0.81218192 1.02222411 1.02840476 1.3142552 1.3386528 0.22590573 0.02431079
  3 0.80143804 1.33395629 0.97328720 1.5031833 1.4475075 1.40986161 0.04268949
  4 0.79956033 0.98791581 0.99435138 1.3745073 1.7317656 0.43885191 0.10392790
  5 0.54958975 0.95128564 1.18652930 1.8885954 1.6094982 1.18648142 0.01711792
  6 0.51701073 1.37860378 1.07807478 1.2775369 1.0939467 0.75264937 0.07526583
  7 0.09840184 0.80382334 0.77383414 2.0279402 1.5150624 0.77888732 0.06279681
  8 1.01682491 1.56395728 1.32506586 2.0368114 1.6277197 0.98526257 0.19186101
  9 1.01682491 1.56395728 1.32506586 2.0368114 1.6277197 0.98526257 0.19186101
   year
age       1979       1980      1981      1982      1983      1984      1985
  0 0.08372731 0.12584949 0.4821645 0.3344693 0.3995588 0.2263717 0.0852665
  1 0.16699091 0.11327456 0.2857054 0.2251645 0.2517829 0.2051328 0.3828898
  2 0.09491923 0.36476977 0.3243862 0.2608986 0.3023941 0.3146588 0.4042348
  3 0.06676805 0.42055439 0.2765156 0.5089983 0.3250840 0.4302158 0.6718703
  4 0.09419295 0.29878647 0.3049633 0.2484782 0.4374260 0.5386997 0.7394562
  5 0.05219707 0.26682760 0.4159604 0.1553002 0.2774710 0.6296259 0.6672648
  6 0.01280278 0.06704901 0.4355027 0.1465552 0.3474636 0.3633286 0.7351532
  7 0.42247081 0.10492186 0.9638405 0.2326800 0.3970131 0.7052534 0.5657169
  8 0.24151228 0.34347450 0.6503644 0.4254900 0.5231238 0.6277581 0.8858924
  9 0.24151228 0.34347450 0.6503644 0.4254900 0.5231238 0.6277581 0.8858924
   year
age       1986      1987      1988      1989       1990      1991      1992
  0 0.06191268 0.1613364 0.1246373 0.1302757 0.05888683 0.1178491 0.2966564
  1 0.31576029 0.3721575 0.5798242 0.4306755 0.45254277 0.3082560 0.3871894
  2 0.45959779 0.4062663 0.3554627 0.3981259 0.37680073 0.5738080 0.5728707
  3 0.52240984 0.5058867 0.4008518 0.4097632 0.36928020 0.4543899 0.4976420
  4 0.58307527 0.5888959 0.5826898 0.5559813 0.46687012 0.4572091 0.5722155
  5 0.55655746 0.6187567 0.6637763 0.6580872 0.50037058 0.4824516 0.5454786
  6 0.73977218 0.6411137 0.6795187 0.6998792 0.49457245 0.4784711 0.7185477
  7 0.82962999 0.6244173 0.7030711 0.7171702 0.67860532 0.4256969 0.6981589
  8 0.83196250 0.8152895 0.9531102 0.8620383 0.79148971 0.7031240 0.8742984
  9 0.83196250 0.8152895 0.9531102 0.8620383 0.79148971 0.7031240 0.8742984
   year
age      1993      1994      1995       1996       1997       1998       1999
  0 0.3759339 0.2258746 0.3211345 0.07542518 0.02364231 0.01469927 0.03622188
  1 0.4219845 0.2458919 0.2924358 0.25299368 0.04532040 0.15765524 0.04808452
  2 0.6684901 0.6832678 0.5993335 0.30759915 0.28570767 0.26638049 0.24280614
  3 0.6411742 0.7160884 0.8657347 0.48945206 0.38998067 0.40477424 0.41657352
  4 0.7314638 0.9127046 0.8665282 0.41721969 0.51035723 0.42172169 0.38334681
  5 0.7100916 0.5546597 0.8262931 0.47758701 0.45081211 0.60470822 0.33518900
  6 0.6971324 0.6671316 0.5351948 0.31617073 0.46018639 0.71665475 0.44992879
  7 0.8697147 0.4736552 0.6405867 0.14142154 0.24324650 0.37631622 0.45458480
  8 1.0156145 0.8452386 0.9216411 0.53152288 0.41459144 0.56233922 0.41125857
  9 1.0156145 0.8452386 0.9216411 0.53152288 0.41459144 0.56233922 0.41125857
   year
age       2000       2001       2002       2003       2004      2005       2006
  0 0.04196875 0.03011566 0.03370007 0.02946521 0.04418701 0.1010568 0.05553518
  1 0.07768960 0.06683746 0.03869352 0.08165508 0.04651483 0.1300405 0.06633768
  2 0.22404073 0.12322363 0.13918405 0.12159885 0.13154457 0.1776790 0.20402178
  3 0.30920616 0.29051302 0.21598631 0.19304015 0.20570512 0.2182857 0.25395944
  4 0.45949314 0.29367780 0.26993913 0.27673825 0.29362224 0.2966418 0.32178477
  5 0.46926549 0.38689966 0.21128804 0.33789558 0.38178936 0.4047342 0.34294253
  6 0.31149184 0.33154874 0.33323803 0.22202300 0.36708105 0.4986192 0.28318733
  7 0.39113289 0.20760917 0.26636759 0.36902719 0.31114608 0.4055804 0.27826901
  8 0.40400681 0.30859710 0.26225064 0.30075350 0.30321706 0.4142285 0.32178477
  9 0.40400681 0.30859710 0.26225064 0.30075350 0.30321706 0.4142285 0.32178477
   year
age       2007       2008       2009       2010
  0 0.05281154 0.03842186 0.01947015 0.02320384
  1 0.06308425 0.04589554 0.02325741 0.02771737
  2 0.19401586 0.14115191 0.07152826 0.08524487
  3 0.24150440 0.17570114 0.08903596 0.10610994
  4 0.30600334 0.22262591 0.11281494 0.13444888
  5 0.32612346 0.23726385 0.12023266 0.14328906
  6 0.26929885 0.19592237 0.09928301 0.11832200
  7 0.26462175 0.19251965 0.09755869 0.11626702
  8 0.30600334 0.22262591 0.11281494 0.13444888
  9 0.30600334 0.22262591 0.11281494 0.13444888


TABLE 3.6.14 North Sea Herring HERRING. ESTIMATED POPULATION ABUNDANCE

Units  :  NA 
   year
age       1960        1961       1962        1963        1964       1965
  0 12092313.4 108850059.1 46272454.6 47657564.60 62786574.98 34895342.6
  1 16403718.2   4335499.3 39306178.4 16940193.30 17274851.08 22809004.0
  2  3707664.6   4670824.5  1401452.1 13219619.80  5504787.06  4668399.1
  3  7734930.3   1777709.7  1864638.3   808476.95  7272860.95  2763836.8
  4   607271.8   4565864.9  1024475.5   813757.51   502585.26  3942057.5
  5   754405.9    392180.4  2751709.2   609466.47   586086.84   314087.4
  6   433712.5    523511.5   237349.2  1465742.27   474926.19   389003.6
  7   294062.9    285374.1   324028.9    94909.35  1108178.40   339578.6
  8   310307.3    147049.6   199960.0   155945.53    64629.15   759584.8
  9   342641.0    229764.9   201118.5   189362.43   141790.95   144192.4
   year
age       1966        1967        1968        1969         1970          1971
  0 27859139.3 40256391.13 38698816.68 21581561.34 41073297.935 32307964.8939
  1 12745904.1 10031237.16 14434678.91 13749436.71  7874275.330 14588849.0971
  2  6560275.6  3896093.76  2739199.72  3932944.77  3639680.333  2215639.9042
  3  1592759.0  2688484.05  1892217.60   538206.57  1329764.310  1019255.4300
  4  1080739.8   642252.10   984541.39   238276.42   176953.724   306679.9674
  5  1640156.4   551944.60   230565.81   305142.37    89950.569    42341.1087
  6   146981.3   643811.51   218183.29    60735.01    96238.950    33906.3228
  7   208180.4    90060.67   211849.57    60861.12     8210.266    29588.0038
  8   195862.3   126956.92    17711.85    38302.74    14895.443      119.1217
  9   484631.0   268849.95   118682.34    35087.54    15143.700    14771.0872
   year
age          1972         1973         1974        1975         1976
  0 20861030.5207 10102050.602 21699984.839 2825520.501 2721845.8733
  1 11488470.0495  7239708.118  3548548.599 7406813.569  887887.8994
  2  2939071.4568  2370541.100  1357607.824  830691.720 1369556.1936
  3   679042.6275   966486.234   631848.349  359629.637  165339.9347
  4   247675.6756   249446.850   208452.411  195461.262   65489.6048
  5    81396.3296   100741.699    84043.125   69780.834   44739.4173
  6    12959.4126    42510.046    35208.029   23215.050    9552.1279
  7     2240.7692     6992.315     9690.409   10839.527    5854.8119
  8     1796.0624     1837.521     2832.014    4044.276    1290.7961
  9      653.1136      787.509     1557.608    1665.290     516.3184
   year
age         1977        1978         1979          1980         1981
  0 4329403.5785 4596093.659 10602592.784 16719546.8114 37864017.470
  1  864339.4259 1444436.264  1615433.382  3587197.5083  5423433.021
  2  254440.3093  236003.612   434847.775   502888.0784  1178328.258
  3  266024.7174  150379.265   170636.629   292971.9293   258681.576
  4   31832.7645   53182.406   117974.800   130682.1809   157515.270
  5   10486.8890   18571.798    43371.378    97152.1296    87705.254
  6    8095.8920    2896.909    16519.248    37248.1639    67319.538
  7    2894.5140    3451.150     2431.184    14757.0875    31517.837
  8    1164.3949    1201.932     2932.662     1441.8222    12022.761
  9     321.1046    1802.897      488.777      360.4556     2404.552
   year
age         1982        1983        1984        1985        1986        1987
  0 64754768.752 61829567.33 53460996.95 80939722.44 97653052.09 86232160.61
  1  8600641.094 17049793.08 15253711.82 15683052.22 27342388.94 33767818.38
  2  1499337.928  2526088.90  4876146.31  4570808.55  3934134.41  7335150.40
  3   631100.919   855666.20  1383031.84  2637143.67  2260204.46  1840602.75
  4   160626.576   310588.05   506131.39   736432.49  1102770.97  1097511.60
  5   105062.891   113364.02   181461.13   267226.51   318098.58   556967.05
  6    52353.639    81390.53    77721.59    87480.47   124068.25   164976.64
  7    39407.170    40913.75    52028.69    48901.32    37949.73    53573.77
  8    10877.682    28254.93    24889.68    23255.51    25130.63    14978.75
  9     3323.736    31080.42    41707.02    28581.19    27348.04    15353.22
   year
age        1988        1989       1990        1991        1992        1993
  0 42292083.65 39183711.49 35866635.9 33636440.90 62152334.35 50270234.83
  1 26996488.76 13735209.90 12654152.6 12440044.54 10998522.16 16995218.06
  2  8562144.94  5561582.28  3284738.6  2960750.15  3362432.33  2747170.59
  3  3619773.91  4445480.91  2766980.8  1669436.85  1235696.32  1404658.03
  4   908651.53  1984882.69  2416028.1  1565924.75   867704.97   615077.26
  5   551093.68   459101.75  1030020.3  1370608.48   896970.28   443029.47
  6   271442.23   256756.60   215117.6   565077.66   765522.41   470381.52
  7    78625.04   124490.66   115382.1   118701.53   316870.15   337650.30
  8    25962.22    35220.18    54985.0    52965.67    70169.61   142641.31
  9    14423.45    15713.62    22719.5    26896.63    41707.96    68134.51
   year
age        1994        1995        1996        1997         1998         1999
  0 34559977.72 41738841.56 50017440.49 29137096.40 28102834.277 69449799.344
  1 12698440.86 10143384.77 11137275.86 17063583.51 10468490.519 10187598.707
  2  4099838.27  3653140.80  2785384.52  3181344.77  5999200.270  3289430.992
  3  1042979.42  1533694.85  1486246.40  1517079.02  1771092.031  3405002.525
  4   605694.05   417276.18   528319.04   745874.21   840974.553   967366.436
  5   267811.70   220009.43   158732.45   314971.03   405126.653   499116.586
  6   197067.19   139160.01    87127.92    89088.75   181574.955   200234.969
  7   211963.00    91506.79    73731.46    57466.76    50878.816    80239.330
  8   128034.02   119433.13    43633.55    57916.83    40770.555    31599.157
  9    85234.08    50653.64    10018.34    17578.70     9201.705     6379.464
   year
age         2000        2001        2002        2003       2004       2005
  0 42389536.934 97487442.30 34766151.74 20060338.84 26095302.9 16577101.9
  1 24640275.076 14953311.98 34799670.27 12365918.63  7165511.6  9184968.8
  2  3571860.626  8387082.27  5145360.10 12316186.78  4192466.0  2516237.3
  3  1911538.586  2114981.17  5492969.85  3316504.29  8079383.3  2723028.1
  4  1837989.218  1148782.06  1295028.74  3623653.46  2238645.9  5384962.9
  5   596590.264  1050408.37   774935.48   894575.26  2486172.8  1510210.3
  6   322999.478   337634.88   645506.08   567642.45   577352.8  1535652.2
  7   115533.754   214039.13   219294.66   418550.11   411360.0   361901.6
  8    46082.303    70698.89   157362.13   152025.57   261849.4   272686.5
  9     7761.263    10626.54    39554.17    36498.08   127440.2   180626.9
   year
age       2006       2007       2008       2009       2010
  0 22114044.1 30340021.6 26079173.5 38289832.0 38849289.0
  1  5512209.5  7695823.0 10587310.3  9232364.4 13814437.3
  2  2966930.1  1897672.0  2658051.8  3720137.4  3318317.2
  3  1560623.8  1792311.3  1157904.6  1709911.4  2565702.6
  4  1792226.8   991165.5  1152578.5   795257.6  1280698.4
  5  3621790.9  1175477.1   660421.4   834748.9   642811.3
  6   911662.6  2325711.7   767628.5   471356.3   669745.8
  7   843948.3   621466.9  1607575.7   570996.8   386190.7
  8   218282.9   578143.5   431583.5  1199863.3   468635.3
  9   165222.4    92889.7   225553.4   322155.2   455006.9


TABLE 3.6.15 North Sea Herring HERRING. SURVIVORS AFTER TERMINAL YEAR

Units  :  NA 
   year
age       2011
  0 28717709.7
  1 13964046.7
  2  4943120.8
  3  2257398.2
  4  1889141.3
  5  1013041.0
  6   503992.9
  7   538386.3
  8   311084.4
  9   730607.1


TABLE 3.6.16 North Sea Herring HERRING. FITTED SELECTION PATTERN

Units  :  NA 
   year
age      2006      2007      2008      2009      2010
  0 0.1725849 0.1725849 0.1725849 0.1725849 0.1725849
  1 0.2061554 0.2061554 0.2061554 0.2061554 0.2061554
  2 0.6340318 0.6340318 0.6340318 0.6340318 0.6340318
  3 0.7892214 0.7892214 0.7892214 0.7892214 0.7892214
  4 1.0000000 1.0000000 1.0000000 1.0000000 1.0000000
  5 1.0657513 1.0657513 1.0657513 1.0657513 1.0657513
  6 0.8800520 0.8800520 0.8800520 0.8800520 0.8800520
  7 0.8647675 0.8647675 0.8647675 0.8647675 0.8647675
  8 1.0000000 1.0000000 1.0000000 1.0000000 1.0000000
  9 1.0000000 1.0000000 1.0000000 1.0000000 1.0000000


TABLE 3.6.17 North Sea Herring HERRING. PREDICTED CATCH IN NUMBERS

Units  :  NA 
   year
age    1960    1961    1962    1963    1964    1965    1966    1967    1968
  0  194600 1269200  141800  442800  496900  157100  374500  645400  839300
  1 2392700  336000 2146900 1262200 2971700 3209300 1383100 1674300 2425000
  2 1142300 1889400  269600 2961200 1547500 2217600 2569700 1171500 1795200
  3 1966700  479900  797400  177200 2243100 1324600  741200 1364700 1494300
  4  165900 1455900  335100  158300  148400 2039400  450100  371500  621400
  5  167700  124000 1081800   80600  149000  145100  889800  297800  157100
  6  112900  157900  126900  229700   95000  151900   45300  393100  145000
  7  125800   61400  145100   22400  256300  117600   64800   67900  163400
  8  128600   56000   86300   42000   26300  413000   95500   81600   13700
  9  142000   87500   86800   51000   57700   78400  236300  172800   91800
   year
age    1969    1970    1971    1972    1973   1974    1975   1976   1977   1978
  0  112000  898100  684000  750400  289400 996100  263800 238200 256800 130000
  1 2503300 1196200 4378500 3340600 2368000 846100 2460500 126600 144300 168600
  2 1883000 2002800 1146800 1440500 1344200 772600  541700 901500  44700   4900
  3  296300  883600  662500  343800  659200 362000  259600 117300 186400   5700
  4  133100  125200  208300  130600  150200 126000  140500  52000  10800   5000
  5  190800   50300   26900   32900   59300  56100   57200  34500   7000    300
  6   49900   61000   30500    5000   30600  22300   16100   6100   4100    200
  7   42700    7900   26800     200    3700   5000    9100   4400   1500    200
  8   27400   12000     100    1100    1400   2000    3400   1000    700    200
  9   25100   12200   12400     400     600   1100    1400    400      0    300
   year
age   1979    1980    1981     1982     1983    1984    1985    1986    1987
  0 542000 1262700 9519700 11956700 13296900 6973300 4211000 3724700 8229200
  1 159200  245100  872000  1116400  2448600 1818400 3253000 4801400 6836300
  2  34100  134000  284300   299400   573800 1146200 1326300 1266700 2137200
  3  10000   91800   56900   230100   216400  441400 1182400  840800  667900
  4  10100   32200   39500    33700   105100  201500  368500  465900  467100
  5   2100   21700   28500    14400    26200   81100  124500  129800  245800
  6    200    2300   22700     6800    22800   22600   43600   62100   74700
  7    800    1400   18700     7800    12800   25200   20200   20500   23800
  8    600     400    5500     3600    11000   11100   13100   13600    8000
  9    100     100    1100     1100    12100   18600   16100   14800    8200
   year
age    1988    1989    1990    1991     1992     1993    1994    1995    1996
  0 3164800 3057800 1302800 2386600 10331300 10265400 4498900 7438469 2311226
  1 7867000 3145900 3020000 2138900  2303100  3826800 1785200 1664874 1606393
  2 2232500 1593700  899300 1132800  1284900  1176300 1783200 1444061  642084
  3 1090700 1363800  779100  556700   442700   609000  489100  816703  525601
  4  383700  809300  861000  548900   361500   305500  347600  231794  172099
  5  255800  211800  387500  501200   360500   215600  109000  118536   57586
  6  128100  123700   80200  205300   375600   226000   91800   55128   22534
  7   38000   61000   54400   39300   152400   188000   76400   41409    9264
  8   15300   19500   28800   25600    39200    87300   70000   68955   17195
  9    8500    8700   11900   13000    23300    41700   46600   29245    3948
   year
age   1997    1998    1999    2000    2001   2002    2003    2004    2005
  0 431175  259526 1566349 1105085 1832691 730279  369074  715597 1015554
  1 479702  977680  303520 1171677  614469 837557  617021  206648  715547
  2 687920 1220105  616354  622853  842635 579592 1221992  447918  355453
  3 446909  537932 1058716  463170  485628 970577  529386 1366155  485746
  4 284920  276333  294066  646814  278884 292205  835552  543376 1318647
  5 109178  175817  135648  213466  321743 140701  244780  753231  479961
  6  31389   88927   69299   82481   90918 174570  107751  169324  576154
  7  11832   15232   27998   35706   38252  48908  123291  104945  115212
  8  18770   16766   10174   14624   17910  34620   37671   65341   88311
  9   5697    3784    2054    2463    2692   8702    9044   31801   58497
   year
age       2006     2007      2008      2009      2010
  0  758590.04 990843.2 623336.00 467438.49 564338.36
  1  224863.12 298945.3 301342.33 134419.19 239257.93
  2  475471.18 290530.4 303369.05 222256.89 234754.32
  3  318573.24 349936.0 169596.20 132216.73 234523.15
  4  470525.91 249280.7 219316.24  80813.06 153492.91
  5 1003472.58 312137.2 133006.59  90080.90  81759.37
  6  214463.63 523676.7 130184.68  42429.60  71191.75
  7  195536.02 137806.6 268332.91  50548.27  40377.79
  8   57307.35 145404.6  82123.05 121928.55  56166.38
  9   43377.00  23362.0  42919.00  32737.00  54533.00


TABLE 3.6.18 North Sea Herring HERRING. CATCH RESIDUALS

Units  :  thousands NA 
   year
age         2006         2007        2008        2009                      2010
  0  0.146910345 -0.467217156  0.24737872  0.32977075  0.0185334097333205403968
  1 -0.012314611 -0.238324577 -0.24856780  0.26908323  0.1598440736670306838718
  2 -0.170127902 -0.282111348  0.08949795  0.15466847  0.2246558207877125401541
  3 -0.025340058  0.176419319  0.08569691 -0.21406521  0.0096784717482016006246
  4 -0.012631169  0.136523875 -0.09686319  0.14390664 -0.1954616206850745274703
  5 -0.005687031 -0.008633398  0.03343610 -0.04476915  0.0257617374683714490946
  6  0.161883959  0.183553981 -0.09531618 -0.11155029 -0.1456571380407511995259
  7  0.233813761  0.070211627 -0.21907264  0.04981297 -0.1925724463891350102251
  8  0.095261215 -0.086257956 -0.09958299 -0.09937946  0.0516229373779081082696
  9  0.000000000  0.000000000  0.00000000  0.00000000 -0.0000000000000001110223


TABLE 3.6.19 North Sea Herring HERRING. PREDICTED INDEX VALUES

MLAI

Units  :  NA NA 
     year
age       1973     1974     1975     1976     1977     1978     1979     1980
  all 16.44596 10.65108 4.710014 4.456631 2.478575 3.582355 6.508117 8.269039
     year
age       1981     1982     1983     1984     1985     1986     1987     1988
  all 13.32637 20.29727 34.28685 58.64577 60.74928 58.69868 82.12345 114.9669
     year
age       1989     1990     1991     1992     1993     1994     1995     1996
  all 121.3948 114.0068 91.03707 61.33465 38.29595 41.90785 37.19996 37.25391
     year
age       1997     1998     1999    2000    2001     2002     2003     2004
  all 46.92828 64.89866 78.71086 80.5044 132.276 169.7471 189.9640 203.7769
     year
age       2005     2006     2007     2008     2009     2010
  all 196.0510 153.7920 119.4584 116.2013 143.7991 127.1856

IBTS0

Units  :  NA NA 
   year
age     1992     1993     1994     1995     1996     1997    1998     1999
  0 161.0473 128.9743 90.34665 107.8221 133.2378 78.12021 75.4315 185.9111
   year
age     2000     2001    2002     2003     2004     2005     2006     2007
  0 113.3916 261.1646 93.0953 53.74515 69.78533 44.01727 59.05463 81.04934
   year
age     2008     2009     2010 2011
  0 69.79248 102.7134 104.1655   77

IBTS-Q1

Units  :  NA NA 
   year
age       1984       1985       1986       1987       1988       1989
  1 2167.01502 2179.04958 3831.04476 4698.09883 3659.76219 1897.04524
  2  584.38145  541.68889  463.02092  869.07176 1020.90930  659.60950
  3  121.75949  225.26088  196.70412  160.51764  319.84986  392.37353
  4   28.82074   40.89558   62.44795   62.10492   51.45779  112.78168
  5   11.87480   14.11989   16.61281   25.18031   29.22698   27.64566
   year
age       1990       1991       1992       1993       1994       1995
  1 1742.96374 1744.65712 1527.34604 2349.85431 1794.83323 1425.37744
  2  390.61330  343.52083  390.17168  314.99014  469.21925  422.50517
  3  245.46229  146.53059  107.87531  120.44506   88.59868  127.86941
  4  138.81720   90.08171   49.20333   34.19062   32.91483   22.80703
  5   45.51605   67.90549   65.19839   44.80152   27.82122   19.09054
   year
age       1996       1997       1998       1999       2000       2001
  1 1572.77699 2473.04677 1496.05601 1475.99152 3556.72608 2161.38130
  2  334.10894  382.65034  723.32576  397.77834  432.94584 1029.49207
  3  129.88103  134.23417  156.42023  300.28157  170.85313  189.47903
  4   30.54449   42.62321   48.59316   56.16510  105.70237   67.44985
  5   12.03443   17.21846   21.53009   26.36625   34.97722   54.48875
   year
age       2002       2003      2004      2005     2006       2007       2008
  1 5047.73991 1784.08680 1038.3516 1317.1662 796.7954 1112.89147 1534.32198
  2  630.32051 1512.08628  514.0791  306.7662 360.5231  230.88205  325.53844
  3  496.71547  300.76460  731.5379  246.1658 140.4550  161.55805  105.23500
  4   76.26257  213.21100  131.4413  316.0568 104.8602   58.10592   68.27647
  5   60.06887   67.31625  124.8401  123.5137 187.0871  156.35563  121.67486
   year
age       2009       2010      2011
  1 1341.75356 2006.55423 2028.2851
  2  459.59729  409.25288  609.6423
  3  157.09625  235.21858  206.9538
  4   47.76059   76.70687  113.1493
  5  113.35688   87.23957  103.3154

HERAS

Units  :  NA NA 
   year
age       1989       1990       1991       1992      1993      1994      1995
  1         NA         NA         NA         NA        NA        NA        NA
  2 5784708.55 3456827.49 2795896.55 3176850.47 2462572.5 3645358.9 3401642.6
  3 5496791.30 3498375.93 2014192.01 1455832.24 1529275.8 1089674.5 1475758.2
  4 2370071.25 3029799.00 1974196.51 1026882.92  666868.4  594391.0  420022.3
  5  525786.76 1286527.18 1728887.70 1092890.53  493073.3  324664.7  229701.6
  6  279093.63  261784.63  693781.03  823620.25  512076.3  218104.6  165607.3
  7  123071.70  116512.26  137752.56  316551.12  306938.6  239578.6   94355.6
  8   33296.49   54038.41   54646.20   65891.21  123927.8  122164.5  109268.5
  9   35564.72   53455.62   66435.43   93763.48  141718.6  194701.5  110947.4
   year
age       1996        1997       1998       1999        2000        2001
  1         NA 10732649.54 6189965.79 6398059.75 15224761.09  9294681.12
  2 3045030.69  3520029.42 6708809.26 3726523.64  4088461.82 10147468.60
  3 1758922.35  1896373.97 2195954.26 4194509.66  2498002.16  2792423.76
  4  680875.49   913250.71 1081132.53 1270145.27  2314285.20  1584595.95
  5  200761.78   404279.24  477795.14  682701.41   758017.42  1396481.75
  6  116960.44   110485.34  195558.73  249730.67   434711.47   449423.47
  7  100045.77    73729.36   60670.21   91649.57   136649.56   280046.01
  8   49473.78    70030.90   45450.67   38278.64    56046.36    90618.22
  9   27194.83    50887.14   24558.30   18501.27    22598.62    32608.54
   year
age       2002       2003       2004      2005      2006      2007      2008
  1 21968213.8  7624021.6  4504002.3 5514142.3 3427221.7 4793455.1 6657098.3
  2  6170924.7 14914585.2  5049272.5 2954548.2 3433638.1 2208301.6 3184401.9
  3  7555855.3  4619957.1 11176618.2 3740927.7 2102346.6 2431053.7 1628440.1
  4  1809799.9  5045146.4  3088016.2 7415759.4 2434222.0 1357947.4 1653190.9
  5  1134722.3  1221797.4  3314584.2 1988174.6 4932875.4 1615877.3  953324.0
  6   858430.8   802499.6   753637.3 1864637.9 1246218.8 3203564.4 1100919.4
  7   277798.0   501103.0   508425.4  424657.6 1062121.2  788017.9 2120859.7
  8   206906.2   195701.0   336619.7  329788.3  277761.9  742092.8  579966.6
  9   124509.3   112482.0   392221.1  522986.4  503336.3  285447.6  725644.5
   year
age      2009      2010
  1 5877865.6 8773534.8
  2 4630776.8 4099551.9
  3 2522165.8 3749108.5
  4 1211685.8 1928241.9
  5 1285078.2  977124.5
  6  712914.1 1002421.2
  7  793700.6  531320.0
  8 1712772.3  661051.6
  9 1100954.7 1536578.1


TABLE 3.6.20 North Sea Herring HERRING. INDEX RESIDUALS

MLAI

Units  :  NA 
     year
age         1973      1974       1975       1976      1977     1978     1979
  all -0.2434732 -0.327563 -0.5283196 -0.5950451 0.8974853 0.708561 0.749079
     year
age        1980       1981        1982       1983       1984      1985
  all 0.1122133 0.01449943 -0.02182911 -0.2978105 -0.2464675 0.1436525
     year
age         1986       1987      1988       1989      1990        1991
  all -0.4744477 -0.2373193 0.1114636 0.04403633 0.3695781 -0.03474850
     year
age         1992       1993       1994       1995       1996      1997
  all -0.4144505 -0.2904352 -0.7406412 -0.5971519 0.08714354 0.1231233
     year
age         1998       1999       2000        2001       2002      2003
  all 0.02581755 -0.3452446 -0.7668551 -0.06947565 -0.4852659 0.2771989
     year
age        2004        2005       2006      2007      2008     2009     2010
  all 0.4159207 -0.06462474 -0.3098874 0.2983869 0.4401628 1.177166 1.095539

IBTS0

Units  :  NA 
   year
age     1992      1993      1994      1995       1996     1997      1998
  0 0.220113 0.3879369 0.1183734 0.1637048 -0.2239905 0.639639 -0.351048
   year
age      1999      2000       2001      2002       2003       2004      2005
  0 0.2718999 0.1898632 -0.1954437 0.5527373 0.01211072 -0.3889136 0.3311977
   year
age      2006       2007       2008        2009       2010
  0 0.3415818 -0.7787494 -0.9204902 -0.06967983 -0.3008779
   year
age                  2011
  0 -0.000000000005385914

IBTS-Q1

Units  :  NA 
   year
age        1984        1985       1986        1987       1988       1989
  1 -0.35752144 -0.03824754 -0.3637548 -0.24072826  0.1828800  0.2062426
  2 -1.28617265  0.28684287  0.5242385  0.05428137  1.4056345  0.2829598
  3 -0.68418194  0.22461241  0.3388125 -0.32210183  0.9061136 -0.1476488
  4 -0.06941527  0.02874061  0.2352030 -0.04535627  0.1189394 -0.2325458
  5 -0.14831223  0.68251043  0.5247408  0.66090930 -0.1540589 -1.1771699
   year
age       1990       1991       1992      1993        1994       1995
  1 -0.4958361 -0.3044407 -0.1859764 0.1731234 -0.02412386 -0.0574822
  2  0.1680568  0.7018111  0.1123458 0.9162217  0.91131085  1.1929106
  3  0.1308603  0.5680637  0.5821545 0.6141153  0.87745213  0.7785665
  4  0.6619549  0.8998092  0.1079113 0.2756440  0.74024104  0.4748902
  5  0.4488733  0.7661471  0.3472626 0.3803270  0.42377561 -1.0695751
   year
age       1996       1997        1998       1999        2000       2001
  1  0.1841953  0.5772092  0.41951910 -0.6732033  0.04626154 0.14529959
  2 -0.5256172  0.2804738  0.09018768  0.1247362 -0.77543018 0.09253951
  3 -1.3739063  0.1920763 -0.49174590  0.5125340 -0.09937471 0.51484104
  4 -1.0974832 -0.3336235 -0.84804906  0.5584968 -0.58583940 0.33069691
  5 -0.3985033  0.1464950 -0.18795253  0.2993053 -1.36281994 0.22568119
   year
age        2002        2003        2004        2005      2006       2007
  1 -0.21656893  0.43815529 -0.05882135 -0.27389889 0.1472122  0.1714313
  2  0.04321051  0.02868078 -0.13087653 -0.35921770 1.4195905 -1.5292242
  3 -0.38451892  0.71022464  0.06070825  0.36894496 0.8573036 -2.1806995
  4 -1.11338831  0.52379120 -0.15672757  0.20745682 0.8755666 -1.9907322
  5 -1.10296461 -0.23598257  0.31597947  0.06251039 0.5938683 -1.3316581
   year
age       2008       2009        2010       2011
  1  0.1684706  0.5579476 -0.49679788  0.3694269
  2 -0.3348456 -1.2157198 -2.11125008 -0.3677012
  3  0.3287249 -1.9907145 -1.90937598  1.0181404
  4  1.0851975 -1.4482356 -0.51256800  1.3094062
  5  0.6468279 -0.8926599  0.03059597  1.5058280

HERAS

Units  :  NA 
   year
age        1989         1990         1991        1992        1993       1994
  1          NA           NA           NA          NA          NA         NA
  2 -0.34667301 -0.044612258 -0.059649220  0.16158976  0.19205813 -0.1350025
  3 -0.34241903  0.006446201 -0.169589876 -0.05494455  0.06807101 -0.2614236
  4 -0.37250120  0.119388343 -0.007727344  0.11062192  0.30202177 -0.3985760
  5 -0.06641702  0.059940279  0.067166701  0.03692516  0.40734286  0.1600063
  6  0.01389958  0.403739691 -0.074457664  0.41398414  0.41696671  0.3864665
  7 -0.02527540  0.589111011  0.503886608  0.22140101  0.58508708  0.3080159
  8  0.27873766  0.900654089  0.542415028  0.54819332  0.37325778  0.5837030
  9 -0.48031181 -0.217651673 -0.264404863  0.10361543 -0.20025328 -0.3962704
   year
age       1995       1996       1997         1998       1999       2000
  1         NA         NA -0.1367383 -0.330250208 -0.2293065  0.4853366
  2  0.1235550  0.3898995  0.5266011 -0.154743498 -0.1911958 -0.3355583
  3  0.3242680  0.4734530  0.4367638  0.137642207  0.1190911 -0.1472366
  4  0.4699506  0.4677974  0.4560822  0.407498682 -0.1293804  0.3051219
  5  0.2636625  0.4376739  0.3964891  0.720409253 -0.2995209  0.2840245
  6  0.2035864 -0.1667159  0.6657552  0.822213522  0.2290100  0.1053341
  7  0.3801831 -0.1867872 -0.4717597  1.030345624  0.4165017  0.6660766
  8  0.0853156  0.9889064  0.1077722 -0.009964967  0.3440919  0.7613126
  9 -0.1764566  2.0248492  1.1392940  1.594740728  1.5480686  1.4568220
   year
age         2001        2002       2003        2004       2005        2006
  1 -0.307093275  0.04828609  0.2540739  0.14055268 -0.5713759  0.68852002
  2  0.191561648 -0.23572860  0.2394327 -0.39080317 -0.3630213  0.09406452
  3  0.098993199  0.08424741 -0.4051312 -0.19551215 -0.0250175 -0.05130795
  4 -0.080524091 -0.26391256 -0.1859885 -0.35404671 -0.2475442 -0.14888103
  5  0.182453964 -0.35630434 -0.5932175 -0.24640409 -0.4942027 -0.16678376
  6  0.001282004  0.18317844 -0.4835778 -0.86569402 -0.4618839 -0.70105723
  7 -0.499155464 -0.12808800  0.1258377 -0.43952512 -1.1103554 -0.63634355
  8  0.078312145 -0.53647520 -0.2964121  0.01600298 -0.9582086 -1.19238244
  9  0.592963178  0.18291558  0.4573038 -0.74823188 -1.5895342 -1.96706521
   year
age       2007        2008        2009       2010
  1  0.2670884 -0.58357423 -0.23325180 0.50770516
  2  0.2193772 -0.10989341  0.19573998 0.03297780
  3 -0.2742208  0.04828582  0.01215117 0.11736873
  4 -0.4135595 -0.10729252 -0.16927311 0.24070312
  5 -0.6955496 -0.16415593 -0.17664016 0.24307964
  6 -0.8843622 -0.43582303 -0.05613085 0.28426332
  7 -1.1764593 -0.19277732 -0.21836807 0.25842434
  8 -1.5855937 -1.14261472 -0.40533217 0.51828342
  9 -1.4796713 -0.98863824 -0.64435911 0.05225072


TABLE 3.6.21 North Sea Herring HERRING. FIT PARAMETERS

                                          Value    Std.dev
F, 2006                          0.321783771248 0.10621648
F, 2007                          0.306002344957 0.10984911
F, 2008                          0.222624907605 0.11388838
F, 2009                          0.112813936102 0.11231985
F, 2010                          0.134447878471 0.11227312
Selectivity at age 0             0.172583853423 0.33781927
Selectivity at age 1             0.206154423949 0.33250623
Selectivity at age 2             0.634030822199 0.09889506
Selectivity at age 3             0.789220427946 0.09620104
Selectivity at age 5             1.065750283035 0.09992415
Selectivity at age 6             0.880050988150 0.10888468
Selectivity at age 7             0.864766496809 0.12613221
Terminal year pop, age 0  38849288.015846230090 0.20980053
Terminal year pop, age 1  13814436.345066158101 0.15885983
Terminal year pop, age 2   3318316.158483601641 0.11378055
Terminal year pop, age 3   2565701.560659476556 0.10109600
Terminal year pop, age 4   1280697.438186891144 0.09611026
Terminal year pop, age 5    642810.299886112334 0.09977344
Terminal year pop, age 6    669744.848127788049 0.10695260
Terminal year pop, age 7    386189.695735376386 0.12808564
Terminal year pop, age 8    468634.302008281287 0.14323581
Last true age pop, 2006     218281.921514861489 0.24572909
Last true age pop, 2007     578142.541303446516 0.19363952
Last true age pop, 2008     431582.451503771241 0.17292266
Last true age pop, 2009    1199862.251218227204 0.15156559
Recruitment prediction    28717709.651650473475 0.30049390
Index 1, biomass, K              1.190555651626 0.04812270
Index 1, biomass, Q              0.000006683656 0.63527424
Index 2, age 0 numbers, Q        0.000003047105 0.06966101
Index 3, age 1 numbers, Q        0.000165161644 0.06548276
Index 3, age 2 numbers, Q        0.000129415878 0.08380718
Index 3, age 3 numbers, Q        0.000095253961 0.43866194
Index 3, age 4 numbers, Q        0.000061675810 0.43867891
Index 3, age 5 numbers, Q        0.000034236709 0.43885448
Index 4, age 1 numbers, Q        1.117696757700 0.08128725
Index 4, age 2 numbers, Q        1.526999311514 0.06434582
Index 4, age 3 numbers, Q        1.729178088859 0.12080690
Index 4, age 4 numbers, Q        1.712835086363 0.15718569
Index 4, age 5 numbers, Q        1.737716394273 0.16585082
Index 4, age 6 numbers, Q        1.687675815852 0.17617841
Index 4, age 7 numbers, Q        1.549574042200 0.18868608
Index 4, age 8 numbers, Q        1.604727401442 0.18925971
Index 4, age 9 numbers, Q        3.841825462449 0.22226248
SRR, a                    56423798.104192271829 0.22092487
SRR, b                      377572.737495324051 0.49214922
                                Lower.95.pct.CL       Upper.95.pct.CL
F, 2006                          0.261306881610        0.396257438000
F, 2007                          0.246728489977        0.379516103423
F, 2008                          0.178086094012        0.278302748797
F, 2009                          0.090522004344        0.140595474782
F, 2010                          0.107890980963        0.167541641240
Selectivity at age 0             0.089010777041        0.334624496634
Selectivity at age 1             0.107437931600        0.395573945635
Selectivity at age 2             0.522311033618        0.769646929940
Selectivity at age 3             0.653597439176        0.952985502318
Selectivity at age 5             0.876190021410        1.296321160975
Selectivity at age 6             0.710924239898        1.089412483466
Selectivity at age 7             0.675356294950        1.107298620885
Terminal year pop, age 0  25751186.838553905487 58609616.279065795243
Terminal year pop, age 1  10118332.687694909051 18860681.638188004494
Terminal year pop, age 2   2655007.782804796007  4147340.809683398809
Terminal year pop, age 3   2104512.377105755731  3127957.131534453481
Terminal year pop, age 4   1060805.668419120368  1546170.026243142551
Terminal year pop, age 5    528632.620790908346   781648.852886643726
Terminal year pop, age 6    543087.105154890451   825941.469307733700
Terminal year pop, age 7    300449.844029535132   496397.265819586872
Terminal year pop, age 8    353923.408360044006   620524.395479863044
Last true age pop, 2006     134849.377466234146   353334.944183563697
Last true age pop, 2007     395553.870287597878   845014.606535850558
Last true age pop, 2008     307516.934856151755   605701.317012457061
Last true age pop, 2009     891489.341653427691  1614903.683793174103
Recruitment prediction    15935446.289094524458 51752980.912802517414
Index 1, biomass, K              1.096235158597        1.284876144654
Index 1, biomass, Q              0.000001924233        0.000023215094
Index 2, age 0 numbers, Q        0.000002658219        0.000003492883
Index 3, age 1 numbers, Q        0.000145267730        0.000187779962
Index 3, age 2 numbers, Q        0.000109811913        0.000152519605
Index 3, age 3 numbers, Q        0.000040316838        0.000225050314
Index 3, age 4 numbers, Q        0.000026103806        0.000145722255
Index 3, age 5 numbers, Q        0.000014485435        0.000080919369
Index 4, age 1 numbers, Q        0.953083354163        1.310741643652
Index 4, age 2 numbers, Q        1.346066674652        1.732252154574
Index 4, age 3 numbers, Q        1.364604557836        2.191152627930
Index 4, age 4 numbers, Q        1.258683066564        2.330852071510
Index 4, age 5 numbers, Q        1.255462751589        2.405215338411
Index 4, age 6 numbers, Q        1.194876278813        2.383719310456
Index 4, age 7 numbers, Q        1.070531616862        2.242978791509
Index 4, age 8 numbers, Q        1.107388866116        2.325425251900
Index 4, age 9 numbers, Q        2.485100702543        5.939245387045
SRR, a                    36593780.104510642588 86999620.793759629130
SRR, b                      143904.626857731637   990664.269889341784


