TABLE 3.6.1 NSH HERRING. CATCH IN NUMBER

Units  :  thousands 
   year
age    1960    1961    1962    1963    1964    1965    1966    1967    1968
  0  194600 1269200  141800  442800  496900  157100  374500  645400  839300
  1 2392700  336000 2146900 1262200 2971700 3209300 1383100 1674300 2425000
  2 1142300 1889400  269600 2961200 1547500 2217600 2569700 1171500 1795200
  3 1966700  479900  797400  177200 2243100 1324600  741200 1364700 1494300
  4  165900 1455900  335100  158300  148400 2039400  450100  371500  621400
  5  167700  124000 1081800   80600  149000  145100  889800  297800  157100
  6  112900  157900  126900  229700   95000  151900   45300  393100  145000
  7  125800   61400  145100   22400  256300  117600   64800   67900  163400
  8  128600   56000   86300   42000   26300  413000   95500   81600   13700
  9  142000   87500   86800   51000   57700   78400  236300  172800   91800
   year
age    1969    1970    1971    1972    1973   1974    1975   1976   1977   1978
  0  112000  898100  684000  750400  289400 996100  263800 238200 256800 130000
  1 2503300 1196200 4378500 3340600 2368000 846100 2460500 126600 144300 168600
  2 1883000 2002800 1146800 1440500 1344200 772600  541700 901500  44700   4900
  3  296300  883600  662500  343800  659200 362000  259600 117300 186400   5700
  4  133100  125200  208300  130600  150200 126000  140500  52000  10800   5000
  5  190800   50300   26900   32900   59300  56100   57200  34500   7000    300
  6   49900   61000   30500    5000   30600  22300   16100   6100   4100    200
  7   42700    7900   26800     200    3700   5000    9100   4400   1500    200
  8   27400   12000     100    1100    1400   2000    3400   1000    700    200
  9   25100   12200   12400     400     600   1100    1400    400      0    300
   year
age   1979    1980    1981     1982     1983    1984    1985    1986    1987
  0 542000 1262700 9519700 11956700 13296900 6973300 4211000 3724700 8229200
  1 159200  245100  872000  1116400  2448600 1818400 3253000 4801400 6836300
  2  34100  134000  284300   299400   573800 1146200 1326300 1266700 2137200
  3  10000   91800   56900   230100   216400  441400 1182400  840800  667900
  4  10100   32200   39500    33700   105100  201500  368500  465900  467100
  5   2100   21700   28500    14400    26200   81100  124500  129800  245800
  6    200    2300   22700     6800    22800   22600   43600   62100   74700
  7    800    1400   18700     7800    12800   25200   20200   20500   23800
  8    600     400    5500     3600    11000   11100   13100   13600    8000
  9    100     100    1100     1100    12100   18600   16100   14800    8200
   year
age    1988    1989    1990    1991     1992     1993    1994    1995    1996
  0 3164800 3057800 1302800 2386600 10331300 10265400 4498900 7438469 2311226
  1 7867000 3145900 3020000 2138900  2303100  3826800 1785200 1664874 1606393
  2 2232500 1593700  899300 1132800  1284900  1176300 1783200 1444061  642084
  3 1090700 1363800  779100  556700   442700   609000  489100  816703  525601
  4  383700  809300  861000  548900   361500   305500  347600  231794  172099
  5  255800  211800  387500  501200   360500   215600  109000  118536   57586
  6  128100  123700   80200  205300   375600   226000   91800   55128   22534
  7   38000   61000   54400   39300   152400   188000   76400   41409    9264
  8   15300   19500   28800   25600    39200    87300   70000   68955   17195
  9    8500    8700   11900   13000    23300    41700   46600   29245    3948
   year
age   1997    1998    1999    2000    2001   2002    2003    2004    2005
  0 431175  259526 1566349 1105085 1832691 730279  369074  715597 1015554
  1 479702  977680  303520 1171677  614469 837557  617021  206648  715547
  2 687920 1220105  616354  622853  842635 579592 1221992  447918  355453
  3 446909  537932 1058716  463170  485628 970577  529386 1366155  485746
  4 284920  276333  294066  646814  278884 292205  835552  543376 1318647
  5 109178  175817  135648  213466  321743 140701  244780  753231  479961
  6  31389   88927   69299   82481   90918 174570  107751  169324  576154
  7  11832   15232   27998   35706   38252  48908  123291  104945  115212
  8  18770   16766   10174   14624   17910  34620   37671   65341   88311
  9   5697    3784    2054    2463    2692   8702    9044   31801   58497
   year
age   2006   2007   2008
  0 878637 621005 798284
  1 222111 235553 235022
  2 401087 219115 331772
  3 310602 417452 184771
  4 464620 285746 199069
  5 997782 309454 137529
  6 252150 629187 118349
  7 247042 147830 215542
  8  63035 133388  74339
  9  43377  23362  42919


TABLE 3.6.2 NSH HERRING. WEIGHTS AT AGE IN THE CATCH

Units  :  kg 
   year
age  1960  1961  1962  1963  1964  1965  1966  1967  1968  1969  1970  1971
  0 0.015 0.015 0.015 0.015 0.015 0.015 0.015 0.015 0.015 0.015 0.015 0.015
  1 0.050 0.050 0.050 0.050 0.050 0.050 0.050 0.050 0.050 0.050 0.050 0.050
  2 0.126 0.126 0.126 0.126 0.126 0.126 0.126 0.126 0.126 0.126 0.126 0.126
  3 0.176 0.176 0.176 0.176 0.176 0.176 0.176 0.176 0.176 0.176 0.176 0.176
  4 0.211 0.211 0.211 0.211 0.211 0.211 0.211 0.211 0.211 0.211 0.211 0.211
  5 0.243 0.243 0.243 0.243 0.243 0.243 0.243 0.243 0.243 0.243 0.243 0.243
  6 0.251 0.251 0.251 0.251 0.251 0.251 0.251 0.251 0.251 0.251 0.251 0.251
  7 0.267 0.267 0.267 0.267 0.267 0.267 0.267 0.267 0.267 0.267 0.267 0.267
  8 0.271 0.271 0.271 0.271 0.271 0.271 0.271 0.271 0.271 0.271 0.271 0.271
  9 0.271 0.271 0.271 0.271 0.271 0.271 0.271 0.271 0.271 0.271 0.271 0.271
   year
age  1972  1973  1974  1975  1976  1977  1978  1979  1980  1981  1982  1983
  0 0.015 0.015 0.015 0.015 0.015 0.015 0.015 0.015 0.015 0.007 0.010 0.010
  1 0.050 0.050 0.050 0.050 0.050 0.050 0.050 0.050 0.050 0.049 0.059 0.059
  2 0.126 0.126 0.126 0.126 0.126 0.126 0.126 0.126 0.126 0.118 0.118 0.118
  3 0.176 0.176 0.176 0.176 0.176 0.176 0.176 0.176 0.176 0.142 0.149 0.149
  4 0.211 0.211 0.211 0.211 0.211 0.211 0.211 0.211 0.211 0.189 0.179 0.179
  5 0.243 0.243 0.243 0.243 0.243 0.243 0.243 0.243 0.243 0.211 0.217 0.217
  6 0.251 0.251 0.251 0.251 0.251 0.251 0.251 0.251 0.251 0.222 0.238 0.238
  7 0.267 0.267 0.267 0.267 0.267 0.267 0.267 0.267 0.267 0.267 0.265 0.265
  8 0.271 0.271 0.271 0.271 0.271 0.271 0.271 0.271 0.271 0.271 0.274 0.274
  9 0.271 0.271 0.271 0.271 0.271 0.000 0.271 0.271 0.271 0.271 0.275 0.275
   year
age  1984  1985  1986  1987  1988  1989  1990  1991  1992  1993  1994  1995
  0 0.010 0.009 0.006 0.011 0.011 0.017 0.019 0.017 0.010 0.010 0.006 0.009
  1 0.059 0.036 0.067 0.035 0.055 0.043 0.055 0.058 0.053 0.033 0.056 0.042
  2 0.118 0.128 0.121 0.099 0.111 0.115 0.114 0.130 0.102 0.115 0.130 0.130
  3 0.149 0.164 0.153 0.150 0.145 0.153 0.149 0.166 0.175 0.145 0.159 0.169
  4 0.179 0.194 0.182 0.180 0.174 0.173 0.177 0.184 0.189 0.189 0.181 0.198
  5 0.217 0.211 0.208 0.211 0.197 0.208 0.193 0.203 0.207 0.204 0.214 0.207
  6 0.238 0.220 0.221 0.234 0.216 0.231 0.229 0.217 0.223 0.228 0.240 0.243
  7 0.265 0.258 0.238 0.258 0.237 0.247 0.236 0.235 0.237 0.244 0.255 0.247
  8 0.274 0.270 0.252 0.277 0.253 0.265 0.250 0.259 0.249 0.256 0.273 0.283
  9 0.275 0.292 0.262 0.299 0.263 0.259 0.287 0.271 0.287 0.310 0.281 0.276
   year
age  1996  1997  1998  1999  2000  2001  2002  2003  2004  2005  2006   2007
  0 0.015 0.015 0.021 0.009 0.015 0.012 0.012 0.014 0.014 0.011 0.010 0.0124
  1 0.018 0.044 0.051 0.045 0.033 0.048 0.037 0.037 0.036 0.044 0.049 0.0638
  2 0.112 0.108 0.114 0.115 0.113 0.118 0.118 0.104 0.100 0.099 0.117 0.1214
  3 0.156 0.148 0.145 0.151 0.157 0.149 0.153 0.158 0.138 0.153 0.144 0.1513
  4 0.188 0.195 0.183 0.171 0.179 0.177 0.170 0.174 0.183 0.166 0.172 0.1634
  5 0.204 0.227 0.219 0.207 0.201 0.198 0.199 0.184 0.201 0.208 0.181 0.1933
  6 0.212 0.226 0.238 0.233 0.216 0.213 0.214 0.205 0.216 0.223 0.220 0.1900
  7 0.261 0.235 0.247 0.245 0.246 0.238 0.228 0.222 0.228 0.240 0.237 0.2232
  8 0.280 0.244 0.289 0.261 0.275 0.267 0.250 0.232 0.246 0.257 0.235 0.2349
  9 0.288 0.291 0.283 0.301 0.262 0.288 0.252 0.256 0.272 0.278 0.262 0.2523
   year
age   2008
  0 0.0079
  1 0.0535
  2 0.1288
  3 0.1796
  4 0.1812
  5 0.1832
  6 0.2157
  7 0.2161
  8 0.2560
  9 0.2726


TABLE 3.6.3 NSH HERRING. WEIGHTS AT AGE IN THE STOCK

Units  :  kg 
   year
age  1960  1961  1962  1963  1964  1965  1966  1967  1968  1969  1970  1971
  0 0.015 0.015 0.015 0.015 0.015 0.015 0.015 0.015 0.015 0.015 0.015 0.015
  1 0.050 0.050 0.050 0.050 0.050 0.050 0.050 0.050 0.050 0.050 0.050 0.050
  2 0.155 0.155 0.155 0.155 0.155 0.155 0.155 0.155 0.155 0.155 0.155 0.155
  3 0.187 0.187 0.187 0.187 0.187 0.187 0.187 0.187 0.187 0.187 0.187 0.187
  4 0.223 0.223 0.223 0.223 0.223 0.223 0.223 0.223 0.223 0.223 0.223 0.223
  5 0.239 0.239 0.239 0.239 0.239 0.239 0.239 0.239 0.239 0.239 0.239 0.239
  6 0.276 0.276 0.276 0.276 0.276 0.276 0.276 0.276 0.276 0.276 0.276 0.276
  7 0.299 0.299 0.299 0.299 0.299 0.299 0.299 0.299 0.299 0.299 0.299 0.299
  8 0.306 0.306 0.306 0.306 0.306 0.306 0.306 0.306 0.306 0.306 0.306 0.306
  9 0.312 0.312 0.312 0.312 0.312 0.312 0.312 0.312 0.312 0.312 0.312 0.312
   year
age  1972  1973  1974  1975  1976  1977  1978  1979  1980  1981  1982  1983
  0 0.015 0.015 0.015 0.015 0.015 0.015 0.015 0.015 0.015 0.015 0.015 0.017
  1 0.050 0.050 0.050 0.050 0.050 0.050 0.050 0.050 0.050 0.050 0.050 0.057
  2 0.155 0.155 0.155 0.155 0.155 0.155 0.155 0.155 0.155 0.155 0.155 0.150
  3 0.187 0.187 0.187 0.187 0.187 0.187 0.187 0.187 0.187 0.187 0.187 0.190
  4 0.223 0.223 0.223 0.223 0.223 0.223 0.223 0.223 0.223 0.223 0.223 0.230
  5 0.239 0.239 0.239 0.239 0.239 0.239 0.239 0.239 0.239 0.239 0.239 0.243
  6 0.276 0.276 0.276 0.276 0.276 0.276 0.276 0.276 0.276 0.276 0.276 0.282
  7 0.299 0.299 0.299 0.299 0.299 0.299 0.299 0.299 0.299 0.299 0.299 0.311
  8 0.306 0.306 0.306 0.306 0.306 0.306 0.306 0.306 0.306 0.306 0.306 0.338
  9 0.312 0.312 0.312 0.312 0.312 0.312 0.312 0.312 0.312 0.312 0.312 0.347
   year
age  1984  1985  1986  1987  1988  1989  1990  1991  1992  1993  1994  1995
  0 0.016 0.014 0.009 0.008 0.009 0.012 0.011 0.010 0.006 0.007 0.006 0.006
  1 0.056 0.061 0.050 0.048 0.044 0.052 0.059 0.064 0.061 0.060 0.057 0.054
  2 0.138 0.130 0.122 0.123 0.122 0.126 0.139 0.137 0.134 0.126 0.129 0.130
  3 0.187 0.183 0.170 0.166 0.165 0.174 0.184 0.194 0.184 0.192 0.186 0.199
  4 0.232 0.232 0.212 0.208 0.205 0.212 0.212 0.214 0.213 0.214 0.211 0.227
  5 0.247 0.252 0.230 0.229 0.228 0.244 0.239 0.234 0.234 0.240 0.224 0.234
  6 0.275 0.273 0.242 0.248 0.252 0.271 0.265 0.253 0.262 0.275 0.268 0.274
  7 0.321 0.315 0.275 0.259 0.261 0.284 0.280 0.272 0.273 0.291 0.293 0.301
  8 0.341 0.331 0.268 0.263 0.277 0.298 0.300 0.291 0.302 0.309 0.318 0.323
  9 0.365 0.392 0.343 0.325 0.315 0.331 0.328 0.312 0.320 0.337 0.345 0.343
   year
age  1996  1997  1998  1999  2000  2001  2002  2003  2004  2005  2006  2007
  0 0.005 0.006 0.006 0.006 0.006 0.006 0.007 0.007 0.006 0.007 0.006 0.008
  1 0.049 0.047 0.051 0.051 0.051 0.047 0.047 0.042 0.041 0.041 0.051 0.055
  2 0.123 0.116 0.116 0.116 0.122 0.128 0.123 0.119 0.118 0.126 0.128 0.125
  3 0.183 0.187 0.179 0.184 0.172 0.172 0.173 0.165 0.164 0.155 0.161 0.156
  4 0.230 0.241 0.226 0.221 0.210 0.205 0.202 0.203 0.198 0.191 0.180 0.180
  5 0.237 0.264 0.256 0.248 0.233 0.228 0.222 0.223 0.225 0.216 0.207 0.196
  6 0.257 0.284 0.273 0.279 0.255 0.248 0.242 0.248 0.248 0.242 0.224 0.212
  7 0.280 0.287 0.276 0.286 0.275 0.270 0.266 0.268 0.265 0.252 0.238 0.230
  8 0.303 0.301 0.270 0.281 0.274 0.289 0.285 0.283 0.281 0.266 0.255 0.245
  9 0.334 0.342 0.318 0.303 0.280 0.275 0.283 0.275 0.291 0.277 0.264 0.249
   year
age  2008
  0 0.008
  1 0.058
  2 0.130
  3 0.164
  4 0.181
  5 0.195
  6 0.218
  7 0.226
  8 0.253
  9 0.260


TABLE 3.6.4 NSH HERRING. NATURAL MORTALITY

Units  :  NA 
   year
age 1960 1961 1962 1963 1964 1965 1966 1967 1968 1969 1970 1971 1972 1973 1974
  0  1.0  1.0  1.0  1.0  1.0  1.0  1.0  1.0  1.0  1.0  1.0  1.0  1.0  1.0  1.0
  1  1.0  1.0  1.0  1.0  1.0  1.0  1.0  1.0  1.0  1.0  1.0  1.0  1.0  1.0  1.0
  2  0.3  0.3  0.3  0.3  0.3  0.3  0.3  0.3  0.3  0.3  0.3  0.3  0.3  0.3  0.3
  3  0.2  0.2  0.2  0.2  0.2  0.2  0.2  0.2  0.2  0.2  0.2  0.2  0.2  0.2  0.2
  4  0.1  0.1  0.1  0.1  0.1  0.1  0.1  0.1  0.1  0.1  0.1  0.1  0.1  0.1  0.1
  5  0.1  0.1  0.1  0.1  0.1  0.1  0.1  0.1  0.1  0.1  0.1  0.1  0.1  0.1  0.1
  6  0.1  0.1  0.1  0.1  0.1  0.1  0.1  0.1  0.1  0.1  0.1  0.1  0.1  0.1  0.1
  7  0.1  0.1  0.1  0.1  0.1  0.1  0.1  0.1  0.1  0.1  0.1  0.1  0.1  0.1  0.1
  8  0.1  0.1  0.1  0.1  0.1  0.1  0.1  0.1  0.1  0.1  0.1  0.1  0.1  0.1  0.1
  9  0.1  0.1  0.1  0.1  0.1  0.1  0.1  0.1  0.1  0.1  0.1  0.1  0.1  0.1  0.1
   year
age 1975 1976 1977 1978 1979 1980 1981 1982 1983 1984 1985 1986 1987 1988 1989
  0  1.0  1.0  1.0  1.0  1.0  1.0  1.0  1.0  1.0  1.0  1.0  1.0  1.0  1.0  1.0
  1  1.0  1.0  1.0  1.0  1.0  1.0  1.0  1.0  1.0  1.0  1.0  1.0  1.0  1.0  1.0
  2  0.3  0.3  0.3  0.3  0.3  0.3  0.3  0.3  0.3  0.3  0.3  0.3  0.3  0.3  0.3
  3  0.2  0.2  0.2  0.2  0.2  0.2  0.2  0.2  0.2  0.2  0.2  0.2  0.2  0.2  0.2
  4  0.1  0.1  0.1  0.1  0.1  0.1  0.1  0.1  0.1  0.1  0.1  0.1  0.1  0.1  0.1
  5  0.1  0.1  0.1  0.1  0.1  0.1  0.1  0.1  0.1  0.1  0.1  0.1  0.1  0.1  0.1
  6  0.1  0.1  0.1  0.1  0.1  0.1  0.1  0.1  0.1  0.1  0.1  0.1  0.1  0.1  0.1
  7  0.1  0.1  0.1  0.1  0.1  0.1  0.1  0.1  0.1  0.1  0.1  0.1  0.1  0.1  0.1
  8  0.1  0.1  0.1  0.1  0.1  0.1  0.1  0.1  0.1  0.1  0.1  0.1  0.1  0.1  0.1
  9  0.1  0.1  0.1  0.1  0.1  0.1  0.1  0.1  0.1  0.1  0.1  0.1  0.1  0.1  0.1
   year
age 1990 1991 1992 1993 1994 1995 1996 1997 1998 1999 2000 2001 2002 2003 2004
  0  1.0  1.0  1.0  1.0  1.0  1.0  1.0  1.0  1.0  1.0  1.0  1.0  1.0  1.0  1.0
  1  1.0  1.0  1.0  1.0  1.0  1.0  1.0  1.0  1.0  1.0  1.0  1.0  1.0  1.0  1.0
  2  0.3  0.3  0.3  0.3  0.3  0.3  0.3  0.3  0.3  0.3  0.3  0.3  0.3  0.3  0.3
  3  0.2  0.2  0.2  0.2  0.2  0.2  0.2  0.2  0.2  0.2  0.2  0.2  0.2  0.2  0.2
  4  0.1  0.1  0.1  0.1  0.1  0.1  0.1  0.1  0.1  0.1  0.1  0.1  0.1  0.1  0.1
  5  0.1  0.1  0.1  0.1  0.1  0.1  0.1  0.1  0.1  0.1  0.1  0.1  0.1  0.1  0.1
  6  0.1  0.1  0.1  0.1  0.1  0.1  0.1  0.1  0.1  0.1  0.1  0.1  0.1  0.1  0.1
  7  0.1  0.1  0.1  0.1  0.1  0.1  0.1  0.1  0.1  0.1  0.1  0.1  0.1  0.1  0.1
  8  0.1  0.1  0.1  0.1  0.1  0.1  0.1  0.1  0.1  0.1  0.1  0.1  0.1  0.1  0.1
  9  0.1  0.1  0.1  0.1  0.1  0.1  0.1  0.1  0.1  0.1  0.1  0.1  0.1  0.1  0.1
   year
age 2005 2006 2007 2008
  0  1.0  1.0  1.0  1.0
  1  1.0  1.0  1.0  1.0
  2  0.3  0.3  0.3  0.3
  3  0.2  0.2  0.2  0.2
  4  0.1  0.1  0.1  0.1
  5  0.1  0.1  0.1  0.1
  6  0.1  0.1  0.1  0.1
  7  0.1  0.1  0.1  0.1
  8  0.1  0.1  0.1  0.1
  9  0.1  0.1  0.1  0.1


TABLE 3.6.5 NSH HERRING. PROPORTION MATURE

Units  :  NA 
   year
age 1960 1961 1962 1963 1964 1965 1966 1967 1968 1969 1970 1971 1972 1973 1974
  0    0    0    0    0    0    0    0    0    0    0    0    0 0.00 0.00 0.00
  1    0    0    0    0    0    0    0    0    0    0    0    0 0.00 0.00 0.00
  2    1    1    1    1    1    1    1    1    1    1    1    1 0.82 0.82 0.82
  3    1    1    1    1    1    1    1    1    1    1    1    1 1.00 1.00 1.00
  4    1    1    1    1    1    1    1    1    1    1    1    1 1.00 1.00 1.00
  5    1    1    1    1    1    1    1    1    1    1    1    1 1.00 1.00 1.00
  6    1    1    1    1    1    1    1    1    1    1    1    1 1.00 1.00 1.00
  7    1    1    1    1    1    1    1    1    1    1    1    1 1.00 1.00 1.00
  8    1    1    1    1    1    1    1    1    1    1    1    1 1.00 1.00 1.00
  9    1    1    1    1    1    1    1    1    1    1    1    1 1.00 1.00 1.00
   year
age 1975 1976 1977 1978 1979 1980 1981 1982 1983 1984 1985 1986 1987 1988 1989
  0 0.00 0.00 0.00 0.00 0.00 0.00 0.00 0.00 0.00 0.00  0.0 0.00  0.0 0.00 0.00
  1 0.00 0.00 0.00 0.00 0.00 0.00 0.00 0.00 0.00 0.00  0.0 0.00  0.0 0.00 0.00
  2 0.82 0.82 0.82 0.82 0.82 0.82 0.82 0.82 0.82 0.82  0.7 0.75  0.8 0.85 0.82
  3 1.00 1.00 1.00 1.00 1.00 1.00 1.00 1.00 1.00 1.00  1.0 1.00  1.0 0.93 0.94
  4 1.00 1.00 1.00 1.00 1.00 1.00 1.00 1.00 1.00 1.00  1.0 1.00  1.0 1.00 1.00
  5 1.00 1.00 1.00 1.00 1.00 1.00 1.00 1.00 1.00 1.00  1.0 1.00  1.0 1.00 1.00
  6 1.00 1.00 1.00 1.00 1.00 1.00 1.00 1.00 1.00 1.00  1.0 1.00  1.0 1.00 1.00
  7 1.00 1.00 1.00 1.00 1.00 1.00 1.00 1.00 1.00 1.00  1.0 1.00  1.0 1.00 1.00
  8 1.00 1.00 1.00 1.00 1.00 1.00 1.00 1.00 1.00 1.00  1.0 1.00  1.0 1.00 1.00
  9 1.00 1.00 1.00 1.00 1.00 1.00 1.00 1.00 1.00 1.00  1.0 1.00  1.0 1.00 1.00
   year
age 1990 1991 1992 1993 1994 1995 1996 1997 1998 1999 2000 2001 2002 2003 2004
  0 0.00 0.00 0.00 0.00 0.00 0.00 0.00 0.00 0.00 0.00 0.00 0.00 0.00 0.00 0.00
  1 0.00 0.00 0.00 0.00 0.00 0.00 0.00 0.00 0.00 0.00 0.00 0.00 0.00 0.00 0.00
  2 0.91 0.86 0.50 0.47 0.73 0.67 0.61 0.64 0.64 0.69 0.67 0.77 0.87 0.43 0.70
  3 0.97 0.99 0.99 0.61 0.93 0.95 0.98 0.94 0.89 0.91 0.96 0.92 0.97 0.93 0.65
  4 1.00 1.00 1.00 1.00 1.00 1.00 1.00 1.00 1.00 1.00 1.00 1.00 1.00 1.00 1.00
  5 1.00 1.00 1.00 1.00 1.00 1.00 1.00 1.00 1.00 1.00 1.00 1.00 1.00 1.00 1.00
  6 1.00 1.00 1.00 1.00 1.00 1.00 1.00 1.00 1.00 1.00 1.00 1.00 1.00 1.00 1.00
  7 1.00 1.00 1.00 1.00 1.00 1.00 1.00 1.00 1.00 1.00 1.00 1.00 1.00 1.00 1.00
  8 1.00 1.00 1.00 1.00 1.00 1.00 1.00 1.00 1.00 1.00 1.00 1.00 1.00 1.00 1.00
  9 1.00 1.00 1.00 1.00 1.00 1.00 1.00 1.00 1.00 1.00 1.00 1.00 1.00 1.00 1.00
   year
age 2005 2006 2007 2008
  0 0.00 0.00 0.00 0.00
  1 0.00 0.00 0.00 0.00
  2 0.76 0.66 0.71 0.86
  3 0.96 0.88 0.92 0.98
  4 0.96 0.98 0.93 0.99
  5 1.00 1.00 1.00 1.00
  6 1.00 1.00 1.00 1.00
  7 1.00 1.00 1.00 1.00
  8 1.00 1.00 1.00 1.00
  9 1.00 1.00 1.00 1.00


TABLE 3.6.6 NSH HERRING. FRACTION OF HARVEST BEFORE SPAWNING

Units  :  NA 
   year
age 1960 1961 1962 1963 1964 1965 1966 1967 1968 1969 1970 1971 1972 1973 1974
  0 0.67 0.67 0.67 0.67 0.67 0.67 0.67 0.67 0.67 0.67 0.67 0.67 0.67 0.67 0.67
  1 0.67 0.67 0.67 0.67 0.67 0.67 0.67 0.67 0.67 0.67 0.67 0.67 0.67 0.67 0.67
  2 0.67 0.67 0.67 0.67 0.67 0.67 0.67 0.67 0.67 0.67 0.67 0.67 0.67 0.67 0.67
  3 0.67 0.67 0.67 0.67 0.67 0.67 0.67 0.67 0.67 0.67 0.67 0.67 0.67 0.67 0.67
  4 0.67 0.67 0.67 0.67 0.67 0.67 0.67 0.67 0.67 0.67 0.67 0.67 0.67 0.67 0.67
  5 0.67 0.67 0.67 0.67 0.67 0.67 0.67 0.67 0.67 0.67 0.67 0.67 0.67 0.67 0.67
  6 0.67 0.67 0.67 0.67 0.67 0.67 0.67 0.67 0.67 0.67 0.67 0.67 0.67 0.67 0.67
  7 0.67 0.67 0.67 0.67 0.67 0.67 0.67 0.67 0.67 0.67 0.67 0.67 0.67 0.67 0.67
  8 0.67 0.67 0.67 0.67 0.67 0.67 0.67 0.67 0.67 0.67 0.67 0.67 0.67 0.67 0.67
  9 0.67 0.67 0.67 0.67 0.67 0.67 0.67 0.67 0.67 0.67 0.67 0.67 0.67 0.67 0.67
   year
age 1975 1976 1977 1978 1979 1980 1981 1982 1983 1984 1985 1986 1987 1988 1989
  0 0.67 0.67 0.67 0.67 0.67 0.67 0.67 0.67 0.67 0.67 0.67 0.67 0.67 0.67 0.67
  1 0.67 0.67 0.67 0.67 0.67 0.67 0.67 0.67 0.67 0.67 0.67 0.67 0.67 0.67 0.67
  2 0.67 0.67 0.67 0.67 0.67 0.67 0.67 0.67 0.67 0.67 0.67 0.67 0.67 0.67 0.67
  3 0.67 0.67 0.67 0.67 0.67 0.67 0.67 0.67 0.67 0.67 0.67 0.67 0.67 0.67 0.67
  4 0.67 0.67 0.67 0.67 0.67 0.67 0.67 0.67 0.67 0.67 0.67 0.67 0.67 0.67 0.67
  5 0.67 0.67 0.67 0.67 0.67 0.67 0.67 0.67 0.67 0.67 0.67 0.67 0.67 0.67 0.67
  6 0.67 0.67 0.67 0.67 0.67 0.67 0.67 0.67 0.67 0.67 0.67 0.67 0.67 0.67 0.67
  7 0.67 0.67 0.67 0.67 0.67 0.67 0.67 0.67 0.67 0.67 0.67 0.67 0.67 0.67 0.67
  8 0.67 0.67 0.67 0.67 0.67 0.67 0.67 0.67 0.67 0.67 0.67 0.67 0.67 0.67 0.67
  9 0.67 0.67 0.67 0.67 0.67 0.67 0.67 0.67 0.67 0.67 0.67 0.67 0.67 0.67 0.67
   year
age 1990 1991 1992 1993 1994 1995 1996 1997 1998 1999 2000 2001 2002 2003 2004
  0 0.67 0.67 0.67 0.67 0.67 0.67 0.67 0.67 0.67 0.67 0.67 0.67 0.67 0.67 0.67
  1 0.67 0.67 0.67 0.67 0.67 0.67 0.67 0.67 0.67 0.67 0.67 0.67 0.67 0.67 0.67
  2 0.67 0.67 0.67 0.67 0.67 0.67 0.67 0.67 0.67 0.67 0.67 0.67 0.67 0.67 0.67
  3 0.67 0.67 0.67 0.67 0.67 0.67 0.67 0.67 0.67 0.67 0.67 0.67 0.67 0.67 0.67
  4 0.67 0.67 0.67 0.67 0.67 0.67 0.67 0.67 0.67 0.67 0.67 0.67 0.67 0.67 0.67
  5 0.67 0.67 0.67 0.67 0.67 0.67 0.67 0.67 0.67 0.67 0.67 0.67 0.67 0.67 0.67
  6 0.67 0.67 0.67 0.67 0.67 0.67 0.67 0.67 0.67 0.67 0.67 0.67 0.67 0.67 0.67
  7 0.67 0.67 0.67 0.67 0.67 0.67 0.67 0.67 0.67 0.67 0.67 0.67 0.67 0.67 0.67
  8 0.67 0.67 0.67 0.67 0.67 0.67 0.67 0.67 0.67 0.67 0.67 0.67 0.67 0.67 0.67
  9 0.67 0.67 0.67 0.67 0.67 0.67 0.67 0.67 0.67 0.67 0.67 0.67 0.67 0.67 0.67
   year
age 2005 2006 2007 2008
  0 0.67 0.67 0.67 0.67
  1 0.67 0.67 0.67 0.67
  2 0.67 0.67 0.67 0.67
  3 0.67 0.67 0.67 0.67
  4 0.67 0.67 0.67 0.67
  5 0.67 0.67 0.67 0.67
  6 0.67 0.67 0.67 0.67
  7 0.67 0.67 0.67 0.67
  8 0.67 0.67 0.67 0.67
  9 0.67 0.67 0.67 0.67


TABLE 3.6.7 NSH HERRING. FRACTION OF NATURAL MORTALITY BEFORE SPAWNING

Units  :  NA 
   year
age 1960 1961 1962 1963 1964 1965 1966 1967 1968 1969 1970 1971 1972 1973 1974
  0 0.67 0.67 0.67 0.67 0.67 0.67 0.67 0.67 0.67 0.67 0.67 0.67 0.67 0.67 0.67
  1 0.67 0.67 0.67 0.67 0.67 0.67 0.67 0.67 0.67 0.67 0.67 0.67 0.67 0.67 0.67
  2 0.67 0.67 0.67 0.67 0.67 0.67 0.67 0.67 0.67 0.67 0.67 0.67 0.67 0.67 0.67
  3 0.67 0.67 0.67 0.67 0.67 0.67 0.67 0.67 0.67 0.67 0.67 0.67 0.67 0.67 0.67
  4 0.67 0.67 0.67 0.67 0.67 0.67 0.67 0.67 0.67 0.67 0.67 0.67 0.67 0.67 0.67
  5 0.67 0.67 0.67 0.67 0.67 0.67 0.67 0.67 0.67 0.67 0.67 0.67 0.67 0.67 0.67
  6 0.67 0.67 0.67 0.67 0.67 0.67 0.67 0.67 0.67 0.67 0.67 0.67 0.67 0.67 0.67
  7 0.67 0.67 0.67 0.67 0.67 0.67 0.67 0.67 0.67 0.67 0.67 0.67 0.67 0.67 0.67
  8 0.67 0.67 0.67 0.67 0.67 0.67 0.67 0.67 0.67 0.67 0.67 0.67 0.67 0.67 0.67
  9 0.67 0.67 0.67 0.67 0.67 0.67 0.67 0.67 0.67 0.67 0.67 0.67 0.67 0.67 0.67
   year
age 1975 1976 1977 1978 1979 1980 1981 1982 1983 1984 1985 1986 1987 1988 1989
  0 0.67 0.67 0.67 0.67 0.67 0.67 0.67 0.67 0.67 0.67 0.67 0.67 0.67 0.67 0.67
  1 0.67 0.67 0.67 0.67 0.67 0.67 0.67 0.67 0.67 0.67 0.67 0.67 0.67 0.67 0.67
  2 0.67 0.67 0.67 0.67 0.67 0.67 0.67 0.67 0.67 0.67 0.67 0.67 0.67 0.67 0.67
  3 0.67 0.67 0.67 0.67 0.67 0.67 0.67 0.67 0.67 0.67 0.67 0.67 0.67 0.67 0.67
  4 0.67 0.67 0.67 0.67 0.67 0.67 0.67 0.67 0.67 0.67 0.67 0.67 0.67 0.67 0.67
  5 0.67 0.67 0.67 0.67 0.67 0.67 0.67 0.67 0.67 0.67 0.67 0.67 0.67 0.67 0.67
  6 0.67 0.67 0.67 0.67 0.67 0.67 0.67 0.67 0.67 0.67 0.67 0.67 0.67 0.67 0.67
  7 0.67 0.67 0.67 0.67 0.67 0.67 0.67 0.67 0.67 0.67 0.67 0.67 0.67 0.67 0.67
  8 0.67 0.67 0.67 0.67 0.67 0.67 0.67 0.67 0.67 0.67 0.67 0.67 0.67 0.67 0.67
  9 0.67 0.67 0.67 0.67 0.67 0.67 0.67 0.67 0.67 0.67 0.67 0.67 0.67 0.67 0.67
   year
age 1990 1991 1992 1993 1994 1995 1996 1997 1998 1999 2000 2001 2002 2003 2004
  0 0.67 0.67 0.67 0.67 0.67 0.67 0.67 0.67 0.67 0.67 0.67 0.67 0.67 0.67 0.67
  1 0.67 0.67 0.67 0.67 0.67 0.67 0.67 0.67 0.67 0.67 0.67 0.67 0.67 0.67 0.67
  2 0.67 0.67 0.67 0.67 0.67 0.67 0.67 0.67 0.67 0.67 0.67 0.67 0.67 0.67 0.67
  3 0.67 0.67 0.67 0.67 0.67 0.67 0.67 0.67 0.67 0.67 0.67 0.67 0.67 0.67 0.67
  4 0.67 0.67 0.67 0.67 0.67 0.67 0.67 0.67 0.67 0.67 0.67 0.67 0.67 0.67 0.67
  5 0.67 0.67 0.67 0.67 0.67 0.67 0.67 0.67 0.67 0.67 0.67 0.67 0.67 0.67 0.67
  6 0.67 0.67 0.67 0.67 0.67 0.67 0.67 0.67 0.67 0.67 0.67 0.67 0.67 0.67 0.67
  7 0.67 0.67 0.67 0.67 0.67 0.67 0.67 0.67 0.67 0.67 0.67 0.67 0.67 0.67 0.67
  8 0.67 0.67 0.67 0.67 0.67 0.67 0.67 0.67 0.67 0.67 0.67 0.67 0.67 0.67 0.67
  9 0.67 0.67 0.67 0.67 0.67 0.67 0.67 0.67 0.67 0.67 0.67 0.67 0.67 0.67 0.67
   year
age 2005 2006 2007 2008
  0 0.67 0.67 0.67 0.67
  1 0.67 0.67 0.67 0.67
  2 0.67 0.67 0.67 0.67
  3 0.67 0.67 0.67 0.67
  4 0.67 0.67 0.67 0.67
  5 0.67 0.67 0.67 0.67
  6 0.67 0.67 0.67 0.67
  7 0.67 0.67 0.67 0.67
  8 0.67 0.67 0.67 0.67
  9 0.67 0.67 0.67 0.67


TABLE 3.6.8 NSH HERRING. SURVEY INDICES

MLAI - Configuration

"Herring" "in" "Sub-area" "IV," "Divisions" "VIId" "&" "IIIa" "(autumn-spawners)"
      min       max plusgroup   minyear   maxyear    startf      endf 
       NA        NA        NA      1973      2008        NA        NA 
Index type : biomass

MLAI - Index Values

Units  :  NA 
     year
age     1973  1974  1975  1976  1977  1978   1979  1980   1981   1982   1983
  all 13.182 7.943 2.819 2.494 6.151 7.427 14.363 9.771 14.337 20.891 26.804
     year
age     1984   1985   1986  1987    1988    1989    1990   1991   1992   1993
  all 48.367 73.818 38.444 67.69 134.382 131.732 171.592 90.332 42.147 30.069
     year
age     1994   1995   1996   1997   1998   1999   2000    2001    2002    2003
  all 20.798 22.353 43.982 56.462 72.912 60.531 40.441 129.562 109.899 267.813
     year
age      2004    2005    2006    2007    2008
  all 321.658 192.266 117.856 173.003 181.746

MLAI - Index Variance (Inverse Weights) 

Units  :  NA 
     year
age       1973     1974     1975     1976     1977     1978     1979     1980
  all 1.666667 1.666667 1.666667 1.666667 1.666667 1.666667 1.666667 1.666667
     year
age       1981     1982     1983     1984     1985     1986     1987     1988
  all 1.666667 1.666667 1.666667 1.666667 1.666667 1.666667 1.666667 1.666667
     year
age       1989     1990     1991     1992     1993     1994     1995     1996
  all 1.666667 1.666667 1.666667 1.666667 1.666667 1.666667 1.666667 1.666667
     year
age       1997     1998     1999     2000     2001     2002     2003     2004
  all 1.666667 1.666667 1.666667 1.666667 1.666667 1.666667 1.666667 1.666667
     year
age       2005     2006     2007     2008
  all 1.666667 1.666667 1.666667 1.666667

MIK 0-wr - Configuration

"Herring in Sub-area IV, Divisions VIId & IIIa (autumn-spawners) . Imported from VPA file."
      min       max plusgroup   minyear   maxyear    startf      endf 
     0.00      0.00        NA   1992.00   2009.00      0.08      0.17 
Index type : number

MIK 0-wr - Index Values

Units  :  NA 
   year
age  1992  1993  1994 1995  1996  1997 1998 1999  2000  2001  2002 2003 2004
  0 200.7 190.1 101.7  127 106.5 148.1 53.1  244 137.1 214.8 161.8 54.4 47.3
   year
age 2005 2006 2007 2008 2009
  0 61.3 83.1 37.2 27.8 95.8

MIK 0-wr - Index Variance (Inverse Weights) 

Units  :  NA 
   year
age     1992     1993     1994     1995     1996     1997     1998     1999
  0 1.587302 1.587302 1.587302 1.587302 1.587302 1.587302 1.587302 1.587302
   year
age     2000     2001     2002     2003     2004     2005     2006     2007
  0 1.587302 1.587302 1.587302 1.587302 1.587302 1.587302 1.587302 1.587302
   year
age     2008     2009
  0 1.587302 1.587302

IBTS1: 1-5+ wr - Configuration

"Herring in Sub-area IV, Divisions VIId & IIIa (autumn-spawners) . Imported from VPA file."
      min       max plusgroup   minyear   maxyear    startf      endf 
     1.00      5.00      5.00   1984.00   2009.00      0.08      0.17 
Index type : number

IBTS1: 1-5+ wr - Index Values

Units  :  NA 
   year
age     1984     1985     1986     1987     1988     1989     1990     1991
  1 1515.627 2097.280 2662.812 3692.965 4394.168 2331.566 1061.572 1286.747
  2  161.480  721.646  782.122  917.550 4163.384  875.336  462.097  693.020
  3   61.428  281.990  276.031  116.315  791.528  338.514  279.780  258.604
  4   26.888   42.088   79.007   59.351   57.957   89.381  269.108  221.523
  5   10.238   27.941   28.076   48.763   25.054    8.519   71.303  146.096
   year
age     1992     1993     1994     1995     1996     1997     1998    1999
  1 1268.145 2794.007 1752.053 1345.754 1890.872 4404.647 2275.845 752.862
  2  436.563  787.421 1167.221 1392.857  197.522  506.536  791.593 450.623
  3  193.085  222.585  213.059  278.544   32.875  162.660   95.660 501.325
  4   54.810   45.042   69.004   36.670   10.193   30.532   20.810  98.179
  5   92.268   65.534   42.503    6.551    8.079   19.935   17.841  35.566
   year
age     2000     2001     2002     2003    2004     2005     2006     2007
  1 3725.131 2499.391 4064.829 2765.059 979.101 1001.585  911.241 1321.005
  2  199.374 1129.308  658.154 1556.082 436.519  214.191 1481.330   50.003
  3  154.691  317.069  338.153  611.890 766.031  356.007  334.732   18.250
  4   58.838   93.886   25.048  359.989 112.374  388.922  241.137    7.937
  5    8.952   68.284   19.936   53.166 170.998  131.481  328.414   41.284
   year
age     2008     2009
  1 1901.333 2346.830
  2  252.644  135.824
  3  155.190   22.304
  4  254.853   13.528
  5  200.270   55.003

IBTS1: 1-5+ wr - Index Variance (Inverse Weights) 

Units  :  NA 
   year
age       1984       1985       1986       1987       1988       1989
  1   2.127660   2.127660   2.127660   2.127660   2.127660   2.127660
  2   3.571429   3.571429   3.571429   3.571429   3.571429   3.571429
  3 100.000000 100.000000 100.000000 100.000000 100.000000 100.000000
  4 100.000000 100.000000 100.000000 100.000000 100.000000 100.000000
  5 100.000000 100.000000 100.000000 100.000000 100.000000 100.000000
   year
age       1990       1991       1992       1993       1994       1995
  1   2.127660   2.127660   2.127660   2.127660   2.127660   2.127660
  2   3.571429   3.571429   3.571429   3.571429   3.571429   3.571429
  3 100.000000 100.000000 100.000000 100.000000 100.000000 100.000000
  4 100.000000 100.000000 100.000000 100.000000 100.000000 100.000000
  5 100.000000 100.000000 100.000000 100.000000 100.000000 100.000000
   year
age       1996       1997       1998       1999       2000       2001
  1   2.127660   2.127660   2.127660   2.127660   2.127660   2.127660
  2   3.571429   3.571429   3.571429   3.571429   3.571429   3.571429
  3 100.000000 100.000000 100.000000 100.000000 100.000000 100.000000
  4 100.000000 100.000000 100.000000 100.000000 100.000000 100.000000
  5 100.000000 100.000000 100.000000 100.000000 100.000000 100.000000
   year
age       2002       2003       2004       2005       2006       2007
  1   2.127660   2.127660   2.127660   2.127660   2.127660   2.127660
  2   3.571429   3.571429   3.571429   3.571429   3.571429   3.571429
  3 100.000000 100.000000 100.000000 100.000000 100.000000 100.000000
  4 100.000000 100.000000 100.000000 100.000000 100.000000 100.000000
  5 100.000000 100.000000 100.000000 100.000000 100.000000 100.000000
   year
age       2008       2009
  1   2.127660   2.127660
  2   3.571429   3.571429
  3 100.000000 100.000000
  4 100.000000 100.000000
  5 100.000000 100.000000

Acoustic survey 1-9+ wr - Configuration

"Herring in Sub-area IV, Divisions VIId & IIIa (autumn-spawners) . Imported from VPA file."
      min       max plusgroup   minyear   maxyear    startf      endf 
     1.00      9.00      9.00   1989.00   2008.00      0.54      0.56 
Index type : number

Acoustic survey 1-9+ wr - Index Values

Units  :  NA 
   year
age    1989    1990    1991    1992    1993    1994    1995    1996    1997
  1      -1      -1      -1      -1      -1      -1      -1      -1 9361000
  2 4090000 3306000 2634000 3734000 2984000 3185000 3849000 4497000 5960000
  3 3903000 3521000 1700000 1378000 1637000  839000 2041000 2824000 2935000
  4 1633000 3414000 1959000 1147000  902000  399000  672000 1087000 1441000
  5  492000 1366000 1849000 1134000  741000  381000  299000  311000  601000
  6  283000  392000  644000 1246000  777000  321000  203000   99000  215000
  7  120000  210000  228000  395000  551000  326000  138000   83000   46000
  8   44000  133000   94000  114000  180000  219000  119000  133000   78000
  9   22000   43000   51000  104000  116000  131000   93000  206000  159000
   year
age    1998    1999     2000     2001     2002     2003    2004    2005    2006
  1 4449000 5087000 24736000  6837000 23055000  9829400 5183700 3114100 6822800
  2 5747000 3078000  2923000 12290000  4875000 18949400 3415900 2055100 3772300
  3 2520000 4725000  2156000  3083000  8220000  3081000 9191800 3648500 1997200
  4 1625000 1116000  3140000  1462000  1390000  4188900 2167300 5789600 2097500
  5  982000  506000  1007000  1676000   794600   675100 2590700 1212900 4175100
  6  445000  314000   483000   450000  1031000   494800  317100 1174900  618200
  7  170000  139000   266000   170000   244400   568300  327600  139900  562100
  8   45000   54000   120000    98000   121000   145500  342050  126500   84300
  9  121000   87000    97000    59000   149500   177700  185600  106700   70400
   year
age    2007    2008
  1 6261000 3714000
  2 2750000 2853000
  3 1848000 1709000
  4  898000 1485000
  5  806000  809000
  6 1323000  712000
  7  243000 1749000
  8  152000  185000
  9   65000  270000

Acoustic survey 1-9+ wr - Index Variance (Inverse Weights) 

Units  :  NA 
   year
age      1989      1990      1991      1992      1993      1994      1995
  1  1.587302  1.587302  1.587302  1.587302  1.587302  1.587302  1.587302
  2  1.612903  1.612903  1.612903  1.612903  1.612903  1.612903  1.612903
  3  5.882353  5.882353  5.882353  5.882353  5.882353  5.882353  5.882353
  4 10.000000 10.000000 10.000000 10.000000 10.000000 10.000000 10.000000
  5 11.111111 11.111111 11.111111 11.111111 11.111111 11.111111 11.111111
  6 12.500000 12.500000 12.500000 12.500000 12.500000 12.500000 12.500000
  7 14.285714 14.285714 14.285714 14.285714 14.285714 14.285714 14.285714
  8 14.285714 14.285714 14.285714 14.285714 14.285714 14.285714 14.285714
  9 20.000000 20.000000 20.000000 20.000000 20.000000 20.000000 20.000000
   year
age      1996      1997      1998      1999      2000      2001      2002
  1  1.587302  1.587302  1.587302  1.587302  1.587302  1.587302  1.587302
  2  1.612903  1.612903  1.612903  1.612903  1.612903  1.612903  1.612903
  3  5.882353  5.882353  5.882353  5.882353  5.882353  5.882353  5.882353
  4 10.000000 10.000000 10.000000 10.000000 10.000000 10.000000 10.000000
  5 11.111111 11.111111 11.111111 11.111111 11.111111 11.111111 11.111111
  6 12.500000 12.500000 12.500000 12.500000 12.500000 12.500000 12.500000
  7 14.285714 14.285714 14.285714 14.285714 14.285714 14.285714 14.285714
  8 14.285714 14.285714 14.285714 14.285714 14.285714 14.285714 14.285714
  9 20.000000 20.000000 20.000000 20.000000 20.000000 20.000000 20.000000
   year
age      2003      2004      2005      2006      2007      2008
  1  1.587302  1.587302  1.587302  1.587302  1.587302  1.587302
  2  1.612903  1.612903  1.612903  1.612903  1.612903  1.612903
  3  5.882353  5.882353  5.882353  5.882353  5.882353  5.882353
  4 10.000000 10.000000 10.000000 10.000000 10.000000 10.000000
  5 11.111111 11.111111 11.111111 11.111111 11.111111 11.111111
  6 12.500000 12.500000 12.500000 12.500000 12.500000 12.500000
  7 14.285714 14.285714 14.285714 14.285714 14.285714 14.285714
  8 14.285714 14.285714 14.285714 14.285714 14.285714 14.285714
  9 20.000000 20.000000 20.000000 20.000000 20.000000 20.000000


TABLE 3.6.9 NSH HERRING. STOCK OBJECT CONFIGURATION

      min       max plusgroup   minyear   maxyear   minfbar   maxfbar 
        0         9         9      1960      2008         2         6 


TABLE 3.6.10 NSH HERRING. FLICA CONFIGURATION SETTINGS

sep.2       : NA
sep.gradual : TRUE
sr          : TRUE
sr.age      : 1
lambda.age  : 0.1 0.1 3.67 2.87 2.23 1.74 1.37 1.04 0.94 0
lambda.yr   : 1 1 1 1 1
lambda.sr   : 0.1
index.model : power linear linear linear
index.cor   : -92559631349317830736220086604086468264682600488620284042662244 0 0 0
sep.nyr     : 5
sep.age     : 4
sep.sel     : 1


TABLE 3.6.11 NSH HERRING. FLR, R SOFTWARE VERSIONS

R version 2.8.1 (2008-12-22)

Package  : FLICA
Version  : 1.4-9
Packaged : Sat Mar 21 13:07:02 2009; mpa
Built    : R 2.8.0; ; 2009-03-21 13:07:03; windows

Package  : FLAssess
Version  : 1.99-102
Packaged : Wed Sep 24 16:58:05 2008; mpa
Built    : R 2.7.0; i386-pc-mingw32; 2008-09-24 16:58:07; windows

Package  : FLCore
Version  : 3.0
Packaged : Tue Mar 10 04:42:26 2009; theussl
Built    : R 2.8.1; i386-pc-mingw32; 2009-03-10 04:42:28; windows


TABLE 3.6.12 NSH HERRING. STOCK SUMMARY

Year Recruitment TSB     SSB       Fbar Landings Landings
           Age 0             (Ages 2-6)               SOP
                                      f   tonnes         
1960    12087837   0 1861453     0.3385   696200   1.1830
1961   108858073   0 1643371     0.4357   696700   1.1348
1962    46275907   0 1103051     0.5357   627800   1.1705
1963    47657598   0 2172543     0.2273   716000   0.8602
1964    62784953   0 2018320     0.3440   871200   1.0656
1965    34894783   0 1438153     0.6944  1168800   1.1496
1966    27858148   0 1274731     0.6195   895500   1.0707
1967    40255855   0  921824     0.7978   695500   1.1757
1968    38698462   0  412347     1.3359   717800   1.2551
1969    21581503   0  424149     1.1054   546700   0.9674
1970    41072449   0  374690     1.1058   563100   0.9657
1971    32306362   0  266027     1.4080   520100   1.0747
1972    20858534   0  288267     0.6967   497500   0.9197
1973    10102036   0  233324     1.1354   484000   0.9575
1974    21688511   0  161930     1.0527   275100   0.9680
1975     2814491   0   81542     1.4734   312800   0.9343
1976     2720374   0   77673     1.4514   174800   0.9530
1977     4326038   0   47180     0.8153    46000   1.1979
1978     4594665   0   64421     0.0539    11000   1.2152
1979    10600186   0  106648     0.0646    25100   1.0056
1980    16716729   0  130506     0.2846    70764   1.0936
1981    37860685   0  195088     0.3530   174879   1.0081
1982    64740217   0  277945     0.2643   275079   0.9786
1983    61794951   0  431973     0.3384   387202   1.0771
1984    53439842   0  678583     0.4557   428631   1.0543
1985    80893853   0  698559     0.6444   613780   1.0419
1986    97583821   0  678431     0.5732   671488   1.1373
1987    86180225   0  899264     0.5534   792058   1.0173
1988    42262187   0 1192606     0.5385   887686   1.1641
1989    39173461   0 1247533     0.5473   787899   1.0335
1990    35871987   0 1182522     0.4434   645229   1.0515
1991    33634923   0  978026     0.4910   658008   1.0197
1992    62138096   0  701221     0.5837   716799   0.9950
1993    50250988   0  470816     0.6924   671397   1.0231
1994    34500565   0  508453     0.7090   568234   1.0498
1995    41602863   0  460948     0.7393   579371   1.0084
1996    49747245   0  462153     0.4020   275098   0.9987
1997    28730419   0  560344     0.4209   264313   1.0006
1998    27373602   0  733708     0.4862   391628   1.0018
1999    67697220   0  857946     0.3698   363163   1.0000
2000    40678164   0  865448     0.3620   388157   1.0004
2001    90678376   0 1301315     0.2944   374065   0.9901
2002    30444152   0 1587054     0.2441   394709   0.9974
2003    19069558   0 1708980     0.2450   482281   1.0153
2004    23729100   0 1752878     0.2981   587698   0.9985
2005    16141706   0 1615686     0.3655   663813   1.0033
2006    27136239   0 1233800     0.3492   514597   0.9950
2007    17358063   0  952774     0.3387   406482   1.0056
2008    20044858   0  999336     0.2361   257870   1.0040


TABLE 3.6.13 NSH HERRING. ESTIMATED FISHING MORTALITY

Units  :  f 
   year
age       1960       1961        1962       1963       1964        1965
  0 0.02574284 0.01858824 0.004857388 0.01478961 0.01258623 0.007143512
  1 0.25593593 0.12937978 0.089672658 0.12406122 0.30843530 0.246129893
  2 0.43747076 0.61737576 0.250233880 0.29752416 0.38895838 0.775347360
  3 0.32978964 0.35401289 0.627471177 0.27556155 0.41239120 0.738840142
  4 0.34021201 0.41116964 0.424420432 0.22726359 0.37041932 0.776718126
  5 0.26989927 0.40731634 0.539913509 0.15182178 0.30822633 0.660342541
  6 0.31510911 0.38874213 0.836255146 0.18449853 0.24005044 0.520925638
  7 0.62025784 0.25198971 0.656754412 0.29603392 0.28720584 0.462824553
  8 0.59556157 0.54998866 0.586878207 0.35349764 0.59051441 0.890581695
  9 0.59556157 0.54998866 0.586878207 0.35349764 0.59051441 0.890581695
   year
age       1966       1967       1968        1969       1970       1971
  0 0.02145791 0.02563555 0.03481149 0.008238172 0.03510148 0.03397157
  1 0.18523876 0.29805042 0.30024977 0.329105590 0.26806072 0.60218038
  2 0.59208152 0.42223503 1.32730552 0.784407945 0.97284421 0.88261747
  3 0.70824008 0.80462916 1.87222392 0.912609784 1.26704927 1.21478490
  4 0.57175522 0.92443845 1.07164717 0.874419941 1.33130509 1.22679764
  5 0.83467742 0.82752982 1.23399149 1.054647759 0.87625303 1.08703849
  6 0.39078786 1.01011159 1.17445298 1.900945102 1.08154540 2.62891764
  7 0.38954212 1.53682847 1.60168399 1.298798275 4.12205870 2.74329509
  8 0.74863294 1.07648090 1.67681829 1.330363979 1.74277839 1.95979538
  9 0.74863294 1.07648090 1.67681829 1.330363979 1.74277839 1.95979538
   year
age       1972       1973       1974      1975      1976       1977       1978
  0 0.05830911 0.04619983 0.07495212 0.1582624 0.1471847 0.09778987 0.04561793
  1 0.57826354 0.67397022 0.45203603 0.6884375 0.2510508 0.29832993 0.20066532
  2 0.81222816 1.02237645 1.02881936 1.3142612 1.3415528 0.22738272 0.02433139
  3 0.80144813 1.33418233 0.97367493 1.5053639 1.4475333 1.42176700 0.04300972
  4 0.79969518 0.98794653 0.99487298 1.3763271 1.7446250 0.43887061 0.10568299
  5 0.54992457 0.95167186 1.18663933 1.8930981 1.6190729 1.22247577 0.01711883
  6 0.52019346 1.38091457 1.07928351 1.2779410 1.1044608 0.76619614 0.07941844
  7 0.09977124 0.81355052 0.77743935 2.0396417 1.5170133 0.79771717 0.06447590
  8 1.09959652 1.61918785 1.37431188 2.0806522 1.6833630 0.98944131 0.19933854
  9 1.09959652 1.61918785 1.37431188 2.0806522 1.6833630 0.98944131 0.19933854
   year
age       1979       1980      1981      1982      1983      1984       1985
  0 0.08374700 0.12587185 0.4822165 0.3345558 0.3998236 0.2264703 0.08531661
  1 0.16704921 0.11330386 0.2857669 0.2251992 0.2518700 0.2053172 0.38311217
  2 0.09502297 0.36493691 0.3244910 0.2609733 0.3024553 0.3148049 0.40473190
  3 0.06682723 0.42114976 0.2766902 0.5092484 0.3252089 0.4303415 0.67238411
  4 0.09495012 0.29910506 0.3055837 0.2486825 0.4377708 0.5390206 0.73984869
  5 0.05315146 0.26940314 0.4165956 0.1556973 0.2777677 0.6304763 0.66799319
  6 0.01280347 0.06835163 0.4415147 0.1468505 0.3486088 0.3638644 0.73712230
  7 0.45298473 0.10492787 0.9965562 0.2371677 0.3980662 0.7092367 0.56705127
  8 0.24906938 0.38099618 0.6504193 0.4544292 0.5380664 0.6305582 0.89711388
  9 0.24906938 0.38099618 0.6504193 0.4544292 0.5380664 0.6305582 0.89711388
   year
age       1986      1987      1988      1989       1990      1991      1992
  0 0.06195776 0.1614404 0.1247302 0.1303117 0.05887783 0.1178547 0.2967334
  1 0.31598283 0.3724859 0.5803473 0.4310887 0.45270573 0.3082005 0.3872125
  2 0.46001028 0.4066822 0.3559203 0.3987206 0.37735022 0.5741585 0.5727086
  3 0.52343315 0.5066230 0.4014664 0.4105377 0.37009024 0.4553957 0.4981599
  4 0.58390829 0.5909160 0.5841581 0.5573658 0.46824329 0.4587321 0.5743451
  5 0.55711585 0.6203684 0.6680487 0.6611778 0.50247822 0.4847335 0.5484874
  6 0.74140486 0.6422858 0.6829116 0.7088260 0.49868268 0.4817589 0.7248097
  7 0.83450559 0.6271237 0.7055905 0.7243905 0.69602677 0.4313076 0.7068996
  8 0.83595398 0.8262087 0.9623706 0.8688489 0.80862150 0.7400162 0.8970386
  9 0.83595398 0.8262087 0.9623706 0.8688489 0.80862150 0.7400162 0.8970386
   year
age      1993      1994      1995       1996       1997       1998       1999
  0 0.3761026 0.2263023 0.3223363 0.07584806 0.02398034 0.01509334 0.03717430
  1 0.4221388 0.2460424 0.2931471 0.25425330 0.04559094 0.16009951 0.04941211
  2 0.6685587 0.6837089 0.5998989 0.30862192 0.28759250 0.26823878 0.24745134
  3 0.6408413 0.7162350 0.8669505 0.49024493 0.39182316 0.40856139 0.42068092
  4 0.7328861 0.9116612 0.8669226 0.41831295 0.51172400 0.42472495 0.38869502
  5 0.7151399 0.5566919 0.8240693 0.47800354 0.45263680 0.60754473 0.33867430
  6 0.7043484 0.6765854 0.5385746 0.31470076 0.46082666 0.72191178 0.45348849
  7 0.8867284 0.4824257 0.6581933 0.14266590 0.24175538 0.37710936 0.46052795
  8 1.0465457 0.8850118 0.9572787 0.55816335 0.41943847 0.55716662 0.41254439
  9 1.0465457 0.8850118 0.9572787 0.55816335 0.41943847 0.55716662 0.41254439
   year
age       2000       2001       2002      2003       2004       2005       2006
  0 0.04376704 0.03240791 0.03856206 0.0310161 0.05907963 0.07243465 0.06920000
  1 0.07984775 0.06986187 0.04174734 0.0941856 0.06407668 0.07856128 0.07505304
  2 0.23115453 0.12703215 0.14621638 0.1320715 0.14985609 0.18373123 0.17552652
  3 0.31705738 0.30256794 0.22394358 0.2046686 0.23445697 0.28745623 0.27461957
  4 0.46656992 0.30386150 0.28498251 0.2899446 0.32991277 0.40448992 0.38642701
  5 0.47937736 0.39604002 0.22079729 0.3639487 0.38348993 0.47017826 0.44918196
  6 0.31597906 0.34227126 0.34461327 0.2345661 0.39294747 0.48177369 0.46025959
  7 0.39585030 0.21149488 0.27809321 0.3871822 0.34856900 0.42736342 0.40827906
  8 0.41215408 0.31389006 0.26849109 0.3185907 0.32991277 0.40448992 0.38642701
  9 0.41215408 0.31389006 0.26849109 0.3185907 0.32991277 0.40448992 0.38642701
   year
age       2007       2008
  0 0.06712092 0.04679468
  1 0.07279811 0.05075265
  2 0.17025290 0.11869519
  3 0.26636875 0.18570426
  4 0.37481698 0.26131109
  5 0.43568649 0.30374747
  6 0.44643129 0.31123843
  7 0.39601250 0.27608797
  8 0.37481698 0.26131109
  9 0.37481698 0.26131109


TABLE 3.6.14 NSH HERRING. ESTIMATED POPULATION ABUNDANCE

Units  :  NA 
   year
age       1960        1961       1962        1963        1964       1965
  0 12087836.8 108858073.4 46275906.8 47657597.58 62784952.77 34894782.6
  1 16417330.1   4333852.6 39309126.5 16941463.29 17274863.21 22808407.2
  2  3691251.0   4675806.0  1400847.1 13220703.68  5505253.68  4668403.5
  3  7682034.9   1765607.2  1868294.2   808029.45  7273662.15  2764181.2
  4   602818.4   4522635.2  1014587.1   816731.10   502219.34  3942711.6
  5   743328.6    388154.7  2712647.8   600532.42   588776.30   313756.6
  6   437783.2    513494.3   233711.6  1430482.33   466843.85   391435.2
  7   284553.0    289054.3   314976.1    91636.77  1076282.69   332268.8
  8   299663.5    138471.1   203288.3   147782.62    61670.06   730743.6
  9   330888.2    216361.1   204466.1   179450.32   135298.96   138717.4
   year
age       1966        1967        1968        1969        1970          1971
  0 27858147.7 40255855.05 38698461.52 21581503.18 41072449.18 32306362.3071
  1 12745698.1 10030872.38 14434481.71 13749306.07  7874253.93 14588536.8900
  2  6560057.1  3896018.18  2739066.46  3932872.74  3639632.68  2215632.0773
  3  1592762.3  2688323.59  1892161.86   538112.10  1329711.75  1019220.9459
  4  1081019.2   642254.72   984411.42   238233.52   176877.45   306638.0915
  5  1640745.3   552196.74   230568.16   305025.92    89912.00    42273.1458
  6   146683.2   644341.22   218410.12    60737.12    96134.57    33871.6506
  7   210375.6    89791.22   212324.73    61063.94     8212.11    29494.4939
  8   189259.6   128940.65    17473.03    38722.97    15076.29      120.4586
  9   468293.8   273050.79   117082.08    35472.50    15327.56    14936.8724
   year
age          1972          1973         1974        1975         1976
  0 20858533.7521 10102036.0643 21688511.493 2814490.720 2720373.7000
  1 11487880.5463  7238789.8619  3548543.252 7402594.685  883838.3969
  2  2938959.7569  2370329.7437  1357281.527  830689.784 1368059.1934
  3   679036.9397   966404.8213   631695.775  359394.165  165338.5610
  4   247648.1377   249442.2425   208387.742  195338.310   65304.1659
  5    81358.9262   100716.9151    84038.991   69722.809   44629.9807
  6    12898.5324    42476.2875    35185.776   23211.354    9501.3070
  7     2211.4773     6937.3515     9660.365   10819.590    5851.5145
  8     1717.5666     1811.0187     2782.555    4017.228    1273.4333
  9      624.5697      776.1509     1530.405    1654.153     509.3733
   year
age         1977        1978          1979          1980         1981
  0 4326037.8978 4594664.591 10600185.9513 16716728.9328 37860684.706
  1  863798.7865 1443199.057  1614907.7459  3586312.5875  5422397.705
  2  252957.9919  235806.116   434394.0941   502695.1404  1178003.052
  3  264964.4370  149282.534   170490.3233   292635.9096   258539.114
  4   31831.6794   52343.544   117076.9007   130562.4044   157240.966
  5   10323.5826   18570.817    42612.4141    96339.7368    87596.956
  6    7999.1315    2750.974    16518.3612    36561.4409    66584.894
  7    2849.0013    3364.021     2299.1435    14756.2850    30896.488
  8    1161.4709    1160.965     2853.8271     1322.5371    12022.035
  9     299.6398    1741.447      475.6379      330.6343     2404.407
   year
age         1982        1983        1984        1985        1986        1987
  0 64740217.240 61794951.30 53439842.19 80893853.33 97583820.80 86180225.01
  1  8599436.977 17044486.88 15241135.57 15675301.57 27325524.59 33742357.56
  2  1498959.513  2525647.72  4874204.08  4566197.55  3931315.71  7328995.04
  3   630860.626   855386.33  1382705.74  2635708.35  2256802.33  1838525.48
  4   160510.085   310392.16   505902.66   736166.32  1101604.62  1094738.76
  5   104814.883   113258.67   181284.16   267020.04   317858.84   555914.69
  6    52255.789    81166.17    77626.33    87320.87   123882.13   164760.28
  7    38743.502    40825.23    51825.88    48815.22    37805.98    53406.14
  8    10320.026    27654.69    24809.68    23072.77    25052.93    14849.43
  9     3153.341    30420.16    41572.98    28356.61    27263.49    15220.67
   year
age        1988        1989        1990        1991        1992        1993
  0 42262187.24 39173461.34 35871987.16 33634923.08 62138096.24 50250987.78
  1 26977422.67 13724225.42 12650386.93 12442012.61 10997964.41 16990016.52
  2  8552879.80  5554747.56  3280755.80  2959386.76  3363150.93  2746967.81
  3  3615232.47  4438638.55  2761937.29  1666496.63  1234694.48  1405186.09
  4   906958.01  1981174.38  2410441.63  1561804.85   865305.97   614260.38
  5   548592.00   457573.74  1026673.52  1365562.86   893248.94   440864.72
  6   270493.07   254501.38   213740.00   562055.75   760965.84   467022.73
  7    78429.94   123635.15   113349.99   117457.62   314141.07   333545.33
  8    25811.03    35044.38    54214.28    51134.20    69045.80   140182.14
  9    14339.46    15635.18    22401.04    25966.58    41039.98    66959.85
   year
age        1994        1995         1996        1997         1998         1999
  0 34500564.63 41602862.72 49747244.618 28730419.08 27373601.838 67697219.697
  1 12691438.40 10121616.83 11087659.044 16964230.16 10318889.224  9919333.955
  2  4097951.17  3650577.11  2777430.711  3163184.87  5962656.369  3234507.286
  3  1042830.84  1532312.87  1484363.940  1511200.51  1757666.177  3377977.985
  4   606123.45   417155.56   527201.639   744339.10   836173.805   956404.349
  5   267075.87   220395.25   158623.998   313961.43   403740.648   494779.169
  6   195116.77   138495.92    87475.019    88990.81   180662.988   198984.709
  7   208936.33    89748.64    73132.015    57780.57    50790.352    79417.724
  8   124343.80   116699.69    42048.324    57374.52    41054.363    31519.206
  9    82777.45    49494.35     9654.364    17414.10     9265.759     6363.323
   year
age         2000        2001        2002        2003       2004       2005
  0 40678163.506 90678376.18 30444151.68 19069557.74 23729099.5 16141705.8
  1 23995607.883 14323827.15 32294954.42 10776112.25  6801050.8  8228654.3
  2  3473190.639  8150041.84  4913873.43 11394874.69  3607973.5  2346677.4
  3  1870910.611  2041978.39  5317434.27  3145101.41  7397130.9  2300876.6
  4  1815927.538  1115572.68  1235346.13  3480052.33  2098405.0  4790502.1
  5   586683.662  1030481.80   744908.71   840606.76  2356323.9  1365150.6
  6   319078.529   328687.82   627498.77   540483.65   528570.0  1452974.5
  7   114404.395   210494.22   211206.67   402271.99   386796.3   322862.9
  8    45340.180    69678.32   154155.73   144711.76   247137.8   246985.4
  9     7636.273    10473.15    38748.21    34742.19   118592.3   184153.0
   year
age       2006        2007       2008
  0 27136239.0 17358062.70 20044857.8
  1  5523278.9  9315410.43  5971130.0
  2  2798437.5  1884982.72  3186336.9
  3  1446677.0  1739390.38  1177820.6
  4  1413167.9   900009.15  1091077.7
  5  2892569.8   868842.79   559804.7
  6   771889.8  1670233.35   508505.3
  7   812076.4   440796.00   967085.9
  8   190540.4   488488.21   268424.5
  9   141757.2    78293.18   195699.5


TABLE 3.6.15 NSH HERRING. SURVIVORS AFTER TERMINAL YEAR

Units  :  NA 
   year
age       2009
  0 32832169.0
  1  7036972.0
  2  2087951.7
  3  2096306.0
  4   800884.5
  5   760221.7
  6   373844.7
  7   337052.0
  8   663945.0
  9   323384.1


TABLE 3.6.16 NSH HERRING. FITTED SELECTION PATTERN

Units  :  NA 
   year
age      2004      2005      2006      2007      2008
  0 0.1790765 0.1790765 0.1790765 0.1790765 0.1790765
  1 0.1942231 0.1942231 0.1942231 0.1942231 0.1942231
  2 0.4542294 0.4542294 0.4542294 0.4542294 0.4542294
  3 0.7106635 0.7106635 0.7106635 0.7106635 0.7106635
  4 1.0000000 1.0000000 1.0000000 1.0000000 1.0000000
  5 1.1623980 1.1623980 1.1623980 1.1623980 1.1623980
  6 1.1910647 1.1910647 1.1910647 1.1910647 1.1910647
  7 1.0565490 1.0565490 1.0565490 1.0565490 1.0565490
  8 1.0000000 1.0000000 1.0000000 1.0000000 1.0000000
  9 1.0000000 1.0000000 1.0000000 1.0000000 1.0000000


TABLE 3.6.17 NSH HERRING. PREDICTED CATCH IN NUMBERS

Units  :  NA 
   year
age    1960    1961    1962    1963    1964    1965    1966    1967    1968
  0  194600 1269200  141800  442800  496900  157100  374500  645400  839300
  1 2392700  336000 2146900 1262200 2971700 3209300 1383100 1674300 2425000
  2 1142300 1889400  269600 2961200 1547500 2217600 2569700 1171500 1795200
  3 1966700  479900  797400  177200 2243100 1324600  741200 1364700 1494300
  4  165900 1455900  335100  158300  148400 2039400  450100  371500  621400
  5  167700  124000 1081800   80600  149000  145100  889800  297800  157100
  6  112900  157900  126900  229700   95000  151900   45300  393100  145000
  7  125800   61400  145100   22400  256300  117600   64800   67900  163400
  8  128600   56000   86300   42000   26300  413000   95500   81600   13700
  9  142000   87500   86800   51000   57700   78400  236300  172800   91800
   year
age    1969    1970    1971    1972    1973   1974    1975   1976   1977   1978
  0  112000  898100  684000  750400  289400 996100  263800 238200 256800 130000
  1 2503300 1196200 4378500 3340600 2368000 846100 2460500 126600 144300 168600
  2 1883000 2002800 1146800 1440500 1344200 772600  541700 901500  44700   4900
  3  296300  883600  662500  343800  659200 362000  259600 117300 186400   5700
  4  133100  125200  208300  130600  150200 126000  140500  52000  10800   5000
  5  190800   50300   26900   32900   59300  56100   57200  34500   7000    300
  6   49900   61000   30500    5000   30600  22300   16100   6100   4100    200
  7   42700    7900   26800     200    3700   5000    9100   4400   1500    200
  8   27400   12000     100    1100    1400   2000    3400   1000    700    200
  9   25100   12200   12400     400     600   1100    1400    400      0    300
   year
age   1979    1980    1981     1982     1983    1984    1985    1986    1987
  0 542000 1262700 9519700 11956700 13296900 6973300 4211000 3724700 8229200
  1 159200  245100  872000  1116400  2448600 1818400 3253000 4801400 6836300
  2  34100  134000  284300   299400   573800 1146200 1326300 1266700 2137200
  3  10000   91800   56900   230100   216400  441400 1182400  840800  667900
  4  10100   32200   39500    33700   105100  201500  368500  465900  467100
  5   2100   21700   28500    14400    26200   81100  124500  129800  245800
  6    200    2300   22700     6800    22800   22600   43600   62100   74700
  7    800    1400   18700     7800    12800   25200   20200   20500   23800
  8    600     400    5500     3600    11000   11100   13100   13600    8000
  9    100     100    1100     1100    12100   18600   16100   14800    8200
   year
age    1988    1989    1990    1991     1992     1993    1994    1995    1996
  0 3164800 3057800 1302800 2386600 10331300 10265400 4498900 7438469 2311226
  1 7867000 3145900 3020000 2138900  2303100  3826800 1785200 1664874 1606393
  2 2232500 1593700  899300 1132800  1284900  1176300 1783200 1444061  642084
  3 1090700 1363800  779100  556700   442700   609000  489100  816703  525601
  4  383700  809300  861000  548900   361500   305500  347600  231794  172099
  5  255800  211800  387500  501200   360500   215600  109000  118536   57586
  6  128100  123700   80200  205300   375600   226000   91800   55128   22534
  7   38000   61000   54400   39300   152400   188000   76400   41409    9264
  8   15300   19500   28800   25600    39200    87300   70000   68955   17195
  9    8500    8700   11900   13000    23300    41700   46600   29245    3948
   year
age   1997    1998    1999    2000    2001   2002    2003       2004       2005
  0 431175  259526 1566349 1105085 1832691 730279  369074  864675.83  717192.41
  1 479702  977680  303520 1171677  614469 837557  617021  268233.90  395531.34
  2 687920 1220105  616354  622853  842635 579592 1221992  435420.21  341838.94
  3 446909  537932 1058716  463170  485628 970577  529386 1406680.78  523487.78
  4 284920  276333  294066  646814  278884 292205  835552  562695.51 1521724.16
  5 109178  175817  135648  213466  321743 140701  244780  716510.09  489212.51
  6  31389   88927   69299   82481   90918 174570  107751  163977.08  530735.30
  7  11832   15232   27998   35706   38252  48908  123291  108642.71  107231.16
  8  18770   16766   10174   14624   17910  34620   37671   66270.98   78456.01
  9   5697    3784    2054    2463    2692   8702    9044   31801.00   58497.00
   year
age       2006     2007      2008
  0 1153386.99 716227.5 581489.23
  1  254001.62 415907.7 187562.29
  2  390915.84 256024.8 309011.00
  3  316307.44 370286.9 181482.64
  4  432422.39 268554.9 239285.05
  5  999762.42 293071.0 139901.50
  6  271997.29 574467.5 129761.37
  7  259924.68 137620.1 222537.16
  8   58304.43 145760.6  58868.37
  9   43377.00  23362.0  42919.00


TABLE 3.6.18 NSH HERRING. CATCH RESIDUALS

Units  :  thousands NA 
   year
age        2004        2005         2006                      2007        2008
  0 -0.18923751  0.34784540 -0.272086254 -0.1426587551748559057341  0.31687197
  1 -0.26084251  0.59281726 -0.134163373 -0.5685273456876875908250  0.22556813
  2  0.02829862  0.03905334  0.025686068 -0.1556776339151793864257  0.07107111
  3 -0.02923265 -0.07482783 -0.018202293  0.1198915057863032262997  0.01795722
  4 -0.03493712 -0.14323780  0.071817008  0.0620480828058247377288 -0.18400401
  5  0.04997962 -0.01909213 -0.001982850  0.0543946545494838409884 -0.01710378
  6  0.03208736  0.08211159 -0.075767948  0.0909849863773814493406 -0.09205924
  7 -0.03462823  0.07178706 -0.050833542  0.0715662848336484219702 -0.03193832
  8 -0.01413238  0.11832661  0.078012075 -0.0887034451925809569461  0.23333173
  9  0.00000000  0.00000000  0.000000000 -0.0000000000000001110223  0.00000000


TABLE 3.6.19 NSH HERRING. PREDICTED INDEX VALUES

MLAI

Units  :  NA NA 
     year
age       1973     1974     1975     1976     1977     1978     1979     1980
  all 17.18295 11.23541 5.058694 4.780577 2.677022 3.845841 6.912359 8.741913
     year
age       1981     1982     1983     1984     1985     1986   1987     1988
  all 13.95368 21.06175 35.17468 59.48045 61.52186 59.46491 82.529 114.6086
     year
age       1989     1990     1991     1992     1993     1994     1995     1996
  all 120.7709 113.4823 90.99509 61.79464 38.87996 42.51809 37.93372 38.04904
     year
age     1997     1998     1999     2000     2001     2002     2003     2004
  all 47.606 65.13704 78.13517 78.93044 126.8478 159.7921 174.1584 179.3726
     year
age       2005     2006    2007     2008
  all 163.1501 119.2259 88.2682 93.30518

MIK 0-wr

Units  :  NA NA 
   year
age     1992     1993     1994     1995     1996     1997     1998     1999
  0 175.7339 140.7128 98.43448 117.2819 144.6298 84.07104 80.18975 197.7694
   year
age     2000     2001     2002     2003     2004     2005     2006     2007
  0 118.7385 265.0640 88.92354 55.75234 69.13218 46.94869 78.95857 50.52005
   year
age     2008 2009
  0 58.48829 95.8

IBTS1: 1-5+ wr

Units  :  NA NA 
   year
age       1984       1985       1986       1987       1988       1989
  1 2278.05588 2291.45342 4028.17077 4939.09543 3847.58582 1994.24484
  2  666.34730  617.26233  527.77901  990.49806 1163.26128  751.45978
  3  128.16866  237.03349  206.77210  168.80319  336.32244  412.45535
  4   29.22657   41.47482   63.28486   62.83536   52.10119  114.19252
  5   11.88516   14.13035   16.63513   25.19389   29.17576   27.55435
   year
age       1990       1991       1992       1993       1994       1995
  1 1833.24675 1835.91461 1606.88517 2471.55511 1887.32658 1496.33535
  2  445.01582  391.66898  445.18705  359.29100  534.97944  481.59460
  3  257.95072  153.99138  113.48277  126.86989   93.27080  134.49230
  4  140.49141   91.13732   49.76946   34.63690   33.42277   23.13173
  5   45.37544   67.68483   64.93911   44.45886   27.48521   18.93528
   year
age       1996       1997       1998       1999       2000       2001
  1 1647.13929 2586.73676 1551.08188 1511.79586 3643.25981 2177.50700
  2  379.99319  433.90912  819.90708  445.92464  479.80709 1140.64460
  3  136.56534  140.75545  163.36945  313.49696  175.89559  192.32672
  4   30.92007   43.14829   49.00182   56.30061  105.86259   66.37045
  5   11.98965   17.21664   21.52126   26.21995   34.53573   53.49843
   year
age       2002       2003      2004      2005      2006       2007      2008
  1 4926.76005 1633.21040 1034.6431 1249.5598 839.10373 1415.60824 909.90153
  2  686.07726 1593.77312  503.5178  326.1113 389.29024  262.39259 446.41091
  3  505.77678  299.87329  702.6666  217.1212 136.73425  164.57001 112.56718
  4   73.66996  207.40450  124.4377  281.4460  83.21248   53.07279  65.25932
  5   58.19482   63.87802  117.6825  114.3155 154.34294  114.02669  81.77310
   year
age       2009
  1 1072.31824
  2  292.52538
  3  200.34907
  4   47.90234
  5   80.58949

Acoustic survey 1-9+ wr

Units  :  NA NA 
   year
age       1989       1990       1991       1992      1993      1994      1995
  1         NA         NA         NA         NA        NA        NA        NA
  2 5800435.14 3466368.51 2806031.46 3191416.64 2472838.6 3658391.5 3412745.8
  3 5624744.54 3578723.94 2060357.55 1491018.10 1568830.7 1116985.2 1510709.0
  4 2468798.89 3154624.05 2054705.70 1068260.09  695008.9  621579.1  438449.6
  5  555220.24 1359389.26 1825835.76 1153172.15  519302.1  343238.9  244510.7
  6  293928.57  277097.56  735476.41  871162.01  540703.5  229375.7  175652.9
  7  131397.63  122360.73  146667.25  337091.80  324208.3  253662.2   98920.3
  8   35311.91   56468.02   55307.95   68502.54  128100.4  124184.2  112008.3
  9   38263.82   56668.22   68213.98   98891.51  148612.3  200787.5  115376.8
   year
age       1996        1997       1998       1999        2000       2001
  1         NA 11219244.20 6407825.14 6546350.03 15573224.79 9347406.17
  2 3047618.74  3511277.12 6689646.67 3670598.32  3976949.15 9882165.64
  3 1800339.44  1934841.12 2229777.29 4256836.90  2495944.69 2745958.92
  4  709176.28   951121.36 1120836.91 1307656.24  2378752.24 1598134.84
  5  212875.87   427260.75  504565.51  716884.86   786743.91 1446691.20
  6  125480.79   117797.05  207154.87  264461.09   457388.70  464398.97
  7  107029.87    80077.50   65339.99   97586.50   145667.96  296617.65
  8   50264.63    74023.39   49103.36   40819.90    58731.77   95270.64
  9   28029.80    54567.42   26916.30   20015.35    24024.47   34779.32
   year
age       2002       2003       2004      2005      2006      2007      2008
  1 21403372.5  6938796.2  4452356.4 5344202.5 3594090.8 6069217.2 3937794.4
  2  5895679.6 13778379.6  4320200.0 2758051.9 3303881.3 2231905.9 3881283.5
  3  7466643.1  4463360.6 10327027.1 3119937.0 1975560.3 2386088.6 1689025.9
  4  1788190.1  5023721.3  2963344.9 6493222.5 1934583.8 1239977.8 1600055.0
  5  1151588.7  1201140.5  3330951.0 1839955.3 3943898.9 1193456.7  826831.9
  6   885444.0   810246.0   726282.5 1901270.0 1022068.5 2228460.4  730828.9
  7   286917.2   514649.6   505472.3  404028.7 1026950.3  561203.3 1315203.8
  8   216105.2   197352.4   334945.0  321286.0  250335.4  645895.7  377783.2
  9   131928.8   115074.3   390367.2  581810.7  452337.6  251428.6  668948.6


TABLE 3.6.20 NSH HERRING. INDEX RESIDUALS

MLAI

Units  :  NA 
     year
age         1973       1974      1975       1976      1977      1978      1979
  all -0.2650651 -0.3467792 -0.584726 -0.6506734 0.8319098 0.6581298 0.7313446
     year
age        1980       1981         1982       1983     1984      1985
  all 0.1112897 0.02710064 -0.008140212 -0.2717754 -0.20683 0.1822101
     year
age         1986       1987      1988       1989      1990         1991
  all -0.4361838 -0.1982113 0.1591638 0.08687406 0.4134727 -0.007313785
     year
age         1992       1993       1994       1995      1996     1997      1998
  all -0.3826531 -0.2569843 -0.7150729 -0.5288799 0.1449045 0.170609 0.1127599
     year
age         1999       2000       2001       2002      2003      2004      2005
  all -0.2552847 -0.6687228 0.02117124 -0.3743119 0.4303238 0.5840236 0.1642094
     year
age          2006      2007      2008
  all -0.01155663 0.6729291 0.6667344

MIK 0-wr

Units  :  NA 
   year
age      1992      1993       1994       1995       1996      1997       1998
  0 0.1328404 0.3008296 0.03263617 0.07960692 -0.3060323 0.5662256 -0.4122187
   year
age      1999      2000       2001      2002        2003       2004      2005
  0 0.2100667 0.1437868 -0.2102638 0.5985841 -0.02455528 -0.3795101 0.2667246
   year
age       2006       2007       2008                   2009
  0 0.05112141 -0.3060615 -0.7437905 0.00000000000001154632

IBTS1: 1-5+ wr

Units  :  NA 
   year
age       1984        1985       1986        1987       1988       1989
  1 -0.4074932 -0.08854503 -0.4139297 -0.29075254  0.1328323  0.1562747
  2 -1.4174297  0.15624061  0.3933331 -0.07650083  1.2751007  0.1525901
  3 -0.7354813  0.17367018  0.2888959 -0.37243145  0.8558949 -0.1975625
  4 -0.0833981  0.01467620  0.2218904 -0.05704904  0.1065135 -0.2449777
  5 -0.1491846  0.68176983  0.5233982  0.66037034 -0.1523048 -1.1738615
   year
age        1990       1991        1992      1993        1994       1995
  1 -0.54633775 -0.3554255 -0.23674243 0.1226292 -0.07437308 -0.1060646
  2  0.03766500  0.5706418 -0.01956183 0.7846304  0.78015268  1.0620096
  3  0.08123504  0.5184013  0.53147947 0.5621470  0.82606205  0.7280691
  4  0.64996647  0.8881591  0.09647116 0.2626758  0.72492697  0.4607536
  5  0.45196734  0.7694019  0.35124735 0.3880048  0.43592655 -1.0614092
   year
age       1996       1997        1998        1999        2000        2001
  1  0.1379981  0.5322630  0.38339874 -0.69717159  0.02222319  0.13786646
  2 -0.6543034  0.1547603 -0.03514365  0.01048110 -0.87820167 -0.00998849
  3 -1.4240907  0.1446382 -0.53521396  0.46946493 -0.12846099  0.49992380
  4 -1.1097042 -0.3458674 -0.85642371  0.55608696 -0.58735398  0.34682933
  5 -0.3947759  0.1466005 -0.18754221  0.30486937 -1.35011738  0.24402316
   year
age        2002        2003        2004       2005       2006        2007
  1 -0.19230991  0.52651433 -0.05517701 -0.2212076 0.08247307 -0.06916648
  2 -0.04155130 -0.02393311 -0.14278712 -0.4203707 1.33637043 -1.65775882
  3 -0.40259698  0.71319249  0.08634008  0.4944948 0.89529096 -2.19917099
  4 -1.07880115  0.55140247 -0.10197259  0.3234381 1.06396793 -1.90012891
  5 -1.07126914 -0.18355624  0.37366147  0.1398998 0.75509799 -1.01595751
   year
age       2008       2009
  1  0.7369741  0.7832426
  2 -0.5692585 -0.7671915
  3  0.3211000 -2.1952952
  4  1.3623181 -1.2644027
  5  0.8957181 -0.3819805

Acoustic survey 1-9+ wr

Units  :  NA 
   year
age        1989         1990        1991        1992        1993       1994
  1          NA           NA          NA          NA          NA         NA
  2 -0.34938797 -0.047368507 -0.06326759  0.15701514  0.18789798 -0.1385713
  3 -0.36543004 -0.016261254 -0.19225129 -0.07882601  0.04253472 -0.2861779
  4 -0.41331294  0.079015294 -0.04769849  0.07111860  0.26068982 -0.4433018
  5 -0.12088614  0.004851235  0.01260712 -0.01676533  0.35551492  0.1043726
  6 -0.03788990  0.346892189 -0.13281974  0.35786574  0.36256920  0.3360801
  7 -0.09073632  0.540134030  0.44117924  0.15853045  0.53034872  0.2508940
  8  0.21996933  0.856674606  0.53037820  0.50932766  0.34014248  0.5673059
  9 -0.55346243 -0.276013431 -0.29082396  0.05036748 -0.24775086 -0.4270498
   year
age        1995       1996        1997        1998       1999        2000
  1          NA         NA -0.18107841 -0.36484057 -0.2522194  0.46270659
  2  0.12029620  0.3890500  0.52909066 -0.15188308 -0.1760746 -0.30790449
  3  0.30086078  0.4501791  0.41668224  0.12235719  0.1043412 -0.14641264
  4  0.42701340  0.4270728  0.41545093  0.37143217 -0.1584855  0.27764672
  5  0.20118459  0.3790837  0.34120046  0.66589363 -0.3483786  0.24682810
  6  0.14469633 -0.2370328  0.60167480  0.76460759  0.1716989  0.05448308
  7  0.33293923 -0.2542673 -0.55435358  0.95619422  0.3537348  0.60216654
  8  0.06055088  0.9730475  0.05232767 -0.08726495  0.2798144  0.71451090
  9 -0.21560363  1.9946080  1.06946717  1.50305847  1.4694088  1.39563802
   year
age        2001        2002        2003        2004       2005        2006
  1 -0.31274985  0.07433416  0.34824959  0.15208560 -0.5400721  0.64097889
  2  0.21805424 -0.19009971  0.31867160 -0.23486070 -0.2942001  0.13258696
  3  0.11577280  0.09612469 -0.37064776 -0.11645267  0.1565033  0.01089416
  4 -0.08903186 -0.25190023 -0.18173279 -0.31283651 -0.1146957  0.08085392
  5  0.14713099 -0.37105888 -0.57616594 -0.25132973 -0.4167271  0.05696851
  6 -0.03149645  0.15219524 -0.49318421 -0.82872182 -0.4813391 -0.50277180
  7 -0.55664551 -0.16038760  0.09916326 -0.43369993 -1.0605580 -0.60266908
  8  0.02824584 -0.57997463 -0.30481495  0.02099073 -0.9320895 -1.08841965
  9  0.52851460  0.12503387  0.43451870 -0.74349403 -1.6961241 -1.86023556
   year
age        2007        2008
  1  0.03111028 -0.05851130
  2  0.20874505 -0.30779484
  3 -0.25555149  0.01175641
  4 -0.32267868 -0.07462323
  5 -0.39252546 -0.02180249
  6 -0.52140908 -0.02610149
  7 -0.83702182  0.28505257
  8 -1.44675744 -0.71396474
  9 -1.35277186 -0.90728526


TABLE 3.6.21 NSH HERRING. FIT PARAMETERS

                                          Value CV.pct       Lower.95.pct.CL
F, 2004                          0.329911771655    8.0        0.277145751780
F, 2005                          0.404488924395    9.8        0.339957250061
F, 2006                          0.386426008321    9.9        0.321216239788
F, 2007                          0.374815976978   10.4        0.306668113721
F, 2008                          0.261310088742    8.4        0.209764708907
Selectivity at age 0             0.179075514487   17.6        0.098954446835
Selectivity at age 1             0.194222083157   18.2        0.108256171254
Selectivity at age 2             0.454228428091   11.3        0.381677284938
Selectivity at age 3             0.710662508727   25.8        0.597765547053
Selectivity at age 5             1.162396951031   61.4        0.969740697709
Selectivity at age 6             1.191063745293   56.1        0.982584214168
Selectivity at age 7             1.056547984975  205.6        0.846502007850
Terminal year pop, age 0  20044856.760115046054    1.1 13783885.262499790639
Terminal year pop, age 1   5971129.001847454347    0.9  4488422.976026669145
Terminal year pop, age 2   3186335.919378107414    0.7  2590466.257608607411
Terminal year pop, age 3   1177819.563125113724    0.7   973686.343793815468
Terminal year pop, age 4   1091076.724285136210    0.7   907996.604046152090
Terminal year pop, age 5    559803.689404621604    0.8   460826.105677867832
Terminal year pop, age 6    508504.339215149055    0.8   410586.303400276171
Terminal year pop, age 7    967084.917926769005    0.9   751532.578233194654
Terminal year pop, age 8    268423.503450754331    1.2   199834.704112441861
Last true age pop, 2004     247136.842769149604    1.8   160013.045750832418
Last true age pop, 2005     246984.415877730207    1.4   176285.014615477674
Last true age pop, 2006     190539.430077245896    1.3   140911.689868555899
Last true age pop, 2007     488487.206557511759    1.1   367695.302424716472
Recruitment prediction    32832169.008807145059    1.6 19169423.754562228918
Index 1, biomass, K              1.163128484640    3.9        1.073206716314
Index 1, biomass, Q              0.000009805519    5.2        0.000003012610
Index 2, age 0 numbers, Q        0.000003325777    0.5        0.000002914643
Index 3, age 1 numbers, Q        0.000173772030    0.7        0.000153893489
Index 3, age 2 numbers, Q        0.000147629356    0.9        0.000126395202
Index 3, age 3 numbers, Q        0.000100293158    4.5        0.000044509391
Index 3, age 4 numbers, Q        0.000062575057    4.3        0.000027769861
Index 3, age 5 numbers, Q        0.000034335617    4.0        0.000015233001
Index 4, age 1 numbers, Q        1.175388266661   49.7        1.004135275260
Index 4, age 2 numbers, Q        1.533536193870   14.4        1.359401253911
Index 4, age 3 numbers, Q        1.772912331408   20.1        1.414229859029
Index 4, age 4 numbers, Q        1.788886142337   25.8        1.333133862256
Index 4, age 5 numbers, Q        1.844253463306   25.9        1.352296146831
Index 4, age 6 numbers, Q        1.801977763880   28.6        1.295876341330
Index 4, age 7 numbers, Q        1.672480651350   35.1        1.174444516405
Index 4, age 8 numbers, Q        1.716816958392   33.5        1.203933112169
Index 4, age 9 numbers, Q        4.169716227343   14.9        2.750705434423
SRR, a                    55594838.223053641617    1.2 36805245.932373069227
SRR, b                      375622.061657374317    3.6   152326.548217378207
                                Upper.95.pct.CL
F, 2004                          0.392723959783
F, 2005                          0.481270188912
F, 2006                          0.464873942878
F, 2007                          0.458107675079
F, 2008                          0.325521689679
Selectivity at age 0             0.324068709538
Selectivity at age 1             0.348453276601
Selectivity at age 2             0.540570458416
Selectivity at age 3             0.844881749709
Selectivity at age 5             1.393327798822
Selectivity at age 6             1.443777362690
Selectivity at age 7             1.318713522476
Terminal year pop, age 0  29149711.774418942630
Terminal year pop, age 1   7943632.261740726419
Terminal year pop, age 2   3919269.962038279045
Terminal year pop, age 3   1424749.286176694091
Terminal year pop, age 4   1311071.443408475956
Terminal year pop, age 5    680039.969111664919
Terminal year pop, age 6    629774.205469664070
Terminal year pop, age 7   1244461.338828645879
Terminal year pop, age 8    360553.876388936827
Last true age pop, 2004     381697.747001266864
Last true age pop, 2005     346037.930787950987
Last true age pop, 2006     257645.582478129829
Last true age pop, 2007     648960.564349927241
Recruitment prediction    56232849.543342649937
Index 1, biomass, K              1.253050252967
Index 1, biomass, Q              0.000031915253
Index 2, age 0 numbers, Q        0.000003794905
Index 3, age 1 numbers, Q        0.000196218298
Index 3, age 2 numbers, Q        0.000172430808
Index 3, age 3 numbers, Q        0.000225990901
Index 3, age 4 numbers, Q        0.000141003145
Index 3, age 5 numbers, Q        0.000077393454
Index 4, age 1 numbers, Q        1.375848066932
Index 4, age 2 numbers, Q        1.729977261050
Index 4, age 3 numbers, Q        2.222565246229
Index 4, age 4 numbers, Q        2.400444337097
Index 4, age 5 numbers, Q        2.515181933253
Index 4, age 6 numbers, Q        2.505735893122
Index 4, age 7 numbers, Q        2.381714495721
Index 4, age 8 numbers, Q        2.448192876192
Index 4, age 9 numbers, Q        6.320754377764
SRR, a                    83976779.905956819654
SRR, b                      926246.506960759754


