data Species.n Quarter Year fleet Age observed model residual stand.residual
catch 1 1 1974 -9 0  -99.9 -99.9 -99.9  -99.9
catch 1 1 1974 -9 1  1.610106e+007 2.013706e+007 -2.236770e-001 -2.512528e-001
catch 1 1 1974 -9 2  2.155723e+006 2.519546e+006 -1.559523e-001 -1.407541e-001
catch 1 1 1974 -9 3  4.756133e+005 1.090997e+005 1.472343e+000 1.328856e+000
catch 1 1 1975 -9 0  2.509310e+005 8.166986e+005 -1.180092e+000 -8.344512e-001
catch 1 1 1975 -9 1  2.772351e+007 2.652601e+007 4.415485e-002 4.959844e-002
catch 1 1 1975 -9 2  1.005255e+007 7.110989e+006 3.461851e-001 3.124478e-001
catch 1 1 1975 -9 3  2.601818e+005 2.625914e+005 -9.218542e-003 -8.320154e-003
catch 1 1 1976 -9 0  2.143211e+006 4.069447e+005 1.661383e+000 1.174776e+000
catch 1 1 1976 -9 1  4.220983e+007 3.473863e+007 1.948008e-001 2.188166e-001
catch 1 1 1976 -9 2  2.888653e+006 3.990913e+006 -3.232297e-001 -2.917295e-001
catch 1 1 1976 -9 3  1.809126e+005 2.063624e+005 -1.316201e-001 -1.187931e-001
catch 1 1 1977 -9 0  2.690194e+006 6.910746e+005 1.359121e+000 9.610434e-001
catch 1 1 1977 -9 1  1.278606e+007 1.405393e+007 -9.454700e-002 -1.062032e-001
catch 1 1 1977 -9 2  5.181867e+006 4.217856e+006 2.058384e-001 1.857786e-001
catch 1 1 1977 -9 3  1.097122e+005 8.629071e+004 2.401390e-001 2.167364e-001
catch 1 1 1978 -9 0  4.540903e+005 7.483181e+005 -4.995321e-001 -3.532226e-001
catch 1 1 1978 -9 1  3.218452e+007 1.918267e+007 5.174785e-001 5.812754e-001
catch 1 1 1978 -9 2  4.274734e+005 1.644714e+006 -1.347430e+000 -1.216117e+000
catch 1 1 1978 -9 3  9.643467e+004 1.023521e+005 -5.955287e-002 -5.374918e-002
catch 1 1 1979 -9 0  3.579389e+006 2.598337e+005 2.622906e+000 1.854674e+000
catch 1 1 1979 -9 1  3.686680e+007 2.298292e+007 4.725603e-001 5.308195e-001
catch 1 1 1979 -9 2  6.440415e+005 3.025049e+006 -1.546919e+000 -1.396165e+000
catch 1 1 1979 -9 3  1.171390e+005 8.206404e+004 3.558617e-001 3.211814e-001
catch 1 1 1980 -9 0  -99.9 -99.9 -99.9  -99.9
catch 1 1 1980 -9 1  1.423756e+007 2.919115e+007 -7.179823e-001 -8.064982e-001
catch 1 1 1980 -9 2  1.742136e+007 1.493145e+007 1.542272e-001 1.391971e-001
catch 1 1 1980 -9 3  1.481066e+006 7.751421e+005 6.474711e-001 5.843721e-001
catch 1 1 1981 -9 0  4.287758e+005 7.499357e+004 1.743532e+000 1.232863e+000
catch 1 1 1981 -9 1  1.232243e+007 9.247354e+006 2.870838e-001 3.224767e-001
catch 1 1 1981 -9 2  1.483241e+006 1.732468e+006 -1.553170e-001 -1.401806e-001
catch 1 1 1981 -9 3  1.308047e+005 1.117444e+005 1.574913e-001 1.421430e-001
catch 1 1 1982 -9 0  5.457691e+005 3.768444e+004 2.672949e+000 1.890060e+000
catch 1 1 1982 -9 1  6.350511e+006 3.052787e+006 7.324804e-001 8.227836e-001
catch 1 1 1982 -9 2  6.015809e+005 1.974603e+006 -1.188562e+000 -1.072731e+000
catch 1 1 1982 -9 3  6.487908e+004 1.185404e+005 -6.027286e-001 -5.439901e-001
catch 1 1 1983 -9 0  5.613728e+006 8.161537e+004 4.230953e+000 2.991735e+000
catch 1 1 1983 -9 1  2.819244e+006 3.029090e+006 -7.179345e-002 -8.064445e-002
catch 1 1 1983 -9 2  9.695992e+005 1.307136e+006 -2.987111e-001 -2.696004e-001
catch 1 1 1983 -9 3  1.556534e+005 2.790835e+005 -5.838797e-001 -5.269781e-001
catch 1 1 1984 -9 0  9.547567e+005 2.274633e+004 3.737053e+000 2.642495e+000
catch 1 1 1984 -9 1  6.475021e+006 2.510010e+006 9.476652e-001 1.064497e+000
catch 1 1 1984 -9 2  4.172349e+005 4.138400e+005 8.170017e-003 7.373812e-003
catch 1 1 1984 -9 3  2.532431e+003 3.910671e+004 -2.737114e+000 -2.470370e+000
catch 1 1 1985 -9 0  -99.9 -99.9 -99.9  -99.9
catch 1 1 1985 -9 1  1.304457e+006 1.329806e+006 -1.924668e-002 -2.161949e-002
catch 1 1 1985 -9 2  1.972027e+006 8.862376e+005 7.998320e-001 7.218848e-001
catch 1 1 1985 -9 3  3.767959e+004 5.477588e+004 -3.741315e-001 -3.376707e-001
catch 1 1 1986 -9 0  -99.9 -99.9 -99.9  -99.9
catch 1 1 1986 -9 1  1.777798e+005 6.574123e+005 -1.307766e+000 -1.468993e+000
catch 1 1 1986 -9 2  4.527455e+005 2.317140e+005 6.698263e-001 6.045487e-001
catch 1 1 1986 -9 3  3.476200e+005 4.512564e+004 2.041659e+000 1.842691e+000
catch 1 1 1987 -9 0  2.235664e+003 1.020455e+004 -1.518295e+000 -1.073597e+000
catch 1 1 1987 -9 1  2.250587e+006 9.250654e+005 8.890817e-001 9.986914e-001
catch 1 1 1987 -9 2  1.285120e+005 5.929284e+004 7.735340e-001 6.981496e-001
catch 1 1 1987 -9 3  2.524940e+003 8.515908e+003 -1.215719e+000 -1.097242e+000
catch 1 1 1988 -9 0  4.082942e+006 5.332714e+004 4.338128e+000 3.067520e+000
catch 1 1 1988 -9 1  2.096911e+006 1.372693e+006 4.236913e-001 4.759258e-001
catch 1 1 1988 -9 2  2.830054e+006 1.027006e+006 1.013648e+000 9.148634e-001
catch 1 1 1988 -9 3  4.236364e+004 4.056452e+004 4.339649e-002 3.916731e-002
catch 1 1 1989 -9 0  1.245142e+004 1.095001e+004 1.284942e-001 9.085914e-002
catch 1 1 1989 -9 1  1.706824e+006 4.549659e+005 1.322167e+000 1.485169e+000
catch 1 1 1989 -9 2  3.613841e+006 6.872586e+004 3.962401e+000 3.576247e+000
catch 1 1 1989 -9 3  5.716041e+003 1.303982e+004 -8.247311e-001 -7.443574e-001
catch 1 1 1990 -9 0  1.567630e+003 7.968686e+004 -3.928540e+000 -2.777897e+000
catch 1 1 1990 -9 1  2.633068e+006 1.954789e+006 2.978675e-001 3.345898e-001
catch 1 1 1990 -9 2  2.234213e+006 7.128458e+005 1.142379e+000 1.031049e+000
catch 1 1 1990 -9 3  3.425141e+005 6.980541e+004 1.590601e+000 1.435590e+000
catch 1 1 1991 -9 0  4.050372e+004 5.966441e+004 -3.873418e-001 -2.738920e-001
catch 1 1 1991 -9 1  1.684266e+006 1.486930e+006 1.246162e-001 1.399794e-001
catch 1 1 1991 -9 2  2.416750e+006 1.766680e+005 2.615906e+000 2.360975e+000
catch 1 1 1991 -9 3  8.159075e+003 1.344802e+004 -4.997009e-001 -4.510028e-001
catch 1 1 1992 -9 0  1.894761e+004 6.533559e+004 -1.237859e+000 -8.752986e-001
catch 1 1 1992 -9 1  9.695465e+006 3.359490e+006 1.059869e+000 1.190534e+000
catch 1 1 1992 -9 2  1.315325e+006 5.379758e+005 8.940254e-001 8.068986e-001
catch 1 1 1992 -9 3  1.775838e+005 2.585077e+004 1.927102e+000 1.739298e+000
catch 1 1 1993 -9 0  2.641728e+005 1.983302e+005 2.866699e-001 2.027062e-001
catch 1 1 1993 -9 1  3.026867e+006 6.673366e+006 -7.905965e-001 -8.880645e-001
catch 1 1 1993 -9 2  5.339043e+006 1.881528e+006 1.042962e+000 9.413210e-001
catch 1 1 1993 -9 3  2.478393e+005 1.096138e+005 8.158175e-001 7.363124e-001
catch 1 1 1994 -9 0  4.453264e+005 6.885896e+004 1.866747e+000 1.319990e+000
catch 1 1 1994 -9 1  4.072048e+007 5.048482e+006 2.087644e+000 2.345017e+000
catch 1 1 1994 -9 2  5.168545e+005 6.574707e+005 -2.406389e-001 -2.171876e-001
catch 1 1 1994 -9 3  1.007370e+005 3.427876e+004 1.077988e+000 9.729329e-001
catch 1 1 1995 -9 0  1.706931e+005 4.018328e+004 1.446416e+000 1.022771e+000
catch 1 1 1995 -9 1  2.446658e+007 8.170423e+006 1.096787e+000 1.232004e+000
catch 1 1 1995 -9 2  3.192395e+006 3.553209e+006 -1.070798e-001 -9.664436e-002
catch 1 1 1995 -9 3  3.717588e+005 1.798943e+005 7.258760e-001 6.551362e-001
catch 1 1 1996 -9 0  2.993675e+005 6.207751e+004 1.573288e+000 1.112483e+000
catch 1 1 1996 -9 1  2.334972e+005 2.137987e+006 -2.214450e+000 -2.487456e+000
catch 1 1 1996 -9 2  8.165109e+005 1.750872e+006 -7.628290e-001 -6.884879e-001
catch 1 1 1996 -9 3  2.865029e+005 1.496170e+005 6.496699e-001 5.863567e-001
catch 1 1 1997 -9 0  6.446579e+003 3.640625e+004 -1.731191e+000 -1.224137e+000
catch 1 1 1997 -9 1  2.286585e+006 2.888171e+006 -2.335642e-001 -2.623590e-001
catch 1 1 1997 -9 2  1.305932e+005 4.786614e+005 -1.298906e+000 -1.172322e+000
catch 1 1 1997 -9 3  2.028218e+005 9.334514e+004 7.760237e-001 7.003967e-001
catch 1 1 1998 -9 0  8.612372e+004 1.373193e+005 -4.665244e-001 -3.298826e-001
catch 1 1 1998 -9 1  3.567341e+006 3.787956e+006 -6.000594e-002 -6.740372e-002
catch 1 1 1998 -9 2  1.498339e+006 1.583543e+006 -5.530764e-002 -4.991767e-002
catch 1 1 1998 -9 3  2.589925e+005 8.851484e+004 1.073629e+000 9.689990e-001
catch 1 1 1999 -9 0  8.302301e+002 5.176113e+004 -4.132692e+000 -2.922254e+000
catch 1 1 1999 -9 1  1.593925e+007 4.266543e+006 1.317981e+000 1.480467e+000
catch 1 1 1999 -9 2  4.778148e+005 5.316785e+005 -1.068158e-001 -9.640612e-002
catch 1 1 1999 -9 3  6.921924e+004 3.861302e+004 5.836893e-001 5.268062e-001
catch 1 1 2000 -9 0  6.101485e+003 7.939391e+004 -2.565889e+000 -1.814358e+000
catch 1 1 2000 -9 1  9.822669e+006 4.792223e+006 7.176986e-001 8.061795e-001
catch 1 1 2000 -9 2  1.767256e+006 2.278769e+006 -2.542075e-001 -2.294338e-001
catch 1 1 2000 -9 3  7.015970e+004 9.524418e+004 -3.056699e-001 -2.758810e-001
catch 1 1 2001 -9 0  1.305554e+004 7.084912e+004 -1.691340e+000 -1.195958e+000
catch 1 1 2001 -9 1  5.767627e+006 4.864849e+006 1.702251e-001 1.912111e-001
catch 1 1 2001 -9 2  3.155495e+005 1.327776e+006 -1.436945e+000 -1.296908e+000
catch 1 1 2001 -9 3  7.693892e+003 1.390861e+005 -2.894666e+000 -2.612568e+000
catch 1 1 2002 -9 0  6.341550e+004 9.939517e+004 -4.493952e-001 -3.177704e-001
catch 1 1 2002 -9 1  6.586442e+006 4.328071e+006 4.198915e-001 4.716575e-001
catch 1 1 2002 -9 2  5.945573e+005 1.206950e+006 -7.080344e-001 -6.390333e-001
catch 1 1 2002 -9 3  1.086794e+005 6.977034e+004 4.431931e-001 4.000019e-001
catch 1 1 2003 -9 0  1.976395e+005 1.004765e+005 6.765206e-001 4.783723e-001
catch 1 1 2003 -9 1  4.003316e+006 4.562912e+006 -1.308378e-001 -1.469681e-001
catch 1 1 2003 -9 2  5.944976e+005 8.200912e+005 -3.216990e-001 -2.903480e-001
catch 1 1 2003 -9 3  6.814354e+004 4.180699e+004 4.885528e-001 4.409412e-001
catch 1 1 2004 -9 0  2.293086e+005 2.736079e+005 -1.766274e-001 -1.248944e-001
catch 1 1 2004 -9 1  4.217281e+006 8.195686e+006 -6.644174e-001 -7.463296e-001
catch 1 1 2004 -9 2  7.314998e+005 1.718874e+006 -8.543280e-001 -7.710700e-001
catch 1 1 2004 -9 3  7.891313e+004 7.338086e+004 7.268444e-002 6.560102e-002
catch 1 1 2005 -9 0  9.760227e+004 6.571411e+004 3.955871e-001 2.797223e-001
catch 1 1 2005 -9 1  1.340973e+007 1.088182e+007 2.088869e-001 2.346394e-001
catch 1 1 2005 -9 2  4.792218e+005 1.194949e+006 -9.136953e-001 -8.246516e-001
catch 1 1 2005 -9 3  8.885823e+004 3.499495e+004 9.318383e-001 8.410265e-001
catch 1 1 2006 -9 0  -99.9 -99.9 -99.9  -99.9
catch 1 1 2006 -9 1  1.987696e+006 4.683025e+006 -8.569683e-001 -9.626189e-001
catch 1 1 2006 -9 2  1.401797e+006 3.623994e+006 -9.498218e-001 -8.572574e-001
catch 1 1 2006 -9 3  2.951580e+005 9.762281e+004 1.106400e+000 9.985762e-001
catch 1 1 2007 -9 0  -99.9 -99.9 -99.9  -99.9
catch 1 1 2007 -9 1  1.693273e+006 5.992599e+006 -1.263862e+000 -1.419676e+000
catch 1 1 2007 -9 2  1.895506e+005 1.064642e+006 -1.725738e+000 -1.557558e+000
catch 1 1 2007 -9 3  6.767211e+004 1.541294e+005 -8.231186e-001 -7.429020e-001
catch 1 1 2008 -9 0  1.159013e+004 1.288003e+005 -2.408110e+000 -1.702791e+000
catch 1 1 2008 -9 1  4.224297e+005 3.565352e+006 -2.132995e+000 -2.395960e+000
catch 1 1 2008 -9 2  1.447939e+006 1.203559e+006 1.848584e-001 1.668431e-001
catch 1 1 2008 -9 3  3.297696e+005 4.461282e+004 2.000373e+000 1.805428e+000
catch 1 1 2009 -9 0  -99.9 -99.9 -99.9  -99.9
catch 1 1 2009 -9 1  4.776947e+006 6.996042e+006 -3.815430e-001 -4.285812e-001
catch 1 1 2009 -9 2  2.199218e+005 9.989416e+005 -1.513424e+000 -1.365934e+000
catch 1 1 2009 -9 3  3.903674e+004 8.685034e+004 -7.996832e-001 -7.217505e-001
catch 1 1 2010 -9 0  1.241378e+004 8.638137e+004 -1.939965e+000 -1.371762e+000
catch 1 1 2010 -9 1  1.732171e+006 4.955247e+006 -1.051071e+000 -1.180652e+000
catch 1 1 2010 -9 2  6.891656e+005 2.331334e+006 -1.218714e+000 -1.099945e+000
catch 1 1 2010 -9 3  9.004036e+004 1.077775e+005 -1.798105e-001 -1.622872e-001
catch 1 1 2011 -9 0  2.469282e+003 5.724476e+004 -3.143409e+000 -2.222726e+000
catch 1 1 2011 -9 1  1.847215e+006 4.121634e+006 -8.025707e-001 -9.015150e-001
catch 1 1 2011 -9 2  1.105017e+006 1.443215e+006 -2.670131e-001 -2.409915e-001
catch 1 1 2011 -9 3  2.817084e+005 2.277838e+005 2.124755e-001 1.917688e-001
catch 1 1 2012 -9 0  1.478958e+005 4.421454e+004 1.207454e+000 8.537993e-001
catch 1 1 2012 -9 1  2.527701e+006 4.384259e+006 -5.507103e-001 -6.186042e-001
catch 1 1 2012 -9 2  7.294268e+005 1.900076e+006 -9.573903e-001 -8.640884e-001
catch 1 1 2012 -9 3  1.216655e+005 2.631892e+005 -7.715979e-001 -6.964022e-001
catch 1 1 2013 -9 0  1.000248e+004 1.207398e+005 -2.490805e+000 -1.761265e+000
catch 1 1 2013 -9 1  1.973364e+006 3.189949e+006 -4.802652e-001 -5.394743e-001
catch 1 1 2013 -9 2  4.115580e+005 1.504424e+006 -1.296216e+000 -1.169894e+000
catch 1 1 2013 -9 3  7.270462e+004 1.833748e+005 -9.251274e-001 -8.349696e-001
catch 1 2 1974 -9 0  1.884146e+006 2.034608e+006 -7.682862e-002 -5.432604e-002
catch 1 2 1974 -9 1  1.154411e+007 1.288837e+007 -1.101499e-001 -1.685367e-001
catch 1 2 1974 -9 2  8.663987e+005 2.484708e+006 -1.053565e+000 -9.712403e-001
catch 1 2 1974 -9 3  4.822814e+004 1.234783e+005 -9.401225e-001 -8.666619e-001
catch 1 2 1975 -9 0  1.179567e+006 4.794463e+006 -1.402315e+000 -9.915863e-001
catch 1 2 1975 -9 1  1.454189e+007 1.413759e+007 2.819604e-002 4.314181e-002
catch 1 2 1975 -9 2  4.378415e+006 4.714709e+006 -7.400051e-002 -6.821816e-002
catch 1 2 1975 -9 3  1.668070e+005 2.130865e+005 -2.448609e-001 -2.257276e-001
catch 1 2 1976 -9 0  7.439656e+006 2.393181e+006 1.134201e+000 8.020015e-001
catch 1 2 1976 -9 1  1.876273e+007 1.829125e+007 2.544971e-002 3.893975e-002
catch 1 2 1976 -9 2  1.613139e+006 2.532464e+006 -4.510111e-001 -4.157694e-001
catch 1 2 1976 -9 3  8.860382e+004 1.551871e+005 -5.604562e-001 -5.166625e-001
catch 1 2 1977 -9 0  2.520082e+006 4.070787e+006 -4.795449e-001 -3.390895e-001
catch 1 2 1977 -9 1  4.904593e+006 8.057155e+006 -4.963884e-001 -7.595072e-001
catch 1 2 1977 -9 2  3.679153e+006 3.110033e+006 1.680494e-001 1.549182e-001
catch 1 2 1977 -9 3  6.768791e+004 7.181727e+004 -5.921738e-002 -5.459017e-002
catch 1 2 1978 -9 0  5.517665e+006 4.540835e+006 1.948438e-001 1.377754e-001
catch 1 2 1978 -9 1  1.034497e+007 1.240867e+007 -1.818950e-001 -2.783113e-001
catch 1 2 1978 -9 2  1.209584e+006 1.545971e+006 -2.453762e-001 -2.262026e-001
catch 1 2 1978 -9 3  1.166954e+005 1.066496e+005 9.001852e-002 8.298453e-002
catch 1 2 1979 -9 0  1.052920e+006 1.508480e+006 -3.595355e-001 -2.542300e-001
catch 1 2 1979 -9 1  1.135595e+007 1.565721e+007 -3.211896e-001 -4.914413e-001
catch 1 2 1979 -9 2  2.152261e+006 3.309804e+006 -4.303701e-001 -3.967412e-001
catch 1 2 1979 -9 3  6.338612e+004 9.578447e+004 -4.128556e-001 -3.805953e-001
catch 1 2 1980 -9 0  -99.9 -99.9 -99.9  -99.9
catch 1 2 1980 -9 1  9.415158e+006 1.375017e+007 -3.787305e-001 -5.794827e-001
catch 1 2 1980 -9 2  1.152058e+007 7.320859e+006 4.534069e-001 4.179780e-001
catch 1 2 1980 -9 3  9.794146e+005 4.318834e+005 8.187993e-001 7.548189e-001
catch 1 2 1981 -9 0  4.063206e+004 4.211608e+005 -2.338457e+000 -1.653539e+000
catch 1 2 1981 -9 1  3.540737e+006 5.533052e+006 -4.464047e-001 -6.830287e-001
catch 1 2 1981 -9 2  3.025289e+006 1.502992e+006 6.995486e-001 6.448863e-001
catch 1 2 1981 -9 3  2.020477e+005 1.100376e+005 6.076815e-001 5.601976e-001
catch 1 2 1982 -9 0  8.185250e+005 2.184101e+005 1.321130e+000 9.341797e-001
catch 1 2 1982 -9 1  5.021082e+006 1.942639e+006 9.495979e-001 1.452948e+000
catch 1 2 1982 -9 2  1.070960e+006 1.874797e+006 -5.599450e-001 -5.161913e-001
catch 1 2 1982 -9 3  5.533335e+004 1.308345e+005 -8.605573e-001 -7.933139e-001
catch 1 2 1983 -9 0  2.375763e+006 4.650363e+005 1.630959e+000 1.153262e+000
catch 1 2 1983 -9 1  1.334333e+006 1.655018e+006 -2.153805e-001 -3.295464e-001
catch 1 2 1983 -9 2  5.886777e+005 8.896212e+005 -4.129170e-001 -3.806519e-001
catch 1 2 1983 -9 3  9.111163e+004 2.238470e+005 -8.988774e-001 -8.286397e-001
catch 1 2 1984 -9 0  5.218656e+005 1.259176e+005 1.421783e+000 1.005352e+000
catch 1 2 1984 -9 1  2.535354e+006 1.600192e+006 4.602101e-001 7.041519e-001
catch 1 2 1984 -9 2  2.476544e+005 4.154256e+005 -5.172694e-001 -4.768503e-001
catch 1 2 1984 -9 3  4.803462e+003 4.454188e+004 -2.227093e+000 -2.053069e+000
catch 1 2 1985 -9 0  -99.9 -99.9 -99.9  -99.9
catch 1 2 1985 -9 1  5.760038e+005 7.421180e+005 -2.533939e-001 -3.877094e-001
catch 1 2 1985 -9 2  8.707802e+005 7.054900e+005 2.104970e-001 1.940489e-001
catch 1 2 1985 -9 3  1.663803e+004 5.254421e+004 -1.149964e+000 -1.060107e+000
catch 1 2 1986 -9 0  -99.9 -99.9 -99.9  -99.9
catch 1 2 1986 -9 1  1.569128e+005 3.768170e+005 -8.760693e-001 -1.340444e+000
catch 1 2 1986 -9 2  3.996043e+005 2.037303e+005 6.736778e-001 6.210370e-001
catch 1 2 1986 -9 3  3.068179e+005 4.752063e+004 1.865090e+000 1.719353e+000
catch 1 2 1987 -9 0  4.945081e+004 5.303997e+004 -7.006734e-002 -4.954509e-002
catch 1 2 1987 -9 1  1.790264e+006 6.365183e+005 1.034105e+000 1.582249e+000
catch 1 2 1987 -9 2  2.675975e+005 7.456113e+004 1.277865e+000 1.178013e+000
catch 1 2 1987 -9 3  9.775523e+002 1.266216e+004 -2.561322e+000 -2.361182e+000
catch 1 2 1988 -9 0  1.163964e+006 2.694598e+005 1.463167e+000 1.034615e+000
catch 1 2 1988 -9 1  3.141057e+005 7.427561e+005 -8.606383e-001 -1.316834e+000
catch 1 2 1988 -9 2  5.279863e+005 7.576790e+005 -3.611895e-001 -3.329664e-001
catch 1 2 1988 -9 3  1.152569e+004 3.660247e+004 -1.155537e+000 -1.065244e+000
catch 1 2 1989 -9 0  7.833942e+002 5.528867e+004 -4.256687e+000 -3.009933e+000
catch 1 2 1989 -9 1  7.641456e+004 3.121501e+005 -1.407311e+000 -2.153279e+000
catch 1 2 1989 -9 2  8.892497e+004 9.121889e+004 -2.546898e-002 -2.347885e-002
catch 1 2 1989 -9 3  3.418543e+002 2.041945e+004 -4.089859e+000 -3.770280e+000
catch 1 2 1990 -9 0  1.225280e+003 4.252568e+005 -5.849524e+000 -4.136238e+000
catch 1 2 1990 -9 1  2.058041e+006 1.019824e+006 7.021248e-001 1.074297e+000
catch 1 2 1990 -9 2  1.746290e+006 4.913361e+005 1.268121e+000 1.169030e+000
catch 1 2 1990 -9 3  2.677136e+005 5.749917e+004 1.538147e+000 1.417957e+000
catch 1 2 1991 -9 0  1.552315e+006 3.448227e+005 1.504472e+000 1.063823e+000
catch 1 2 1991 -9 1  2.936717e+006 1.000590e+006 1.076702e+000 1.647426e+000
catch 1 2 1991 -9 2  6.142329e+005 2.029386e+005 1.107471e+000 1.020934e+000
catch 1 2 1991 -9 3  9.586636e+003 1.689390e+004 -5.665825e-001 -5.223101e-001
catch 1 2 1992 -9 0  2.229910e+005 4.036676e+005 -5.934602e-001 -4.196398e-001
catch 1 2 1992 -9 1  1.185132e+006 2.328958e+006 -6.755662e-001 -1.033661e+000
catch 1 2 1992 -9 2  1.321658e+005 6.025148e+005 -1.517055e+000 -1.398513e+000
catch 1 2 1992 -9 3  1.649099e+004 3.130469e+004 -6.409540e-001 -5.908702e-001
catch 1 2 1993 -9 0  1.441317e+006 1.234358e+006 1.550060e-001 1.096058e-001
catch 1 2 1993 -9 1  4.911453e+006 3.750045e+006 2.698019e-001 4.128148e-001
catch 1 2 1993 -9 2  1.324444e+006 1.322997e+006 1.092940e-003 1.007538e-003
catch 1 2 1993 -9 3  3.143534e+004 8.610032e+004 -1.007580e+000 -9.288486e-001
catch 1 2 1994 -9 0  1.856101e+006 4.088218e+005 1.512954e+000 1.069820e+000
catch 1 2 1994 -9 1  7.146622e+006 3.432159e+006 7.334503e-001 1.122228e+000
catch 1 2 1994 -9 2  1.455656e+006 7.582057e+005 6.522572e-001 6.012903e-001
catch 1 2 1994 -9 3  1.427741e+005 4.207091e+004 1.221907e+000 1.126428e+000
catch 1 2 1995 -9 0  6.120105e+005 2.367142e+005 9.498959e-001 6.716779e-001
catch 1 2 1995 -9 1  8.620522e+006 4.526065e+006 6.442927e-001 9.858106e-001
catch 1 2 1995 -9 2  2.863267e+006 2.599255e+006 9.673854e-002 8.917945e-002
catch 1 2 1995 -9 3  5.058747e+005 1.459690e+005 1.242895e+000 1.145775e+000
catch 1 2 1996 -9 0  1.083655e+006 3.550868e+005 1.115732e+000 7.889420e-001
catch 1 2 1996 -9 1  7.767951e+005 1.274828e+006 -4.953901e-001 -7.579797e-001
catch 1 2 1996 -9 2  2.208631e+006 1.458050e+006 4.152727e-001 3.828235e-001
catch 1 2 1996 -9 3  9.112557e+005 1.393391e+005 1.877913e+000 1.731174e+000
catch 1 2 1997 -9 0  1.486566e+005 2.213625e+005 -3.981627e-001 -2.815436e-001
catch 1 2 1997 -9 1  4.395265e+006 1.999634e+006 7.875636e-001 1.205025e+000
catch 1 2 1997 -9 2  1.078225e+006 5.003613e+005 7.677414e-001 7.077506e-001
catch 1 2 1997 -9 3  2.776151e+005 1.084355e+005 9.400800e-001 8.666227e-001
catch 1 2 1998 -9 0  5.465889e+006 8.171404e+005 1.900471e+000 1.343836e+000
catch 1 2 1998 -9 1  2.665032e+006 2.267062e+006 1.617314e-001 2.474597e-001
catch 1 2 1998 -9 2  1.451844e+006 1.153493e+006 2.300398e-001 2.120646e-001
catch 1 2 1998 -9 3  3.264632e+005 7.252103e+004 1.504441e+000 1.386885e+000
catch 1 2 1999 -9 0  9.055731e+004 3.210129e+005 -1.265499e+000 -8.948427e-001
catch 1 2 1999 -9 1  2.456063e+006 3.068962e+006 -2.227796e-001 -3.408675e-001
catch 1 2 1999 -9 2  2.549306e+005 5.924304e+005 -8.432419e-001 -7.773515e-001
catch 1 2 1999 -9 3  4.483598e+004 4.632827e+004 -3.274132e-002 -3.018293e-002
catch 1 2 2000 -9 0  8.190594e+004 4.804260e+005 -1.769102e+000 -1.250944e+000
catch 1 2 2000 -9 1  8.013754e+005 2.936551e+006 -1.298662e+000 -1.987038e+000
catch 1 2 2000 -9 2  3.848537e+005 1.858226e+006 -1.574514e+000 -1.451483e+000
catch 1 2 2000 -9 3  4.982662e+004 8.587117e+004 -5.442988e-001 -5.017676e-001
catch 1 2 2001 -9 0  5.505122e+005 4.393855e+005 2.254721e-001 1.594329e-001
catch 1 2 2001 -9 1  3.967343e+006 2.921750e+006 3.059140e-001 4.680687e-001
catch 1 2 2001 -9 2  1.528712e+006 1.034828e+006 3.901900e-001 3.597008e-001
catch 1 2 2001 -9 3  4.984958e+005 1.205984e+005 1.419129e+000 1.308239e+000
catch 1 2 2002 -9 0  9.272944e+005 6.031135e+005 4.301657e-001 3.041731e-001
catch 1 2 2002 -9 1  4.326530e+006 2.548984e+006 5.290710e-001 8.095137e-001
catch 1 2 2002 -9 2  6.616558e+005 8.936380e+005 -3.005552e-001 -2.770700e-001
catch 1 2 2002 -9 3  5.902175e+004 5.852835e+004 8.394912e-003 7.738939e-003
catch 1 2 2003 -9 0  2.785630e+006 6.216299e+005 1.499884e+000 1.060578e+000
catch 1 2 2003 -9 1  6.826281e+006 3.002919e+006 8.211951e-001 1.256483e+000
catch 1 2 2003 -9 2  1.115905e+006 7.495543e+005 3.979427e-001 3.668477e-001
catch 1 2 2003 -9 3  2.183998e+005 4.211233e+004 1.645987e+000 1.517370e+000
catch 1 2 2004 -9 0  2.480680e+007 1.686450e+006 2.688492e+000 1.901051e+000
catch 1 2 2004 -9 1  4.735686e+006 4.676375e+006 1.260334e-002 1.928394e-002
catch 1 2 2004 -9 2  2.643729e+005 1.128141e+006 -1.450966e+000 -1.337588e+000
catch 1 2 2004 -9 3  5.342535e+004 5.410955e+004 -1.272548e-002 -1.173112e-002
catch 1 2 2005 -9 0  8.399444e+005 3.989339e+005 7.445399e-001 5.264692e-001
catch 1 2 2005 -9 1  7.903545e+006 6.920616e+006 1.328067e-001 2.032030e-001
catch 1 2 2005 -9 2  2.283371e+005 1.070488e+006 -1.545046e+000 -1.424317e+000
catch 1 2 2005 -9 3  2.205145e+004 3.397470e+004 -4.322380e-001 -3.984632e-001
catch 1 2 2006 -9 0  3.197086e+005 6.446823e+005 -7.013476e-001 -4.959277e-001
catch 1 2 2006 -9 1  4.932212e+005 2.762999e+006 -1.723114e+000 -2.636479e+000
catch 1 2 2006 -9 2  1.003837e+006 2.705266e+006 -9.913709e-001 -9.139058e-001
catch 1 2 2006 -9 3  2.355425e+005 7.993386e+004 1.080692e+000 9.962472e-001
catch 1 2 2007 -9 0  6.099385e+005 4.556038e+005 2.917346e-001 2.062875e-001
catch 1 2 2007 -9 1  4.186796e+006 3.546450e+006 1.659886e-001 2.539736e-001
catch 1 2 2007 -9 2  1.681648e+006 8.167182e+005 7.222356e-001 6.658006e-001
catch 1 2 2007 -9 3  2.547678e+005 1.301027e+005 6.720282e-001 6.195163e-001
catch 1 2 2008 -9 0  2.087187e+006 7.819100e+005 9.818329e-001 6.942607e-001
catch 1 2 2008 -9 1  1.901763e+006 2.336113e+006 -2.057074e-001 -3.147460e-001
catch 1 2 2008 -9 2  1.006626e+006 1.152702e+006 -1.355046e-001 -1.249163e-001
catch 1 2 2008 -9 3  2.609662e+005 4.642651e+004 1.726520e+000 1.591611e+000
catch 1 2 2009 -9 0  2.314117e+005 5.011056e+005 -7.726184e-001 -5.463237e-001
catch 1 2 2009 -9 1  8.163927e+006 4.660094e+006 5.606896e-001 8.578923e-001
catch 1 2 2009 -9 2  5.544250e+005 1.037280e+006 -6.264256e-001 -5.774771e-001
catch 1 2 2009 -9 3  1.373280e+005 1.000338e+005 3.168641e-001 2.921045e-001
catch 1 2 2010 -9 0  3.497032e+005 4.814870e+005 -3.197942e-001 -2.261287e-001
catch 1 2 2010 -9 1  3.105417e+006 3.223834e+006 -3.742344e-002 -5.726034e-002
catch 1 2 2010 -9 2  3.011291e+006 2.362262e+006 2.427491e-001 2.237808e-001
catch 1 2 2010 -9 3  2.157387e+006 1.261246e+005 2.839383e+000 2.617515e+000
catch 1 2 2011 -9 0  4.200039e+005 3.242859e+005 2.586386e-001 1.828851e-001
catch 1 2 2011 -9 1  4.234059e+006 2.692472e+006 4.527015e-001 6.926633e-001
catch 1 2 2011 -9 2  2.917969e+006 1.489616e+006 6.723696e-001 6.198310e-001
catch 1 2 2011 -9 3  9.992951e+005 2.796102e+005 1.273654e+000 1.174131e+000
catch 1 2 2012 -9 0  1.870981e+005 2.516903e+005 -2.965662e-001 -2.097040e-001
catch 1 2 2012 -9 1  3.756225e+006 2.595773e+006 3.695301e-001 5.654056e-001
catch 1 2 2012 -9 2  1.690250e+006 1.583467e+006 6.525967e-002 6.016032e-002
catch 1 2 2012 -9 3  2.810711e+005 2.601178e+005 7.747293e-002 7.141924e-002
catch 1 2 2013 -9 0  4.620286e+005 7.620211e+005 -5.003474e-001 -3.537991e-001
catch 1 2 2013 -9 1  2.176971e+006 1.780562e+006 2.010055e-001 3.075518e-001
catch 1 2 2013 -9 2  7.455776e+005 1.023724e+006 -3.170428e-001 -2.922693e-001
catch 1 2 2013 -9 3  1.444344e+005 1.475341e+005 -2.123390e-002 -1.957469e-002
catch 1 3 1974 -9 0  2.842702e+006 3.295559e+006 -1.478210e-001 -1.406198e-001
catch 1 3 1974 -9 1  1.109130e+007 3.571177e+006 1.133266e+000 8.234690e-001
catch 1 3 1974 -9 2  1.336036e+006 3.329404e+005 1.389499e+000 9.825242e-001
catch 1 3 1974 -9 3  3.453422e+004 3.931490e+004 -1.296529e-001 -9.167847e-002
catch 1 3 1975 -9 0  5.240024e+006 7.728193e+006 -3.885490e-001 -3.696207e-001
catch 1 3 1975 -9 1  4.755878e+006 3.424114e+006 3.285387e-001 2.387272e-001
catch 1 3 1975 -9 2  2.206781e+006 4.029267e+005 1.700536e+000 1.202460e+000
catch 1 3 1975 -9 3  6.618576e+004 4.057806e+004 4.892378e-001 3.459434e-001
catch 1 3 1976 -9 0  7.703416e+006 3.735214e+006 7.238586e-001 6.885957e-001
catch 1 3 1976 -9 1  6.925346e+006 4.252413e+006 4.877016e-001 3.543803e-001
catch 1 3 1976 -9 2  2.676376e+005 2.014023e+005 2.843294e-001 2.010513e-001
catch 1 3 1976 -9 3  8.289407e+003 2.736116e+004 -1.194146e+000 -8.443887e-001
catch 1 3 1977 -9 0  1.585720e+007 6.144579e+006 9.480532e-001 9.018685e-001
catch 1 3 1977 -9 1  1.843468e+006 1.935702e+006 -4.882111e-002 -3.547505e-002
catch 1 3 1977 -9 2  2.200876e+006 2.849836e+005 2.044179e+000 1.445453e+000
catch 1 3 1977 -9 3  3.783551e+004 1.486340e+004 9.343460e-001 6.606824e-001
catch 1 3 1978 -9 0  6.154606e+006 6.981022e+006 -1.259946e-001 -1.198567e-001
catch 1 3 1978 -9 1  4.973568e+006 3.257760e+006 4.230977e-001 3.074369e-001
catch 1 3 1978 -9 2  1.119045e+006 1.918124e+005 1.763713e+000 1.247133e+000
catch 1 3 1978 -9 3  2.994129e+004 3.108513e+004 -3.749096e-002 -2.651012e-002
catch 1 3 1979 -9 0  3.882781e+006 2.232817e+006 5.532876e-001 5.263341e-001
catch 1 3 1979 -9 1  6.399259e+006 4.289263e+006 4.000673e-001 2.907023e-001
catch 1 3 1979 -9 2  3.327812e+005 4.843973e+005 -3.754203e-001 -2.654622e-001
catch 1 3 1979 -9 3  2.596375e+004 3.392360e+004 -2.674097e-001 -1.890872e-001
catch 1 3 1980 -9 0  2.536060e+006 4.087818e+006 -4.773996e-001 -4.541430e-001
catch 1 3 1980 -9 1  3.866612e+006 2.881259e+006 2.941512e-001 2.137401e-001
catch 1 3 1980 -9 2  3.896744e+005 4.296284e+005 -9.760925e-002 -6.902016e-002
catch 1 3 1980 -9 3  8.724471e+003 5.426944e+004 -1.827829e+000 -1.292471e+000
catch 1 3 1981 -9 0  3.742540e+005 6.323173e+005 -5.244567e-001 -4.989076e-001
catch 1 3 1981 -9 1  3.854059e+006 1.437576e+006 9.861684e-001 7.165830e-001
catch 1 3 1981 -9 2  3.197625e+005 1.751848e+005 6.017373e-001 4.254925e-001
catch 1 3 1981 -9 3  9.835418e+003 3.018262e+004 -1.121276e+000 -7.928621e-001
catch 1 3 1982 -9 0  2.530673e+006 3.510961e+005 1.975181e+000 1.878959e+000
catch 1 3 1982 -9 1  4.018395e+005 5.415792e+005 -2.984366e-001 -2.168541e-001
catch 1 3 1982 -9 2  4.691322e+004 2.369222e+005 -1.619432e+000 -1.145112e+000
catch 1 3 1982 -9 3  3.525285e+003 3.914116e+004 -2.407213e+000 -1.702157e+000
catch 1 3 1983 -9 0  1.697718e+006 7.426361e+005 8.268343e-001 7.865548e-001
catch 1 3 1983 -9 1  5.968570e+005 4.134678e+005 3.670980e-001 2.667457e-001
catch 1 3 1983 -9 2  7.271292e+003 7.584113e+004 -2.344707e+000 -1.657958e+000
catch 1 3 1983 -9 3  -99.9 -99.9 -99.9  -99.9
catch 1 3 1984 -9 0  4.050950e+005 1.951747e+005 7.302266e-001 6.946534e-001
catch 1 3 1984 -9 1  6.124068e+005 4.436930e+005 3.222638e-001 2.341677e-001
catch 1 3 1984 -9 2  1.064816e+004 5.297362e+004 -1.604407e+000 -1.134487e+000
catch 1 3 1984 -9 3  1.053115e+003 1.329932e+004 -2.535960e+000 -1.793195e+000
catch 1 3 1985 -9 0  8.476031e+004 1.573563e+005 -6.186855e-001 -5.885461e-001
catch 1 3 1985 -9 1  2.158561e+005 1.893251e+005 1.311460e-001 9.529508e-002
catch 1 3 1985 -9 2  1.508191e+005 7.288872e+004 7.271470e-001 5.141706e-001
catch 1 3 1985 -9 3  1.491617e+004 1.250790e+004 1.760860e-001 1.245116e-001
catch 1 3 1986 -9 0  5.809359e+005 4.648851e+005 2.228501e-001 2.119939e-001
catch 1 3 1986 -9 1  5.870953e+004 9.842225e+004 -5.166648e-001 -3.754260e-001
catch 1 3 1986 -9 2  7.401074e+002 2.401864e+004 -3.479790e+000 -2.460583e+000
catch 1 3 1986 -9 3  -99.9 -99.9 -99.9  -99.9
catch 1 3 1987 -9 0  2.097879e+005 7.788494e+004 9.908643e-001 9.425941e-001
catch 1 3 1987 -9 1  8.269944e+005 1.912132e+005 1.464409e+000 1.064089e+000
catch 1 3 1987 -9 2  3.462606e+004 1.289430e+004 9.878215e-001 6.984953e-001
catch 1 3 1987 -9 3  3.298033e+004 5.631251e+003 1.767580e+000 1.249867e+000
catch 1 3 1988 -9 0  1.817700e+006 3.836005e+005 1.555726e+000 1.479938e+000
catch 1 3 1988 -9 1  6.374885e+005 1.834640e+005 1.245518e+000 9.050349e-001
catch 1 3 1988 -9 2  1.293839e+005 7.346596e+004 5.659616e-001 4.001953e-001
catch 1 3 1988 -9 3  5.490823e+003 8.209195e+003 -4.021767e-001 -2.843819e-001
catch 1 3 1989 -9 0  4.694577e+005 7.889703e+004 1.783435e+000 1.696554e+000
catch 1 3 1989 -9 1  4.169203e+005 9.376091e+004 1.492147e+000 1.084244e+000
catch 1 3 1989 -9 2  3.478923e+004 1.631021e+004 7.575166e-001 5.356451e-001
catch 1 3 1989 -9 3  1.275150e+004 9.302584e+003 3.153565e-001 2.229907e-001
catch 1 3 1990 -9 0  2.918374e+005 6.126847e+005 -7.416535e-001 -7.055236e-001
catch 1 3 1990 -9 1  6.205018e+004 2.413883e+005 -1.358464e+000 -9.871052e-001
catch 1 3 1990 -9 2  1.941186e+003 4.213575e+004 -3.077597e+000 -2.176190e+000
catch 1 3 1990 -9 3  4.285069e+002 1.105627e+004 -3.250447e+000 -2.298413e+000
catch 1 3 1991 -9 0  2.083522e+005 5.363870e+005 -9.456260e-001 -8.995595e-001
catch 1 3 1991 -9 1  6.456502e+004 2.838630e+005 -1.480819e+000 -1.076013e+000
catch 1 3 1991 -9 2  1.036314e+003 2.968595e+004 -3.355004e+000 -2.372346e+000
catch 1 3 1991 -9 3  9.948645e+001 5.973607e+003 -4.095085e+000 -2.895662e+000
catch 1 3 1992 -9 0  1.279875e+006 6.605867e+005 6.613891e-001 6.291694e-001
catch 1 3 1992 -9 1  1.583952e+006 6.597483e+005 8.758199e-001 6.364001e-001
catch 1 3 1992 -9 2  2.592512e+005 8.471175e+004 1.118543e+000 7.909295e-001
catch 1 3 1992 -9 3  5.821117e+003 1.053514e+004 -5.932242e-001 -4.194729e-001
catch 1 3 1993 -9 0  1.867838e+006 2.099742e+006 -1.170329e-001 -1.113316e-001
catch 1 3 1993 -9 1  1.819506e+006 9.359531e+005 6.647549e-001 4.830332e-001
catch 1 3 1993 -9 2  3.389686e+005 1.161488e+005 1.071035e+000 7.573362e-001
catch 1 3 1993 -9 3  4.396532e+004 1.669477e+004 9.683059e-001 6.846957e-001
catch 1 3 1994 -9 0  8.188748e+005 6.887476e+005 1.730563e-001 1.646258e-001
catch 1 3 1994 -9 1  2.936362e+006 1.020373e+006 1.057003e+000 7.680537e-001
catch 1 3 1994 -9 2  5.598712e+005 1.153967e+005 1.579331e+000 1.116756e+000
catch 1 3 1994 -9 3  2.281294e+004 1.542906e+004 3.910754e-001 2.765321e-001
catch 1 3 1995 -9 0  1.797666e+006 4.017916e+005 1.498311e+000 1.425320e+000
catch 1 3 1995 -9 1  4.488224e+006 1.170238e+006 1.344250e+000 9.767769e-001
catch 1 3 1995 -9 2  5.337855e+005 2.401069e+005 7.989099e-001 5.649146e-001
catch 1 3 1995 -9 3  1.281936e+005 2.991728e+004 1.455105e+000 1.028915e+000
catch 1 3 1996 -9 0  1.670742e+006 5.831833e+005 1.052522e+000 1.001248e+000
catch 1 3 1996 -9 1  2.898153e+005 3.423381e+005 -1.665550e-001 -1.210245e-001
catch 1 3 1996 -9 2  1.135797e+005 1.506902e+005 -2.827209e-001 -1.999139e-001
catch 1 3 1996 -9 3  4.953409e+004 3.261641e+004 4.178455e-001 2.954614e-001
catch 1 3 1997 -9 0  5.962229e+005 3.758356e+005 4.614629e-001 4.389826e-001
catch 1 3 1997 -9 1  7.282405e+005 5.741745e+005 2.376979e-001 1.727193e-001
catch 1 3 1997 -9 2  1.811868e+005 6.406606e+004 1.039614e+000 7.351178e-001
catch 1 3 1997 -9 3  4.666673e+004 3.269508e+004 3.558069e-001 2.515935e-001
catch 1 3 1998 -9 0  1.615982e+006 1.314384e+006 2.065746e-001 1.965113e-001
catch 1 3 1998 -9 1  1.096547e+006 5.742606e+005 6.468379e-001 4.700141e-001
catch 1 3 1998 -9 2  4.895410e+005 9.880926e+004 1.600277e+000 1.131567e+000
catch 1 3 1998 -9 3  2.414934e+005 1.375869e+004 2.865172e+000 2.025982e+000
catch 1 3 1999 -9 0  1.967130e+006 5.356532e+005 1.300844e+000 1.237473e+000
catch 1 3 1999 -9 1  3.351942e+006 8.874301e+005 1.328965e+000 9.656706e-001
catch 1 3 1999 -9 2  6.410590e+005 8.169700e+004 2.060104e+000 1.456714e+000
catch 1 3 1999 -9 3  1.830153e+005 1.509642e+004 2.495112e+000 1.764311e+000
catch 1 3 2000 -9 0  1.093613e+006 7.771492e+005 3.416100e-001 3.249684e-001
catch 1 3 2000 -9 1  2.807143e+006 7.758014e+005 1.286026e+000 9.344695e-001
catch 1 3 2000 -9 2  1.310052e+006 1.863632e+005 1.950124e+000 1.378946e+000
catch 1 3 2000 -9 3  1.764179e+005 1.922372e+004 2.216711e+000 1.567451e+000
catch 1 3 2001 -9 0  1.430172e+005 7.268204e+005 -1.625715e+000 -1.546518e+000
catch 1 3 2001 -9 1  5.315876e+005 7.488405e+005 -3.426581e-001 -2.489868e-001
catch 1 3 2001 -9 2  5.970899e+004 9.528124e+004 -4.673505e-001 -3.304667e-001
catch 1 3 2001 -9 3  1.341756e+004 2.457313e+004 -6.050895e-001 -4.278629e-001
catch 1 3 2002 -9 0  1.182692e+006 9.949931e+005 1.728130e-001 1.643944e-001
catch 1 3 2002 -9 1  1.199165e+006 6.460998e+005 6.184268e-001 4.493696e-001
catch 1 3 2002 -9 2  2.968999e+005 7.752212e+004 1.342832e+000 9.495256e-001
catch 1 3 2002 -9 3  6.571838e+004 1.116822e+004 1.772307e+000 1.253210e+000
catch 1 3 2003 -9 0  7.132288e+005 1.038037e+006 -3.752844e-001 -3.570023e-001
catch 1 3 2003 -9 1  3.982388e+004 8.026923e+005 -3.003505e+000 -2.182447e+000
catch 1 3 2003 -9 2  2.977379e+004 8.065109e+004 -9.965039e-001 -7.046347e-001
catch 1 3 2003 -9 3  2.642724e+004 1.028359e+004 9.438462e-001 6.674001e-001
catch 1 3 2004 -9 0  5.233945e+006 2.856566e+006 6.055451e-001 5.760457e-001
catch 1 3 2004 -9 1  3.099547e+005 1.131145e+006 -1.294560e+000 -9.406704e-001
catch 1 3 2004 -9 2  4.414466e+004 8.375381e+004 -6.404097e-001 -4.528381e-001
catch 1 3 2004 -9 3  1.570659e+004 8.655388e+003 5.958984e-001 4.213638e-001
catch 1 3 2005 -9 0  1.089274e+006 6.730325e+005 4.814730e-001 4.580179e-001
catch 1 3 2005 -9 1  5.408581e+006 1.869354e+006 1.062394e+000 7.719709e-001
catch 1 3 2005 -9 2  2.307033e+005 1.163456e+005 6.845675e-001 4.840623e-001
catch 1 3 2005 -9 3  3.855678e+004 8.344314e+003 1.530552e+000 1.082264e+000
catch 1 3 2006 -9 0  1.767420e+005 1.110186e+006 -1.837592e+000 -1.748073e+000
catch 1 3 2006 -9 1  1.295411e+005 7.037650e+005 -1.692446e+000 -1.229788e+000
catch 1 3 2006 -9 2  1.765847e+005 2.386958e+005 -3.013897e-001 -2.131147e-001
catch 1 3 2006 -9 3  1.093285e+004 1.543659e+004 -3.449684e-001 -2.439295e-001
catch 1 3 2007 -9 0  4.044523e+005 7.780728e+005 -6.542862e-001 -6.224125e-001
catch 1 3 2007 -9 1  3.297237e+005 9.122397e+005 -1.017648e+000 -7.394570e-001
catch 1 3 2007 -9 2  1.967483e+004 7.408953e+004 -1.325934e+000 -9.375769e-001
catch 1 3 2007 -9 3  2.096368e+004 2.583135e+004 -2.087976e-001 -1.476422e-001
catch 1 3 2008 -9 0  8.937852e+005 1.361651e+006 -4.209879e-001 -4.004793e-001
catch 1 3 2008 -9 1  1.317740e+005 6.524381e+005 -1.599628e+000 -1.162343e+000
catch 1 3 2008 -9 2  4.169166e+004 1.330075e+005 -1.160104e+000 -8.203175e-001
catch 1 3 2008 -9 3  2.185832e+004 1.216330e+004 5.861587e-001 4.144768e-001
catch 1 3 2009 -9 0  1.683623e+005 8.525036e+005 -1.622059e+000 -1.543040e+000
catch 1 3 2009 -9 1  3.385107e+006 1.352912e+006 9.171260e-001 6.664144e-001
catch 1 3 2009 -9 2  5.195155e+005 1.346471e+005 1.350240e+000 9.547636e-001
catch 1 3 2009 -9 3  8.896735e+004 3.007491e+004 1.084578e+000 7.669125e-001
catch 1 3 2010 -9 0  2.984721e+005 7.843418e+005 -9.661684e-001 -9.191013e-001
catch 1 3 2010 -9 1  2.412405e+006 9.305969e+005 9.525532e-001 6.921570e-001
catch 1 3 2010 -9 2  6.832636e+005 3.127203e+005 7.815713e-001 5.526544e-001
catch 1 3 2010 -9 3  9.060303e+004 3.904577e+004 8.417532e-001 5.952094e-001
catch 1 3 2011 -9 0  5.732017e+004 5.275368e+005 -2.219566e+000 -2.111439e+000
catch 1 3 2011 -9 1  2.502465e+005 7.774294e+005 -1.133546e+000 -8.236727e-001
catch 1 3 2011 -9 2  9.583430e+004 2.076789e+005 -7.733725e-001 -5.468570e-001
catch 1 3 2011 -9 3  4.226576e+004 9.225082e+004 -7.805339e-001 -5.519208e-001
catch 1 3 2012 -9 0  7.824030e+004 4.118197e+005 -1.660801e+000 -1.579894e+000
catch 1 3 2012 -9 1  4.637433e+005 7.013622e+005 -4.136932e-001 -3.006033e-001
catch 1 3 2012 -9 2  8.691001e+004 1.732928e+005 -6.901096e-001 -4.879812e-001
catch 1 3 2012 -9 3  3.015657e+004 6.444053e+004 -7.593399e-001 -5.369344e-001
catch 1 3 2013 -9 0  1.936784e+005 1.312570e+006 -1.913543e+000 -1.820324e+000
catch 1 3 2013 -9 1  1.553694e+003 4.491012e+005 -5.666613e+000 -4.117551e+000
catch 1 3 2013 -9 2  2.446721e+003 8.526145e+004 -3.550974e+000 -2.510918e+000
catch 1 3 2013 -9 3  4.794058e+003 2.659971e+004 -1.713523e+000 -1.211644e+000
catch 1 4 1974 -9 0  1.302331e+006 1.302285e+006 3.541448e-005 3.541446e-004
catch 1 4 1974 -9 1  2.511315e+006 2.511456e+006 -5.599287e-005 -5.599284e-004
catch 1 4 1974 -9 2  3.591170e+005 3.579235e+005 3.329087e-003 3.329086e-002
catch 1 4 1974 -9 3  1.482161e+004 1.487140e+004 -3.353660e-003 -3.353659e-002
catch 1 4 1975 -9 0  -99.9 -99.9 -99.9  -99.9
catch 1 4 1975 -9 1  -99.9 -99.9 -99.9  -99.9
catch 1 4 1975 -9 2  -99.9 -99.9 -99.9  -99.9
catch 1 4 1975 -9 3  -99.9 -99.9 -99.9  -99.9
catch 1 4 1976 -9 0  -99.9 -99.9 -99.9  -99.9
catch 1 4 1976 -9 1  -99.9 -99.9 -99.9  -99.9
catch 1 4 1976 -9 2  -99.9 -99.9 -99.9  -99.9
catch 1 4 1976 -9 3  -99.9 -99.9 -99.9  -99.9
catch 1 4 1977 -9 0  -99.9 -99.9 -99.9  -99.9
catch 1 4 1977 -9 1  -99.9 -99.9 -99.9  -99.9
catch 1 4 1977 -9 2  -99.9 -99.9 -99.9  -99.9
catch 1 4 1977 -9 3  -99.9 -99.9 -99.9  -99.9
catch 1 4 1978 -9 0  -99.9 -99.9 -99.9  -99.9
catch 1 4 1978 -9 1  -99.9 -99.9 -99.9  -99.9
catch 1 4 1978 -9 2  -99.9 -99.9 -99.9  -99.9
catch 1 4 1978 -9 3  -99.9 -99.9 -99.9  -99.9
catch 1 4 1979 -9 0  -99.9 -99.9 -99.9  -99.9
catch 1 4 1979 -9 1  -99.9 -99.9 -99.9  -99.9
catch 1 4 1979 -9 2  -99.9 -99.9 -99.9  -99.9
catch 1 4 1979 -9 3  -99.9 -99.9 -99.9  -99.9
catch 1 4 1980 -9 0  -99.9 -99.9 -99.9  -99.9
catch 1 4 1980 -9 1  -99.9 -99.9 -99.9  -99.9
catch 1 4 1980 -9 2  -99.9 -99.9 -99.9  -99.9
catch 1 4 1980 -9 3  -99.9 -99.9 -99.9  -99.9
catch 1 4 1981 -9 0  -99.9 -99.9 -99.9  -99.9
catch 1 4 1981 -9 1  -99.9 -99.9 -99.9  -99.9
catch 1 4 1981 -9 2  -99.9 -99.9 -99.9  -99.9
catch 1 4 1981 -9 3  -99.9 -99.9 -99.9  -99.9
catch 1 4 1982 -9 0  -99.9 -99.9 -99.9  -99.9
catch 1 4 1982 -9 1  -99.9 -99.9 -99.9  -99.9
catch 1 4 1982 -9 2  -99.9 -99.9 -99.9  -99.9
catch 1 4 1982 -9 3  -99.9 -99.9 -99.9  -99.9
catch 1 4 1983 -9 0  -99.9 -99.9 -99.9  -99.9
catch 1 4 1983 -9 1  -99.9 -99.9 -99.9  -99.9
catch 1 4 1983 -9 2  -99.9 -99.9 -99.9  -99.9
catch 1 4 1983 -9 3  -99.9 -99.9 -99.9  -99.9
catch 1 4 1984 -9 0  -99.9 -99.9 -99.9  -99.9
catch 1 4 1984 -9 1  -99.9 -99.9 -99.9  -99.9
catch 1 4 1984 -9 2  -99.9 -99.9 -99.9  -99.9
catch 1 4 1984 -9 3  -99.9 -99.9 -99.9  -99.9
catch 1 4 1985 -9 0  -99.9 -99.9 -99.9  -99.9
catch 1 4 1985 -9 1  -99.9 -99.9 -99.9  -99.9
catch 1 4 1985 -9 2  -99.9 -99.9 -99.9  -99.9
catch 1 4 1985 -9 3  -99.9 -99.9 -99.9  -99.9
catch 1 4 1986 -9 0  -99.9 -99.9 -99.9  -99.9
catch 1 4 1986 -9 1  -99.9 -99.9 -99.9  -99.9
catch 1 4 1986 -9 2  -99.9 -99.9 -99.9  -99.9
catch 1 4 1986 -9 3  -99.9 -99.9 -99.9  -99.9
catch 1 4 1987 -9 0  -99.9 -99.9 -99.9  -99.9
catch 1 4 1987 -9 1  -99.9 -99.9 -99.9  -99.9
catch 1 4 1987 -9 2  -99.9 -99.9 -99.9  -99.9
catch 1 4 1987 -9 3  -99.9 -99.9 -99.9  -99.9
catch 1 4 1988 -9 0  -99.9 -99.9 -99.9  -99.9
catch 1 4 1988 -9 1  -99.9 -99.9 -99.9  -99.9
catch 1 4 1988 -9 2  -99.9 -99.9 -99.9  -99.9
catch 1 4 1988 -9 3  -99.9 -99.9 -99.9  -99.9
catch 1 4 1989 -9 0  -99.9 -99.9 -99.9  -99.9
catch 1 4 1989 -9 1  -99.9 -99.9 -99.9  -99.9
catch 1 4 1989 -9 2  -99.9 -99.9 -99.9  -99.9
catch 1 4 1989 -9 3  -99.9 -99.9 -99.9  -99.9
catch 1 4 1990 -9 0  -99.9 -99.9 -99.9  -99.9
catch 1 4 1990 -9 1  -99.9 -99.9 -99.9  -99.9
catch 1 4 1990 -9 2  -99.9 -99.9 -99.9  -99.9
catch 1 4 1990 -9 3  -99.9 -99.9 -99.9  -99.9
catch 1 4 1991 -9 0  -99.9 -99.9 -99.9  -99.9
catch 1 4 1991 -9 1  -99.9 -99.9 -99.9  -99.9
catch 1 4 1991 -9 2  -99.9 -99.9 -99.9  -99.9
catch 1 4 1991 -9 3  -99.9 -99.9 -99.9  -99.9
catch 1 4 1992 -9 0  -99.9 -99.9 -99.9  -99.9
catch 1 4 1992 -9 1  -99.9 -99.9 -99.9  -99.9
catch 1 4 1992 -9 2  -99.9 -99.9 -99.9  -99.9
catch 1 4 1992 -9 3  -99.9 -99.9 -99.9  -99.9
catch 1 4 1993 -9 0  -99.9 -99.9 -99.9  -99.9
catch 1 4 1993 -9 1  -99.9 -99.9 -99.9  -99.9
catch 1 4 1993 -9 2  -99.9 -99.9 -99.9  -99.9
catch 1 4 1993 -9 3  -99.9 -99.9 -99.9  -99.9
catch 1 4 1994 -9 0  -99.9 -99.9 -99.9  -99.9
catch 1 4 1994 -9 1  -99.9 -99.9 -99.9  -99.9
catch 1 4 1994 -9 2  -99.9 -99.9 -99.9  -99.9
catch 1 4 1994 -9 3  -99.9 -99.9 -99.9  -99.9
catch 1 4 1995 -9 0  -99.9 -99.9 -99.9  -99.9
catch 1 4 1995 -9 1  -99.9 -99.9 -99.9  -99.9
catch 1 4 1995 -9 2  -99.9 -99.9 -99.9  -99.9
catch 1 4 1995 -9 3  -99.9 -99.9 -99.9  -99.9
catch 1 4 1996 -9 0  -99.9 -99.9 -99.9  -99.9
catch 1 4 1996 -9 1  -99.9 -99.9 -99.9  -99.9
catch 1 4 1996 -9 2  -99.9 -99.9 -99.9  -99.9
catch 1 4 1996 -9 3  -99.9 -99.9 -99.9  -99.9
catch 1 4 1997 -9 0  -99.9 -99.9 -99.9  -99.9
catch 1 4 1997 -9 1  -99.9 -99.9 -99.9  -99.9
catch 1 4 1997 -9 2  -99.9 -99.9 -99.9  -99.9
catch 1 4 1997 -9 3  -99.9 -99.9 -99.9  -99.9
catch 1 4 1998 -9 0  -99.9 -99.9 -99.9  -99.9
catch 1 4 1998 -9 1  -99.9 -99.9 -99.9  -99.9
catch 1 4 1998 -9 2  -99.9 -99.9 -99.9  -99.9
catch 1 4 1998 -9 3  -99.9 -99.9 -99.9  -99.9
catch 1 4 1999 -9 0  -99.9 -99.9 -99.9  -99.9
catch 1 4 1999 -9 1  -99.9 -99.9 -99.9  -99.9
catch 1 4 1999 -9 2  -99.9 -99.9 -99.9  -99.9
catch 1 4 1999 -9 3  -99.9 -99.9 -99.9  -99.9
catch 1 4 2000 -9 0  -99.9 -99.9 -99.9  -99.9
catch 1 4 2000 -9 1  -99.9 -99.9 -99.9  -99.9
catch 1 4 2000 -9 2  -99.9 -99.9 -99.9  -99.9
catch 1 4 2000 -9 3  -99.9 -99.9 -99.9  -99.9
catch 1 4 2001 -9 0  -99.9 -99.9 -99.9  -99.9
catch 1 4 2001 -9 1  -99.9 -99.9 -99.9  -99.9
catch 1 4 2001 -9 2  -99.9 -99.9 -99.9  -99.9
catch 1 4 2001 -9 3  -99.9 -99.9 -99.9  -99.9
catch 1 4 2002 -9 0  -99.9 -99.9 -99.9  -99.9
catch 1 4 2002 -9 1  -99.9 -99.9 -99.9  -99.9
catch 1 4 2002 -9 2  -99.9 -99.9 -99.9  -99.9
catch 1 4 2002 -9 3  -99.9 -99.9 -99.9  -99.9
catch 1 4 2003 -9 0  -99.9 -99.9 -99.9  -99.9
catch 1 4 2003 -9 1  -99.9 -99.9 -99.9  -99.9
catch 1 4 2003 -9 2  -99.9 -99.9 -99.9  -99.9
catch 1 4 2003 -9 3  -99.9 -99.9 -99.9  -99.9
catch 1 4 2004 -9 0  -99.9 -99.9 -99.9  -99.9
catch 1 4 2004 -9 1  -99.9 -99.9 -99.9  -99.9
catch 1 4 2004 -9 2  -99.9 -99.9 -99.9  -99.9
catch 1 4 2004 -9 3  -99.9 -99.9 -99.9  -99.9
catch 1 4 2005 -9 0  -99.9 -99.9 -99.9  -99.9
catch 1 4 2005 -9 1  -99.9 -99.9 -99.9  -99.9
catch 1 4 2005 -9 2  -99.9 -99.9 -99.9  -99.9
catch 1 4 2005 -9 3  -99.9 -99.9 -99.9  -99.9
catch 1 4 2006 -9 0  -99.9 -99.9 -99.9  -99.9
catch 1 4 2006 -9 1  -99.9 -99.9 -99.9  -99.9
catch 1 4 2006 -9 2  -99.9 -99.9 -99.9  -99.9
catch 1 4 2006 -9 3  -99.9 -99.9 -99.9  -99.9
catch 1 4 2007 -9 0  -99.9 -99.9 -99.9  -99.9
catch 1 4 2007 -9 1  -99.9 -99.9 -99.9  -99.9
catch 1 4 2007 -9 2  -99.9 -99.9 -99.9  -99.9
catch 1 4 2007 -9 3  -99.9 -99.9 -99.9  -99.9
catch 1 4 2008 -9 0  -99.9 -99.9 -99.9  -99.9
catch 1 4 2008 -9 1  -99.9 -99.9 -99.9  -99.9
catch 1 4 2008 -9 2  -99.9 -99.9 -99.9  -99.9
catch 1 4 2008 -9 3  -99.9 -99.9 -99.9  -99.9
catch 1 4 2009 -9 0  -99.9 -99.9 -99.9  -99.9
catch 1 4 2009 -9 1  -99.9 -99.9 -99.9  -99.9
catch 1 4 2009 -9 2  -99.9 -99.9 -99.9  -99.9
catch 1 4 2009 -9 3  -99.9 -99.9 -99.9  -99.9
catch 1 4 2010 -9 0  -99.9 -99.9 -99.9  -99.9
catch 1 4 2010 -9 1  -99.9 -99.9 -99.9  -99.9
catch 1 4 2010 -9 2  -99.9 -99.9 -99.9  -99.9
catch 1 4 2010 -9 3  -99.9 -99.9 -99.9  -99.9
catch 1 4 2011 -9 0  -99.9 -99.9 -99.9  -99.9
catch 1 4 2011 -9 1  -99.9 -99.9 -99.9  -99.9
catch 1 4 2011 -9 2  -99.9 -99.9 -99.9  -99.9
catch 1 4 2011 -9 3  -99.9 -99.9 -99.9  -99.9
catch 1 4 2012 -9 0  -99.9 -99.9 -99.9  -99.9
catch 1 4 2012 -9 1  -99.9 -99.9 -99.9  -99.9
catch 1 4 2012 -9 2  -99.9 -99.9 -99.9  -99.9
catch 1 4 2012 -9 3  -99.9 -99.9 -99.9  -99.9
catch 1 4 2013 -9 0  -99.9 -99.9 -99.9  -99.9
catch 1 4 2013 -9 1  -99.9 -99.9 -99.9  -99.9
catch 1 4 2013 -9 2  -99.9 -99.9 -99.9  -99.9
catch 1 4 2013 -9 3  -99.9 -99.9 -99.9  -99.9
survey 1 3 1982 1 0  2.526187e+006 7.245865e+006 -1.053720e+000 -2.044868e+000
survey 1 3 1982 1 1  5.512617e+006 7.139453e+006 -2.585968e-001 -5.985179e-001
survey 1 3 1982 1 2  5.741734e+006 2.901777e+006 6.824379e-001 1.579491e+000
survey 1 3 1982 1 3  4.711138e+005 3.320076e+005 3.499417e-001 8.099341e-001
survey 1 3 1983 1 0  6.191802e+006 1.040470e+007 -5.190311e-001 -1.007241e+000
survey 1 3 1983 1 1  5.536855e+006 3.303135e+006 5.165548e-001 1.195557e+000
survey 1 3 1983 1 2  1.001864e+006 5.629174e+005 5.764850e-001 1.334265e+000
survey 1 3 1983 1 3  2.568731e+005 2.169009e+005 1.691418e-001 3.914759e-001
survey 1 3 1984 1 0  3.745944e+006 3.098341e+006 1.898067e-001 3.683422e-001
survey 1 3 1984 1 1  2.924076e+006 5.873547e+006 -6.974802e-001 -1.614306e+000
survey 1 3 1984 1 2  7.508271e+005 6.515277e+005 1.418556e-001 3.283224e-001
survey 1 3 1984 1 3  1.925450e+005 1.132814e+005 5.304548e-001 1.227729e+000
survey 1 3 1985 1 0  1.163382e+006 1.529907e+006 -2.738759e-001 -5.314884e-001
survey 1 3 1985 1 1  1.373039e+006 1.915420e+006 -3.329103e-001 -7.705154e-001
survey 1 3 1985 1 2  3.925010e+005 6.851277e+005 -5.570661e-001 -1.289320e+000
survey 1 3 1985 1 3  9.993060e+004 8.142382e+004 2.048080e-001 4.740247e-001
survey 1 3 1986 1 0  5.032837e+006 1.028208e+007 -7.144189e-001 -1.386414e+000
survey 1 3 1986 1 1  8.606109e+005 1.245878e+006 -3.699530e-001 -8.562500e-001
survey 1 3 1986 1 2  2.514272e+005 2.824788e+005 -1.164500e-001 -2.695215e-001
survey 1 3 1986 1 3  9.769170e+004 1.090184e+005 -1.096998e-001 -2.538984e-001
survey 1 3 1987 1 0  2.486628e+006 3.394369e+006 -3.111903e-001 -6.039013e-001
survey 1 3 1987 1 1  7.899238e+006 6.753055e+006 1.567712e-001 3.628444e-001
survey 1 3 1987 1 2  7.711692e+005 4.230927e+005 6.003166e-001 1.389423e+000
survey 1 3 1987 1 3  1.514822e+005 1.279672e+005 1.686939e-001 3.904391e-001
survey 1 3 1988 1 0  7.449701e+006 5.559941e+006 2.925865e-001 5.677985e-001
survey 1 3 1988 1 1  1.549291e+006 1.845746e+006 -1.750857e-001 -4.052329e-001
survey 1 3 1988 1 2  1.148774e+006 6.866927e+005 5.145639e-001 1.190950e+000
survey 1 3 1988 1 3  1.132588e+005 5.314139e+004 7.567192e-001 1.751414e+000
survey 1 3 1989 1 0  3.601083e+006 4.921151e+006 -3.123077e-001 -6.060698e-001
survey 1 3 1989 1 1  1.859464e+006 4.217833e+006 -8.190330e-001 -1.895638e+000
survey 1 3 1989 1 2  4.758036e+005 6.816830e+005 -3.595594e-001 -8.321943e-001
survey 1 3 1989 1 3  2.118001e+005 2.692666e+005 -2.400593e-001 -5.556132e-001
survey 1 3 1990 1 0  1.412224e+007 8.862940e+006 4.658724e-001 9.040801e-001
survey 1 3 1990 1 1  1.763336e+006 2.093841e+006 -1.717929e-001 -3.976119e-001
survey 1 3 1990 1 2  3.343813e+005 3.395733e+005 -1.540779e-002 -3.566108e-002
survey 1 3 1990 1 3  7.582099e+004 6.170888e+004 2.059474e-001 4.766618e-001
survey 1 3 1991 1 0  1.882139e+007 2.245602e+007 -1.765647e-001 -3.426446e-001
survey 1 3 1991 1 1  2.815201e+006 5.323030e+006 -6.370090e-001 -1.474347e+000
survey 1 3 1991 1 2  3.696056e+005 5.171975e+005 -3.359884e-001 -7.776394e-001
survey 1 3 1991 1 3  9.645289e+004 7.207724e+004 2.913165e-001 6.742470e-001
survey 1 3 1992 1 0  1.863182e+007 2.483852e+007 -2.875248e-001 -5.579757e-001
survey 1 3 1992 1 1  1.224852e+007 1.076535e+007 1.290724e-001 2.987359e-001
survey 1 3 1992 1 2  1.032482e+006 1.284248e+006 -2.182082e-001 -5.050392e-001
survey 1 3 1992 1 3  1.070941e+005 1.106119e+005 -3.231929e-002 -7.480244e-002
survey 1 3 1993 1 0  1.195289e+007 4.873367e+007 -1.405397e+000 -2.727338e+000
survey 1 3 1993 1 1  8.873467e+006 7.630030e+006 1.509738e-001 3.494263e-001
survey 1 3 1993 1 2  1.320079e+006 8.797157e+005 4.058483e-001 9.393289e-001
survey 1 3 1993 1 3  8.288374e+004 8.757173e+004 -5.501933e-002 -1.273413e-001
survey 1 3 1994 1 0  2.258852e+007 3.280954e+007 -3.732778e-001 -7.243895e-001
survey 1 3 1994 1 1  2.257140e+007 1.932970e+007 1.550413e-001 3.588405e-001
survey 1 3 1994 1 2  2.633858e+006 2.031021e+006 2.599110e-001 6.015596e-001
survey 1 3 1994 1 3  1.039110e+005 1.880688e+005 -5.932729e-001 -1.373120e+000
survey 1 3 1995 1 0  6.046733e+006 4.702137e+006 2.515010e-001 4.880672e-001
survey 1 3 1995 1 1  9.670273e+006 1.001922e+007 -3.544900e-002 -8.204610e-002
survey 1 3 1995 1 2  1.996581e+006 1.909940e+006 4.436420e-002 1.026802e-001
survey 1 3 1995 1 3  2.825292e+005 1.648137e+005 5.389660e-001 1.247428e+000
survey 1 3 1996 1 0  5.993354e+006 9.579585e+006 -4.689831e-001 -9.101169e-001
survey 1 3 1996 1 1  2.700975e+006 3.290693e+006 -1.974854e-001 -4.570765e-001
survey 1 3 1996 1 2  1.681384e+006 1.345775e+006 2.226472e-001 5.153133e-001
survey 1 3 1996 1 3  2.751258e+005 2.017343e+005 3.102768e-001 7.181304e-001
survey 1 3 1997 1 0  1.072937e+007 7.823736e+006 3.158230e-001 6.128916e-001
survey 1 3 1997 1 1  1.104108e+007 7.453195e+006 3.929797e-001 9.095448e-001
survey 1 3 1997 1 2  1.807766e+006 7.726484e+005 8.500232e-001 1.967364e+000
survey 1 3 1997 1 3  1.605616e+005 2.730816e+005 -5.310928e-001 -1.229205e+000
survey 1 3 1998 1 0  5.183400e+007 2.321771e+007 8.031309e-001 1.558570e+000
survey 1 3 1998 1 1  5.837358e+006 4.496308e+006 2.610216e-001 6.041300e-001
survey 1 3 1998 1 2  7.375699e+005 7.187868e+005 2.579601e-002 5.970444e-002
survey 1 3 1998 1 3  5.308166e+004 6.931631e+004 -2.668488e-001 -6.176171e-001
survey 1 3 1999 1 0  2.017439e+007 1.585674e+007 2.408194e-001 4.673384e-001
survey 1 3 1999 1 1  1.164352e+007 1.312436e+007 -1.197203e-001 -2.770906e-001
survey 1 3 1999 1 2  1.504494e+006 1.122550e+006 2.928541e-001 6.778058e-001
survey 1 3 1999 1 3  2.503558e+005 1.436579e+005 5.554483e-001 1.285576e+000
survey 1 3 2000 1 0  1.997862e+007 1.359403e+007 3.850319e-001 7.471997e-001
survey 1 3 2000 1 1  1.309083e+007 7.115242e+006 6.096731e-001 1.411078e+000
survey 1 3 2000 1 2  2.391419e+006 1.588015e+006 4.094019e-001 9.475539e-001
survey 1 3 2000 1 3  1.399502e+005 1.134457e+005 2.099628e-001 4.859554e-001
survey 1 3 2001 1 0  1.191954e+007 1.127112e+007 5.593537e-002 1.085492e-001
survey 1 3 2001 1 1  9.689649e+006 6.457441e+006 4.058251e-001 9.392753e-001
survey 1 3 2001 1 2  8.771174e+005 7.633678e+005 1.389009e-001 3.214838e-001
survey 1 3 2001 1 3  1.039286e+005 1.363462e+005 -2.714927e-001 -6.283654e-001
survey 1 3 2002 1 0  2.493114e+007 1.651287e+007 4.119779e-001 7.994916e-001
survey 1 3 2002 1 1  5.894096e+006 5.289208e+006 1.082826e-001 2.506182e-001
survey 1 3 2002 1 2  6.644089e+005 5.896198e+005 1.194199e-001 2.763954e-001
survey 1 3 2002 1 3  5.539692e+004 5.882829e+004 -6.009891e-002 -1.390979e-001
survey 1 3 2003 1 0  4.084377e+007 2.563359e+007 4.658507e-001 9.040382e-001
survey 1 3 2003 1 1  6.852797e+006 8.517381e+006 -2.174520e-001 -5.032890e-001
survey 1 3 2003 1 2  1.066366e+006 7.951015e+005 2.935420e-001 6.793980e-001
survey 1 3 2003 1 3  9.076133e+004 7.021227e+004 2.567104e-001 5.941518e-001
survey 1 3 2004 1 0  8.918279e+007 6.177698e+007 3.671573e-001 7.125119e-001
survey 1 3 2004 1 1  6.755286e+006 7.976105e+006 -1.661249e-001 -3.844932e-001
survey 1 3 2004 1 2  2.906150e+005 5.486968e+005 -6.355466e-001 -1.470962e+000
survey 1 3 2004 1 3  2.718197e+004 3.927087e+004 -3.679291e-001 -8.515657e-001
survey 1 3 2005 1 0  1.230441e+007 1.293220e+007 -4.976224e-002 -9.656948e-002
survey 1 3 2005 1 1  1.416990e+007 1.913042e+007 -3.001600e-001 -6.947151e-001
survey 1 3 2005 1 2  5.867636e+005 1.106212e+006 -6.340746e-001 -1.467555e+000
survey 1 3 2005 1 3  7.654008e+004 5.494587e+004 3.314660e-001 7.671725e-001
survey 1 3 2006 1 0  1.917763e+007 1.885434e+007 1.700126e-002 3.299295e-002
survey 1 3 2006 1 1  1.035569e+007 5.655376e+006 6.049295e-001 1.400099e+000
survey 1 3 2006 1 2  1.628798e+006 1.782108e+006 -8.995440e-002 -2.081979e-001
survey 1 3 2006 1 3  1.250623e+005 7.981721e+004 4.490725e-001 1.039371e+000
survey 1 3 2007 1 0  1.526985e+007 1.151079e+007 2.825953e-001 5.484093e-001
survey 1 3 2007 1 1  8.030607e+006 7.455173e+006 7.435190e-002 1.720862e-001
survey 1 3 2007 1 2  4.740010e+005 5.625498e+005 -1.712702e-001 -3.964021e-001
survey 1 3 2007 1 3  8.525555e+004 1.358336e+005 -4.657776e-001 -1.078034e+000
survey 1 3 2008 1 0  4.133598e+007 3.896246e+007 5.913481e-002 1.147580e-001
survey 1 3 2008 1 1  3.120304e+006 7.034334e+006 -8.128727e-001 -1.881380e+000
survey 1 3 2008 1 2  3.404328e+005 1.332340e+006 -1.364474e+000 -3.158053e+000
survey 1 3 2008 1 3  3.832756e+004 8.438135e+004 -7.891772e-001 -1.826537e+000
survey 1 3 2009 1 0  3.288300e+007 2.537187e+007 2.593147e-001 5.032307e-001
survey 1 3 2009 1 1  2.489705e+007 1.735740e+007 3.607305e-001 8.349047e-001
survey 1 3 2009 1 2  1.186655e+006 1.604972e+006 -3.019680e-001 -6.988998e-001
survey 1 3 2009 1 3  1.758614e+005 2.482738e+005 -3.448362e-001 -7.981175e-001
survey 1 3 2010 1 0  1.078333e+007 2.421402e+007 -8.089301e-001 -1.569824e+000
survey 1 3 2010 1 1  9.262458e+006 1.256745e+007 -3.051409e-001 -7.062434e-001
survey 1 3 2010 1 2  2.062065e+006 3.923712e+006 -6.433301e-001 -1.488977e+000
survey 1 3 2010 1 3  4.756240e+005 3.392900e+005 3.377726e-001 7.817690e-001
survey 1 3 2011 1 0  3.356603e+007 1.637744e+007 7.176097e-001 1.392606e+000
survey 1 3 2011 1 1  3.143308e+007 1.193617e+007 9.682874e-001 2.241085e+000
survey 1 3 2011 1 2  2.451160e+006 2.962456e+006 -1.894573e-001 -4.384957e-001
survey 1 3 2011 1 3  3.666556e+005 9.113513e+005 -9.105055e-001 -2.107350e+000
survey 1 3 2012 1 0  1.137772e+007 6.288313e+006 5.929642e-001 1.150717e+000
survey 1 3 2012 1 1  1.116849e+007 7.151930e+006 4.457138e-001 1.031597e+000
survey 1 3 2012 1 2  2.031906e+006 1.641787e+006 2.131890e-001 4.934223e-001
survey 1 3 2012 1 3  2.930622e+005 4.228160e+005 -3.665522e-001 -8.483789e-001
survey 1 3 2013 1 0  3.886605e+007 2.174209e+007 5.808709e-001 1.127248e+000
survey 1 3 2013 1 1  4.436206e+006 3.366058e+006 2.760574e-001 6.389301e-001
survey 1 3 2013 1 2  5.065460e+005 5.937251e+005 -1.588013e-001 -3.675429e-001
survey 1 3 2013 1 3  9.871273e+004 1.282820e+005 -2.620169e-001 -6.064337e-001
survey 1 1 1992 2 1  1.455586e+007 1.332990e+007 8.798374e-002 1.942451e-001
survey 1 1 1992 2 2  2.633020e+006 1.670131e+006 4.552295e-001 1.423091e+000
survey 1 1 1992 2 3  1.048649e+005 8.806135e+004 1.746389e-001 5.459378e-001
survey 1 1 1993 2 1  5.767651e+006 1.322881e+007 -8.301323e-001 -1.832715e+000
survey 1 1 1993 2 2  3.015219e+006 2.918237e+006 3.269277e-002 1.022007e-001
survey 1 1 1993 2 3  2.177917e+005 1.865517e+005 1.548305e-001 4.840148e-001
survey 1 1 1994 2 1  1.646866e+007 2.325575e+007 -3.450931e-001 -7.618754e-001
survey 1 1 1994 2 2  1.326478e+006 2.369628e+006 -5.802053e-001 -1.813777e+000
survey 1 1 1994 2 3  9.508943e+004 1.355666e+005 -3.546455e-001 -1.108655e+000
survey 1 1 1995 2 1  3.062269e+007 1.701015e+007 5.879311e-001 1.297998e+000
survey 1 1 1995 2 2  7.433288e+006 5.787865e+006 2.502048e-001 7.821639e-001
survey 1 1 1995 2 3  4.545818e+005 3.215430e+005 3.462467e-001 1.082400e+000
survey 1 1 1996 2 1  2.317117e+006 4.997364e+006 -7.685868e-001 -1.696839e+000
survey 1 1 1996 2 2  2.219591e+006 3.202022e+006 -3.664595e-001 -1.145587e+000
survey 1 1 1996 2 3  2.155432e+005 3.002445e+005 -3.314361e-001 -1.036100e+000
survey 1 1 1997 2 1  1.308086e+007 9.116438e+006 3.610713e-001 7.971512e-001
survey 1 1 1997 2 2  1.171944e+006 1.182129e+006 -8.652382e-003 -2.704817e-002
survey 1 1 1997 2 3  2.003852e+005 2.529602e+005 -2.329907e-001 -7.283511e-001
survey 1 1 1998 2 1  2.676263e+006 7.212000e+006 -9.913250e-001 -2.188587e+000
survey 1 1 1998 2 2  1.107920e+006 2.358928e+006 -7.557231e-001 -2.362462e+000
survey 1 1 1998 2 3  1.177949e+005 1.446855e+005 -2.056177e-001 -6.427805e-001
survey 1 1 1999 2 1  1.379278e+007 1.534348e+007 -1.065455e-001 -2.352246e-001
survey 1 1 1999 2 2  1.719505e+006 1.495998e+006 1.392430e-001 4.352868e-001
survey 1 1 1999 2 3  8.259917e+004 1.192174e+005 -3.669493e-001 -1.147118e+000
survey 1 1 2000 2 1  8.212868e+006 1.068759e+007 -2.633811e-001 -5.814767e-001
survey 1 1 2000 2 2  3.228536e+006 3.976283e+006 -2.083186e-001 -6.512237e-001
survey 1 1 2000 2 3  1.338473e+005 1.823641e+005 -3.093054e-001 -9.669180e-001
survey 1 1 2001 2 1  8.998081e+006 1.020103e+007 -1.254778e-001 -2.770222e-001
survey 1 1 2001 2 2  2.277278e+006 2.178380e+006 4.439933e-002 1.387965e-001
survey 1 1 2001 2 3  1.874525e+005 2.503898e+005 -2.894936e-001 -9.049845e-001
survey 1 1 2002 2 1  1.001148e+007 8.615672e+006 1.501496e-001 3.314912e-001
survey 1 1 2002 2 2  1.319291e+006 1.879828e+006 -3.540859e-001 -1.106906e+000
survey 1 1 2002 2 3  1.024760e+005 1.192405e+005 -1.515134e-001 -4.736453e-001
survey 1 1 2003 2 1  1.161032e+007 1.177342e+007 -1.395042e-002 -3.079888e-002
survey 1 1 2003 2 2  1.272970e+006 1.655606e+006 -2.628140e-001 -8.215813e-001
survey 1 1 2003 2 3  6.623057e+004 9.261210e+004 -3.352776e-001 -1.048110e+000
survey 1 1 2004 2 1  1.437133e+007 1.405276e+007 2.241657e-002 4.948994e-002
survey 1 1 2004 2 2  1.945227e+006 2.305974e+006 -1.701246e-001 -5.318256e-001
survey 1 1 2004 2 3  1.227912e+005 1.080232e+005 1.281386e-001 4.005733e-001
survey 1 1 2005 2 1  5.283545e+007 2.707935e+007 6.684109e-001 1.475677e+000
survey 1 1 2005 2 2  2.266372e+006 2.326592e+006 -2.622418e-002 -8.197928e-002
survey 1 1 2005 2 3  1.022725e+005 7.476533e+004 3.132865e-001 9.793632e-001
survey 1 1 2006 2 1  9.340785e+006 9.150904e+006 2.053757e-002 4.534160e-002
survey 1 1 2006 2 2  5.459057e+006 5.540629e+006 -1.483199e-002 -4.636621e-002
survey 1 1 2006 2 3  1.554403e+005 1.637748e+005 -5.223042e-002 -1.632772e-001
survey 1 1 2007 2 1  1.054959e+007 1.190879e+007 -1.211904e-001 -2.675567e-001
survey 1 1 2007 2 2  1.552282e+006 1.655352e+006 -6.428720e-002 -2.009679e-001
survey 1 1 2007 2 3  1.847667e+005 2.629639e+005 -3.529228e-001 -1.103270e+000
survey 1 1 2008 2 1  7.894186e+006 9.347378e+006 -1.689693e-001 -3.730401e-001
survey 1 1 2008 2 2  2.085499e+006 2.468816e+006 -1.687304e-001 -5.274672e-001
survey 1 1 2008 2 3  1.307849e+005 1.004165e+005 2.642267e-001 8.259977e-001
survey 1 1 2009 2 1  3.525295e+007 2.182585e+007 4.794540e-001 1.058509e+000
survey 1 1 2009 2 2  3.032568e+006 2.438333e+006 2.180954e-001 6.817868e-001
survey 1 1 2009 2 3  3.378502e+005 2.326208e+005 3.731931e-001 1.166637e+000
survey 1 1 2010 2 1  3.535591e+007 1.627252e+007 7.759879e-001 1.713179e+000
survey 1 1 2010 2 2  9.422666e+006 5.990015e+006 4.530241e-001 1.416196e+000
survey 1 1 2010 2 3  4.282241e+005 3.038614e+005 3.430752e-001 1.072485e+000
survey 1 1 2011 2 1  1.674228e+007 1.538783e+007 8.436017e-002 1.862452e-001
survey 1 1 2011 2 2  8.341042e+006 4.215732e+006 6.823648e-001 2.133137e+000
survey 1 1 2011 2 3  1.191533e+006 7.301109e+005 4.897995e-001 1.531159e+000
survey 1 1 2012 2 1  1.146965e+007 1.087128e+007 5.357920e-002 1.182889e-001
survey 1 1 2012 2 2  5.231406e+006 3.686292e+006 3.500590e-001 1.094318e+000
survey 1 1 2012 2 3  5.756431e+005 5.602873e+005 2.703807e-002 8.452356e-002
survey 1 1 2013 2 1  9.052264e+006 5.813863e+006 4.427696e-001 9.775197e-001
survey 1 1 2013 2 2  3.060010e+006 2.145287e+006 3.551445e-001 1.110215e+000
survey 1 1 2013 2 3  4.145336e+005 2.869320e+005 3.679090e-001 1.150118e+000
survey 1 1 2006 3 1  2.192330e+007 1.836287e+007 1.772194e-001 5.907308e-001
survey 1 1 2006 3 2  2.136790e+007 2.029109e+007 5.170778e-002 1.625547e-001
survey 1 1 2006 3 3  1.413000e+006 1.280649e+006 9.834826e-002 3.091793e-001
survey 1 1 2007 3 1  4.286190e+007 2.380910e+007 5.879153e-001 1.959715e+000
survey 1 1 2007 3 2  5.836900e+006 5.980338e+006 -2.427722e-002 -7.632075e-002
survey 1 1 2007 3 3  2.251900e+006 2.020785e+006 1.082883e-001 3.404280e-001
survey 1 1 2008 3 1  1.718800e+007 1.794281e+007 -4.297828e-002 -1.432608e-001
survey 1 1 2008 3 2  7.867800e+006 8.312275e+006 -5.495486e-002 -1.727626e-001
survey 1 1 2008 3 3  8.402000e+005 7.221266e+005 1.514395e-001 4.760831e-001
survey 1 1 2009 3 1  4.768950e+007 4.213972e+007 1.237204e-001 4.124009e-001
survey 1 1 2009 3 2  1.692040e+007 8.115024e+006 7.348028e-001 2.310014e+000
survey 1 1 2009 3 3  2.814900e+006 1.620848e+006 5.519774e-001 1.735262e+000
survey 1 1 2010 3 1  2.032810e+007 3.197704e+007 -4.530138e-001 -1.510044e+000
survey 1 1 2010 3 2  1.408680e+007 2.047870e+007 -3.741471e-001 -1.176214e+000
survey 1 1 2010 3 3  1.174300e+006 2.108466e+006 -5.852884e-001 -1.839982e+000
survey 1 1 2011 3 1  2.658140e+007 3.022276e+007 -1.283835e-001 -4.279445e-001
survey 1 1 2011 3 2  1.420690e+007 1.460930e+007 -2.793078e-002 -8.780654e-002
survey 1 1 2011 3 3  3.411900e+006 5.001075e+006 -3.823836e-001 -1.202107e+000
survey 1 1 2012 3 1  2.203590e+007 2.221677e+007 -8.174549e-003 -2.724846e-002
survey 1 1 2012 3 2  1.283110e+007 1.344764e+007 -4.693174e-002 -1.475402e-001
survey 1 1 2012 3 3  4.693000e+006 4.090328e+006 1.374468e-001 4.320942e-001
survey 1 1 2013 3 1  9.346500e+006 1.207705e+007 -2.563050e-001 -8.543489e-001
survey 1 1 2013 3 2  6.341800e+006 8.210645e+006 -2.582689e-001 -8.119248e-001
survey 1 1 2013 3 3  2.048600e+006 2.218841e+006 -7.982836e-002 -2.509579e-001
