
Observed catches
# Species: Sprat        ################################################################
# Year:1974
# age    0          1          2          3 
         0   16101060    2155723     475613 
   1884146   11544114     866399      48228 
   2842702   11091303    1336036      34534 
   1302331    2511315     359117      14822 
# Year:1975
# age    0          1          2          3 
    250931   27723510   10052550     260182 
   1179567   14541887    4378415     166807 
   5240024    4755878    2206781      66186 
         0          0          0          0 
# Year:1976
# age    0          1          2          3 
   2143211   42209830    2888653     180913 
   7439656   18762732    1613139      88604 
   7703416    6925346     267638       8289 
         0          0          0          0 
# Year:1977
# age    0          1          2          3 
   2690194   12786056    5181867     109712 
   2520082    4904593    3679153      67688 
  15857197    1843468    2200876      37836 
         0          0          0          0 
# Year:1978
# age    0          1          2          3 
    454090   32184524     427473      96435 
   5517665   10344970    1209584     116695 
   6154606    4973568    1119045      29941 
         0          0          0          0 
# Year:1979
# age    0          1          2          3 
   3579389   36866800     644042     117139 
   1052920   11355949    2152261      63386 
   3882781    6399259     332781      25964 
         0          0          0          0 
# Year:1980
# age    0          1          2          3 
         0   14237558   17421360    1481066 
         0    9415158   11520576     979415 
   2536060    3866612     389674       8724 
         0          0          0          0 
# Year:1981
# age    0          1          2          3 
    428776   12322431    1483241     130805 
     40632    3540737    3025289     202048 
    374254    3854059     319763       9835 
         0          0          0          0 
# Year:1982
# age    0          1          2          3 
    545769    6350511     601581      64879 
    818525    5021082    1070960      55333 
   2530673     401839      46913       3525 
         0          0          0          0 
# Year:1983
# age    0          1          2          3 
   5613728    2819244     969599     155653 
   2375763    1334333     588678      91112 
   1697718     596857       7271          0 
         0          0          0          0 
# Year:1984
# age    0          1          2          3 
    954757    6475021     417235       2532 
    521866    2535354     247654       4803 
    405095     612407      10648       1053 
         0          0          0          0 
# Year:1985
# age    0          1          2          3 
         0    1304457    1972027      37680 
         0     576004     870780      16638 
     84760     215856     150819      14916 
         0          0          0          0 
# Year:1986
# age    0          1          2          3 
         0     177780     452745     347620 
         0     156913     399604     306818 
    580936      58710        740          0 
         0          0          0          0 
# Year:1987
# age    0          1          2          3 
      2236    2250587     128512       2525 
     49451    1790264     267597        978 
    209788     826994      34626      32980 
         0          0          0          0 
# Year:1988
# age    0          1          2          3 
   4082942    2096911    2830054      42364 
   1163964     314106     527986      11526 
   1817700     637489     129384       5491 
         0          0          0          0 
# Year:1989
# age    0          1          2          3 
     12451    1706824    3613841       5716 
       783      76415      88925        342 
    469458     416920      34789      12751 
         0          0          0          0 
# Year:1990
# age    0          1          2          3 
      1568    2633068    2234213     342514 
      1225    2058041    1746290     267714 
    291837      62050       1941        429 
         0          0          0          0 
# Year:1991
# age    0          1          2          3 
     40504    1684266    2416750       8159 
   1552315    2936717     614233       9587 
    208352      64565       1036         99 
         0          0          0          0 
# Year:1992
# age    0          1          2          3 
     18948    9695465    1315325     177584 
    222991    1185132     132166      16491 
   1279875    1583952     259251       5821 
         0          0          0          0 
# Year:1993
# age    0          1          2          3 
    264173    3026867    5339043     247839 
   1441317    4911453    1324444      31435 
   1867838    1819506     338969      43965 
         0          0          0          0 
# Year:1994
# age    0          1          2          3 
    445326   40720484     516854     100737 
   1856101    7146622    1455656     142774 
    818875    2936362     559871      22813 
         0          0          0          0 
# Year:1995
# age    0          1          2          3 
    170693   24466578    3192395     371759 
    612010    8620522    2863267     505875 
   1797666    4488224     533786     128194 
         0          0          0          0 
# Year:1996
# age    0          1          2          3 
    299367     233497     816511     286503 
   1083655     776795    2208631     911256 
   1670742     289815     113580      49534 
         0          0          0          0 
# Year:1997
# age    0          1          2          3 
      6447    2286585     130593     202822 
    148657    4395265    1078225     277615 
    596223     728240     181187      46667 
         0          0          0          0 
# Year:1998
# age    0          1          2          3 
     86124    3567341    1498339     258993 
   5465889    2665032    1451844     326463 
   1615982    1096547     489541     241493 
         0          0          0          0 
# Year:1999
# age    0          1          2          3 
       830   15939248     477815      69219 
     90557    2456063     254931      44836 
   1967130    3351942     641059     183015 
         0          0          0          0 
# Year:2000
# age    0          1          2          3 
      6101    9822669    1767256      70160 
     81906     801375     384854      49827 
   1093613    2807143    1310052     176418 
         0          0          0          0 
# Year:2001
# age    0          1          2          3 
     13056    5767627     315550       7694 
    550512    3967343    1528712     498496 
    143017     531588      59709      13418 
         0          0          0          0 
# Year:2002
# age    0          1          2          3 
     63416    6586442     594557     108679 
    927294    4326530     661656      59022 
   1182692    1199165     296900      65718 
         0          0          0          0 
# Year:2003
# age    0          1          2          3 
    197639    4003316     594498      68144 
   2785630    6826281    1115905     218400 
    713229      39824      29774      26427 
         0          0          0          0 
# Year:2004
# age    0          1          2          3 
    229309    4217281     731500      78913 
  24806798    4735686     264373      53425 
   5233945     309955      44145      15707 
         0          0          0          0 
# Year:2005
# age    0          1          2          3 
     97602   13409729     479222      88858 
    839944    7903545     228337      22051 
   1089274    5408581     230703      38557 
         0          0          0          0 
# Year:2006
# age    0          1          2          3 
         0    1987696    1401797     295158 
    319709     493221    1003837     235542 
    176742     129541     176585      10933 
         0          0          0          0 
# Year:2007
# age    0          1          2          3 
         0    1693273     189551      67672 
    609939    4186796    1681648     254768 
    404452     329724      19675      20964 
         0          0          0          0 
# Year:2008
# age    0          1          2          3 
     11590     422430    1447939     329770 
   2087187    1901763    1006626     260966 
    893785     131774      41692      21858 
         0          0          0          0 
# Year:2009
# age    0          1          2          3 
         0    4776947     219922      39037 
    231412    8163927     554425     137328 
    168362    3385107     519516      88967 
         0          0          0          0 
# Year:2010
# age    0          1          2          3 
     12414    1732171     689166      90040 
    349703    3105417    3011291    2157387 
    298472    2412405     683264      90603 
         0          0          0          0 
# Year:2011
# age    0          1          2          3 
      2469    1847215    1105017     281708 
    420004    4234059    2917969     999295 
     57320     250247      95834      42266 
         0          0          0          0 
# Year:2012
# age    0          1          2          3 
    147896    2527701     729427     121665 
    187098    3756225    1690250     281071 
     78240     463743      86910      30157 
         0          0          0          0 
# Year:2013
# age    0          1          2          3 
     10002    1973364     411558      72705 
    462029    2176971     745578     144434 
    193678       1554       2447       4794 
         0          0          0          0 

Natural single species Mortality (M)
# Species: Sprat        ################################################################
# Year:1974
# age    0          1          2          3 
    0.4829     0.4564     0.4019     0.2796 
    0.3267     0.2354     0.2173     0.1878 
    0.2966     0.2747     0.1749     0.1749 
    0.4449     0.4091     0.3178     0.3178 
# Year:1975
# age    0          1          2          3 
    0.5184     0.4923     0.4223     0.2366 
    0.2895     0.2202     0.2000     0.1694 
    0.3292     0.2986     0.2181     0.2181 
    0.4736     0.4416     0.4229     0.4229 
# Year:1976
# age    0          1          2          3 
    0.4897     0.4663     0.4150     0.2901 
    0.3179     0.2416     0.2247     0.1947 
    0.3641     0.3324     0.2403     0.2403 
    0.4854     0.4430     0.4208     0.4208 
# Year:1977
# age    0          1          2          3 
    0.4405     0.4107     0.3684     0.3121 
    0.3729     0.2445     0.2274     0.1991 
    0.3796     0.3513     0.2483     0.2483 
    0.4896     0.4397     0.4319     0.4319 
# Year:1978
# age    0          1          2          3 
    0.4111     0.3978     0.3849     0.3298 
    0.3473     0.2303     0.2184     0.1922 
    0.3818     0.3565     0.2075     0.2075 
    0.4448     0.3964     0.3741     0.3741 
# Year:1979
# age    0          1          2          3 
    0.4362     0.4239     0.4187     0.4046 
    0.4161     0.2520     0.2451     0.2266 
    0.3933     0.3661     0.2315     0.2315 
    0.4444     0.3893     0.3770     0.3770 
# Year:1980
# age    0          1          2          3 
    0.4700     0.4636     0.4437     0.4152 
    0.4474     0.2613     0.2569     0.2298 
    0.3878     0.3551     0.2324     0.2324 
    0.4190     0.3722     0.3364     0.3364 
# Year:1981
# age    0          1          2          3 
    0.5007     0.4857     0.4476     0.3603 
    0.4094     0.2711     0.2671     0.2317 
    0.3606     0.3137     0.2222     0.2222 
    0.3764     0.3303     0.2669     0.2669 
# Year:1982
# age    0          1          2          3 
    0.5105     0.4312     0.3773     0.2452 
    0.3312     0.2305     0.2166     0.1775 
    0.3052     0.2312     0.1820     0.1820 
    0.3180     0.2769     0.2054     0.2054 
# Year:1983
# age    0          1          2          3 
    0.5324     0.4288     0.3487     0.2241 
    0.3362     0.2351     0.2173     0.1939 
    0.2962     0.2066     0.1731     0.1731 
    0.3123     0.2594     0.1683     0.1683 
# Year:1984
# age    0          1          2          3 
    0.5386     0.4254     0.2872     0.1823 
    0.3966     0.2356     0.2090     0.1893 
    0.3089     0.2385     0.1775     0.1775 
    0.3214     0.2742     0.1973     0.1973 
# Year:1985
# age    0          1          2          3 
    0.5492     0.5015     0.3732     0.1980 
    0.4822     0.2769     0.2511     0.2099 
    0.3226     0.2488     0.1775     0.1775 
    0.3183     0.2694     0.1650     0.1650 
# Year:1986
# age    0          1          2          3 
    0.5898     0.5336     0.4216     0.2543 
    0.4522     0.3131     0.2877     0.2273 
    0.3459     0.2584     0.1878     0.1878 
    0.3352     0.2844     0.1693     0.1693 
# Year:1987
# age    0          1          2          3 
    0.5960     0.4839     0.4430     0.2563 
    0.4704     0.3153     0.2992     0.2317 
    0.3563     0.2166     0.1900     0.1900 
    0.3379     0.2810     0.1846     0.1846 
# Year:1988
# age    0          1          2          3 
    0.6215     0.5017     0.4552     0.2584 
    0.4928     0.3418     0.3157     0.2703 
    0.3714     0.2385     0.2200     0.2200 
    0.3614     0.3014     0.2326     0.2326 
# Year:1989
# age    0          1          2          3 
    0.6035     0.5092     0.4334     0.2141 
    0.5253     0.3321     0.2938     0.2609 
    0.3561     0.2284     0.2213     0.2213 
    0.3742     0.3118     0.2814     0.2814 
# Year:1990
# age    0          1          2          3 
    0.5178     0.4890     0.4024     0.2443 
    0.4956     0.3307     0.2832     0.2606 
    0.3369     0.2601     0.2490     0.2490 
    0.3870     0.3186     0.2868     0.2868 
# Year:1991
# age    0          1          2          3 
    0.4622     0.4231     0.3201     0.2630 
    0.3955     0.2693     0.2318     0.2111 
    0.3104     0.2637     0.2235     0.2235 
    0.3889     0.3201     0.2872     0.2872 
# Year:1992
# age    0          1          2          3 
    0.4101     0.3600     0.2814     0.2548 
    0.3120     0.2267     0.2036     0.1801 
    0.2939     0.2751     0.2122     0.2122 
    0.3707     0.2990     0.2702     0.2702 
# Year:1993
# age    0          1          2          3 
    0.4555     0.4137     0.3402     0.3033 
    0.2383     0.2086     0.1896     0.1734 
    0.2722     0.2530     0.1921     0.1921 
    0.3475     0.2744     0.2439     0.2439 
# Year:1994
# age    0          1          2          3 
    0.5024     0.4465     0.3481     0.3365 
    0.2923     0.2233     0.1967     0.1815 
    0.2576     0.2195     0.1902     0.1902 
    0.3178     0.2478     0.2229     0.2229 
# Year:1995
# age    0          1          2          3 
    0.5121     0.4595     0.3385     0.3076 
    0.2902     0.2231     0.1954     0.1815 
    0.2219     0.1908     0.1780     0.1780 
    0.2646     0.2109     0.1896     0.1896 
# Year:1996
# age    0          1          2          3 
    0.5042     0.3952     0.2632     0.2140 
    0.3631     0.2271     0.2018     0.1766 
    0.2148     0.1713     0.1510     0.1510 
    0.2379     0.1948     0.1561     0.1561 
# Year:1997
# age    0          1          2          3 
    0.4512     0.2930     0.2104     0.1549 
    0.2975     0.2040     0.1873     0.1538 
    0.2273     0.1930     0.1708     0.1708 
    0.2691     0.2143     0.1710     0.1710 
# Year:1998
# age    0          1          2          3 
    0.4296     0.2825     0.2265     0.1904 
    0.3618     0.1971     0.1764     0.1453 
    0.2515     0.2088     0.1727     0.1727 
    0.3178     0.2453     0.1967     0.1967 
# Year:1999
# age    0          1          2          3 
    0.4214     0.2872     0.2325     0.2142 
    0.2906     0.1906     0.1694     0.1523 
    0.2745     0.2407     0.1910     0.1910 
    0.3346     0.2671     0.2423     0.2423 
# Year:2000
# age    0          1          2          3 
    0.4060     0.3415     0.2532     0.2185 
    0.3551     0.1988     0.1802     0.1695 
    0.2536     0.2131     0.1569     0.1569 
    0.2786     0.2357     0.1921     0.1921 
# Year:2001
# age    0          1          2          3 
    0.4088     0.3279     0.2331     0.1902 
    0.2991     0.2131     0.2019     0.1948 
    0.2664     0.2255     0.1912     0.1912 
    0.3063     0.2584     0.2132     0.2132 
# Year:2002
# age    0          1          2          3 
    0.4345     0.3215     0.2403     0.1707 
    0.3154     0.2225     0.2139     0.2056 
    0.2518     0.2062     0.1943     0.1943 
    0.3227     0.2616     0.2178     0.2178 
# Year:2003
# age    0          1          2          3 
    0.4194     0.2691     0.2154     0.1684 
    0.2948     0.2287     0.2085     0.2040 
    0.2590     0.2292     0.2256     0.2256 
    0.3826     0.3081     0.2859     0.2859 
# Year:2004
# age    0          1          2          3 
    0.4363     0.2760     0.2307     0.1919 
    0.2780     0.2161     0.1925     0.1848 
    0.2310     0.2119     0.2076     0.2076 
    0.3758     0.3023     0.2784     0.2784 
# Year:2005
# age    0          1          2          3 
    0.4416     0.3205     0.2270     0.2160 
    0.3092     0.2187     0.1810     0.1737 
    0.2205     0.2008     0.1793     0.1793 
    0.3668     0.2913     0.2250     0.2250 
# Year:2006
# age    0          1          2          3 
    0.5039     0.3145     0.2256     0.2146 
    0.2647     0.2116     0.1724     0.1662 
    0.2171     0.1969     0.1725     0.1725 
    0.3643     0.2772     0.2023     0.2023 
# Year:2007
# age    0          1          2          3 
    0.4801     0.3122     0.2042     0.1841 
    0.2875     0.2218     0.1702     0.1663 
    0.2102     0.1748     0.1521     0.1521 
    0.3123     0.2375     0.1750     0.1750 
# Year:2008
# age    0          1          2          3 
    0.4778     0.3066     0.1875     0.1663 
    0.2688     0.2033     0.1569     0.1511 
    0.2004     0.1731     0.1666     0.1666 
    0.3040     0.2254     0.1969     0.1969 
# Year:2009
# age    0          1          2          3 
    0.4442     0.3620     0.2331     0.1623 
    0.3270     0.2002     0.1576     0.1501 
    0.1904     0.1697     0.1634     0.1634 
    0.2925     0.2153     0.1897     0.1897 
# Year:2010
# age    0          1          2          3 
    0.5272     0.4125     0.3121     0.1705 
    0.3953     0.2171     0.1794     0.1642 
    0.2067     0.1822     0.1593     0.1593 
    0.3090     0.2264     0.1968     0.1968 
# Year:2011
# age    0          1          2          3 
    0.5107     0.4369     0.3857     0.1818 
    0.3809     0.2385     0.1934     0.1794 
    0.2287     0.2021     0.1792     0.1792 
    0.3380     0.2536     0.2243     0.2243 
# Year:2012
# age    0          1          2          3 
    0.5092     0.4315     0.3440     0.1762 
    0.3683     0.2383     0.1909     0.1782 
    0.2189     0.1758     0.1453     0.1453 
    0.2918     0.2251     0.1796     0.1796 
# Year:2013
# age    0          1          2          3 
    0.3991     0.3671     0.2853     0.1495 
    0.2711     0.2085     0.1638     0.1577 
    0.2065     0.1750     0.1483     0.1483 
    0.2700     0.2209     0.1783     0.1783 

Stock numbers
# Species: Sprat        ################################################################
# Year:1974
# age    0          1          2          3 
 539633162  138903796   10712094     474102 
 332695012   72230207    5142387     264570 
 238241567   45697759    1943191     108250 
 174260401   31625011    1327563      55159 
# Year:1975
# age    0          1          2          3 
 721510249  110647927   18980261     692679 
 429037685   47396022    6844971     316457 
 317066422   25482736    1437447      74958 
 221616398   15977866     797557      24532 
# Year:1976
# age    0          1          2          3 
 339397555  138017978   10273671     538592 
 207666607   59699188    3631773     227523 
 149085687   30851985     699394      49598 
 100497818   18558732     373207      15240 
# Year:1977
# age    0          1          2          3 
 653858533   61852696   11916164     255033 
 420348090   29779115    4812349     114060 
 286154551   16258901    1125259      29750 
 190718439    9833766     628481      10328 
# Year:1978
# age    0          1          2          3 
1016645285  116891076    6335394     414773 
 673339818   63017599    2978688     212651 
 472000641   39071325    1031663      79929 
 316482645   24652061     666397      37243 
# Year:1979
# age    0          1          2          3 
 527841091  202856210   16584588     484040 
 341051463  114402651    8496118     256915 
 223751991   75199193    3762103     120329 
 149171653   48603011    2555303      65527 
# Year:1980
# age    0          1          2          3 
 334515209   95652549   32928410    1797746 
 208672201   37630352    9600016     576671 
 131142814   17082619    1231970      85616 
  85648021    9592588     598449      20718 
# Year:1981
# age    0          1          2          3 
 101644496   56332114    6611388     442298 
  61551228   27543519    2871721     216646 
  40533588   16213961     912360      75576 
  27738088   10628076     574815      33849 
# Year:1982
# age    0          1          2          3 
  54090447   19037648    7638726     466074 
  32434660    9946268    3631037     260846 
  23106375    6179449    1269489     100209 
  16728705    4423371     843004      48144 
# Year:1983
# age    0          1          2          3 
  71724566   12172137    3353608     725707 
  42053183    5532418    1292588     333562 
  29653751    2916620     262534      75957 
  21415049    2001042     151717      25731 
# Year:1984
# age    0          1          2          3 
  33208094   15671439    1543772     149957 
  19362103    8242576     804259      89497 
  12920848    5100317     284310      34089 
   9320573    3625842     189829      16489 
# Year:1985
# age    0          1          2          3 
  22795403    6758557    2756267     169381 
  13146500    3080988    1177248      89773 
   8033792    1696369     308825      26368 
   5685188    1156420     192268      10767 
# Year:1986
# age    0          1          2          3 
  85716526    4135299     883361     172147 
  47480487    1932724     395658      94153 
  29958517    1094422     124459      33320 
  20808550     759180      81399      15556 
# Year:1987
# age    0          1          2          3 
  40782034   14882544     571241      81855 
  22464586    8456170     319912      55896 
  13993534    5628990     173725      33148 
   9733970    4361446     131966      22315 
# Year:1988
# age    0          1          2          3 
  61434318    6943052    3292966     128270 
  32959892    3159296    1292347      63844 
  19927247    1627337     315863      17552 
  13428590    1120047     188159       6842 
# Year:1989
# age    0          1          2          3 
  55927872    9356136     828585     154535 
  30579466    5274957     482496     113079 
  18041493    3521650     281645      69328 
  12571116    2719117     211180      47279 
# Year:1990
# age    0          1          2          3 
  75527003    8647202    1990697     195070 
  44940649    3807491     762785      91798 
  27049443    1883738     161724      21646 
  18797064    1241662      89232       7303 
# Year:1991
# age    0          1          2          3 
 119129992   12765502     902903      72467 
  74992264    7173480     506689      44010 
  50212038    4611385     223531      20605 
  36356968    3294685     152353      11186 
# Year:1992
# age    0          1          2          3 
 110809822   24643041    2392168     122717 
  73479767   14416155    1342801      72548 
  53439280    9424274     558316      32286 
  39261814    6585343     375785      16731 
# Year:1993
# age    0          1          2          3 
 171686370   27100361    4883256     299566 
 108714759   12594681    1921338     128625 
  84567658    6873898     412435      30677 
  62590001    4517479     235614      10384 
# Year:1994
# age    0          1          2          3 
 141486118   44218409    3433557     192749 
  85555015   24311620    1878578     109026 
  63517615   16392341     863526      52869 
  48487440   12250565     609469      29789 
# Year:1995
# age    0          1          2          3 
  37493632   35288171    9562123     511531 
  22437735   15932753    3877281     224450 
  16581705    8734461     882608      56397 
  12922668    6157852     520459      20204 
# Year:1996
# age    0          1          2          3 
  64792204    9917914    4986733     447264 
  39086903    4954061    2318728     228010 
  26890139    2819285     603548      65639 
  21169987    2062118     379909      26506 
# Year:1997
# age    0          1          2          3 
  50069046   16687231    1697076     347668 
  31859698    9976502     947804     211841 
  23471187    6340129     336822      82329 
  18364918    4707560     225381      39657 
# Year:1998
# age    0          1          2          3 
 112811566   14032483    3799544     223376 
  73305121    7328709    1634710     105009 
  50374886    3980669     336338      24456 
  38016074    2715722     192960       8136 
# Year:1999
# age    0          1          2          3 
  79988683   27665360    2125044     165183 
  52441025   17092415    1214916      98888 
  38940922   11350483     487533      42398 
  29127877    8138726     328844      21431 
# Year:2000
# age    0          1          2          3 
  75560694   20844352    6230803     274890 
  50281306   10828607    2856574     136450 
  34851019    6237330     719086      37579 
  26360919    4345857     443263      14547 
# Year:2001
# age    0          1          2          3 
  63482197   19950833    3433426     377806 
  42123551   10299910    1553176     187113 
  30856984    5718803     354494      46795 
  23005589    3898749     206805      16644 
# Year:2002
# age    0          1          2          3 
  85566346   16935830    3010853     180545 
  55333633    8644345    1312416      88716 
  39851402    4660334     276515      20595 
  30105254    3211967     157859       6982 
# Year:2003
# age    0          1          2          3 
 111315174   21802770    2472574     132580 
  73104647   12706857    1264396      73866 
  53904335    7452206     364086      22879 
  40697483    5213479     219030       9207 
# Year:2004
# age    0          1          2          3 
 203079862   27759198    3830904     171476 
 131053744   14013255    1533222      75621 
  97789063    7135130     265834      14647 
  75080295    4760773     141188       4248 
# Year:2005
# age    0          1          2          3 
  70944558   51562387    3518600     110097 
  45564441   28259368    1749022      57600 
  33105504   16552615     498257      17744 
  25953959   11856939     310709       7293 
# Year:2006
# age    0          1          2          3 
  93961463   17985049    8860406     253932 
  56684516    9183203    3876177     118211 
  42939121    4968503     830093      27884 
  33567700    3445635     481042       9502 
# Year:2007
# age    0          1          2          3 
  66651085   23319229    2611403     400688 
  41180221   12005961    1178883     194082 
  30497921    6473297     258873      46762 
  24016586    4602550     154062      16510 
# Year:2008
# age    0          1          2          3 
 148963156   17573639    3629678     143186 
  92274624    9906671    1922557      80475 
  69846052    5987926     592520      26687 
  55934653    4439638     379813      11516 
# Year:2009
# age    0          1          2          3 
 112815667   41272693    3543545     321388 
  72289394   22969629    1926084     193610 
  51701076   14610801     698140      74824 
  41961936   11090778     469332      36070 
# Year:2010
# age    0          1          2          3 
 127985206   31319104    8942328     418074 
  75479513   16759666    4576846     254147 
  50441517   10614969    1694180     100802 
  40316837    8000146    1157090      50195 
# Year:2011
# age    0          1          2          3 
  95698272   29600922    6379369     991631 
  57381777   15858676    3166841     620005 
  38940882   10119394    1275074     265422 
  30511523    7567208     876770     138227 
# Year:2012
# age    0          1          2          3 
  49066660   21759659    5872111     811045 
  29454065   10661967    2592115     440864 
  20170462    6116675     728308     134718 
  15836222    4490469     469390      57138 
# Year:2013
# age    0          1          2          3 
  93617040   11828563    3585300     439960 
  62711036    5584358    1414867     210085 
  47157883    2943835     276894      45575 
  37179973    2061359     160026      14906 

Fishing mortality
# Species: Sprat        ################################################################
# Year:1974
# age    0          1          2          3 
    0.0008     0.1975     0.3320     0.3037 
    0.0072     0.2224     0.7558     0.7059 
    0.0161     0.0934     0.2060     0.4993 
    0.0093     0.1014     0.3734     0.3734 
# Year:1975
# age    0          1          2          3 
    0.0015     0.3555     0.5976     0.5468 
    0.0129     0.4003     1.3607     1.2708 
    0.0290     0.1682     0.3709     0.8988 
    0.0000     0.0000     0.0000     0.0000 
# Year:1976
# age    0          1          2          3 
    0.0015     0.3717     0.6248     0.5717 
    0.0135     0.4186     1.4226     1.3286 
    0.0303     0.1758     0.3878     0.9397 
    0.0000     0.0000     0.0000     0.0000 
# Year:1977
# age    0          1          2          3 
    0.0013     0.3203     0.5384     0.4925 
    0.0117     0.3606     1.2257     1.1448 
    0.0261     0.1515     0.3341     0.8097 
    0.0000     0.0000     0.0000     0.0000 
# Year:1978
# age    0          1          2          3 
    0.0009     0.2200     0.3698     0.3383 
    0.0080     0.2477     0.8419     0.7863 
    0.0179     0.1040     0.2295     0.5561 
    0.0000     0.0000     0.0000     0.0000 
# Year:1979
# age    0          1          2          3 
    0.0006     0.1488     0.2502     0.2289 
    0.0054     0.1676     0.5696     0.5319 
    0.0121     0.0704     0.1553     0.3762 
    0.0000     0.0000     0.0000     0.0000 
# Year:1980
# age    0          1          2          3 
    0.0019     0.4694     0.7889     0.7218 
    0.0171     0.5285     1.7962     1.6776 
    0.0383     0.2220     0.4897     1.1865 
    0.0000     0.0000     0.0000     0.0000 
# Year:1981
# age    0          1          2          3 
    0.0009     0.2298     0.3863     0.3534 
    0.0084     0.2588     0.8796     0.8215 
    0.0187     0.1087     0.2398     0.5810 
    0.0000     0.0000     0.0000     0.0000 
# Year:1982
# age    0          1          2          3 
    0.0009     0.2180     0.3664     0.3352 
    0.0079     0.2455     0.8343     0.7792 
    0.0178     0.1031     0.2274     0.5511 
    0.0000     0.0000     0.0000     0.0000 
# Year:1983
# age    0          1          2          3 
    0.0015     0.3597     0.6047     0.5532 
    0.0131     0.4051     1.3767     1.2858 
    0.0293     0.1701     0.3753     0.9094 
    0.0000     0.0000     0.0000     0.0000 
# Year:1984
# age    0          1          2          3 
    0.0009     0.2171     0.3649     0.3339 
    0.0079     0.2444     0.8308     0.7759 
    0.0177     0.1027     0.2265     0.5488 
    0.0000     0.0000     0.0000     0.0000 
# Year:1985
# age    0          1          2          3 
    0.0012     0.2841     0.4775     0.4368 
    0.0103     0.3198     1.0871     1.0153 
    0.0232     0.1343     0.2963     0.7181 
    0.0000     0.0000     0.0000     0.0000 
# Year:1986
# age    0          1          2          3 
    0.0009     0.2270     0.3816     0.3491 
    0.0083     0.2556     0.8688     0.8114 
    0.0185     0.1074     0.2368     0.5739 
    0.0000     0.0000     0.0000     0.0000 
# Year:1987
# age    0          1          2          3 
    0.0003     0.0814     0.1368     0.1251 
    0.0030     0.0916     0.3114     0.2908 
    0.0066     0.0385     0.0849     0.2057 
    0.0000     0.0000     0.0000     0.0000 
# Year:1988
# age    0          1          2          3 
    0.0012     0.2857     0.4801     0.4393 
    0.0104     0.3216     1.0932     1.0210 
    0.0233     0.1351     0.2980     0.7221 
    0.0000     0.0000     0.0000     0.0000 
# Year:1989
# age    0          1          2          3 
    0.0003     0.0639     0.1074     0.0982 
    0.0023     0.0719     0.2445     0.2283 
    0.0052     0.0302     0.0666     0.1615 
    0.0000     0.0000     0.0000     0.0000 
# Year:1990
# age    0          1          2          3 
    0.0014     0.3313     0.5569     0.5095 
    0.0121     0.3731     1.2679     1.1842 
    0.0270     0.1567     0.3456     0.8375 
    0.0000     0.0000     0.0000     0.0000 
# Year:1991
# age    0          1          2          3 
    0.0006     0.1533     0.2576     0.2357 
    0.0056     0.1726     0.5865     0.5478 
    0.0125     0.0725     0.1599     0.3874 
    0.0000     0.0000     0.0000     0.0000 
# Year:1992
# age    0          1          2          3 
    0.0007     0.1761     0.2960     0.2708 
    0.0064     0.1983     0.6740     0.6295 
    0.0144     0.0833     0.1837     0.4452 
    0.0000     0.0000     0.0000     0.0000 
# Year:1993
# age    0          1          2          3 
    0.0014     0.3525     0.5925     0.5421 
    0.0128     0.3969     1.3491     1.2600 
    0.0288     0.1667     0.3678     0.8912 
    0.0000     0.0000     0.0000     0.0000 
# Year:1994
# age    0          1          2          3 
    0.0006     0.1517     0.2550     0.2333 
    0.0055     0.1708     0.5806     0.5422 
    0.0124     0.0718     0.1583     0.3835 
    0.0000     0.0000     0.0000     0.0000 
# Year:1995
# age    0          1          2          3 
    0.0014     0.3357     0.5642     0.5162 
    0.0122     0.3780     1.2846     1.1997 
    0.0274     0.1588     0.3502     0.8485 
    0.0000     0.0000     0.0000     0.0000 
# Year:1996
# age    0          1          2          3 
    0.0012     0.2990     0.5025     0.4598 
    0.0109     0.3366     1.1442     1.0686 
    0.0244     0.1414     0.3119     0.7558 
    0.0000     0.0000     0.0000     0.0000 
# Year:1997
# age    0          1          2          3 
    0.0009     0.2214     0.3721     0.3405 
    0.0081     0.2493     0.8473     0.7913 
    0.0181     0.1047     0.2310     0.5597 
    0.0000     0.0000     0.0000     0.0000 
# Year:1998
# age    0          1          2          3 
    0.0015     0.3670     0.6169     0.5644 
    0.0134     0.4133     1.4047     1.3119 
    0.0299     0.1736     0.3829     0.9279 
    0.0000     0.0000     0.0000     0.0000 
# Year:1999
# age    0          1          2          3 
    0.0008     0.1943     0.3266     0.2988 
    0.0071     0.2188     0.7437     0.6945 
    0.0158     0.0919     0.2027     0.4912 
    0.0000     0.0000     0.0000     0.0000 
# Year:2000
# age    0          1          2          3 
    0.0013     0.3133     0.5267     0.4819 
    0.0114     0.3528     1.1992     1.1200 
    0.0256     0.1482     0.3269     0.7921 
    0.0000     0.0000     0.0000     0.0000 
# Year:2001
# age    0          1          2          3 
    0.0014     0.3333     0.5602     0.5125 
    0.0121     0.3753     1.2754     1.1912 
    0.0272     0.1576     0.3477     0.8425 
    0.0000     0.0000     0.0000     0.0000 
# Year:2002
# age    0          1          2          3 
    0.0014     0.3511     0.5901     0.5399 
    0.0128     0.3953     1.3435     1.2547 
    0.0286     0.1660     0.3662     0.8874 
    0.0000     0.0000     0.0000     0.0000 
# Year:2003
# age    0          1          2          3 
    0.0011     0.2708     0.4552     0.4165 
    0.0099     0.3050     1.0365     0.9680 
    0.0221     0.1281     0.2825     0.6847 
    0.0000     0.0000     0.0000     0.0000 
# Year:2004
# age    0          1          2          3 
    0.0017     0.4076     0.6850     0.6268 
    0.0148     0.4589     1.5597     1.4567 
    0.0332     0.1928     0.4252     1.0303 
    0.0000     0.0000     0.0000     0.0000 
# Year:2005
# age    0          1          2          3 
    0.0011     0.2808     0.4720     0.4319 
    0.0102     0.3162     1.0747     1.0037 
    0.0229     0.1328     0.2930     0.7099 
    0.0000     0.0000     0.0000     0.0000 
# Year:2006
# age    0          1          2          3 
    0.0015     0.3576     0.6011     0.5500 
    0.0130     0.4027     1.3686     1.2782 
    0.0292     0.1691     0.3731     0.9041 
    0.0000     0.0000     0.0000     0.0000 
# Year:2007
# age    0          1          2          3 
    0.0014     0.3517     0.5911     0.5408 
    0.0128     0.3960     1.3458     1.2569 
    0.0287     0.1663     0.3669     0.8890 
    0.0000     0.0000     0.0000     0.0000 
# Year:2008
# age    0          1          2          3 
    0.0011     0.2665     0.4480     0.4099 
    0.0097     0.3001     1.0201     0.9527 
    0.0217     0.1261     0.2781     0.6738 
    0.0000     0.0000     0.0000     0.0000 
# Year:2009
# age    0          1          2          3 
    0.0009     0.2240     0.3765     0.3445 
    0.0082     0.2522     0.8573     0.8006 
    0.0183     0.1059     0.2337     0.5663 
    0.0000     0.0000     0.0000     0.0000 
# Year:2010
# age    0          1          2          3 
    0.0009     0.2128     0.3577     0.3273 
    0.0078     0.2396     0.8144     0.7606 
    0.0174     0.1006     0.2220     0.5380 
    0.0000     0.0000     0.0000     0.0000 
# Year:2011
# age    0          1          2          3 
    0.0008     0.1872     0.3146     0.2879 
    0.0068     0.2108     0.7163     0.6690 
    0.0153     0.0885     0.1953     0.4732 
    0.0000     0.0000     0.0000     0.0000 
# Year:2012
# age    0          1          2          3 
    0.0012     0.2818     0.4737     0.4334 
    0.0103     0.3173     1.0786     1.0073 
    0.0230     0.1333     0.2940     0.7124 
    0.0000     0.0000     0.0000     0.0000 
# Year:2013
# age    0          1          2          3 
    0.0016     0.3834     0.6445     0.5896 
    0.0140     0.4317     1.4674     1.3705 
    0.0313     0.1813     0.4000     0.9693 
    0.0000     0.0000     0.0000     0.0000 

Total Mortality (Z)
# Species: Sprat        ################################################################
# Year:1974
# age    0          1          2          3 
    0.4837     0.6539     0.7339     0.5833 
    0.3339     0.4578     0.9732     0.8937 
    0.3127     0.3681     0.3810     0.6742 
    0.4542     0.5105     0.6912     0.6912 
# Year:1975
# age    0          1          2          3 
    0.5198     0.8478     1.0199     0.7834 
    0.3024     0.6205     1.5606     1.4403 
    0.3582     0.4668     0.5891     1.1170 
    0.4736     0.4416     0.4229     0.4229 
# Year:1976
# age    0          1          2          3 
    0.4912     0.8381     1.0399     0.8617 
    0.3314     0.6601     1.6473     1.5233 
    0.3944     0.5083     0.6281     1.1800 
    0.4854     0.4430     0.4208     0.4208 
# Year:1977
# age    0          1          2          3 
    0.4418     0.7309     0.9067     0.8047 
    0.3846     0.6052     1.4532     1.3439 
    0.4057     0.5028     0.5825     1.0580 
    0.4896     0.4397     0.4319     0.4319 
# Year:1978
# age    0          1          2          3 
    0.4120     0.6178     0.7547     0.6681 
    0.3553     0.4780     1.0603     0.9785 
    0.3997     0.4605     0.4370     0.7637 
    0.4448     0.3964     0.3741     0.3741 
# Year:1979
# age    0          1          2          3 
    0.4368     0.5728     0.6689     0.6334 
    0.4215     0.4196     0.8146     0.7585 
    0.4054     0.4365     0.3868     0.6078 
    0.4444     0.3893     0.3770     0.3770 
# Year:1980
# age    0          1          2          3 
    0.4719     0.9329     1.2326     1.1370 
    0.4645     0.7897     2.0531     1.9074 
    0.4260     0.5771     0.7220     1.4189 
    0.4190     0.3722     0.3364     0.3364 
# Year:1981
# age    0          1          2          3 
    0.5016     0.7155     0.8339     0.7137 
    0.4177     0.5299     1.1466     1.0531 
    0.3793     0.4224     0.4620     0.8032 
    0.3764     0.3303     0.2669     0.2669 
# Year:1982
# age    0          1          2          3 
    0.5114     0.6492     0.7437     0.5804 
    0.3391     0.4760     1.0509     0.9567 
    0.3230     0.3343     0.4094     0.7331 
    0.3180     0.2769     0.2054     0.2054 
# Year:1983
# age    0          1          2          3 
    0.5339     0.7885     0.9534     0.7773 
    0.3493     0.6402     1.5940     1.4797 
    0.3255     0.3768     0.5484     1.0825 
    0.3123     0.2594     0.1683     0.1683 
# Year:1984
# age    0          1          2          3 
    0.5395     0.6425     0.6521     0.5161 
    0.4045     0.4800     1.0399     0.9652 
    0.3266     0.3412     0.4039     0.7263 
    0.3214     0.2742     0.1973     0.1973 
# Year:1985
# age    0          1          2          3 
    0.5504     0.7856     0.8507     0.6349 
    0.4925     0.5968     1.3382     1.2251 
    0.3458     0.3832     0.4739     0.8956 
    0.3183     0.2694     0.1650     0.1650 
# Year:1986
# age    0          1          2          3 
    0.5907     0.7606     0.8032     0.6034 
    0.4605     0.5687     1.1566     1.0388 
    0.3644     0.3657     0.4246     0.7617 
    0.3352     0.2844     0.1693     0.1693 
# Year:1987
# age    0          1          2          3 
    0.5963     0.5653     0.5798     0.3815 
    0.4733     0.4070     0.6106     0.5225 
    0.3630     0.2551     0.2749     0.3957 
    0.3379     0.2810     0.1846     0.1846 
# Year:1988
# age    0          1          2          3 
    0.6227     0.7874     0.9353     0.6977 
    0.5032     0.6634     1.4089     1.2913 
    0.3947     0.3736     0.5180     0.9421 
    0.3614     0.3014     0.2326     0.2326 
# Year:1989
# age    0          1          2          3 
    0.6037     0.5731     0.5407     0.3123 
    0.5277     0.4040     0.5383     0.4892 
    0.3613     0.2586     0.2879     0.3828 
    0.3742     0.3118     0.2814     0.2814 
# Year:1990
# age    0          1          2          3 
    0.5191     0.8203     0.9593     0.7538 
    0.5077     0.7037     1.5511     1.4448 
    0.3640     0.4168     0.5947     1.0866 
    0.3870     0.3186     0.2868     0.2868 
# Year:1991
# age    0          1          2          3 
    0.4628     0.5764     0.5777     0.4987 
    0.4011     0.4419     0.8183     0.7589 
    0.3229     0.3362     0.3834     0.6109 
    0.3889     0.3201     0.2872     0.2872 
# Year:1992
# age    0          1          2          3 
    0.4108     0.5361     0.5774     0.5256 
    0.3185     0.4251     0.8776     0.8096 
    0.3083     0.3584     0.3959     0.6574 
    0.3707     0.2990     0.2702     0.2702 
# Year:1993
# age    0          1          2          3 
    0.4569     0.7663     0.9328     0.8454 
    0.2512     0.6055     1.5387     1.4334 
    0.3009     0.4198     0.5599     1.0833 
    0.3475     0.2744     0.2439     0.2439 
# Year:1994
# age    0          1          2          3 
    0.5030     0.5982     0.6031     0.5698 
    0.2978     0.3941     0.7772     0.7238 
    0.2700     0.2912     0.3484     0.5737 
    0.3178     0.2478     0.2229     0.2229 
# Year:1995
# age    0          1          2          3 
    0.5134     0.7952     0.9027     0.8238 
    0.3024     0.6011     1.4800     1.3812 
    0.2493     0.3495     0.5282     1.0265 
    0.2646     0.2109     0.1896     0.1896 
# Year:1996
# age    0          1          2          3 
    0.5054     0.6941     0.7658     0.6738 
    0.3740     0.5637     1.3459     1.2452 
    0.2392     0.3127     0.4629     0.9068 
    0.2379     0.1948     0.1561     0.1561 
# Year:1997
# age    0          1          2          3 
    0.4521     0.5144     0.5825     0.4954 
    0.3056     0.4533     1.0346     0.9451 
    0.2453     0.2977     0.4018     0.7305 
    0.2691     0.2143     0.1710     0.1710 
# Year:1998
# age    0          1          2          3 
    0.4311     0.6496     0.8434     0.7548 
    0.3751     0.6103     1.5811     1.4572 
    0.2815     0.3824     0.5556     1.1006 
    0.3178     0.2453     0.1967     0.1967 
# Year:1999
# age    0          1          2          3 
    0.4222     0.4815     0.5591     0.5131 
    0.2976     0.4094     0.9131     0.8469 
    0.2903     0.3326     0.3938     0.6823 
    0.3346     0.2671     0.2423     0.2423 
# Year:2000
# age    0          1          2          3 
    0.4073     0.6549     0.7799     0.7004 
    0.3666     0.5516     1.3794     1.2895 
    0.2792     0.3613     0.4838     0.9490 
    0.2786     0.2357     0.1921     0.1921 
# Year:2001
# age    0          1          2          3 
    0.4102     0.6611     0.7933     0.7027 
    0.3112     0.5884     1.4774     1.3859 
    0.2936     0.3831     0.5389     1.0337 
    0.3063     0.2584     0.2132     0.2132 
# Year:2002
# age    0          1          2          3 
    0.4359     0.6725     0.8304     0.7105 
    0.3282     0.6178     1.5574     1.4604 
    0.2805     0.3722     0.5606     1.0818 
    0.3227     0.2616     0.2178     0.2178 
# Year:2003
# age    0          1          2          3 
    0.4205     0.5399     0.6707     0.5849 
    0.3047     0.5336     1.2450     1.1720 
    0.2810     0.3573     0.5082     0.9103 
    0.3826     0.3081     0.2859     0.2859 
# Year:2004
# age    0          1          2          3 
    0.4380     0.6836     0.9157     0.8187 
    0.2928     0.6750     1.7523     1.6415 
    0.2643     0.4046     0.6328     1.2379 
    0.3758     0.3023     0.2784     0.2784 
# Year:2005
# age    0          1          2          3 
    0.4428     0.6014     0.6990     0.6478 
    0.3194     0.5349     1.2557     1.1774 
    0.2434     0.3336     0.4723     0.8892 
    0.3668     0.2913     0.2250     0.2250 
# Year:2006
# age    0          1          2          3 
    0.5054     0.6722     0.8267     0.7646 
    0.2777     0.6143     1.5411     1.4444 
    0.2462     0.3660     0.5456     1.0766 
    0.3643     0.2772     0.2023     0.2023 
# Year:2007
# age    0          1          2          3 
    0.4815     0.6639     0.7953     0.7249 
    0.3003     0.6177     1.5160     1.4232 
    0.2389     0.3411     0.5190     1.0411 
    0.3123     0.2375     0.1750     0.1750 
# Year:2008
# age    0          1          2          3 
    0.4789     0.5732     0.6355     0.5762 
    0.2785     0.5035     1.1770     1.1038 
    0.2221     0.2992     0.4447     0.8405 
    0.3040     0.2254     0.1969     0.1969 
# Year:2009
# age    0          1          2          3 
    0.4451     0.5860     0.6096     0.5068 
    0.3352     0.4524     1.0148     0.9507 
    0.2087     0.2756     0.3971     0.7297 
    0.2925     0.2153     0.1897     0.1897 
# Year:2010
# age    0          1          2          3 
    0.5281     0.6253     0.6698     0.4977 
    0.4030     0.4567     0.9938     0.9248 
    0.2240     0.2828     0.3813     0.6972 
    0.3090     0.2264     0.1968     0.1968 
# Year:2011
# age    0          1          2          3 
    0.5115     0.6241     0.7003     0.4696 
    0.3877     0.4493     0.9097     0.8484 
    0.2439     0.2906     0.3745     0.6524 
    0.3380     0.2536     0.2243     0.2243 
# Year:2012
# age    0          1          2          3 
    0.5103     0.7134     0.8177     0.6096 
    0.3786     0.5557     1.2695     1.1855 
    0.2419     0.3091     0.4393     0.8577 
    0.2918     0.2251     0.1796     0.1796 
# Year:2013
# age    0          1          2          3 
    0.4007     0.7505     0.9298     0.7392 
    0.2850     0.6403     1.6312     1.5281 
    0.2377     0.3563     0.5483     1.1176 
    0.2700     0.2209     0.1783     0.1783 
