Year Quarter Species.n Age M1 M2 M F Z N N.bar C.hat C.obs west weca Yield CWsum prop.landed propmat BIO SSB Lsea ration
1974 1 1 0 0 0 0.482857 0.00112849 0.483986 5.31742e+008 4.21537e+008 475700 0 0.00632446 0.00632446 0 0 1 0 3.36298e+006 0 0 0 
1974 1 1 1 0 0 0.456422 0.216505 0.672927 1.37507e+008 1.00084e+008 2.16687e+007 1.61011e+007 0.00832646 0.00832646 134065 134065 1 0.409297 1.14495e+006 468623 0 0 
1974 1 1 2 0 0 0.401885 0.359819 0.761703 1.07883e+007 7.5509e+006 2.71695e+006 2.15572e+006 0.0135262 0.0135262 29158.7 29158.7 1 0.87187 145924 127227 0 0 
1974 1 1 3 0 0 0.279594 0.314906 0.5945 472508 356198 112169 475613 0.0184048 0.0184048 8753.57 8753.57 1 0.94676 8696.41 8233.41 0 0 
1974 2 1 0 0 0 0.326748 0.00775736 0.334505 3.27724e+008 2.78545e+008 2.16077e+006 1.88415e+006 0.00584713 0.00584713 11016.9 11016.9 1 0 1.91625e+006 0 0 0 
1974 2 1 1 0 0 0.235424 0.229104 0.464528 7.01579e+007 5.61181e+007 1.28569e+007 1.15441e+007 0.00894888 0.00894888 103307 103307 1 0.409297 627834 256971 0 0 
1974 2 1 2 0 0 0.217345 0.728108 0.945453 5.03673e+006 3.25763e+006 2.37191e+006 866399 0.0149823 0.0149823 12980.6 12980.6 1 0.87187 75461.5 65792.6 0 0 
1974 2 1 3 0 0 0.187755 0.705705 0.893459 260748 172409 121670 48228.1 0.0196945 0.0196945 949.829 949.829 1 0.94676 5135.3 4861.9 0 0 
1974 3 1 0 0 0 0.296626 0.0155037 0.31213 2.3455e+008 2.01474e+008 3.12359e+006 2.8427e+006 0.0049933 0.0049933 14194.5 14194.5 1 0 1.17118e+006 0 0 0 
1974 3 1 1 0 0 0.27469 0.092857 0.367547 4.40894e+007 3.68947e+007 3.42594e+006 1.10913e+007 0.00774447 0.00774447 85896.3 85896.3 1 0.409297 341449 139754 0 0 
1974 3 1 2 0 0 0.174943 0.203691 0.378635 1.95678e+006 1.62898e+006 331809 1.33604e+006 0.0150214 0.0150214 20069.1 20069.1 1 0.87187 29393.6 25627.4 0 0 
1974 3 1 3 0 0 0.174943 0.472979 0.647922 106708 78536.6 37146.1 34534.2 0.0196543 0.0196543 678.744 678.744 1 0.94676 2097.26 1985.61 0 0 
1974 4 1 0 0 0 0.444899 0.00943967 0.454339 1.71664e+008 1.37959e+008 1.30229e+006 1.30233e+006 0.0065831 0.0065831 8573.38 8573.38 1 0 1.13008e+006 0 0 0 
1974 4 1 1 0 0 0.409145 0.105217 0.514363 3.05289e+007 2.38669e+007 2.51121e+006 2.51132e+006 0.0106994 0.0106994 26869.5 26869.5 1 0.409297 326640 133693 0 0 
1974 4 1 2 0 0 0.3178 0.368747 0.686547 1.34e+006 969434 357476 359117 0.0183478 0.0183478 6589.02 6589.02 1 0.87187 24586 21435.8 0 0 
1974 4 1 3 0 0 0.3178 0.368747 0.686547 55822.3 40385.2 14891.9 14821.6 0.0163205 0.0163205 241.896 241.896 1 0.94676 911.047 862.544 0 0 
1975 1 1 0 0 0 0.51835 0.00199185 0.520342 7.16048e+008 5.58264e+008 1.11198e+006 250931 0.00483392 0.00483392 1212.98 1212.98 1 0 3.46132e+006 0 0 0 
1975 1 1 1 0 0 0.492266 0.382143 0.874409 1.08984e+008 7.26499e+007 2.77627e+007 2.77235e+007 0.0086133 0.0086133 238791 238791 1 0.409297 938711 384211 0 0 
1975 1 1 2 0 0 0.422257 0.635101 1.05736 1.82527e+007 1.1266e+007 7.15504e+006 1.00526e+007 0.0129155 0.0129155 129834 129834 1 0.87187 235742 205537 0 0 
1975 1 1 3 0 0 0.236604 0.555827 0.792431 702531 485172 269672 260182 0.0171986 0.0171986 4474.76 4474.76 1 0.94676 12082.5 11439.3 0 0 
1975 2 1 0 0 0 0.289484 0.0136922 0.303176 4.2556e+008 3.67104e+008 5.02645e+006 1.17957e+006 0.00754079 0.00754079 8894.86 8894.86 1 0 3.20905e+006 0 0 0 
1975 2 1 1 0 0 0.220191 0.404382 0.624573 4.54581e+007 3.38083e+007 1.36714e+007 1.45419e+007 0.0110761 0.0110761 161067 161067 1 0.409297 503497 206080 0 0 
1975 2 1 2 0 0 0.199951 1.28515 1.4851 6.34047e+006 3.30246e+006 4.24416e+006 4.37841e+006 0.0168117 0.0168117 73608.7 73608.7 1 0.87187 106594 92936.2 0 0 
1975 2 1 3 0 0 0.169448 1.24561 1.41506 318066 170173 211969 166807 0.0216322 0.0216322 3608.4 3608.4 1 0.94676 6880.46 6514.15 0 0 
1975 3 1 0 0 0 0.329164 0.0273649 0.356529 3.14263e+008 2.64345e+008 7.23378e+006 5.24002e+006 0.00480279 0.00480279 25166.8 25166.8 1 0 1.50934e+006 0 0 0 
1975 3 1 1 0 0 0.298634 0.163898 0.462532 2.43423e+007 1.9489e+007 3.1942e+006 4.75588e+006 0.0105762 0.0105762 50299 50299 1 0.409297 257449 105373 0 0 
1975 3 1 2 0 0 0.218145 0.359527 0.577672 1.43598e+006 1.09077e+006 392160 2.20678e+006 0.0154459 0.0154459 34085.8 34085.8 1 0.87187 22180.1 19338.1 0 0 
1975 3 1 3 0 0 0.218145 0.834834 1.05298 77261.9 47774.5 39883.8 66185.8 0.0191701 0.0191701 1268.79 1268.79 1 0.94676 1481.12 1402.27 0 0 
1975 4 1 0 0 0 0.473564 0 0.473564 2.20016e+008 1.75256e+008 0 0 0.00616806 0.00616806 0 0 1 0 1.35707e+006 0 0 0 
1975 4 1 1 0 0 0.44162 0 0.44162 1.53281e+007 1.23912e+007 0 0 0.0116102 0.0116102 0 0 1 0.409297 177961 72839 0 0 
1975 4 1 2 0 0 0.422889 0 0.422889 805879 657161 0 0 0.016961 0.016961 0 0 1 0.87187 13668.5 11917.1 0 0 
1975 4 1 3 0 0 0.422889 0 0.422889 26956.5 21981.9 0 0 0.0171267 0.0171267 0 0 1 0.94676 461.674 437.095 0 0 
1976 1 1 0 0 0 0.489721 0.0020406 0.491761 3.33165e+008 2.63173e+008 537030 2.14321e+006 0.00487682 0.00487682 10452.1 10452.1 1 0 1.62478e+006 0 0 0 
1976 1 1 1 0 0 0.466338 0.391495 0.857833 1.37021e+008 9.19914e+007 3.60142e+007 4.22098e+007 0.00700833 0.00700833 295820 295820 1 0.409297 960290 393044 0 0 
1976 1 1 2 0 0 0.415041 0.650643 1.06568 9.85585e+006 6.06239e+006 3.94445e+006 2.88865e+006 0.0113282 0.0113282 32723.3 32723.3 1 0.87187 111649 97343.6 0 0 
1976 1 1 3 0 0 0.290053 0.569429 0.859483 545633 366060 208446 180913 0.0133523 0.0133523 2415.6 2415.6 1 0.94676 7285.47 6897.59 0 0 
1976 2 1 0 0 0 0.317874 0.0140273 0.331901 2.03746e+008 1.73384e+008 2.43211e+006 7.43966e+006 0.00433913 0.00433913 32281.7 32281.7 1 0 884082 0 0 0 
1976 2 1 1 0 0 0.241554 0.414278 0.655832 5.8108e+007 4.26166e+007 1.76551e+007 1.87627e+007 0.00895333 0.00895333 167989 167989 1 0.409297 520260 212941 0 0 
1976 2 1 2 0 0 0.224652 1.3166 1.54126 3.39526e+006 1.73125e+006 2.27937e+006 1.61314e+006 0.0153303 0.0153303 24729.9 24729.9 1 0.87187 52050.5 45381.2 0 0 
1976 2 1 3 0 0 0.194676 1.27609 1.47077 231011 120982 154384 88603.8 0.0190226 0.0190226 1685.47 1685.47 1 0.94676 4394.42 4160.47 0 0 
1976 3 1 0 0 0 0.364067 0.0280346 0.392101 1.462e+008 1.20943e+008 3.3906e+006 7.70342e+006 0.00220921 0.00220921 17018.5 17018.5 1 0 322986 0 0 0 
1976 3 1 1 0 0 0.332446 0.167909 0.500355 3.01586e+007 2.37291e+007 3.98433e+006 6.92535e+006 0.0058604 0.0058604 40585.3 40585.3 1 0.409297 176742 72339.7 0 0 
1976 3 1 2 0 0 0.240275 0.368325 0.6086 726967 544554 200573 267638 0.0104328 0.0104328 2792.22 2792.22 1 0.87187 7584.34 6612.55 0 0 
1976 3 1 3 0 0 0.240275 0.855264 1.09554 53074.5 32247.6 27580.3 8289.41 0.0126397 0.0126397 104.776 104.776 1 0.94676 670.846 635.13 0 0 
1976 4 1 0 0 0 0.48538 0 0.48538 9.87779e+007 7.82556e+007 0 0 0.0033842 0.0033842 0 0 1 0 334284 0 0 0 
1976 4 1 1 0 0 0.443045 0 0.443045 1.82856e+007 1.47724e+007 0 0 0.00569468 0.00569468 0 0 1 0.409297 104131 42620.4 0 0 
1976 4 1 2 0 0 0.420767 0 0.420767 395551 322874 0 0 0.00850104 0.00850104 0 0 1 0.87187 3362.6 2931.75 0 0 
1976 4 1 3 0 0 0.420767 0 0.420767 17745.9 14485.4 0 0 0.0106209 0.0106209 0 0 1 0.94676 188.478 178.443 0 0 
1977 1 1 0 0 0 0.4405 0.00179007 0.44229 6.35868e+008 5.13877e+008 919873 2.69019e+006 0.00536393 0.00536393 14430 14430 1 0 3.41075e+006 0 0 0 
1977 1 1 1 0 0 0.410663 0.34343 0.754093 6.07941e+007 4.26928e+007 1.4662e+007 1.27861e+007 0.0082469 0.0082469 105445 105445 1 0.409297 501363 205206 0 0 
1977 1 1 2 0 0 0.368355 0.570762 0.939117 1.17408e+007 7.61404e+006 4.3458e+006 5.18187e+006 0.0126093 0.0126093 65339.6 65339.6 1 0.87187 148043 129074 0 0 
1977 1 1 3 0 0 0.312123 0.499519 0.811642 271347 185839 92829.9 109712 0.0179676 0.0179676 1971.27 1971.27 1 0.94676 4875.46 4615.9 0 0 
1977 2 1 0 0 0 0.372886 0.0123051 0.385191 4.08585e+008 3.39095e+008 4.17259e+006 2.52008e+006 0.00586997 0.00586997 14792.8 14792.8 1 0 2.39838e+006 0 0 0 
1977 2 1 1 0 0 0.244527 0.363416 0.607943 2.85998e+007 2.14298e+007 7.78792e+006 4.90459e+006 0.0109601 0.0109601 53754.7 53754.7 1 0.409297 313456 128297 0 0 
1977 2 1 2 0 0 0.227433 1.15496 1.38239 4.59034e+006 2.48719e+006 2.8726e+006 3.67915e+006 0.0146457 0.0146457 53883.7 53883.7 1 0.87187 67228.7 58614.6 0 0 
1977 2 1 3 0 0 0.19914 1.11942 1.31856 120513 66946.7 74941.7 67687.9 0.0195727 0.0195727 1324.84 1324.84 1 0.94676 2358.77 2233.19 0 0 
1977 3 1 0 0 0 0.379611 0.0245927 0.404204 2.77969e+008 2.28653e+008 5.6232e+006 1.58572e+007 0.00225275 0.00225275 35722.4 35722.4 1 0 626196 0 0 0 
1977 3 1 1 0 0 0.351334 0.147294 0.498629 1.55717e+007 1.22617e+007 1.80608e+006 1.84347e+006 0.00797474 0.00797474 14701.2 14701.2 1 0.409297 124181 50826.7 0 0 
1977 3 1 2 0 0 0.248324 0.323105 0.571429 1.15207e+006 877582 283551 2.20088e+006 0.0106178 0.0106178 23368.5 23368.5 1 0.87187 12232.5 10665.1 0 0 
1977 3 1 3 0 0 0.248324 0.750261 0.998585 32239.6 20391.4 15298.9 37835.5 0.0138106 0.0138106 522.532 522.532 1 0.94676 445.249 421.545 0 0 
1977 4 1 0 0 0 0.489556 0 0.489556 1.85547e+008 1.46715e+008 0 0 0.00247276 0.00247276 0 0 1 0 458812 0 0 0 
1977 4 1 1 0 0 0.43967 0 0.43967 9.45769e+006 7.65252e+006 0 0 0.00633335 0.00633335 0 0 1 0.409297 59898.9 24516.4 0 0 
1977 4 1 2 0 0 0.431873 0 0.431873 650595 528324 0 0 0.00825311 0.00825311 0 0 1 0.87187 5369.43 4681.44 0 0 
1977 4 1 3 0 0 0.431873 0 0.431873 11877.1 9644.94 0 0 0.0121792 0.0121792 0 0 1 0.94676 144.654 136.953 0 0 
1978 1 1 0 0 0 0.411115 0.00118648 0.412302 1.0277e+009 8.42188e+008 999242 454090 0.00380169 0.00380169 1726.31 1726.31 1 0 3.907e+006 0 0 0 
1978 1 1 1 0 0 0.397839 0.227631 0.62547 1.13721e+008 8.45433e+007 1.92447e+007 3.21845e+007 0.00686812 0.00686812 221047 221047 1 0.409297 781051 319682 0 0 
1978 1 1 2 0 0 0.384897 0.37831 0.763207 6.09311e+006 4.26187e+006 1.61231e+006 427473 0.0121643 0.0121643 5199.92 5199.92 1 0.87187 74118.4 64621.6 0 0 
1978 1 1 3 0 0 0.329772 0.331089 0.660861 430138 314759 104213 96434.7 0.0146079 0.0146079 1408.7 1408.7 1 0.94676 6283.4 5948.87 0 0 
1978 2 1 0 0 0 0.347257 0.00815601 0.355413 6.80467e+008 5.72682e+008 4.67079e+006 5.51766e+006 0.00438632 0.00438632 24202.3 24202.3 1 0 2.98475e+006 0 0 0 
1978 2 1 1 0 0 0.230318 0.240878 0.471196 6.0842e+007 4.85171e+007 1.16867e+007 1.0345e+007 0.0103184 0.0103184 106744 106744 1 0.409297 627793 256954 0 0 
1978 2 1 2 0 0 0.218406 0.765526 0.983932 2.84042e+006 1.80761e+006 1.38377e+006 1.20958e+006 0.0155213 0.0155213 18774.4 18774.4 1 0.87187 44087.1 38438.2 0 0 
1978 2 1 3 0 0 0.192224 0.741971 0.934195 222126 144351 107104 116695 0.0196403 0.0196403 2291.94 2291.94 1 0.94676 4362.62 4130.36 0 0 
1978 3 1 0 0 0 0.381769 0.0163004 0.39807 4.76928e+008 3.93438e+008 6.41322e+006 6.15461e+006 0.00309097 0.00309097 19023.7 19023.7 1 0 1.47417e+006 0 0 0 
1978 3 1 1 0 0 0.356481 0.097629 0.45411 3.79809e+007 3.05269e+007 2.98031e+006 4.97357e+006 0.0088622 0.0088622 44076.8 44076.8 1 0.409297 336595 137767 0 0 
1978 3 1 2 0 0 0.207538 0.214159 0.421697 1.06186e+006 866381 185543 1.11904e+006 0.0123428 0.0123428 13812.2 13812.2 1 0.87187 13106.3 11427 0 0 
1978 3 1 3 0 0 0.207538 0.497285 0.704823 87273.7 62630.5 31145.2 29941.3 0.0166014 0.0166014 497.066 497.066 1 0.94676 1448.86 1371.73 0 0 
1978 4 1 0 0 0 0.444771 0 0.444771 3.20312e+008 2.58563e+008 0 0 0.00195119 0.00195119 0 0 1 0 624988 0 0 0 
1978 4 1 1 0 0 0.396387 0 0.396387 2.41184e+007 1.99119e+007 0 0 0.00518089 0.00518089 0 0 1 0.409297 124955 51143.6 0 0 
1978 4 1 2 0 0 0.3741 0 0.3741 696507 581059 0 0 0.00870696 0.00870696 0 0 1 0.87187 6064.46 5287.41 0 0 
1978 4 1 3 0 0 0.3741 0 0.3741 43130.3 35981.4 0 0 0.00938547 0.00938547 0 0 1 0.94676 404.798 383.247 0 0 
1979 1 1 0 0 0 0.436154 0.000781479 0.436936 5.34916e+008 4.33367e+008 338667 3.57939e+006 0.00497197 0.00497197 17796.6 17796.6 1 0 2.65959e+006 0 0 0 
1979 1 1 1 0 0 0.423949 0.149929 0.573879 2.05311e+008 1.56221e+008 2.34221e+007 3.68668e+007 0.00581055 0.00581055 214216 214216 1 0.409297 1.19297e+006 488278 0 0 
1979 1 1 2 0 0 0.418712 0.249174 0.667887 1.62256e+007 1.18362e+007 2.94928e+006 644042 0.00871421 0.00871421 5612.32 5612.32 1 0.87187 141393 123276 0 0 
1979 1 1 3 0 0 0.404555 0.218072 0.622627 508803 378739 82592.5 117139 0.0112681 0.0112681 1319.93 1319.93 1 0.94676 5733.24 5428 0 0 
1979 2 1 0 0 0 0.416075 0.00537197 0.421447 3.45563e+008 2.81981e+008 1.51479e+006 1.05292e+006 0.00565412 0.00565412 5953.34 5953.34 1 0 1.95385e+006 0 0 0 
1979 2 1 1 0 0 0.252009 0.158655 0.410664 1.15659e+008 9.48533e+007 1.50489e+007 1.13559e+007 0.010481 0.010481 119021 119021 1 0.409297 1.21222e+006 496157 0 0 
1979 2 1 2 0 0 0.245079 0.504215 0.749294 8.32033e+006 5.85526e+006 2.95231e+006 2.15226e+006 0.0149946 0.0149946 32272.4 32272.4 1 0.87187 124760 108775 0 0 
1979 2 1 3 0 0 0.22659 0.4887 0.715291 272989 195003 95298.1 63386.1 0.0173026 0.0173026 1096.75 1096.75 1 0.94676 4723.43 4471.96 0 0 
1979 3 1 0 0 0 0.393302 0.0107363 0.404039 2.26723e+008 1.86513e+008 2.00246e+006 3.88278e+006 0.0032166 0.0032166 12489.4 12489.4 1 0 729277 0 0 0 
1979 3 1 1 0 0 0.366066 0.0643035 0.43037 7.67062e+007 6.23337e+007 4.00828e+006 6.39926e+006 0.0076793 0.0076793 49141.8 49141.8 1 0.409297 589050 241096 0 0 
1979 3 1 2 0 0 0.231547 0.141056 0.372603 3.93302e+006 3.28342e+006 463146 332781 0.0128909 0.0128909 4289.83 4289.83 1 0.87187 50700 44203.8 0 0 
1979 3 1 3 0 0 0.231547 0.327538 0.559084 133505 102267 33496.4 25963.8 0.0164776 0.0164776 427.82 427.82 1 0.94676 2199.85 2082.73 0 0 
1979 4 1 0 0 0 0.444375 0 0.444375 1.51364e+008 1.22207e+008 0 0 0.00285703 0.00285703 0 0 1 0 432452 0 0 0 
1979 4 1 1 0 0 0.38935 0 0.38935 4.98796e+007 4.13158e+007 0 0 0.0105863 0.0105863 0 0 1 0.409297 528040 216125 0 0 
1979 4 1 2 0 0 0.376957 0 0.376957 2.70961e+006 2.25746e+006 0 0 0.0121166 0.0121166 0 0 1 0.87187 32831.3 28624.6 0 0 
1979 4 1 3 0 0 0.376957 0 0.376957 76329.4 63592.4 0 0 0.0153221 0.0153221 0 0 1 0.94676 1169.53 1107.26 0 0 
1980 1 1 0 0 0 0.470002 0.00265796 0.47266 3.25411e+008 2.59317e+008 689255 0 0.00632446 0.00632446 0 0 1 0 2.05805e+006 0 0 0 
1980 1 1 1 0 0 0.463561 0.509939 0.9735 9.70585e+007 6.20378e+007 3.16355e+007 1.42376e+007 0.00519841 0.00519841 74012.7 74012.7 1 0.409297 504550 206511 0 0 
1980 1 1 2 0 0 0.443658 0.847491 1.29115 3.37933e+007 1.89767e+007 1.60825e+007 1.74214e+007 0.00682428 0.00682428 118888 118888 1 0.87187 230615 201066 0 0 
1980 1 1 3 0 0 0.415235 0.741706 1.15694 1.911e+006 1.13238e+006 839892 1.48107e+006 0.00832205 0.00832205 12325.5 12325.5 1 0.94676 15903.5 15056.8 0 0 
1980 2 1 0 0 0 0.447383 0.0182711 0.465654 2.02842e+008 1.62166e+008 2.96295e+006 0 0.00510473 0.00510473 0 0 1 0 1.03546e+006 0 0 0 
1980 2 1 1 0 0 0.261263 0.539615 0.800878 3.66647e+007 2.52281e+007 1.36135e+007 9.41516e+006 0.0051586 0.0051586 48569.1 48569.1 1 0.409297 189139 77413.8 0 0 
1980 2 1 2 0 0 0.256933 1.71493 1.97187 9.29163e+006 4.05619e+006 6.9561e+006 1.15206e+007 0.0068616 0.0068616 79049.6 79049.6 1 0.87187 63755.5 55586.5 0 0 
1980 2 1 3 0 0 0.22984 1.66217 1.892 600908 269719 448317 979415 0.00826773 0.00826773 8097.54 8097.54 1 0.94676 4968.15 4703.64 0 0 
1980 3 1 0 0 0 0.38776 0.0365163 0.424276 1.27329e+008 1.03765e+008 3.7891e+006 2.53606e+006 0.00318667 0.00318667 8081.58 8081.58 1 0 405756 0 0 0 
1980 3 1 1 0 0 0.355084 0.218709 0.573792 1.646e+007 1.25249e+007 2.73931e+006 3.86661e+006 0.00857794 0.00857794 33167.6 33167.6 1 0.409297 141193 57789.9 0 0 
1980 3 1 2 0 0 0.232378 0.47976 0.712138 1.29337e+006 925169 443859 389674 0.0130762 0.0130762 5095.48 5095.48 1 0.87187 16912.4 14745.4 0 0 
1980 3 1 3 0 0 0.232378 1.11402 1.3464 90598.4 49782.4 55458.5 8724.47 0.0168243 0.0168243 146.783 146.783 1 0.94676 1524.26 1443.11 0 0 
1980 4 1 0 0 0 0.418981 0 0.418981 8.33042e+007 6.80547e+007 0 0 0.00457565 0.00457565 0 0 1 0 381171 0 0 0 
1980 4 1 1 0 0 0.372197 0 0.372197 9.27333e+006 7.74316e+006 0 0 0.00731047 0.00731047 0 0 1 0.409297 67792.4 27747.2 0 0 
1980 4 1 2 0 0 0.336392 0 0.336392 634518 538819 0 0 0.0105055 0.0105055 0 0 1 0.87187 6665.95 5811.84 0 0 
1980 4 1 3 0 0 0.336392 0 0.336392 23571.5 20016.4 0 0 0.0100528 0.0100528 0 0 1 0.94676 236.96 224.345 0 0 
1981 1 1 0 0 0 0.500673 0.00130204 0.501975 9.50715e+007 7.47477e+007 97324.6 428776 0.00375646 0.00375646 1610.68 1610.68 1 0 357132 0 0 0 
1981 1 1 1 0 0 0.485668 0.249801 0.735469 5.47905e+007 3.87922e+007 9.69034e+006 1.23224e+007 0.00985436 0.00985436 121430 121430 1 0.409297 539926 220990 0 0 
1981 1 1 2 0 0 0.447571 0.415155 0.862726 6.39135e+006 4.28194e+006 1.77767e+006 1.48324e+006 0.0128668 0.0128668 19084.5 19084.5 1 0.87187 82236.1 71699.1 0 0 
1981 1 1 3 0 0 0.360278 0.363335 0.723614 470102 334576 121563 130805 0.0156399 0.0156399 2045.78 2045.78 1 0.94676 7352.36 6960.92 0 0 
1981 2 1 0 0 0 0.409368 0.00895035 0.418318 5.755e+007 4.70295e+007 420931 40632.1 0.00816463 0.00816463 331.746 331.746 1 0 469875 0 0 0 
1981 2 1 1 0 0 0.271108 0.264338 0.535446 2.626e+007 2.03329e+007 5.37477e+006 3.54074e+006 0.0125949 0.0125949 44595.3 44595.3 1 0.409297 330743 135372 0 0 
1981 2 1 2 0 0 0.26707 0.840084 1.10715 2.69721e+006 1.63102e+006 1.37019e+006 3.02529e+006 0.0152894 0.0152894 46255 46255 1 0.87187 41238.9 35955 0 0 
1981 2 1 3 0 0 0.231668 0.814235 1.0459 227998 141395 115129 202048 0.0193529 0.0193529 3910.21 3910.21 1 0.94676 4412.42 4177.5 0 0 
1981 3 1 0 0 0 0.360579 0.017888 0.378467 3.78767e+007 3.15339e+007 564079 374254 0.00488917 0.00488917 1829.79 1829.79 1 0 185186 0 0 0 
1981 3 1 1 0 0 0.313672 0.107137 0.420809 1.53728e+007 1.2548e+007 1.34437e+006 3.85406e+006 0.00889068 0.00889068 34265.2 34265.2 1 0.409297 136675 55940.6 0 0 
1981 3 1 2 0 0 0.222216 0.235017 0.457233 891425 715442 168141 319763 0.0157395 0.0157395 5032.91 5032.91 1 0.87187 14030.6 12232.9 0 0 
1981 3 1 3 0 0 0.222216 0.545718 0.767934 80112.6 55919.8 30516.4 9835.42 0.0193956 0.0193956 190.763 190.763 1 0.94676 1553.83 1471.1 0 0 
1981 4 1 0 0 0 0.376388 0 0.376388 2.59421e+007 2.1619e+007 0 0 0.00601838 0.00601838 0 0 1 0 156130 0 0 0 
1981 4 1 1 0 0 0.330268 0 0.330268 1.00925e+007 8.59516e+006 0 0 0.013925 0.013925 0 0 1 0.409297 140538 57522 0 0 
1981 4 1 2 0 0 0.266924 0 0.266924 564301 495265 0 0 0.0190605 0.0190605 0 0 1 0.87187 10755.9 9377.72 0 0 
1981 4 1 3 0 0 0.266924 0 0.266924 37169.9 32622.6 0 0 0.0191565 0.0191565 0 0 1 0.94676 712.047 674.138 0 0 
1982 1 1 0 0 0 0.51054 0.00122083 0.511761 4.89008e+007 3.82752e+007 46727.6 545769 0.00845196 0.00845196 4612.82 4612.82 1 0 413308 0 0 0 
1982 1 1 1 0 0 0.43122 0.234221 0.665441 1.7805e+007 1.30025e+007 3.04546e+006 6.35051e+006 0.00886512 0.00886512 56298 56298 1 0.409297 157844 64604.9 0 0 
1982 1 1 2 0 0 0.377283 0.389262 0.766545 7.25379e+006 5.06633e+006 1.97213e+006 601581 0.0170799 0.0170799 10274.9 10274.9 1 0.87187 123894 108019 0 0 
1982 1 1 3 0 0 0.245164 0.340674 0.585839 460565 348555 118744 64879.1 0.0155033 0.0155033 1005.84 1005.84 1 0.94676 7140.27 6760.13 0 0 
1982 2 1 0 0 0 0.331179 0.00839213 0.339571 2.93131e+007 2.48547e+007 208584 818525 0.00706761 0.00706761 5785.01 5785.01 1 0 207173 0 0 0 
1982 2 1 1 0 0 0.2305 0.247851 0.478351 9.15262e+006 7.27454e+006 1.803e+006 5.02108e+006 0.0109848 0.0109848 55155.7 55155.7 1 0.409297 100540 41150.7 0 0 
1982 2 1 2 0 0 0.216607 0.787688 1.0043 3.37022e+006 2.12657e+006 1.67507e+006 1.07096e+006 0.0159531 0.0159531 17085.1 17085.1 1 0.87187 53765.5 46876.5 0 0 
1982 2 1 3 0 0 0.177491 0.763451 0.940942 256368 166129 126832 55333.3 0.0219233 0.0219233 1213.09 1213.09 1 0.94676 5620.44 5321.21 0 0 
1982 3 1 0 0 0 0.305202 0.0167723 0.321974 2.08731e+007 1.78462e+007 299323 2.53067e+006 0.00288184 0.00288184 7292.99 7292.99 1 0 60152.9 0 0 0 
1982 3 1 1 0 0 0.23122 0.100455 0.331675 5.67283e+006 4.82799e+006 484998 401839 0.00754327 0.00754327 3031.18 3031.18 1 0.409297 42791.7 17514.5 0 0 
1982 3 1 2 0 0 0.181968 0.220359 0.402327 1.23452e+006 1.01639e+006 223971 46913.2 0.0115244 0.0115244 540.647 540.647 1 0.87187 14227.1 12404.2 0 0 
1982 3 1 3 0 0 0.181968 0.511682 0.69365 100050 72155 36920.4 3525.28 0.0174052 0.0174052 61.3581 61.3581 1 0.94676 1741.39 1648.68 0 0 
1982 4 1 0 0 0 0.317977 0 0.317977 1.51271e+007 1.29579e+007 0 0 0.00442351 0.00442351 0 0 1 0 66914.8 0 0 0 
1982 4 1 1 0 0 0.276865 0 0.276865 4.07151e+006 3.55648e+006 0 0 0.0078101 0.0078101 0 0 1 0.409297 31798.9 13015.2 0 0 
1982 4 1 2 0 0 0.205364 0 0.205364 825601 746344 0 0 0.0113901 0.0113901 0 0 1 0.87187 9403.71 8198.81 0 0 
1982 4 1 3 0 0 0.205364 0 0.205364 50000 45200.1 0 0 0.0159837 0.0159837 0 0 1 0.94676 799.186 756.637 0 0 
1983 1 1 0 0 0 0.53243 0.00202875 0.534458 6.83857e+007 5.29744e+007 107472 5.61373e+006 0.00443297 0.00443297 24885.5 24885.5 1 0 303152 0 0 0 
1983 1 1 1 0 0 0.428794 0.389222 0.818016 1.10068e+007 7.51748e+006 2.92597e+006 2.81924e+006 0.00917471 0.00917471 25865.7 25865.7 1 0.409297 100984 41332.4 0 0 
1983 1 1 2 0 0 0.348733 0.646865 0.995598 3.08684e+006 1.95485e+006 1.26452e+006 969599 0.0128073 0.0128073 12417.9 12417.9 1 0.87187 39534.1 34468.5 0 0 
1983 1 1 3 0 0 0.224112 0.566123 0.790235 713047 492904 279045 155653 0.0152356 0.0152356 2371.46 2371.46 1 0.94676 10863.7 10285.3 0 0 
1983 2 1 0 0 0 0.336244 0.0139458 0.35019 4.00731e+007 3.38086e+007 471488 2.37576e+006 0.00420334 0.00420334 9986.14 9986.14 1 0 168441 0 0 0 
1983 2 1 1 0 0 0.235145 0.411873 0.647017 4.85736e+006 3.57644e+006 1.47304e+006 1.33433e+006 0.01236 0.01236 16492.4 16492.4 1 0.409297 60037 24572.9 0 0 
1983 2 1 2 0 0 0.217321 1.30896 1.52628 1.1406e+006 584883 765588 588678 0.01689 0.01689 9942.79 9942.79 1 0.87187 19264.7 16796.3 0 0 
1983 2 1 3 0 0 0.1939 1.26868 1.46258 323536 169969 215636 91111.6 0.0210913 0.0210913 1921.67 1921.67 1 0.94676 6823.82 6460.52 0 0 
1983 3 1 0 0 0 0.296155 0.0278718 0.324026 2.82337e+007 2.4116e+007 672156 1.69772e+006 0.00344365 0.00344365 5846.34 5846.34 1 0 97226.9 0 0 0 
1983 3 1 1 0 0 0.206617 0.166934 0.373551 2.54334e+006 2.12232e+006 354287 596857 0.00935431 0.00935431 5583.18 5583.18 1 0.409297 23791.2 9737.65 0 0 
1983 3 1 2 0 0 0.173074 0.366187 0.539261 247900 191614 70166.5 7271.29 0.0174368 0.0174368 126.788 126.788 1 0.87187 4322.59 3768.73 0 0 
1983 3 1 3 0 0 0.173074 0.850299 1.02337 74943 46913.5 39890.5 0 0.0163373 0.0163373 0 0 1 0.94676 1224.37 1159.18 0 0 
1983 4 1 0 0 0 0.312254 0 0.312254 2.04195e+007 1.75389e+007 0 0 0.00377935 0.00377935 0 0 1 0 77172.4 0 0 0 
1983 4 1 1 0 0 0.25944 0 0.25944 1.75055e+006 1.54189e+006 0 0 0.00930023 0.00930023 0 0 1 0.409297 16280.5 6663.54 0 0 
1983 4 1 2 0 0 0.168333 0 0.168333 144570 133057 0 0 0.0126994 0.0126994 0 0 1 0.87187 1835.95 1600.71 0 0 
1983 4 1 3 0 0 0.168333 0 0.168333 26933.1 24788.3 0 0 0.0156097 0.0156097 0 0 1 0.94676 420.418 398.035 0 0 
1984 1 1 0 0 0 0.53859 0.00114883 0.539738 3.39527e+007 2.6238e+007 30143 954757 0.00595454 0.00595454 5685.14 5685.14 1 0 202173 0 0 0 
1984 1 1 1 0 0 0.425435 0.220407 0.645842 1.49429e+007 1.10081e+007 2.42627e+006 6.47502e+006 0.0080944 0.0080944 52411.4 52411.4 1 0.409297 120954 49505.9 0 0 
1984 1 1 2 0 0 0.287161 0.366304 0.653465 1.35052e+006 991521 363198 417235 0.0120642 0.0120642 5033.62 5033.62 1 0.87187 16293 14205.3 0 0 
1984 1 1 3 0 0 0.182288 0.320582 0.502871 144933 113903 36515.3 2532.43 0.016602 0.016602 42.0433 42.0433 1 0.94676 2406.17 2278.06 0 0 
1984 2 1 0 0 0 0.396569 0.00789718 0.404466 1.97911e+007 1.62778e+007 128549 521866 0.00529211 0.00529211 2761.77 2761.77 1 0 104736 0 0 0 
1984 2 1 1 0 0 0.235566 0.233234 0.468799 7.83338e+006 6.25346e+006 1.45852e+006 2.53535e+006 0.0122226 0.0122226 30988.5 30988.5 1 0.409297 95744 39187.7 0 0 
1984 2 1 2 0 0 0.209038 0.741232 0.95027 702593 453497 336147 247654 0.0167966 0.0167966 4159.76 4159.76 1 0.87187 11801.2 10289.1 0 0 
1984 2 1 3 0 0 0.189295 0.718425 0.90772 87654.1 57606.6 41386 4803.46 0.0163992 0.0163992 78.773 78.773 1 0.94676 1437.46 1360.93 0 0 
1984 3 1 0 0 0 0.308912 0.0157832 0.324695 1.32072e+007 1.12775e+007 177994 405095 0.00929202 0.00929202 3764.15 3764.15 1 0 122722 0 0 0 
1984 3 1 1 0 0 0.238539 0.0945308 0.333069 4.90176e+006 4.169e+006 394099 612407 0.013534 0.013534 8288.33 8288.33 1 0.409297 66340.5 27153 0 0 
1984 3 1 2 0 0 0.177459 0.207363 0.384822 271648 225486 46757.5 10648.2 0.019686 0.019686 209.62 209.62 1 0.87187 5347.67 4662.47 0 0 
1984 3 1 3 0 0 0.177459 0.481504 0.658963 35363.4 25899.5 12470.7 1053.12 0.019686 0.019686 20.7317 20.7317 1 0.94676 696.166 659.102 0 0 
1984 4 1 0 0 0 0.321415 0 0.321415 9.5455e+006 8.16342e+006 0 0 0.00929202 0.00929202 0 0 1 0 88696.9 0 0 0 
1984 4 1 1 0 0 0.274209 0 0.274209 3.51319e+006 3.07268e+006 0 0 0.013534 0.013534 0 0 1 0.409297 47547.6 19461.1 0 0 
1984 4 1 2 0 0 0.197272 0 0.197272 184876 167783 0 0 0.019686 0.019686 0 0 1 0.87187 3639.48 3173.15 0 0 
1984 4 1 3 0 0 0.197272 0 0.197272 18296.6 16604.9 0 0 0.019686 0.019686 0 0 1 0.94676 360.188 341.011 0 0 
1985 1 1 0 0 0 0.549244 0.00156509 0.550809 2.29547e+007 1.76499e+007 27623.6 0 0.00632446 0.00632446 0 0 1 0 145176 0 0 0 
1985 1 1 1 0 0 0.501502 0.300268 0.80177 6.92166e+006 4.76079e+006 1.42951e+006 1.30446e+006 0.00929202 0.00929202 12121 12121 1 0.409297 64316.2 26324.4 0 0 
1985 1 1 2 0 0 0.373237 0.499029 0.872265 2.67063e+006 1.78191e+006 889224 1.97203e+006 0.013534 0.013534 26689.5 26689.5 1 0.87187 36144.4 31513.2 0 0 
1985 1 1 3 0 0 0.198035 0.43674 0.634774 166798 123486 53931.4 37679.6 0.019686 0.019686 741.762 741.762 1 0.94676 3283.59 3108.78 0 0 
1985 2 1 0 0 0 0.482153 0.0107586 0.492912 1.3233e+007 1.04475e+007 112400 0 0.00510473 0.00510473 0 0 1 0 67550.9 0 0 0 
1985 2 1 1 0 0 0.276913 0.317742 0.594655 3.1046e+006 2.34023e+006 743589 576004 0.00929202 0.00929202 5352.24 5352.24 1 0.409297 28848 11807.4 0 0 
1985 2 1 2 0 0 0.251065 1.00981 1.26087 1.11633e+006 634448 640669 870780 0.013534 0.013534 11785.2 11785.2 1 0.87187 15108.5 13172.6 0 0 
1985 2 1 3 0 0 0.209864 0.978734 1.1886 88412.2 51722.8 50622.9 16638 0.019686 0.019686 327.537 327.537 1 0.94676 1740.49 1647.82 0 0 
1985 3 1 0 0 0 0.322624 0.0215019 0.344126 8.08332e+006 6.83918e+006 147056 84760.3 0.007258 0.007258 615.19 615.19 1 0 58668.7 0 0 0 
1985 3 1 1 0 0 0.248811 0.128782 0.377594 1.71297e+006 1.42671e+006 183735 215856 0.00988 0.00988 2132.66 2132.66 1 0.409297 16924.2 6927.01 0 0 
1985 3 1 2 0 0 0.177544 0.282498 0.460041 316377 253590 71638.4 150819 0.016584 0.016584 2501.18 2501.18 1 0.87187 5246.8 4574.52 0 0 
1985 3 1 3 0 0 0.177544 0.655969 0.833513 26934.6 18273.2 11986.7 14916.2 0.016584 0.016584 247.37 247.37 1 0.94676 446.683 422.902 0 0 
1985 4 1 0 0 0 0.318305 0 0.318305 5.72977e+006 4.90739e+006 0 0 0.007258 0.007258 0 0 1 0 41586.7 0 0 0 
1985 4 1 1 0 0 0.269351 0 0.269351 1.17426e+006 1.02941e+006 0 0 0.00988 0.00988 0 0 1 0.409297 11601.7 4748.53 0 0 
1985 4 1 2 0 0 0.16503 0 0.16503 199715 184106 0 0 0.016584 0.016584 0 0 1 0.87187 3312.08 2887.7 0 0 
1985 4 1 3 0 0 0.16503 0 0.16503 11703.6 10788.9 0 0 0.016584 0.016584 0 0 1 0.94676 194.093 183.759 0 0 
1986 1 1 0 0 0 0.5898 0.00131846 0.591118 7.90411e+007 5.96758e+007 78680.3 0 0.00632446 0.00632446 0 0 1 0 499892 0 0 0 
1986 1 1 1 0 0 0.533601 0.252951 0.786552 4.16773e+006 2.88562e+006 729923 177780 0.007258 0.007258 1290.32 1290.32 1 0.409297 30249.4 12381 0 0 
1986 1 1 2 0 0 0.42158 0.420391 0.841971 896987 606328 254895 452745 0.00988 0.00988 4473.12 4473.12 1 0.87187 8862.23 7726.71 0 0 
1986 1 1 3 0 0 0.254299 0.367918 0.622216 179255 133458 49101.4 347620 0.016584 0.016584 5764.93 5764.93 1 0.94676 2972.77 2814.5 0 0 
1986 2 1 0 0 0 0.452236 0.00906324 0.4613 4.37657e+007 3.50597e+007 317754 0 0.00510473 0.00510473 0 0 1 0 223412 0 0 0 
1986 2 1 1 0 0 0.313072 0.267672 0.580744 1.89803e+006 1.43974e+006 385377 156913 0.007258 0.007258 1138.87 1138.87 1 0.409297 13775.9 5638.44 0 0 
1986 2 1 2 0 0 0.287734 0.850679 1.13841 386476 230740 196286 399604 0.00988 0.00988 3948.09 3948.09 1 0.87187 3818.38 3329.13 0 0 
1986 2 1 3 0 0 0.227313 0.824504 1.05182 96216 59523.2 49077.1 306818 0.016584 0.016584 5088.27 5088.27 1 0.94676 1595.65 1510.69 0 0 
1986 3 1 0 0 0 0.345933 0.0181136 0.364047 2.75927e+007 2.3128e+007 418931 580936 0.00832891 0.00832891 4838.57 4838.57 1 0 229817 0 0 0 
1986 3 1 1 0 0 0.258365 0.108489 0.366854 1.06192e+006 888918 96437.6 58709.5 0.0163639 0.0163639 960.714 960.714 1 0.409297 17377.1 7112.37 0 0 
1986 3 1 2 0 0 0.187763 0.237981 0.425745 123799 100819 23993 740.107 0.0227716 0.0227716 16.8534 16.8534 1 0.87187 2819.09 2457.88 0 0 
1986 3 1 3 0 0 0.187763 0.552601 0.740364 33608.5 23744.1 13121 0 0.0163373 0.0163373 0 0 1 0.94676 549.072 519.84 0 0 
1986 4 1 0 0 0 0.335175 0 0.335175 1.9173e+007 1.62907e+007 0 0 0.00841202 0.00841202 0 0 1 0 161284 0 0 0 
1986 4 1 1 0 0 0.284427 0 0.284427 735814 640425 0 0 0.0155669 0.0155669 0 0 1 0.409297 11454.3 4688.22 0 0 
1986 4 1 2 0 0 0.169298 0 0.169298 80875.6 74400.1 0 0 0.0207592 0.0207592 0 0 1 0.87187 1678.91 1463.79 0 0 
1986 4 1 3 0 0 0.169298 0 0.169298 16029.2 14745.8 0 0 0.0156097 0.0156097 0 0 1 0.94676 250.212 236.891 0 0 
1987 1 1 0 0 0 0.595969 0.00045201 0.596421 4.10864e+007 3.09461e+007 13987.9 2235.66 0.00660364 0.00660364 14.7635 14.7635 1 0 271320 0 0 0 
1987 1 1 1 0 0 0.48392 0.0867196 0.570639 1.37128e+007 1.04494e+007 906164 2.25059e+006 0.00861372 0.00861372 19385.9 19385.9 1 0.409297 118118 48345.4 0 0 
1987 1 1 2 0 0 0.442989 0.144123 0.587112 553659 418767 60354 128512 0.0117123 0.0117123 1505.18 1505.18 1 0.87187 6484.64 5653.76 0 0 
1987 1 1 3 0 0 0.256327 0.126134 0.38246 81812.7 67985.1 8575.21 2524.94 0.0153219 0.0153219 38.687 38.687 1 0.94676 1253.53 1186.79 0 0 
1987 2 1 0 0 0 0.470381 0.00310716 0.473488 2.26296e+007 1.80264e+007 56010.9 49450.8 0.00603803 0.00603803 298.585 298.585 1 0 136638 0 0 0 
1987 2 1 1 0 0 0.315341 0.0917662 0.407107 7.74997e+006 6.36639e+006 584219 1.79026e+006 0.00931837 0.00931837 16682.3 16682.3 1 0.409297 72217.1 29558.2 0 0 
1987 2 1 2 0 0 0.299159 0.291639 0.590798 307796 232419 67782.4 267597 0.0112405 0.0112405 3007.92 3007.92 1 0.87187 3459.77 3016.47 0 0 
1987 2 1 3 0 0 0.231661 0.282666 0.514327 55811 43632.7 12333.5 977.552 0.0165147 0.0165147 16.1439 16.1439 1 0.94676 921.7 872.629 0 0 
1987 3 1 0 0 0 0.356337 0.00620991 0.362547 1.40943e+007 1.1822e+007 73413.9 209788 0.00638262 0.00638262 1339 1339 1 0 89958.4 0 0 0 
1987 3 1 1 0 0 0.21664 0.0371933 0.253833 5.15817e+006 4.55556e+006 169436 826994 0.01254 0.01254 10370.5 10370.5 1 0.409297 64683.3 26474.7 0 0 
1987 3 1 2 0 0 0.190032 0.0815873 0.27162 170484 149292 12180.3 34626.1 0.0174503 0.0174503 604.236 604.236 1 0.87187 2975 2593.81 0 0 
1987 3 1 3 0 0 0.190032 0.189449 0.379481 33369.6 27768.4 5260.68 32980.3 0.020568 0.020568 678.338 678.338 1 0.94676 686.345 649.804 0 0 
1987 4 1 0 0 0 0.33788 0 0.33788 9.80823e+006 8.3231e+006 0 0 0.0067756 0.0067756 0 0 1 0 66456.7 0 0 0 
1987 4 1 1 0 0 0.281015 0 0.281015 4.00182e+006 3.4887e+006 0 0 0.0125386 0.0125386 0 0 1 0.409297 50177.3 20537.4 0 0 
1987 4 1 2 0 0 0.184638 0 0.184638 129933 118643 0 0 0.0167208 0.0167208 0 0 1 0.87187 2172.59 1894.21 0 0 
1987 4 1 3 0 0 0.184638 0 0.184638 22832 20848.1 0 0 0.0188683 0.0188683 0 0 1 0.94676 430.8 407.865 0 0 
1988 1 1 0 0 0 0.621511 0.0015712 0.623082 6.23712e+007 4.6418e+007 72932.1 4.08294e+006 0.00422568 0.00422568 17253.2 17253.2 1 0 263561 0 0 0 
1988 1 1 1 0 0 0.501738 0.301441 0.803178 6.99602e+006 4.809e+006 1.44963e+006 2.09691e+006 0.00879222 0.00879222 18436.5 18436.5 1 0.409297 61510.6 25176.1 0 0 
1988 1 1 2 0 0 0.455183 0.500978 0.956161 3.02144e+006 1.94539e+006 974596 2.83005e+006 0.011528 0.011528 32624.8 32624.8 1 0.87187 34831.1 30368.2 0 0 
1988 1 1 3 0 0 0.258401 0.438445 0.696846 127010 91468.3 40103.8 42363.6 0.0138178 0.0138178 585.374 585.374 1 0.94676 1755 1661.56 0 0 
1988 2 1 0 0 0 0.492799 0.0108006 0.5036 3.3449e+007 2.62789e+007 283828 1.16396e+006 0.00462467 0.00462467 5382.95 5382.95 1 0 154690 0 0 0 
1988 2 1 1 0 0 0.341759 0.318983 0.660742 3.13354e+006 2.29313e+006 731470 314106 0.00852519 0.00852519 2677.81 2677.81 1 0.409297 26714 10934 0 0 
1988 2 1 2 0 0 0.315701 1.01375 1.32945 1.16134e+006 642388 651220 527986 0.0113396 0.0113396 5987.15 5987.15 1 0.87187 13169.1 11481.8 0 0 
1988 2 1 3 0 0 0.27029 0.982557 1.25285 63270.4 36073.5 35444.3 11525.7 0.0137121 0.0137121 158.041 158.041 1 0.94676 867.569 821.38 0 0 
1988 3 1 0 0 0 0.371404 0.0215859 0.39299 2.02149e+007 1.67158e+007 360825 1.8177e+006 0.00515108 0.00515108 9363.12 9363.12 1 0 104129 0 0 0 
1988 3 1 1 0 0 0.238469 0.129285 0.367755 1.61837e+006 1.35415e+006 175072 637489 0.0131863 0.0131863 8406.1 8406.1 1 0.409297 21340.3 8734.52 0 0 
1988 3 1 2 0 0 0.220013 0.283601 0.503614 307317 241439 68472.3 129384 0.0207969 0.0207969 2690.78 2690.78 1 0.87187 6391.23 5572.32 0 0 
1988 3 1 3 0 0 0.220013 0.658531 0.878544 18075.7 12028.2 7920.94 5490.82 0.0157663 0.0157663 86.5698 86.5698 1 0.94676 284.987 269.814 0 0 
1988 4 1 0 0 0 0.361354 0 0.361354 1.36458e+007 1.14523e+007 0 0 0.00629891 0.00629891 0 0 1 0 85953.6 0 0 0 
1988 4 1 1 0 0 0.301406 0 0.301406 1.12038e+006 967293 0 0 0.0116565 0.0116565 0 0 1 0.409297 13059.6 5345.27 0 0 
1988 4 1 2 0 0 0.232579 0 0.232579 185725 165708 0 0 0.0155444 0.0155444 0 0 1 0.87187 2886.98 2517.07 0 0 
1988 4 1 3 0 0 0.232579 0 0.232579 7508.42 6699.2 0 0 0.0175408 0.0175408 0 0 1 0.94676 131.704 124.692 0 0 
1989 1 1 0 0 0 0.603473 0.000356134 0.603829 5.58312e+007 4.19117e+007 14926.2 12451.4 0.00539995 0.00539995 67.2371 67.2371 1 0 301486 0 0 0 
1989 1 1 1 0 0 0.509177 0.0683256 0.577503 9.50747e+006 7.22238e+006 493473 1.70682e+006 0.00861001 0.00861001 14695.8 14695.8 1 0.409297 81859.5 33504.8 0 0 
1989 1 1 2 0 0 0.433367 0.113553 0.546921 828831 638415 72494.1 3.61384e+006 0.00992636 0.00992636 35872.3 35872.3 1 0.87187 8227.28 7173.11 0 0 
1989 1 1 3 0 0 0.214092 0.0993795 0.313472 153135 131456 13064 5716.04 0.0170246 0.0170246 97.3133 97.3133 1 0.94676 2607.05 2468.26 0 0 
1989 2 1 0 0 0 0.525328 0.0024481 0.527776 3.05237e+007 2.37171e+007 58061.8 783.394 0.00443437 0.00443437 3.47386 3.47386 1 0 135353 0 0 0 
1989 2 1 1 0 0 0.332108 0.0723018 0.404409 5.33653e+006 4.38933e+006 317356 76414.6 0.00817439 0.00817439 624.643 624.643 1 0.409297 43622.9 17854.7 0 0 
1989 2 1 2 0 0 0.293839 0.22978 0.523619 479669 373413 85802.7 88925 0.010873 0.010873 966.88 966.88 1 0.87187 5215.43 4547.18 0 0 
1989 2 1 3 0 0 0.260897 0.22271 0.483607 111927 88745.1 19764.4 341.854 0.0130368 0.0130368 4.4567 4.4567 1 0.94676 1459.17 1381.49 0 0 
1989 3 1 0 0 0 0.356062 0.00489273 0.360955 1.80064e+007 1.51148e+007 73952.6 469458 0.00476114 0.00476114 2235.15 2235.15 1 0 85731 0 0 0 
1989 3 1 1 0 0 0.228407 0.0293043 0.257711 3.56144e+006 3.13954e+006 92001.8 416920 0.00772457 0.00772457 3220.53 3220.53 1 0.409297 27510.6 11260 0 0 
1989 3 1 2 0 0 0.221288 0.0642819 0.28557 284143 247173 15888.7 34789.2 0.012501 0.012501 434.899 434.899 1 0.87187 3552.06 3096.93 0 0 
1989 3 1 3 0 0 0.221288 0.149265 0.370553 69009.2 57666.6 8607.59 12751.5 0.0154913 0.0154913 197.537 197.537 1 0.94676 1069.04 1012.13 0 0 
1989 4 1 0 0 0 0.374166 0 0.374166 1.25507e+007 1.047e+007 0 0 0.00464678 0.00464678 0 0 1 0 58320.2 0 0 0 
1989 4 1 1 0 0 0.311822 0 0.311822 2.75235e+006 2.36456e+006 0 0 0.00859911 0.00859911 0 0 1 0.409297 23667.7 9687.13 0 0 
1989 4 1 2 0 0 0.281377 0 0.281377 213558 186143 0 0 0.0114673 0.0114673 0 0 1 0.87187 2448.93 2135.15 0 0 
1989 4 1 3 0 0 0.281377 0 0.281377 47640.6 41524.9 0 0 0.01294 0.01294 0 0 1 0.94676 616.472 583.651 0 0 
1990 1 1 0 0 0 0.517795 0.00187515 0.51967 7.49585e+007 5.84591e+007 109619 1567.63 0.00458878 0.00458878 7.19351 7.19351 1 0 343968 0 0 0 
1990 1 1 1 0 0 0.488955 0.359753 0.848708 8.63313e+006 5.81876e+006 2.09332e+006 2.63307e+006 0.00697467 0.00697467 18364.8 18364.8 1 0.409297 60213.2 24645.1 0 0 
1990 1 1 2 0 0 0.402378 0.597889 1.00027 2.01503e+006 1.2736e+006 761470 2.23421e+006 0.00915607 0.00915607 20456.6 20456.6 1 0.87187 18449.7 16085.8 0 0 
1990 1 1 3 0 0 0.244267 0.52326 0.767527 197138 137630 72016.1 342514 0.0115389 0.0115389 3952.24 3952.24 1 0.94676 2274.75 2153.65 0 0 
1990 2 1 0 0 0 0.495609 0.0128899 0.508499 4.45791e+007 3.49447e+007 450434 1225.28 0.00376689 0.00376689 4.6155 4.6155 1 0 167925 0 0 0 
1990 2 1 1 0 0 0.330659 0.380689 0.711348 3.6947e+006 2.64381e+006 1.00647e+006 2.05804e+006 0.00694395 0.00694395 14290.9 14290.9 1 0.409297 25655.8 10500.8 0 0 
1990 2 1 2 0 0 0.283153 1.20985 1.49301 741088 384840 465600 1.74629e+006 0.00923635 0.00923635 16129.3 16129.3 1 0.87187 6844.95 5967.9 0 0 
1990 2 1 3 0 0 0.260577 1.17263 1.4332 91503.3 48615.4 57007.8 267714 0.0113268 0.0113268 3032.35 3032.35 1 0.94676 1036.44 981.263 0 0 
1990 3 1 0 0 0 0.336944 0.0257616 0.362705 2.68098e+007 2.24859e+007 579272 291837 0.00444372 0.00444372 1296.84 1296.84 1 0 119135 0 0 0 
1990 3 1 1 0 0 0.260108 0.154295 0.414403 1.81403e+006 1.48512e+006 229146 62050.2 0.00987506 0.00987506 612.749 612.749 1 0.409297 17913.7 7332 0 0 
1990 3 1 2 0 0 0.249011 0.338462 0.587473 166519 125929 42622 1941.19 0.0133492 0.0133492 25.9132 25.9132 1 0.87187 2222.9 1938.08 0 0 
1990 3 1 3 0 0 0.249011 0.78592 1.03493 21827.5 13598.3 10687.2 428.507 0.0155901 0.0155901 6.68046 6.68046 1 0.94676 340.293 322.176 0 0 
1990 4 1 0 0 0 0.386954 0 0.386954 1.8654e+007 1.54686e+007 0 0 0.00483396 0.00483396 0 0 1 0 90172.7 0 0 0 
1990 4 1 1 0 0 0.318591 0 0.318591 1.19859e+006 1.02642e+006 0 0 0.00894549 0.00894549 0 0 1 0.409297 10722 4388.48 0 0 
1990 4 1 2 0 0 0.286781 0 0.286781 92539.9 80453 0 0 0.0119292 0.0119292 0 0 1 0.87187 1103.93 962.483 0 0 
1990 4 1 3 0 0 0.286781 0 0.286781 7754.24 6741.44 0 0 0.0134613 0.0134613 0 0 1 0.94676 104.382 98.8249 0 0 
1991 1 1 0 0 0 0.462205 0.000854408 0.463059 1.12653e+008 9.01703e+007 77042.2 40503.7 0.0127964 0.0127964 518.3 518.3 1 0 1.44155e+006 0 0 0 
1991 1 1 1 0 0 0.423101 0.163921 0.587022 1.26683e+007 9.58225e+006 1.57073e+006 1.68427e+006 0.0143067 0.0143067 24096.3 24096.3 1 0.409297 181242 74181.8 0 0 
1991 1 1 2 0 0 0.32012 0.272428 0.592547 871584 657619 179154 2.41675e+006 0.0154224 0.0154224 37272 37272 1 0.87187 13441.9 11719.6 0 0 
1991 1 1 3 0 0 0.26302 0.238423 0.501443 75288.4 59208.2 14116.6 8159.07 0.0167893 0.0167893 136.985 136.985 1 0.94676 1264.04 1196.74 0 0 
1991 2 1 0 0 0 0.395548 0.00587328 0.401422 7.08987e+007 5.83959e+007 342976 1.55232e+006 0.00475661 0.00475661 7383.77 7383.77 1 0 337238 0 0 0 
1991 2 1 1 0 0 0.269299 0.17346 0.44276 7.04335e+006 5.69085e+006 987136 2.93672e+006 0.0146078 0.0146078 42898.9 42898.9 1 0.409297 102888 42111.6 0 0 
1991 2 1 2 0 0 0.231839 0.551269 0.783107 481914 334165 184215 614233 0.0188704 0.0188704 11590.8 11590.8 1 0.87187 9093.91 7928.7 0 0 
1991 2 1 3 0 0 0.211125 0.534306 0.745431 45598.9 32143.6 17174.5 9586.64 0.0168115 0.0168115 161.166 161.166 1 0.94676 766.585 725.773 0 0 
1991 3 1 0 0 0 0.310369 0.0117382 0.322108 4.74573e+007 4.05727e+007 476252 208352 0.00522649 0.00522649 1088.95 1088.95 1 0 248035 0 0 0 
1991 3 1 1 0 0 0.263734 0.0703043 0.334038 4.52367e+006 3.84568e+006 270368 64565 0.0100855 0.0100855 651.168 651.168 1 0.409297 45623.3 18673.5 0 0 
1991 3 1 2 0 0 0.223471 0.15422 0.37769 220227 183415 28286.2 1036.31 0.0147083 0.0147083 15.2425 15.2425 1 0.87187 3239.17 2824.14 0 0 
1991 3 1 3 0 0 0.223471 0.358104 0.581574 21638 16407.2 5875.47 99.4865 0.0171642 0.0171642 1.7076 1.7076 1 0.94676 371.399 351.626 0 0 
1991 4 1 0 0 0 0.388891 0 0.388891 3.43885e+007 2.84905e+007 0 0 0.00617483 0.00617483 0 0 1 0 212343 0 0 0 
1991 4 1 1 0 0 0.320111 0 0.320111 3.23907e+006 2.7718e+006 0 0 0.0117664 0.0117664 0 0 1 0.409297 38112.1 15599.2 0 0 
1991 4 1 2 0 0 0.287164 0 0.287164 150953 131213 0 0 0.0152309 0.0152309 0 0 1 0.87187 2299.14 2004.55 0 0 
1991 4 1 3 0 0 0.287164 0 0.287164 12096 10514.2 0 0 0.0186252 0.0186252 0 0 1 0.94676 225.29 213.296 0 0 
1992 1 1 0 0 0 0.410086 0.00100467 0.411091 1.03152e+008 8.45794e+007 84974.6 18947.6 0.0081119 0.0081119 153.701 153.701 1 0 836760 0 0 0 
1992 1 1 1 0 0 0.360024 0.19275 0.552773 2.33088e+007 1.79061e+007 3.45141e+006 9.69546e+006 0.00991013 0.00991013 96083.3 96083.3 1 0.409297 230993 94544.8 0 0 
1992 1 1 2 0 0 0.281406 0.320339 0.601746 2.35179e+006 1.76711e+006 566074 1.31532e+006 0.0123815 0.0123815 16285.7 16285.7 1 0.87187 29118.6 25387.6 0 0 
1992 1 1 3 0 0 0.254797 0.280354 0.535151 122350 94747.4 26562.9 177584 0.0147859 0.0147859 2625.73 2625.73 1 0.94676 1809.05 1712.74 0 0 
1992 2 1 0 0 0 0.312049 0.00690622 0.318956 6.83823e+007 5.85494e+007 404355 222991 0.00578898 0.00578898 1290.89 1290.89 1 0 395864 0 0 0 
1992 2 1 1 0 0 0.226749 0.203967 0.430716 1.34108e+007 1.08962e+007 2.22247e+006 1.18513e+006 0.0120576 0.0120576 14289.9 14289.9 1 0.409297 161702 66184.2 0 0 
1992 2 1 2 0 0 0.203566 0.64822 0.851786 1.28844e+006 867263 562177 132166 0.0152769 0.0152769 2019.08 2019.08 1 0.87187 19683.3 17161.2 0 0 
1992 2 1 3 0 0 0.180107 0.628275 0.808382 71645.8 49137.6 30871.9 16491 0.0177653 0.0177653 292.967 292.967 1 0.94676 1272.81 1205.04 0 0 
1992 3 1 0 0 0 0.293929 0.0138026 0.307732 4.97076e+007 4.2787e+007 590574 1.27987e+006 0.00351798 0.00351798 4502.58 4502.58 1 0 174871 0 0 0 
1992 3 1 1 0 0 0.275143 0.0826687 0.357811 8.71758e+006 7.32846e+006 605834 1.58395e+006 0.00958041 0.00958041 15174.9 15174.9 1 0.409297 83518 34183.7 0 0 
1992 3 1 2 0 0 0.212169 0.181342 0.393511 549714 454449 82411 259251 0.0140707 0.0140707 3647.84 3647.84 1 0.87187 7734.85 6743.78 0 0 
1992 3 1 3 0 0 0.212169 0.421083 0.633252 31923.8 23650.4 9958.78 5821.12 0.0178924 0.0178924 104.154 104.154 1 0.94676 571.192 540.782 0 0 
1992 4 1 0 0 0 0.370705 0 0.370705 3.65407e+007 3.05326e+007 0 0 0.00422159 0.00422159 0 0 1 0 154260 0 0 0 
1992 4 1 1 0 0 0.299034 0 0.299034 6.09538e+006 5.26845e+006 0 0 0.00781228 0.00781228 0 0 1 0.409297 47618.8 19490.2 0 0 
1992 4 1 2 0 0 0.270242 0 0.270242 370883 324994 0 0 0.010418 0.010418 0 0 1 0.87187 3863.88 3368.8 0 0 
1992 4 1 3 0 0 0.270242 0 0.270242 16947.2 14850.3 0 0 0.011756 0.011756 0 0 1 0.94676 199.231 188.624 0 0 
1993 1 1 0 0 0 0.455503 0.00194759 0.45745 1.50158e+008 1.20502e+008 234690 264173 0.00647918 0.00647918 1711.62 1711.62 1 0 972904 0 0 0 
1993 1 1 1 0 0 0.413747 0.373653 0.7874 2.52221e+007 1.74567e+007 6.52273e+006 3.02687e+006 0.0108888 0.0108888 32959.1 32959.1 1 0.409297 274640 112409 0 0 
1993 1 1 2 0 0 0.340245 0.620989 0.961234 4.51993e+006 2.90399e+006 1.80335e+006 5.33904e+006 0.0123254 0.0123254 65805.9 65805.9 1 0.87187 55710 48571.8 0 0 
1993 1 1 3 0 0 0.303312 0.543477 0.846789 295990 199663 108512 247839 0.013751 0.013751 3408.05 3408.05 1 0.94676 4070.17 3853.48 0 0 
1993 2 1 0 0 0 0.238336 0.013388 0.251724 9.50346e+007 8.40169e+007 1.12481e+006 1.44132e+006 0.00754847 0.00754847 10879.7 10879.7 1 0 717366 0 0 0 
1993 2 1 1 0 0 0.208602 0.395397 0.603999 1.14767e+007 8.61476e+006 3.40625e+006 4.91145e+006 0.0106624 0.0106624 52368.1 52368.1 1 0.409297 122370 50085.7 0 0 
1993 2 1 2 0 0 0.189577 1.2566 1.44617 1.72851e+006 913791 1.14827e+006 1.32444e+006 0.0135048 0.0135048 17886.3 17886.3 1 0.87187 23343.2 20352.2 0 0 
1993 2 1 3 0 0 0.173371 1.21793 1.3913 126917 68530.4 83465.5 31435.3 0.0164225 0.0164225 516.246 516.246 1 0.94676 2084.3 1973.33 0 0 
1993 3 1 0 0 0 0.272194 0.0267569 0.298951 7.38855e+007 6.38644e+007 1.70881e+006 1.86784e+006 0.00224868 0.00224868 4200.17 4200.17 1 0 166145 0 0 0 
1993 3 1 1 0 0 0.253045 0.160256 0.413301 6.27343e+006 5.13859e+006 823492 1.81951e+006 0.00797423 0.00797423 14509.2 14509.2 1 0.409297 50025.8 20475.4 0 0 
1993 3 1 2 0 0 0.19211 0.351539 0.543648 407012 313972 110373 338969 0.0116049 0.0116049 3933.69 3933.69 1 0.87187 4723.32 4118.12 0 0 
1993 3 1 3 0 0 0.19211 0.816285 1.00839 31570.8 19886.7 16233.2 43965.3 0.0152274 0.0152274 669.476 669.476 1 0.94676 480.74 455.146 0 0 
1993 4 1 0 0 0 0.347464 0 0.347464 5.47932e+007 4.62869e+007 0 0 0.00229356 0.00229356 0 0 1 0 125671 0 0 0 
1993 4 1 1 0 0 0.274357 0 0.274357 4.14964e+006 3.62907e+006 0 0 0.0128388 0.0128388 0 0 1 0.409297 53276.2 21805.8 0 0 
1993 4 1 2 0 0 0.243935 0 0.243935 236322 209706 0 0 0.0154339 0.0154339 0 0 1 0.87187 3647.36 3180.03 0 0 
1993 4 1 3 0 0 0.243935 0 0.243935 11517.2 10220 0 0 0.0133951 0.0133951 0 0 1 0.94676 154.273 146.06 0 0 
1994 1 1 0 0 0 0.502423 0.00083365 0.503256 1.3045e+008 1.02503e+008 85451.8 445326 0.00677126 0.00677126 3015.42 3015.42 1 0 883312 0 0 0 
1994 1 1 1 0 0 0.446483 0.159939 0.606422 3.87101e+007 2.90253e+007 4.64226e+006 4.07205e+007 0.00667847 0.00667847 271951 271951 1 0.409297 258525 105813 0 0 
1994 1 1 2 0 0 0.348089 0.265809 0.613898 3.15398e+006 2.35695e+006 626499 516854 0.00953695 0.00953695 4929.22 4929.22 1 0.87187 30079.3 26225.3 0 0 
1994 1 1 3 0 0 0.336509 0.232631 0.56914 194191 148077 34447.3 100737 0.012859 0.012859 1295.37 1295.37 1 0.94676 2497.1 2364.16 0 0 
1994 2 1 0 0 0 0.292317 0.00573059 0.298048 7.88649e+007 6.81977e+007 390813 1.8561e+006 0.00867325 0.00867325 16098.4 16098.4 1 0 684015 0 0 0 
1994 2 1 1 0 0 0.223323 0.169246 0.392569 2.11086e+007 1.74582e+007 2.95473e+006 7.14662e+006 0.0103881 0.0103881 74239.6 74239.6 1 0.409297 219277 89749.6 0 0 
1994 2 1 2 0 0 0.196673 0.537875 0.734548 1.70705e+006 1.2091e+006 650344 1.45566e+006 0.0125109 0.0125109 18211.6 18211.6 1 0.87187 21356.7 18620.3 0 0 
1994 2 1 3 0 0 0.181539 0.521325 0.702864 109915 78946.6 41156.8 142774 0.0150508 0.0150508 2148.87 2148.87 1 0.94676 1654.31 1566.23 0 0 
1994 3 1 0 0 0 0.257639 0.0114531 0.269092 5.85387e+007 5.13239e+007 587816 818875 0.00295739 0.00295739 2421.74 2421.74 1 0 173122 0 0 0 
1994 3 1 1 0 0 0.219491 0.0685963 0.288088 1.4255e+007 1.23855e+007 849596 2.93636e+006 0.00821695 0.00821695 24127.9 24127.9 1 0.409297 117133 47942.2 0 0 
1994 3 1 2 0 0 0.19017 0.150473 0.340643 818910 694007 104429 559871 0.00973146 0.00973146 5448.37 5448.37 1 0.87187 7969.19 6948.09 0 0 
1994 3 1 3 0 0 0.19017 0.349404 0.539574 54425.8 42062.4 14696.7 22812.9 0.0139542 0.0139542 318.336 318.336 1 0.94676 759.468 719.034 0 0 
1994 4 1 0 0 0 0.317757 0 0.317757 4.47278e+007 3.8318e+007 0 0 0.00379007 0.00379007 0 0 1 0 169522 0 0 0 
1994 4 1 1 0 0 0.247762 0 0.247762 1.0687e+007 9.46593e+006 0 0 0.00676408 0.00676408 0 0 1 0.409297 72287.4 29587 0 0 
1994 4 1 2 0 0 0.222902 0 0.222902 582501 522147 0 0 0.00899952 0.00899952 0 0 1 0.87187 5242.23 4570.54 0 0 
1994 4 1 3 0 0 0.222902 0 0.222902 31730.1 28442.5 0 0 0.0131288 0.0131288 0 0 1 0.94676 416.579 394.4 0 0 
1995 1 1 0 0 0 0.512057 0.00182416 0.513881 3.61653e+007 2.82795e+007 51586.3 170693 0.00316061 0.00316061 539.494 539.494 1 0 114304 0 0 0 
1995 1 1 1 0 0 0.459509 0.349971 0.809479 3.2552e+007 2.23149e+007 7.80955e+006 2.44666e+007 0.00820571 0.00820571 200766 200766 1 0.409297 267112 109328 0 0 
1995 1 1 2 0 0 0.338474 0.581632 0.920106 8.34165e+006 5.45339e+006 3.17186e+006 3.1924e+006 0.0116588 0.0116588 37219.5 37219.5 1 0.87187 97253.7 84792.6 0 0 
1995 1 1 3 0 0 0.307561 0.509032 0.816593 491504 335897 170982 371759 0.0121354 0.0121354 4511.45 4511.45 1 0.94676 5964.61 5647.05 0 0 
1995 2 1 0 0 0 0.290219 0.0125394 0.302758 2.1633e+007 1.86651e+007 234050 612010 0.00506497 0.00506497 3099.81 3099.81 1 0 109570 0 0 0 
1995 2 1 1 0 0 0.223147 0.370337 0.593484 1.44886e+007 1.09272e+007 4.04673e+006 8.62052e+006 0.0101217 0.0101217 87254.5 87254.5 1 0.409297 146649 60023.1 0 0 
1995 2 1 2 0 0 0.195421 1.17696 1.37238 3.32395e+006 1.80805e+006 2.12799e+006 2.86327e+006 0.0133065 0.0133065 38100.1 38100.1 1 0.87187 44230.2 38563 0 0 
1995 2 1 3 0 0 0.181516 1.14074 1.32226 217212 120490 137447 505875 0.0155061 0.0155061 7844.13 7844.13 1 0.94676 3368.11 3188.8 0 0 
1995 3 1 0 0 0 0.22194 0.0250611 0.247001 1.5982e+007 1.41611e+007 354893 1.79767e+006 0.00836985 0.00836985 15046.2 15046.2 1 0 133767 0 0 0 
1995 3 1 1 0 0 0.190791 0.150099 0.340891 8.00347e+006 6.78197e+006 1.01797e+006 4.48822e+006 0.00964464 0.00964464 43287.3 43287.3 1 0.409297 77190.6 31593.9 0 0 
1995 3 1 2 0 0 0.17799 0.329259 0.507248 842635 660903 217608 533786 0.0128588 0.0128588 6863.83 6863.83 1 0.87187 10835.3 9446.94 0 0 
1995 3 1 3 0 0 0.17799 0.76455 0.942539 57894.3 37490.8 28663.6 128194 0.0157815 0.0157815 2023.09 2023.09 1 0.94676 913.662 865.019 0 0 
1995 4 1 0 0 0 0.26464 0 0.26464 1.24842e+007 1.09688e+007 0 0 0.00577367 0.00577367 0 0 1 0 72079.4 0 0 0 
1995 4 1 1 0 0 0.210947 0 0.210947 5.69156e+006 5.13133e+006 0 0 0.0106845 0.0106845 0 0 1 0.409297 60811.4 24889.9 0 0 
1995 4 1 2 0 0 0.189647 0 0.189647 507393 462183 0 0 0.0142483 0.0142483 0 0 1 0.87187 7229.47 6303.15 0 0 
1995 4 1 3 0 0 0.189647 0 0.189647 22557.8 20547.8 0 0 0.0160781 0.0160781 0 0 1 0.94676 362.687 343.378 0 0 
1996 1 1 0 0 0 0.504177 0.00165827 0.505836 6.00758e+007 4.71497e+007 78186.9 299367 0.00713365 0.00713365 2135.58 2135.58 1 0 428560 0 0 0 
1996 1 1 1 0 0 0.395163 0.318145 0.713308 9.58136e+006 6.85019e+006 2.17935e+006 233497 0.0108427 0.0108427 2531.74 2531.74 1 0.409297 103888 42521 0 0 
1996 1 1 2 0 0 0.263233 0.528739 0.791971 4.60912e+006 3.18372e+006 1.68336e+006 816511 0.0142339 0.0142339 11622.1 11622.1 1 0.87187 65605.8 57199.7 0 0 
1996 1 1 3 0 0 0.213993 0.462741 0.676734 438402 318550 147406 286503 0.0174577 0.0174577 5001.68 5001.68 1 0.94676 7653.5 7246.03 0 0 
1996 2 1 0 0 0 0.363139 0.0113991 0.374538 3.62258e+007 3.02151e+007 344425 1.08365e+006 0.00790492 0.00790492 8566.2 8566.2 1 0 286362 0 0 0 
1996 2 1 1 0 0 0.227084 0.336659 0.563743 4.69506e+006 3.58891e+006 1.20824e+006 776795 0.011496 0.011496 8930.01 8930.01 1 0.409297 53974.3 22091.5 0 0 
1996 2 1 2 0 0 0.201776 1.06992 1.2717 2.08771e+006 1.18142e+006 1.26403e+006 2.20863e+006 0.0150325 0.0150325 33201.3 33201.3 1 0.87187 31383.5 27362.4 0 0 
1996 2 1 3 0 0 0.17663 1.037 1.21363 222829 129053 133828 911256 0.0168613 0.0168613 15365 15365 1 0.94676 3757.18 3557.15 0 0 
1996 3 1 0 0 0 0.214791 0.022782 0.237573 2.49091e+007 2.21713e+007 505107 1.67074e+006 0.00291009 0.00291009 4862 4862 1 0 72487.6 0 0 0 
1996 3 1 1 0 0 0.171346 0.13645 0.307796 2.67184e+006 2.29978e+006 313804 289815 0.00615487 0.00615487 1783.78 1783.78 1 0.409297 16444.9 6730.83 0 0 
1996 3 1 2 0 0 0.150992 0.299316 0.450308 585298 471256 141055 113580 0.00866848 0.00866848 984.564 984.564 1 0.87187 5073.64 4423.56 0 0 
1996 3 1 3 0 0 0.150992 0.695022 0.846014 66205.8 44674.8 31049.9 49534.1 0.0103458 0.0103458 512.471 512.471 1 0.94676 684.954 648.488 0 0 
1996 4 1 0 0 0 0.237941 0 0.237941 1.96418e+007 1.74798e+007 0 0 0.00310564 0.00310564 0 0 1 0 61000.4 0 0 0 
1996 4 1 1 0 0 0.194827 0 0.194827 1.96398e+006 1.78451e+006 0 0 0.00574715 0.00574715 0 0 1 0.409297 11287.3 4619.85 0 0 
1996 4 1 2 0 0 0.156129 0 0.156129 373088 345421 0 0 0.00766409 0.00766409 0 0 1 0.87187 2859.38 2493.01 0 0 
1996 4 1 3 0 0 0.156129 0 0.156129 28410.4 26303.6 0 0 0.00864838 0.00864838 0 0 1 0.94676 245.704 232.623 0 0 
1997 1 1 0 0 0 0.451157 0.00123024 0.452388 4.90881e+007 3.94856e+007 48576.6 6446.58 0.0070718 0.0070718 45.5889 45.5889 1 0 347141 0 0 0 
1997 1 1 1 0 0 0.293018 0.236025 0.529043 1.54827e+007 1.20231e+007 2.83776e+006 2.28658e+006 0.0127666 0.0127666 29191.9 29191.9 1 0.409297 197661 80902.1 0 0 
1997 1 1 2 0 0 0.210384 0.39226 0.602644 1.61631e+006 1.21399e+006 476200 130593 0.0148391 0.0148391 1937.89 1937.89 1 0.87187 23984.6 20911.5 0 0 
1997 1 1 3 0 0 0.154945 0.343298 0.498243 343461 270501 92862.3 202822 0.0163256 0.0163256 3311.18 3311.18 1 0.94676 5607.2 5308.68 0 0 
1997 2 1 0 0 0 0.297505 0.00845676 0.305961 3.12253e+007 2.69005e+007 227491 148657 0.00580278 0.00580278 862.622 862.622 1 0 181194 0 0 0 
1997 2 1 1 0 0 0.204046 0.24976 0.453807 9.12189e+006 7.33267e+006 1.83141e+006 4.39527e+006 0.0119979 0.0119979 52734 52734 1 0.409297 109444 44795 0 0 
1997 2 1 2 0 0 0.187318 0.793755 0.981073 884708 563693 447434 1.07823e+006 0.0161236 0.0161236 17384.8 17384.8 1 0.87187 14264.7 12436.9 0 0 
1997 2 1 3 0 0 0.153806 0.769332 0.923138 208686 136254 104824 277615 0.0199421 0.0199421 5536.23 5536.23 1 0.94676 4161.64 3940.07 0 0 
1997 3 1 0 0 0 0.227274 0.0169015 0.244176 2.29948e+007 2.04026e+007 344835 596223 0.00712309 0.00712309 4246.95 4246.95 1 0 163794 0 0 0 
1997 3 1 1 0 0 0.193018 0.101229 0.294247 5.79428e+006 5.01961e+006 508130 728240 0.00965248 0.00965248 7029.32 7029.32 1 0.409297 55929.1 22891.6 0 0 
1997 3 1 2 0 0 0.170793 0.222056 0.39285 331685 274289 60907.6 181187 0.0121853 0.0121853 2207.81 2207.81 1 0.87187 4041.68 3523.82 0 0 
1997 3 1 3 0 0 0.170793 0.515623 0.686416 82904.8 59981.7 30927.9 46666.7 0.0146979 0.0146979 685.905 685.905 1 0.94676 1218.53 1153.65 0 0 
1997 4 1 0 0 0 0.269067 0 0.269067 1.8013e+007 1.57931e+007 0 0 0.00515499 0.00515499 0 0 1 0 92856.6 0 0 0 
1997 4 1 1 0 0 0.214289 0 0.214289 4.31727e+006 3.88604e+006 0 0 0.00953957 0.00953957 0 0 1 0.409297 41184.9 16856.9 0 0 
1997 4 1 2 0 0 0.171015 0 0.171015 223930 205829 0 0 0.0127215 0.0127215 0 0 1 0.87187 2848.72 2483.72 0 0 
1997 4 1 3 0 0 0.171015 0 0.171015 41732.4 38358.9 0 0 0.0143553 0.0143553 0 0 1 0.94676 599.079 567.185 0 0 
1998 1 1 0 0 0 0.42959 0.00204357 0.431634 1.1093e+008 9.00926e+007 184111 86123.7 0.00557064 0.00557064 479.764 479.764 1 0 617954 0 0 0 
1998 1 1 1 0 0 0.282534 0.392066 0.6746 1.37636e+007 1.00103e+007 3.9247e+006 3.56734e+006 0.0139329 0.0139329 49703.4 49703.4 1 0.409297 191766 78489.3 0 0 
1998 1 1 2 0 0 0.22647 0.651592 0.878062 3.48454e+006 2.31921e+006 1.51118e+006 1.49834e+006 0.0166329 0.0166329 24921.7 24921.7 1 0.87187 57957.9 50531.7 0 0 
1998 1 1 3 0 0 0.190365 0.57026 0.760625 223903 156787 89409.7 258993 0.0186053 0.0186053 4818.64 4818.64 1 0.94676 4165.79 3944 0 0 
1998 2 1 0 0 0 0.361769 0.0140477 0.375817 7.20435e+007 6.00537e+007 843618 5.46589e+006 0.00502731 0.00502731 27478.7 27478.7 1 0 362185 0 0 0 
1998 2 1 1 0 0 0.197063 0.414882 0.611945 7.01061e+006 5.24359e+006 2.17547e+006 2.66503e+006 0.0123985 0.0123985 33042.3 33042.3 1 0.409297 86920.7 35576.4 0 0 
1998 2 1 2 0 0 0.176428 1.31852 1.49495 1.44813e+006 751444 990797 1.45184e+006 0.0152533 0.0152533 22145.4 22145.4 1 0.87187 22088.7 19258.5 0 0 
1998 2 1 3 0 0 0.145301 1.27795 1.42325 104646 55811.6 71324.7 326463 0.0177168 0.0177168 5783.89 5783.89 1 0.94676 1854 1755.3 0 0 
1998 3 1 0 0 0 0.251547 0.0280755 0.279623 4.94743e+007 4.31593e+007 1.21172e+006 1.61598e+006 0.00429204 0.00429204 6935.86 6935.86 1 0 212346 0 0 0 
1998 3 1 1 0 0 0.208794 0.168154 0.376948 3.80182e+006 3.16742e+006 532615 1.09655e+006 0.00610449 0.00610449 6693.85 6693.85 1 0.409297 23208.1 9499.02 0 0 
1998 3 1 2 0 0 0.172717 0.368863 0.54158 324757 250755 92494.3 489541 0.00945599 0.00945599 4629.09 4629.09 1 0.87187 3070.89 2677.42 0 0 
1998 3 1 3 0 0 0.172717 0.856512 1.02923 25212.3 15744.2 13485.1 241493 0.00941628 0.00941628 2273.97 2273.97 1 0.94676 237.406 224.767 0 0 
1998 4 1 0 0 0 0.317828 0 0.317828 3.7406e+007 3.20444e+007 0 0 0.00393323 0.00393323 0 0 1 0 147126 0 0 0 
1998 4 1 1 0 0 0.245265 0 0.245265 2.60786e+006 2.31267e+006 0 0 0.00727866 0.00727866 0 0 1 0.409297 18981.7 7769.17 0 0 
1998 4 1 2 0 0 0.196725 0 0.196725 188953 171528 0 0 0.00970643 0.00970643 0 0 1 0.87187 1834.05 1599.06 0 0 
1998 4 1 3 0 0 0.196725 0 0.196725 9007.91 8177.22 0 0 0.010953 0.010953 0 0 1 0.94676 98.6638 93.411 0 0 
1999 1 1 0 0 0 0.421403 0.00110072 0.422503 7.7262e+007 6.30153e+007 69362.2 830.23 0.0053059 0.0053059 4.40512 4.40512 1 0 409945 0 0 0 
1999 1 1 1 0 0 0.287226 0.211177 0.498403 2.72214e+007 2.14372e+007 4.52705e+006 1.59392e+007 0.00973715 0.00973715 155203 155203 1 0.409297 265059 108488 0 0 
1999 1 1 2 0 0 0.232493 0.350964 0.583457 2.04065e+006 1.54602e+006 542596 477815 0.0114532 0.0114532 5472.51 5472.51 1 0.87187 23371.9 20377.3 0 0 
1999 1 1 3 0 0 0.214241 0.307157 0.521397 162608 126716 38921.5 69219.2 0.012081 0.012081 836.239 836.239 1 0.94676 1964.47 1859.88 0 0 
1999 2 1 0 0 0 0.290566 0.00756646 0.298132 5.06378e+007 4.37869e+007 331311 90557.3 0.00456971 0.00456971 413.82 413.82 1 0 231400 0 0 0 
1999 2 1 1 0 0 0.190571 0.223466 0.414037 1.6537e+007 1.35409e+007 3.02593e+006 2.45606e+006 0.011575 0.011575 28429 28429 1 0.409297 191416 78346 0 0 
1999 2 1 2 0 0 0.169403 0.710191 0.879594 1.13861e+006 757330 537849 254931 0.0135094 0.0135094 3443.96 3443.96 1 0.87187 15382 13411.1 0 0 
1999 2 1 3 0 0 0.15233 0.688338 0.840668 96538.8 65293.1 44943.7 44836 0.0163661 0.0163661 733.789 733.789 1 0.94676 1579.96 1495.84 0 0 
1999 3 1 0 0 0 0.274501 0.0151222 0.289623 3.75836e+007 3.26305e+007 493444 1.96713e+006 0.00360535 0.00360535 7092.2 7092.2 1 0 135502 0 0 0 
1999 3 1 1 0 0 0.24072 0.0905719 0.331292 1.09306e+007 9.30438e+006 842716 3.35194e+006 0.00937925 0.00937925 31438.7 31438.7 1 0.409297 102520 41961.3 0 0 
1999 3 1 2 0 0 0.19105 0.198679 0.389729 472468 391282 77739.4 641059 0.0117946 0.0117946 7561.02 7561.02 1 0.87187 5572.56 4858.55 0 0 
1999 3 1 3 0 0 0.19105 0.461339 0.652389 41649 30592.4 14113.5 183015 0.0138192 0.0138192 2529.13 2529.13 1 0.94676 575.557 544.914 0 0 
1999 4 1 0 0 0 0.334613 0 0.334613 2.8133e+007 2.391e+007 0 0 0.00523063 0.00523063 0 0 1 0 147153 0 0 0 
1999 4 1 1 0 0 0.267128 0 0.267128 7.84809e+006 6.88729e+006 0 0 0.00967956 0.00967956 0 0 1 0.409297 75966.1 31092.7 0 0 
1999 4 1 2 0 0 0.242347 0 0.242347 319975 284153 0 0 0.0129081 0.0129081 0 0 1 0.87187 4130.28 3601.07 0 0 
1999 4 1 3 0 0 0.242347 0 0.242347 21690.8 19262.5 0 0 0.0145659 0.0145659 0 0 1 0.94676 315.946 299.125 0 0 
2000 1 1 0 0 0 0.406024 0.00178405 0.407808 7.2925e+007 5.98863e+007 106840 6101.49 0.00667143 0.00667143 40.7056 40.7056 1 0 486514 0 0 0 
2000 1 1 1 0 0 0.341546 0.342277 0.683823 2.01324e+007 1.45826e+007 4.99128e+006 9.82267e+006 0.0121927 0.0121927 119765 119765 1 0.409297 245469 100470 0 0 
2000 1 1 2 0 0 0.253193 0.568845 0.822038 6.0083e+006 4.09646e+006 2.33025e+006 1.76726e+006 0.0148301 0.0148301 26208.7 26208.7 1 0.87187 89104 77687.1 0 0 
2000 1 1 3 0 0 0.218544 0.497841 0.716386 268134 191442 95307.8 70159.7 0.0184553 0.0184553 1294.82 1294.82 1 0.94676 4948.49 4685.04 0 0 
2000 2 1 0 0 0 0.355138 0.0122638 0.367402 4.85029e+007 4.05908e+007 497796 81905.9 0.00621185 0.00621185 508.787 508.787 1 0 301293 0 0 0 
2000 2 1 1 0 0 0.198814 0.362196 0.56101 1.01605e+007 7.77631e+006 2.81655e+006 801375 0.0148578 0.0148578 11906.7 11906.7 1 0.409297 150962 61788.5 0 0 
2000 2 1 2 0 0 0.180218 1.15108 1.3313 2.64086e+006 1.45972e+006 1.68025e+006 384854 0.0173556 0.0173556 6679.38 6679.38 1 0.87187 45833.8 39961.1 0 0 
2000 2 1 3 0 0 0.169539 1.11566 1.2852 130987 73729.1 82256.9 49826.6 0.0183208 0.0183208 912.862 912.862 1 0.94676 2399.78 2272.02 0 0 
2000 3 1 0 0 0 0.253643 0.0245101 0.278153 3.35898e+007 2.93228e+007 718707 1.09361e+006 0.00507794 0.00507794 5553.3 5553.3 1 0 170567 0 0 0 
2000 3 1 1 0 0 0.213127 0.1468 0.359927 5.79791e+006 4.86918e+006 714794 2.80714e+006 0.0104593 0.0104593 29360.9 29360.9 1 0.409297 60642.3 24820.7 0 0 
2000 3 1 2 0 0 0.156921 0.32202 0.478941 697540 554258 178482 1.31005e+006 0.0130945 0.0130945 17154.5 17154.5 1 0.87187 9133.94 7963.6 0 0 
2000 3 1 3 0 0 0.156921 0.747742 0.904663 36230.3 23841.7 17827.4 176418 0.0149724 0.0149724 2641.4 2641.4 1 0.94676 542.455 513.575 0 0 
2000 4 1 0 0 0 0.278612 0 0.278612 2.54335e+007 2.21978e+007 0 0 0.00360877 0.00360877 0 0 1 0 91783.8 0 0 0 
2000 4 1 1 0 0 0.235664 0 0.235664 4.04536e+006 3.60403e+006 0 0 0.00456426 0.00456426 0 0 1 0.409297 18464.1 7557.29 0 0 
2000 4 1 2 0 0 0.192073 0 0.192073 432084 393122 0 0 0.00797785 0.00797785 0 0 1 0.87187 3447.1 3005.42 0 0 
2000 4 1 3 0 0 0.192073 0 0.192073 14661.6 13339.6 0 0 0.0134729 0.0134729 0 0 1 0.94676 197.535 187.018 0 0 
2001 1 1 0 0 0 0.408792 0.0018514 0.410643 6.1459e+007 5.04037e+007 93317.5 13055.5 0.00783091 0.00783091 102.237 102.237 1 0 481280 0 0 0 
2001 1 1 1 0 0 0.32787 0.355198 0.683067 1.9249e+007 1.39473e+007 4.95406e+006 5.76763e+006 0.010869 0.010869 62688.4 62688.4 1 0.409297 209217 85631.9 0 0 
2001 1 1 2 0 0 0.233083 0.590318 0.823401 3.19602e+006 2.17776e+006 1.28557e+006 315550 0.0117832 0.0117832 3718.17 3718.17 1 0.87187 37659.2 32833.9 0 0 
2001 1 1 3 0 0 0.190164 0.516635 0.706799 368675 264343 136569 7693.89 0.0159143 0.0159143 122.443 122.443 1 0.94676 5867.21 5554.84 0 0 
2001 2 1 0 0 0 0.299106 0.0127267 0.311832 4.0761e+007 3.50179e+007 445662 550512 0.00477802 0.00477802 2630.36 2630.36 1 0 194757 0 0 0 
2001 2 1 1 0 0 0.21312 0.375868 0.588988 9.72198e+006 7.34712e+006 2.76155e+006 3.96734e+006 0.0116427 0.0116427 46190.4 46190.4 1 0.409297 113190 46328.2 0 0 
2001 2 1 2 0 0 0.201949 1.19453 1.39648 1.40285e+006 755965 903026 1.52871e+006 0.0136366 0.0136366 20846.5 20846.5 1 0.87187 19130.1 16679 0 0 
2001 2 1 3 0 0 0.194767 1.15778 1.35255 181838 99677.5 115404 498496 0.016634 0.016634 8291.98 8291.98 1 0.94676 3024.7 2863.67 0 0 
2001 3 1 0 0 0 0.266444 0.0254354 0.29188 2.98413e+007 2.58808e+007 658288 143017 0.00617218 0.00617218 882.728 882.728 1 0 184186 0 0 0 
2001 3 1 1 0 0 0.22548 0.152341 0.377821 5.39462e+006 4.4926e+006 684408 531588 0.0126722 0.0126722 6736.37 6736.37 1 0.409297 68361.5 27980.1 0 0 
2001 3 1 2 0 0 0.191235 0.334176 0.525411 347157 270034 90238.9 59709 0.0149807 0.0149807 894.485 894.485 1 0.87187 5200.67 4534.31 0 0 
2001 3 1 3 0 0 0.191235 0.775968 0.967203 47020 30133.9 23382.9 13417.6 0.0161831 0.0161831 217.137 217.137 1 0.94676 760.928 720.416 0 0 
2001 4 1 0 0 0 0.306306 0 0.306306 2.22872e+007 1.91973e+007 0 0 0.00651097 0.00651097 0 0 1 0 145112 0 0 0 
2001 4 1 1 0 0 0.258432 0 0.258432 3.69722e+006 3.2581e+006 0 0 0.0120489 0.0120489 0 0 1 0.409297 44547.3 18233.1 0 0 
2001 4 1 2 0 0 0.213201 0 0.213201 205278 184871 0 0 0.0160678 0.0160678 0 0 1 0.87187 3298.36 2875.74 0 0 
2001 4 1 3 0 0 0.213201 0 0.213201 17874.4 16097.5 0 0 0.0181313 0.0181313 0 0 1 0.94676 324.086 306.832 0 0 
2002 1 1 0 0 0 0.434478 0.00197098 0.436449 8.27998e+007 6.7096e+007 132245 63415.5 0.0072819 0.0072819 461.785 461.785 1 0 602939 0 0 0 
2002 1 1 1 0 0 0.321474 0.37814 0.699614 1.6407e+007 1.18013e+007 4.46256e+006 6.58644e+006 0.0108755 0.0108755 71630.6 71630.6 1 0.409297 178434 73032.4 0 0 
2002 1 1 2 0 0 0.240285 0.628447 0.868732 2.85522e+006 1.90796e+006 1.19905e+006 594557 0.0140837 0.0140837 8373.59 8373.59 1 0.87187 40212.1 35059.7 0 0 
2002 1 1 3 0 0 0.170689 0.550004 0.720693 180306 128491 70670.5 108679 0.0154284 0.0154284 1676.75 1676.75 1 0.94676 2781.83 2633.72 0 0 
2002 2 1 0 0 0 0.315437 0.0135487 0.328986 5.35158e+007 4.56037e+007 617872 927294 0.00768965 0.00768965 7130.56 7130.56 1 0 411517 0 0 0 
2002 2 1 1 0 0 0.222536 0.400146 0.622682 8.15063e+006 6.06696e+006 2.42767e+006 4.32653e+006 0.0121678 0.0121678 52644.4 52644.4 1 0.409297 99175.3 40592.1 0 0 
2002 2 1 2 0 0 0.213876 1.27169 1.48557 1.19772e+006 623724 793184 661656 0.014241 0.014241 9422.63 9422.63 1 0.87187 17056.6 14871.2 0 0 
2002 2 1 3 0 0 0.205629 1.23256 1.43819 87703.6 46507.4 57323.2 59021.8 0.0158279 0.0158279 934.19 934.19 1 0.94676 1388.16 1314.26 0 0 
2002 3 1 0 0 0 0.251826 0.0270783 0.278904 3.85128e+007 3.36084e+007 910058 1.18269e+006 0.00465024 0.00465024 5499.8 5499.8 1 0 179094 0 0 0 
2002 3 1 1 0 0 0.206168 0.162181 0.368349 4.37284e+006 3.65789e+006 593240 1.19916e+006 0.0100501 0.0100501 12051.7 12051.7 1 0.409297 43947.5 17987.6 0 0 
2002 3 1 2 0 0 0.194325 0.355761 0.550086 271132 208542 74190.9 296900 0.0132559 0.0132559 3935.67 3935.67 1 0.87187 3594.09 3133.58 0 0 
2002 3 1 3 0 0 0.194325 0.826089 1.02041 20817.1 13047.3 10778.2 65718.4 0.0144819 0.0144819 951.727 951.727 1 0.94676 301.471 285.421 0 0 
2002 4 1 0 0 0 0.322663 0 0.322663 2.91393e+007 2.49055e+007 0 0 0.00600354 0.00600354 0 0 1 0 174939 0 0 0 
2002 4 1 1 0 0 0.261624 0 0.261624 3.02546e+006 2.66207e+006 0 0 0.0116361 0.0116361 0 0 1 0.409297 35204.6 14409.1 0 0 
2002 4 1 2 0 0 0.217799 0 0.217799 156416 140555 0 0 0.01293 0.01293 0 0 1 0.87187 2022.46 1763.32 0 0 
2002 4 1 3 0 0 0.217799 0 0.217799 7503.42 6742.53 0 0 0.015541 0.015541 0 0 1 0.94676 116.611 110.403 0 0 
2003 1 1 0 0 0 0.419368 0.00151695 0.420885 1.08297e+008 8.83939e+007 134089 197639 0.00419735 0.00419735 829.563 829.563 1 0 454560 0 0 0 
2003 1 1 1 0 0 0.26906 0.291032 0.560092 2.11032e+007 1.6158e+007 4.70249e+006 4.00332e+006 0.0124598 0.0124598 49880.6 49880.6 1 0.409297 262942 107621 0 0 
2003 1 1 2 0 0 0.215429 0.483679 0.699107 2.329e+006 1.6756e+006 810450 594498 0.0145956 0.0145956 8677.05 8677.05 1 0.87187 33993.2 29637.7 0 0 
2003 1 1 3 0 0 0.168428 0.423306 0.591734 131838 99509.8 42123.1 68143.5 0.0227862 0.0227862 1552.73 1552.73 1 0.94676 3004.09 2844.16 0 0 
2003 2 1 0 0 0 0.294817 0.0104277 0.305244 7.10931e+007 6.12674e+007 638875 2.78563e+006 0.00578575 0.00578575 16117 16117 1 0 411327 0 0 0 
2003 2 1 1 0 0 0.228673 0.307968 0.536641 1.20532e+007 9.32764e+006 2.87262e+006 6.82628e+006 0.0107625 0.0107625 73467.6 73467.6 1 0.409297 129722 53094.9 0 0 
2003 2 1 2 0 0 0.208468 0.978744 1.18721 1.15758e+006 677585 663183 1.11591e+006 0.0144564 0.0144564 16132 16132 1 0.87187 16734.5 14590.3 0 0 
2003 2 1 3 0 0 0.203998 0.948629 1.15263 72955 43305.7 41081.1 218400 0.0166619 0.0166619 3638.96 3638.96 1 0.94676 1215.57 1150.85 0 0 
2003 3 1 0 0 0 0.258955 0.0208405 0.279796 5.23916e+007 4.57004e+007 952421 713229 0.00485099 0.00485099 3459.87 3459.87 1 0 254151 0 0 0 
2003 3 1 1 0 0 0.229167 0.124821 0.353988 7.04762e+006 5.93527e+006 740847 39823.9 0.0114708 0.0114708 456.811 456.811 1 0.409297 80841.8 33088.3 0 0 
2003 3 1 2 0 0 0.225632 0.273808 0.49944 353144 277974 76111.5 29773.8 0.0134973 0.0134973 401.866 401.866 1 0.87187 4766.49 4155.76 0 0 
2003 3 1 3 0 0 0.225632 0.635791 0.861424 23039.6 15444.2 9819.29 26427.2 0.0141365 0.0141365 373.588 373.588 1 0.94676 325.699 308.359 0 0 
2003 4 1 0 0 0 0.382599 0 0.382599 3.96048e+007 3.29089e+007 0 0 0.00498315 0.00498315 0 0 1 0 197357 0 0 0 
2003 4 1 1 0 0 0.308147 0 0.308147 4.94661e+006 4.25708e+006 0 0 0.00922159 0.00922159 0 0 1 0.409297 45615.6 18670.3 0 0 
2003 4 1 2 0 0 0.285942 0 0.285942 214313 186395 0 0 0.0122974 0.0122974 0 0 1 0.87187 2635.49 2297.81 0 0 
2003 4 1 3 0 0 0.285942 0 0.285942 9735.63 8467.42 0 0 0.0138768 0.0138768 0 0 1 0.94676 135.099 127.906 0 0 
2004 1 1 0 0 0 0.436328 0.00227712 0.438605 1.92991e+008 1.56232e+008 355760 229309 0.00882088 0.00882088 2022.7 2022.7 1 0 1.70235e+006 0 0 0 
2004 1 1 1 0 0 0.276005 0.436874 0.712879 2.70139e+007 1.93172e+007 8.43919e+006 4.21728e+006 0.0115748 0.0115748 48814 48814 1 0.409297 312679 127979 0 0 
2004 1 1 2 0 0 0.230681 0.726059 0.95674 3.63481e+006 2.33974e+006 1.69879e+006 731500 0.0138942 0.0138942 10163.6 10163.6 1 0.87187 50502.9 44031.9 0 0 
2004 1 1 3 0 0 0.19195 0.635432 0.827382 168329 114502 72758.2 78913.1 0.0153571 0.0153571 1211.87 1211.87 1 0.94676 2585.04 2447.41 0 0 
2004 2 1 0 0 0 0.277951 0.0156532 0.293604 1.24467e+008 1.07859e+008 1.68834e+006 2.48068e+007 0.0040717 0.0040717 101006 101006 1 0 506792 0 0 0 
2004 2 1 1 0 0 0.216065 0.462297 0.678362 1.3243e+007 9.61565e+006 4.44529e+006 4.73569e+006 0.00936733 0.00936733 44360.7 44360.7 1 0.409297 124052 50774.1 0 0 
2004 2 1 2 0 0 0.19252 1.46921 1.66173 1.39629e+006 680770 1.0002e+006 264373 0.0126443 0.0126443 3342.81 3342.81 1 0.87187 17655.1 15392.9 0 0 
2004 2 1 3 0 0 0.184805 1.424 1.60881 73592.1 36588.8 52102.6 53425.3 0.0152932 0.0152932 817.046 817.046 1 0.94676 1125.46 1065.54 0 0 
2004 3 1 0 0 0 0.231014 0.0312841 0.262298 9.27989e+007 8.16263e+007 2.55361e+006 5.23394e+006 0.00303718 0.00303718 15896.4 15896.4 1 0 281847 0 0 0 
2004 3 1 1 0 0 0.211859 0.187371 0.39923 6.72015e+006 5.54074e+006 1.03817e+006 309955 0.00973314 0.00973314 3016.83 3016.83 1 0.409297 65408.2 26771.4 0 0 
2004 3 1 2 0 0 0.207592 0.411018 0.61861 265029 197637 81232.2 44144.7 0.0112443 0.0112443 496.374 496.374 1 0.87187 2980.06 2598.22 0 0 
2004 3 1 3 0 0 0.207592 0.954399 1.16199 14727.7 8709.13 8311.99 15706.6 0.0129619 0.0129619 203.587 203.587 1 0.94676 190.898 180.735 0 0 
2004 4 1 0 0 0 0.375766 0 0.375766 7.13885e+007 5.95092e+007 0 0 0.0044345 0.0044345 0 0 1 0 316573 0 0 0 
2004 4 1 1 0 0 0.302347 0 0.302347 4.50812e+006 3.8904e+006 0 0 0.00933673 0.00933673 0 0 1 0.409297 42091.1 17227.8 0 0 
2004 4 1 2 0 0 0.27837 0 0.27837 142769 124620 0 0 0.0115277 0.0115277 0 0 1 0.87187 1645.8 1434.93 0 0 
2004 4 1 3 0 0 0.27837 0 0.27837 4607.74 4022 0 0 0.012856 0.012856 0 0 1 0.94676 59.2372 56.0834 0 0 
2005 1 1 0 0 0 0.441625 0.00160915 0.443234 6.64936e+007 5.37133e+007 86432.8 97602.3 0.00762325 0.00762325 744.047 744.047 1 0 506897 0 0 0 
2005 1 1 1 0 0 0.320547 0.308721 0.629268 4.9027e+007 3.6386e+007 1.12331e+007 1.34097e+007 0.00968125 0.00968125 129823 129823 1 0.409297 474643 194270 0 0 
2005 1 1 2 0 0 0.226986 0.513077 0.740063 3.33187e+006 2.35424e+006 1.20791e+006 479222 0.0130316 0.0130316 6245.03 6245.03 1 0.87187 43419.6 37856.2 0 0 
2005 1 1 3 0 0 0.215992 0.449035 0.665026 111567 81489.3 36591.5 88858.2 0.0153547 0.0153547 1364.39 1364.39 1 0.94676 1713.07 1621.87 0 0 
2005 2 1 0 0 0 0.3092 0.0110615 0.320261 4.2686e+007 3.65255e+007 404025 839944 0.00656341 0.00656341 5512.9 5512.9 1 0 280166 0 0 0 
2005 2 1 1 0 0 0.218678 0.326687 0.545365 2.61305e+007 2.01415e+007 6.57997e+006 7.90355e+006 0.0102709 0.0102709 81176.5 81176.5 1 0.409297 268384 109849 0 0 
2005 2 1 2 0 0 0.180988 1.03823 1.21922 1.58958e+006 918556 953675 228337 0.0114919 0.0114919 2624.02 2624.02 1 0.87187 18267.3 15926.7 0 0 
2005 2 1 3 0 0 0.173733 1.00629 1.18002 57374.4 33681.5 33893.3 22051.4 0.0141083 0.0141083 311.109 311.109 1 0.94676 809.458 766.363 0 0 
2005 3 1 0 0 0 0.220471 0.0221072 0.242579 3.09883e+007 2.75161e+007 608305 1.08927e+006 0.00553011 0.00553011 6023.81 6023.81 1 0 171369 0 0 0 
2005 3 1 1 0 0 0.200812 0.132408 0.33322 1.5146e+007 1.2881e+007 1.70554e+006 5.40858e+006 0.00800437 0.00800437 43292.3 43292.3 1 0.409297 121234 49620.9 0 0 
2005 3 1 2 0 0 0.179293 0.29045 0.469743 469658 374769 108852 230703 0.0113846 0.0113846 2626.47 2626.47 1 0.87187 5346.87 4661.78 0 0 
2005 3 1 3 0 0 0.179293 0.674435 0.853728 17629.6 11856.8 7996.65 38556.8 0.0137878 0.0137878 531.614 531.614 1 0.94676 243.074 230.132 0 0 
2005 4 1 0 0 0 0.366783 0 0.366783 2.43135e+007 2.03532e+007 0 0 0.00467988 0.00467988 0 0 1 0 113784 0 0 0 
2005 4 1 1 0 0 0.291321 0 0.291321 1.08538e+007 9.41583e+006 0 0 0.00866036 0.00866036 0 0 1 0.409297 93998.2 38473.2 0 0 
2005 4 1 2 0 0 0.224992 0 0.224992 293613 262926 0 0 0.011549 0.011549 0 0 1 0.87187 3390.94 2956.45 0 0 
2005 4 1 3 0 0 0.224992 0 0.224992 7507.12 6722.52 0 0 0.0130322 0.0130322 0 0 1 0.94676 97.8344 92.6258 0 0 
2006 1 1 0 0 0 0.503924 0.00203982 0.505963 8.47453e+007 6.65073e+007 135663 0 0.00632446 0.00632446 0 0 1 0 535968 0 0 0 
2006 1 1 1 0 0 0.314539 0.391347 0.705887 1.68483e+007 1.20852e+007 4.72951e+006 1.9877e+006 0.0108138 0.0108138 21494.6 21494.6 1 0.409297 182194 74571.5 0 0 
2006 1 1 2 0 0 0.225625 0.650397 0.876022 8.11081e+006 5.40303e+006 3.51412e+006 1.4018e+006 0.0133425 0.0133425 18703.5 18703.5 1 0.87187 108219 94352.5 0 0 
2006 1 1 3 0 0 0.21463 0.569214 0.783845 240451 166678 94875.7 295158 0.0152372 0.0152372 4497.37 4497.37 1 0.94676 3663.79 3468.73 0 0 
2006 2 1 0 0 0 0.264692 0.014022 0.278714 5.1095e+007 4.45924e+007 625273 319709 0.00553065 0.00553065 1768.2 1768.2 1 0 282589 0 0 0 
2006 2 1 1 0 0 0.211573 0.414122 0.625695 8.3175e+006 6.18281e+006 2.56044e+006 493221 0.0142716 0.0142716 7039.07 7039.07 1 0.409297 118704 48585.2 0 0 
2006 2 1 2 0 0 0.172426 1.31611 1.48853 3.37764e+006 1.75696e+006 2.31235e+006 1.00384e+006 0.0158443 0.0158443 15905.1 15905.1 1 0.87187 53516.4 46659.4 0 0 
2006 2 1 3 0 0 0.166197 1.27561 1.44181 109801 58144.6 74169.8 235542 0.0179666 0.0179666 4231.89 4231.89 1 0.94676 1972.75 1867.72 0 0 
2006 3 1 0 0 0 0.217051 0.028024 0.245075 3.86664e+007 3.42928e+007 961023 176742 0.00406707 0.00406707 718.822 718.822 1 0 157259 0 0 0 
2006 3 1 1 0 0 0.196865 0.167845 0.364711 4.44894e+006 3.72791e+006 625713 129541 0.00954634 0.00954634 1236.64 1236.64 1 0.409297 42471.1 17383.3 0 0 
2006 3 1 2 0 0 0.172491 0.368186 0.540677 762345 588874 216815 176585 0.0129454 0.0129454 2285.96 2285.96 1 0.87187 9868.88 8604.38 0 0 
2006 3 1 3 0 0 0.172491 0.854942 1.02743 25968 16228.2 13874.2 10932.9 0.0134327 0.0134327 146.857 146.857 1 0.94676 348.82 330.249 0 0 
2006 4 1 0 0 0 0.364286 0 0.364286 3.02621e+007 2.53627e+007 0 0 0.00500778 0.00500778 0 0 1 0 151546 0 0 0 
2006 4 1 1 0 0 0.277221 0 0.277221 3.08934e+006 2.69809e+006 0 0 0.00926717 0.00926717 0 0 1 0.409297 28629.4 11717.9 0 0 
2006 4 1 2 0 0 0.20233 0 0.20233 443955 401924 0 0 0.0123582 0.0123582 0 0 1 0.87187 5486.48 4783.5 0 0 
2006 4 1 3 0 0 0.20233 0 0.20233 9294.59 8414.64 0 0 0.0139454 0.0139454 0 0 1 0.94676 129.616 122.716 0 0 
2007 1 1 0 0 0 0.480078 0.00192134 0.481999 6.14701e+007 4.87748e+007 93713 0 0.00632446 0.00632446 0 0 1 0 388765 0 0 0 
2007 1 1 1 0 0 0.312223 0.368616 0.680839 2.10229e+007 1.52478e+007 5.62057e+006 1.69327e+006 0.0118823 0.0118823 20120 20120 1 0.409297 249801 102243 0 0 
2007 1 1 2 0 0 0.204242 0.612619 0.816861 2.34137e+006 1.59992e+006 980142 189551 0.013077 0.013077 2478.75 2478.75 1 0.87187 30618 26694.9 0 0 
2007 1 1 3 0 0 0.184123 0.536152 0.720274 370226 263881 141480 67672.1 0.0149193 0.0149193 1009.62 1009.62 1 0.94676 5523.5 5229.43 0 0 
2007 2 1 0 0 0 0.287492 0.0132075 0.300699 3.79607e+007 3.27849e+007 433006 609939 0.0064593 0.0064593 3939.77 3939.77 1 0 245200 0 0 0 
2007 2 1 1 0 0 0.221759 0.390067 0.611827 1.06416e+007 7.95984e+006 3.10487e+006 4.1868e+006 0.0101356 0.0101356 42435.8 42435.8 1 0.409297 107860 44146.6 0 0 
2007 2 1 2 0 0 0.170203 1.23966 1.40986 1.03445e+006 554568 687476 1.68165e+006 0.0126503 0.0126503 21273.4 21273.4 1 0.87187 13086.2 11409.4 0 0 
2007 2 1 3 0 0 0.16633 1.20152 1.36785 180159 98169.2 117952 254768 0.0151201 0.0151201 3852.12 3852.12 1 0.94676 2724.02 2579 0 0 
2007 3 1 0 0 0 0.210233 0.0263962 0.236629 2.81023e+007 2.50249e+007 660563 404452 0.00454597 0.00454597 1838.63 1838.63 1 0 127752 0 0 0 
2007 3 1 1 0 0 0.174755 0.158096 0.332851 5.77158e+006 4.90931e+006 776143 329724 0.00752162 0.00752162 2480.06 2480.06 1 0.409297 43411.6 17768.2 0 0 
2007 3 1 2 0 0 0.152118 0.3468 0.498918 252590 198871 68968.6 19674.8 0.0106344 0.0106344 209.23 209.23 1 0.87187 2686.14 2341.97 0 0 
2007 3 1 3 0 0 0.152118 0.805282 0.9574 45878.3 29523.8 23775 20963.7 0.012615 0.012615 264.458 264.458 1 0.94676 578.756 547.943 0 0 
2007 4 1 0 0 0 0.312345 0 0.312345 2.21807e+007 1.90509e+007 0 0 0.00478391 0.00478391 0 0 1 0 106111 0 0 0 
2007 4 1 1 0 0 0.237467 0 0.237467 4.13751e+006 3.68294e+006 0 0 0.00885288 0.00885288 0 0 1 0.409297 36628.9 14992.1 0 0 
2007 4 1 2 0 0 0.175019 0 0.175019 153369 140698 0 0 0.0118057 0.0118057 0 0 1 0.87187 1810.64 1578.64 0 0 
2007 4 1 3 0 0 0.175019 0 0.175019 17612.2 16157.1 0 0 0.0133219 0.0133219 0 0 1 0.94676 234.628 222.137 0 0 
2008 1 1 0 0 0 0.477842 0.00159863 0.47944 1.42624e+008 1.13301e+008 181127 11590.1 0.0088033 0.0088033 102.031 102.031 1 0 1.25556e+006 0 0 0 
2008 1 1 1 0 0 0.306642 0.306703 0.613345 1.62303e+007 1.21318e+007 3.72087e+006 422430 0.0103084 0.0103084 4354.55 4354.55 1 0.409297 167308 68478.5 0 0 
2008 1 1 2 0 0 0.187455 0.509723 0.697178 3.26294e+006 2.34952e+006 1.1976e+006 1.44794e+006 0.0114418 0.0114418 16567.1 16567.1 1 0.87187 37334 32550.4 0 0 
2008 1 1 3 0 0 0.166284 0.446099 0.612383 143529 107331 47880.5 329770 0.0131112 0.0131112 4323.67 4323.67 1 0.94676 1881.83 1781.64 0 0 
2008 2 1 0 0 0 0.268767 0.0109892 0.279756 8.83028e+007 7.70267e+007 846459 2.08719e+006 0.00438032 0.00438032 9142.56 9142.56 1 0 386795 0 0 0 
2008 2 1 1 0 0 0.20333 0.324551 0.527881 8.7893e+006 6.829e+006 2.21636e+006 1.90176e+006 0.0076229 0.0076229 14496.9 14496.9 1 0.409297 66999.9 27422.8 0 0 
2008 2 1 2 0 0 0.156934 1.03145 1.18838 1.62491e+006 950684 980580 1.00663e+006 0.0125573 0.0125573 12640.5 12640.5 1 0.87187 20404.4 17790 0 0 
2008 2 1 3 0 0 0.151074 0.999709 1.15078 77800.9 46216.8 46203.4 260966 0.0141844 0.0141844 3701.64 3701.64 1 0.94676 1103.56 1044.8 0 0 
2008 3 1 0 0 0 0.200369 0.0219627 0.222332 6.67541e+007 5.9854e+007 1.31456e+006 893785 0.00340017 0.00340017 3039.02 3039.02 1 0 226975 0 0 0 
2008 3 1 1 0 0 0.173103 0.131542 0.304645 5.1844e+006 4.46914e+006 587880 131774 0.00755089 0.00755089 995.01 995.01 1 0.409297 39146.8 16022.7 0 0 
2008 3 1 2 0 0 0.166628 0.288552 0.455179 495133 397762 114775 41691.7 0.00823804 0.00823804 343.458 343.458 1 0.87187 4078.92 3556.29 0 0 
2008 3 1 3 0 0 0.166628 0.670027 0.836655 24615.3 16677.2 11174.1 21858.3 0.00846626 0.00846626 185.058 185.058 1 0.94676 208.4 197.305 0 0 
2008 4 1 0 0 0 0.303983 0 0.303983 5.34466e+007 4.60874e+007 0 0 0.00443333 0.00443333 0 0 1 0 236947 0 0 0 
2008 4 1 1 0 0 0.225445 0 0.225445 3.8229e+006 3.42261e+006 0 0 0.00681496 0.00681496 0 0 1 0.409297 26052.9 10663.4 0 0 
2008 4 1 2 0 0 0.196899 0 0.196899 314079 285092 0 0 0.00901116 0.00901116 0 0 1 0.87187 2830.22 2467.58 0 0 
2008 4 1 3 0 0 0.196899 0 0.196899 10662.3 9678.24 0 0 0.00809501 0.00809501 0 0 1 0.94676 86.3115 81.7163 0 0 
2009 1 1 0 0 0 0.444163 0.0010778 0.445241 1.15361e+008 9.31017e+007 100345 0 0.00632446 0.00632446 0 0 1 0 729596 0 0 0 
2009 1 1 1 0 0 0.362029 0.20678 0.568809 3.94368e+007 3.00764e+007 6.21921e+006 4.77695e+006 0.00958163 0.00958163 45770.9 45770.9 1 0.409297 377869 154661 0 0 
2009 1 1 2 0 0 0.233127 0.343657 0.576784 3.05129e+006 2.31867e+006 796829 219922 0.0123214 0.0123214 2709.75 2709.75 1 0.87187 37596.1 32778.9 0 0 
2009 1 1 3 0 0 0.16233 0.300762 0.463092 266702 213472 64204.2 39036.7 0.0142217 0.0142217 555.168 555.168 1 0.94676 3792.95 3591.01 0 0 
2009 2 1 0 0 0 0.32704 0.00740893 0.334449 7.39084e+007 6.2819e+007 465422 231412 0.00459781 0.00459781 1063.99 1063.99 1 0 339817 0 0 0 
2009 2 1 1 0 0 0.20019 0.218814 0.419004 2.23291e+007 1.82414e+007 3.99147e+006 8.16393e+006 0.00954441 0.00954441 77919.8 77919.8 1 0.409297 213118 87228.6 0 0 
2009 2 1 2 0 0 0.157572 0.695405 0.852977 1.71391e+006 1.15307e+006 801848 554425 0.0130278 0.0130278 7222.95 7222.95 1 0.87187 22328.6 19467.6 0 0 
2009 2 1 3 0 0 0.150078 0.674008 0.824086 167845 114335 77062.8 137328 0.0160173 0.0160173 2199.62 2199.62 1 0.94676 2688.41 2545.28 0 0 
2009 3 1 0 0 0 0.190446 0.0148074 0.205253 5.28986e+007 4.78229e+007 708131 168362 0.00429631 0.00429631 723.337 723.337 1 0 227269 0 0 0 
2009 3 1 1 0 0 0.169703 0.0886863 0.258389 1.46859e+007 1.29419e+007 1.14777e+006 3.38511e+006 0.00773802 0.00773802 26194 26194 1 0.409297 113640 46512.4 0 0 
2009 3 1 2 0 0 0.163423 0.194543 0.357966 730374 613946 119439 519516 0.0103483 0.0103483 5376.09 5376.09 1 0.87187 7558.12 6589.69 0 0 
2009 3 1 3 0 0 0.163423 0.451735 0.615158 73622.6 54986.7 24839.4 88967.4 0.0134745 0.0134745 1198.79 1198.79 1 0.94676 992.031 939.216 0 0 
2009 4 1 0 0 0 0.292535 0 0.292535 4.30828e+007 3.73532e+007 0 0 0.00866643 0.00866643 0 0 1 0 373374 0 0 0 
2009 4 1 1 0 0 0.215318 0 0.215318 1.13418e+007 1.02039e+007 0 0 0.00962278 0.00962278 0 0 1 0.409297 109140 44670.7 0 0 
2009 4 1 2 0 0 0.189694 0 0.189694 510602 465096 0 0 0.0104659 0.0104659 0 0 1 0.87187 5343.92 4659.2 0 0 
2009 4 1 3 0 0 0.189694 0 0.189694 39797.1 36250.3 0 0 0.0141411 0.0141411 0 0 1 0.94676 562.776 532.814 0 0 
2010 1 1 0 0 0 0.527185 0.00121548 0.5284 1.1986e+008 9.31053e+007 113167 12413.8 0.00663171 0.00663171 82.3246 82.3246 1 0 794877 0 0 0 
2010 1 1 1 0 0 0.412451 0.233193 0.645644 3.21557e+007 2.36905e+007 5.52447e+006 1.73217e+006 0.00800228 0.00800228 13861.3 13861.3 1 0.409297 257319 105320 0 0 
2010 1 1 2 0 0 0.312095 0.387554 0.699649 9.14476e+006 6.5776e+006 2.54918e+006 689166 0.00966617 0.00966617 6661.59 6661.59 1 0.87187 88394.8 77068.7 0 0 
2010 1 1 3 0 0 0.170493 0.339179 0.509673 455297 356707 120988 90040.4 0.013676 0.013676 1231.39 1231.39 1 0.94676 6226.65 5895.15 0 0 
2010 2 1 0 0 0 0.395296 0.0083553 0.403651 7.06632e+007 5.81414e+007 485789 349703 0.004735 0.004735 1655.85 1655.85 1 0 334590 0 0 0 
2010 2 1 1 0 0 0.217096 0.246764 0.46386 1.686e+007 1.34902e+007 3.3289e+006 3.10542e+006 0.00940284 0.00940284 29199.7 29199.7 1 0.409297 158532 64886.7 0 0 
2010 2 1 2 0 0 0.179411 0.784232 0.963643 4.54275e+006 2.91569e+006 2.28658e+006 3.01129e+006 0.0114081 0.0114081 34353.1 34353.1 1 0.87187 51824.1 45183.9 0 0 
2010 2 1 3 0 0 0.164153 0.760102 0.924255 273493 178483 135665 2.15739e+006 0.0147725 0.0147725 31869.9 31869.9 1 0.94676 4040.17 3825.08 0 0 
2010 3 1 0 0 0 0.206689 0.0166988 0.223388 4.71943e+007 4.22945e+007 706266 298472 0.0049912 0.0049912 1489.73 1489.73 1 0 235556 0 0 0 
2010 3 1 1 0 0 0.182157 0.100015 0.282172 1.06024e+007 9.2379e+006 923925 2.4124e+006 0.0072118 0.0072118 17397.8 17397.8 1 0.409297 76462.7 31295.9 0 0 
2010 3 1 2 0 0 0.159284 0.219392 0.378676 1.73306e+006 1.4427e+006 316518 683264 0.00941573 0.00941573 6433.42 6433.42 1 0.87187 16318 14227.2 0 0 
2010 3 1 3 0 0 0.159284 0.509437 0.668721 108530 79140.6 40317.1 90603 0.0130153 0.0130153 1179.23 1179.23 1 0.94676 1412.55 1337.34 0 0 
2010 4 1 0 0 0 0.308964 0 0.308964 3.77462e+007 3.2472e+007 0 0 0.00384724 0.00384724 0 0 1 0 145219 0 0 0 
2010 4 1 1 0 0 0.226391 0 0.226391 7.99578e+006 7.1553e+006 0 0 0.00711952 0.00711952 0 0 1 0.409297 56926.1 23299.7 0 0 
2010 4 1 2 0 0 0.196778 0 0.196778 1.18674e+006 1.07728e+006 0 0 0.00949421 0.00949421 0 0 1 0.87187 11267.2 9823.52 0 0 
2010 4 1 3 0 0 0.196778 0 0.196778 55606.6 50477.4 0 0 0.0107135 0.0107135 0 0 1 0.94676 595.744 564.026 0 0 
2011 1 1 0 0 0 0.510709 0.00109825 0.511808 9.13462e+007 7.14961e+007 78520.7 2469.28 0.00515453 0.00515453 12.728 12.728 1 0 470847 0 0 0 
2011 1 1 1 0 0 0.436909 0.210703 0.647612 2.77136e+007 2.03999e+007 4.29832e+006 1.84721e+006 0.00850677 0.00850677 15713.8 15713.8 1 0.409297 235753 96492.9 0 0 
2011 1 1 2 0 0 0.385712 0.350177 0.735889 6.37588e+006 4.51336e+006 1.58047e+006 1.10502e+006 0.010108 0.010108 11169.5 11169.5 1 0.87187 64447.4 56189.7 0 0 
2011 1 1 3 0 0 0.181774 0.306468 0.488241 1.02043e+006 807363 247430 281708 0.0134156 0.0134156 3779.28 3779.28 1 0.94676 13689.7 12960.9 0 0 
2011 2 1 0 0 0 0.380865 0.00754948 0.388414 5.47539e+007 4.53731e+007 342544 420004 0.0043622 0.0043622 1832.14 1832.14 1 0 238848 0 0 0 
2011 2 1 1 0 0 0.2385 0.222965 0.461465 1.45023e+007 1.16166e+007 2.59009e+006 4.23406e+006 0.00885539 0.00885539 37494.2 37494.2 1 0.409297 128424 52563.4 0 0 
2011 2 1 2 0 0 0.19339 0.708597 0.901988 3.05456e+006 2.01237e+006 1.42596e+006 2.91797e+006 0.0113763 0.0113763 33195.8 33195.8 1 0.87187 34749.6 30297.1 0 0 
2011 2 1 3 0 0 0.179386 0.686794 0.86618 626244 418936 287723 999295 0.0145475 0.0145475 14537.3 14537.3 1 0.94676 9110.28 8625.26 0 0 
2011 3 1 0 0 0 0.228674 0.0150883 0.243762 3.71304e+007 3.29512e+007 497177 57320.2 0.00420793 0.00420793 241.199 241.199 1 0 156242 0 0 0 
2011 3 1 1 0 0 0.2021 0.0903688 0.292469 9.14168e+006 7.92618e+006 716279 250247 0.0101804 0.0101804 2547.61 2547.61 1 0.409297 93065.8 38091.5 0 0 
2011 3 1 2 0 0 0.17924 0.198233 0.377473 1.23942e+006 1.03235e+006 204646 95834.3 0.012779 0.012779 1224.67 1224.67 1 0.87187 15838.6 13809.2 0 0 
2011 3 1 3 0 0 0.17924 0.460304 0.639544 263370 194566 89559.6 42265.8 0.0171283 0.0171283 723.94 723.94 1 0.94676 4511.07 4270.9 0 0 
2011 4 1 0 0 0 0.338047 0 0.338047 2.90981e+007 2.46902e+007 0 0 0.00497387 0.00497387 0 0 1 0 144730 0 0 0 
2011 4 1 1 0 0 0.25361 0 0.25361 6.82352e+006 6.027e+006 0 0 0.0092044 0.0092044 0 0 1 0.409297 62806.4 25706.5 0 0 
2011 4 1 2 0 0 0.224318 0 0.224318 849739 761177 0 0 0.0122745 0.0122745 0 0 1 0.87187 10430.1 9093.7 0 0 
2011 4 1 3 0 0 0.224318 0 0.224318 138936 124456 0 0 0.0138509 0.0138509 0 0 1 0.94676 1924.39 1821.94 0 0 
2012 1 1 0 0 0 0.509197 0.00168879 0.510886 7.29286e+007 5.71049e+007 96437.9 147896 0.00849014 0.00849014 1255.66 1255.66 1 0 619174 0 0 0 
2012 1 1 1 0 0 0.431549 0.323999 0.755548 2.07517e+007 1.45636e+007 4.7186e+006 2.5277e+006 0.00866407 0.00866407 21900.2 21900.2 1 0.409297 179794 73589.1 0 0 
2012 1 1 2 0 0 0.34403 0.538468 0.882498 5.29501e+006 3.51753e+006 1.89408e+006 729427 0.0105978 0.0105978 7730.31 7730.31 1 0.87187 56115.5 48925.4 0 0 
2012 1 1 3 0 0 0.176187 0.471257 0.647444 790012 581570 274069 121665 0.0150296 0.0150296 1828.58 1828.58 1 0.94676 11873.6 11241.4 0 0 
2012 2 1 0 0 0 0.368348 0.0116089 0.379957 4.37545e+007 3.6402e+007 422587 187098 0.00719126 0.00719126 1345.47 1345.47 1 0 314650 0 0 0 
2012 2 1 1 0 0 0.23833 0.342854 0.581184 9.74816e+006 7.39291e+006 2.53469e+006 3.75623e+006 0.00866592 0.00866592 32551.2 32551.2 1 0.409297 84476.8 34576.1 0 0 
2012 2 1 2 0 0 0.19095 1.08961 1.28056 2.1908e+006 1.23541e+006 1.34612e+006 1.69025e+006 0.011949 0.011949 20196.8 20196.8 1 0.87187 26177.9 22823.7 0 0 
2012 2 1 3 0 0 0.178242 1.05609 1.23433 413478 237492 250812 281071 0.0152363 0.0152363 4282.49 4282.49 1 0.94676 6299.89 5964.48 0 0 
2012 3 1 0 0 0 0.218933 0.0232013 0.242135 2.99233e+007 2.65761e+007 616600 78240.3 0.0039855 0.0039855 311.827 311.827 1 0 119259 0 0 0 
2012 3 1 1 0 0 0.175767 0.13896 0.314728 5.45152e+006 4.67699e+006 649916 463743 0.00692114 0.00692114 3209.63 3209.63 1 0.409297 37730.7 15443.1 0 0 
2012 3 1 2 0 0 0.145276 0.304824 0.4501 608782 490211 149428 86910 0.0112522 0.0112522 977.933 977.933 1 0.87187 6850.16 5972.45 0 0 
2012 3 1 3 0 0 0.145276 0.707812 0.853088 120335 80953.4 57299.8 30156.6 0.014584 0.014584 439.805 439.805 1 0.94676 1754.96 1661.53 0 0 
2012 4 1 0 0 0 0.291783 0 0.291783 2.34883e+007 2.03719e+007 0 0 0.00472648 0.00472648 0 0 1 0 111017 0 0 0 
2012 4 1 1 0 0 0.225115 0 0.225115 3.97954e+006 3.56342e+006 0 0 0.0087466 0.0087466 0 0 1 0.409297 34807.5 14246.6 0 0 
2012 4 1 2 0 0 0.17962 0 0.17962 388137 355276 0 0 0.011664 0.011664 0 0 1 0.87187 4527.24 3947.16 0 0 
2012 4 1 3 0 0 0.17962 0 0.17962 51274.2 46933 0 0 0.013162 0.013162 0 0 1 0.94676 674.871 638.941 0 0 
2013 1 1 0 0 0 0.39911 0.00143773 0.400547 1.7252e+008 1.42155e+008 204380 10002.5 0.00611047 0.00611047 61.1198 61.1198 1 0 1.05418e+006 0 0 0 
2013 1 1 1 0 0 0.367119 0.275833 0.642952 1.75442e+007 1.29411e+007 3.56959e+006 1.97336e+006 0.0095783 0.0095783 18901.5 18901.5 1 0.409297 168043 68779.5 0 0 
2013 1 1 2 0 0 0.285316 0.458419 0.743735 3.17736e+006 2.24146e+006 1.02753e+006 411558 0.0120237 0.0120237 4948.47 4948.47 1 0.87187 38203.8 33308.7 0 0 
2013 1 1 3 0 0 0.149522 0.401199 0.550722 367167 282326 113269 72704.6 0.0150402 0.0150402 1093.49 1093.49 1 0.94676 5522.27 5228.27 0 0 
2013 2 1 0 0 0 0.271071 0.00988309 0.280954 1.15581e+008 1.00764e+008 995856 462029 0.00430684 0.00430684 1989.88 1989.88 1 0 497787 0 0 0 
2013 2 1 1 0 0 0.208518 0.291885 0.500403 9.22363e+006 7.25709e+006 2.11824e+006 2.17697e+006 0.00970972 0.00970972 21137.8 21137.8 1 0.409297 89558.9 36656.2 0 0 
2013 2 1 2 0 0 0.163763 0.927631 1.09139 1.51031e+006 919217 852694 745578 0.0124183 0.0124183 9258.79 9258.79 1 0.87187 18755.5 16352.3 0 0 
2013 2 1 3 0 0 0.157688 0.899088 1.05678 211684 130688 117500 144434 0.0155616 0.0155616 2247.62 2247.62 1 0.94676 3294.14 3118.76 0 0 
2013 3 1 0 0 0 0.206458 0.0197522 0.22621 8.72706e+007 7.81039e+007 1.54272e+006 193678 0.0025976 0.0025976 503.1 503.1 1 0 226694 0 0 0 
2013 3 1 1 0 0 0.174999 0.118302 0.293301 5.59216e+006 4.8467e+006 573376 1553.69 0.00510353 0.00510353 7.92932 7.92932 1 0.409297 28539.7 11681.2 0 0 
2013 3 1 2 0 0 0.148285 0.259509 0.407794 507085 416423 108065 2446.72 0.00710195 0.00710195 17.3765 17.3765 1 0.87187 3601.29 3139.85 0 0 
2013 3 1 3 0 0 0.148285 0.602588 0.750873 73576.1 51741.8 31179 4794.06 0.00837077 0.00837077 40.13 40.13 1 0.94676 615.888 583.099 0 0 
2013 4 1 0 0 0 0.269965 0 0.269965 6.96027e+007 6.09989e+007 0 0 0.00218666 0.00218666 0 0 1 0 152197 0 0 0 
2013 4 1 1 0 0 0.220852 0 0.220852 4.17062e+006 3.74219e+006 0 0 0.00944896 0.00944896 0 0 1 0.409297 39408 16129.6 0 0 
2013 4 1 2 0 0 0.178284 0 0.178284 337270 308915 0 0 0.0127916 0.0127916 0 0 1 0.87187 4314.22 3761.43 0 0 
2013 4 1 3 0 0 0.178284 0 0.178284 34724.5 31805.2 0 0 0.0152721 0.0152721 0 0 1 0.94676 530.316 502.082 0 0 
2014 1 1 0 0 0 0.366997 0.000712258 0.367709 1.90857e+008 1.597e+008 113748 2.64087e+006 0.00859201 0.00859201 22690.4 22690.4 1 0 1.63985e+006 0 0 0 
2014 1 1 1 0 0 0.335006 0.136649 0.471655 5.31352e+007 4.23625e+007 5.78879e+006 9.49901e+006 0.00856306 0.00856306 81340.6 81340.6 1 0.409297 455000 186230 0 0 
2014 1 1 2 0 0 0.245037 0.227103 0.47214 3.34415e+006 2.66556e+006 605356 627237 0.0103939 0.0103939 6519.42 6519.42 1 0.87187 34758.6 30305 0 0 
2014 1 1 3 0 0 0.139866 0.198756 0.338622 311250 264029 52477.3 105519 0.0168023 0.0168023 1772.95 1772.95 1 0.94676 5229.7 4951.27 0 0 
2014 2 1 0 0 0 0.2574 0.00489613 0.262296 1.32134e+008 1.16226e+008 569056 1.21508e+006 0.0070411 0.0070411 8555.5 8555.5 1 0 930368 0 0 0 
2014 2 1 1 0 0 0.198342 0.144601 0.342943 3.31547e+007 2.80674e+007 4.05858e+006 4.04624e+006 0.00792253 0.00792253 32056.5 32056.5 1 0.409297 262669 107510 0 0 
2014 2 1 2 0 0 0.166907 0.459552 0.62646 2.08563e+006 1.54982e+006 712226 323320 0.0115736 0.0115736 3741.99 3741.99 1 0.87187 24138.4 21045.5 0 0 
2014 2 1 3 0 0 0.153553 0.445412 0.598965 221844 166900 74339.3 92685 0.0138705 0.0138705 1285.59 1285.59 1 0.94676 3077.08 2913.26 0 0 
2014 3 1 0 0 0 0.211477 0.00978531 0.221263 1.01648e+008 9.11884e+007 892307 1.75594e+006 0.00530595 0.00530595 9316.95 9316.95 1 0 539342 0 0 0 
2014 3 1 1 0 0 0.180861 0.0586076 0.239468 2.35292e+007 2.0924e+007 1.2263e+006 2.49688e+006 0.00828295 0.00828295 20681.6 20681.6 1 0.409297 194891 79768.2 0 0 
2014 3 1 2 0 0 0.153405 0.128562 0.281967 1.11473e+006 971358 124880 177328 0.0115521 0.0115521 2048.51 2048.51 1 0.87187 12877.5 11227.5 0 0 
2014 3 1 3 0 0 0.153405 0.298525 0.45193 121877 98056 29272.2 21685.2 0.0118834 0.0118834 257.693 257.693 1 0.94676 1448.3 1371.2 0 0 
2014 4 1 0 0 0 0.271934 0 0.271934 8.14719e+007 7.13338e+007 0 0 0.00650406 0.00650406 0 0 1 0 529898 0 0 0 
2014 4 1 1 0 0 0.227089 0 0.227089 1.85185e+007 1.65664e+007 0 0 0.00986695 0.00986695 0 0 1 0.409297 182721 74787.3 0 0 
2014 4 1 2 0 0 0.183693 0 0.183693 840840 768131 0 0 0.0101343 0.0101343 0 0 1 0.87187 8521.32 7429.48 0 0 
2014 4 1 3 0 0 0.183693 0 0.183693 77562.1 70855.1 0 0 0.0115319 0.0115319 0 0 1 0.94676 894.438 846.819 0 0 
2015 1 1 0 0 0 0.365098 0.0017121 0.36681 9.87586e+007 8.26714e+007 141542 1.68264e+006 0.00760931 0.00760931 12803.7 12803.7 1 0 751485 0 0 0 
2015 1 1 1 0 0 0.339272 0.328472 0.667744 6.20738e+007 4.52843e+007 1.48746e+007 1.29478e+007 0.0081576 0.0081576 105623 105623 1 0.409297 506373 207257 0 0 
2015 1 1 2 0 0 0.249068 0.545902 0.794971 1.47565e+007 1.01797e+007 5.55711e+006 2.92687e+006 0.0104274 0.0104274 30519.6 30519.6 1 0.87187 153872 134156 0 0 
2015 1 1 3 0 0 0.139477 0.477763 0.61724 764286 570291 272464 161595 0.0149709 0.0149709 2419.22 2419.22 1 0.94676 11442 10832.9 0 0 
2015 2 1 0 0 0 0.237086 0.0117691 0.248855 6.8434e+007 6.05834e+007 713014 615375 0.00717827 0.00717827 4417.33 4417.33 1 0 491238 0 0 0 
2015 2 1 1 0 0 0.193542 0.347588 0.54113 3.18354e+007 2.45862e+007 8.54586e+006 1.08621e+007 0.00877419 0.00877419 95305.9 95305.9 1 0.409297 279330 114329 0 0 
2015 2 1 2 0 0 0.163729 1.10466 1.26839 6.66396e+006 3.77605e+006 4.17123e+006 1.63243e+006 0.010944 0.010944 17865.3 17865.3 1 0.87187 72930.5 63585.9 0 0 
2015 2 1 3 0 0 0.14918 1.07067 1.21985 412280 238180 255012 226924 0.0154799 0.0154799 3512.76 3512.76 1 0.94676 6382.06 6042.29 0 0 
2015 3 1 0 0 0 0.21229 0.0235216 0.235811 5.33575e+007 4.7533e+007 1.11805e+006 374504 0.00381443 0.00381443 1428.52 1428.52 1 0 203528 0 0 0 
2015 3 1 1 0 0 0.177209 0.140879 0.318088 1.85311e+007 1.5873e+007 2.23617e+006 1.92603e+006 0.00783325 0.00783325 15087.1 15087.1 1 0.409297 145159 59413 0 0 
2015 3 1 2 0 0 0.148989 0.309032 0.458021 1.87447e+006 1.50387e+006 464745 733105 0.0107331 0.0107331 7868.52 7868.52 1 0.87187 20119 17541.1 0 0 
2015 3 1 3 0 0 0.148989 0.717584 0.866573 121736 81423.6 58428.3 90222.5 0.015252 0.015252 1376.07 1376.07 1 0.94676 1856.72 1757.87 0 0 
2015 4 1 0 0 0 0.277894 0 0.277894 4.21486e+007 3.6799e+007 0 0 0.00441469 0.00441469 0 0 1 0 186073 0 0 0 
2015 4 1 1 0 0 0.224352 0 0.224352 1.34821e+007 1.20767e+007 0 0 0.00816961 0.00816961 0 0 1 0.409297 110143 45081.3 0 0 
2015 4 1 2 0 0 0.180532 0 0.180532 1.18567e+006 1.0848e+006 0 0 0.0108946 0.0108946 0 0 1 0.87187 12917.3 11262.2 0 0 
2015 4 1 3 0 0 0.180532 0 0.180532 51176.6 46823 0 0 0.0122937 0.0122937 0 0 1 0.94676 629.152 595.656 0 0 
2016 1 1 0 0 0 0.377068 0.00278721 0.379855 1.60108e+008 1.3321e+008 371284 4.45062e+006 0.00409519 0.00409519 18226.1 18226.1 1 0 655671 0 0 0 
2016 1 1 1 0 0 0.347132 0.534737 0.881869 3.19224e+007 2.12121e+007 1.13429e+007 1.2775e+007 0.00774155 0.00774155 98898.6 98898.6 1 0.409297 247129 101149 0 0 
2016 1 1 2 0 0 0.259807 0.888702 1.14851 1.07726e+007 6.40529e+006 5.6924e+006 4.53737e+006 0.01117 0.01117 50682.3 50682.3 1 0.87187 120330 104912 0 0 
2016 1 1 3 0 0 0.142955 0.777774 0.920729 1.03255e+006 674856 524885 439570 0.0144957 0.0144957 6371.89 6371.89 1 0.94676 14967.6 14170.7 0 0 
2016 2 1 0 0 0 0.255186 0.0191596 0.274345 1.09507e+008 9.57704e+007 1.83492e+006 3.59324e+006 0.00507121 0.00507121 18222.1 18222.1 1 0 555335 0 0 0 
2016 2 1 1 0 0 0.200134 0.565855 0.765989 1.32162e+007 9.23291e+006 5.22449e+006 1.45184e+006 0.00744878 0.00744878 10814.5 10814.5 1 0.409297 98444.2 40292.9 0 0 
2016 2 1 2 0 0 0.1648 1.79833 1.96313 3.4161e+006 1.49579e+006 2.68991e+006 1.25121e+006 0.0118253 0.0118253 14795.9 14795.9 1 0.87187 40396.4 35220.4 0 0 
2016 2 1 3 0 0 0.153473 1.74299 1.89647 411191 184275 321191 301252 0.0145126 0.0145126 4371.94 4371.94 1 0.94676 5967.44 5649.73 0 0 
2016 3 1 0 0 0 0.21229 0.038292 0.250582 8.32332e+007 7.3624e+007 2.81921e+006 533954 0.0072883 0.0072883 3891.62 3891.62 1 0 606628 0 0 0 
2016 3 1 1 0 0 0.177209 0.229344 0.406553 6.14384e+006 5.0483e+006 1.1578e+006 47714.9 0.0143193 0.0143193 683.247 683.247 1 0.409297 87975.9 36008.2 0 0 
2016 3 1 2 0 0 0.148989 0.503089 0.652078 479685 352392 177285 7357.78 0.0199265 0.0199265 146.615 146.615 1 0.87187 9558.43 8333.71 0 0 
2016 3 1 3 0 0 0.148989 1.16819 1.31718 61719 34304.4 40074.1 2717.95 0.0234865 0.0234865 63.835 63.835 1 0.94676 1449.56 1372.39 0 0 
2016 4 1 0 0 0 0.277894 0 0.277894 6.47844e+007 5.65618e+007 0 0 0.00760257 0.00760257 0 0 1 0 492528 0 0 0 
2016 4 1 1 0 0 0.224352 0 0.224352 4.09144e+006 3.66496e+006 0 0 0.0140689 0.0140689 0 0 1 0.409297 57562.3 23560.1 0 0 
2016 4 1 2 0 0 0.180532 0 0.180532 249898 228639 0 0 0.0187616 0.0187616 0 0 1 0.87187 4688.48 4087.75 0 0 
2016 4 1 3 0 0 0.180532 0 0.180532 16533.9 15127.3 0 0 0.0211711 0.0211711 0 0 1 0.94676 350.041 331.405 0 0 
2017 1 1 0 0 0 0.377068 0.00154474 0.378613 2.30856e+008 1.92184e+008 296874 1.76781e+006 0.00640781 0.00640781 11327.8 11327.8 1 0 1.47928e+006 0 0 0 
2017 1 1 1 0 0 0.347132 0.296364 0.643496 4.90662e+007 3.6184e+007 1.07236e+007 9.07665e+006 0.00829699 0.00829699 75308.9 75308.9 1 0.409297 407102 166626 0 0 
2017 1 1 2 0 0 0.259807 0.49254 0.752347 3.2692e+006 2.29756e+006 1.13164e+006 738627 0.0102883 0.0102883 7599.23 7599.23 1 0.87187 33634.6 29325 0 0 
2017 1 1 3 0 0 0.142955 0.431061 0.574016 222424 169232 72949.2 88294.9 0.0139397 0.0139397 1230.81 1230.81 1 0.94676 3100.53 2935.46 0 0 
2017 2 1 0 0 0 0.255186 0.0106187 0.265804 1.58092e+008 1.38826e+008 1.47415e+006 1.30251e+006 0.00378133 0.00378133 4925.24 4925.24 1 0 597800 0 0 0 
2017 2 1 1 0 0 0.200134 0.313611 0.513745 2.5782e+007 2.01615e+007 6.32287e+006 2.79671e+006 0.00775978 0.00775978 21701.9 21701.9 1 0.409297 200062 81884.9 0 0 
2017 2 1 2 0 0 0.1648 0.996676 1.16148 1.54064e+006 911241 908211 182538 0.00986803 0.00986803 1801.29 1801.29 1 0.87187 15203.1 13255.1 0 0 
2017 2 1 3 0 0 0.153473 0.966008 1.11948 125282 75377.7 72815.5 82805.6 0.0162259 0.0162259 1343.59 1343.59 1 0.94676 2032.82 1924.59 0 0 
2017 3 1 0 0 0 0.21229 0.0212223 0.233512 1.21192e+008 1.08082e+008 2.29375e+006 658881 0.00420691 0.00420691 2771.85 2771.85 1 0 509843 0 0 0 
2017 3 1 1 0 0 0.177209 0.127108 0.304317 1.54241e+007 1.32982e+007 1.6903e+006 807010 0.00635559 0.00635559 5129.02 5129.02 1 0.409297 98029.1 40123 0 0 
2017 3 1 2 0 0 0.148989 0.278824 0.427813 482258 392363 109400 184005 0.00977594 0.00977594 1798.83 1798.83 1 0.87187 4714.52 4110.45 0 0 
2017 3 1 3 0 0 0.148989 0.64744 0.796428 40898.2 28195.5 18254.9 68052.1 0.0130191 0.0130191 885.975 885.975 1 0.94676 532.457 504.109 0 0 
2017 4 1 0 0 0 0.277894 0 0.277894 9.59535e+007 8.37748e+007 0 0 0.00760257 0.00760257 0 0 1 0 729493 0 0 0 
2017 4 1 1 0 0 0.224352 0 0.224352 1.13772e+007 1.01913e+007 0 0 0.0140689 0.0140689 0 0 1 0.409297 160066 65514.3 0 0 
2017 4 1 2 0 0 0.180532 0 0.180532 314400 287654 0 0 0.0187616 0.0187616 0 0 1 0.87187 5898.65 5142.85 0 0 
2017 4 1 3 0 0 0.180532 0 0.180532 18442.5 16873.6 0 0 0.0211711 0.0211711 0 0 1 0.94676 390.449 369.662 0 0 
2018 1 1 0 0 0  -1 -1 -1 0  -1  -1  -1 0.00640781  -1 -1 -1 -1  -1 0 0 0 0 
2018 1 1 1 0 0  -1 -1 -1 7.2673e+007  -1  -1  -1 0.00829699  -1 -1 -1 -1  -1 602967 246793 0 0 
2018 1 1 2 0 0  -1 -1 -1 9.09079e+006  -1  -1  -1 0.0102883  -1 -1 -1 -1  -1 93528.9 81545 0 0 
2018 1 1 3 0 0  -1 -1 -1 277865  -1  -1  -1 0.0139397  -1 -1 -1 -1  -1 3873.37 3667.15 0 0 
