Year Quarter Species.n Age M1 M2 M F Z N N.bar C.hat C.obs west weca Yield CWsum prop.landed propmat BIO SSB Lsea ration
1974 1 1 0 0 0 0.482857 0.000806277 0.483663 5.39633e+008 4.27856e+008 344970 0 0.00632446 0.00632446 0 0 1 0 3.41289e+006 0 0 0 
1974 1 1 1 0 0 0.456422 0.197501 0.653923 1.38904e+008 1.01959e+008 2.01371e+007 1.61011e+007 0.00832646 0.00832646 134065 134065 1 0.409297 1.15658e+006 473383 0 0 
1974 1 1 2 0 0 0.401885 0.331971 0.733856 1.07121e+007 7.58965e+006 2.51955e+006 2.15572e+006 0.0135262 0.0135262 29158.7 29158.7 1 0.87187 144894 126328 0 0 
1974 1 1 3 0 0 0.279594 0.303723 0.583316 474102 359208 109100 475613 0.0184048 0.0184048 8753.57 8753.57 1 0.94676 8725.75 8261.2 0 0 
1974 2 1 0 0 0 0.326748 0.00719338 0.333941 3.32695e+008 2.82845e+008 2.03461e+006 1.88415e+006 0.00584713 0.00584713 11016.9 11016.9 1 0 1.94531e+006 0 0 0 
1974 2 1 1 0 0 0.235424 0.222385 0.457809 7.22302e+007 5.79553e+007 1.28884e+007 1.15441e+007 0.00894888 0.00894888 103307 103307 1 0.409297 646379 264561 0 0 
1974 2 1 2 0 0 0.217345 0.755841 0.973186 5.14239e+006 3.28734e+006 2.48471e+006 866399 0.0149823 0.0149823 12980.6 12980.6 1 0.87187 77044.6 67172.8 0 0 
1974 2 1 3 0 0 0.187755 0.705911 0.893666 264570 174920 123478 48228.1 0.0196945 0.0196945 949.829 949.829 1 0.94676 5210.57 4933.16 0 0 
1974 3 1 0 0 0 0.296626 0.0161084 0.312734 2.38242e+008 2.04586e+008 3.29556e+006 2.8427e+006 0.0049933 0.0049933 14194.5 14194.5 1 0 1.18961e+006 0 0 0 
1974 3 1 1 0 0 0.27469 0.0934113 0.368101 4.56978e+007 3.82307e+007 3.57118e+006 1.10913e+007 0.00774447 0.00774447 85896.3 85896.3 1 0.409297 353905 144852 0 0 
1974 3 1 2 0 0 0.174943 0.206043 0.380986 1.94319e+006 1.61588e+006 332940 1.33604e+006 0.0150214 0.0150214 20069.1 20069.1 1 0.87187 29189.4 25449.4 0 0 
1974 3 1 3 0 0 0.174943 0.499276 0.674219 108250 78743.9 39314.9 34534.2 0.0196543 0.0196543 678.744 678.744 1 0.94676 2127.57 2014.3 0 0 
1974 4 1 0 0 0 0.444899 0.0092984 0.454197 1.7426e+008 1.40055e+008 1.30228e+006 1.30233e+006 0.0065831 0.0065831 8573.38 8573.38 1 0 1.14717e+006 0 0 0 
1974 4 1 1 0 0 0.409145 0.101403 0.510549 3.1625e+007 2.4767e+007 2.51146e+006 2.51132e+006 0.0106994 0.0106994 26869.5 26869.5 1 0.409297 338368 138493 0 0 
1974 4 1 2 0 0 0.3178 0.373443 0.691242 1.32756e+006 958443 357923 359117 0.0183478 0.0183478 6589.02 6589.02 1 0.87187 24357.9 21236.9 0 0 
1974 4 1 3 0 0 0.3178 0.373443 0.691242 55159.1 39822.4 14871.4 14821.6 0.0163205 0.0163205 241.896 241.896 1 0.94676 900.224 852.296 0 0 
1975 1 1 0 0 0 0.51835 0.00145149 0.519802 7.2151e+008 5.62662e+008 816699 250931 0.00483392 0.00483392 1212.98 1212.98 1 0 3.48772e+006 0 0 0 
1975 1 1 1 0 0 0.492266 0.355549 0.847815 1.10648e+008 7.46058e+007 2.6526e+007 2.77235e+007 0.0086133 0.0086133 238791 238791 1 0.409297 953044 390078 0 0 
1975 1 1 2 0 0 0.422257 0.597628 1.01989 1.89803e+007 1.18987e+007 7.11099e+006 1.00526e+007 0.0129155 0.0129155 129834 129834 1 0.87187 245140 213730 0 0 
1975 1 1 3 0 0 0.236604 0.546774 0.783379 692679 480256 262591 260182 0.0171986 0.0171986 4474.76 4474.76 1 0.94676 11913.1 11278.9 0 0 
1975 2 1 0 0 0 0.289484 0.0129498 0.302433 4.29038e+008 3.70234e+008 4.79446e+006 1.17957e+006 0.00754079 0.00754079 8894.86 8894.86 1 0 3.23528e+006 0 0 0 
1975 2 1 1 0 0 0.220191 0.400346 0.620537 4.7396e+007 3.53134e+007 1.41376e+007 1.45419e+007 0.0110761 0.0110761 161067 161067 1 0.409297 524961 214865 0 0 
1975 2 1 2 0 0 0.199951 1.36069 1.56065 6.84497e+006 3.46493e+006 4.71471e+006 4.37841e+006 0.0168117 0.0168117 73608.7 73608.7 1 0.87187 115076 100331 0 0 
1975 2 1 3 0 0 0.169448 1.27081 1.44026 316457 167678 213086 166807 0.0216322 0.0216322 3608.4 3608.4 1 0.94676 6845.66 6481.2 0 0 
1975 3 1 0 0 0 0.329164 0.028999 0.358163 3.17066e+008 2.66499e+008 7.72819e+006 5.24002e+006 0.00480279 0.00480279 25166.8 25166.8 1 0 1.5228e+006 0 0 0 
1975 3 1 1 0 0 0.298634 0.168163 0.466797 2.54827e+007 2.03619e+007 3.42411e+006 4.75588e+006 0.0105762 0.0105762 50299 50299 1 0.409297 269510 110310 0 0 
1975 3 1 2 0 0 0.218145 0.370927 0.589071 1.43745e+006 1.08627e+006 402927 2.20678e+006 0.0154459 0.0154459 34085.8 34085.8 1 0.87187 22202.7 19357.9 0 0 
1975 3 1 3 0 0 0.218145 0.898816 1.11696 74958.3 45146.1 40578.1 66185.8 0.0191701 0.0191701 1268.79 1268.79 1 0.94676 1436.96 1360.46 0 0 
1975 4 1 0 0 0 0.473564 0 0.473564 2.21616e+008 1.7653e+008 0 0 0.00616806 0.00616806 0 0 1 0 1.36694e+006 0 0 0 
1975 4 1 1 0 0 0.44162 0 0.44162 1.59779e+007 1.29165e+007 0 0 0.0116102 0.0116102 0 0 1 0.409297 185506 75926.8 0 0 
1975 4 1 2 0 0 0.422889 0 0.422889 797557 650375 0 0 0.016961 0.016961 0 0 1 0.87187 13527.3 11794.1 0 0 
1975 4 1 3 0 0 0.422889 0 0.422889 24531.8 20004.7 0 0 0.0171267 0.0171267 0 0 1 0.94676 420.148 397.78 0 0 
1976 1 1 0 0 0 0.489721 0.00151754 0.491238 3.39398e+008 2.68161e+008 406945 2.14321e+006 0.00487682 0.00487682 10452.1 10452.1 1 0 1.65518e+006 0 0 0 
1976 1 1 1 0 0 0.466338 0.371728 0.838066 1.38018e+008 9.34519e+007 3.47386e+007 4.22098e+007 0.00700833 0.00700833 295820 295820 1 0.409297 967275 395903 0 0 
1976 1 1 2 0 0 0.415041 0.624822 1.03986 1.02737e+007 6.38728e+006 3.99091e+006 2.88865e+006 0.0113282 0.0113282 32723.3 32723.3 1 0.87187 116382 101470 0 0 
1976 1 1 3 0 0 0.290053 0.571654 0.861707 538592 360992 206362 180913 0.0133523 0.0133523 2415.6 2415.6 1 0.94676 7191.45 6808.58 0 0 
1976 2 1 0 0 0 0.317874 0.0135391 0.331413 2.07667e+008 1.76761e+008 2.39318e+006 7.43966e+006 0.00433913 0.00433913 32281.7 32281.7 1 0 901093 0 0 0 
1976 2 1 1 0 0 0.241554 0.418563 0.660117 5.96992e+007 4.37001e+007 1.82913e+007 1.87627e+007 0.00895333 0.00895333 167989 167989 1 0.409297 534507 218772 0 0 
1976 2 1 2 0 0 0.224652 1.42261 1.64726 3.63177e+006 1.78015e+006 2.53246e+006 1.61314e+006 0.0153303 0.0153303 24729.9 24729.9 1 0.87187 55676.2 48542.4 0 0 
1976 2 1 3 0 0 0.194676 1.32863 1.52331 227523 116802 155187 88603.8 0.0190226 0.0190226 1685.47 1685.47 1 0.94676 4328.08 4097.65 0 0 
1976 3 1 0 0 0 0.364067 0.0303185 0.394385 1.49086e+008 1.23199e+008 3.73521e+006 7.70342e+006 0.00220921 0.00220921 17018.5 17018.5 1 0 329362 0 0 0 
1976 3 1 1 0 0 0.332446 0.175815 0.508261 3.0852e+007 2.41869e+007 4.25241e+006 6.92535e+006 0.0058604 0.0058604 40585.3 40585.3 1 0.409297 180805 74002.9 0 0 
1976 3 1 2 0 0 0.240275 0.387805 0.62808 699394 519339 201402 267638 0.0104328 0.0104328 2792.22 2792.22 1 0.87187 7296.67 6361.75 0 0 
1976 3 1 3 0 0 0.240275 0.939715 1.17999 49597.5 29116.4 27361.2 8289.41 0.0126397 0.0126397 104.776 104.776 1 0.94676 626.898 593.522 0 0 
1976 4 1 0 0 0 0.48538 0 0.48538 1.00498e+008 7.96182e+007 0 0 0.0033842 0.0033842 0 0 1 0 340105 0 0 0 
1976 4 1 1 0 0 0.443045 0 0.443045 1.85587e+007 1.4993e+007 0 0 0.00569468 0.00569468 0 0 1 0.409297 105686 43257 0 0 
1976 4 1 2 0 0 0.420767 0 0.420767 373207 304636 0 0 0.00850104 0.00850104 0 0 1 0.87187 3172.65 2766.14 0 0 
1976 4 1 3 0 0 0.420767 0 0.420767 15240.4 12440.2 0 0 0.0106209 0.0106209 0 0 1 0.94676 161.867 153.249 0 0 
1977 1 1 0 0 0 0.4405 0.00130753 0.441808 6.53859e+008 5.28534e+008 691075 2.69019e+006 0.00536393 0.00536393 14430 14430 1 0 3.50725e+006 0 0 0 
1977 1 1 1 0 0 0.410663 0.320285 0.730948 6.18527e+007 4.38794e+007 1.40539e+007 1.27861e+007 0.0082469 0.0082469 105445 105445 1 0.409297 510093 208779 0 0 
1977 1 1 2 0 0 0.368355 0.538355 0.90671 1.19162e+007 7.83471e+006 4.21786e+006 5.18187e+006 0.0126093 0.0126093 65339.6 65339.6 1 0.87187 150254 131002 0 0 
1977 1 1 3 0 0 0.312123 0.492545 0.804668 255033 175194 86290.7 109712 0.0179676 0.0179676 1971.27 1971.27 1 0.94676 4582.33 4338.36 0 0 
1977 2 1 0 0 0 0.372886 0.0116654 0.384551 4.20348e+008 3.48962e+008 4.07079e+006 2.52008e+006 0.00586997 0.00586997 14792.8 14792.8 1 0 2.46743e+006 0 0 0 
1977 2 1 1 0 0 0.244527 0.360639 0.605167 2.97791e+007 2.23413e+007 8.05715e+006 4.90459e+006 0.0109601 0.0109601 53754.7 53754.7 1 0.409297 326381 133587 0 0 
1977 2 1 2 0 0 0.227433 1.22574 1.45317 4.81235e+006 2.53727e+006 3.11003e+006 3.67915e+006 0.0146457 0.0146457 53883.7 53883.7 1 0.87187 70480.1 61449.5 0 0 
1977 2 1 3 0 0 0.19914 1.14477 1.34391 114060 62735.1 71817.3 67687.9 0.0195727 0.0195727 1324.84 1324.84 1 0.94676 2232.46 2113.61 0 0 
1977 3 1 0 0 0 0.379611 0.0261229 0.405734 2.86155e+008 2.35219e+008 6.14458e+006 1.58572e+007 0.00225275 0.00225275 35722.4 35722.4 1 0 644636 0 0 0 
1977 3 1 1 0 0 0.351334 0.151484 0.502819 1.62589e+007 1.27782e+007 1.9357e+006 1.84347e+006 0.00797474 0.00797474 14701.2 14701.2 1 0.409297 129661 53069.7 0 0 
1977 3 1 2 0 0 0.248324 0.334138 0.582462 1.12526e+006 852892 284984 2.20088e+006 0.0106178 0.0106178 23368.5 23368.5 1 0.87187 11947.8 10416.9 0 0 
1977 3 1 3 0 0 0.248324 0.809671 1.05799 29749.6 18357.3 14863.4 37835.5 0.0138106 0.0138106 522.532 522.532 1 0.94676 410.86 388.986 0 0 
1977 4 1 0 0 0 0.489556 0 0.489556 1.90718e+008 1.50805e+008 0 0 0.00247276 0.00247276 0 0 1 0 471601 0 0 0 
1977 4 1 1 0 0 0.43967 0 0.43967 9.83377e+006 7.95681e+006 0 0 0.00633335 0.00633335 0 0 1 0.409297 62280.7 25491.3 0 0 
1977 4 1 2 0 0 0.431873 0 0.431873 628481 510367 0 0 0.00825311 0.00825311 0 0 1 0.87187 5186.92 4522.32 0 0 
1977 4 1 3 0 0 0.431873 0 0.431873 10327.6 8386.66 0 0 0.0121792 0.0121792 0 0 1 0.94676 125.782 119.086 0 0 
1978 1 1 0 0 0 0.411115 0.000898084 0.412013 1.01665e+009 8.33239e+008 748318 454090 0.00380169 0.00380169 1726.31 1726.31 1 0 3.86497e+006 0 0 0 
1978 1 1 1 0 0 0.397839 0.219989 0.617828 1.16891e+008 8.71981e+007 1.91827e+007 3.21845e+007 0.00686812 0.00686812 221047 221047 1 0.409297 802821 328592 0 0 
1978 1 1 2 0 0 0.384897 0.369772 0.754669 6.33539e+006 4.44792e+006 1.64471e+006 427473 0.0121643 0.0121643 5199.92 5199.92 1 0.87187 77065.7 67191.2 0 0 
1978 1 1 3 0 0 0.329772 0.338307 0.668079 414773 302542 102352 96434.7 0.0146079 0.0146079 1408.7 1408.7 1 0.94676 6058.95 5736.38 0 0 
1978 2 1 0 0 0 0.347257 0.00801246 0.35527 6.7334e+008 5.66722e+008 4.54083e+006 5.51766e+006 0.00438632 0.00438632 24202.3 24202.3 1 0 2.95349e+006 0 0 0 
1978 2 1 1 0 0 0.230318 0.247707 0.478025 6.30176e+007 5.00942e+007 1.24087e+007 1.0345e+007 0.0103184 0.0103184 106744 106744 1 0.409297 650241 266142 0 0 
1978 2 1 2 0 0 0.218406 0.841905 1.06031 2.97869e+006 1.83628e+006 1.54597e+006 1.20958e+006 0.0155213 0.0155213 18774.4 18774.4 1 0.87187 46233.2 40309.3 0 0 
1978 2 1 3 0 0 0.192224 0.78629 0.978514 212651 135636 106650 116695 0.0196403 0.0196403 2291.94 2291.94 1 0.94676 4176.54 3954.18 0 0 
1978 3 1 0 0 0 0.381769 0.0179426 0.399712 4.72001e+008 3.89075e+008 6.98102e+006 6.15461e+006 0.00309097 0.00309097 19023.7 19023.7 1 0 1.45894e+006 0 0 0 
1978 3 1 1 0 0 0.356481 0.104048 0.460528 3.90713e+007 3.13103e+007 3.25776e+006 4.97357e+006 0.0088622 0.0088622 44076.8 44076.8 1 0.409297 346258 141722 0 0 
1978 3 1 2 0 0 0.207538 0.229504 0.437042 1.03166e+006 835769 191812 1.11904e+006 0.0123428 0.0123428 13812.2 13812.2 1 0.87187 12733.6 11102.1 0 0 
1978 3 1 3 0 0 0.207538 0.556126 0.763664 79929 55895.8 31085.1 29941.3 0.0166014 0.0166014 497.066 497.066 1 0.94676 1326.93 1256.29 0 0 
1978 4 1 0 0 0 0.444771 0 0.444771 3.16483e+008 2.55472e+008 0 0 0.00195119 0.00195119 0 0 1 0 617517 0 0 0 
1978 4 1 1 0 0 0.396387 0 0.396387 2.46521e+007 2.03525e+007 0 0 0.00518089 0.00518089 0 0 1 0.409297 127720 52275.3 0 0 
1978 4 1 2 0 0 0.3741 0 0.3741 666397 555940 0 0 0.00870696 0.00870696 0 0 1 0.87187 5802.29 5058.84 0 0 
1978 4 1 3 0 0 0.3741 0 0.3741 37243.4 31070.2 0 0 0.00938547 0.00938547 0 0 1 0.94676 349.547 330.937 0 0 
1979 1 1 0 0 0 0.436154 0.000607558 0.436762 5.27841e+008 4.27669e+008 259834 3.57939e+006 0.00497197 0.00497197 17796.6 17796.6 1 0 2.62441e+006 0 0 0 
1979 1 1 1 0 0 0.423949 0.148824 0.572773 2.02856e+008 1.5443e+008 2.29829e+007 3.68668e+007 0.00581055 0.00581055 214216 214216 1 0.409297 1.17871e+006 482441 0 0 
1979 1 1 2 0 0 0.418712 0.250152 0.668864 1.65846e+007 1.20928e+007 3.02505e+006 644042 0.00871421 0.00871421 5612.32 5612.32 1 0.87187 144522 126004 0 0 
1979 1 1 3 0 0 0.404555 0.228866 0.63342 484040 358568 82064 117139 0.0112681 0.0112681 1319.93 1319.93 1 0.94676 5454.21 5163.83 0 0 
1979 2 1 0 0 0 0.416075 0.00542046 0.421495 3.41051e+008 2.78294e+008 1.50848e+006 1.05292e+006 0.00565412 0.00565412 5953.34 5953.34 1 0 1.92835e+006 0 0 0 
1979 2 1 1 0 0 0.252009 0.167575 0.419584 1.14403e+008 9.34342e+007 1.56572e+007 1.13559e+007 0.010481 0.010481 119021 119021 1 0.409297 1.19905e+006 490768 0 0 
1979 2 1 2 0 0 0.245079 0.569552 0.814631 8.49612e+006 5.81124e+006 3.3098e+006 2.15226e+006 0.0149946 0.0149946 32272.4 32272.4 1 0.87187 127396 111073 0 0 
1979 2 1 3 0 0 0.22659 0.531929 0.758519 256915 180070 95784.5 63386.1 0.0173026 0.0173026 1096.75 1096.75 1 0.94676 4445.31 4208.64 0 0 
1979 3 1 0 0 0 0.393302 0.0121382 0.405441 2.23752e+008 1.83949e+008 2.23282e+006 3.88278e+006 0.0032166 0.0032166 12489.4 12489.4 1 0 719721 0 0 0 
1979 3 1 1 0 0 0.366066 0.0703887 0.436455 7.51992e+007 6.09368e+007 4.28926e+006 6.39926e+006 0.0076793 0.0076793 49141.8 49141.8 1 0.409297 577477 236359 0 0 
1979 3 1 2 0 0 0.231547 0.155261 0.386807 3.7621e+006 3.1199e+006 484397 332781 0.0128909 0.0128909 4289.83 4289.83 1 0.87187 48496.7 42282.8 0 0 
1979 3 1 3 0 0 0.231547 0.376222 0.607768 120329 90169.2 33923.6 25963.8 0.0164776 0.0164776 427.82 427.82 1 0.94676 1982.73 1877.17 0 0 
1979 4 1 0 0 0 0.444375 0 0.444375 1.49172e+008 1.20437e+008 0 0 0.00285703 0.00285703 0 0 1 0 426188 0 0 0 
1979 4 1 1 0 0 0.38935 0 0.38935 4.8603e+007 4.02584e+007 0 0 0.0105863 0.0105863 0 0 1 0.409297 514525 210594 0 0 
1979 4 1 2 0 0 0.376957 0 0.376957 2.5553e+006 2.1289e+006 0 0 0.0121166 0.0121166 0 0 1 0.87187 30961.6 26994.5 0 0 
1979 4 1 3 0 0 0.376957 0 0.376957 65526.8 54592.4 0 0 0.0153221 0.0153221 0 0 1 0.94676 1004.01 950.555 0 0 
1980 1 1 0 0 0 0.470002 0.00191607 0.471918 3.34515e+008 2.66663e+008 510946 0 0.00632446 0.00632446 0 0 1 0 2.11563e+006 0 0 0 
1980 1 1 1 0 0 0.463561 0.469351 0.932911 9.56525e+007 6.21948e+007 2.91912e+007 1.42376e+007 0.00519841 0.00519841 74012.7 74012.7 1 0.409297 497242 203519 0 0 
1980 1 1 2 0 0 0.443658 0.788913 1.23257 3.29284e+007 1.89266e+007 1.49315e+007 1.74214e+007 0.00682428 0.00682428 118888 118888 1 0.87187 224713 195920 0 0 
1980 1 1 3 0 0 0.415235 0.721782 1.13702 1.79775e+006 1.07393e+006 775142 1.48107e+006 0.00832205 0.00832205 12325.5 12325.5 1 0.94676 14960.9 14164.4 0 0 
1980 2 1 0 0 0 0.447383 0.0170947 0.464478 2.08672e+008 1.66917e+008 2.8534e+006 0 0.00510473 0.00510473 0 0 1 0 1.06522e+006 0 0 0 
1980 2 1 1 0 0 0.261263 0.528486 0.789749 3.76304e+007 2.6018e+007 1.37502e+007 9.41516e+006 0.0051586 0.0051586 48569.1 48569.1 1 0.409297 194120 79452.7 0 0 
1980 2 1 2 0 0 0.256933 1.79622 2.05315 9.60002e+006 4.07571e+006 7.32086e+006 1.15206e+007 0.0068616 0.0068616 79049.6 79049.6 1 0.87187 65871.5 57431.4 0 0 
1980 2 1 3 0 0 0.22984 1.67756 1.9074 576671 257447 431883 979415 0.00826773 0.00826773 8097.54 8097.54 1 0.94676 4767.76 4513.93 0 0 
1980 3 1 0 0 0 0.38776 0.0382808 0.426041 1.31143e+008 1.06785e+008 4.08782e+006 2.53606e+006 0.00318667 0.00318667 8081.58 8081.58 1 0 417909 0 0 0 
1980 3 1 1 0 0 0.355084 0.221987 0.577071 1.70826e+007 1.29794e+007 2.88126e+006 3.86661e+006 0.00857794 0.00857794 33167.6 33167.6 1 0.409297 146534 59975.8 0 0 
1980 3 1 2 0 0 0.232378 0.48965 0.722028 1.23197e+006 877419 429628 389674 0.0130762 0.0130762 5095.48 5095.48 1 0.87187 16109.5 14045.4 0 0 
1980 3 1 3 0 0 0.232378 1.1865 1.41888 85615.9 45739 54269.4 8724.47 0.0168243 0.0168243 146.783 146.783 1 0.94676 1440.43 1363.74 0 0 
1980 4 1 0 0 0 0.418981 0 0.418981 8.5648e+007 6.99695e+007 0 0 0.00457565 0.00457565 0 0 1 0 391896 0 0 0 
1980 4 1 1 0 0 0.372197 0 0.372197 9.59259e+006 8.00973e+006 0 0 0.00731047 0.00731047 0 0 1 0.409297 70126.3 28702.5 0 0 
1980 4 1 2 0 0 0.336392 0 0.336392 598449 508191 0 0 0.0105055 0.0105055 0 0 1 0.87187 6287.03 5481.47 0 0 
1980 4 1 3 0 0 0.336392 0 0.336392 20717.7 17593.1 0 0 0.0100528 0.0100528 0 0 1 0.94676 208.272 197.183 0 0 
1981 1 1 0 0 0 0.500673 0.000938253 0.501612 1.01644e+008 7.99289e+007 74993.6 428776 0.00375646 0.00375646 1610.68 1610.68 1 0 381824 0 0 0 
1981 1 1 1 0 0 0.485668 0.229829 0.715498 5.63321e+007 4.02358e+007 9.24735e+006 1.23224e+007 0.00985436 0.00985436 121430 121430 1 0.409297 555117 227208 0 0 
1981 1 1 2 0 0 0.447571 0.386311 0.833882 6.61139e+006 4.48465e+006 1.73247e+006 1.48324e+006 0.0128668 0.0128668 19084.5 19084.5 1 0.87187 85067.2 74167.5 0 0 
1981 1 1 3 0 0 0.360278 0.353438 0.713717 442298 316164 111744 130805 0.0156399 0.0156399 2045.78 2045.78 1 0.94676 6917.5 6549.22 0 0 
1981 2 1 0 0 0 0.409368 0.00837084 0.417739 6.15512e+007 5.03129e+007 421161 40632.1 0.00816463 0.00816463 331.746 331.746 1 0 502543 0 0 0 
1981 2 1 1 0 0 0.271108 0.258786 0.529895 2.75435e+007 2.13808e+007 5.53305e+006 3.54074e+006 0.0125949 0.0125949 44595.3 44595.3 1 0.409297 346908 141988 0 0 
1981 2 1 2 0 0 0.26707 0.879562 1.14663 2.87172e+006 1.7088e+006 1.50299e+006 3.02529e+006 0.0152894 0.0152894 46255 46255 1 0.87187 43907 38281.2 0 0 
1981 2 1 3 0 0 0.231668 0.821459 1.05313 216646 133954 110038 202048 0.0193529 0.0193529 3910.21 3910.21 1 0.94676 4192.74 3969.52 0 0 
1981 3 1 0 0 0 0.360579 0.0187451 0.379324 4.05336e+007 3.37323e+007 632317 374254 0.00488917 0.00488917 1829.79 1829.79 1 0 198176 0 0 0 
1981 3 1 1 0 0 0.313672 0.108701 0.422373 1.6214e+007 1.3225e+007 1.43758e+006 3.85406e+006 0.00889068 0.00889068 34265.2 34265.2 1 0.409297 144153 59001.4 0 0 
1981 3 1 2 0 0 0.222216 0.239769 0.461986 912360 730639 175185 319763 0.0157395 0.0157395 5032.91 5032.91 1 0.87187 14360.1 12520.1 0 0 
1981 3 1 3 0 0 0.222216 0.581001 0.803217 75576.1 51949.4 30182.6 9835.42 0.0193956 0.0193956 190.763 190.763 1 0.94676 1465.84 1387.8 0 0 
1981 4 1 0 0 0 0.376388 0 0.376388 2.77381e+007 2.31156e+007 0 0 0.00601838 0.00601838 0 0 1 0 166938 0 0 0 
1981 4 1 1 0 0 0.330268 0 0.330268 1.06281e+007 9.05128e+006 0 0 0.013925 0.013925 0 0 1 0.409297 147996 60574.5 0 0 
1981 4 1 2 0 0 0.266924 0 0.266924 574815 504493 0 0 0.0190605 0.0190605 0 0 1 0.87187 10956.3 9552.45 0 0 
1981 4 1 3 0 0 0.266924 0 0.266924 33849.5 29708.3 0 0 0.0191565 0.0191565 0 0 1 0.94676 648.439 613.916 0 0 
1982 1 1 0 0 0 0.51054 0.000889968 0.51143 5.40904e+007 4.23436e+007 37684.4 545769 0.00845196 0.00845196 4612.82 4612.82 1 0 457170 0 0 0 
1982 1 1 1 0 0 0.43122 0.218001 0.649221 1.90376e+007 1.40035e+007 3.05279e+006 6.35051e+006 0.00886512 0.00886512 56298 56298 1 0.409297 168771 69077.4 0 0 
1982 1 1 2 0 0 0.377283 0.36643 0.743713 7.63873e+006 5.38876e+006 1.9746e+006 601581 0.0170799 0.0170799 10274.9 10274.9 1 0.87187 130469 113752 0 0 
1982 1 1 3 0 0 0.245164 0.335249 0.580414 466074 353589 118540 64879.1 0.0155033 0.0155033 1005.84 1005.84 1 0.94676 7225.67 6840.98 0 0 
1982 2 1 0 0 0 0.331179 0.00794005 0.339119 3.24347e+007 2.75074e+007 218410 818525 0.00706761 0.00706761 5785.01 5785.01 1 0 229235 0 0 0 
1982 2 1 1 0 0 0.2305 0.245468 0.475968 9.94627e+006 7.91401e+006 1.94264e+006 5.02108e+006 0.0109848 0.0109848 55155.7 55155.7 1 0.409297 109258 44719 0 0 
1982 2 1 2 0 0 0.216607 0.834297 1.0509 3.63104e+006 2.24716e+006 1.8748e+006 1.07096e+006 0.0159531 0.0159531 17085.1 17085.1 1 0.87187 57926.2 50504.1 0 0 
1982 2 1 3 0 0 0.177491 0.779184 0.956675 260846 167912 130834 55333.3 0.0219233 0.0219233 1213.09 1213.09 1 0.94676 5718.61 5414.15 0 0 
1982 3 1 0 0 0 0.305202 0.0177805 0.322982 2.31064e+007 1.97462e+007 351096 2.53067e+006 0.00288184 0.00288184 7292.99 7292.99 1 0 66588.8 0 0 0 
1982 3 1 1 0 0 0.23122 0.103107 0.334327 6.17945e+006 5.25258e+006 541579 401839 0.00754327 0.00754327 3031.18 3031.18 1 0.409297 46613.3 19078.7 0 0 
1982 3 1 2 0 0 0.181968 0.22743 0.409398 1.26949e+006 1.04174e+006 236922 46913.2 0.0115244 0.0115244 540.647 540.647 1 0.87187 14630.1 12755.6 0 0 
1982 3 1 3 0 0 0.181968 0.5511 0.733068 100209 71023.7 39141.2 3525.28 0.0174052 0.0174052 61.3581 61.3581 1 0.94676 1744.15 1651.29 0 0 
1982 4 1 0 0 0 0.317977 0 0.317977 1.67287e+007 1.43299e+007 0 0 0.00442351 0.00442351 0 0 1 0 73999.5 0 0 0 
1982 4 1 1 0 0 0.276865 0 0.276865 4.42337e+006 3.86384e+006 0 0 0.0078101 0.0078101 0 0 1 0.409297 34547 14140 0 0 
1982 4 1 2 0 0 0.205364 0 0.205364 843004 762076 0 0 0.0113901 0.0113901 0 0 1 0.87187 9601.93 8371.63 0 0 
1982 4 1 3 0 0 0.205364 0 0.205364 48143.5 43521.8 0 0 0.0159837 0.0159837 0 0 1 0.94676 769.512 728.544 0 0 
1983 1 1 0 0 0 0.53243 0.00146856 0.533898 7.17246e+007 5.5575e+007 81615.4 5.61373e+006 0.00443297 0.00443297 24885.5 24885.5 1 0 317953 0 0 0 
1983 1 1 1 0 0 0.428794 0.359731 0.788525 1.21721e+007 8.42043e+006 3.02909e+006 2.81924e+006 0.00917471 0.00917471 25865.7 25865.7 1 0.409297 111676 45708.5 0 0 
1983 1 1 2 0 0 0.348733 0.604657 0.95339 3.35361e+006 2.16178e+006 1.30714e+006 969599 0.0128073 0.0128073 12417.9 12417.9 1 0.87187 42950.6 37447.3 0 0 
1983 1 1 3 0 0 0.224112 0.553205 0.777317 725707 504485 279084 155653 0.0152356 0.0152356 2371.46 2371.46 1 0.94676 11056.5 10467.9 0 0 
1983 2 1 0 0 0 0.336244 0.0131021 0.349346 4.20532e+007 3.54932e+007 465036 2.37576e+006 0.00420334 0.00420334 9986.14 9986.14 1 0 176764 0 0 0 
1983 2 1 1 0 0 0.235145 0.405055 0.640199 5.53242e+006 4.08591e+006 1.65502e+006 1.33433e+006 0.01236 0.01236 16492.4 16492.4 1 0.409297 68380.7 27988 0 0 
1983 2 1 2 0 0 0.217321 1.3767 1.59402 1.29259e+006 646199 889621 588678 0.01689 0.01689 9942.79 9942.79 1 0.87187 21831.9 19034.5 0 0 
1983 2 1 3 0 0 0.1939 1.28576 1.47966 333562 174098 223847 91111.6 0.0210913 0.0210913 1921.67 1921.67 1 0.94676 7035.27 6660.72 0 0 
1983 3 1 0 0 0 0.296155 0.0293401 0.325495 2.96538e+007 2.53113e+007 742636 1.69772e+006 0.00344365 0.00344365 5846.34 5846.34 1 0 102117 0 0 0 
1983 3 1 1 0 0 0.206617 0.170141 0.376757 2.91662e+006 2.43015e+006 413468 596857 0.00935431 0.00935431 5583.18 5583.18 1 0.409297 27283 11166.8 0 0 
1983 3 1 2 0 0 0.173074 0.375289 0.548363 262534 202087 75841.1 7271.29 0.0174368 0.0174368 126.788 126.788 1 0.87187 4577.77 3991.22 0 0 
1983 3 1 3 0 0 0.173074 0.909388 1.08246 75957.4 46399.8 42195.4 0 0.0163373 0.0163373 0 0 1 0.94676 1240.94 1174.87 0 0 
1983 4 1 0 0 0 0.312254 0 0.312254 2.1415e+007 1.8394e+007 0 0 0.00377935 0.00377935 0 0 1 0 80935 0 0 0 
1983 4 1 1 0 0 0.25944 0 0.25944 2.00104e+006 1.76253e+006 0 0 0.00930023 0.00930023 0 0 1 0.409297 18610.1 7617.07 0 0 
1983 4 1 2 0 0 0.168333 0 0.168333 151717 139635 0 0 0.0126994 0.0126994 0 0 1 0.87187 1926.72 1679.85 0 0 
1983 4 1 3 0 0 0.168333 0 0.168333 25731.4 23682.2 0 0 0.0156097 0.0156097 0 0 1 0.94676 401.659 380.275 0 0 
1984 1 1 0 0 0 0.53859 0.000886256 0.539476 3.32081e+007 2.56656e+007 22746.3 954757 0.00595454 0.00595454 5685.14 5685.14 1 0 197739 0 0 0 
1984 1 1 1 0 0 0.425435 0.217092 0.642527 1.56714e+007 1.15619e+007 2.51001e+006 6.47502e+006 0.0080944 0.0080944 52411.4 52411.4 1 0.409297 126851 51919.7 0 0 
1984 1 1 2 0 0 0.287161 0.364902 0.652063 1.54377e+006 1.13411e+006 413840 417235 0.0120642 0.0120642 5033.62 5033.62 1 0.87187 18624.4 16238.1 0 0 
1984 1 1 3 0 0 0.182288 0.333851 0.51614 149957 117138 39106.7 2532.43 0.016602 0.016602 42.0433 42.0433 1 0.94676 2489.58 2357.04 0 0 
1984 2 1 0 0 0 0.396569 0.00790693 0.404476 1.93621e+007 1.5925e+007 125918 521866 0.00529211 0.00529211 2761.77 2761.77 1 0 102466 0 0 0 
1984 2 1 1 0 0 0.235566 0.244445 0.48001 8.24258e+006 6.54623e+006 1.60019e+006 2.53535e+006 0.0122226 0.0122226 30988.5 30988.5 1 0.409297 100745 41234.8 0 0 
1984 2 1 2 0 0 0.209038 0.830817 1.03986 804259 500020 415426 247654 0.0167966 0.0167966 4159.76 4159.76 1 0.87187 13508.8 11777.9 0 0 
1984 2 1 3 0 0 0.189295 0.775935 0.96523 89497.3 57404.1 44541.9 4803.46 0.0163992 0.0163992 78.773 78.773 1 0.94676 1467.69 1389.55 0 0 
1984 3 1 0 0 0 0.308912 0.0177063 0.326618 1.29208e+007 1.10229e+007 195175 405095 0.00929202 0.00929202 3764.15 3764.15 1 0 120061 0 0 0 
1984 3 1 1 0 0 0.238539 0.102677 0.341216 5.10032e+006 4.32123e+006 443693 612407 0.013534 0.013534 8288.33 8288.33 1 0.409297 69027.8 28252.9 0 0 
1984 3 1 2 0 0 0.177459 0.226482 0.40394 284310 233898 52973.6 10648.2 0.019686 0.019686 209.62 209.62 1 0.87187 5596.94 4879.8 0 0 
1984 3 1 3 0 0 0.177459 0.548802 0.726261 34089.1 24233.4 13299.3 1053.12 0.019686 0.019686 20.7317 20.7317 1 0.94676 671.08 635.352 0 0 
1984 4 1 0 0 0 0.321415 0 0.321415 9.32057e+006 7.97106e+006 0 0 0.00929202 0.00929202 0 0 1 0 86606.9 0 0 0 
1984 4 1 1 0 0 0.274209 0 0.274209 3.62584e+006 3.17121e+006 0 0 0.013534 0.013534 0 0 1 0.409297 49072.2 20085.1 0 0 
1984 4 1 2 0 0 0.197272 0 0.197272 189829 172278 0 0 0.019686 0.019686 0 0 1 0.87187 3736.99 3258.17 0 0 
1984 4 1 3 0 0 0.197272 0 0.197272 16489.4 14964.8 0 0 0.019686 0.019686 0 0 1 0.94676 324.611 307.329 0 0 
1985 1 1 0 0 0 0.549244 0.00115964 0.550403 2.27954e+007 1.75306e+007 20329.1 0 0.00632446 0.00632446 0 0 1 0 144169 0 0 0 
1985 1 1 1 0 0 0.501502 0.284058 0.785559 6.75856e+006 4.68147e+006 1.32981e+006 1.30446e+006 0.00929202 0.00929202 12121 12121 1 0.409297 62800.6 25704.1 0 0 
1985 1 1 2 0 0 0.373237 0.477461 0.850698 2.75627e+006 1.85615e+006 886238 1.97203e+006 0.013534 0.013534 26689.5 26689.5 1 0.87187 37303.4 32523.7 0 0 
1985 1 1 3 0 0 0.198035 0.436832 0.634867 169381 125393 54775.9 37679.6 0.019686 0.019686 741.762 741.762 1 0.94676 3334.44 3156.92 0 0 
1985 2 1 0 0 0 0.482153 0.0103459 0.492499 1.31465e+007 1.03812e+007 107403 0 0.00510473 0.00510473 0 0 1 0 67109.4 0 0 0 
1985 2 1 1 0 0 0.276913 0.319847 0.59676 3.08099e+006 2.32023e+006 742118 576004 0.00929202 0.00929202 5352.24 5352.24 1 0.409297 28628.6 11717.6 0 0 
1985 2 1 2 0 0 0.251065 1.0871 1.33816 1.17725e+006 648968 705490 870780 0.013534 0.013534 11785.2 11785.2 1 0.87187 15932.9 13891.4 0 0 
1985 2 1 3 0 0 0.209864 1.01528 1.22515 89773 51753.2 52544.2 16638 0.019686 0.019686 327.537 327.537 1 0.94676 1767.27 1673.18 0 0 
1985 3 1 0 0 0 0.322624 0.0231681 0.345792 8.03379e+006 6.79195e+006 157356 84760.3 0.007258 0.007258 615.19 615.19 1 0 58309.2 0 0 0 
1985 3 1 1 0 0 0.248811 0.13435 0.383161 1.69637e+006 1.4092e+006 189325 215856 0.00988 0.00988 2132.66 2132.66 1 0.409297 16760.1 6859.86 0 0 
1985 3 1 2 0 0 0.177544 0.296343 0.473887 308825 245960 72888.7 150819 0.016584 0.016584 2501.18 2501.18 1 0.87187 5121.55 4465.32 0 0 
1985 3 1 3 0 0 0.177544 0.718088 0.895632 26367.6 17418.3 12507.9 14916.2 0.016584 0.016584 247.37 247.37 1 0.94676 437.28 414 0 0 
1985 4 1 0 0 0 0.318305 0 0.318305 5.68519e+006 4.8692e+006 0 0 0.007258 0.007258 0 0 1 0 41263.1 0 0 0 
1985 4 1 1 0 0 0.269351 0 0.269351 1.15642e+006 1.01377e+006 0 0 0.00988 0.00988 0 0 1 0.409297 11425.4 4676.39 0 0 
1985 4 1 2 0 0 0.16503 0 0.16503 192268 177240 0 0 0.016584 0.016584 0 0 1 0.87187 3188.56 2780.01 0 0 
1985 4 1 3 0 0 0.16503 0 0.16503 10767.2 9925.67 0 0 0.016584 0.016584 0 0 1 0.94676 178.563 169.057 0 0 
1986 1 1 0 0 0 0.5898 0.000926819 0.590727 8.57165e+007 6.47271e+007 59990.3 0 0.00632446 0.00632446 0 0 1 0 542110 0 0 0 
1986 1 1 1 0 0 0.533601 0.227028 0.760629 4.1353e+006 2.89573e+006 657412 177780 0.007258 0.007258 1290.32 1290.32 1 0.409297 30014 12284.6 0 0 
1986 1 1 2 0 0 0.42158 0.381603 0.803183 883361 607212 231714 452745 0.00988 0.00988 4473.12 4473.12 1 0.87187 8727.6 7609.33 0 0 
1986 1 1 3 0 0 0.254299 0.349131 0.60343 172147 129251 45125.6 347620 0.016584 0.016584 5764.93 5764.93 1 0.94676 2854.88 2702.89 0 0 
1986 2 1 0 0 0 0.452236 0.00826883 0.460505 4.74805e+007 3.80495e+007 314624 0 0.00510473 0.00510473 0 0 1 0 242375 0 0 0 
1986 2 1 1 0 0 0.313072 0.255633 0.568704 1.93272e+006 1.47406e+006 376817 156913 0.007258 0.007258 1138.87 1138.87 1 0.409297 14027.7 5741.49 0 0 
1986 2 1 2 0 0 0.287734 0.868843 1.15658 395658 234485 203730 399604 0.00988 0.00988 3948.09 3948.09 1 0.87187 3909.1 3408.22 0 0 
1986 2 1 3 0 0 0.227313 0.811449 1.03876 94152.6 58562.7 47520.6 306818 0.016584 0.016584 5088.27 5088.27 1 0.94676 1561.43 1478.3 0 0 
1986 3 1 0 0 0 0.345933 0.0185167 0.36445 2.99585e+007 2.51063e+007 464885 580936 0.00832891 0.00832891 4838.57 4838.57 1 0 249522 0 0 0 
1986 3 1 1 0 0 0.258365 0.107377 0.365742 1.09442e+006 916606 98422.3 58709.5 0.0163639 0.0163639 960.714 960.714 1 0.409297 17909 7330.08 0 0 
1986 3 1 2 0 0 0.187763 0.236847 0.424611 124459 101410 24018.6 740.107 0.0227716 0.0227716 16.8534 16.8534 1 0.87187 2834.12 2470.98 0 0 
1986 3 1 3 0 0 0.187763 0.57392 0.761684 33319.9 23321.4 13384.6 0 0.0163373 0.0163373 0 0 1 0.94676 544.358 515.376 0 0 
1986 4 1 0 0 0 0.335175 0 0.335175 2.08085e+007 1.76803e+007 0 0 0.00841202 0.00841202 0 0 1 0 175042 0 0 0 
1986 4 1 1 0 0 0.284427 0 0.284427 759180 660762 0 0 0.0155669 0.0155669 0 0 1 0.409297 11818.1 4837.1 0 0 
1986 4 1 2 0 0 0.169298 0 0.169298 81399 74881.5 0 0 0.0207592 0.0207592 0 0 1 0.87187 1689.78 1473.26 0 0 
1986 4 1 3 0 0 0.169298 0 0.169298 15556.4 14310.8 0 0 0.0156097 0.0156097 0 0 1 0.94676 242.831 229.903 0 0 
1987 1 1 0 0 0 0.595969 0.000332196 0.596302 4.0782e+007 3.07184e+007 10204.5 2235.66 0.00660364 0.00660364 14.7635 14.7635 1 0 269310 0 0 0 
1987 1 1 1 0 0 0.48392 0.0813729 0.565293 1.48825e+007 1.13682e+007 925065 2.25059e+006 0.00861372 0.00861372 19385.9 19385.9 1 0.409297 128194 52469.4 0 0 
1987 1 1 2 0 0 0.442989 0.136776 0.579765 571241 433502 59292.8 128512 0.0117123 0.0117123 1505.18 1505.18 1 0.87187 6690.57 5833.31 0 0 
1987 1 1 3 0 0 0.256327 0.125138 0.381464 81855.3 68052.3 8515.91 2524.94 0.0153219 0.0153219 38.687 38.687 1 0.94676 1254.18 1187.41 0 0 
1987 2 1 0 0 0 0.470381 0.00296376 0.473345 2.24646e+007 1.78962e+007 53040 49450.8 0.00603803 0.00603803 298.585 298.585 1 0 135642 0 0 0 
1987 2 1 1 0 0 0.315341 0.0916254 0.406966 8.45617e+006 6.94696e+006 636518 1.79026e+006 0.00931837 0.00931837 16682.3 16682.3 1 0.409297 78797.7 32251.6 0 0 
1987 2 1 2 0 0 0.299159 0.311416 0.610575 319912 239426 74561.1 267597 0.0112405 0.0112405 3007.92 3007.92 1 0.87187 3595.97 3135.21 0 0 
1987 2 1 3 0 0 0.231661 0.290844 0.522506 55895.7 43535.9 12662.2 977.552 0.0165147 0.0165147 16.1439 16.1439 1 0.94676 923.099 873.954 0 0 
1987 3 1 0 0 0 0.356337 0.00663687 0.362974 1.39935e+007 1.17352e+007 77884.9 209788 0.00638262 0.00638262 1339 1339 1 0 89315.4 0 0 0 
1987 3 1 1 0 0 0.21664 0.0384867 0.255126 5.62899e+006 4.9683e+006 191213 826994 0.01254 0.01254 10370.5 10370.5 1 0.409297 70587.4 28891.2 0 0 
1987 3 1 2 0 0 0.190032 0.0848923 0.274925 173725 151890 12894.3 34626.1 0.0174503 0.0174503 604.236 604.236 1 0.87187 3031.55 2643.12 0 0 
1987 3 1 3 0 0 0.190032 0.205708 0.39574 33148 27375 5631.25 32980.3 0.020568 0.020568 678.338 678.338 1 0.94676 681.787 645.489 0 0 
1987 4 1 0 0 0 0.33788 0 0.33788 9.73397e+006 8.26008e+006 0 0 0.0067756 0.0067756 0 0 1 0 65953.5 0 0 0 
1987 4 1 1 0 0 0.281015 0 0.281015 4.36145e+006 3.80222e+006 0 0 0.0125386 0.0125386 0 0 1 0.409297 54686.5 22383 0 0 
1987 4 1 2 0 0 0.184638 0 0.184638 131966 120500 0 0 0.0167208 0.0167208 0 0 1 0.87187 2206.59 1923.86 0 0 
1987 4 1 3 0 0 0.184638 0 0.184638 22314.6 20375.7 0 0 0.0188683 0.0188683 0 0 1 0.94676 421.038 398.622 0 0 
1988 1 1 0 0 0 0.621511 0.00116615 0.622677 6.14343e+007 4.5729e+007 53327.1 4.08294e+006 0.00422568 0.00422568 17253.2 17253.2 1 0 259602 0 0 0 
1988 1 1 1 0 0 0.501738 0.285655 0.787392 6.94305e+006 4.80543e+006 1.37269e+006 2.09691e+006 0.00879222 0.00879222 18436.5 18436.5 1 0.409297 61044.8 24985.5 0 0 
1988 1 1 2 0 0 0.455183 0.480146 0.935329 3.29297e+006 2.13895e+006 1.02701e+006 2.83005e+006 0.011528 0.011528 32624.8 32624.8 1 0.87187 37961.2 33097.3 0 0 
1988 1 1 3 0 0 0.258401 0.439288 0.697689 128270 92341.4 40564.5 42363.6 0.0138178 0.0138178 585.374 585.374 1 0.94676 1772.41 1678.05 0 0 
1988 2 1 0 0 0 0.492799 0.0104041 0.503203 3.29599e+007 2.58994e+007 269460 1.16396e+006 0.00462467 0.00462467 5382.95 5382.95 1 0 152429 0 0 0 
1988 2 1 1 0 0 0.341759 0.321645 0.663404 3.1593e+006 2.30924e+006 742756 314106 0.00852519 0.00852519 2677.81 2677.81 1 0.409297 26933.6 11023.8 0 0 
1988 2 1 2 0 0 0.315701 1.09321 1.40891 1.29235e+006 693079 757679 527986 0.0113396 0.0113396 5987.15 5987.15 1 0.87187 14654.7 12777 0 0 
1988 2 1 3 0 0 0.27029 1.02099 1.29128 63844.3 35849.9 36602.5 11525.7 0.0137121 0.0137121 158.041 158.041 1 0.94676 875.439 828.831 0 0 
1988 3 1 0 0 0 0.371404 0.0232983 0.394702 1.99272e+007 1.64647e+007 383600 1.8177e+006 0.00515108 0.00515108 9363.12 9363.12 1 0 102647 0 0 0 
1988 3 1 1 0 0 0.238469 0.135105 0.373574 1.62734e+006 1.35794e+006 183464 637489 0.0131863 0.0131863 8406.1 8406.1 1 0.409297 21458.5 8782.9 0 0 
1988 3 1 2 0 0 0.220013 0.298009 0.518022 315863 246522 73466 129384 0.0207969 0.0207969 2690.78 2690.78 1 0.87187 6568.96 5727.27 0 0 
1988 3 1 3 0 0 0.220013 0.722125 0.942138 17552 11368.1 8209.19 5490.82 0.0157663 0.0157663 86.5698 86.5698 1 0.94676 276.729 261.996 0 0 
1988 4 1 0 0 0 0.361354 0 0.361354 1.34286e+007 1.127e+007 0 0 0.00629891 0.00629891 0 0 1 0 84585.4 0 0 0 
1988 4 1 1 0 0 0.301406 0 0.301406 1.12005e+006 967006 0 0 0.0116565 0.0116565 0 0 1 0.409297 13055.8 5343.69 0 0 
1988 4 1 2 0 0 0.232579 0 0.232579 188159 167880 0 0 0.0155444 0.0155444 0 0 1 0.87187 2924.82 2550.06 0 0 
1988 4 1 3 0 0 0.232579 0 0.232579 6841.64 6104.28 0 0 0.0175408 0.0175408 0 0 1 0.94676 120.008 113.619 0 0 
1989 1 1 0 0 0 0.603473 0.000260801 0.603734 5.59279e+007 4.1986e+007 10950 12451.4 0.00539995 0.00539995 67.2371 67.2371 1 0 302008 0 0 0 
1989 1 1 1 0 0 0.509177 0.0638844 0.573062 9.35614e+006 7.12171e+006 454966 1.70682e+006 0.00861001 0.00861001 14695.8 14695.8 1 0.409297 80556.5 32971.5 0 0 
1989 1 1 2 0 0 0.433367 0.107381 0.540748 828585 640020 68725.9 3.61384e+006 0.00992636 0.00992636 35872.3 35872.3 1 0.87187 8224.84 7170.99 0 0 
1989 1 1 3 0 0 0.214092 0.0982434 0.312335 154535 132730 13039.8 5716.04 0.0170246 0.0170246 97.3133 97.3133 1 0.94676 2630.9 2490.83 0 0 
1989 2 1 0 0 0 0.525328 0.0023268 0.527654 3.05795e+007 2.37617e+007 55288.7 783.394 0.00443437 0.00443437 3.47386 3.47386 1 0 135601 0 0 0 
1989 2 1 1 0 0 0.332108 0.0719334 0.404041 5.27496e+006 4.33943e+006 312150 76414.6 0.00817439 0.00817439 624.643 624.643 1 0.409297 43119.6 17648.7 0 0 
1989 2 1 2 0 0 0.293839 0.244487 0.538326 482496 373103 91218.9 88925 0.010873 0.010873 966.88 966.88 1 0.87187 5246.17 4573.98 0 0 
1989 2 1 3 0 0 0.260897 0.228337 0.489234 113079 89427 20419.5 341.854 0.0130368 0.0130368 4.4567 4.4567 1 0.94676 1474.19 1395.71 0 0 
1989 3 1 0 0 0 0.356062 0.00521049 0.361272 1.80415e+007 1.5142e+007 78897 469458 0.00476114 0.00476114 2235.15 2235.15 1 0 85898 0 0 0 
1989 3 1 1 0 0 0.228407 0.0302152 0.258622 3.52165e+006 3.10311e+006 93760.9 416920 0.00772457 0.00772457 3220.53 3220.53 1 0.409297 27203.2 11134.2 0 0 
1989 3 1 2 0 0 0.221288 0.0666474 0.287936 281645 244724 16310.2 34789.2 0.012501 0.012501 434.899 434.899 1 0.87187 3520.83 3069.7 0 0 
1989 3 1 3 0 0 0.221288 0.161498 0.382786 69328.2 57602 9302.58 12751.5 0.0154913 0.0154913 197.537 197.537 1 0.94676 1073.98 1016.81 0 0 
1989 4 1 0 0 0 0.374166 0 0.374166 1.25711e+007 1.04871e+007 0 0 0.00464678 0.00464678 0 0 1 0 58415.2 0 0 0 
1989 4 1 1 0 0 0.311822 0 0.311822 2.71912e+006 2.33601e+006 0 0 0.00859911 0.00859911 0 0 1 0.409297 23382 9570.17 0 0 
1989 4 1 2 0 0 0.281377 0 0.281377 211180 184070 0 0 0.0114673 0.0114673 0 0 1 0.87187 2421.67 2111.38 0 0 
1989 4 1 3 0 0 0.281377 0 0.281377 47279 41209.7 0 0 0.01294 0.01294 0 0 1 0.94676 611.793 579.221 0 0 
1990 1 1 0 0 0 0.517795 0.00135254 0.519148 7.5527e+007 5.89165e+007 79686.9 1567.63 0.00458878 0.00458878 7.19351 7.19351 1 0 346577 0 0 0 
1990 1 1 1 0 0 0.488955 0.33131 0.820265 8.6472e+006 5.90018e+006 1.95479e+006 2.63307e+006 0.00697467 0.00697467 18364.8 18364.8 1 0.409297 60311.4 24685.2 0 0 
1990 1 1 2 0 0 0.402378 0.556886 0.959265 1.9907e+006 1.28006e+006 712846 2.23421e+006 0.00915607 0.00915607 20456.6 20456.6 1 0.87187 18227 15891.5 0 0 
1990 1 1 3 0 0 0.244267 0.509499 0.753766 195070 137008 69805.4 342514 0.0115389 0.0115389 3952.24 3952.24 1 0.94676 2250.9 2131.06 0 0 
1990 2 1 0 0 0 0.495609 0.012067 0.507676 4.49406e+007 3.52414e+007 425257 1225.28 0.00376689 0.00376689 4.6155 4.6155 1 0 169287 0 0 0 
1990 2 1 1 0 0 0.330659 0.373053 0.703713 3.80749e+006 2.73372e+006 1.01982e+006 2.05804e+006 0.00694395 0.00694395 14290.9 14290.9 1 0.409297 26439 10821.4 0 0 
1990 2 1 2 0 0 0.283153 1.26793 1.55109 762785 387510 491336 1.74629e+006 0.00923635 0.00923635 16129.3 16129.3 1 0.87187 7045.34 6142.62 0 0 
1990 2 1 3 0 0 0.260577 1.18417 1.44475 91798.3 48556.3 57499.2 267714 0.0113268 0.0113268 3032.35 3032.35 1 0.94676 1039.78 984.426 0 0 
1990 3 1 0 0 0 0.336944 0.0270221 0.363966 2.70494e+007 2.26735e+007 612685 291837 0.00444372 0.00444372 1296.84 1296.84 1 0 120200 0 0 0 
1990 3 1 1 0 0 0.260108 0.156699 0.416807 1.88374e+006 1.54046e+006 241388 62050.2 0.00987506 0.00987506 612.749 612.749 1 0.409297 18602 7613.74 0 0 
1990 3 1 2 0 0 0.249011 0.34564 0.594651 161724 121907 42135.8 1941.19 0.0133492 0.0133492 25.9132 25.9132 1 0.87187 2158.88 1882.26 0 0 
1990 3 1 3 0 0 0.249011 0.837541 1.08655 21646.5 13200.9 11056.3 428.507 0.0155901 0.0155901 6.68046 6.68046 1 0.94676 337.471 319.504 0 0 
1990 4 1 0 0 0 0.386954 0 0.386954 1.87971e+007 1.55873e+007 0 0 0.00483396 0.00483396 0 0 1 0 90864.2 0 0 0 
1990 4 1 1 0 0 0.318591 0 0.318591 1.24166e+006 1.0633e+006 0 0 0.00894549 0.00894549 0 0 1 0.409297 11107.3 4546.18 0 0 
1990 4 1 2 0 0 0.286781 0 0.286781 89232 77577.2 0 0 0.0119292 0.0119292 0 0 1 0.87187 1064.47 928.079 0 0 
1990 4 1 3 0 0 0.286781 0 0.286781 7303.04 6349.17 0 0 0.0134613 0.0134613 0 0 1 0.94676 98.3083 93.0744 0 0 
1991 1 1 0 0 0 0.462205 0.000625644 0.46283 1.1913e+008 9.53648e+007 59664.4 40503.7 0.0127964 0.0127964 518.3 518.3 1 0 1.52443e+006 0 0 0 
1991 1 1 1 0 0 0.423101 0.153254 0.576355 1.27655e+007 9.70238e+006 1.48693e+006 1.68427e+006 0.0143067 0.0143067 24096.3 24096.3 1 0.409297 182632 74750.7 0 0 
1991 1 1 2 0 0 0.32012 0.257599 0.577718 902903 685826 176668 2.41675e+006 0.0154224 0.0154224 37272 37272 1 0.87187 13924.9 12140.7 0 0 
1991 1 1 3 0 0 0.26302 0.235679 0.498699 72466.5 57060.8 13448 8159.07 0.0167893 0.0167893 136.985 136.985 1 0.94676 1216.66 1151.89 0 0 
1991 2 1 0 0 0 0.395548 0.00558182 0.40113 7.49923e+007 6.1776e+007 344823 1.55232e+006 0.00475661 0.00475661 7383.77 7383.77 1 0 356709 0 0 0 
1991 2 1 1 0 0 0.269299 0.172563 0.441863 7.17348e+006 5.7984e+006 1.00059e+006 2.93672e+006 0.0146078 0.0146078 42898.9 42898.9 1 0.409297 104789 42889.7 0 0 
1991 2 1 2 0 0 0.231839 0.586507 0.818346 506689 346012 202939 614233 0.0188704 0.0188704 11590.8 11590.8 1 0.87187 9561.42 8336.31 0 0 
1991 2 1 3 0 0 0.211125 0.547763 0.758888 44010.4 30841.6 16893.9 9586.64 0.0168115 0.0168115 161.166 161.166 1 0.94676 739.881 700.49 0 0 
1991 3 1 0 0 0 0.310369 0.0124996 0.322869 5.0212e+007 4.29124e+007 536387 208352 0.00522649 0.00522649 1088.95 1088.95 1 0 262433 0 0 0 
1991 3 1 1 0 0 0.263734 0.0724841 0.336218 4.61139e+006 3.91621e+006 283863 64565 0.0100855 0.0100855 651.168 651.168 1 0.409297 46507.9 19035.6 0 0 
1991 3 1 2 0 0 0.223471 0.159882 0.383353 223531 185674 29686 1036.31 0.0147083 0.0147083 15.2425 15.2425 1 0.87187 3287.77 2866.51 0 0 
1991 3 1 3 0 0 0.223471 0.387421 0.610892 20605.1 15418.9 5973.61 99.4865 0.0171642 0.0171642 1.7076 1.7076 1 0.94676 353.669 334.84 0 0 
1991 4 1 0 0 0 0.388891 0 0.388891 3.6357e+007 3.01213e+007 0 0 0.00617483 0.00617483 0 0 1 0 224498 0 0 0 
1991 4 1 1 0 0 0.320111 0 0.320111 3.29469e+006 2.81939e+006 0 0 0.0117664 0.0117664 0 0 1 0.409297 38766.5 15867 0 0 
1991 4 1 2 0 0 0.287164 0 0.287164 152353 132429 0 0 0.0152309 0.0152309 0 0 1 0.87187 2320.46 2023.14 0 0 
1991 4 1 3 0 0 0.287164 0 0.287164 11185.8 9723.03 0 0 0.0186252 0.0186252 0 0 1 0.94676 208.337 197.246 0 0 
1992 1 1 0 0 0 0.410086 0.000718997 0.410805 1.1081e+008 9.08704e+007 65335.6 18947.6 0.0081119 0.0081119 153.701 153.701 1 0 898878 0 0 0 
1992 1 1 1 0 0 0.360024 0.176121 0.536145 2.4643e+007 1.90748e+007 3.35949e+006 9.69546e+006 0.00991013 0.00991013 96083.3 96083.3 1 0.409297 244216 99956.8 0 0 
1992 1 1 2 0 0 0.281406 0.296036 0.577442 2.39217e+006 1.81727e+006 537976 1.31532e+006 0.0123815 0.0123815 16285.7 16285.7 1 0.87187 29618.6 25823.6 0 0 
1992 1 1 3 0 0 0.254797 0.270845 0.525642 122717 95444.9 25850.8 177584 0.0147859 0.0147859 2625.73 2625.73 1 0.94676 1814.48 1717.88 0 0 
1992 2 1 0 0 0 0.312049 0.00641469 0.318464 7.34798e+007 6.29286e+007 403668 222991 0.00578898 0.00578898 1290.89 1290.89 1 0 425373 0 0 0 
1992 2 1 1 0 0 0.226749 0.198312 0.425061 1.44162e+007 1.17439e+007 2.32896e+006 1.18513e+006 0.0120576 0.0120576 14289.9 14289.9 1 0.409297 173825 71146 0 0 
1992 2 1 2 0 0 0.203566 0.674021 0.877587 1.3428e+006 893911 602515 132166 0.0152769 0.0152769 2019.08 2019.08 1 0.87187 20513.8 17885.3 0 0 
1992 2 1 3 0 0 0.180107 0.629496 0.809603 72547.5 49729.8 31304.7 16491 0.0177653 0.0177653 292.967 292.967 1 0.94676 1288.83 1220.21 0 0 
1992 3 1 0 0 0 0.293929 0.0143647 0.308294 5.34393e+007 4.59869e+007 660587 1.27987e+006 0.00351798 0.00351798 4502.58 4502.58 1 0 187999 0 0 0 
1992 3 1 1 0 0 0.275143 0.0832995 0.358442 9.42427e+006 7.92019e+006 659748 1.58395e+006 0.00958041 0.00958041 15174.9 15174.9 1 0.409297 90288.4 36954.8 0 0 
1992 3 1 2 0 0 0.212169 0.183739 0.395908 558316 461044 84711.7 259251 0.0140707 0.0140707 3647.84 3647.84 1 0.87187 7855.89 6849.31 0 0 
1992 3 1 3 0 0 0.212169 0.445229 0.657398 32286.2 23662.3 10535.1 5821.12 0.0178924 0.0178924 104.154 104.154 1 0.94676 577.676 546.92 0 0 
1992 4 1 0 0 0 0.370705 0 0.370705 3.92618e+007 3.28063e+007 0 0 0.00422159 0.00422159 0 0 1 0 165747 0 0 0 
1992 4 1 1 0 0 0.299034 0 0.299034 6.58534e+006 5.69195e+006 0 0 0.00781228 0.00781228 0 0 1 0.409297 51446.6 21056.9 0 0 
1992 4 1 2 0 0 0.270242 0 0.270242 375785 329290 0 0 0.010418 0.010418 0 0 1 0.87187 3914.95 3413.32 0 0 
1992 4 1 3 0 0 0.270242 0 0.270242 16730.6 14660.6 0 0 0.011756 0.011756 0 0 1 0.94676 196.686 186.214 0 0 
1993 1 1 0 0 0 0.455503 0.00143915 0.456942 1.71686e+008 1.37811e+008 198330 264173 0.00647918 0.00647918 1711.62 1711.62 1 0 1.11239e+006 0 0 0 
1993 1 1 1 0 0 0.413747 0.352525 0.766272 2.71004e+007 1.89302e+007 6.67337e+006 3.02687e+006 0.0108888 0.0108888 32959.1 32959.1 1 0.409297 295092 120780 0 0 
1993 1 1 2 0 0 0.340245 0.592546 0.932791 4.88326e+006 3.17533e+006 1.88153e+006 5.33904e+006 0.0123254 0.0123254 65805.9 65805.9 1 0.87187 60188.1 52476.2 0 0 
1993 1 1 3 0 0 0.303312 0.542124 0.845436 299566 202193 109614 247839 0.013751 0.013751 3408.05 3408.05 1 0.94676 4119.34 3900.03 0 0 
1993 2 1 0 0 0 0.238336 0.0128397 0.251176 1.08715e+008 9.61363e+007 1.23436e+006 1.44132e+006 0.00754847 0.00754847 10879.7 10879.7 1 0 820630 0 0 0 
1993 2 1 1 0 0 0.208602 0.396941 0.605543 1.25947e+007 9.44736e+006 3.75005e+006 4.91145e+006 0.0106624 0.0106624 52368.1 52368.1 1 0.409297 134290 54964.5 0 0 
1993 2 1 2 0 0 0.189577 1.34912 1.5387 1.92134e+006 980636 1.323e+006 1.32444e+006 0.0135048 0.0135048 17886.3 17886.3 1 0.87187 25947.3 22622.6 0 0 
1993 2 1 3 0 0 0.173371 1.26 1.43337 128625 68333.5 86100.3 31435.3 0.0164225 0.0164225 516.246 516.246 1 0.94676 2112.34 1999.88 0 0 
1993 3 1 0 0 0 0.272194 0.0287524 0.300946 8.45677e+007 7.30285e+007 2.09974e+006 1.86784e+006 0.00224868 0.00224868 4200.17 4200.17 1 0 190166 0 0 0 
1993 3 1 1 0 0 0.253045 0.166733 0.419777 6.8739e+006 5.6135e+006 935953 1.81951e+006 0.00797423 0.00797423 14509.2 14509.2 1 0.409297 54814.1 22435.2 0 0 
1993 3 1 2 0 0 0.19211 0.367772 0.559882 412435 315817 116149 338969 0.0116049 0.0116049 3933.69 3933.69 1 0.87187 4786.25 4172.99 0 0 
1993 3 1 3 0 0 0.19211 0.891172 1.08328 30677.4 18733.5 16694.8 43965.3 0.0152274 0.0152274 669.476 669.476 1 0.94676 467.137 442.267 0 0 
1993 4 1 0 0 0 0.347464 0 0.347464 6.259e+007 5.28733e+007 0 0 0.00229356 0.00229356 0 0 1 0 143554 0 0 0 
1993 4 1 1 0 0 0.274357 0 0.274357 4.51748e+006 3.95077e+006 0 0 0.0128388 0.0128388 0 0 1 0.409297 57998.8 23738.7 0 0 
1993 4 1 2 0 0 0.243935 0 0.243935 235614 209078 0 0 0.0154339 0.0154339 0 0 1 0.87187 3636.45 3170.51 0 0 
1993 4 1 3 0 0 0.243935 0 0.243935 10383.8 9214.3 0 0 0.0133951 0.0133951 0 0 1 0.94676 139.092 131.686 0 0 
1994 1 1 0 0 0 0.502423 0.000619315 0.503042 1.41486e+008 1.11186e+008 68859 445326 0.00677126 0.00677126 3015.42 3015.42 1 0 958039 0 0 0 
1994 1 1 1 0 0 0.446483 0.151704 0.598187 4.42184e+007 3.32786e+007 5.04848e+006 4.07205e+007 0.00667847 0.00667847 271951 271951 1 0.409297 295312 120870 0 0 
1994 1 1 2 0 0 0.348089 0.254993 0.603082 3.43356e+006 2.57839e+006 657471 516854 0.00953695 0.00953695 4929.22 4929.22 1 0.87187 32745.7 28550 0 0 
1994 1 1 3 0 0 0.336509 0.233295 0.569804 192749 146933 34278.8 100737 0.012859 0.012859 1295.37 1295.37 1 0.94676 2478.55 2346.6 0 0 
1994 2 1 0 0 0 0.292317 0.00552535 0.297842 8.5555e+007 7.39901e+007 408822 1.8561e+006 0.00867325 0.00867325 16098.4 16098.4 1 0 742040 0 0 0 
1994 2 1 1 0 0 0.223323 0.170818 0.39414 2.43116e+007 2.00925e+007 3.43216e+006 7.14662e+006 0.0103881 0.0103881 74239.6 74239.6 1 0.409297 252551 103368 0 0 
1994 2 1 2 0 0 0.196673 0.580574 0.777247 1.87858e+006 1.30596e+006 758206 1.45566e+006 0.0125109 0.0125109 18211.6 18211.6 1 0.87187 23502.7 20491.3 0 0 
1994 2 1 3 0 0 0.181539 0.542222 0.723761 109026 77589.8 42070.9 142774 0.0150508 0.0150508 2148.87 2148.87 1 0.94676 1640.93 1553.57 0 0 
1994 3 1 0 0 0 0.257639 0.0123731 0.270012 6.35176e+007 5.56647e+007 688748 818875 0.00295739 0.00295739 2421.74 2421.74 1 0 187847 0 0 0 
1994 3 1 1 0 0 0.219491 0.0717508 0.291242 1.63923e+007 1.42211e+007 1.02037e+006 2.93636e+006 0.00821695 0.00821695 24127.9 24127.9 1 0.409297 134695 55130.3 0 0 
1994 3 1 2 0 0 0.19017 0.158265 0.348435 863526 729135 115397 559871 0.00973146 0.00973146 5448.37 5448.37 1 0.87187 8403.37 7326.64 0 0 
1994 3 1 3 0 0 0.19017 0.383502 0.573672 52869.4 40232 15429.1 22812.9 0.0139542 0.0139542 318.336 318.336 1 0.94676 737.748 698.471 0 0 
1994 4 1 0 0 0 0.317757 0 0.317757 4.84874e+007 4.15389e+007 0 0 0.00379007 0.00379007 0 0 1 0 183771 0 0 0 
1994 4 1 1 0 0 0.247762 0 0.247762 1.22506e+007 1.08509e+007 0 0 0.00676408 0.00676408 0 0 1 0.409297 82863.8 33915.9 0 0 
1994 4 1 2 0 0 0.222902 0 0.222902 609469 546321 0 0 0.00899952 0.00899952 0 0 1 0.87187 5484.93 4782.14 0 0 
1994 4 1 3 0 0 0.222902 0 0.222902 29789.4 26702.8 0 0 0.0131288 0.0131288 0 0 1 0.94676 391.1 370.278 0 0 
1995 1 1 0 0 0 0.512057 0.00137031 0.513427 3.74936e+007 2.93243e+007 40183.3 170693 0.00316061 0.00316061 539.494 539.494 1 0 118503 0 0 0 
1995 1 1 1 0 0 0.459509 0.335662 0.795171 3.52882e+007 2.43412e+007 8.17042e+006 2.44666e+007 0.00820571 0.00820571 200766 200766 1 0.409297 289565 118518 0 0 
1995 1 1 2 0 0 0.338474 0.564201 0.902676 9.56212e+006 6.29777e+006 3.55321e+006 3.1924e+006 0.0116588 0.0116588 37219.5 37219.5 1 0.87187 111483 97198.6 0 0 
1995 1 1 3 0 0 0.307561 0.516192 0.823753 511531 348503 179894 371759 0.0121354 0.0121354 4511.45 4511.45 1 0.94676 6207.64 5877.15 0 0 
1995 2 1 0 0 0 0.290219 0.0122255 0.302444 2.24377e+007 1.93624e+007 236714 612010 0.00506497 0.00506497 3099.81 3099.81 1 0 113646 0 0 0 
1995 2 1 1 0 0 0.223147 0.377954 0.601101 1.59328e+007 1.19752e+007 4.52607e+006 8.62052e+006 0.0101217 0.0101217 87254.5 87254.5 1 0.409297 161267 66006 0 0 
1995 2 1 2 0 0 0.195421 1.28459 1.48001 3.87728e+006 2.02342e+006 2.59925e+006 2.86327e+006 0.0133065 0.0133065 38100.1 38100.1 1 0.87187 51593.1 44982.4 0 0 
1995 2 1 3 0 0 0.181516 1.19973 1.38125 224450 121668 145969 505875 0.0155061 0.0155061 7844.13 7844.13 1 0.94676 3480.35 3295.05 0 0 
1995 3 1 0 0 0 0.22194 0.027377 0.249317 1.65817e+007 1.46762e+007 401792 1.79767e+006 0.00836985 0.00836985 15046.2 15046.2 1 0 138786 0 0 0 
1995 3 1 1 0 0 0.190791 0.158757 0.349548 8.73446e+006 7.37125e+006 1.17024e+006 4.48822e+006 0.00964464 0.00964464 43287.3 43287.3 1 0.409297 84240.8 34479.5 0 0 
1995 3 1 2 0 0 0.17799 0.35018 0.528169 882608 685668 240107 533786 0.0128588 0.0128588 6863.83 6863.83 1 0.87187 11349.3 9895.08 0 0 
1995 3 1 3 0 0 0.17799 0.848543 1.02653 56396.6 35257.2 29917.3 128194 0.0157815 0.0157815 2023.09 2023.09 1 0.94676 890.026 842.642 0 0 
1995 4 1 0 0 0 0.26464 0 0.26464 1.29227e+007 1.13541e+007 0 0 0.00577367 0.00577367 0 0 1 0 74611.2 0 0 0 
1995 4 1 1 0 0 0.210947 0 0.210947 6.15785e+006 5.55172e+006 0 0 0.0106845 0.0106845 0 0 1 0.409297 65793.4 26929 0 0 
1995 4 1 2 0 0 0.189647 0 0.189647 520459 474085 0 0 0.0142483 0.0142483 0 0 1 0.87187 7415.64 6465.47 0 0 
1995 4 1 3 0 0 0.189647 0 0.189647 20203.9 18403.7 0 0 0.0160781 0.0160781 0 0 1 0.94676 324.842 307.547 0 0 
1996 1 1 0 0 0 0.504177 0.00122052 0.505398 6.47922e+007 5.08615e+007 62077.5 299367 0.00713365 0.00713365 2135.58 2135.58 1 0 462205 0 0 0 
1996 1 1 1 0 0 0.395163 0.298972 0.694135 9.91791e+006 7.15114e+006 2.13799e+006 233497 0.0108427 0.0108427 2531.74 2531.74 1 0.409297 107537 44014.6 0 0 
1996 1 1 2 0 0 0.263233 0.50253 0.765762 4.98673e+006 3.48412e+006 1.75087e+006 816511 0.0142339 0.0142339 11622.1 11622.1 1 0.87187 70980.6 61885.8 0 0 
1996 1 1 3 0 0 0.213993 0.459768 0.67376 447264 325419 149617 286503 0.0174577 0.0174577 5001.68 5001.68 1 0.94676 7808.2 7392.5 0 0 
1996 2 1 0 0 0 0.363139 0.0108891 0.374028 3.90869e+007 3.26092e+007 355087 1.08365e+006 0.00790492 0.00790492 8566.2 8566.2 1 0 308979 0 0 0 
1996 2 1 1 0 0 0.227084 0.33664 0.563724 4.95406e+006 3.78691e+006 1.27483e+006 776795 0.011496 0.011496 8930.01 8930.01 1 0.409297 56951.7 23310.2 0 0 
1996 2 1 2 0 0 0.201776 1.14417 1.34595 2.31873e+006 1.27433e+006 1.45805e+006 2.20863e+006 0.0150325 0.0150325 33201.3 33201.3 1 0.87187 34856.4 30390.2 0 0 
1996 2 1 3 0 0 0.17663 1.06859 1.24522 228010 130395 139339 911256 0.0168613 0.0168613 15365 15365 1 0.94676 3844.54 3639.86 0 0 
1996 3 1 0 0 0 0.214791 0.0243845 0.239175 2.68901e+007 2.39162e+007 583183 1.67074e+006 0.00291009 0.00291009 4862 4862 1 0 78252.6 0 0 0 
1996 3 1 1 0 0 0.171346 0.141404 0.31275 2.81928e+006 2.421e+006 342338 289815 0.00615487 0.00615487 1783.78 1783.78 1 0.409297 17352.3 7102.26 0 0 
1996 3 1 2 0 0 0.150992 0.311902 0.462894 603548 483133 150690 113580 0.00866848 0.00866848 984.564 984.564 1 0.87187 5231.85 4561.49 0 0 
1996 3 1 3 0 0 0.150992 0.75579 0.906782 65638.9 43155.4 32616.4 49534.1 0.0103458 0.0103458 512.471 512.471 1 0.94676 679.089 642.934 0 0 
1996 4 1 0 0 0 0.237941 0 0.237941 2.117e+007 1.88398e+007 0 0 0.00310564 0.00310564 0 0 1 0 65746.3 0 0 0 
1996 4 1 1 0 0 0.194827 0 0.194827 2.06212e+006 1.87367e+006 0 0 0.00574715 0.00574715 0 0 1 0.409297 11851.3 4850.7 0 0 
1996 4 1 2 0 0 0.156129 0 0.156129 379909 351737 0 0 0.00766409 0.00766409 0 0 1 0.87187 2911.66 2538.59 0 0 
1996 4 1 3 0 0 0.156129 0 0.156129 26506.4 24540.8 0 0 0.00864838 0.00864838 0 0 1 0.94676 229.238 217.033 0 0 
1997 1 1 0 0 0 0.451157 0.000903813 0.452061 5.0069e+007 4.02807e+007 36406.2 6446.58 0.0070718 0.0070718 45.5889 45.5889 1 0 354078 0 0 0 
1997 1 1 1 0 0 0.293018 0.221393 0.514411 1.66872e+007 1.30455e+007 2.88817e+006 2.28658e+006 0.0127666 0.0127666 29191.9 29191.9 1 0.409297 213039 87196.4 0 0 
1997 1 1 2 0 0 0.210384 0.372131 0.582514 1.69708e+006 1.28627e+006 478661 130593 0.0148391 0.0148391 1937.89 1937.89 1 0.87187 25183.1 21956.4 0 0 
1997 1 1 3 0 0 0.154945 0.340465 0.49541 347668 274170 93345.1 202822 0.0163256 0.0163256 3311.18 3311.18 1 0.94676 5675.88 5373.7 0 0 
1997 2 1 0 0 0 0.297505 0.00806357 0.305568 3.18597e+007 2.74522e+007 221363 148657 0.00580278 0.00580278 862.622 862.622 1 0 184875 0 0 0 
1997 2 1 1 0 0 0.204046 0.249287 0.453333 9.9765e+006 8.02141e+006 1.99963e+006 4.39527e+006 0.0119979 0.0119979 52734 52734 1 0.409297 119697 48991.7 0 0 
1997 2 1 2 0 0 0.187318 0.847276 1.03459 947804 590553 500361 1.07823e+006 0.0161236 0.0161236 17384.8 17384.8 1 0.87187 15282 13323.9 0 0 
1997 2 1 3 0 0 0.153806 0.791306 0.945112 211841 137034 108436 277615 0.0199421 0.0199421 5536.23 5536.23 1 0.94676 4224.56 3999.65 0 0 
1997 3 1 0 0 0 0.227274 0.0180571 0.245331 2.34712e+007 2.08138e+007 375836 596223 0.00712309 0.00712309 4246.95 4246.95 1 0 167187 0 0 0 
1997 3 1 1 0 0 0.193018 0.104711 0.297729 6.34013e+006 5.4834e+006 574175 728240 0.00965248 0.00965248 7029.32 7029.32 1 0.409297 61197.9 25048.1 0 0 
1997 3 1 2 0 0 0.170793 0.230968 0.401762 336822 277380 64066.1 181187 0.0121853 0.0121853 2207.81 2207.81 1 0.87187 4104.27 3578.39 0 0 
1997 3 1 3 0 0 0.170793 0.559674 0.730467 82329.1 58418.1 32695.1 46666.7 0.0146979 0.0146979 685.905 685.905 1 0.94676 1210.07 1145.64 0 0 
1997 4 1 0 0 0 0.269067 0 0.269067 1.83649e+007 1.61017e+007 0 0 0.00515499 0.00515499 0 0 1 0 94670.9 0 0 0 
1997 4 1 1 0 0 0.214289 0 0.214289 4.70756e+006 4.23735e+006 0 0 0.00953957 0.00953957 0 0 1 0.409297 44908.1 18380.7 0 0 
1997 4 1 2 0 0 0.171015 0 0.171015 225381 207162 0 0 0.0127215 0.0127215 0 0 1 0.87187 2867.18 2499.81 0 0 
1997 4 1 3 0 0 0.171015 0 0.171015 39656.6 36451 0 0 0.0143553 0.0143553 0 0 1 0.94676 569.281 538.973 0 0 
1998 1 1 0 0 0 0.42959 0.00149841 0.431088 1.12812e+008 9.16435e+007 137319 86123.7 0.00557064 0.00557064 479.764 479.764 1 0 628433 0 0 0 
1998 1 1 1 0 0 0.282534 0.367041 0.649575 1.40325e+007 1.03202e+007 3.78796e+006 3.56734e+006 0.0139329 0.0139329 49703.4 49703.4 1 0.409297 195513 80022.9 0 0 
1998 1 1 2 0 0 0.22647 0.616946 0.843416 3.79954e+006 2.56675e+006 1.58354e+006 1.49834e+006 0.0166329 0.0166329 24921.7 24921.7 1 0.87187 63197.4 55099.9 0 0 
1998 1 1 3 0 0 0.190365 0.564448 0.754812 223376 156817 88514.8 258993 0.0186053 0.0186053 4818.64 4818.64 1 0.94676 4155.98 3934.72 0 0 
1998 2 1 0 0 0 0.361769 0.0133684 0.375138 7.33051e+007 6.11248e+007 817140 5.46589e+006 0.00502731 0.00502731 27478.7 27478.7 1 0 368527 0 0 0 
1998 2 1 1 0 0 0.197063 0.413287 0.61035 7.32871e+006 5.48545e+006 2.26706e+006 2.66503e+006 0.0123985 0.0123985 33042.3 33042.3 1 0.409297 90864.7 37190.6 0 0 
1998 2 1 2 0 0 0.176428 1.40468 1.5811 1.63471e+006 821181 1.15349e+006 1.45184e+006 0.0152533 0.0152533 22145.4 22145.4 1 0.87187 24934.7 21739.8 0 0 
1998 2 1 3 0 0 0.145301 1.31189 1.45719 105009 55280 72521 326463 0.0177168 0.0177168 5783.89 5783.89 1 0.94676 1860.42 1761.37 0 0 
1998 3 1 0 0 0 0.251547 0.0299363 0.281484 5.03749e+007 4.3906e+007 1.31438e+006 1.61598e+006 0.00429204 0.00429204 6935.86 6935.86 1 0 216211 0 0 0 
1998 3 1 1 0 0 0.208794 0.173598 0.382392 3.98067e+006 3.30798e+006 574261 1.09655e+006 0.00610449 0.00610449 6693.85 6693.85 1 0.409297 24299.9 9945.89 0 0 
1998 3 1 2 0 0 0.172717 0.382916 0.555634 336338 258044 98809.3 489541 0.00945599 0.00945599 4629.09 4629.09 1 0.87187 3180.41 2772.9 0 0 
1998 3 1 3 0 0 0.172717 0.927869 1.10059 24455.6 14828.3 13758.7 241493 0.00941628 0.00941628 2273.97 2273.97 1 0.94676 230.281 218.02 0 0 
1998 4 1 0 0 0 0.317828 0 0.317828 3.80161e+007 3.2567e+007 0 0 0.00393323 0.00393323 0 0 1 0 149526 0 0 0 
1998 4 1 1 0 0 0.245265 0 0.245265 2.71572e+006 2.40832e+006 0 0 0.00727866 0.00727866 0 0 1 0.409297 19766.8 8090.49 0 0 
1998 4 1 2 0 0 0.196725 0 0.196725 192960 175166 0 0 0.00970643 0.00970643 0 0 1 0.87187 1872.95 1632.97 0 0 
1998 4 1 3 0 0 0.196725 0 0.196725 8135.78 7385.52 0 0 0.010953 0.010953 0 0 1 0.94676 89.1113 84.3671 0 0 
1999 1 1 0 0 0 0.421403 0.000793292 0.422196 7.99887e+007 6.52485e+007 51761.1 830.23 0.0053059 0.0053059 4.40512 4.40512 1 0 424412 0 0 0 
1999 1 1 1 0 0 0.287226 0.19432 0.481546 2.76654e+007 2.19562e+007 4.26654e+006 1.59392e+007 0.00973715 0.00973715 155203 155203 1 0.409297 269382 110257 0 0 
1999 1 1 2 0 0 0.232493 0.326625 0.559118 2.12504e+006 1.62779e+006 531678 477815 0.0114532 0.0114532 5472.51 5472.51 1 0.87187 24338.5 21220 0 0 
1999 1 1 3 0 0 0.214241 0.298832 0.513072 165183 129213 38613 69219.2 0.012081 0.012081 836.239 836.239 1 0.94676 1995.58 1889.34 0 0 
1999 2 1 0 0 0 0.290566 0.00707753 0.297644 5.2441e+007 4.53566e+007 321013 90557.3 0.00456971 0.00456971 413.82 413.82 1 0 239640 0 0 0 
1999 2 1 1 0 0 0.190571 0.218804 0.409375 1.70924e+007 1.40261e+007 3.06896e+006 2.45606e+006 0.011575 0.011575 28429 28429 1 0.409297 197845 80977.4 0 0 
1999 2 1 2 0 0 0.169403 0.743668 0.913071 1.21492e+006 796632 592430 254931 0.0135094 0.0135094 3443.96 3443.96 1 0.87187 16412.8 14309.8 0 0 
1999 2 1 3 0 0 0.15233 0.694543 0.846873 98887.6 66703.3 46328.3 44836 0.0163661 0.0163661 733.789 733.789 1 0.94676 1618.4 1532.24 0 0 
1999 3 1 0 0 0 0.274501 0.015849 0.29035 3.89409e+007 3.37973e+007 535653 1.96713e+006 0.00360535 0.00360535 7092.2 7092.2 1 0 140396 0 0 0 
1999 3 1 1 0 0 0.24072 0.091907 0.332627 1.13505e+007 9.65574e+006 887430 3.35194e+006 0.00937925 0.00937925 31438.7 31438.7 1 0.409297 106459 43573.3 0 0 
1999 3 1 2 0 0 0.19105 0.202725 0.393775 487533 402995 81697 641059 0.0117946 0.0117946 7561.02 7561.02 1 0.87187 5750.24 5013.46 0 0 
1999 3 1 3 0 0 0.19105 0.491235 0.682285 42398.4 30731.6 15096.4 183015 0.0138192 0.0138192 2529.13 2529.13 1 0.94676 585.914 554.72 0 0 
1999 4 1 0 0 0 0.334613 0 0.334613 2.91279e+007 2.47556e+007 0 0 0.00523063 0.00523063 0 0 1 0 152357 0 0 0 
1999 4 1 1 0 0 0.267128 0 0.267128 8.13873e+006 7.14234e+006 0 0 0.00967956 0.00967956 0 0 1 0.409297 78779.3 32244.1 0 0 
1999 4 1 2 0 0 0.242347 0 0.242347 328844 292030 0 0 0.0129081 0.0129081 0 0 1 0.87187 4244.77 3700.88 0 0 
1999 4 1 3 0 0 0.242347 0 0.242347 21430.7 19031.5 0 0 0.0145659 0.0145659 0 0 1 0.94676 312.158 295.539 0 0 
2000 1 1 0 0 0 0.406024 0.0012792 0.407303 7.55607e+007 6.20653e+007 79393.9 6101.49 0.00667143 0.00667143 40.7056 40.7056 1 0 504098 0 0 0 
2000 1 1 1 0 0 0.341546 0.313345 0.654892 2.08444e+007 1.52937e+007 4.79222e+006 9.82267e+006 0.0121927 0.0121927 119765 119765 1 0.409297 254149 104022 0 0 
2000 1 1 2 0 0 0.253193 0.52669 0.779882 6.2308e+006 4.32659e+006 2.27877e+006 1.76726e+006 0.0148301 0.0148301 26208.7 26208.7 1 0.87187 92403.7 80564 0 0 
2000 1 1 3 0 0 0.218544 0.481872 0.700416 274890 197655 95244.2 70159.7 0.0184553 0.0184553 1294.82 1294.82 1 0.94676 5073.19 4803.09 0 0 
2000 2 1 0 0 0 0.355138 0.0114127 0.366551 5.02813e+007 4.20959e+007 480426 81905.9 0.00621185 0.00621185 508.787 508.787 1 0 312340 0 0 0 
2000 2 1 1 0 0 0.198814 0.352825 0.551639 1.08286e+007 8.32297e+006 2.93655e+006 801375 0.0148578 0.0148578 11906.7 11906.7 1 0.409297 160889 65851.4 0 0 
2000 2 1 2 0 0 0.180218 1.19918 1.3794 2.85657e+006 1.54958e+006 1.85823e+006 384854 0.0173556 0.0173556 6679.38 6679.38 1 0.87187 49577.7 43225.3 0 0 
2000 2 1 3 0 0 0.169539 1.11996 1.2895 136450 76673.2 85871.2 49826.6 0.0183208 0.0183208 912.862 912.862 1 0.94676 2499.86 2366.77 0 0 
2000 3 1 0 0 0 0.253643 0.0255568 0.2792 3.4851e+007 3.04087e+007 777149 1.09361e+006 0.00507794 0.00507794 5553.3 5553.3 1 0 176971 0 0 0 
2000 3 1 1 0 0 0.213127 0.148202 0.361329 6.23733e+006 5.23476e+006 775801 2.80714e+006 0.0104593 0.0104593 29360.9 29360.9 1 0.409297 65238.3 26701.8 0 0 
2000 3 1 2 0 0 0.156921 0.326898 0.483818 719086 570097 186363 1.31005e+006 0.0130945 0.0130945 17154.5 17154.5 1 0.87187 9416.06 8209.58 0 0 
2000 3 1 3 0 0 0.156921 0.792126 0.949047 37579.2 24268.5 19223.7 176418 0.0149724 0.0149724 2641.4 2641.4 1 0.94676 562.651 532.696 0 0 
2000 4 1 0 0 0 0.278612 0 0.278612 2.63609e+007 2.30072e+007 0 0 0.00360877 0.00360877 0 0 1 0 95130.5 0 0 0 
2000 4 1 1 0 0 0.235664 0 0.235664 4.34586e+006 3.87174e+006 0 0 0.00456426 0.00456426 0 0 1 0.409297 19835.6 8118.66 0 0 
2000 4 1 2 0 0 0.192073 0 0.192073 443263 403293 0 0 0.00797785 0.00797785 0 0 1 0.87187 3536.28 3083.18 0 0 
2000 4 1 3 0 0 0.192073 0 0.192073 14547.3 13235.5 0 0 0.0134729 0.0134729 0 0 1 0.94676 195.994 185.559 0 0 
2001 1 1 0 0 0 0.408792 0.00136052 0.410153 6.34822e+007 5.20749e+007 70849.1 13055.5 0.00783091 0.00783091 102.237 102.237 1 0 497123 0 0 0 
2001 1 1 1 0 0 0.32787 0.333266 0.661136 1.99508e+007 1.45975e+007 4.86485e+006 5.76763e+006 0.010869 0.010869 62688.4 62688.4 1 0.409297 216846 88754.3 0 0 
2001 1 1 2 0 0 0.233083 0.560174 0.793257 3.43343e+006 2.37029e+006 1.32778e+006 315550 0.0117832 0.0117832 3718.17 3718.17 1 0.87187 40456.6 35272.9 0 0 
2001 1 1 3 0 0 0.190164 0.512507 0.702671 377806 271384 139086 7693.89 0.0159143 0.0159143 122.443 122.443 1 0.94676 6012.52 5692.42 0 0 
2001 2 1 0 0 0 0.299106 0.0121382 0.311244 4.21236e+007 3.61985e+007 439385 550512 0.00477802 0.00477802 2630.36 2630.36 1 0 201267 0 0 0 
2001 2 1 1 0 0 0.21312 0.375256 0.588376 1.02999e+007 7.78602e+006 2.92175e+006 3.96734e+006 0.0116427 0.0116427 46190.4 46190.4 1 0.409297 119918 49082.2 0 0 
2001 2 1 2 0 0 0.201949 1.27542 1.47737 1.55318e+006 811364 1.03483e+006 1.52871e+006 0.0136366 0.0136366 20846.5 20846.5 1 0.87187 21180.1 18466.3 0 0 
2001 2 1 3 0 0 0.194767 1.19117 1.38593 187113 101244 120598 498496 0.016634 0.016634 8291.98 8291.98 1 0.94676 3112.43 2946.73 0 0 
2001 3 1 0 0 0 0.266444 0.0271816 0.293626 3.0857e+007 2.67394e+007 726820 143017 0.00617218 0.00617218 882.728 882.728 1 0 190455 0 0 0 
2001 3 1 1 0 0 0.22548 0.157624 0.383104 5.7188e+006 4.75081e+006 748841 531588 0.0126722 0.0126722 6736.37 6736.37 1 0.409297 72469.7 29661.6 0 0 
2001 3 1 2 0 0 0.191235 0.34768 0.538915 354494 274049 95281.2 59709 0.0149807 0.0149807 894.485 894.485 1 0.87187 5310.58 4630.13 0 0 
2001 3 1 3 0 0 0.191235 0.842486 1.03372 46795.1 29167.4 24573.1 13417.6 0.0161831 0.0161831 217.137 217.137 1 0.94676 757.289 716.971 0 0 
2001 4 1 0 0 0 0.306306 0 0.306306 2.30056e+007 1.9816e+007 0 0 0.00651097 0.00651097 0 0 1 0 149789 0 0 0 
2001 4 1 1 0 0 0.258432 0 0.258432 3.89875e+006 3.4357e+006 0 0 0.0120489 0.0120489 0 0 1 0.409297 46975.6 19227 0 0 
2001 4 1 2 0 0 0.213201 0 0.213201 206805 186246 0 0 0.0160678 0.0160678 0 0 1 0.87187 3322.89 2897.13 0 0 
2001 4 1 3 0 0 0.213201 0 0.213201 16644.1 14989.5 0 0 0.0181313 0.0181313 0 0 1 0.94676 301.78 285.713 0 0 
2002 1 1 0 0 0 0.434478 0.00143313 0.435911 8.55663e+007 6.93552e+007 99395.2 63415.5 0.0072819 0.0072819 461.785 461.785 1 0 623085 0 0 0 
2002 1 1 1 0 0 0.321474 0.351052 0.672526 1.69358e+007 1.23289e+007 4.32807e+006 6.58644e+006 0.0108755 0.0108755 71630.6 71630.6 1 0.409297 184185 75386.3 0 0 
2002 1 1 2 0 0 0.240285 0.590069 0.830354 3.01085e+006 2.04544e+006 1.20695e+006 594557 0.0140837 0.0140837 8373.59 8373.59 1 0.87187 42404.1 36970.8 0 0 
2002 1 1 3 0 0 0.170689 0.539858 0.710547 180545 129238 69770.3 108679 0.0154284 0.0154284 1676.75 1676.75 1 0.94676 2785.52 2637.22 0 0 
2002 2 1 0 0 0 0.315437 0.012786 0.328223 5.53336e+007 4.71698e+007 603113 927294 0.00768965 0.00768965 7130.56 7130.56 1 0 425496 0 0 0 
2002 2 1 1 0 0 0.222536 0.395282 0.617818 8.64435e+006 6.44852e+006 2.54898e+006 4.32653e+006 0.0121678 0.0121678 52644.4 52644.4 1 0.409297 105183 43051 0 0 
2002 2 1 2 0 0 0.213876 1.34348 1.55736 1.31242e+006 665165 893638 661656 0.014241 0.014241 9422.63 9422.63 1 0.87187 18690.1 16295.3 0 0 
2002 2 1 3 0 0 0.205629 1.25474 1.46036 88715.6 46646 58528.3 59021.8 0.0158279 0.0158279 934.19 934.19 1 0.94676 1404.18 1329.42 0 0 
2002 3 1 0 0 0 0.251826 0.0286322 0.280458 3.98514e+007 3.47508e+007 994993 1.18269e+006 0.00465024 0.00465024 5499.8 5499.8 1 0 185319 0 0 0 
2002 3 1 1 0 0 0.206168 0.166036 0.372204 4.66033e+006 3.89133e+006 646100 1.19916e+006 0.0100501 0.0100501 12051.7 12051.7 1 0.409297 46836.8 19170.2 0 0 
2002 3 1 2 0 0 0.194325 0.366235 0.56056 276515 211673 77522.1 296900 0.0132559 0.0132559 3935.67 3935.67 1 0.87187 3665.45 3195.79 0 0 
2002 3 1 3 0 0 0.194325 0.887447 1.08177 20595.5 12584.7 11168.2 65718.4 0.0144819 0.0144819 951.727 951.727 1 0.94676 298.262 282.382 0 0 
2002 4 1 0 0 0 0.322663 0 0.322663 3.01053e+007 2.57312e+007 0 0 0.00600354 0.00600354 0 0 1 0 180738 0 0 0 
2002 4 1 1 0 0 0.261624 0 0.261624 3.21197e+006 2.82617e+006 0 0 0.0116361 0.0116361 0 0 1 0.409297 37374.7 15297.4 0 0 
2002 4 1 2 0 0 0.217799 0 0.217799 157859 141852 0 0 0.01293 0.01293 0 0 1 0.87187 2041.12 1779.59 0 0 
2002 4 1 3 0 0 0.217799 0 0.217799 6981.74 6273.76 0 0 0.015541 0.015541 0 0 1 0.94676 108.504 102.727 0 0 
2003 1 1 0 0 0 0.419368 0.00110566 0.420474 1.11315e+008 9.0875e+007 100476 197639 0.00419735 0.00419735 829.563 829.563 1 0 467229 0 0 0 
2003 1 1 1 0 0 0.26906 0.270835 0.539895 2.18028e+007 1.68476e+007 4.56291e+006 4.00332e+006 0.0124598 0.0124598 49880.6 49880.6 1 0.409297 271659 111189 0 0 
2003 1 1 2 0 0 0.215429 0.455236 0.670665 2.47257e+006 1.80146e+006 820091 594498 0.0145956 0.0145956 8677.05 8677.05 1 0.87187 36088.7 31464.7 0 0 
2003 1 1 3 0 0 0.168428 0.416499 0.584927 132580 100377 41807 68143.5 0.0227862 0.0227862 1552.73 1552.73 1 0.94676 3020.99 2860.15 0 0 
2003 2 1 0 0 0 0.294817 0.00986436 0.304681 7.31046e+007 6.30177e+007 621630 2.78563e+006 0.00578575 0.00578575 16117 16117 1 0 422965 0 0 0 
2003 2 1 1 0 0 0.228673 0.304959 0.533632 1.27069e+007 9.84696e+006 3.00292e+006 6.82628e+006 0.0107625 0.0107625 73467.6 73467.6 1 0.409297 136757 55974.2 0 0 
2003 2 1 2 0 0 0.208468 1.03649 1.24496 1.2644e+006 723164 749554 1.11591e+006 0.0144564 0.0144564 16132 16132 1 0.87187 18278.6 15936.6 0 0 
2003 2 1 3 0 0 0.203998 0.968024 1.17202 73866.3 43503.4 42112.3 218400 0.0166619 0.0166619 3638.96 3638.96 1 0.94676 1230.76 1165.23 0 0 
2003 3 1 0 0 0 0.258955 0.0220896 0.281045 5.39043e+007 4.6992e+007 1.03804e+006 713229 0.00485099 0.00485099 3459.87 3459.87 1 0 261489 0 0 0 
2003 3 1 1 0 0 0.229167 0.128096 0.357263 7.45221e+006 6.26633e+006 802692 39823.9 0.0114708 0.0114708 456.811 456.811 1 0.409297 85482.6 34987.8 0 0 
2003 3 1 2 0 0 0.225632 0.282549 0.508181 364086 285441 80651.1 29773.8 0.0134973 0.0134973 401.866 401.866 1 0.87187 4914.17 4284.52 0 0 
2003 3 1 3 0 0 0.225632 0.684663 0.910295 22879.3 15019.9 10283.6 26427.2 0.0141365 0.0141365 373.588 373.588 1 0.94676 323.433 306.214 0 0 
2003 4 1 0 0 0 0.382599 0 0.382599 4.06975e+007 3.38168e+007 0 0 0.00498315 0.00498315 0 0 1 0 202802 0 0 0 
2003 4 1 1 0 0 0.308147 0 0.308147 5.21348e+006 4.48674e+006 0 0 0.00922159 0.00922159 0 0 1 0.409297 48076.6 19677.6 0 0 
2003 4 1 2 0 0 0.285942 0 0.285942 219030 190498 0 0 0.0122974 0.0122974 0 0 1 0.87187 2693.5 2348.38 0 0 
2003 4 1 3 0 0 0.285942 0 0.285942 9206.77 8007.46 0 0 0.0138768 0.0138768 0 0 1 0.94676 127.76 120.958 0 0 
2004 1 1 0 0 0 0.436328 0.00166381 0.437992 2.0308e+008 1.64446e+008 273608 229309 0.00882088 0.00882088 2022.7 2022.7 1 0 1.79134e+006 0 0 0 
2004 1 1 1 0 0 0.276005 0.407558 0.683564 2.77592e+007 2.01092e+007 8.19569e+006 4.21728e+006 0.0115748 0.0115748 48814 48814 1 0.409297 321306 131509 0 0 
2004 1 1 2 0 0 0.230681 0.685049 0.915729 3.8309e+006 2.50913e+006 1.71887e+006 731500 0.0138942 0.0138942 10163.6 10163.6 1 0.87187 53227.5 46407.4 0 0 
2004 1 1 3 0 0 0.19195 0.626756 0.818705 171476 117081 73380.9 78913.1 0.0153571 0.0153571 1211.87 1211.87 1 0.94676 2633.36 2493.16 0 0 
2004 2 1 0 0 0 0.277951 0.0148441 0.292795 1.31054e+008 1.13611e+008 1.68645e+006 2.48068e+007 0.0040717 0.0040717 101006 101006 1 0 533612 0 0 0 
2004 2 1 1 0 0 0.216065 0.458908 0.674973 1.40133e+007 1.01902e+007 4.67638e+006 4.73569e+006 0.00936733 0.00936733 44360.7 44360.7 1 0.409297 131267 53727.1 0 0 
2004 2 1 2 0 0 0.19252 1.55974 1.75225 1.53322e+006 723290 1.12814e+006 264373 0.0126443 0.0126443 3342.81 3342.81 1 0.87187 19386.5 16902.5 0 0 
2004 2 1 3 0 0 0.184805 1.4567 1.64151 75621.1 37145.3 54109.6 53425.3 0.0152932 0.0152932 817.046 817.046 1 0.94676 1156.49 1094.92 0 0 
2004 3 1 0 0 0 0.231014 0.0332409 0.264255 9.77891e+007 8.59352e+007 2.85657e+006 5.23394e+006 0.00303718 0.00303718 15896.4 15896.4 1 0 297003 0 0 0 
2004 3 1 1 0 0 0.211859 0.192761 0.40462 7.13513e+006 5.86811e+006 1.13115e+006 309955 0.00973314 0.00973314 3016.83 3016.83 1 0.409297 69447.2 28424.5 0 0 
2004 3 1 2 0 0 0.207592 0.425185 0.632777 265834 196982 83753.8 44144.7 0.0112443 0.0112443 496.374 496.374 1 0.87187 2989.11 2606.11 0 0 
2004 3 1 3 0 0 0.207592 1.03029 1.23789 14646.9 8400.89 8655.39 15706.6 0.0129619 0.0129619 203.587 203.587 1 0.94676 189.851 179.744 0 0 
2004 4 1 0 0 0 0.375766 0 0.375766 7.50803e+007 6.25866e+007 0 0 0.0044345 0.0044345 0 0 1 0 332944 0 0 0 
2004 4 1 1 0 0 0.302347 0 0.302347 4.76077e+006 4.10844e+006 0 0 0.00933673 0.00933673 0 0 1 0.409297 44450.1 18193.3 0 0 
2004 4 1 2 0 0 0.27837 0 0.27837 141188 123240 0 0 0.0115277 0.0115277 0 0 1 0.87187 1627.58 1419.04 0 0 
2004 4 1 3 0 0 0.27837 0 0.27837 4247.55 3707.6 0 0 0.012856 0.012856 0 0 1 0.94676 54.6066 51.6994 0 0 
2005 1 1 0 0 0 0.441625 0.00114642 0.442771 7.09446e+007 5.73211e+007 65714.1 97602.3 0.00762325 0.00762325 744.047 744.047 1 0 540828 0 0 0 
2005 1 1 1 0 0 0.320547 0.280821 0.601367 5.15624e+007 3.875e+007 1.08818e+007 1.34097e+007 0.00968125 0.00968125 129823 129823 1 0.409297 499188 204316 0 0 
2005 1 1 2 0 0 0.226986 0.472021 0.699007 3.5186e+006 2.53156e+006 1.19495e+006 479222 0.0130316 0.0130316 6245.03 6245.03 1 0.87187 45853 39977.8 0 0 
2005 1 1 3 0 0 0.215992 0.431855 0.647846 110097 81034.1 34995 88858.2 0.0153547 0.0153547 1364.39 1364.39 1 0.94676 1690.51 1600.51 0 0 
2005 2 1 0 0 0 0.3092 0.0102281 0.319428 4.55644e+007 3.90039e+007 398934 839944 0.00656341 0.00656341 5512.9 5512.9 1 0 299058 0 0 0 
2005 2 1 1 0 0 0.218678 0.316203 0.534881 2.82594e+007 2.18867e+007 6.92062e+006 7.90355e+006 0.0102709 0.0102709 81176.5 81176.5 1 0.409297 290249 118798 0 0 
2005 2 1 2 0 0 0.180988 1.07471 1.2557 1.74902e+006 996073 1.07049e+006 228337 0.0114919 0.0114919 2624.02 2624.02 1 0.87187 20099.6 17524.2 0 0 
2005 2 1 3 0 0 0.173733 1.00371 1.17745 57599.8 33849 33974.7 22051.4 0.0141083 0.0141083 311.109 311.109 1 0.94676 812.638 769.373 0 0 
2005 3 1 0 0 0 0.220471 0.0229041 0.243375 3.31055e+007 2.93848e+007 673033 1.08927e+006 0.00553011 0.00553011 6023.81 6023.81 1 0 183077 0 0 0 
2005 3 1 1 0 0 0.200812 0.132819 0.333631 1.65526e+007 1.40745e+007 1.86935e+006 5.40858e+006 0.00800437 0.00800437 43292.3 43292.3 1 0.409297 132493 54229.1 0 0 
2005 3 1 2 0 0 0.179293 0.292966 0.472259 498257 397129 116346 230703 0.0113846 0.0113846 2626.47 2626.47 1 0.87187 5672.46 4945.65 0 0 
2005 3 1 3 0 0 0.179293 0.709906 0.889198 17744.4 11754.1 8344.31 38556.8 0.0137878 0.0137878 531.614 531.614 1 0.94676 244.657 231.632 0 0 
2005 4 1 0 0 0 0.366783 0 0.366783 2.5954e+007 2.17265e+007 0 0 0.00467988 0.00467988 0 0 1 0 121461 0 0 0 
2005 4 1 1 0 0 0.291321 0 0.291321 1.18569e+007 1.0286e+007 0 0 0.00866036 0.00866036 0 0 1 0.409297 102685 42028.8 0 0 
2005 4 1 2 0 0 0.224992 0 0.224992 310709 278236 0 0 0.011549 0.011549 0 0 1 0.87187 3588.38 3128.6 0 0 
2005 4 1 3 0 0 0.224992 0 0.224992 7292.7 6530.52 0 0 0.0130322 0.0130322 0 0 1 0.94676 95.0402 89.9803 0 0 
2006 1 1 0 0 0 0.503924 0.00145997 0.505384 9.39615e+007 7.37597e+007 107687 0 0.00632446 0.00632446 0 0 1 0 594255 0 0 0 
2006 1 1 1 0 0 0.314539 0.357625 0.672165 1.7985e+007 1.30948e+007 4.68302e+006 1.9877e+006 0.0108138 0.0108138 21494.6 21494.6 1 0.409297 194487 79602.9 0 0 
2006 1 1 2 0 0 0.225625 0.601119 0.826743 8.86041e+006 6.02875e+006 3.62399e+006 1.4018e+006 0.0133425 0.0133425 18703.5 18703.5 1 0.87187 118220 103072 0 0 
2006 1 1 3 0 0 0.21463 0.549967 0.764598 253932 177507 97622.8 295158 0.0152372 0.0152372 4497.37 4497.37 1 0.94676 3869.2 3663.2 0 0 
2006 2 1 0 0 0 0.264692 0.0130254 0.277718 5.66845e+007 4.94941e+007 644682 319709 0.00553065 0.00553065 1768.2 1768.2 1 0 313502 0 0 0 
2006 2 1 1 0 0 0.211573 0.402684 0.614258 9.1832e+006 6.86145e+006 2.763e+006 493221 0.0142716 0.0142716 7039.07 7039.07 1 0.409297 131059 53642.1 0 0 
2006 2 1 2 0 0 0.172426 1.36864 1.54107 3.87618e+006 1.97661e+006 2.70527e+006 1.00384e+006 0.0158443 0.0158443 15905.1 15905.1 1 0.87187 61415.5 53546.3 0 0 
2006 2 1 3 0 0 0.166197 1.27823 1.44443 118211 62534.8 79933.9 235542 0.0179666 0.0179666 4231.89 4231.89 1 0.94676 2123.84 2010.77 0 0 
2006 3 1 0 0 0 0.217051 0.0291684 0.246219 4.29391e+007 3.80613e+007 1.11019e+006 176742 0.00406707 0.00406707 718.822 718.822 1 0 174636 0 0 0 
2006 3 1 1 0 0 0.196865 0.169145 0.36601 4.9685e+006 4.16072e+006 703765 129541 0.00954634 0.00954634 1236.64 1236.64 1 0.409297 47431 19413.4 0 0 
2006 3 1 2 0 0 0.172491 0.373093 0.545584 830093 639776 238696 176585 0.0129454 0.0129454 2285.96 2285.96 1 0.87187 10745.9 9369.03 0 0 
2006 3 1 3 0 0 0.172491 0.904065 1.07656 27883.6 17074.6 15436.6 10932.9 0.0134327 0.0134327 146.857 146.857 1 0.94676 374.552 354.611 0 0 
2006 4 1 0 0 0 0.364286 0 0.364286 3.35677e+007 2.8133e+007 0 0 0.00500778 0.00500778 0 0 1 0 168100 0 0 0 
2006 4 1 1 0 0 0.277221 0 0.277221 3.44564e+006 3.00927e+006 0 0 0.00926717 0.00926717 0 0 1 0.409297 31931.3 13069.4 0 0 
2006 4 1 2 0 0 0.20233 0 0.20233 481042 435500 0 0 0.0123582 0.0123582 0 0 1 0.87187 5944.81 5183.1 0 0 
2006 4 1 3 0 0 0.20233 0 0.20233 9501.82 8602.25 0 0 0.0139454 0.0139454 0 0 1 0.94676 132.506 125.452 0 0 
2007 1 1 0 0 0 0.480078 0.00143558 0.481513 6.66511e+007 5.28975e+007 75938.8 0 0.00632446 0.00632446 0 0 1 0 421532 0 0 0 
2007 1 1 1 0 0 0.312223 0.351652 0.663875 2.33192e+007 1.70413e+007 5.9926e+006 1.69327e+006 0.0118823 0.0118823 20120 20120 1 0.409297 277087 113411 0 0 
2007 1 1 2 0 0 0.204242 0.591079 0.795321 2.6114e+006 1.80119e+006 1.06464e+006 189551 0.013077 0.013077 2478.75 2478.75 1 0.87187 34149.3 29773.7 0 0 
2007 1 1 3 0 0 0.184123 0.540782 0.724904 400688 285012 154129 67672.1 0.0149193 0.0149193 1009.62 1009.62 1 0.94676 5977.99 5659.72 0 0 
2007 2 1 0 0 0 0.287492 0.0128079 0.3003 4.11802e+007 3.55721e+007 455604 609939 0.0064593 0.0064593 3939.77 3939.77 1 0 265995 0 0 0 
2007 2 1 1 0 0 0.221759 0.395958 0.617718 1.2006e+007 8.95662e+006 3.54645e+006 4.1868e+006 0.0101356 0.0101356 42435.8 42435.8 1 0.409297 121688 49806.5 0 0 
2007 2 1 2 0 0 0.170203 1.34578 1.51598 1.17888e+006 606873 816718 1.68165e+006 0.0126503 0.0126503 21273.4 21273.4 1 0.87187 14913.2 13002.4 0 0 
2007 2 1 3 0 0 0.16633 1.25688 1.42321 194082 103512 130103 254768 0.0151201 0.0151201 3852.12 3852.12 1 0.94676 2934.54 2778.31 0 0 
2007 3 1 0 0 0 0.210233 0.0286812 0.238914 3.04979e+007 2.71283e+007 778073 404452 0.00454597 0.00454597 1838.63 1838.63 1 0 138643 0 0 0 
2007 3 1 1 0 0 0.174755 0.16632 0.341075 6.4733e+006 5.48485e+006 912240 329724 0.00752162 0.00752162 2480.06 2480.06 1 0.409297 48689.7 19928.5 0 0 
2007 3 1 2 0 0 0.152118 0.366861 0.518979 258873 201955 74089.5 19674.8 0.0106344 0.0106344 209.23 209.23 1 0.87187 2752.96 2400.22 0 0 
2007 3 1 3 0 0 0.152118 0.888965 1.04108 46761.9 29057.8 25831.4 20963.7 0.012615 0.012615 264.458 264.458 1 0.94676 589.903 558.496 0 0 
2007 4 1 0 0 0 0.312345 0 0.312345 2.40166e+007 2.06277e+007 0 0 0.00478391 0.00478391 0 0 1 0 114893 0 0 0 
2007 4 1 1 0 0 0.237467 0 0.237467 4.60255e+006 4.09688e+006 0 0 0.00885288 0.00885288 0 0 1 0.409297 40745.8 16677.1 0 0 
2007 4 1 2 0 0 0.175019 0 0.175019 154062 141334 0 0 0.0118057 0.0118057 0 0 1 0.87187 1818.82 1585.77 0 0 
2007 4 1 3 0 0 0.175019 0 0.175019 16510.3 15146.2 0 0 0.0133219 0.0133219 0 0 1 0.94676 219.949 208.239 0 0 
2008 1 1 0 0 0 0.477842 0.00108816 0.47893 1.48963e+008 1.18365e+008 128800 11590.1 0.0088033 0.0088033 102.031 102.031 1 0 1.31137e+006 0 0 0 
2008 1 1 1 0 0 0.306642 0.26655 0.573192 1.75736e+007 1.33759e+007 3.56535e+006 422430 0.0103084 0.0103084 4354.55 4354.55 1 0.409297 181155 74146.3 0 0 
2008 1 1 2 0 0 0.187455 0.448033 0.635488 3.62968e+006 2.68632e+006 1.20356e+006 1.44794e+006 0.0114418 0.0114418 16567.1 16567.1 1 0.87187 41530.2 36208.9 0 0 
2008 1 1 3 0 0 0.166284 0.409909 0.576193 143186 108836 44612.8 329770 0.0131112 0.0131112 4323.67 4323.67 1 0.94676 1877.34 1777.39 0 0 
2008 2 1 0 0 0 0.268767 0.00970828 0.278476 9.22746e+007 8.05405e+007 781910 2.08719e+006 0.00438032 0.00438032 9142.56 9142.56 1 0 404193 0 0 0 
2008 2 1 1 0 0 0.20333 0.300134 0.503463 9.90667e+006 7.78358e+006 2.33611e+006 1.90176e+006 0.0076229 0.0076229 14496.9 14496.9 1 0.409297 75517.5 30909.1 0 0 
2008 2 1 2 0 0 0.156934 1.02009 1.17703 1.92256e+006 1.13e+006 1.1527e+006 1.00663e+006 0.0125573 0.0125573 12640.5 12640.5 1 0.87187 24142 21048.7 0 0 
2008 2 1 3 0 0 0.151074 0.952707 1.10378 80475.3 48731.1 46426.5 260966 0.0141844 0.0141844 3701.64 3701.64 1 0.94676 1141.49 1080.72 0 0 
2008 3 1 0 0 0 0.200369 0.0217401 0.222109 6.98461e+007 6.26331e+007 1.36165e+006 893785 0.00340017 0.00340017 3039.02 3039.02 1 0 237488 0 0 0 
2008 3 1 1 0 0 0.173103 0.126069 0.299172 5.98793e+006 5.17524e+006 652438 131774 0.00755089 0.00755089 995.01 995.01 1 0.409297 45214.1 18506 0 0 
2008 3 1 2 0 0 0.166628 0.278078 0.444706 592520 478309 133007 41691.7 0.00823804 0.00823804 343.458 343.458 1 0.87187 4881.2 4255.77 0 0 
2008 3 1 3 0 0 0.166628 0.673829 0.840457 26686.8 18051 12163.3 21858.3 0.00846626 0.00846626 185.058 185.058 1 0.94676 225.937 213.909 0 0 
2008 4 1 0 0 0 0.303983 0 0.303983 5.59347e+007 4.82328e+007 0 0 0.00443333 0.00443333 0 0 1 0 247977 0 0 0 
2008 4 1 1 0 0 0.225445 0 0.225445 4.43964e+006 3.97477e+006 0 0 0.00681496 0.00681496 0 0 1 0.409297 30255.9 12383.7 0 0 
2008 4 1 2 0 0 0.196899 0 0.196899 379813 344758 0 0 0.00901116 0.00901116 0 0 1 0.87187 3422.55 2984.02 0 0 
2008 4 1 3 0 0 0.196899 0 0.196899 11515.7 10452.9 0 0 0.00809501 0.00809501 0 0 1 0.94676 93.2198 88.2568 0 0 
2009 1 1 0 0 0 0.444163 0.000914455 0.445078 1.12816e+008 9.10544e+007 83265.1 0 0.00632446 0.00632446 0 0 1 0 713498 0 0 0 
2009 1 1 1 0 0 0.362029 0.224 0.586028 4.12727e+007 3.12324e+007 6.99604e+006 4.77695e+006 0.00958163 0.00958163 45770.9 45770.9 1 0.409297 395460 161860 0 0 
2009 1 1 2 0 0 0.233127 0.376512 0.609639 3.54355e+006 2.65315e+006 998942 219922 0.0123214 0.0123214 2709.75 2709.75 1 0.87187 43661.5 38067.1 0 0 
2009 1 1 3 0 0 0.16233 0.344473 0.506804 321388 252125 86850.3 39036.7 0.0142217 0.0142217 555.168 555.168 1 0.94676 4570.67 4327.33 0 0 
2009 2 1 0 0 0 0.32704 0.00815851 0.335199 7.22894e+007 6.14212e+007 501106 231412 0.00459781 0.00459781 1063.99 1063.99 1 0 332373 0 0 0 
2009 2 1 1 0 0 0.20019 0.252222 0.452412 2.29696e+007 1.84761e+007 4.66009e+006 8.16393e+006 0.00954441 0.00954441 77919.8 77919.8 1 0.409297 219231 89730.7 0 0 
2009 2 1 2 0 0 0.157572 0.857252 1.01482 1.92608e+006 1.21001e+006 1.03728e+006 554425 0.0130278 0.0130278 7222.95 7222.95 1 0.87187 25092.7 21877.5 0 0 
2009 2 1 3 0 0 0.150078 0.800623 0.950701 193610 124945 100034 137328 0.0160173 0.0160173 2199.62 2199.62 1 0.94676 3101.09 2935.99 0 0 
2009 3 1 0 0 0 0.190446 0.0182697 0.208716 5.17011e+007 4.66622e+007 852504 168362 0.00429631 0.00429631 723.337 723.337 1 0 222124 0 0 0 
2009 3 1 1 0 0 0.169703 0.105944 0.275647 1.46108e+007 1.277e+007 1.35291e+006 3.38511e+006 0.00773802 0.00773802 26194 26194 1 0.409297 113059 46274.6 0 0 
2009 3 1 2 0 0 0.163423 0.233688 0.397111 698140 576184 134647 519516 0.0103483 0.0103483 5376.09 5376.09 1 0.87187 7224.55 6298.87 0 0 
2009 3 1 3 0 0 0.163423 0.566263 0.729687 74824.3 53111.2 30074.9 88967.4 0.0134745 0.0134745 1198.79 1198.79 1 0.94676 1008.22 954.546 0 0 
2009 4 1 0 0 0 0.292535 0 0.292535 4.19619e+007 3.63814e+007 0 0 0.00866643 0.00866643 0 0 1 0 363660 0 0 0 
2009 4 1 1 0 0 0.215318 0 0.215318 1.10908e+007 9.97803e+006 0 0 0.00962278 0.00962278 0 0 1 0.409297 106724 43681.9 0 0 
2009 4 1 2 0 0 0.189694 0 0.189694 469332 427503 0 0 0.0104659 0.0104659 0 0 1 0.87187 4911.98 4282.61 0 0 
2009 4 1 3 0 0 0.189694 0 0.189694 36069.8 32855.1 0 0 0.0141411 0.0141411 0 0 1 0.94676 510.068 482.912 0 0 
2010 1 1 0 0 0 0.527185 0.000868743 0.528053 1.27985e+008 9.94325e+007 86381.4 12413.8 0.00663171 0.00663171 82.3246 82.3246 1 0 848761 0 0 0 
2010 1 1 1 0 0 0.412451 0.212802 0.625253 3.13191e+007 2.32857e+007 4.95525e+006 1.73217e+006 0.00800228 0.00800228 13861.3 13861.3 1 0.409297 250624 102580 0 0 
2010 1 1 2 0 0 0.312095 0.357691 0.669786 8.94233e+006 6.51773e+006 2.33133e+006 689166 0.00966617 0.00966617 6661.59 6661.59 1 0.87187 86438.1 75362.7 0 0 
2010 1 1 3 0 0 0.170493 0.327254 0.497748 418074 329339 107777 90040.4 0.013676 0.013676 1231.39 1231.39 1 0.94676 5717.59 5413.19 0 0 
2010 2 1 0 0 0 0.395296 0.00775069 0.403047 7.54795e+007 6.21218e+007 481487 349703 0.004735 0.004735 1655.85 1655.85 1 0 357396 0 0 0 
2010 2 1 1 0 0 0.217096 0.239614 0.45671 1.67597e+007 1.34543e+007 3.22383e+006 3.10542e+006 0.00940284 0.00940284 29199.7 29199.7 1 0.409297 157588 64500.5 0 0 
2010 2 1 2 0 0 0.179411 0.8144 0.993811 4.57685e+006 2.90062e+006 2.36226e+006 3.01129e+006 0.0114081 0.0114081 34353.1 34353.1 1 0.87187 52213.1 45523 0 0 
2010 2 1 3 0 0 0.164153 0.760602 0.924755 254147 165822 126125 2.15739e+006 0.0147725 0.0147725 31869.9 31869.9 1 0.94676 3754.37 3554.49 0 0 
2010 3 1 0 0 0 0.206689 0.0173564 0.224045 5.04415e+007 4.51903e+007 784342 298472 0.0049912 0.0049912 1489.73 1489.73 1 0 251764 0 0 0 
2010 3 1 1 0 0 0.182157 0.100648 0.282805 1.0615e+007 9.24602e+006 930597 2.4124e+006 0.0072118 0.0072118 17397.8 17397.8 1 0.409297 76553 31332.9 0 0 
2010 3 1 2 0 0 0.159284 0.222006 0.38129 1.69418e+006 1.40861e+006 312720 683264 0.00941573 0.00941573 6433.42 6433.42 1 0.87187 15951.9 13908 0 0 
2010 3 1 3 0 0 0.159284 0.537957 0.697241 100802 72581.5 39045.8 90603 0.0130153 0.0130153 1179.23 1179.23 1 0.94676 1311.97 1242.12 0 0 
2010 4 1 0 0 0 0.308964 0 0.308964 4.03168e+007 3.46834e+007 0 0 0.00384724 0.00384724 0 0 1 0 155109 0 0 0 
2010 4 1 1 0 0 0.226391 0 0.226391 8.00015e+006 7.15921e+006 0 0 0.00711952 0.00711952 0 0 1 0.409297 56957.2 23312.4 0 0 
2010 4 1 2 0 0 0.196778 0 0.196778 1.15709e+006 1.05036e+006 0 0 0.00949421 0.00949421 0 0 1 0.87187 10985.7 9578.06 0 0 
2010 4 1 3 0 0 0.196778 0 0.196778 50195 45564.9 0 0 0.0107135 0.0107135 0 0 1 0.94676 537.766 509.135 0 0 
2011 1 1 0 0 0 0.510709 0.00076414 0.511473 9.56983e+007 7.49139e+007 57244.8 2469.28 0.00515453 0.00515453 12.728 12.728 1 0 493280 0 0 0 
2011 1 1 1 0 0 0.436909 0.187179 0.624089 2.96009e+007 2.20197e+007 4.12163e+006 1.84721e+006 0.00850677 0.00850677 15713.8 15713.8 1 0.409297 251808 103064 0 0 
2011 1 1 2 0 0 0.385712 0.314622 0.700334 6.37937e+006 4.58713e+006 1.44322e+006 1.10502e+006 0.010108 0.010108 11169.5 11169.5 1 0.87187 64482.6 56220.4 0 0 
2011 1 1 3 0 0 0.181774 0.28785 0.469624 991631 791327 227784 281708 0.0134156 0.0134156 3779.28 3779.28 1 0.94676 13303.3 12595 0 0 
2011 2 1 0 0 0 0.380865 0.00681745 0.387682 5.73818e+007 4.7567e+007 324286 420004 0.0043622 0.0043622 1832.14 1832.14 1 0 250311 0 0 0 
2011 2 1 1 0 0 0.2385 0.210763 0.449263 1.58587e+007 1.27749e+007 2.69247e+006 4.23406e+006 0.00885539 0.00885539 37494.2 37494.2 1 0.409297 140435 57479.5 0 0 
2011 2 1 2 0 0 0.19339 0.71634 0.90973 3.16684e+006 2.07948e+006 1.48962e+006 2.91797e+006 0.0113763 0.0113763 33195.8 33195.8 1 0.87187 36027 31410.9 0 0 
2011 2 1 3 0 0 0.179386 0.66902 0.848405 620005 417940 279610 999295 0.0145475 0.0145475 14537.3 14537.3 1 0.94676 9019.52 8539.33 0 0 
2011 3 1 0 0 0 0.228674 0.0152666 0.24394 3.89409e+007 3.4555e+007 527537 57320.2 0.00420793 0.00420793 241.199 241.199 1 0 163860 0 0 0 
2011 3 1 1 0 0 0.2021 0.0885296 0.29063 1.01194e+007 8.78158e+006 777429 250247 0.0101804 0.0101804 2547.61 2547.61 1 0.409297 103019 42165.5 0 0 
2011 3 1 2 0 0 0.17924 0.195275 0.374515 1.27507e+006 1.06352e+006 207679 95834.3 0.012779 0.012779 1224.67 1224.67 1 0.87187 16294.2 14206.4 0 0 
2011 3 1 3 0 0 0.17924 0.473183 0.652423 265422 194958 92250.8 42265.8 0.0171283 0.0171283 723.94 723.94 1 0.94676 4546.22 4304.19 0 0 
2011 4 1 0 0 0 0.338047 0 0.338047 3.05115e+007 2.58895e+007 0 0 0.00497387 0.00497387 0 0 1 0 151760 0 0 0 
2011 4 1 1 0 0 0.25361 0 0.25361 7.56721e+006 6.68387e+006 0 0 0.0092044 0.0092044 0 0 1 0.409297 69651.6 28508.2 0 0 
2011 4 1 2 0 0 0.224318 0 0.224318 876770 785391 0 0 0.0122745 0.0122745 0 0 1 0.87187 10761.9 9382.99 0 0 
2011 4 1 3 0 0 0.224318 0 0.224318 138227 123821 0 0 0.0138509 0.0138509 0 0 1 0.94676 1914.57 1812.64 0 0 
2012 1 1 0 0 0 0.509197 0.00115053 0.510348 4.90667e+007 3.84299e+007 44214.5 147896 0.00849014 0.00849014 1255.66 1255.66 1 0 416583 0 0 0 
2012 1 1 1 0 0 0.431549 0.281826 0.713375 2.17597e+007 1.55566e+007 4.38426e+006 2.5277e+006 0.00866407 0.00866407 21900.2 21900.2 1 0.409297 188527 77163.6 0 0 
2012 1 1 2 0 0 0.34403 0.47371 0.81774 5.87211e+006 4.01105e+006 1.90008e+006 729427 0.0105978 0.0105978 7730.31 7730.31 1 0.87187 62231.4 54257.7 0 0 
2012 1 1 3 0 0 0.176187 0.433401 0.609588 811045 607265 263189 121665 0.0150296 0.0150296 1828.58 1828.58 1 0.94676 12189.7 11540.7 0 0 
2012 2 1 0 0 0 0.368348 0.0102647 0.378613 2.94541e+007 2.45201e+007 251690 187098 0.00719126 0.00719126 1345.47 1345.47 1 0 211812 0 0 0 
2012 2 1 1 0 0 0.23833 0.317335 0.555664 1.0662e+007 8.17992e+006 2.59577e+006 3.75623e+006 0.00866592 0.00866592 32551.2 32551.2 1 0.409297 92395.8 37817.3 0 0 
2012 2 1 2 0 0 0.19095 1.07856 1.26951 2.59211e+006 1.46814e+006 1.58347e+006 1.69025e+006 0.011949 0.011949 20196.8 20196.8 1 0.87187 30973.2 27004.6 0 0 
2012 2 1 3 0 0 0.178242 1.00731 1.18555 440864 258231 260118 281071 0.0152363 0.0152363 4282.49 4282.49 1 0.94676 6717.14 6359.52 0 0 
2012 3 1 0 0 0 0.218933 0.0229861 0.241919 2.01705e+007 1.7916e+007 411820 78240.3 0.0039855 0.0039855 311.827 311.827 1 0 80389.4 0 0 0 
2012 3 1 1 0 0 0.175767 0.133294 0.309062 6.11667e+006 5.26176e+006 701362 463743 0.00692114 0.00692114 3209.63 3209.63 1 0.409297 42334.3 17327.3 0 0 
2012 3 1 2 0 0 0.145276 0.294015 0.439291 728308 589401 173293 86910 0.0112522 0.0112522 977.933 977.933 1 0.87187 8195.1 7145.06 0 0 
2012 3 1 3 0 0 0.145276 0.712447 0.857723 134718 90449.5 64440.5 30156.6 0.014584 0.014584 439.805 439.805 1 0.94676 1964.74 1860.14 0 0 
2012 4 1 0 0 0 0.291783 0 0.291783 1.58362e+007 1.37351e+007 0 0 0.00472648 0.00472648 0 0 1 0 74849.6 0 0 0 
2012 4 1 1 0 0 0.225115 0 0.225115 4.49047e+006 4.02092e+006 0 0 0.0087466 0.0087466 0 0 1 0.409297 39276.3 16075.7 0 0 
2012 4 1 2 0 0 0.17962 0 0.17962 469390 429648 0 0 0.011664 0.011664 0 0 1 0.87187 5474.96 4773.45 0 0 
2012 4 1 3 0 0 0.17962 0 0.17962 57137.6 52300 0 0 0.013162 0.013162 0 0 1 0.94676 752.045 712.006 0 0 
2013 1 1 0 0 0 0.39911 0.00156531 0.400675 9.3617e+007 7.71348e+007 120740 10002.5 0.00611047 0.00611047 61.1198 61.1198 1 0 572044 0 0 0 
2013 1 1 1 0 0 0.367119 0.383429 0.750548 1.18286e+007 8.31953e+006 3.18995e+006 1.97336e+006 0.0095783 0.0095783 18901.5 18901.5 1 0.409297 113297 46372.3 0 0 
2013 1 1 2 0 0 0.285316 0.644491 0.929806 3.5853e+006 2.33428e+006 1.50442e+006 411558 0.0120237 0.0120237 4948.47 4948.47 1 0.87187 43108.7 37585.2 0 0 
2013 1 1 3 0 0 0.149522 0.589649 0.739171 439960 310990 183375 72704.6 0.0150402 0.0150402 1093.49 1093.49 1 0.94676 6617.09 6264.79 0 0 
2013 2 1 0 0 0 0.271071 0.0139652 0.285036 6.2711e+007 5.45655e+007 762021 462029 0.00430684 0.00430684 1989.88 1989.88 1 0 270087 0 0 0 
2013 2 1 1 0 0 0.208518 0.431739 0.640256 5.58436e+006 4.12417e+006 1.78056e+006 2.17697e+006 0.00970972 0.00970972 21137.8 21137.8 1 0.409297 54222.6 22193.1 0 0 
2013 2 1 2 0 0 0.163763 1.46739 1.63116 1.41487e+006 697649 1.02372e+006 745578 0.0124183 0.0124183 9258.79 9258.79 1 0.87187 17570.2 15318.9 0 0 
2013 2 1 3 0 0 0.157688 1.37046 1.52815 210085 107653 147534 144434 0.0155616 0.0155616 2247.62 2247.62 1 0.94676 3269.25 3095.2 0 0 
2013 3 1 0 0 0 0.206458 0.0312729 0.237731 4.71579e+007 4.19714e+007 1.31257e+006 193678 0.0025976 0.0025976 503.1 503.1 1 0 122498 0 0 0 
2013 3 1 1 0 0 0.174999 0.181349 0.356348 2.94383e+006 2.47645e+006 449101 1553.69 0.00510353 0.00510353 7.92932 7.92932 1 0.409297 15023.9 6149.25 0 0 
2013 3 1 2 0 0 0.148285 0.400012 0.548298 276894 213147 85261.4 2446.72 0.00710195 0.00710195 17.3765 17.3765 1 0.87187 1966.49 1714.52 0 0 
2013 3 1 3 0 0 0.148285 0.969296 1.11758 45575.3 27442.3 26599.7 4794.06 0.00837077 0.00837077 40.13 40.13 1 0.94676 381.501 361.19 0 0 
2013 4 1 0 0 0 0.269965 0 0.269965 3.718e+007 3.2584e+007 0 0 0.00218666 0.00218666 0 0 1 0 81299.9 0 0 0 
2013 4 1 1 0 0 0.220852 0 0.220852 2.06136e+006 1.8496e+006 0 0 0.00944896 0.00944896 0 0 1 0.409297 19477.7 7972.16 0 0 
2013 4 1 2 0 0 0.178284 0 0.178284 160026 146572 0 0 0.0127916 0.0127916 0 0 1 0.87187 2046.99 1784.71 0 0 
2013 4 1 3 0 0 0.178284 0 0.178284 14906.3 13653.1 0 0 0.0152721 0.0152721 0 0 1 0.94676 227.65 215.53 0 0 
2014 1 1 0 0 0  -1 -1 -1 0  -1  -1  -1 0.00611047  -1 -1 -1 -1  -1 0 0 0 0 
2014 1 1 1 0 0  -1 -1 -1 2.83834e+007  -1  -1  -1 0.0095783  -1 -1 -1 -1  -1 271865 111273 0 0 
2014 1 1 2 0 0  -1 -1 -1 1.65287e+006  -1  -1  -1 0.0120237  -1 -1 -1 -1  -1 19873.7 17327.3 0 0 
2014 1 1 3 0 0  -1 -1 -1 146367  -1  -1  -1 0.0150402  -1 -1 -1 -1  -1 2201.39 2084.19 0 0 
