Year Quarter Species.n Age M1 M2 M F Z N N.bar C.hat C.obs west weca Yield CWsum prop.landed propmat BIO SSB Lsea ration
1974 1 1 0 0 0 0.482857 0.000970908 0.483828 5.34074e+008 4.23416e+008 411098 0 0.00632446 0.00632446 0 0 1 0 3.37773e+006 0 0 0 
1974 1 1 1 0 0 0.456422 0.206698 0.66312 1.37946e+008 1.00842e+008 2.08438e+007 1.61011e+007 0.00832646 0.00832646 134065 134065 1 0.409297 1.1486e+006 470117 0 0 
1974 1 1 2 0 0 0.401885 0.352392 0.754277 1.12694e+007 7.91334e+006 2.7886e+006 2.15572e+006 0.0135262 0.0135262 29158.7 29158.7 1 0.87187 152432 132901 0 0 
1974 1 1 3 0 0 0.279594 0.30305 0.582644 438163 332079 100637 475613 0.0184048 0.0184048 8753.57 8753.57 1 0.94676 8064.29 7634.95 0 0 
1974 2 1 0 0 0 0.326748 0.00743127 0.334179 3.29213e+008 2.79853e+008 2.07967e+006 1.88415e+006 0.00584713 0.00584713 11016.9 11016.9 1 0 1.92496e+006 0 0 0 
1974 2 1 1 0 0 0.235424 0.229601 0.465025 7.10752e+007 5.68389e+007 1.30503e+007 1.15441e+007 0.00894888 0.00894888 103307 103307 1 0.409297 636043 260330 0 0 
1974 2 1 2 0 0 0.217345 0.750985 0.96833 5.30059e+006 3.3954e+006 2.54989e+006 866399 0.0149823 0.0149823 12980.6 12980.6 1 0.87187 79414.8 69239.3 0 0 
1974 2 1 3 0 0 0.187755 0.663714 0.851469 244679 164719 109326 48228.1 0.0196945 0.0196945 949.829 949.829 1 0.94676 4818.82 4562.27 0 0 
1974 3 1 0 0 0 0.296626 0.016169 0.312795 2.35692e+008 2.02391e+008 3.27246e+006 2.8427e+006 0.0049933 0.0049933 14194.5 14194.5 1 0 1.17688e+006 0 0 0 
1974 3 1 1 0 0 0.27469 0.0968156 0.371505 4.46437e+007 3.72892e+007 3.61018e+006 1.10913e+007 0.00774447 0.00774447 85896.3 85896.3 1 0.409297 345742 141511 0 0 
1974 3 1 2 0 0 0.174943 0.211937 0.386881 2.01272e+006 1.66909e+006 353742 1.33604e+006 0.0150214 0.0150214 20069.1 20069.1 1 0.87187 30233.9 26360 0 0 
1974 3 1 3 0 0 0.174943 0.428496 0.603439 104426 78404.8 33596.1 34534.2 0.0196543 0.0196543 678.744 678.744 1 0.94676 2052.41 1943.14 0 0 
1974 4 1 0 0 0 0.444899 0.00939998 0.454299 1.72385e+008 1.38541e+008 1.30228e+006 1.30233e+006 0.0065831 0.0065831 8573.38 8573.38 1 0 1.13483e+006 0 0 0 
1974 4 1 1 0 0 0.409145 0.104277 0.513422 3.07906e+007 2.40818e+007 2.51117e+006 2.51132e+006 0.0106994 0.0106994 26869.5 26869.5 1 0.409297 329440 134839 0 0 
1974 4 1 2 0 0 0.3178 0.359496 0.677295 1.36698e+006 993025 356988 359117 0.0183478 0.0183478 6589.02 6589.02 1 0.87187 25081.2 21867.5 0 0 
1974 4 1 3 0 0 0.3178 0.359496 0.677295 57113.4 41489.1 14915.2 14821.6 0.0163205 0.0163205 241.896 241.896 1 0.94676 932.119 882.493 0 0 
1975 1 1 0 0 0 0.51835 0.00170392 0.520054 7.21715e+008 5.62756e+008 958894 250931 0.00483392 0.00483392 1212.98 1212.98 1 0 3.48871e+006 0 0 0 
1975 1 1 1 0 0 0.492266 0.362751 0.855017 1.09446e+008 7.35674e+007 2.66867e+007 2.77235e+007 0.0086133 0.0086133 238791 238791 1 0.409297 942694 385841 0 0 
1975 1 1 2 0 0 0.422257 0.618441 1.0407 1.84264e+007 1.1452e+007 7.08238e+006 1.00526e+007 0.0129155 0.0129155 129834 129834 1 0.87187 237987 207493 0 0 
1975 1 1 3 0 0 0.236604 0.531847 0.768451 723426 504848 268502 260182 0.0171986 0.0171986 4474.76 4474.76 1 0.94676 12441.9 11779.5 0 0 
1975 2 1 0 0 0 0.289484 0.0130417 0.302525 4.29051e+008 3.7023e+008 4.82844e+006 1.17957e+006 0.00754079 0.00754079 8894.86 8894.86 1 0 3.23538e+006 0 0 0 
1975 2 1 1 0 0 0.220191 0.402945 0.623136 4.65448e+007 3.46388e+007 1.39576e+007 1.45419e+007 0.0110761 0.0110761 161067 161067 1 0.409297 515534 211006 0 0 
1975 2 1 2 0 0 0.199951 1.31796 1.51791 6.50836e+006 3.34797e+006 4.41251e+006 4.37841e+006 0.0168117 0.0168117 73608.7 73608.7 1 0.87187 109417 95397.1 0 0 
1975 2 1 3 0 0 0.169448 1.1648 1.33425 335475 185217 215741 166807 0.0216322 0.0216322 3608.4 3608.4 1 0.94676 7257.05 6870.69 0 0 
1975 3 1 0 0 0 0.329164 0.0283763 0.357541 3.17047e+008 2.6656e+008 7.56399e+006 5.24002e+006 0.00480279 0.00480279 25166.8 25166.8 1 0 1.52271e+006 0 0 0 
1975 3 1 1 0 0 0.298634 0.169909 0.468543 2.49601e+007 1.99283e+007 3.386e+006 4.75588e+006 0.0105762 0.0105762 50299 50299 1 0.409297 263983 108047 0 0 
1975 3 1 2 0 0 0.218145 0.371946 0.59009 1.42643e+006 1.07745e+006 400752 2.20678e+006 0.0154459 0.0154459 34085.8 34085.8 1 0.87187 22032.5 19209.5 0 0 
1975 3 1 3 0 0 0.218145 0.752002 0.970146 88348.9 56550.5 42526 66185.8 0.0191701 0.0191701 1268.79 1268.79 1 0.94676 1693.66 1603.49 0 0 
1975 4 1 0 0 0 0.473564 0 0.473564 2.21741e+008 1.7663e+008 0 0 0.00616806 0.00616806 0 0 1 0 1.36771e+006 0 0 0 
1975 4 1 1 0 0 0.44162 0 0.44162 1.56229e+007 1.26296e+007 0 0 0.0116102 0.0116102 0 0 1 0.409297 181384 74239.9 0 0 
1975 4 1 2 0 0 0.422889 0 0.422889 790637 644732 0 0 0.016961 0.016961 0 0 1 0.87187 13410 11691.7 0 0 
1975 4 1 3 0 0 0.422889 0 0.422889 33486.7 27307 0 0 0.0171267 0.0171267 0 0 1 0.94676 573.515 542.982 0 0 
1976 1 1 0 0 0 0.489721 0.00175196 0.491473 3.33345e+008 2.63351e+008 461378 2.14321e+006 0.00487682 0.00487682 10452.1 10452.1 1 0 1.62566e+006 0 0 0 
1976 1 1 1 0 0 0.466338 0.372977 0.839315 1.38096e+008 9.34541e+007 3.48562e+007 4.22098e+007 0.00700833 0.00700833 295820 295820 1 0.409297 967819 396125 0 0 
1976 1 1 2 0 0 0.415041 0.635874 1.05092 1.00454e+007 6.21683e+006 3.95312e+006 2.88865e+006 0.0113282 0.0113282 32723.3 32723.3 1 0.87187 113797 99215.9 0 0 
1976 1 1 3 0 0 0.290053 0.546839 0.836893 539926 365768 200016 180913 0.0133523 0.0133523 2415.6 2415.6 1 0.94676 7209.25 6825.44 0 0 
1976 2 1 0 0 0 0.317874 0.0134094 0.331283 2.03915e+008 1.73579e+008 2.32758e+006 7.43966e+006 0.00433913 0.00433913 32281.7 32281.7 1 0 884816 0 0 0 
1976 2 1 1 0 0 0.241554 0.414304 0.655858 5.96582e+007 4.37531e+007 1.81271e+007 1.87627e+007 0.00895333 0.00895333 167989 167989 1 0.409297 534140 218622 0 0 
1976 2 1 2 0 0 0.224652 1.35512 1.57977 3.51206e+006 1.76513e+006 2.39195e+006 1.61314e+006 0.0153303 0.0153303 24729.9 24729.9 1 0.87187 53840.9 46942.3 0 0 
1976 2 1 3 0 0 0.194676 1.19764 1.39232 233817 126202 151145 88603.8 0.0190226 0.0190226 1685.47 1685.47 1 0.94676 4447.8 4211.01 0 0 
1976 3 1 0 0 0 0.364067 0.0291761 0.393243 1.46412e+008 1.21054e+008 3.53189e+006 7.70342e+006 0.00220921 0.00220921 17018.5 17018.5 1 0 323454 0 0 0 
1976 3 1 1 0 0 0.332446 0.174699 0.507145 3.09624e+007 2.42859e+007 4.24271e+006 6.92535e+006 0.0058604 0.0058604 40585.3 40585.3 1 0.409297 181452 74267.7 0 0 
1976 3 1 2 0 0 0.240275 0.38243 0.622705 723564 538583 205970 267638 0.0104328 0.0104328 2792.22 2792.22 1 0.87187 7548.83 6581.6 0 0 
1976 3 1 3 0 0 0.240275 0.7732 1.01347 58103.4 36522.3 28239 8289.41 0.0126397 0.0126397 104.776 104.776 1 0.94676 734.409 695.31 0 0 
1976 4 1 0 0 0 0.48538 0 0.48538 9.88081e+007 7.82796e+007 0 0 0.0033842 0.0033842 0 0 1 0 334386 0 0 0 
1976 4 1 1 0 0 0.443045 0 0.443045 1.86459e+007 1.50635e+007 0 0 0.00569468 0.00569468 0 0 1 0.409297 106183 43460.2 0 0 
1976 4 1 2 0 0 0.420767 0 0.420767 388186 316862 0 0 0.00850104 0.00850104 0 0 1 0.87187 3299.98 2877.15 0 0 
1976 4 1 3 0 0 0.420767 0 0.420767 21088.9 17214.1 0 0 0.0106209 0.0106209 0 0 1 0.94676 223.984 212.059 0 0 
1977 1 1 0 0 0 0.4405 0.00151973 0.44202 6.42784e+008 5.19531e+008 789546 2.69019e+006 0.00536393 0.00536393 14430 14430 1 0 3.44785e+006 0 0 0 
1977 1 1 1 0 0 0.410663 0.323537 0.7342 6.08127e+007 4.308e+007 1.3938e+007 1.27861e+007 0.0082469 0.0082469 105445 105445 1 0.409297 501517 205269 0 0 
1977 1 1 2 0 0 0.368355 0.551587 0.919942 1.19722e+007 7.82739e+006 4.31749e+006 5.18187e+006 0.0126093 0.0126093 65339.6 65339.6 1 0.87187 150960 131618 0 0 
1977 1 1 3 0 0 0.312123 0.474354 0.786477 268706 186051 88254.1 109712 0.0179676 0.0179676 1971.27 1971.27 1 0.94676 4828.01 4570.97 0 0 
1977 2 1 0 0 0 0.372886 0.0116319 0.384518 4.13141e+008 3.42984e+008 3.98956e+006 2.52008e+006 0.00586997 0.00586997 14792.8 14792.8 1 0 2.42512e+006 0 0 0 
1977 2 1 1 0 0 0.244527 0.359387 0.603914 2.91834e+007 2.19067e+007 7.87297e+006 4.90459e+006 0.0109601 0.0109601 53754.7 53754.7 1 0.409297 319852 130914 0 0 
1977 2 1 2 0 0 0.227433 1.17549 1.40292 4.77141e+006 2.56481e+006 3.01491e+006 3.67915e+006 0.0146457 0.0146457 53883.7 53883.7 1 0.87187 69880.5 60926.7 0 0 
1977 2 1 3 0 0 0.19914 1.03889 1.23803 122381 70189.2 72918.8 67687.9 0.0195727 0.0195727 1324.84 1324.84 1 0.94676 2395.33 2267.81 0 0 
1977 3 1 0 0 0 0.379611 0.0253088 0.40492 2.81258e+008 2.31281e+008 5.85344e+006 1.58572e+007 0.00225275 0.00225275 35722.4 35722.4 1 0 633604 0 0 0 
1977 3 1 1 0 0 0.351334 0.151542 0.502876 1.59536e+007 1.2538e+007 1.90003e+006 1.84347e+006 0.00797474 0.00797474 14701.2 14701.2 1 0.409297 127226 52073.2 0 0 
1977 3 1 2 0 0 0.248324 0.331738 0.580062 1.17318e+006 890179 295306 2.20088e+006 0.0106178 0.0106178 23368.5 23368.5 1 0.87187 12456.6 10860.5 0 0 
1977 3 1 3 0 0 0.248324 0.67071 0.919034 35485.1 23209.1 15566.6 37835.5 0.0138106 0.0138106 522.532 522.532 1 0.94676 490.072 463.981 0 0 
1977 4 1 0 0 0 0.489556 0 0.489556 1.87607e+008 1.48345e+008 0 0 0.00247276 0.00247276 0 0 1 0 463908 0 0 0 
1977 4 1 1 0 0 0.43967 0 0.43967 9.64856e+006 7.80696e+006 0 0 0.00633335 0.00633335 0 0 1 0.409297 61107.7 25011.2 0 0 
1977 4 1 2 0 0 0.431873 0 0.431873 656820 533380 0 0 0.00825311 0.00825311 0 0 1 0.87187 5420.81 4726.24 0 0 
1977 4 1 3 0 0 0.431873 0 0.431873 14155.2 11494.9 0 0 0.0121792 0.0121792 0 0 1 0.94676 172.399 163.221 0 0 
1978 1 1 0 0 0 0.411115 0.00102658 0.412142 1.01302e+009 8.30219e+008 852287 454090 0.00380169 0.00380169 1726.31 1726.31 1 0 3.85119e+006 0 0 0 
1978 1 1 1 0 0 0.397839 0.21855 0.616389 1.14984e+008 8.58311e+007 1.87584e+007 3.21845e+007 0.00686812 0.00686812 221047 221047 1 0.409297 789726 323232 0 0 
1978 1 1 2 0 0 0.384897 0.372598 0.757496 6.21607e+006 4.35875e+006 1.62406e+006 427473 0.0121643 0.0121643 5199.92 5199.92 1 0.87187 75614.2 65925.7 0 0 
1978 1 1 3 0 0 0.329772 0.320427 0.650199 435659 320318 102639 96434.7 0.0146079 0.0146079 1408.7 1408.7 1 0.94676 6364.05 6025.23 0 0 
1978 2 1 0 0 0 0.347257 0.00785739 0.355115 6.70854e+008 5.64671e+008 4.43683e+006 5.51766e+006 0.00438632 0.00438632 24202.3 24202.3 1 0 2.94258e+006 0 0 0 
1978 2 1 1 0 0 0.230318 0.242767 0.473085 6.20789e+007 4.94604e+007 1.20073e+007 1.0345e+007 0.0103184 0.0103184 106744 106744 1 0.409297 640555 262177 0 0 
1978 2 1 2 0 0 0.218406 0.794047 1.01245 2.91434e+006 1.83266e+006 1.45522e+006 1.20958e+006 0.0155213 0.0155213 18774.4 18774.4 1 0.87187 45234.4 39438.5 0 0 
1978 2 1 3 0 0 0.192224 0.701772 0.893996 227389 150317 105488 116695 0.0196403 0.0196403 2291.94 2291.94 1 0.94676 4465.98 4228.22 0 0 
1978 3 1 0 0 0 0.381769 0.0170961 0.398865 4.70331e+008 3.87852e+008 6.63077e+006 6.15461e+006 0.00309097 0.00309097 19023.7 19023.7 1 0 1.45378e+006 0 0 0 
1978 3 1 1 0 0 0.356481 0.102367 0.458848 3.868e+007 3.10207e+007 3.1755e+006 4.97357e+006 0.0088622 0.0088622 44076.8 44076.8 1 0.409297 342790 140303 0 0 
1978 3 1 2 0 0 0.207538 0.22409 0.431628 1.05886e+006 859956 192708 1.11904e+006 0.0123428 0.0123428 13812.2 13812.2 1 0.87187 13069.3 11394.7 0 0 
1978 3 1 3 0 0 0.207538 0.453066 0.660604 93006 68066.1 30838.5 29941.3 0.0166014 0.0166014 497.066 497.066 1 0.94676 1544.03 1461.82 0 0 
1978 4 1 0 0 0 0.444771 0 0.444771 3.1563e+008 2.54784e+008 0 0 0.00195119 0.00195119 0 0 1 0 615853 0 0 0 
1978 4 1 1 0 0 0.396387 0 0.396387 2.44462e+007 2.01826e+007 0 0 0.00518089 0.00518089 0 0 1 0.409297 126653 51838.7 0 0 
1978 4 1 2 0 0 0.3741 0 0.3741 687675 573691 0 0 0.00870696 0.00870696 0 0 1 0.87187 5987.56 5220.37 0 0 
1978 4 1 3 0 0 0.3741 0 0.3741 48041.2 40078.3 0 0 0.00938547 0.00938547 0 0 1 0.94676 450.89 426.884 0 0 
1979 1 1 0 0 0 0.436154 0.000692498 0.436847 5.24335e+008 4.24812e+008 294181 3.57939e+006 0.00497197 0.00497197 17796.6 17796.6 1 0 2.60698e+006 0 0 0 
1979 1 1 1 0 0 0.423949 0.147427 0.571376 2.0231e+008 1.54112e+008 2.27202e+007 3.68668e+007 0.00581055 0.00581055 214216 214216 1 0.409297 1.17553e+006 481141 0 0 
1979 1 1 2 0 0 0.418712 0.251343 0.670055 1.64461e+007 1.19855e+007 3.01247e+006 644042 0.00871421 0.00871421 5612.32 5612.32 1 0.87187 143315 124952 0 0 
1979 1 1 3 0 0 0.404555 0.21615 0.620705 506106 377056 81500.8 117139 0.0112681 0.0112681 1319.93 1319.93 1 0.94676 5702.85 5399.23 0 0 
1979 2 1 0 0 0 0.416075 0.00530034 0.421375 3.38757e+008 2.76437e+008 1.46521e+006 1.05292e+006 0.00565412 0.00565412 5953.34 5953.34 1 0 1.91537e+006 0 0 0 
1979 2 1 1 0 0 0.252009 0.163763 0.415772 1.14254e+008 9.34784e+007 1.53083e+007 1.13559e+007 0.010481 0.010481 119021 119021 1 0.409297 1.19749e+006 490130 0 0 
1979 2 1 2 0 0 0.245079 0.535639 0.780718 8.41513e+006 5.84123e+006 3.12879e+006 2.15226e+006 0.0149946 0.0149946 32272.4 32272.4 1 0.87187 126182 110014 0 0 
1979 2 1 3 0 0 0.22659 0.473393 0.699983 272065 195661 92624.4 63386.1 0.0173026 0.0173026 1096.75 1096.75 1 0.94676 4707.44 4456.81 0 0 
1979 3 1 0 0 0 0.393302 0.0115325 0.404835 2.22274e+008 1.82785e+008 2.10797e+006 3.88278e+006 0.0032166 0.0032166 12489.4 12489.4 1 0 714966 0 0 0 
1979 3 1 1 0 0 0.366066 0.0690535 0.43512 7.53883e+007 6.11279e+007 4.2211e+006 6.39926e+006 0.0076793 0.0076793 49141.8 49141.8 1 0.409297 578929 236954 0 0 
1979 3 1 2 0 0 0.231547 0.151164 0.382711 3.85478e+006 3.20289e+006 484162 332781 0.0128909 0.0128909 4289.83 4289.83 1 0.87187 49691.4 43324.4 0 0 
1979 3 1 3 0 0 0.231547 0.305624 0.537171 135106 104529 31946.6 25963.8 0.0164776 0.0164776 427.82 427.82 1 0.94676 2226.21 2107.69 0 0 
1979 4 1 0 0 0 0.444375 0 0.444375 1.48276e+008 1.19713e+008 0 0 0.00285703 0.00285703 0 0 1 0 423628 0 0 0 
1979 4 1 1 0 0 0.38935 0 0.38935 4.87903e+007 4.04136e+007 0 0 0.0105863 0.0105863 0 0 1 0.409297 516508 211405 0 0 
1979 4 1 2 0 0 0.376957 0 0.376957 2.629e+006 2.1903e+006 0 0 0.0121166 0.0121166 0 0 1 0.87187 31854.5 27773 0 0 
1979 4 1 3 0 0 0.376957 0 0.376957 78955.7 65780.4 0 0 0.0153221 0.0153221 0 0 1 0.94676 1209.77 1145.36 0 0 
1980 1 1 0 0 0 0.470002 0.00222315 0.472225 3.27715e+008 2.61205e+008 580698 0 0.00632446 0.00632446 0 0 1 0 2.07262e+006 0 0 0 
1980 1 1 1 0 0 0.463561 0.47329 0.936851 9.50781e+007 6.17182e+007 2.92106e+007 1.42376e+007 0.00519841 0.00519841 74012.7 74012.7 1 0.409297 494255 202297 0 0 
1980 1 1 2 0 0 0.443658 0.806895 1.25055 3.30553e+007 1.88637e+007 1.5221e+007 1.74214e+007 0.00682428 0.00682428 118888 118888 1 0.87187 225579 196675 0 0 
1980 1 1 3 0 0 0.415235 0.693914 1.10915 1.85751e+006 1.12233e+006 778799 1.48107e+006 0.00832205 0.00832205 12325.5 12325.5 1 0.94676 15458.3 14635.3 0 0 
1980 2 1 0 0 0 0.447383 0.0170159 0.464399 2.04367e+008 1.6348e+008 2.78175e+006 0 0.00510473 0.00510473 0 0 1 0 1.04324e+006 0 0 0 
1980 2 1 1 0 0 0.261263 0.525733 0.786996 3.72573e+007 2.5791e+007 1.35592e+007 9.41516e+006 0.0051586 0.0051586 48569.1 48569.1 1 0.409297 192196 78665 0 0 
1980 2 1 2 0 0 0.256933 1.71958 1.97651 9.46527e+006 4.12537e+006 7.0939e+006 1.15206e+007 0.0068616 0.0068616 79049.6 79049.6 1 0.87187 64946.9 56625.2 0 0 
1980 2 1 3 0 0 0.22984 1.51975 1.74959 612680 289307 439674 979415 0.00826773 0.00826773 8097.54 8097.54 1 0.94676 5065.47 4795.79 0 0 
1980 3 1 0 0 0 0.38776 0.0370232 0.424783 1.28448e+008 1.04652e+008 3.87453e+006 2.53606e+006 0.00318667 0.00318667 8081.58 8081.58 1 0 409320 0 0 0 
1980 3 1 1 0 0 0.355084 0.221685 0.576769 1.69599e+007 1.28879e+007 2.85706e+006 3.86661e+006 0.00857794 0.00857794 33167.6 33167.6 1 0.409297 145481 59544.9 0 0 
1980 3 1 2 0 0 0.232378 0.485287 0.717664 1.31143e+006 935806 454134 389674 0.0130762 0.0130762 5095.48 5095.48 1 0.87187 17148.5 14951.3 0 0 
1980 3 1 3 0 0 0.232378 0.981155 1.21353 106512 61689.4 60526.8 8724.47 0.0168243 0.0168243 146.783 146.783 1 0.94676 1791.99 1696.58 0 0 
1980 4 1 0 0 0 0.418981 0 0.418981 8.39933e+007 6.86177e+007 0 0 0.00457565 0.00457565 0 0 1 0 384324 0 0 0 
1980 4 1 1 0 0 0.372197 0 0.372197 9.52655e+006 7.9546e+006 0 0 0.00731047 0.00731047 0 0 1 0.409297 69643.6 28504.9 0 0 
1980 4 1 2 0 0 0.336392 0 0.336392 639833 543333 0 0 0.0105055 0.0105055 0 0 1 0.87187 6721.78 5860.52 0 0 
1980 4 1 3 0 0 0.336392 0 0.336392 31649.4 26876 0 0 0.0100528 0.0100528 0 0 1 0.94676 318.166 301.227 0 0 
1981 1 1 0 0 0 0.500673 0.00107355 0.501747 1.0289e+008 8.09033e+007 86853.4 428776 0.00375646 0.00375646 1610.68 1610.68 1 0 386502 0 0 0 
1981 1 1 1 0 0 0.485668 0.228549 0.714217 5.52438e+007 3.94807e+007 9.02327e+006 1.23224e+007 0.00985436 0.00985436 121430 121430 1 0.409297 544392 222818 0 0 
1981 1 1 2 0 0 0.447571 0.389645 0.837216 6.56588e+006 4.44738e+006 1.7329e+006 1.48324e+006 0.0128668 0.0128668 19084.5 19084.5 1 0.87187 84481.6 73657 0 0 
1981 1 1 3 0 0 0.360278 0.335087 0.695365 479669 345668 115829 130805 0.0156399 0.0156399 2045.78 2045.78 1 0.94676 7501.98 7102.58 0 0 
1981 2 1 0 0 0 0.409368 0.00821686 0.417585 6.2297e+007 5.09262e+007 418453 40632.1 0.00816463 0.00816463 331.746 331.746 1 0 508632 0 0 0 
1981 2 1 1 0 0 0.271108 0.253873 0.524981 2.7046e+007 2.10417e+007 5.34191e+006 3.54074e+006 0.0125949 0.0125949 44595.3 44595.3 1 0.409297 340642 139424 0 0 
1981 2 1 2 0 0 0.26707 0.830374 1.09744 2.84246e+006 1.72571e+006 1.43298e+006 3.02529e+006 0.0152894 0.0152894 46255 46255 1 0.87187 43459.6 37891.1 0 0 
1981 2 1 3 0 0 0.231668 0.733878 0.965545 239303 153470 112628 202048 0.0193529 0.0193529 3910.21 3910.21 1 0.94676 4631.21 4384.65 0 0 
1981 3 1 0 0 0 0.360579 0.0178783 0.378458 4.1031e+007 3.41602e+007 610725 374254 0.00488917 0.00488917 1829.79 1829.79 1 0 200608 0 0 0 
1981 3 1 1 0 0 0.313672 0.10705 0.420722 1.59995e+007 1.30601e+007 1.39809e+006 3.85406e+006 0.00889068 0.00889068 34265.2 34265.2 1 0.409297 142246 58221 0 0 
1981 3 1 2 0 0 0.222216 0.234342 0.456558 948594 761562 178466 319763 0.0157395 0.0157395 5032.91 5032.91 1 0.87187 14930.4 13017.4 0 0 
1981 3 1 3 0 0 0.222216 0.473794 0.69601 91120.7 65646.5 31102.9 9835.42 0.0193956 0.0193956 190.763 190.763 1 0.94676 1767.34 1673.24 0 0 
1981 4 1 0 0 0 0.376388 0 0.376388 2.81029e+007 2.34196e+007 0 0 0.00601838 0.00601838 0 0 1 0 169134 0 0 0 
1981 4 1 1 0 0 0.330268 0 0.330268 1.05048e+007 8.94631e+006 0 0 0.013925 0.013925 0 0 1 0.409297 146280 59872 0 0 
1981 4 1 2 0 0 0.266924 0 0.266924 600896 527383 0 0 0.0190605 0.0190605 0 0 1 0.87187 11453.4 9985.87 0 0 
1981 4 1 3 0 0 0.266924 0 0.266924 45430.1 39872.2 0 0 0.0191565 0.0191565 0 0 1 0.94676 870.284 823.951 0 0 
1982 1 1 0 0 0 0.51054 0.00103737 0.511577 5.32455e+007 4.16793e+007 43237 545769 0.00845196 0.00845196 4612.82 4612.82 1 0 450029 0 0 0 
1982 1 1 1 0 0 0.43122 0.220848 0.652067 1.9288e+007 1.41697e+007 3.12934e+006 6.35051e+006 0.00886512 0.00886512 56298 56298 1 0.409297 170990 69985.8 0 0 
1982 1 1 2 0 0 0.377283 0.376515 0.753798 7.55014e+006 5.30278e+006 1.99658e+006 601581 0.0170799 0.0170799 10274.9 10274.9 1 0.87187 128956 112433 0 0 
1982 1 1 3 0 0 0.245164 0.323796 0.56896 494913 377418 122206 64879.1 0.0155033 0.0155033 1005.84 1005.84 1 0.94676 7672.77 7264.27 0 0 
1982 2 1 0 0 0 0.331179 0.00793998 0.339119 3.19233e+007 2.70737e+007 214965 818525 0.00706761 0.00706761 5785.01 5785.01 1 0 225621 0 0 0 
1982 2 1 1 0 0 0.2305 0.245319 0.475819 1.00484e+007 7.99585e+006 1.96153e+006 5.02108e+006 0.0109848 0.0109848 55155.7 55155.7 1 0.409297 110380 45178.3 0 0 
1982 2 1 2 0 0 0.216607 0.802394 1.019 3.55292e+006 2.22813e+006 1.78784e+006 1.07096e+006 0.0159531 0.0159531 17085.1 17085.1 1 0.87187 56680 49417.5 0 0 
1982 2 1 3 0 0 0.177491 0.709149 0.88664 280177 185795 131756 55333.3 0.0219233 0.0219233 1213.09 1213.09 1 0.94676 6142.4 5815.38 0 0 
1982 3 1 0 0 0 0.305202 0.0172758 0.322478 2.27421e+007 1.94395e+007 335834 2.53067e+006 0.00288184 0.00288184 7292.99 7292.99 1 0 65539 0 0 0 
1982 3 1 1 0 0 0.23122 0.103443 0.334663 6.24385e+006 5.30648e+006 548919 401839 0.00754327 0.00754327 3031.18 3031.18 1 0.409297 47099.1 19277.5 0 0 
1982 3 1 2 0 0 0.181968 0.226446 0.408414 1.28244e+006 1.05285e+006 238413 46913.2 0.0115244 0.0115244 540.647 540.647 1 0.87187 14779.4 12885.7 0 0 
1982 3 1 3 0 0 0.181968 0.457829 0.639797 115443 85274.9 39041.3 3525.28 0.0174052 0.0174052 61.3581 61.3581 1 0.94676 2009.31 1902.34 0 0 
1982 4 1 0 0 0 0.317977 0 0.317977 1.64733e+007 1.41111e+007 0 0 0.00442351 0.00442351 0 0 1 0 72869.6 0 0 0 
1982 4 1 1 0 0 0.276865 0 0.276865 4.46797e+006 3.9028e+006 0 0 0.0078101 0.0078101 0 0 1 0.409297 34895.3 14282.5 0 0 
1982 4 1 2 0 0 0.205364 0 0.205364 852445 770611 0 0 0.0113901 0.0113901 0 0 1 0.87187 9709.47 8465.39 0 0 
1982 4 1 3 0 0 0.205364 0 0.205364 60884.8 55039.9 0 0 0.0159837 0.0159837 0 0 1 0.94676 973.165 921.354 0 0 
1983 1 1 0 0 0 0.53243 0.00173607 0.534166 7.27157e+007 5.63361e+007 97803.5 5.61373e+006 0.00443297 0.00443297 24885.5 24885.5 1 0 322347 0 0 0 
1983 1 1 1 0 0 0.428794 0.369595 0.798389 1.19863e+007 8.25639e+006 3.05152e+006 2.81924e+006 0.00917471 0.00917471 25865.7 25865.7 1 0.409297 109971 45010.6 0 0 
1983 1 1 2 0 0 0.348733 0.630109 0.978842 3.38742e+006 2.16032e+006 1.36124e+006 969599 0.0128073 0.0128073 12417.9 12417.9 1 0.87187 43383.7 37824.9 0 0 
1983 1 1 3 0 0 0.224112 0.541882 0.765994 743771 519603 281564 155653 0.0152356 0.0152356 2371.46 2371.46 1 0.94676 11331.8 10728.5 0 0 
1983 2 1 0 0 0 0.336244 0.0132878 0.349532 4.26229e+007 3.59709e+007 477974 2.37576e+006 0.00420334 0.00420334 9986.14 9986.14 1 0 179158 0 0 0 
1983 2 1 1 0 0 0.235145 0.410548 0.645693 5.39447e+006 3.97426e+006 1.63162e+006 1.33433e+006 0.01236 0.01236 16492.4 16492.4 1 0.409297 66675.6 27290.1 0 0 
1983 2 1 2 0 0 0.217321 1.34283 1.56015 1.27281e+006 644416 865342 588678 0.01689 0.01689 9942.79 9942.79 1 0.87187 21497.8 18743.3 0 0 
1983 2 1 3 0 0 0.1939 1.18678 1.38068 345758 187467 222482 91111.6 0.0210913 0.0210913 1921.67 1921.67 1 0.94676 7292.5 6904.25 0 0 
1983 3 1 0 0 0 0.296155 0.0289116 0.325066 3.00499e+007 2.56547e+007 741718 1.69772e+006 0.00344365 0.00344365 5846.34 5846.34 1 0 103481 0 0 0 
1983 3 1 1 0 0 0.206617 0.173115 0.379732 2.82831e+006 2.35329e+006 407391 596857 0.00935431 0.00935431 5583.18 5583.18 1 0.409297 26456.9 10828.7 0 0 
1983 3 1 2 0 0 0.173074 0.378964 0.552037 267423 205506 77879.4 7271.29 0.0174368 0.0174368 126.788 126.788 1 0.87187 4663 4065.53 0 0 
1983 3 1 3 0 0 0.173074 0.76619 0.939264 86926 56368.9 43189.3 0 0.0163373 0.0163373 0 0 1 0.94676 1420.14 1344.53 0 0 
1983 4 1 0 0 0 0.312254 0 0.312254 2.17104e+007 1.86477e+007 0 0 0.00377935 0.00377935 0 0 1 0 82051.4 0 0 0 
1983 4 1 1 0 0 0.25944 0 0.25944 1.93469e+006 1.70409e+006 0 0 0.00930023 0.00930023 0 0 1 0.409297 17993.1 7364.51 0 0 
1983 4 1 2 0 0 0.168333 0 0.168333 153975 141713 0 0 0.0126994 0.0126994 0 0 1 0.87187 1955.39 1704.85 0 0 
1983 4 1 3 0 0 0.168333 0 0.168333 33980.7 31274.6 0 0 0.0156097 0.0156097 0 0 1 0.94676 530.429 502.189 0 0 
1984 1 1 0 0 0 0.53859 0.0010082 0.539598 3.34246e+007 2.58315e+007 26043.3 954757 0.00595454 0.00595454 5685.14 5685.14 1 0 199028 0 0 0 
1984 1 1 1 0 0 0.425435 0.214637 0.640071 1.58876e+007 1.17343e+007 2.51861e+006 6.47502e+006 0.0080944 0.0080944 52411.4 52411.4 1 0.409297 128601 52635.8 0 0 
1984 1 1 2 0 0 0.287161 0.365926 0.653087 1.49258e+006 1.09601e+006 401058 417235 0.0120642 0.0120642 5033.62 5033.62 1 0.87187 18006.9 15699.7 0 0 
1984 1 1 3 0 0 0.182288 0.314689 0.496978 158837 125168 39389 2532.43 0.016602 0.016602 42.0433 42.0433 1 0.94676 2637 2496.61 0 0 
1984 2 1 0 0 0 0.396569 0.00771668 0.404285 1.9486e+007 1.60283e+007 123685 521866 0.00529211 0.00529211 2761.77 2761.77 1 0 103122 0 0 0 
1984 2 1 1 0 0 0.235566 0.238419 0.473985 8.37681e+006 6.67132e+006 1.59057e+006 2.53535e+006 0.0122226 0.0122226 30988.5 30988.5 1 0.409297 102386 41906.3 0 0 
1984 2 1 2 0 0 0.209038 0.779828 0.988866 776796 493322 384706 247654 0.0167966 0.0167966 4159.76 4159.76 1 0.87187 13047.6 11375.8 0 0 
1984 2 1 3 0 0 0.189295 0.689205 0.8785 96630.8 64302.6 44317.7 4803.46 0.0163992 0.0163992 78.773 78.773 1 0.94676 1584.67 1500.3 0 0 
1984 3 1 0 0 0 0.308912 0.01679 0.325702 1.3006e+007 1.11003e+007 186374 405095 0.00929202 0.00929202 3764.15 3764.15 1 0 120852 0 0 0 
1984 3 1 1 0 0 0.238539 0.100534 0.339073 5.2147e+006 4.42262e+006 444623 612407 0.013534 0.013534 8288.33 8288.33 1 0.409297 70575.9 28886.5 0 0 
1984 3 1 2 0 0 0.177459 0.220077 0.397536 288967 238441 52475.3 10648.2 0.019686 0.019686 209.62 209.62 1 0.87187 5688.61 4959.73 0 0 
1984 3 1 3 0 0 0.177459 0.444953 0.622412 40141 29882.8 13296.4 1053.12 0.019686 0.019686 20.7317 20.7317 1 0.94676 790.217 748.146 0 0 
1984 4 1 0 0 0 0.321415 0 0.321415 9.39059e+006 8.03094e+006 0 0 0.00929202 0.00929202 0 0 1 0 87257.5 0 0 0 
1984 4 1 1 0 0 0.274209 0 0.274209 3.71512e+006 3.24929e+006 0 0 0.013534 0.013534 0 0 1 0.409297 50280.5 20579.6 0 0 
1984 4 1 2 0 0 0.197272 0 0.197272 194178 176225 0 0 0.019686 0.019686 0 0 1 0.87187 3822.6 3332.81 0 0 
1984 4 1 3 0 0 0.197272 0 0.197272 21541.6 19549.9 0 0 0.019686 0.019686 0 0 1 0.94676 424.069 401.491 0 0 
1985 1 1 0 0 0 0.549244 0.00134505 0.550589 2.2365e+007 1.71981e+007 23132.4 0 0.00632446 0.00632446 0 0 1 0 141446 0 0 0 
1985 1 1 1 0 0 0.501502 0.28635 0.787852 6.80933e+006 4.71193e+006 1.34926e+006 1.30446e+006 0.00929202 0.00929202 12121 12121 1 0.409297 63272.4 25897.2 0 0 
1985 1 1 2 0 0 0.373237 0.488188 0.861424 2.82413e+006 1.8931e+006 924190 1.97203e+006 0.013534 0.013534 26689.5 26689.5 1 0.87187 38221.8 33324.5 0 0 
1985 1 1 3 0 0 0.198035 0.419832 0.617866 177099 132110 55463.8 37679.6 0.019686 0.019686 741.762 741.762 1 0.94676 3486.38 3300.76 0 0 
1985 2 1 0 0 0 0.482153 0.0102949 0.492448 1.28959e+007 1.01835e+007 104838 0 0.00510473 0.00510473 0 0 1 0 65829.9 0 0 0 
1985 2 1 1 0 0 0.276913 0.318079 0.594991 3.09702e+006 2.33416e+006 742447 576004 0.00929202 0.00929202 5352.24 5352.24 1 0.409297 28777.6 11778.6 0 0 
1985 2 1 2 0 0 0.251065 1.04038 1.29144 1.19336e+006 670056 697113 870780 0.013534 0.013534 11785.2 11785.2 1 0.87187 16151 14081.6 0 0 
1985 2 1 3 0 0 0.209864 0.919479 1.12934 95472.9 57211.8 52605 16638 0.019686 0.019686 327.537 327.537 1 0.94676 1879.48 1779.42 0 0 
1985 3 1 0 0 0 0.322624 0.0223998 0.345024 7.88103e+006 6.66521e+006 149299 84760.3 0.007258 0.007258 615.19 615.19 1 0 57200.5 0 0 0 
1985 3 1 1 0 0 0.248811 0.134124 0.382935 1.70822e+006 1.41919e+006 190347 215856 0.00988 0.00988 2132.66 2132.66 1 0.409297 16877.2 6907.77 0 0 
1985 3 1 2 0 0 0.177544 0.293608 0.471152 328024 261581 76802.3 150819 0.016584 0.016584 2501.18 2501.18 1 0.87187 5439.95 4742.93 0 0 
1985 3 1 3 0 0 0.177544 0.593618 0.771162 30861.2 21511.2 12769.5 14916.2 0.016584 0.016584 247.37 247.37 1 0.94676 511.802 484.554 0 0 
1985 4 1 0 0 0 0.318305 0 0.318305 5.58137e+006 4.78029e+006 0 0 0.007258 0.007258 0 0 1 0 40509.6 0 0 0 
1985 4 1 1 0 0 0.269351 0 0.269351 1.16476e+006 1.02108e+006 0 0 0.00988 0.00988 0 0 1 0.409297 11507.8 4710.11 0 0 
1985 4 1 2 0 0 0.16503 0 0.16503 204780 188775 0 0 0.016584 0.016584 0 0 1 0.87187 3396.07 2960.93 0 0 
1985 4 1 3 0 0 0.16503 0 0.16503 14272.5 13157 0 0 0.016584 0.016584 0 0 1 0.94676 236.696 224.094 0 0 
1986 1 1 0 0 0 0.5898 0.00105164 0.590852 8.74651e+007 6.60438e+007 69454 0 0.00632446 0.00632446 0 0 1 0 553169 0 0 0 
1986 1 1 1 0 0 0.533601 0.223885 0.757485 4.05978e+006 2.84676e+006 637346 177780 0.007258 0.007258 1290.32 1290.32 1 0.409297 29465.9 12060.3 0 0 
1986 1 1 2 0 0 0.42158 0.381693 0.803273 889731 611567 233431 452745 0.00988 0.00988 4473.12 4473.12 1 0.87187 8790.54 7664.2 0 0 
1986 1 1 3 0 0 0.254299 0.328248 0.582547 185727 140767 46206.6 347620 0.016584 0.016584 5764.93 5764.93 1 0.94676 3080.1 2916.12 0 0 
1986 2 1 0 0 0 0.452236 0.00804916 0.460285 4.8443e+007 3.88247e+007 312506 0 0.00510473 0.00510473 0 0 1 0 247289 0 0 0 
1986 2 1 1 0 0 0.313072 0.248692 0.561764 1.90341e+006 1.45627e+006 362162 156913 0.007258 0.007258 1138.87 1138.87 1 0.409297 13814.9 5654.4 0 0 
1986 2 1 2 0 0 0.287734 0.813428 1.10116 398476 241553 196486 399604 0.00988 0.00988 3948.09 3948.09 1 0.87187 3936.94 3432.5 0 0 
1986 2 1 3 0 0 0.227313 0.7189 0.946213 103724 67064.7 48212.8 306818 0.016584 0.016584 5088.27 5088.27 1 0.94676 1720.16 1628.58 0 0 
1986 3 1 0 0 0 0.345933 0.0175134 0.363446 3.05725e+007 2.56329e+007 448919 580936 0.00832891 0.00832891 4838.57 4838.57 1 0 254636 0 0 0 
1986 3 1 1 0 0 0.258365 0.104866 0.363231 1.08533e+006 910062 95434.1 58709.5 0.0163639 0.0163639 960.714 960.714 1 0.409297 17760.1 7269.17 0 0 
1986 3 1 2 0 0 0.187763 0.229559 0.417323 132487 108318 24865.4 740.107 0.0227716 0.0227716 16.8534 16.8534 1 0.87187 3016.94 2630.38 0 0 
1986 3 1 3 0 0 0.187763 0.464124 0.651888 40266.5 29583.6 13730.5 0 0.0163373 0.0163373 0 0 1 0.94676 657.846 622.823 0 0 
1986 4 1 0 0 0 0.335175 0 0.335175 2.12564e+007 1.80608e+007 0 0 0.00841202 0.00841202 0 0 1 0 178809 0 0 0 
1986 4 1 1 0 0 0.284427 0 0.284427 754764 656919 0 0 0.0155669 0.0155669 0 0 1 0.409297 11749.3 4808.96 0 0 
1986 4 1 2 0 0 0.169298 0 0.169298 87283.6 80295 0 0 0.0207592 0.0207592 0 0 1 0.87187 1811.93 1579.77 0 0 
1986 4 1 3 0 0 0.169298 0 0.169298 20981.3 19301.4 0 0 0.0156097 0.0156097 0 0 1 0.94676 327.512 310.076 0 0 
1987 1 1 0 0 0 0.595969 0.000384681 0.596354 4.07451e+007 3.06899e+007 11805.8 2235.66 0.00660364 0.00660364 14.7635 14.7635 1 0 269066 0 0 0 
1987 1 1 1 0 0 0.48392 0.0818955 0.565815 1.52028e+007 1.16101e+007 950816 2.25059e+006 0.00861372 0.00861372 19385.9 19385.9 1 0.409297 130953 53598.6 0 0 
1987 1 1 2 0 0 0.442989 0.139621 0.582609 567919 430427 60096.4 128512 0.0117123 0.0117123 1505.18 1505.18 1 0.87187 6651.65 5799.38 0 0 
1987 1 1 3 0 0 0.256327 0.120071 0.376398 91403.4 76171 9145.92 2524.94 0.0153219 0.0153219 38.687 38.687 1 0.94676 1400.48 1325.92 0 0 
1987 2 1 0 0 0 0.470381 0.00294433 0.473325 2.2443e+007 1.78792e+007 52642.1 49450.8 0.00603803 0.00603803 298.585 298.585 1 0 135512 0 0 0 
1987 2 1 1 0 0 0.315341 0.0909698 0.406311 8.63364e+006 7.09492e+006 645424 1.79026e+006 0.00931837 0.00931837 16682.3 16682.3 1 0.409297 80451.4 32928.5 0 0 
1987 2 1 2 0 0 0.299159 0.297546 0.596705 317148 238843 71067 267597 0.0112405 0.0112405 3007.92 3007.92 1 0.87187 3564.9 3108.12 0 0 
1987 2 1 3 0 0 0.231661 0.262969 0.49463 62732.8 49488.7 13014 977.552 0.0165147 0.0165147 16.1439 16.1439 1 0.94676 1036.01 980.855 0 0 
1987 3 1 0 0 0 0.356337 0.00640628 0.362743 1.39804e+007 1.17254e+007 75116.5 209788 0.00638262 0.00638262 1339 1339 1 0 89231.5 0 0 0 
1987 3 1 1 0 0 0.21664 0.0383591 0.254999 5.75089e+006 5.0762e+006 194719 826994 0.01254 0.01254 10370.5 10370.5 1 0.409297 72116 29516.8 0 0 
1987 3 1 2 0 0 0.190032 0.0839713 0.274004 174629 152748 12826.4 34626.1 0.0174503 0.0174503 604.236 604.236 1 0.87187 3047.33 2656.88 0 0 
1987 3 1 3 0 0 0.190032 0.169774 0.359806 38254.3 32128.4 5454.55 32980.3 0.020568 0.020568 678.338 678.338 1 0.94676 786.813 744.923 0 0 
1987 4 1 0 0 0 0.33788 0 0.33788 9.72707e+006 8.25422e+006 0 0 0.0067756 0.0067756 0 0 1 0 65906.7 0 0 0 
1987 4 1 1 0 0 0.281015 0 0.281015 4.45647e+006 3.88505e+006 0 0 0.0125386 0.0125386 0 0 1 0.409297 55877.9 22870.6 0 0 
1987 4 1 2 0 0 0.184638 0 0.184638 132776 121239 0 0 0.0167208 0.0167208 0 0 1 0.87187 2220.12 1935.65 0 0 
1987 4 1 3 0 0 0.184638 0 0.184638 26694.3 24374.8 0 0 0.0188683 0.0188683 0 0 1 0.94676 503.674 476.859 0 0 
1988 1 1 0 0 0 0.621511 0.00134233 0.622853 6.27976e+007 4.67401e+007 62740.7 4.08294e+006 0.00422568 0.00422568 17253.2 17253.2 1 0 265363 0 0 0 
1988 1 1 1 0 0 0.501738 0.285771 0.787509 6.93813e+006 4.80178e+006 1.37221e+006 2.09691e+006 0.00879222 0.00879222 18436.5 18436.5 1 0.409297 61001.5 24967.7 0 0 
1988 1 1 2 0 0 0.455183 0.487201 0.942384 3.36471e+006 2.17904e+006 1.06163e+006 2.83005e+006 0.011528 0.011528 32624.8 32624.8 1 0.87187 38788.3 33818.3 0 0 
1988 1 1 3 0 0 0.258401 0.418983 0.677384 132584 96309.8 40352.2 42363.6 0.0138178 0.0138178 585.374 585.374 1 0.94676 1832.02 1734.49 0 0 
1988 2 1 0 0 0 0.492799 0.0102741 0.503073 3.36854e+007 2.6471e+007 271966 1.16396e+006 0.00462467 0.00462467 5382.95 5382.95 1 0 155784 0 0 0 
1988 2 1 1 0 0 0.341759 0.317436 0.659195 3.15669e+006 2.31166e+006 733804 314106 0.00852519 0.00852519 2677.81 2677.81 1 0.409297 26911.4 11014.7 0 0 
1988 2 1 2 0 0 0.315701 1.03828 1.35398 1.31122e+006 718363 745860 527986 0.0113396 0.0113396 5987.15 5987.15 1 0.87187 14868.7 12963.6 0 0 
1988 2 1 3 0 0 0.27029 0.91762 1.18791 67345.2 39409.1 36162.6 11525.7 0.0137121 0.0137121 158.041 158.041 1 0.94676 923.444 874.28 0 0 
1988 3 1 0 0 0 0.371404 0.0223545 0.393758 2.03685e+007 1.68367e+007 376377 1.8177e+006 0.00515108 0.00515108 9363.12 9363.12 1 0 104920 0 0 0 
1988 3 1 1 0 0 0.238469 0.133853 0.372322 1.63285e+006 1.36334e+006 182487 637489 0.0131863 0.0131863 8406.1 8406.1 1 0.409297 21531.2 8812.67 0 0 
1988 3 1 2 0 0 0.220013 0.293015 0.513028 338571 264850 77605 129384 0.0207969 0.0207969 2690.78 2690.78 1 0.87187 7041.23 6139.03 0 0 
1988 3 1 3 0 0 0.220013 0.592418 0.812431 20530.7 14056.1 8327.11 5490.82 0.0157663 0.0157663 86.5698 86.5698 1 0.94676 323.693 306.459 0 0 
1988 4 1 0 0 0 0.361354 0 0.361354 1.37389e+007 1.15304e+007 0 0 0.00629891 0.00629891 0 0 1 0 86540.1 0 0 0 
1988 4 1 1 0 0 0.301406 0 0.301406 1.12525e+006 971500 0 0 0.0116565 0.0116565 0 0 1 0.409297 13116.4 5368.52 0 0 
1988 4 1 2 0 0 0.232579 0 0.232579 202696 180850 0 0 0.0155444 0.0155444 0 0 1 0.87187 3150.8 2747.08 0 0 
1988 4 1 3 0 0 0.232579 0 0.232579 9111.07 8129.13 0 0 0.0175408 0.0175408 0 0 1 0.94676 159.815 151.307 0 0 
1989 1 1 0 0 0 0.603473 0.000278258 0.603752 5.74549e+007 4.3132e+007 12001.8 12451.4 0.00539995 0.00539995 67.2371 67.2371 1 0 310253 0 0 0 
1989 1 1 1 0 0 0.509177 0.0592387 0.568416 9.57235e+006 7.30162e+006 432539 1.70682e+006 0.00861001 0.00861001 14695.8 14695.8 1 0.409297 82418 33733.4 0 0 
1989 1 1 2 0 0 0.433367 0.100994 0.534361 832436 644867 65127.7 3.61384e+006 0.00992636 0.00992636 35872.3 35872.3 1 0.87187 8263.06 7204.31 0 0 
1989 1 1 3 0 0 0.214092 0.0868528 0.300945 167854 144951 12589.4 5716.04 0.0170246 0.0170246 97.3133 97.3133 1 0.94676 2857.65 2705.51 0 0 
1989 2 1 0 0 0 0.525328 0.00212977 0.527457 3.14138e+007 2.44122e+007 51992.4 783.394 0.00443437 0.00443437 3.47386 3.47386 1 0 139301 0 0 0 
1989 2 1 1 0 0 0.332108 0.0658026 0.39791 5.42199e+006 4.47316e+006 294346 76414.6 0.00817439 0.00817439 624.643 624.643 1 0.409297 44321.5 18140.6 0 0 
1989 2 1 2 0 0 0.293839 0.215229 0.509068 487843 382311 82284.5 88925 0.010873 0.010873 966.88 966.88 1 0.87187 5304.32 4624.67 0 0 
1989 2 1 3 0 0 0.260897 0.190217 0.451114 124232 99988.9 19019.6 341.854 0.0130368 0.0130368 4.4567 4.4567 1 0.94676 1619.6 1533.37 0 0 
1989 3 1 0 0 0 0.356062 0.00463396 0.360696 1.85374e+007 1.55624e+007 72115.5 469458 0.00476114 0.00476114 2235.15 2235.15 1 0 88259.1 0 0 0 
1989 3 1 1 0 0 0.228407 0.0277469 0.256154 3.64207e+006 3.21301e+006 89151 416920 0.00772457 0.00772457 3220.53 3220.53 1 0.409297 28133.4 11514.9 0 0 
1989 3 1 2 0 0 0.221288 0.0607403 0.282029 293221 255501 15519.2 34789.2 0.012501 0.012501 434.899 434.899 1 0.87187 3665.55 3195.88 0 0 
1989 3 1 3 0 0 0.221288 0.122805 0.344093 79125.7 66948.2 8221.57 12751.5 0.0154913 0.0154913 197.537 197.537 1 0.94676 1225.76 1160.5 0 0 
1989 4 1 0 0 0 0.374166 0 0.374166 1.29241e+007 1.07816e+007 0 0 0.00464678 0.00464678 0 0 1 0 60055.5 0 0 0 
1989 4 1 1 0 0 0.311822 0 0.311822 2.81904e+006 2.42186e+006 0 0 0.00859911 0.00859911 0 0 1 0.409297 24241.3 9921.88 0 0 
1989 4 1 2 0 0 0.281377 0 0.281377 221163 192772 0 0 0.0114673 0.0114673 0 0 1 0.87187 2536.14 2211.19 0 0 
1989 4 1 3 0 0 0.281377 0 0.281377 56089.3 48889 0 0 0.01294 0.01294 0 0 1 0.94676 725.798 687.156 0 0 
1990 1 1 0 0 0 0.517795 0.00158291 0.519378 7.63822e+007 5.95773e+007 94305.9 1567.63 0.00458878 0.00458878 7.19351 7.19351 1 0 350501 0 0 0 
1990 1 1 1 0 0 0.488955 0.336989 0.825944 8.89001e+006 6.05098e+006 2.03912e+006 2.63307e+006 0.00697467 0.00697467 18364.8 18364.8 1 0.409297 62004.9 25378.4 0 0 
1990 1 1 2 0 0 0.402378 0.574521 0.976899 2.06386e+006 1.31729e+006 756812 2.23421e+006 0.00915607 0.00915607 20456.6 20456.6 1 0.87187 18896.8 16475.6 0 0 
1990 1 1 3 0 0 0.244267 0.494077 0.738343 209254 147967 73107.1 342514 0.0115389 0.0115389 3952.24 3952.24 1 0.94676 2414.56 2286.01 0 0 
1990 2 1 0 0 0 0.495609 0.0121155 0.507725 4.54391e+007 3.56314e+007 431694 1225.28 0.00376689 0.00376689 4.6155 4.6155 1 0 171164 0 0 0 
1990 2 1 1 0 0 0.330659 0.374329 0.704988 3.89224e+006 2.79299e+006 1.0455e+006 2.05804e+006 0.00694395 0.00694395 14290.9 14290.9 1 0.409297 27027.5 11062.3 0 0 
1990 2 1 2 0 0 0.283153 1.22437 1.50752 776994 401270 491301 1.74629e+006 0.00923635 0.00923635 16129.3 16129.3 1 0.87187 7176.58 6257.05 0 0 
1990 2 1 3 0 0 0.260577 1.08208 1.34266 100004 55030.8 59547.9 267714 0.0113268 0.0113268 3032.35 3032.35 1 0.94676 1132.72 1072.42 0 0 
1990 3 1 0 0 0 0.336944 0.026361 0.363305 2.73481e+007 2.2931e+007 604484 291837 0.00444372 0.00444372 1296.84 1296.84 1 0 121527 0 0 0 
1990 3 1 1 0 0 0.260108 0.157843 0.417951 1.92321e+006 1.5719e+006 248114 62050.2 0.00987506 0.00987506 612.749 612.749 1 0.409297 18991.8 7773.29 0 0 
1990 3 1 2 0 0 0.249011 0.345531 0.594542 172072 129713 44820 1941.19 0.0133492 0.0133492 25.9132 25.9132 1 0.87187 2297.02 2002.7 0 0 
1990 3 1 3 0 0 0.249011 0.698596 0.947607 26115.9 16875.8 11789.4 428.507 0.0155901 0.0155901 6.68046 6.68046 1 0.94676 407.15 385.474 0 0 
1990 4 1 0 0 0 0.386954 0 0.386954 1.90172e+007 1.57698e+007 0 0 0.00483396 0.00483396 0 0 1 0 91928.2 0 0 0 
1990 4 1 1 0 0 0.318591 0 0.318591 1.26623e+006 1.08434e+006 0 0 0.00894549 0.00894549 0 0 1 0.409297 11327.1 4636.13 0 0 
1990 4 1 2 0 0 0.286781 0 0.286781 94952 82550.1 0 0 0.0119292 0.0119292 0 0 1 0.87187 1132.71 987.571 0 0 
1990 4 1 3 0 0 0.286781 0 0.286781 10124.3 8801.95 0 0 0.0134613 0.0134613 0 0 1 0.94676 136.286 129.03 0 0 
1991 1 1 0 0 0 0.462205 0.000722217 0.462927 1.19512e+008 9.56661e+007 69091.7 40503.7 0.0127964 0.0127964 518.3 518.3 1 0 1.52931e+006 0 0 0 
1991 1 1 1 0 0 0.423101 0.153754 0.576855 1.2915e+007 9.81378e+006 1.50891e+006 1.68427e+006 0.0143067 0.0143067 24096.3 24096.3 1 0.409297 184771 75626 0 0 
1991 1 1 2 0 0 0.32012 0.262129 0.582249 920769 697966 182957 2.41675e+006 0.0154224 0.0154224 37272 37272 1 0.87187 14200.4 12380.9 0 0 
1991 1 1 3 0 0 0.26302 0.225426 0.488446 78878.3 62402.4 14067.1 8159.07 0.0167893 0.0167893 136.985 136.985 1 0.94676 1324.31 1253.8 0 0 
1991 2 1 0 0 0 0.395548 0.00552781 0.401076 7.52253e+007 6.19695e+007 342556 1.55232e+006 0.00475661 0.00475661 7383.77 7383.77 1 0 357818 0 0 0 
1991 2 1 1 0 0 0.269299 0.170791 0.44009 7.25385e+006 5.86818e+006 1.00223e+006 2.93672e+006 0.0146078 0.0146078 42898.9 42898.9 1 0.409297 105963 43370.2 0 0 
1991 2 1 2 0 0 0.231839 0.558626 0.790465 514379 355537 198612 614233 0.0188704 0.0188704 11590.8 11590.8 1 0.87187 9706.54 8462.84 0 0 
1991 2 1 3 0 0 0.211125 0.493709 0.704834 48398.1 34731.9 17147.4 9586.64 0.0168115 0.0168115 161.166 161.166 1 0.94676 813.644 770.326 0 0 
1991 3 1 0 0 0 0.310369 0.0120274 0.322397 5.03708e+007 4.30577e+007 517873 208352 0.00522649 0.00522649 1088.95 1088.95 1 0 263262 0 0 0 
1991 3 1 1 0 0 0.263734 0.072017 0.335751 4.67133e+006 3.96799e+006 285763 64565 0.0100855 0.0100855 651.168 651.168 1 0.409297 47112.5 19283 0 0 
1991 3 1 2 0 0 0.223471 0.157651 0.381122 233340 194024 30588 1036.31 0.0147083 0.0147083 15.2425 15.2425 1 0.87187 3432.04 2992.29 0 0 
1991 3 1 3 0 0 0.223471 0.31874 0.542211 23917.9 18462.5 5884.73 99.4865 0.0171642 0.0171642 1.7076 1.7076 1 0.94676 410.531 388.674 0 0 
1991 4 1 0 0 0 0.388891 0 0.388891 3.64891e+007 3.02308e+007 0 0 0.00617483 0.00617483 0 0 1 0 225314 0 0 0 
1991 4 1 1 0 0 0.320111 0 0.320111 3.33907e+006 2.85737e+006 0 0 0.0117664 0.0117664 0 0 1 0.409297 39288.8 16080.8 0 0 
1991 4 1 2 0 0 0.287164 0 0.287164 159393 138549 0 0 0.0152309 0.0152309 0 0 1 0.87187 2427.69 2116.63 0 0 
1991 4 1 3 0 0 0.287164 0 0.287164 13907.3 12088.7 0 0 0.0186252 0.0186252 0 0 1 0.94676 259.026 245.236 0 0 
1992 1 1 0 0 0 0.410086 0.000835378 0.410922 1.09377e+008 8.96909e+007 74925.8 18947.6 0.0081119 0.0081119 153.701 153.701 1 0 887259 0 0 0 
1992 1 1 1 0 0 0.360024 0.177845 0.537869 2.47326e+007 1.91292e+007 3.40203e+006 9.69546e+006 0.00991013 0.00991013 96083.3 96083.3 1 0.409297 245104 100320 0 0 
1992 1 1 2 0 0 0.281406 0.303201 0.584608 2.42439e+006 1.8358e+006 556615 1.31532e+006 0.0123815 0.0123815 16285.7 16285.7 1 0.87187 30017.6 26171.4 0 0 
1992 1 1 3 0 0 0.254797 0.260747 0.515544 130043 101610 26494.5 177584 0.0147859 0.0147859 2625.73 2625.73 1 0.94676 1922.79 1820.42 0 0 
1992 2 1 0 0 0 0.312049 0.00639393 0.318443 7.25215e+007 6.21085e+007 397118 222991 0.00578898 0.00578898 1290.89 1290.89 1 0 419825 0 0 0 
1992 2 1 1 0 0 0.226749 0.197551 0.4243 1.44436e+007 1.17705e+007 2.32527e+006 1.18513e+006 0.0120576 0.0120576 14289.9 14289.9 1 0.409297 174156 71281.7 0 0 
1992 2 1 2 0 0 0.203566 0.646154 0.849721 1.35117e+006 910300 588194 132166 0.0152769 0.0152769 2019.08 2019.08 1 0.87187 20641.7 17996.9 0 0 
1992 2 1 3 0 0 0.180107 0.571066 0.751173 77658.3 54605.4 31183.3 16491 0.0177653 0.0177653 292.967 292.967 1 0.94676 1379.62 1306.17 0 0 
1992 3 1 0 0 0 0.293929 0.0139119 0.307841 5.27434e+007 4.53978e+007 631572 1.27987e+006 0.00351798 0.00351798 4502.58 4502.58 1 0 185551 0 0 0 
1992 3 1 1 0 0 0.275143 0.083301 0.358444 9.44943e+006 7.94133e+006 661521 1.58395e+006 0.00958041 0.00958041 15174.9 15174.9 1 0.409297 90529.5 37053.4 0 0 
1992 3 1 2 0 0 0.212169 0.182353 0.394522 577673 477338 87043.9 259251 0.0140707 0.0140707 3647.84 3647.84 1 0.87187 8128.25 7086.78 0 0 
1992 3 1 3 0 0 0.212169 0.368682 0.580851 36640.2 27791.7 10246.3 5821.12 0.0178924 0.0178924 104.154 104.154 1 0.94676 655.58 620.677 0 0 
1992 4 1 0 0 0 0.370705 0 0.370705 3.87681e+007 3.23937e+007 0 0 0.00422159 0.00422159 0 0 1 0 163663 0 0 0 
1992 4 1 1 0 0 0.299034 0 0.299034 6.60292e+006 5.70714e+006 0 0 0.00781228 0.00781228 0 0 1 0.409297 51583.8 21113.1 0 0 
1992 4 1 2 0 0 0.270242 0 0.270242 389353 341179 0 0 0.010418 0.010418 0 0 1 0.87187 4056.3 3536.56 0 0 
1992 4 1 3 0 0 0.270242 0 0.270242 20497.3 17961.2 0 0 0.011756 0.011756 0 0 1 0.94676 240.967 228.138 0 0 
1993 1 1 0 0 0 0.455503 0.00168023 0.457183 1.71756e+008 1.37851e+008 231621 264173 0.00647918 0.00647918 1711.62 1711.62 1 0 1.11284e+006 0 0 0 
1993 1 1 1 0 0 0.413747 0.357706 0.771453 2.67596e+007 1.86499e+007 6.67119e+006 3.02687e+006 0.0108888 0.0108888 32959.1 32959.1 1 0.409297 291381 119261 0 0 
1993 1 1 2 0 0 0.340245 0.60984 0.950085 4.89629e+006 3.16061e+006 1.92747e+006 5.33904e+006 0.0123254 0.0123254 65805.9 65805.9 1 0.87187 60348.7 52616.2 0 0 
1993 1 1 3 0 0 0.303312 0.52445 0.827762 312796 212737 111570 247839 0.013751 0.013751 3408.05 3408.05 1 0.94676 4301.27 4072.27 0 0 
1993 2 1 0 0 0 0.238336 0.0128604 0.251196 1.08732e+008 9.61509e+007 1.23653e+006 1.44132e+006 0.00754847 0.00754847 10879.7 10879.7 1 0 820763 0 0 0 
1993 2 1 1 0 0 0.208602 0.397341 0.605943 1.2372e+007 9.27869e+006 3.68681e+006 4.91145e+006 0.0106624 0.0106624 52368.1 52368.1 1 0.409297 131916 53992.9 0 0 
1993 2 1 2 0 0 0.189577 1.29963 1.48921 1.89343e+006 984662 1.2797e+006 1.32444e+006 0.0135048 0.0135048 17886.3 17886.3 1 0.87187 25570.4 22294.1 0 0 
1993 2 1 3 0 0 0.173371 1.14861 1.32198 136700 75837 87106.7 31435.3 0.0164225 0.0164225 516.246 516.246 1 0.94676 2244.95 2125.43 0 0 
1993 3 1 0 0 0 0.272194 0.0279816 0.300176 8.45796e+007 7.30655e+007 2.04449e+006 1.86784e+006 0.00224868 0.00224868 4200.17 4200.17 1 0 190192 0 0 0 
1993 3 1 1 0 0 0.253045 0.167546 0.420591 6.74969e+006 5.50998e+006 923177 1.81951e+006 0.00797423 0.00797423 14509.2 14509.2 1 0.409297 53823.6 22029.8 0 0 
1993 3 1 2 0 0 0.19211 0.366773 0.558883 427065 327169 119997 338969 0.0116049 0.0116049 3933.69 3933.69 1 0.87187 4956.03 4321.02 0 0 
1993 3 1 3 0 0 0.19211 0.741543 0.933653 36445.3 23689.9 17567 43965.3 0.0152274 0.0152274 669.476 669.476 1 0.94676 554.966 525.42 0 0 
1993 4 1 0 0 0 0.347464 0 0.347464 6.26471e+007 5.29216e+007 0 0 0.00229356 0.00229356 0 0 1 0 143685 0 0 0 
1993 4 1 1 0 0 0.274357 0 0.274357 4.43224e+006 3.87622e+006 0 0 0.0128388 0.0128388 0 0 1 0.409297 56904.5 23290.8 0 0 
1993 4 1 2 0 0 0.243935 0 0.243935 244216 216711 0 0 0.0154339 0.0154339 0 0 1 0.87187 3769.21 3286.26 0 0 
1993 4 1 3 0 0 0.243935 0 0.243935 14327.2 12713.6 0 0 0.0133951 0.0133951 0 0 1 0.94676 191.914 181.696 0 0 
1994 1 1 0 0 0 0.502423 0.000703655 0.503126 1.4336e+008 1.12654e+008 79269.8 445326 0.00677126 0.00677126 3015.42 3015.42 1 0 970730 0 0 0 
1994 1 1 1 0 0 0.446483 0.149802 0.596285 4.42587e+007 3.33375e+007 4.99403e+006 4.07205e+007 0.00667847 0.00667847 271951 271951 1 0.409297 295581 120980 0 0 
1994 1 1 2 0 0 0.348089 0.255392 0.603481 3.36877e+006 2.52928e+006 645960 516854 0.00953695 0.00953695 4929.22 4929.22 1 0.87187 32127.8 28011.3 0 0 
1994 1 1 3 0 0 0.336509 0.219633 0.556142 202579 155386 34127.8 100737 0.012859 0.012859 1295.37 1295.37 1 0.94676 2604.95 2466.27 0 0 
1994 2 1 0 0 0 0.292317 0.00538574 0.297703 8.66811e+007 7.4969e+007 403763 1.8561e+006 0.00867325 0.00867325 16098.4 16098.4 1 0 751806 0 0 0 
1994 2 1 1 0 0 0.223323 0.166401 0.389724 2.43801e+007 2.01908e+007 3.35977e+006 7.14662e+006 0.0103881 0.0103881 74239.6 74239.6 1 0.409297 253262 103659 0 0 
1994 2 1 2 0 0 0.196673 0.544269 0.740941 1.8424e+006 1.3013e+006 708259 1.45566e+006 0.0125109 0.0125109 18211.6 18211.6 1 0.87187 23050 20096.6 0 0 
1994 2 1 3 0 0 0.181539 0.48102 0.662559 116162 84938.9 40857.3 142774 0.0150508 0.0150508 2148.87 2148.87 1 0.94676 1748.34 1655.26 0 0 
1994 3 1 0 0 0 0.257639 0.0117183 0.269358 6.43626e+007 5.64229e+007 661181 818875 0.00295739 0.00295739 2421.74 2421.74 1 0 190346 0 0 0 
1994 3 1 1 0 0 0.219491 0.0701661 0.289657 1.65113e+007 1.43351e+007 1.00584e+006 2.93636e+006 0.00821695 0.00821695 24127.9 24127.9 1 0.409297 135672 55530.3 0 0 
1994 3 1 2 0 0 0.19017 0.153599 0.343769 878205 743163 114149 559871 0.00973146 0.00973146 5448.37 5448.37 1 0.87187 8546.22 7451.19 0 0 
1994 3 1 3 0 0 0.19017 0.310548 0.500718 59885.1 47110.4 14630 22812.9 0.0139542 0.0139542 318.336 318.336 1 0.94676 835.647 791.157 0 0 
1994 4 1 0 0 0 0.317757 0 0.317757 4.91647e+007 4.2119e+007 0 0 0.00379007 0.00379007 0 0 1 0 186338 0 0 0 
1994 4 1 1 0 0 0.247762 0 0.247762 1.2359e+007 1.0947e+007 0 0 0.00676408 0.00676408 0 0 1 0.409297 83597.4 34216.2 0 0 
1994 4 1 2 0 0 0.222902 0 0.222902 622729 558207 0 0 0.00899952 0.00899952 0 0 1 0.87187 5604.26 4886.18 0 0 
1994 4 1 3 0 0 0.222902 0 0.222902 36296.1 32535.4 0 0 0.0131288 0.0131288 0 0 1 0.94676 476.525 451.155 0 0 
1995 1 1 0 0 0 0.512057 0.00162916 0.513686 3.64491e+007 2.8504e+007 46437.5 170693 0.00316061 0.00316061 539.494 539.494 1 0 115201 0 0 0 
1995 1 1 1 0 0 0.459509 0.346834 0.806343 3.5781e+007 2.45618e+007 8.51887e+006 2.44666e+007 0.00820571 0.00820571 200766 200766 1 0.409297 293609 120173 0 0 
1995 1 1 2 0 0 0.338474 0.591304 0.929779 9.64678e+006 6.28081e+006 3.71387e+006 3.1924e+006 0.0116588 0.0116588 37219.5 37219.5 1 0.87187 112470 98059.2 0 0 
1995 1 1 3 0 0 0.307561 0.50851 0.816072 527347 360474 183305 371759 0.0121354 0.0121354 4511.45 4511.45 1 0.94676 6399.59 6058.88 0 0 
1995 2 1 0 0 0 0.290219 0.0124695 0.302688 2.1807e+007 1.88159e+007 234624 612010 0.00506497 0.00506497 3099.81 3099.81 1 0 110452 0 0 0 
1995 2 1 1 0 0 0.223147 0.385265 0.608412 1.59758e+007 1.19681e+007 4.61089e+006 8.62052e+006 0.0101217 0.0101217 87254.5 87254.5 1 0.409297 161703 66184.4 0 0 
1995 2 1 2 0 0 0.195421 1.26013 1.45555 3.80702e+006 2.00539e+006 2.52705e+006 2.86327e+006 0.0133065 0.0133065 38100.1 38100.1 1 0.87187 50658.1 44167.2 0 0 
1995 2 1 3 0 0 0.181516 1.11369 1.29521 233175 130729 145593 505875 0.0155061 0.0155061 7844.13 7844.13 1 0.94676 3615.63 3423.13 0 0 
1995 3 1 0 0 0 0.22194 0.0271311 0.249071 1.61117e+007 1.42619e+007 386941 1.79767e+006 0.00836985 0.00836985 15046.2 15046.2 1 0 134852 0 0 0 
1995 3 1 1 0 0 0.190791 0.162454 0.353245 8.69427e+006 7.32458e+006 1.18991e+006 4.48822e+006 0.00964464 0.00964464 43287.3 43287.3 1 0.409297 83853.1 34320.8 0 0 
1995 3 1 2 0 0 0.17799 0.355625 0.533615 888067 688197 244740 533786 0.0128588 0.0128588 6863.83 6863.83 1 0.87187 11419.5 9956.28 0 0 
1995 3 1 3 0 0 0.17799 0.719005 0.896994 63852.6 42156.3 30310.6 128194 0.0157815 0.0157815 2023.09 2023.09 1 0.94676 1007.69 954.044 0 0 
1995 4 1 0 0 0 0.26464 0 0.26464 1.25594e+007 1.1035e+007 0 0 0.00577367 0.00577367 0 0 1 0 72514 0 0 0 
1995 4 1 1 0 0 0.210947 0 0.210947 6.1069e+006 5.50578e+006 0 0 0.0106845 0.0106845 0 0 1 0.409297 65249 26706.2 0 0 
1995 4 1 2 0 0 0.189647 0 0.189647 520834 474426 0 0 0.0142483 0.0142483 0 0 1 0.87187 7420.98 6470.13 0 0 
1995 4 1 3 0 0 0.189647 0 0.189647 26038.7 23718.6 0 0 0.0160781 0.0160781 0 0 1 0.94676 418.654 396.365 0 0 
1996 1 1 0 0 0 0.504177 0.0014183 0.505596 6.38293e+007 5.01011e+007 71058.4 299367 0.00713365 0.00713365 2135.58 2135.58 1 0 455335 0 0 0 
1996 1 1 1 0 0 0.395163 0.301945 0.697108 9.63914e+006 6.94099e+006 2.0958e+006 233497 0.0108427 0.0108427 2531.74 2531.74 1 0.409297 104514 42777.4 0 0 
1996 1 1 2 0 0 0.263233 0.514774 0.778007 4.94547e+006 3.43688e+006 1.76921e+006 816511 0.0142339 0.0142339 11622.1 11622.1 1 0.87187 70393.3 61373.7 0 0 
1996 1 1 3 0 0 0.213993 0.442696 0.656688 452401 331666 146827 286503 0.0174577 0.0174577 5001.68 5001.68 1 0.94676 7897.89 7477.41 0 0 
1996 2 1 0 0 0 0.363139 0.0108556 0.373994 3.84984e+007 3.21188e+007 348668 1.08365e+006 0.00790492 0.00790492 8566.2 8566.2 1 0 304327 0 0 0 
1996 2 1 1 0 0 0.227084 0.335401 0.562485 4.80052e+006 3.67161e+006 1.23146e+006 776795 0.011496 0.011496 8930.01 8930.01 1 0.409297 55186.6 22587.7 0 0 
1996 2 1 2 0 0 0.201776 1.09704 1.29881 2.27156e+006 1.27174e+006 1.39514e+006 2.20863e+006 0.0150325 0.0150325 33201.3 33201.3 1 0.87187 34147.2 29771.9 0 0 
1996 2 1 3 0 0 0.17663 0.969553 1.14618 234600 139622 135371 911256 0.0168613 0.0168613 15365 15365 1 0.94676 3955.66 3745.06 0 0 
1996 3 1 0 0 0 0.214791 0.0236197 0.23841 2.64861e+007 2.35655e+007 556609 1.67074e+006 0.00291009 0.00291009 4862 4862 1 0 77076.9 0 0 0 
1996 3 1 1 0 0 0.171346 0.141428 0.312774 2.73529e+006 2.34885e+006 332193 289815 0.00615487 0.00615487 1783.78 1783.78 1 0.409297 16835.4 6890.67 0 0 
1996 3 1 2 0 0 0.150992 0.309598 0.46059 619805 496674 153769 113580 0.00866848 0.00866848 984.564 984.564 1 0.87187 5372.77 4684.36 0 0 
1996 3 1 3 0 0 0.150992 0.625947 0.776938 74567 51844.8 32452.1 49534.1 0.0103458 0.0103458 512.471 512.471 1 0.94676 771.457 730.385 0 0 
1996 4 1 0 0 0 0.237941 0 0.237941 2.08679e+007 1.8571e+007 0 0 0.00310564 0.00310564 0 0 1 0 64808.1 0 0 0 
1996 4 1 1 0 0 0.194827 0 0.194827 2.00064e+006 1.81781e+006 0 0 0.00574715 0.00574715 0 0 1 0.409297 11498 4706.07 0 0 
1996 4 1 2 0 0 0.156129 0 0.156129 391042 362044 0 0 0.00766409 0.00766409 0 0 1 0.87187 2996.99 2612.98 0 0 
1996 4 1 3 0 0 0.156129 0 0.156129 34286.8 31744.2 0 0 0.00864838 0.00864838 0 0 1 0.94676 296.525 280.738 0 0 
1997 1 1 0 0 0 0.451157 0.00105035 0.452208 4.97452e+007 4.00175e+007 42032.5 6446.58 0.0070718 0.0070718 45.5889 45.5889 1 0 351788 0 0 0 
1997 1 1 1 0 0 0.293018 0.223611 0.51663 1.64491e+007 1.28463e+007 2.87257e+006 2.28658e+006 0.0127666 0.0127666 29191.9 29191.9 1 0.409297 209999 85952.1 0 0 
1997 1 1 2 0 0 0.210384 0.381226 0.59161 1.64648e+006 1.24281e+006 473792 130593 0.0148391 0.0148391 1937.89 1937.89 1 0.87187 24432.3 21301.8 0 0 
1997 1 1 3 0 0 0.154945 0.327847 0.482792 363847 288597 94615.7 202822 0.0163256 0.0163256 3311.18 3311.18 1 0.94676 5940.02 5623.78 0 0 
1997 2 1 0 0 0 0.297505 0.00803933 0.305544 3.1649e+007 2.72709e+007 219240 148657 0.00580278 0.00580278 862.622 862.622 1 0 183652 0 0 0 
1997 2 1 1 0 0 0.204046 0.248388 0.452435 9.81235e+006 7.8927e+006 1.96045e+006 4.39527e+006 0.0119979 0.0119979 52734 52734 1 0.409297 117728 48185.6 0 0 
1997 2 1 2 0 0 0.187318 0.812434 0.999752 911219 576060 468011 1.07823e+006 0.0161236 0.0161236 17384.8 17384.8 1 0.87187 14692.1 12809.6 0 0 
1997 2 1 3 0 0 0.153806 0.718022 0.871829 224515 149830 107581 277615 0.0199421 0.0199421 5536.23 5536.23 1 0.94676 4477.3 4238.93 0 0 
1997 3 1 0 0 0 0.227274 0.017492 0.244766 2.33165e+007 2.06822e+007 361774 596223 0.00712309 0.00712309 4246.95 4246.95 1 0 166086 0 0 0 
1997 3 1 1 0 0 0.193018 0.104738 0.297756 6.24141e+006 5.39796e+006 565369 728240 0.00965248 0.00965248 7029.32 7029.32 1 0.409297 60245.1 24658.1 0 0 
1997 3 1 2 0 0 0.170793 0.229279 0.400072 335302 276346 63360.4 181187 0.0121853 0.0121853 2207.81 2207.81 1 0.87187 4085.75 3562.24 0 0 
1997 3 1 3 0 0 0.170793 0.463558 0.634351 93889 69522.4 32227.6 46666.7 0.0146979 0.0146979 685.905 685.905 1 0.94676 1379.97 1306.5 0 0 
1997 4 1 0 0 0 0.269067 0 0.269067 1.82542e+007 1.60046e+007 0 0 0.00515499 0.00515499 0 0 1 0 94100.3 0 0 0 
1997 4 1 1 0 0 0.214289 0 0.214289 4.63414e+006 4.17127e+006 0 0 0.00953957 0.00953957 0 0 1 0.409297 44207.8 18094.1 0 0 
1997 4 1 2 0 0 0.171015 0 0.171015 224743 206576 0 0 0.0127215 0.0127215 0 0 1 0.87187 2859.06 2492.73 0 0 
1997 4 1 3 0 0 0.171015 0 0.171015 49787.4 45762.9 0 0 0.0143553 0.0143553 0 0 1 0.94676 714.712 676.661 0 0 
1998 1 1 0 0 0 0.42959 0.00174959 0.43134 1.1325e+008 9.19886e+007 160943 86123.7 0.00557064 0.00557064 479.764 479.764 1 0 630873 0 0 0 
1998 1 1 1 0 0 0.282534 0.372474 0.655008 1.39479e+007 1.02332e+007 3.8116e+006 3.56734e+006 0.0139329 0.0139329 49703.4 49703.4 1 0.409297 194335 79540.6 0 0 
1998 1 1 2 0 0 0.22647 0.635017 0.861487 3.74029e+006 2.50717e+006 1.59209e+006 1.49834e+006 0.0166329 0.0166329 24921.7 24921.7 1 0.87187 62211.8 54240.6 0 0 
1998 1 1 3 0 0 0.190365 0.546102 0.736467 231377 163745 89421.7 258993 0.0186053 0.0186053 4818.64 4818.64 1 0.94676 4304.84 4075.65 0 0 
1998 2 1 0 0 0 0.361769 0.0133913 0.375161 7.35712e+007 6.13461e+007 821503 5.46589e+006 0.00502731 0.00502731 27478.7 27478.7 1 0 369865 0 0 0 
1998 2 1 1 0 0 0.197063 0.413746 0.610809 7.24507e+006 5.42173e+006 2.24321e+006 2.66503e+006 0.0123985 0.0123985 33042.3 33042.3 1 0.409297 89827.7 36766.2 0 0 
1998 2 1 2 0 0 0.176428 1.35329 1.52972 1.5804e+006 809357 1.09529e+006 1.45184e+006 0.0152533 0.0152533 22145.4 22145.4 1 0.87187 24106.2 21017.5 0 0 
1998 2 1 3 0 0 0.145301 1.19603 1.34133 110784 60994.9 72951.4 326463 0.0177168 0.0177168 5783.89 5783.89 1 0.94676 1962.74 1858.24 0 0 
1998 3 1 0 0 0 0.251547 0.0291368 0.280684 5.05566e+007 4.40811e+007 1.28438e+006 1.61598e+006 0.00429204 0.00429204 6935.86 6935.86 1 0 216991 0 0 0 
1998 3 1 1 0 0 0.208794 0.174464 0.383257 3.93343e+006 3.26741e+006 570043 1.09655e+006 0.00610449 0.00610449 6693.85 6693.85 1 0.409297 24011.6 9827.87 0 0 
1998 3 1 2 0 0 0.172717 0.381915 0.554632 342309 262745 100346 489541 0.00945599 0.00945599 4629.09 4629.09 1 0.87187 3236.87 2822.13 0 0 
1998 3 1 3 0 0 0.172717 0.772158 0.944875 28969.8 18741.6 14471.4 241493 0.00941628 0.00941628 2273.97 2273.97 1 0.94676 272.788 258.265 0 0 
1998 4 1 0 0 0 0.317828 0 0.317828 3.81837e+007 3.27107e+007 0 0 0.00393323 0.00393323 0 0 1 0 150186 0 0 0 
1998 4 1 1 0 0 0.245265 0 0.245265 2.68118e+006 2.37769e+006 0 0 0.00727866 0.00727866 0 0 1 0.409297 19515.4 7987.57 0 0 
1998 4 1 2 0 0 0.196725 0 0.196725 196582 178454 0 0 0.00970643 0.00970643 0 0 1 0.87187 1908.11 1663.63 0 0 
1998 4 1 3 0 0 0.196725 0 0.196725 11261.4 10222.9 0 0 0.010953 0.010953 0 0 1 0.94676 123.346 116.779 0 0 
1999 1 1 0 0 0 0.421403 0.000929854 0.422333 7.90281e+007 6.44608e+007 59939.2 830.23 0.0053059 0.0053059 4.40512 4.40512 1 0 419315 0 0 0 
1999 1 1 1 0 0 0.287226 0.197958 0.485184 2.77874e+007 2.20162e+007 4.35829e+006 1.59392e+007 0.00973715 0.00973715 155203 155203 1 0.409297 270570 110743 0 0 
1999 1 1 2 0 0 0.232493 0.337492 0.569984 2.09801e+006 1.59919e+006 539714 477815 0.0114532 0.0114532 5472.51 5472.51 1 0.87187 24028.9 20950.1 0 0 
1999 1 1 3 0 0 0.214241 0.290236 0.504477 170726 134076 38913.6 69219.2 0.012081 0.012081 836.239 836.239 1 0.94676 2062.55 1952.74 0 0 
1999 2 1 0 0 0 0.290566 0.00711705 0.297683 5.18042e+007 4.48049e+007 318879 90557.3 0.00456971 0.00456971 413.82 413.82 1 0 236730 0 0 0 
1999 2 1 1 0 0 0.190571 0.219893 0.410464 1.71055e+007 1.40297e+007 3.08503e+006 2.45606e+006 0.011575 0.011575 28429 28429 1 0.409297 197996 81039.2 0 0 
1999 2 1 2 0 0 0.169403 0.719231 0.888634 1.1865e+006 786139 565415 254931 0.0135094 0.0135094 3443.96 3443.96 1 0.87187 16028.9 13975.1 0 0 
1999 2 1 3 0 0 0.15233 0.63565 0.78798 103088 71331.2 45341.6 44836 0.0163661 0.0163661 733.789 733.789 1 0.94676 1687.15 1597.33 0 0 
1999 3 1 0 0 0 0.274501 0.0154853 0.289986 3.84665e+007 3.33913e+007 517075 1.96713e+006 0.00360535 0.00360535 7092.2 7092.2 1 0 138685 0 0 0 
1999 3 1 1 0 0 0.24072 0.0927219 0.333442 1.13468e+007 9.64887e+006 894662 3.35194e+006 0.00937925 0.00937925 31438.7 31438.7 1 0.409297 106424 43559.1 0 0 
1999 3 1 2 0 0 0.19105 0.202976 0.394026 487908 403257 81851.5 641059 0.0117946 0.0117946 7561.02 7561.02 1 0.87187 5754.67 5017.32 0 0 
1999 3 1 3 0 0 0.19105 0.410377 0.601427 46880.6 35230.7 14457.9 183015 0.0138192 0.0138192 2529.13 2529.13 1 0.94676 647.855 613.363 0 0 
1999 4 1 0 0 0 0.334613 0 0.334613 2.87835e+007 2.44629e+007 0 0 0.00523063 0.00523063 0 0 1 0 150556 0 0 0 
1999 4 1 1 0 0 0.267128 0 0.267128 8.12944e+006 7.13419e+006 0 0 0.00967956 0.00967956 0 0 1 0.409297 78689.4 32207.3 0 0 
1999 4 1 2 0 0 0.242347 0 0.242347 329014 292181 0 0 0.0129081 0.0129081 0 0 1 0.87187 4246.97 3702.8 0 0 
1999 4 1 3 0 0 0.242347 0 0.242347 25691.9 22815.7 0 0 0.0145659 0.0145659 0 0 1 0.94676 374.227 354.303 0 0 
2000 1 1 0 0 0 0.406024 0.00150747 0.407531 7.53464e+007 6.18827e+007 93286.4 6101.49 0.00667143 0.00667143 40.7056 40.7056 1 0 502669 0 0 0 
2000 1 1 1 0 0 0.341546 0.320928 0.662474 2.05979e+007 1.50619e+007 4.8338e+006 9.82267e+006 0.0121927 0.0121927 119765 119765 1 0.409297 251144 102792 0 0 
2000 1 1 2 0 0 0.253193 0.547138 0.800331 6.22369e+006 4.2834e+006 2.34361e+006 1.76726e+006 0.0148301 0.0148301 26208.7 26208.7 1 0.87187 92298.3 80472.1 0 0 
2000 1 1 3 0 0 0.218544 0.470528 0.689073 278368 201163 94652.7 70159.7 0.0184553 0.0184553 1294.82 1294.82 1 0.94676 5137.37 4863.86 0 0 
2000 2 1 0 0 0 0.355138 0.0115381 0.366676 5.01273e+007 4.19644e+007 484190 81905.9 0.00621185 0.00621185 508.787 508.787 1 0 311383 0 0 0 
2000 2 1 1 0 0 0.198814 0.356488 0.555302 1.06197e+007 8.14886e+006 2.90497e+006 801375 0.0148578 0.0148578 11906.7 11906.7 1 0.409297 157786 64581.2 0 0 
2000 2 1 2 0 0 0.180218 1.16601 1.34623 2.79556e+006 1.53622e+006 1.79125e+006 384854 0.0173556 0.0173556 6679.38 6679.38 1 0.87187 48518.8 42302 0 0 
2000 2 1 3 0 0 0.169539 1.03051 1.20005 139752 81381.4 83864.4 49826.6 0.0183208 0.0183208 912.862 912.862 1 0.94676 2560.37 2424.05 0 0 
2000 3 1 0 0 0 0.253643 0.0251046 0.278748 3.47399e+007 3.03183e+007 761129 1.09361e+006 0.00507794 0.00507794 5553.3 5553.3 1 0 176407 0 0 0 
2000 3 1 1 0 0 0.213127 0.15032 0.363447 6.09465e+006 5.10993e+006 768124 2.80714e+006 0.0104593 0.0104593 29360.9 29360.9 1 0.409297 63746 26091 0 0 
2000 3 1 2 0 0 0.156921 0.329063 0.485983 727461 576163 189594 1.31005e+006 0.0130945 0.0130945 17154.5 17154.5 1 0.87187 9525.73 8305.19 0 0 
2000 3 1 3 0 0 0.156921 0.6653 0.822221 42090.5 28695 19090.8 176418 0.0149724 0.0149724 2641.4 2641.4 1 0.94676 630.195 596.644 0 0 
2000 4 1 0 0 0 0.278612 0 0.278612 2.62887e+007 2.29443e+007 0 0 0.00360877 0.00360877 0 0 1 0 94870.1 0 0 0 
2000 4 1 1 0 0 0.235664 0 0.235664 4.23746e+006 3.77517e+006 0 0 0.00456426 0.00456426 0 0 1 0.409297 19340.9 7916.16 0 0 
2000 4 1 2 0 0 0.192073 0 0.192073 447455 407107 0 0 0.00797785 0.00797785 0 0 1 0.87187 3569.73 3112.34 0 0 
2000 4 1 3 0 0 0.192073 0 0.192073 18496.9 16829 0 0 0.0134729 0.0134729 0 0 1 0.94676 249.206 235.939 0 0 
2001 1 1 0 0 0 0.408792 0.00158286 0.410375 6.38963e+007 5.24091e+007 82956.3 13055.5 0.00783091 0.00783091 102.237 102.237 1 0 500366 0 0 0 
2001 1 1 1 0 0 0.32787 0.336978 0.664847 1.98962e+007 1.45335e+007 4.89746e+006 5.76763e+006 0.010869 0.010869 62688.4 62688.4 1 0.409297 216252 88511.3 0 0 
2001 1 1 2 0 0 0.233083 0.5745 0.807583 3.34779e+006 2.29685e+006 1.31954e+006 315550 0.0117832 0.0117832 3718.17 3718.17 1 0.87187 39447.5 34393.1 0 0 
2001 1 1 3 0 0 0.190164 0.494059 0.684224 384526 278475 137583 7693.89 0.0159143 0.0159143 122.443 122.443 1 0.94676 6119.46 5793.66 0 0 
2001 2 1 0 0 0 0.299106 0.0121151 0.311221 4.23889e+007 3.64269e+007 441316 550512 0.00477802 0.00477802 2630.36 2630.36 1 0 202535 0 0 0 
2001 2 1 1 0 0 0.21312 0.374316 0.587436 1.02337e+007 7.73922e+006 2.89691e+006 3.96734e+006 0.0116427 0.0116427 46190.4 46190.4 1 0.409297 119147 48766.5 0 0 
2001 2 1 2 0 0 0.201949 1.22432 1.42627 1.49289e+006 795289 973689 1.52871e+006 0.0136366 0.0136366 20846.5 20846.5 1 0.87187 20358.1 17749.6 0 0 
2001 2 1 3 0 0 0.194767 1.08205 1.27681 193986 109553 118541 498496 0.016634 0.016634 8291.98 8291.98 1 0.94676 3226.77 3054.98 0 0 
2001 3 1 0 0 0 0.266444 0.0263601 0.292804 3.10521e+007 2.6919e+007 709588 143017 0.00617218 0.00617218 882.728 882.728 1 0 191659 0 0 0 
2001 3 1 1 0 0 0.22548 0.157837 0.383317 5.68736e+006 4.72422e+006 745658 531588 0.0126722 0.0126722 6736.37 6736.37 1 0.409297 72071.2 29498.5 0 0 
2001 3 1 2 0 0 0.191235 0.345519 0.536754 358598 277494 95879.5 59709 0.0149807 0.0149807 894.485 894.485 1 0.87187 5372.06 4683.74 0 0 
2001 3 1 3 0 0 0.191235 0.698572 0.889806 54107.6 35832.2 25031.4 13417.6 0.0161831 0.0161831 217.137 217.137 1 0.94676 875.628 829.01 0 0 
2001 4 1 0 0 0 0.306306 0 0.306306 2.31701e+007 1.99577e+007 0 0 0.00651097 0.00651097 0 0 1 0 150860 0 0 0 
2001 4 1 1 0 0 0.258432 0 0.258432 3.87649e+006 3.41608e+006 0 0 0.0120489 0.0120489 0 0 1 0.409297 46707.3 19117.2 0 0 
2001 4 1 2 0 0 0.213201 0 0.213201 209652 188810 0 0 0.0160678 0.0160678 0 0 1 0.87187 3368.63 2937.01 0 0 
2001 4 1 3 0 0 0.213201 0 0.213201 22223.9 20014.6 0 0 0.0181313 0.0181313 0 0 1 0.94676 402.949 381.496 0 0 
2002 1 1 0 0 0 0.434478 0.00168261 0.436161 8.61185e+007 6.97947e+007 117437 63415.5 0.0072819 0.0072819 461.785 461.785 1 0 627106 0 0 0 
2002 1 1 1 0 0 0.321474 0.358214 0.679688 1.70569e+007 1.23776e+007 4.43382e+006 6.58644e+006 0.0108755 0.0108755 71630.6 71630.6 1 0.409297 185502 75925.3 0 0 
2002 1 1 2 0 0 0.240285 0.610706 0.85099 2.99366e+006 2.01576e+006 1.23104e+006 594557 0.0140837 0.0140837 8373.59 8373.59 1 0.87187 42161.9 36759.7 0 0 
2002 1 1 3 0 0 0.170689 0.525195 0.695884 187354 134984 70892.8 108679 0.0154284 0.0154284 1676.75 1676.75 1 0.94676 2890.57 2736.67 0 0 
2002 2 1 0 0 0 0.315437 0.0128786 0.328316 5.56768e+007 4.74603e+007 611222 927294 0.00768965 0.00768965 7130.56 7130.56 1 0 428135 0 0 0 
2002 2 1 1 0 0 0.222536 0.397905 0.620441 8.64402e+006 6.44069e+006 2.56278e+006 4.32653e+006 0.0121678 0.0121678 52644.4 52644.4 1 0.409297 105179 43049.3 0 0 
2002 2 1 2 0 0 0.213876 1.30148 1.51536 1.27827e+006 658192 856623 661656 0.014241 0.014241 9422.63 9422.63 1 0.87187 18203.8 15871.3 0 0 
2002 2 1 3 0 0 0.205629 1.15024 1.35586 93421 51143.8 58827.5 59021.8 0.0158279 0.0158279 934.19 934.19 1 0.94676 1478.66 1399.93 0 0 
2002 3 1 0 0 0 0.251826 0.0280213 0.279847 4.00948e+007 3.49733e+007 979999 1.18269e+006 0.00465024 0.00465024 5499.8 5499.8 1 0 186451 0 0 0 
2002 3 1 1 0 0 0.206168 0.167784 0.373952 4.64795e+006 3.87781e+006 650635 1.19916e+006 0.0100501 0.0100501 12051.7 12051.7 1 0.409297 46712.4 19119.2 0 0 
2002 3 1 2 0 0 0.194325 0.367294 0.561619 280874 214907 78933.9 296900 0.0132559 0.0132559 3935.67 3935.67 1 0.87187 3723.23 3246.17 0 0 
2002 3 1 3 0 0 0.194325 0.742596 0.936921 24076.9 15628.6 11605.7 65718.4 0.0144819 0.0144819 951.727 951.727 1 0.94676 348.679 330.115 0 0 
2002 4 1 0 0 0 0.322663 0 0.322663 3.03077e+007 2.59042e+007 0 0 0.00600354 0.00600354 0 0 1 0 181953 0 0 0 
2002 4 1 1 0 0 0.261624 0 0.261624 3.19783e+006 2.81373e+006 0 0 0.0116361 0.0116361 0 0 1 0.409297 37210.3 15230.1 0 0 
2002 4 1 2 0 0 0.217799 0 0.217799 160178 143935 0 0 0.01293 0.01293 0 0 1 0.87187 2071.1 1805.73 0 0 
2002 4 1 3 0 0 0.217799 0 0.217799 9434.09 8477.42 0 0 0.015541 0.015541 0 0 1 0.94676 146.616 138.81 0 0 
2003 1 1 0 0 0 0.419368 0.0013025 0.42067 1.12347e+008 9.17089e+007 119451 197639 0.00419735 0.00419735 829.563 829.563 1 0 471560 0 0 0 
2003 1 1 1 0 0 0.26906 0.277291 0.546351 2.19494e+007 1.69111e+007 4.68929e+006 4.00332e+006 0.0124598 0.0124598 49880.6 49880.6 1 0.409297 273485 111937 0 0 
2003 1 1 2 0 0 0.215429 0.472743 0.688172 2.46169e+006 1.77965e+006 841320 594498 0.0145956 0.0145956 8677.05 8677.05 1 0.87187 35929.9 31326.2 0 0 
2003 1 1 3 0 0 0.168428 0.40655 0.574978 136417 103748 42178.7 68143.5 0.0227862 0.0227862 1552.73 1552.73 1 0.94676 3108.43 2942.93 0 0 
2003 2 1 0 0 0 0.294817 0.00996925 0.304786 7.37677e+007 6.35862e+007 633906 2.78563e+006 0.00578575 0.00578575 16117 16117 1 0 426802 0 0 0 
2003 2 1 1 0 0 0.228673 0.308016 0.536689 1.271e+007 9.83567e+006 3.02954e+006 6.82628e+006 0.0107625 0.0107625 73467.6 73467.6 1 0.409297 136791 55988 0 0 
2003 2 1 2 0 0 0.208468 1.00747 1.21593 1.23699e+006 715748 721093 1.11591e+006 0.0144564 0.0144564 16132 16132 1 0.87187 17882.4 15591.1 0 0 
2003 2 1 3 0 0 0.203998 0.89039 1.09439 76764.2 46663.3 41548.6 218400 0.0166619 0.0166619 3638.96 3638.96 1 0.94676 1279.04 1210.94 0 0 
2003 3 1 0 0 0 0.258955 0.0216911 0.280646 5.43876e+007 4.74223e+007 1.02864e+006 713229 0.00485099 0.00485099 3459.87 3459.87 1 0 263833 0 0 0 
2003 3 1 1 0 0 0.229167 0.129881 0.359047 7.43128e+006 6.2435e+006 810910 39823.9 0.0114708 0.0114708 456.811 456.811 1 0.409297 85242.6 34889.5 0 0 
2003 3 1 2 0 0 0.225632 0.28432 0.509952 366683 287245 81669.3 29773.8 0.0134973 0.0134973 401.866 401.866 1 0.87187 4949.24 4315.09 0 0 
2003 3 1 3 0 0 0.225632 0.574839 0.800471 25696.4 17684.2 10165.6 26427.2 0.0141365 0.0141365 373.588 373.588 1 0.94676 363.256 343.917 0 0 
2003 4 1 0 0 0 0.382599 0 0.382599 4.10787e+007 3.41336e+007 0 0 0.00498315 0.00498315 0 0 1 0 204701 0 0 0 
2003 4 1 1 0 0 0.308147 0 0.308147 5.18957e+006 4.46617e+006 0 0 0.00922159 0.00922159 0 0 1 0.409297 47856.1 19587.3 0 0 
2003 4 1 2 0 0 0.285942 0 0.285942 220202 191518 0 0 0.0122974 0.0122974 0 0 1 0.87187 2707.92 2360.95 0 0 
2003 4 1 3 0 0 0.285942 0 0.285942 11540.7 10037.3 0 0 0.0138768 0.0138768 0 0 1 0.94676 160.147 151.621 0 0 
2004 1 1 0 0 0 0.436328 0.00193068 0.438259 2.05875e+008 1.66689e+008 321823 229309 0.00882088 0.00882088 2022.7 2022.7 1 0 1.816e+006 0 0 0 
2004 1 1 1 0 0 0.276005 0.411025 0.687031 2.80192e+007 2.02664e+007 8.33002e+006 4.21728e+006 0.0115748 0.0115748 48814 48814 1 0.409297 324315 132741 0 0 
2004 1 1 2 0 0 0.230681 0.700742 0.931423 3.81333e+006 2.48105e+006 1.73858e+006 731500 0.0138942 0.0138942 10163.6 10163.6 1 0.87187 52983.4 46194.6 0 0 
2004 1 1 3 0 0 0.19195 0.602625 0.794574 174110 120129 72392.9 78913.1 0.0153571 0.0153571 1211.87 1211.87 1 0.94676 2673.82 2531.47 0 0 
2004 2 1 0 0 0 0.277951 0.0147773 0.292728 1.32822e+008 1.15147e+008 1.70157e+006 2.48068e+007 0.0040717 0.0040717 101006 101006 1 0 540812 0 0 0 
2004 2 1 1 0 0 0.216065 0.456569 0.672634 1.40956e+007 1.02607e+007 4.68473e+006 4.73569e+006 0.00936733 0.00936733 44360.7 44360.7 1 0.409297 132038 54042.6 0 0 
2004 2 1 2 0 0 0.19252 1.49336 1.68588 1.50243e+006 726064 1.08427e+006 264373 0.0126443 0.0126443 3342.81 3342.81 1 0.87187 18997.1 16563 0 0 
2004 2 1 3 0 0 0.184805 1.31982 1.50462 78658.3 40666.8 53672.7 53425.3 0.0152932 0.0152932 817.046 817.046 1 0.94676 1202.94 1138.89 0 0 
2004 3 1 0 0 0 0.231014 0.0321525 0.263166 9.91151e+007 8.71458e+007 2.80196e+006 5.23394e+006 0.00303718 0.00303718 15896.4 15896.4 1 0 301030 0 0 0 
2004 3 1 1 0 0 0.211859 0.192521 0.40438 7.19385e+006 5.91706e+006 1.13916e+006 309955 0.00973314 0.00973314 3016.83 3016.83 1 0.409297 70018.7 28658.4 0 0 
2004 3 1 2 0 0 0.207592 0.421444 0.629035 278373 206619 87078.2 44144.7 0.0112443 0.0112443 496.374 496.374 1 0.87187 3130.09 2729.03 0 0 
2004 3 1 3 0 0 0.207592 0.852077 1.05967 17470.1 10772.7 9179.17 15706.6 0.0129619 0.0129619 203.587 203.587 1 0.94676 226.445 214.389 0 0 
2004 4 1 0 0 0 0.375766 0 0.375766 7.61813e+007 6.35044e+007 0 0 0.0044345 0.0044345 0 0 1 0 337826 0 0 0 
2004 4 1 1 0 0 0.302347 0 0.302347 4.80111e+006 4.14324e+006 0 0 0.00933673 0.00933673 0 0 1 0.409297 44826.6 18347.4 0 0 
2004 4 1 2 0 0 0.27837 0 0.27837 148402 129537 0 0 0.0115277 0.0115277 0 0 1 0.87187 1710.73 1491.54 0 0 
2004 4 1 3 0 0 0.27837 0 0.27837 6054.63 5284.96 0 0 0.012856 0.012856 0 0 1 0.94676 77.8384 73.6943 0 0 
2005 1 1 0 0 0 0.441625 0.00138375 0.443008 6.86705e+007 5.54776e+007 76767 97602.3 0.00762325 0.00762325 744.047 744.047 1 0 523493 0 0 0 
2005 1 1 1 0 0 0.320547 0.294588 0.615135 5.23185e+007 3.90756e+007 1.15112e+007 1.34097e+007 0.00968125 0.00968125 129823 129823 1 0.409297 506508 207312 0 0 
2005 1 1 2 0 0 0.226986 0.502232 0.729218 3.54841e+006 2.51922e+006 1.26523e+006 479222 0.0130316 0.0130316 6245.03 6245.03 1 0.87187 46241.5 40316.5 0 0 
2005 1 1 3 0 0 0.215992 0.43191 0.647902 116926 86058.1 37169.4 88858.2 0.0153547 0.0153547 1364.39 1364.39 1 0.94676 1795.36 1699.78 0 0 
2005 2 1 0 0 0 0.3092 0.0105911 0.319791 4.40935e+007 3.77382e+007 399690 839944 0.00656341 0.00656341 5512.9 5512.9 1 0 289403 0 0 0 
2005 2 1 1 0 0 0.218678 0.32723 0.545908 2.82817e+007 2.17943e+007 7.13174e+006 7.90355e+006 0.0102709 0.0102709 81176.5 81176.5 1 0.409297 290479 118892 0 0 
2005 2 1 2 0 0 0.180988 1.07031 1.2513 1.71135e+006 976325 1.04497e+006 228337 0.0114919 0.0114919 2624.02 2624.02 1 0.87187 19666.6 17146.7 0 0 
2005 2 1 3 0 0 0.173733 0.945932 1.11966 61169.1 36800.5 34810.7 22051.4 0.0141083 0.0141083 311.109 311.109 1 0.94676 862.995 817.049 0 0 
2005 3 1 0 0 0 0.220471 0.0230442 0.243516 3.20251e+007 2.8424e+007 655007 1.08927e+006 0.00553011 0.00553011 6023.81 6023.81 1 0 177102 0 0 0 
2005 3 1 1 0 0 0.200812 0.137982 0.338794 1.6384e+007 1.38972e+007 1.91757e+006 5.40858e+006 0.00800437 0.00800437 43292.3 43292.3 1 0.409297 131144 53676.8 0 0 
2005 3 1 2 0 0 0.179293 0.302055 0.481348 489673 388658 117396 230703 0.0113846 0.0113846 2626.47 2626.47 1 0.87187 5574.73 4860.44 0 0 
2005 3 1 3 0 0 0.179293 0.610696 0.789989 19964.9 13802.5 8429.16 38556.8 0.0137878 0.0137878 531.614 531.614 1 0.94676 275.273 260.617 0 0 
2005 4 1 0 0 0 0.366783 0 0.366783 2.51034e+007 2.10145e+007 0 0 0.00467988 0.00467988 0 0 1 0 117481 0 0 0 
2005 4 1 1 0 0 0.291321 0 0.291321 1.16757e+007 1.01288e+007 0 0 0.00866036 0.00866036 0 0 1 0.409297 101116 41386.5 0 0 
2005 4 1 2 0 0 0.224992 0 0.224992 302593 270968 0 0 0.011549 0.011549 0 0 1 0.87187 3494.65 3046.88 0 0 
2005 4 1 3 0 0 0.224992 0 0.224992 9061.09 8114.08 0 0 0.0130322 0.0130322 0 0 1 0.94676 118.086 111.799 0 0 
2006 1 1 0 0 0 0.503924 0.00174882 0.505672 8.74157e+007 6.86122e+007 119990 0 0.00632446 0.00632446 0 0 1 0 552857 0 0 0 
2006 1 1 1 0 0 0.314539 0.372309 0.686848 1.73957e+007 1.25834e+007 4.68491e+006 1.9877e+006 0.0108138 0.0108138 21494.6 21494.6 1 0.409297 188114 76994.3 0 0 
2006 1 1 2 0 0 0.225625 0.634735 0.86036 8.725e+006 5.85131e+006 3.71404e+006 1.4018e+006 0.0133425 0.0133425 18703.5 18703.5 1 0.87187 116413 101497 0 0 
2006 1 1 3 0 0 0.21463 0.54586 0.76049 248863 174276 95130.3 295158 0.0152372 0.0152372 4497.37 4497.37 1 0.94676 3791.97 3590.09 0 0 
2006 2 1 0 0 0 0.264692 0.0133854 0.278078 5.27204e+007 4.6025e+007 616060 319709 0.00553065 0.00553065 1768.2 1768.2 1 0 291578 0 0 0 
2006 2 1 1 0 0 0.211573 0.413562 0.625135 8.7528e+006 6.50803e+006 2.69147e+006 493221 0.0142716 0.0142716 7039.07 7039.07 1 0.409297 124917 51128 0 0 
2006 2 1 2 0 0 0.172426 1.35269 1.52512 3.69076e+006 1.89341e+006 2.56119e+006 1.00384e+006 0.0158443 0.0158443 15905.1 15905.1 1 0.87187 58477.6 50984.9 0 0 
2006 2 1 3 0 0 0.166197 1.19549 1.36169 116328 63539.7 75961.4 235542 0.0179666 0.0179666 4231.89 4231.89 1 0.94676 2090.01 1978.74 0 0 
2006 3 1 0 0 0 0.217051 0.0291239 0.246175 3.99219e+007 3.53876e+007 1.03063e+006 176742 0.00406707 0.00406707 718.822 718.822 1 0 162365 0 0 0 
2006 3 1 1 0 0 0.196865 0.174386 0.371251 4.6844e+006 3.91317e+006 682403 129541 0.00954634 0.00954634 1236.64 1236.64 1 0.409297 44718.9 18303.3 0 0 
2006 3 1 2 0 0 0.172491 0.381746 0.554237 803094 616538 235361 176585 0.0129454 0.0129454 2285.96 2285.96 1 0.87187 10396.4 9064.3 0 0 
2006 3 1 3 0 0 0.172491 0.771815 0.944306 29806.3 19287.4 14886.3 10932.9 0.0134327 0.0134327 146.857 146.857 1 0.94676 400.379 379.063 0 0 
2006 4 1 0 0 0 0.364286 0 0.364286 3.12104e+007 2.61574e+007 0 0 0.00500778 0.00500778 0 0 1 0 156295 0 0 0 
2006 4 1 1 0 0 0.277221 0 0.277221 3.23163e+006 2.82237e+006 0 0 0.00926717 0.00926717 0 0 1 0.409297 29948.1 12257.6 0 0 
2006 4 1 2 0 0 0.20233 0 0.20233 461386 417705 0 0 0.0123582 0.0123582 0 0 1 0.87187 5701.91 4971.32 0 0 
2006 4 1 3 0 0 0.20233 0 0.20233 11593.2 10495.6 0 0 0.0139454 0.0139454 0 0 1 0.94676 161.671 153.063 0 0 
2007 1 1 0 0 0 0.480078 0.00164217 0.48172 6.28302e+007 4.98603e+007 81879.3 0 0.00632446 0.00632446 0 0 1 0 397367 0 0 0 
2007 1 1 1 0 0 0.312223 0.349605 0.661828 2.16816e+007 1.5859e+007 5.54438e+006 1.69327e+006 0.0118823 0.0118823 20120 20120 1 0.409297 257628 105446 0 0 
2007 1 1 2 0 0 0.204242 0.596029 0.800271 2.44921e+006 1.68569e+006 1.00472e+006 189551 0.013077 0.013077 2478.75 2478.75 1 0.87187 32028.3 27924.5 0 0 
2007 1 1 3 0 0 0.184123 0.512573 0.696696 386342 278249 142623 67672.1 0.0149193 0.0149193 1009.62 1009.62 1 0.94676 5763.95 5457.07 0 0 
2007 2 1 0 0 0 0.287492 0.0125691 0.300061 3.88115e+007 3.35298e+007 421439 609939 0.0064593 0.0064593 3939.77 3939.77 1 0 250695 0 0 0 
2007 2 1 1 0 0 0.221759 0.388343 0.610102 1.11857e+007 8.3733e+006 3.25171e+006 4.1868e+006 0.0101356 0.0101356 42435.8 42435.8 1 0.409297 113374 46403.7 0 0 
2007 2 1 2 0 0 0.170203 1.2702 1.4404 1.1002e+006 582920 740425 1.68165e+006 0.0126503 0.0126503 21273.4 21273.4 1 0.87187 13917.9 12134.6 0 0 
2007 2 1 3 0 0 0.16633 1.12259 1.28892 192487 108186 121449 254768 0.0151201 0.0151201 3852.12 3852.12 1 0.94676 2910.42 2755.47 0 0 
2007 3 1 0 0 0 0.210233 0.0273479 0.237581 2.87505e+007 2.55904e+007 699842 404452 0.00454597 0.00454597 1838.63 1838.63 1 0 130699 0 0 0 
2007 3 1 1 0 0 0.174755 0.163752 0.338507 6.07715e+006 5.15543e+006 844212 329724 0.00752162 0.00752162 2480.06 2480.06 1 0.409297 45710 18708.9 0 0 
2007 3 1 2 0 0 0.152118 0.358466 0.510584 260564 204056 73147.2 19674.8 0.0106344 0.0106344 209.23 209.23 1 0.87187 2770.94 2415.9 0 0 
2007 3 1 3 0 0 0.152118 0.724749 0.876867 53043.1 35322 25599.6 20963.7 0.012615 0.012615 264.458 264.458 1 0.94676 669.14 633.515 0 0 
2007 4 1 0 0 0 0.312345 0 0.312345 2.26707e+007 1.94717e+007 0 0 0.00478391 0.00478391 0 0 1 0 108455 0 0 0 
2007 4 1 1 0 0 0.237467 0 0.237467 4.33199e+006 3.85605e+006 0 0 0.00885288 0.00885288 0 0 1 0.409297 38350.6 15696.8 0 0 
2007 4 1 2 0 0 0.175019 0 0.175019 156376 143456 0 0 0.0118057 0.0118057 0 0 1 0.87187 1846.13 1609.59 0 0 
2007 4 1 3 0 0 0.175019 0 0.175019 22070.4 20246.9 0 0 0.0133219 0.0133219 0 0 1 0.94676 294.02 278.367 0 0 
2008 1 1 0 0 0 0.477842 0.00134543 0.479187 1.54315e+008 1.22603e+008 164953 11590.1 0.0088033 0.0088033 102.031 102.031 1 0 1.35848e+006 0 0 0 
2008 1 1 1 0 0 0.306642 0.28643 0.593072 1.65888e+007 1.25135e+007 3.58424e+006 422430 0.0103084 0.0103084 4354.55 4354.55 1 0.409297 171004 69991.2 0 0 
2008 1 1 2 0 0 0.187455 0.488324 0.675779 3.41631e+006 2.4834e+006 1.2127e+006 1.44794e+006 0.0114418 0.0114418 16567.1 16567.1 1 0.87187 39088.9 34080.4 0 0 
2008 1 1 3 0 0 0.166284 0.419949 0.586234 149795 113344 47598.9 329770 0.0131112 0.0131112 4323.67 4323.67 1 0.94676 1963.99 1859.43 0 0 
2008 2 1 0 0 0 0.268767 0.0102978 0.279065 9.5565e+007 8.33891e+007 858726 2.08719e+006 0.00438032 0.00438032 9142.56 9142.56 1 0 418606 0 0 0 
2008 2 1 1 0 0 0.20333 0.318168 0.521498 9.16744e+006 7.14359e+006 2.27286e+006 1.90176e+006 0.0076229 0.0076229 14496.9 14496.9 1 0.409297 69882.4 28602.7 0 0 
2008 2 1 2 0 0 0.156934 1.04067 1.19761 1.73808e+006 1.01313e+006 1.05433e+006 1.00663e+006 0.0125573 0.0125573 12640.5 12640.5 1 0.87187 21825.5 19029 0 0 
2008 2 1 3 0 0 0.151074 0.919736 1.07081 83348.9 51160 47053.7 260966 0.0141844 0.0141844 3701.64 3701.64 1 0.94676 1182.25 1119.31 0 0 
2008 3 1 0 0 0 0.200369 0.022406 0.222775 7.22941e+007 6.48075e+007 1.45208e+006 893785 0.00340017 0.00340017 3039.02 3039.02 1 0 245812 0 0 0 
2008 3 1 1 0 0 0.173103 0.134161 0.307265 5.44207e+006 4.68543e+006 628605 131774 0.00755089 0.00755089 995.01 995.01 1 0.409297 41092.5 16819 0 0 
2008 3 1 2 0 0 0.166628 0.29369 0.460318 524755 420560 123514 41691.7 0.00823804 0.00823804 343.458 343.458 1 0.87187 4322.96 3769.05 0 0 
2008 3 1 3 0 0 0.166628 0.593785 0.760413 28566.2 20005.3 11878.8 21858.3 0.00846626 0.00846626 185.058 185.058 1 0.94676 241.849 228.973 0 0 
2008 4 1 0 0 0 0.303983 0 0.303983 5.78565e+007 4.98901e+007 0 0 0.00443333 0.00443333 0 0 1 0 256497 0 0 0 
2008 4 1 1 0 0 0.225445 0 0.225445 4.00241e+006 3.58332e+006 0 0 0.00681496 0.00681496 0 0 1 0.409297 27276.2 11164.1 0 0 
2008 4 1 2 0 0 0.196899 0 0.196899 331164 300600 0 0 0.00901116 0.00901116 0 0 1 0.87187 2984.17 2601.81 0 0 
2008 4 1 3 0 0 0.196899 0 0.196899 13354 12121.5 0 0 0.00809501 0.00809501 0 0 1 0.94676 108.1 102.345 0 0 
2009 1 1 0 0 0 0.444163 0.000899758 0.445063 1.23965e+008 1.00053e+008 90023.9 0 0.00632446 0.00632446 0 0 1 0 784009 0 0 0 
2009 1 1 1 0 0 0.362029 0.191551 0.55358 4.26908e+007 3.27837e+007 6.27974e+006 4.77695e+006 0.00958163 0.00958163 45770.9 45770.9 1 0.409297 409048 167422 0 0 
2009 1 1 2 0 0 0.233127 0.326568 0.559695 3.19456e+006 2.44641e+006 798920 219922 0.0123214 0.0123214 2709.75 2709.75 1 0.87187 39361.5 34318.1 0 0 
2009 1 1 3 0 0 0.16233 0.280842 0.443173 282943 228567 64191.3 39036.7 0.0142217 0.0142217 555.168 555.168 1 0.94676 4023.93 3809.7 0 0 
2009 2 1 0 0 0 0.32704 0.00688669 0.333927 7.94346e+007 6.75327e+007 465077 231412 0.00459781 0.00459781 1063.99 1063.99 1 0 365225 0 0 0 
2009 2 1 1 0 0 0.20019 0.212776 0.412965 2.45424e+007 2.0106e+007 4.27806e+006 8.16393e+006 0.00954441 0.00954441 77919.8 77919.8 1 0.409297 234243 95874.9 0 0 
2009 2 1 2 0 0 0.157572 0.695952 0.853524 1.82532e+006 1.22773e+006 854440 554425 0.0130278 0.0130278 7222.95 7222.95 1 0.87187 23780 20733 0 0 
2009 2 1 3 0 0 0.150078 0.615076 0.765154 181649 126947 78082.4 137328 0.0160173 0.0160173 2199.62 2199.62 1 0.94676 2909.51 2754.61 0 0 
2009 3 1 0 0 0 0.190446 0.0149841 0.20543 5.68836e+007 5.14211e+007 770499 168362 0.00429631 0.00429631 723.337 723.337 1 0 244390 0 0 0 
2009 3 1 1 0 0 0.169703 0.0897208 0.259424 1.62394e+007 1.43039e+007 1.28335e+006 3.38511e+006 0.00773802 0.00773802 26194 26194 1 0.409297 125661 51432.5 0 0 
2009 3 1 2 0 0 0.163423 0.196406 0.359829 777425 652925 128238 519516 0.0103483 0.0103483 5376.09 5376.09 1 0.87187 8045.01 7014.2 0 0 
2009 3 1 3 0 0 0.163423 0.397095 0.560518 84514.3 64697.2 25690.9 88967.4 0.0134745 0.0134745 1198.79 1198.79 1 0.94676 1138.79 1078.16 0 0 
2009 4 1 0 0 0 0.292535 0 0.292535 4.63201e+007 4.016e+007 0 0 0.00866643 0.00866643 0 0 1 0 401430 0 0 0 
2009 4 1 1 0 0 0.215318 0 0.215318 1.25286e+007 1.12716e+007 0 0 0.00962278 0.00962278 0 0 1 0.409297 120560 49344.9 0 0 
2009 4 1 2 0 0 0.189694 0 0.189694 542484 494135 0 0 0.0104659 0.0104659 0 0 1 0.87187 5677.58 4950.11 0 0 
2009 4 1 3 0 0 0.189694 0 0.189694 48250.3 43950.1 0 0 0.0141411 0.0141411 0 0 1 0.94676 682.314 645.988 0 0 
2010 1 1 0 0 0 0.527185 0.00105251 0.528237 1.3156e+008 1.02201e+008 107568 12413.8 0.00663171 0.00663171 82.3246 82.3246 1 0 872469 0 0 0 
2010 1 1 1 0 0 0.412451 0.22407 0.636521 3.45719e+007 2.55748e+007 5.73054e+006 1.73217e+006 0.00800228 0.00800228 13861.3 13861.3 1 0.409297 276654 113234 0 0 
2010 1 1 2 0 0 0.312095 0.382009 0.694103 1.01016e+007 7.2837e+006 2.78244e+006 689166 0.00966617 0.00966617 6661.59 6661.59 1 0.87187 97644.1 85132.9 0 0 
2010 1 1 3 0 0 0.170493 0.32852 0.499013 488662 384721 126389 90040.4 0.013676 0.013676 1231.39 1231.39 1 0.94676 6682.95 6327.16 0 0 
2010 2 1 0 0 0 0.395296 0.00805583 0.403352 7.75736e+007 6.38362e+007 514254 349703 0.004735 0.004735 1655.85 1655.85 1 0 367311 0 0 0 
2010 2 1 1 0 0 0.217096 0.248898 0.465993 1.8293e+007 1.46224e+007 3.63949e+006 3.10542e+006 0.00940284 0.00940284 29199.7 29199.7 1 0.409297 172007 70401.8 0 0 
2010 2 1 2 0 0 0.179411 0.814101 0.993513 5.04599e+006 3.19834e+006 2.60377e+006 3.01129e+006 0.0114081 0.0114081 34353.1 34353.1 1 0.87187 57565.2 50189.3 0 0 
2010 2 1 3 0 0 0.164153 0.719496 0.883649 296681 196991 141734 2.15739e+006 0.0147725 0.0147725 31869.9 31869.9 1 0.94676 4382.71 4149.38 0 0 
2010 3 1 0 0 0 0.206689 0.0175279 0.224217 5.18251e+007 4.6426e+007 813751 298472 0.0049912 0.0049912 1489.73 1489.73 1 0 258669 0 0 0 
2010 3 1 1 0 0 0.182157 0.104952 0.287109 1.14791e+007 9.97822e+006 1.04724e+006 2.4124e+006 0.0072118 0.0072118 17397.8 17397.8 1 0.409297 82784.9 33883.6 0 0 
2010 3 1 2 0 0 0.159284 0.22975 0.389034 1.8684e+006 1.54784e+006 355616 683264 0.00941573 0.00941573 6433.42 6433.42 1 0.87187 17592.3 15338.2 0 0 
2010 3 1 3 0 0 0.159284 0.464509 0.623793 122610 91220 42372.5 90603 0.0130153 0.0130153 1179.23 1179.23 1 0.94676 1595.81 1510.85 0 0 
2010 4 1 0 0 0 0.308964 0 0.308964 4.14156e+007 3.56287e+007 0 0 0.00384724 0.00384724 0 0 1 0 159336 0 0 0 
2010 4 1 1 0 0 0.226391 0 0.226391 8.61425e+006 7.70876e+006 0 0 0.00711952 0.00711952 0 0 1 0.409297 61329.3 25101.9 0 0 
2010 4 1 2 0 0 0.196778 0 0.196778 1.26623e+006 1.14944e+006 0 0 0.00949421 0.00949421 0 0 1 0.87187 12021.9 10481.5 0 0 
2010 4 1 3 0 0 0.196778 0 0.196778 65707.7 59646.8 0 0 0.0107135 0.0107135 0 0 1 0.94676 703.963 666.484 0 0 
2011 1 1 0 0 0 0.510709 0.000951128 0.51166 9.49546e+007 7.43255e+007 70693 2469.28 0.00515453 0.00515453 12.728 12.728 1 0 489447 0 0 0 
2011 1 1 1 0 0 0.436909 0.202487 0.639397 3.04077e+007 2.24653e+007 4.54894e+006 1.84721e+006 0.00850677 0.00850677 15713.8 15713.8 1 0.409297 258671 105873 0 0 
2011 1 1 2 0 0 0.385712 0.345213 0.730925 6.86906e+006 4.87309e+006 1.68225e+006 1.10502e+006 0.010108 0.010108 11169.5 11169.5 1 0.87187 69432.4 60536 0 0 
2011 1 1 3 0 0 0.181774 0.296876 0.47865 1.09402e+006 869413 258108 281708 0.0134156 0.0134156 3779.28 3779.28 1 0.94676 14676.9 13895.5 0 0 
2011 2 1 0 0 0 0.380865 0.00727988 0.388145 5.69252e+007 4.71784e+007 343453 420004 0.0043622 0.0043622 1832.14 1832.14 1 0 248319 0 0 0 
2011 2 1 1 0 0 0.2385 0.224924 0.463424 1.60434e+007 1.28394e+007 2.88788e+006 4.23406e+006 0.00885539 0.00885539 37494.2 37494.2 1 0.409297 142071 58149.1 0 0 
2011 2 1 2 0 0 0.19339 0.735686 0.929076 3.3072e+006 2.15389e+006 1.58459e+006 2.91797e+006 0.0113763 0.0113763 33195.8 33195.8 1 0.87187 37623.8 32803 0 0 
2011 2 1 3 0 0 0.179386 0.650193 0.829578 677876 460673 299526 999295 0.0145475 0.0145475 14537.3 14537.3 1 0.94676 9861.41 9336.39 0 0 
2011 3 1 0 0 0 0.228674 0.0158396 0.244513 3.86132e+007 3.42548e+007 542582 57320.2 0.00420793 0.00420793 241.199 241.199 1 0 162482 0 0 0 
2011 3 1 1 0 0 0.2021 0.0948432 0.296943 1.00933e+007 8.7327e+006 828237 250247 0.0101804 0.0101804 2547.61 2547.61 1 0.409297 102754 42056.9 0 0 
2011 3 1 2 0 0 0.17924 0.20762 0.386859 1.30607e+006 1.0831e+006 224872 95834.3 0.012779 0.012779 1224.67 1224.67 1 0.87187 16690.4 14551.8 0 0 
2011 3 1 3 0 0 0.17924 0.419766 0.599006 295712 222469 93385.2 42265.8 0.0171283 0.0171283 723.94 723.94 1 0.94676 5065.04 4795.38 0 0 
2011 4 1 0 0 0 0.338047 0 0.338047 3.02374e+007 2.5657e+007 0 0 0.00497387 0.00497387 0 0 1 0 150397 0 0 0 
2011 4 1 1 0 0 0.25361 0 0.25361 7.50021e+006 6.6247e+006 0 0 0.0092044 0.0092044 0 0 1 0.409297 69034.9 28255.8 0 0 
2011 4 1 2 0 0 0.224318 0 0.224318 887069 794616 0 0 0.0122745 0.0122745 0 0 1 0.87187 10888.3 9493.2 0 0 
2011 4 1 3 0 0 0.224318 0 0.224318 162452 145521 0 0 0.0138509 0.0138509 0 0 1 0.94676 2250.1 2130.31 0 0 
2012 1 1 0 0 0 0.509197 0.00145719 0.510655 7.41143e+007 5.80395e+007 84574.3 147896 0.00849014 0.00849014 1255.66 1255.66 1 0 629241 0 0 0 
2012 1 1 1 0 0 0.431549 0.310223 0.741771 2.15642e+007 1.52255e+007 4.72329e+006 2.5277e+006 0.00866407 0.00866407 21900.2 21900.2 1 0.409297 186834 76470.5 0 0 
2012 1 1 2 0 0 0.34403 0.528887 0.872917 5.82012e+006 3.88224e+006 2.05327e+006 729427 0.0105978 0.0105978 7730.31 7730.31 1 0.87187 61680.5 53777.3 0 0 
2012 1 1 3 0 0 0.176187 0.454833 0.63102 838631 621911 282866 121665 0.0150296 0.0150296 1828.58 1828.58 1 0.94676 12604.3 11933.2 0 0 
2012 2 1 0 0 0 0.368348 0.0111532 0.379501 4.44762e+007 3.70103e+007 412784 187098 0.00719126 0.00719126 1345.47 1345.47 1 0 319840 0 0 0 
2012 2 1 1 0 0 0.23833 0.344597 0.582926 1.02704e+007 7.78282e+006 2.68193e+006 3.75623e+006 0.00866592 0.00866592 32551.2 32551.2 1 0.409297 89002.2 36428.3 0 0 
2012 2 1 2 0 0 0.19095 1.12712 1.31806 2.43125e+006 1.35086e+006 1.52257e+006 1.69025e+006 0.011949 0.011949 20196.8 20196.8 1 0.87187 29051 25328.7 0 0 
2012 2 1 3 0 0 0.178242 0.996135 1.17438 446193 262534 261519 281071 0.0152363 0.0152363 4282.49 4282.49 1 0.94676 6798.34 6436.4 0 0 
2012 3 1 0 0 0 0.218933 0.0242672 0.243201 3.04307e+007 2.70129e+007 655528 78240.3 0.0039855 0.0039855 311.827 311.827 1 0 121282 0 0 0 
2012 3 1 1 0 0 0.175767 0.145306 0.321073 5.73356e+006 4.9042e+006 712608 463743 0.00692114 0.00692114 3209.63 3209.63 1 0.409297 39682.8 16242 0 0 
2012 3 1 2 0 0 0.145276 0.318086 0.463362 650730 520788 165655 86910 0.0112522 0.0112522 977.933 977.933 1 0.87187 7322.17 6383.98 0 0 
2012 3 1 3 0 0 0.145276 0.643108 0.788383 137879 95387.5 61344.4 30156.6 0.014584 0.014584 439.805 439.805 1 0.94676 2010.83 1903.77 0 0 
2012 4 1 0 0 0 0.291783 0 0.291783 2.38612e+007 2.06953e+007 0 0 0.00472648 0.00472648 0 0 1 0 112779 0 0 0 
2012 4 1 1 0 0 0.225115 0 0.225115 4.15896e+006 3.72407e+006 0 0 0.0087466 0.0087466 0 0 1 0.409297 36376.7 14888.9 0 0 
2012 4 1 2 0 0 0.17962 0 0.17962 409417 374753 0 0 0.011664 0.011664 0 0 1 0.87187 4775.44 4163.56 0 0 
2012 4 1 3 0 0 0.17962 0 0.17962 62676.8 57370.2 0 0 0.013162 0.013162 0 0 1 0.94676 824.952 781.032 0 0 
2013 1 1 0 0 0 0.39911 0.00122964 0.400339 1.93667e+008 1.59595e+008 196245 10002.5 0.00611047 0.00611047 61.1198 61.1198 1 0 1.1834e+006 0 0 0 
2013 1 1 1 0 0 0.367119 0.261781 0.6289 1.78226e+007 1.32295e+007 3.46322e+006 1.97336e+006 0.0095783 0.0095783 18901.5 18901.5 1 0.409297 170711 69871.3 0 0 
2013 1 1 2 0 0 0.285316 0.446301 0.731616 3.32061e+006 2.35501e+006 1.05104e+006 411558 0.0120237 0.0120237 4948.47 4948.47 1 0.87187 39926.2 34810.4 0 0 
2013 1 1 3 0 0 0.149522 0.38381 0.533332 394476 305734 117344 72704.6 0.0150402 0.0150402 1093.49 1093.49 1 0.94676 5932.99 5617.12 0 0 
2013 2 1 0 0 0 0.271071 0.00941162 0.280483 1.29775e+008 1.13164e+008 1.06505e+006 462029 0.00430684 0.00430684 1989.88 1989.88 1 0 558920 0 0 0 
2013 2 1 1 0 0 0.208518 0.290787 0.499305 9.50264e+006 7.48038e+006 2.1752e+006 2.17697e+006 0.00970972 0.00970972 21137.8 21137.8 1 0.409297 92268 37765 0 0 
2013 2 1 2 0 0 0.163763 0.951115 1.11488 1.59765e+006 963057 915978 745578 0.0124183 0.0124183 9258.79 9258.79 1 0.87187 19840 17297.9 0 0 
2013 2 1 3 0 0 0.157688 0.840587 0.998274 231418 146390 123053 144434 0.0155616 0.0155616 2247.62 2247.62 1 0.94676 3601.22 3409.49 0 0 
2013 3 1 0 0 0 0.206458 0.0204779 0.226936 9.80344e+007 8.77064e+007 1.79604e+006 193678 0.0025976 0.0025976 503.1 503.1 1 0 254654 0 0 0 
2013 3 1 1 0 0 0.174999 0.122616 0.297615 5.76765e+006 4.98855e+006 611676 1553.69 0.00510353 0.00510353 7.92932 7.92932 1 0.409297 29435.4 12047.8 0 0 
2013 3 1 2 0 0 0.148285 0.268416 0.416702 523957 428497 115016 2446.72 0.00710195 0.00710195 17.3765 17.3765 1 0.87187 3721.12 3244.33 0 0 
2013 3 1 3 0 0 0.148285 0.542685 0.690971 85280.9 61576.5 33416.7 4794.06 0.00837077 0.00837077 40.13 40.13 1 0.94676 713.867 675.861 0 0 
2013 4 1 0 0 0 0.269965 0 0.269965 7.81306e+007 6.84727e+007 0 0 0.00218666 0.00218666 0 0 1 0 170845 0 0 0 
2013 4 1 1 0 0 0.220852 0 0.220852 4.28298e+006 3.84301e+006 0 0 0.00944896 0.00944896 0 0 1 0.409297 40469.7 16564.1 0 0 
2013 4 1 2 0 0 0.178284 0 0.178284 345402 316363 0 0 0.0127916 0.0127916 0 0 1 0.87187 4418.23 3852.12 0 0 
2013 4 1 3 0 0 0.178284 0 0.178284 42733.4 39140.7 0 0 0.0152721 0.0152721 0 0 1 0.94676 652.627 617.881 0 0 
2014 1 1 0 0 0 0.366997 0.000614079 0.367611 2.37522e+008 1.98756e+008 122052 2.64087e+006 0.00859201 0.00859201 22690.4 22690.4 1 0 2.04079e+006 0 0 0 
2014 1 1 1 0 0 0.335006 0.130732 0.465738 5.96454e+007 4.76828e+007 6.23368e+006 9.49901e+006 0.00856306 0.00856306 81340.6 81340.6 1 0.409297 510747 209047 0 0 
2014 1 1 2 0 0 0.245037 0.222881 0.467918 3.43425e+006 2.74271e+006 611296 627237 0.0103939 0.0103939 6519.42 6519.42 1 0.87187 35695.1 31121.5 0 0 
2014 1 1 3 0 0 0.139866 0.191673 0.331539 324755 276407 52979.8 105519 0.0168023 0.0168023 1772.95 1772.95 1 0.94676 5456.61 5166.1 0 0 
2014 2 1 0 0 0 0.2574 0.00470012 0.2621 1.64457e+008 1.44671e+008 679971 1.21508e+006 0.0070411 0.0070411 8555.5 8555.5 1 0 1.15796e+006 0 0 0 
2014 2 1 1 0 0 0.198342 0.145218 0.34356 3.74377e+007 3.1684e+007 4.60109e+006 4.04624e+006 0.00792253 0.00792253 32056.5 32056.5 1 0.409297 296602 121398 0 0 
2014 2 1 2 0 0 0.166907 0.474983 0.64189 2.15089e+006 1.58732e+006 753947 323320 0.0115736 0.0115736 3741.99 3741.99 1 0.87187 24893.6 21704 0 0 
2014 2 1 3 0 0 0.153553 0.419785 0.573338 233115 177420 74478.4 92685 0.0138705 0.0138705 1285.59 1285.59 1 0.94676 3233.41 3061.27 0 0 
2014 3 1 0 0 0 0.211477 0.0102266 0.221704 1.26539e+008 1.13493e+008 1.16065e+006 1.75594e+006 0.00530595 0.00530595 9316.95 9316.95 1 0 671409 0 0 0 
2014 3 1 1 0 0 0.180861 0.0612338 0.242094 2.65524e+007 2.35827e+007 1.44406e+006 2.49688e+006 0.00828295 0.00828295 20681.6 20681.6 1 0.409297 219932 90017.5 0 0 
2014 3 1 2 0 0 0.153405 0.134046 0.287451 1.13201e+006 983838 131879 177328 0.0115521 0.0115521 2048.51 2048.51 1 0.87187 13077 11401.5 0 0 
2014 3 1 3 0 0 0.153405 0.271015 0.42442 131393 107069 29017.4 21685.2 0.0118834 0.0118834 257.693 257.693 1 0.94676 1561.39 1478.26 0 0 
2014 4 1 0 0 0 0.271934 0 0.271934 1.01377e+008 8.87619e+007 0 0 0.00650406 0.00650406 0 0 1 0 659362 0 0 0 
2014 4 1 1 0 0 0.227089 0 0.227089 2.08432e+007 1.86459e+007 0 0 0.00986695 0.00986695 0 0 1 0.409297 205658 84175.3 0 0 
2014 4 1 2 0 0 0.183693 0 0.183693 849200 775768 0 0 0.0101343 0.0101343 0 0 1 0.87187 8606.04 7503.35 0 0 
2014 4 1 3 0 0 0.183693 0 0.183693 85950.6 78518.3 0 0 0.0115319 0.0115319 0 0 1 0.94676 991.174 938.404 0 0 
2015 1 1 0 0 0 0.365098 0.0011589 0.366257 9.8715e+007 8.26563e+007 95790.1 1.68264e+006 0.00760931 0.00760931 12803.7 12803.7 1 0 751152 0 0 0 
2015 1 1 1 0 0 0.339272 0.246719 0.585991 7.72395e+007 5.84507e+007 1.44209e+007 1.29478e+007 0.0081576 0.0081576 105623 105623 1 0.409297 630090 257894 0 0 
2015 1 1 2 0 0 0.249068 0.420623 0.669691 1.66089e+007 1.21061e+007 5.0921e+006 2.92687e+006 0.0104274 0.0104274 30519.6 30519.6 1 0.87187 173187 150997 0 0 
2015 1 1 3 0 0 0.139477 0.361727 0.501205 778224 612077 221405 161595 0.0149709 0.0149709 2419.22 2419.22 1 0.94676 11650.7 11030.4 0 0 
2015 2 1 0 0 0 0.237086 0.00887012 0.245956 6.84416e+007 6.06744e+007 538189 615375 0.00717827 0.00717827 4417.33 4417.33 1 0 491292 0 0 0 
2015 2 1 1 0 0 0.193542 0.274057 0.467599 4.2988e+007 3.43367e+007 9.4102e+006 1.08621e+007 0.00877419 0.00877419 95305.9 95305.9 1 0.409297 377184 154380 0 0 
2015 2 1 2 0 0 0.163729 0.896392 1.06012 8.50153e+006 5.24136e+006 4.69832e+006 1.63243e+006 0.010944 0.010944 17865.3 17865.3 1 0.87187 93040.9 81119.5 0 0 
2015 2 1 3 0 0 0.14918 0.792223 0.941403 471449 305444 241980 226924 0.0154799 0.0154799 3512.76 3512.76 1 0.94676 7297.99 6909.45 0 0 
2015 3 1 0 0 0 0.21229 0.0192997 0.231589 5.35183e+007 4.77731e+007 922004 374504 0.00381443 0.00381443 1428.52 1428.52 1 0 204142 0 0 0 
2015 3 1 1 0 0 0.177209 0.115561 0.29277 2.69322e+007 2.33479e+007 2.6981e+006 1.92603e+006 0.00783325 0.00783325 15087.1 15087.1 1 0.409297 210966 86347.9 0 0 
2015 3 1 2 0 0 0.148989 0.252973 0.401962 2.94505e+006 2.42509e+006 613481 733105 0.0107331 0.0107331 7868.52 7868.52 1 0.87187 31609.6 27559.5 0 0 
2015 3 1 3 0 0 0.148989 0.511462 0.66045 183903 134598 68841.6 90222.5 0.015252 0.015252 1376.07 1376.07 1 0.94676 2804.88 2655.55 0 0 
2015 4 1 0 0 0 0.277894 0 0.277894 4.24546e+007 3.70661e+007 0 0 0.00441469 0.00441469 0 0 1 0 187424 0 0 0 
2015 4 1 1 0 0 0.224352 0 0.224352 2.00966e+007 1.80018e+007 0 0 0.00816961 0.00816961 0 0 1 0.409297 164182 67199 0 0 
2015 4 1 2 0 0 0.180532 0 0.180532 1.97026e+006 1.80264e+006 0 0 0.0108946 0.0108946 0 0 1 0.87187 21465.1 18714.7 0 0 
2015 4 1 3 0 0 0.180532 0 0.180532 95007.5 86925.2 0 0 0.0122937 0.0122937 0 0 1 0.94676 1168 1105.81 0 0 
2016 1 1 0 0 0  -1 -1 -1 0  -1  -1  -1 0.00760931  -1 -1 -1 -1  -1 0 0 0 0 
2016 1 1 1 0 0  -1 -1 -1 3.21541e+007  -1  -1  -1 0.0081576  -1 -1 -1 -1  -1 262301 107359 0 0 
2016 1 1 2 0 0  -1 -1 -1 1.60579e+007  -1  -1  -1 0.0104274  -1 -1 -1 -1  -1 167442 145987 0 0 
2016 1 1 3 0 0  -1 -1 -1 1.72413e+006  -1  -1  -1 0.0149709  -1 -1 -1 -1  -1 25811.8 24437.6 0 0 
